INST 2c279277dc35f88b 2016-03-28T23:21:43.200Z {"type":"start"}
INST 2c279277dc35f88b 2016-03-28T23:21:44.300Z {"type":"select","target_tagname":"menulist","target_id":"proxyType","value":""}
INST 2c279277dc35f88b 2016-03-28T23:21:44.300Z {"type":"wizardnext","target_tagname":"wizard","target_id":"TorNetworkSettings"}
INST 2c279277dc35f88b 2016-03-28T23:21:44.300Z {"type":"pageshow","target_tagname":"wizardpage","target_id":"first"}
INST 2c279277dc35f88b 2016-03-28T23:21:44.400Z {"type":"load","target_id":"configuration"}
INST 2c279277dc35f88b 2016-03-28T23:21:44.400Z {"type":"select","target_tagname":"menulist","target_id":"defaultBridgeType","value":"obfs3"}
INST 2c279277dc35f88b 2016-03-28T23:21:46.900Z {"type":"click","target_tagname":"button","target_id":"connect_button","detail":1}
INST 2c279277dc35f88b 2016-03-28T23:21:47.000Z {"type":"pagehide","target_tagname":"wizardpage","target_id":"first"}
INST 2c279277dc35f88b 2016-03-28T23:21:47.000Z {"type":"pageadvanced","target_tagname":"wizardpage","target_id":"first"}
INST 2c279277dc35f88b 2016-03-28T23:21:47.000Z {"type":"wizardnext","target_tagname":"wizard","target_id":"TorNetworkSettings"}
INST 2c279277dc35f88b 2016-03-28T23:21:47.000Z {"type":"pageshow","target_tagname":"wizardpage","target_id":"inlineprogress"}
INST 2c279277dc35f88b 2016-03-28T23:21:47.000Z {"type":"command","target_tagname":"button","target_id":"connect_button"}
INST 2c279277dc35f88b 2016-03-28T23:21:47.800Z {"type":"progresschanged","target_tagname":"progressmeter","target_id":"progressMeter","value":5}
INST 2c279277dc35f88b 2016-03-28T23:21:47.800Z {"type":"good","target_tagname":"image","target_id":"progressbar","configurationSettings":"nobridge-noproxy","number":1}
INST 2c279277dc35f88b 2016-03-28T23:21:47.900Z {"type":"progresschanged","target_tagname":"progressmeter","target_id":"progressMeter","value":10}
INST 2c279277dc35f88b 2016-03-28T23:21:47.900Z {"type":"good","target_tagname":"image","target_id":"progressbar","configurationSettings":"nobridge-noproxy","number":1}
INST 2c279277dc35f88b 2016-03-28T23:21:48.500Z {"type":"progresschanged","target_tagname":"progressmeter","target_id":"progressMeter","value":15}
INST 2c279277dc35f88b 2016-03-28T23:21:48.500Z {"type":"good","target_tagname":"image","target_id":"progressbar","configurationSettings":"nobridge-noproxy","number":1}
INST 2c279277dc35f88b 2016-03-28T23:21:48.700Z {"type":"progresschanged","target_tagname":"progressmeter","target_id":"progressMeter","value":20}
INST 2c279277dc35f88b 2016-03-28T23:21:48.700Z {"type":"good","target_tagname":"image","target_id":"progressbar","configurationSettings":"nobridge-noproxy","number":1}
INST 2c279277dc35f88b 2016-03-28T23:21:48.900Z {"type":"progresschanged","target_tagname":"progressmeter","target_id":"progressMeter","value":25}
INST 2c279277dc35f88b 2016-03-28T23:21:48.900Z {"type":"good","target_tagname":"image","target_id":"progressbar","configurationSettings":"nobridge-noproxy","number":2}
INST 2c279277dc35f88b 2016-03-28T23:21:51.300Z {"type":"progresschanged","target_tagname":"progressmeter","target_id":"progressMeter","value":40}
INST 2c279277dc35f88b 2016-03-28T23:21:51.300Z {"type":"good","target_tagname":"image","target_id":"progressbar","configurationSettings":"nobridge-noproxy","number":2}
INST 2c279277dc35f88b 2016-03-28T23:21:51.900Z {"type":"progresschanged","target_tagname":"progressmeter","target_id":"progressMeter","value":45}
INST 2c279277dc35f88b 2016-03-28T23:21:51.900Z {"type":"good","target_tagname":"image","target_id":"progressbar","configurationSettings":"nobridge-noproxy","number":2}
INST 2c279277dc35f88b 2016-03-28T23:21:52.400Z {"type":"progresschanged","target_tagname":"progressmeter","target_id":"progressMeter","value":50}
INST 2c279277dc35f88b 2016-03-28T23:21:52.400Z {"type":"good","target_tagname":"image","target_id":"progressbar","configurationSettings":"nobridge-noproxy","number":2}
INST 2c279277dc35f88b 2016-03-28T23:21:53.700Z {"type":"progresschanged","target_tagname":"progressmeter","target_id":"progressMeter","value":51}
INST 2c279277dc35f88b 2016-03-28T23:21:53.700Z {"type":"good","target_tagname":"image","target_id":"progressbar","configurationSettings":"nobridge-noproxy","number":2}
INST 2c279277dc35f88b 2016-03-28T23:21:53.800Z {"type":"progresschanged","target_tagname":"progressmeter","target_id":"progressMeter","value":52}
INST 2c279277dc35f88b 2016-03-28T23:21:53.800Z {"type":"good","target_tagname":"image","target_id":"progressbar","configurationSettings":"nobridge-noproxy","number":2}
INST 2c279277dc35f88b 2016-03-28T23:21:53.900Z {"type":"progresschanged","target_tagname":"progressmeter","target_id":"progressMeter","value":54}
INST 2c279277dc35f88b 2016-03-28T23:21:53.900Z {"type":"good","target_tagname":"image","target_id":"progressbar","configurationSettings":"nobridge-noproxy","number":2}
INST 2c279277dc35f88b 2016-03-28T23:21:54.000Z {"type":"progresschanged","target_tagname":"progressmeter","target_id":"progressMeter","value":56}
INST 2c279277dc35f88b 2016-03-28T23:21:54.000Z {"type":"good","target_tagname":"image","target_id":"progressbar","configurationSettings":"nobridge-noproxy","number":2}
INST 2c279277dc35f88b 2016-03-28T23:21:54.400Z {"type":"progresschanged","target_tagname":"progressmeter","target_id":"progressMeter","value":59}
INST 2c279277dc35f88b 2016-03-28T23:21:54.400Z {"type":"good","target_tagname":"image","target_id":"progressbar","configurationSettings":"nobridge-noproxy","number":2}
INST 2c279277dc35f88b 2016-03-28T23:21:54.500Z {"type":"progresschanged","target_tagname":"progressmeter","target_id":"progressMeter","value":63}
INST 2c279277dc35f88b 2016-03-28T23:21:54.500Z {"type":"good","target_tagname":"image","target_id":"progressbar","configurationSettings":"nobridge-noproxy","number":2}
INST 2c279277dc35f88b 2016-03-28T23:21:55.000Z {"type":"progresschanged","target_tagname":"progressmeter","target_id":"progressMeter","value":67}
INST 2c279277dc35f88b 2016-03-28T23:21:55.000Z {"type":"good","target_tagname":"image","target_id":"progressbar","configurationSettings":"nobridge-noproxy","number":2}
INST 2c279277dc35f88b 2016-03-28T23:21:55.400Z {"type":"progresschanged","target_tagname":"progressmeter","target_id":"progressMeter","value":74}
INST 2c279277dc35f88b 2016-03-28T23:21:55.400Z {"type":"good","target_tagname":"image","target_id":"progressbar","configurationSettings":"nobridge-noproxy","number":2}
INST 2c279277dc35f88b 2016-03-28T23:21:55.800Z {"type":"progresschanged","target_tagname":"progressmeter","target_id":"progressMeter","value":80}
INST 2c279277dc35f88b 2016-03-28T23:21:55.800Z {"type":"good","target_tagname":"image","target_id":"progressbar","configurationSettings":"nobridge-noproxy","number":2}
INST 2c279277dc35f88b 2016-03-28T23:21:55.800Z {"type":"progresschanged","target_tagname":"progressmeter","target_id":"progressMeter","value":90}
INST 2c279277dc35f88b 2016-03-28T23:21:55.800Z {"type":"good","target_tagname":"image","target_id":"progressbar","configurationSettings":"nobridge-noproxy","number":2}
INST 2c279277dc35f88b 2016-03-28T23:21:56.400Z {"type":"progresschanged","target_tagname":"progressmeter","target_id":"progressMeter","value":100}
INST 2c279277dc35f88b 2016-03-28T23:21:56.400Z {"type":"good","target_tagname":"image","target_id":"progressbar","configurationSettings":"nobridge-noproxy","number":3}
INST 2c279277dc35f88b 2016-03-28T23:21:56.700Z {"type":"unload","target_id":"configuration"}
