INST 2b8db89fd7b12e2e 2016-03-28T21:19:03.900Z {"type":"start"}
INST 2b8db89fd7b12e2e 2016-03-28T21:19:05.400Z {"type":"select","target_tagname":"menulist","target_id":"proxyType","value":""}
INST 2b8db89fd7b12e2e 2016-03-28T21:19:05.400Z {"type":"wizardnext","target_tagname":"wizard","target_id":"TorNetworkSettings"}
INST 2b8db89fd7b12e2e 2016-03-28T21:19:05.400Z {"type":"pageshow","target_tagname":"wizardpage","target_id":"first"}
INST 2b8db89fd7b12e2e 2016-03-28T21:19:05.500Z {"type":"load","target_id":"configuration"}
INST 2b8db89fd7b12e2e 2016-03-28T21:19:05.500Z {"type":"select","target_tagname":"menulist","target_id":"defaultBridgeType","value":"obfs3"}
INST 2b8db89fd7b12e2e 2016-03-28T21:19:10.300Z {"type":"click","target_tagname":"button","target_id":"connect_button","detail":1}
INST 2b8db89fd7b12e2e 2016-03-28T21:19:10.300Z {"type":"pagehide","target_tagname":"wizardpage","target_id":"first"}
INST 2b8db89fd7b12e2e 2016-03-28T21:19:10.300Z {"type":"pageadvanced","target_tagname":"wizardpage","target_id":"first"}
INST 2b8db89fd7b12e2e 2016-03-28T21:19:10.300Z {"type":"wizardnext","target_tagname":"wizard","target_id":"TorNetworkSettings"}
INST 2b8db89fd7b12e2e 2016-03-28T21:19:10.300Z {"type":"pageshow","target_tagname":"wizardpage","target_id":"inlineprogress"}
INST 2b8db89fd7b12e2e 2016-03-28T21:19:10.300Z {"type":"command","target_tagname":"button","target_id":"connect_button"}
INST 2b8db89fd7b12e2e 2016-03-28T21:19:10.800Z {"type":"progresschanged","target_tagname":"progressmeter","target_id":"progressMeter","value":5}
INST 2b8db89fd7b12e2e 2016-03-28T21:19:10.800Z {"type":"good","target_tagname":"image","target_id":"progressbar","configurationSettings":"nobridge-noproxy","number":1}
INST 2b8db89fd7b12e2e 2016-03-28T21:19:10.900Z {"type":"progresschanged","target_tagname":"progressmeter","target_id":"progressMeter","value":10}
INST 2b8db89fd7b12e2e 2016-03-28T21:19:10.900Z {"type":"good","target_tagname":"image","target_id":"progressbar","configurationSettings":"nobridge-noproxy","number":1}
INST 2b8db89fd7b12e2e 2016-03-28T21:19:11.200Z {"type":"progresschanged","target_tagname":"progressmeter","target_id":"progressMeter","value":15}
INST 2b8db89fd7b12e2e 2016-03-28T21:19:11.200Z {"type":"good","target_tagname":"image","target_id":"progressbar","configurationSettings":"nobridge-noproxy","number":1}
INST 2b8db89fd7b12e2e 2016-03-28T21:19:11.300Z {"type":"progresschanged","target_tagname":"progressmeter","target_id":"progressMeter","value":20}
INST 2b8db89fd7b12e2e 2016-03-28T21:19:11.300Z {"type":"good","target_tagname":"image","target_id":"progressbar","configurationSettings":"nobridge-noproxy","number":1}
INST 2b8db89fd7b12e2e 2016-03-28T21:19:11.400Z {"type":"progresschanged","target_tagname":"progressmeter","target_id":"progressMeter","value":25}
INST 2b8db89fd7b12e2e 2016-03-28T21:19:11.400Z {"type":"good","target_tagname":"image","target_id":"progressbar","configurationSettings":"nobridge-noproxy","number":2}
INST 2b8db89fd7b12e2e 2016-03-28T21:19:13.600Z {"type":"progresschanged","target_tagname":"progressmeter","target_id":"progressMeter","value":40}
INST 2b8db89fd7b12e2e 2016-03-28T21:19:13.600Z {"type":"good","target_tagname":"image","target_id":"progressbar","configurationSettings":"nobridge-noproxy","number":2}
INST 2b8db89fd7b12e2e 2016-03-28T21:19:14.500Z {"type":"progresschanged","target_tagname":"progressmeter","target_id":"progressMeter","value":45}
INST 2b8db89fd7b12e2e 2016-03-28T21:19:14.500Z {"type":"good","target_tagname":"image","target_id":"progressbar","configurationSettings":"nobridge-noproxy","number":2}
INST 2b8db89fd7b12e2e 2016-03-28T21:19:14.500Z {"type":"progresschanged","target_tagname":"progressmeter","target_id":"progressMeter","value":50}
INST 2b8db89fd7b12e2e 2016-03-28T21:19:14.500Z {"type":"good","target_tagname":"image","target_id":"progressbar","configurationSettings":"nobridge-noproxy","number":2}
INST 2b8db89fd7b12e2e 2016-03-28T21:19:16.800Z {"type":"progresschanged","target_tagname":"progressmeter","target_id":"progressMeter","value":51}
INST 2b8db89fd7b12e2e 2016-03-28T21:19:16.800Z {"type":"good","target_tagname":"image","target_id":"progressbar","configurationSettings":"nobridge-noproxy","number":2}
INST 2b8db89fd7b12e2e 2016-03-28T21:19:17.000Z {"type":"progresschanged","target_tagname":"progressmeter","target_id":"progressMeter","value":52}
INST 2b8db89fd7b12e2e 2016-03-28T21:19:17.000Z {"type":"good","target_tagname":"image","target_id":"progressbar","configurationSettings":"nobridge-noproxy","number":2}
INST 2b8db89fd7b12e2e 2016-03-28T21:19:17.100Z {"type":"progresschanged","target_tagname":"progressmeter","target_id":"progressMeter","value":54}
INST 2b8db89fd7b12e2e 2016-03-28T21:19:17.100Z {"type":"good","target_tagname":"image","target_id":"progressbar","configurationSettings":"nobridge-noproxy","number":2}
INST 2b8db89fd7b12e2e 2016-03-28T21:19:17.200Z {"type":"progresschanged","target_tagname":"progressmeter","target_id":"progressMeter","value":56}
INST 2b8db89fd7b12e2e 2016-03-28T21:19:17.200Z {"type":"good","target_tagname":"image","target_id":"progressbar","configurationSettings":"nobridge-noproxy","number":2}
INST 2b8db89fd7b12e2e 2016-03-28T21:19:17.500Z {"type":"progresschanged","target_tagname":"progressmeter","target_id":"progressMeter","value":59}
INST 2b8db89fd7b12e2e 2016-03-28T21:19:17.500Z {"type":"good","target_tagname":"image","target_id":"progressbar","configurationSettings":"nobridge-noproxy","number":2}
INST 2b8db89fd7b12e2e 2016-03-28T21:19:17.500Z {"type":"progresschanged","target_tagname":"progressmeter","target_id":"progressMeter","value":62}
INST 2b8db89fd7b12e2e 2016-03-28T21:19:17.500Z {"type":"good","target_tagname":"image","target_id":"progressbar","configurationSettings":"nobridge-noproxy","number":2}
INST 2b8db89fd7b12e2e 2016-03-28T21:19:18.000Z {"type":"progresschanged","target_tagname":"progressmeter","target_id":"progressMeter","value":66}
INST 2b8db89fd7b12e2e 2016-03-28T21:19:18.000Z {"type":"good","target_tagname":"image","target_id":"progressbar","configurationSettings":"nobridge-noproxy","number":2}
INST 2b8db89fd7b12e2e 2016-03-28T21:19:18.100Z {"type":"progresschanged","target_tagname":"progressmeter","target_id":"progressMeter","value":72}
INST 2b8db89fd7b12e2e 2016-03-28T21:19:18.100Z {"type":"good","target_tagname":"image","target_id":"progressbar","configurationSettings":"nobridge-noproxy","number":2}
INST 2b8db89fd7b12e2e 2016-03-28T21:19:19.700Z {"type":"progresschanged","target_tagname":"progressmeter","target_id":"progressMeter","value":78}
INST 2b8db89fd7b12e2e 2016-03-28T21:19:19.700Z {"type":"good","target_tagname":"image","target_id":"progressbar","configurationSettings":"nobridge-noproxy","number":2}
INST 2b8db89fd7b12e2e 2016-03-28T21:19:19.900Z {"type":"progresschanged","target_tagname":"progressmeter","target_id":"progressMeter","value":80}
INST 2b8db89fd7b12e2e 2016-03-28T21:19:19.900Z {"type":"good","target_tagname":"image","target_id":"progressbar","configurationSettings":"nobridge-noproxy","number":2}
INST 2b8db89fd7b12e2e 2016-03-28T21:19:19.900Z {"type":"progresschanged","target_tagname":"progressmeter","target_id":"progressMeter","value":90}
INST 2b8db89fd7b12e2e 2016-03-28T21:19:19.900Z {"type":"good","target_tagname":"image","target_id":"progressbar","configurationSettings":"nobridge-noproxy","number":2}
INST 2b8db89fd7b12e2e 2016-03-28T21:19:20.800Z {"type":"progresschanged","target_tagname":"progressmeter","target_id":"progressMeter","value":100}
INST 2b8db89fd7b12e2e 2016-03-28T21:19:20.800Z {"type":"good","target_tagname":"image","target_id":"progressbar","configurationSettings":"nobridge-noproxy","number":3}
INST 2b8db89fd7b12e2e 2016-03-28T21:19:21.100Z {"type":"unload","target_id":"configuration"}
