INST 0fd353805259a5ec 2016-03-25T21:17:41.400Z {"type":"start"}
INST 0fd353805259a5ec 2016-03-25T21:17:42.900Z {"type":"select","target_tagname":"menulist","target_id":"proxyType","value":""}
INST 0fd353805259a5ec 2016-03-25T21:17:42.900Z {"type":"wizardnext","target_tagname":"wizard","target_id":"TorNetworkSettings"}
INST 0fd353805259a5ec 2016-03-25T21:17:42.900Z {"type":"pageshow","target_tagname":"wizardpage","target_id":"first"}
INST 0fd353805259a5ec 2016-03-25T21:17:42.900Z {"type":"load","target_id":"configuration"}
INST 0fd353805259a5ec 2016-03-25T21:17:42.900Z {"type":"select","target_tagname":"menulist","target_id":"defaultBridgeType","value":"obfs3"}
INST 0fd353805259a5ec 2016-03-25T21:17:50.900Z {"type":"click","target_tagname":"button","target_id":"connect_button","detail":1}
INST 0fd353805259a5ec 2016-03-25T21:17:51.000Z {"type":"pagehide","target_tagname":"wizardpage","target_id":"first"}
INST 0fd353805259a5ec 2016-03-25T21:17:51.000Z {"type":"pageadvanced","target_tagname":"wizardpage","target_id":"first"}
INST 0fd353805259a5ec 2016-03-25T21:17:51.000Z {"type":"wizardnext","target_tagname":"wizard","target_id":"TorNetworkSettings"}
INST 0fd353805259a5ec 2016-03-25T21:17:51.000Z {"type":"pageshow","target_tagname":"wizardpage","target_id":"inlineprogress"}
INST 0fd353805259a5ec 2016-03-25T21:17:51.000Z {"type":"command","target_tagname":"button","target_id":"connect_button"}
INST 0fd353805259a5ec 2016-03-25T21:17:51.200Z {"type":"progresschanged","target_tagname":"progressmeter","target_id":"progressMeter","value":5}
INST 0fd353805259a5ec 2016-03-25T21:17:51.200Z {"type":"good","target_tagname":"image","target_id":"progressbar","configurationSettings":"nobridge-noproxy","number":1}
INST 0fd353805259a5ec 2016-03-25T21:17:51.300Z {"type":"progresschanged","target_tagname":"progressmeter","target_id":"progressMeter","value":10}
INST 0fd353805259a5ec 2016-03-25T21:17:51.300Z {"type":"good","target_tagname":"image","target_id":"progressbar","configurationSettings":"nobridge-noproxy","number":1}
INST 0fd353805259a5ec 2016-03-25T21:17:51.900Z {"type":"progresschanged","target_tagname":"progressmeter","target_id":"progressMeter","value":15}
INST 0fd353805259a5ec 2016-03-25T21:17:51.900Z {"type":"good","target_tagname":"image","target_id":"progressbar","configurationSettings":"nobridge-noproxy","number":1}
INST 0fd353805259a5ec 2016-03-25T21:17:52.100Z {"type":"progresschanged","target_tagname":"progressmeter","target_id":"progressMeter","value":20}
INST 0fd353805259a5ec 2016-03-25T21:17:52.100Z {"type":"good","target_tagname":"image","target_id":"progressbar","configurationSettings":"nobridge-noproxy","number":1}
INST 0fd353805259a5ec 2016-03-25T21:17:52.300Z {"type":"progresschanged","target_tagname":"progressmeter","target_id":"progressMeter","value":25}
INST 0fd353805259a5ec 2016-03-25T21:17:52.300Z {"type":"good","target_tagname":"image","target_id":"progressbar","configurationSettings":"nobridge-noproxy","number":2}
INST 0fd353805259a5ec 2016-03-25T21:17:54.600Z {"type":"progresschanged","target_tagname":"progressmeter","target_id":"progressMeter","value":40}
INST 0fd353805259a5ec 2016-03-25T21:17:54.600Z {"type":"good","target_tagname":"image","target_id":"progressbar","configurationSettings":"nobridge-noproxy","number":2}
INST 0fd353805259a5ec 2016-03-25T21:17:54.800Z {"type":"progresschanged","target_tagname":"progressmeter","target_id":"progressMeter","value":45}
INST 0fd353805259a5ec 2016-03-25T21:17:54.800Z {"type":"good","target_tagname":"image","target_id":"progressbar","configurationSettings":"nobridge-noproxy","number":2}
INST 0fd353805259a5ec 2016-03-25T21:17:55.800Z {"type":"progresschanged","target_tagname":"progressmeter","target_id":"progressMeter","value":50}
INST 0fd353805259a5ec 2016-03-25T21:17:55.800Z {"type":"good","target_tagname":"image","target_id":"progressbar","configurationSettings":"nobridge-noproxy","number":2}
INST 0fd353805259a5ec 2016-03-25T21:17:57.000Z {"type":"progresschanged","target_tagname":"progressmeter","target_id":"progressMeter","value":51}
INST 0fd353805259a5ec 2016-03-25T21:17:57.000Z {"type":"good","target_tagname":"image","target_id":"progressbar","configurationSettings":"nobridge-noproxy","number":2}
INST 0fd353805259a5ec 2016-03-25T21:17:57.200Z {"type":"progresschanged","target_tagname":"progressmeter","target_id":"progressMeter","value":52}
INST 0fd353805259a5ec 2016-03-25T21:17:57.200Z {"type":"good","target_tagname":"image","target_id":"progressbar","configurationSettings":"nobridge-noproxy","number":2}
INST 0fd353805259a5ec 2016-03-25T21:17:57.300Z {"type":"progresschanged","target_tagname":"progressmeter","target_id":"progressMeter","value":53}
INST 0fd353805259a5ec 2016-03-25T21:17:57.300Z {"type":"good","target_tagname":"image","target_id":"progressbar","configurationSettings":"nobridge-noproxy","number":2}
INST 0fd353805259a5ec 2016-03-25T21:17:57.400Z {"type":"progresschanged","target_tagname":"progressmeter","target_id":"progressMeter","value":55}
INST 0fd353805259a5ec 2016-03-25T21:17:57.400Z {"type":"good","target_tagname":"image","target_id":"progressbar","configurationSettings":"nobridge-noproxy","number":2}
INST 0fd353805259a5ec 2016-03-25T21:17:57.400Z {"type":"progresschanged","target_tagname":"progressmeter","target_id":"progressMeter","value":58}
INST 0fd353805259a5ec 2016-03-25T21:17:57.400Z {"type":"good","target_tagname":"image","target_id":"progressbar","configurationSettings":"nobridge-noproxy","number":2}
INST 0fd353805259a5ec 2016-03-25T21:17:57.400Z {"type":"progresschanged","target_tagname":"progressmeter","target_id":"progressMeter","value":59}
INST 0fd353805259a5ec 2016-03-25T21:17:57.400Z {"type":"good","target_tagname":"image","target_id":"progressbar","configurationSettings":"nobridge-noproxy","number":2}
INST 0fd353805259a5ec 2016-03-25T21:17:57.900Z {"type":"progresschanged","target_tagname":"progressmeter","target_id":"progressMeter","value":62}
INST 0fd353805259a5ec 2016-03-25T21:17:57.900Z {"type":"good","target_tagname":"image","target_id":"progressbar","configurationSettings":"nobridge-noproxy","number":2}
INST 0fd353805259a5ec 2016-03-25T21:17:58.200Z {"type":"progresschanged","target_tagname":"progressmeter","target_id":"progressMeter","value":67}
INST 0fd353805259a5ec 2016-03-25T21:17:58.200Z {"type":"good","target_tagname":"image","target_id":"progressbar","configurationSettings":"nobridge-noproxy","number":2}
INST 0fd353805259a5ec 2016-03-25T21:18:00.500Z {"type":"progresschanged","target_tagname":"progressmeter","target_id":"progressMeter","value":73}
INST 0fd353805259a5ec 2016-03-25T21:18:00.500Z {"type":"good","target_tagname":"image","target_id":"progressbar","configurationSettings":"nobridge-noproxy","number":2}
INST 0fd353805259a5ec 2016-03-25T21:18:01.200Z {"type":"progresschanged","target_tagname":"progressmeter","target_id":"progressMeter","value":80}
INST 0fd353805259a5ec 2016-03-25T21:18:01.200Z {"type":"good","target_tagname":"image","target_id":"progressbar","configurationSettings":"nobridge-noproxy","number":2}
INST 0fd353805259a5ec 2016-03-25T21:18:01.200Z {"type":"progresschanged","target_tagname":"progressmeter","target_id":"progressMeter","value":90}
INST 0fd353805259a5ec 2016-03-25T21:18:01.200Z {"type":"good","target_tagname":"image","target_id":"progressbar","configurationSettings":"nobridge-noproxy","number":2}
INST 0fd353805259a5ec 2016-03-25T21:18:01.800Z {"type":"progresschanged","target_tagname":"progressmeter","target_id":"progressMeter","value":100}
INST 0fd353805259a5ec 2016-03-25T21:18:01.800Z {"type":"good","target_tagname":"image","target_id":"progressbar","configurationSettings":"nobridge-noproxy","number":3}
INST 0fd353805259a5ec 2016-03-25T21:18:02.100Z {"type":"unload","target_id":"configuration"}
