INST 7d16b7cf1e411efc 2016-03-28T23:21:27.100Z {"type":"start"}
INST 7d16b7cf1e411efc 2016-03-28T23:21:28.200Z {"type":"select","target_tagname":"menulist","target_id":"proxyType","value":""}
INST 7d16b7cf1e411efc 2016-03-28T23:21:28.200Z {"type":"wizardnext","target_tagname":"wizard","target_id":"TorNetworkSettings"}
INST 7d16b7cf1e411efc 2016-03-28T23:21:28.200Z {"type":"pageshow","target_tagname":"wizardpage","target_id":"first"}
INST 7d16b7cf1e411efc 2016-03-28T23:21:28.200Z {"type":"load","target_id":"configuration"}
INST 7d16b7cf1e411efc 2016-03-28T23:21:28.200Z {"type":"select","target_tagname":"menulist","target_id":"defaultBridgeType","value":"obfs3"}
INST 7d16b7cf1e411efc 2016-03-28T23:21:36.200Z {"type":"click","target_tagname":"button","target_id":"connect_button","detail":1}
INST 7d16b7cf1e411efc 2016-03-28T23:21:36.300Z {"type":"pagehide","target_tagname":"wizardpage","target_id":"first"}
INST 7d16b7cf1e411efc 2016-03-28T23:21:36.300Z {"type":"pageadvanced","target_tagname":"wizardpage","target_id":"first"}
INST 7d16b7cf1e411efc 2016-03-28T23:21:36.300Z {"type":"wizardnext","target_tagname":"wizard","target_id":"TorNetworkSettings"}
INST 7d16b7cf1e411efc 2016-03-28T23:21:36.300Z {"type":"pageshow","target_tagname":"wizardpage","target_id":"inlineprogress"}
INST 7d16b7cf1e411efc 2016-03-28T23:21:36.300Z {"type":"command","target_tagname":"button","target_id":"connect_button"}
INST 7d16b7cf1e411efc 2016-03-28T23:21:36.700Z {"type":"progresschanged","target_tagname":"progressmeter","target_id":"progressMeter","value":5}
INST 7d16b7cf1e411efc 2016-03-28T23:21:36.700Z {"type":"good","target_tagname":"image","target_id":"progressbar","configurationSettings":"nobridge-noproxy","number":1}
INST 7d16b7cf1e411efc 2016-03-28T23:21:36.700Z {"type":"progresschanged","target_tagname":"progressmeter","target_id":"progressMeter","value":10}
INST 7d16b7cf1e411efc 2016-03-28T23:21:36.800Z {"type":"good","target_tagname":"image","target_id":"progressbar","configurationSettings":"nobridge-noproxy","number":1}
INST 7d16b7cf1e411efc 2016-03-28T23:21:36.900Z {"type":"progresschanged","target_tagname":"progressmeter","target_id":"progressMeter","value":15}
INST 7d16b7cf1e411efc 2016-03-28T23:21:36.900Z {"type":"good","target_tagname":"image","target_id":"progressbar","configurationSettings":"nobridge-noproxy","number":1}
INST 7d16b7cf1e411efc 2016-03-28T23:21:37.000Z {"type":"progresschanged","target_tagname":"progressmeter","target_id":"progressMeter","value":20}
INST 7d16b7cf1e411efc 2016-03-28T23:21:37.000Z {"type":"good","target_tagname":"image","target_id":"progressbar","configurationSettings":"nobridge-noproxy","number":1}
INST 7d16b7cf1e411efc 2016-03-28T23:21:37.000Z {"type":"progresschanged","target_tagname":"progressmeter","target_id":"progressMeter","value":25}
INST 7d16b7cf1e411efc 2016-03-28T23:21:37.000Z {"type":"good","target_tagname":"image","target_id":"progressbar","configurationSettings":"nobridge-noproxy","number":2}
INST 7d16b7cf1e411efc 2016-03-28T23:21:39.000Z {"type":"progresschanged","target_tagname":"progressmeter","target_id":"progressMeter","value":40}
INST 7d16b7cf1e411efc 2016-03-28T23:21:39.000Z {"type":"good","target_tagname":"image","target_id":"progressbar","configurationSettings":"nobridge-noproxy","number":2}
INST 7d16b7cf1e411efc 2016-03-28T23:21:39.500Z {"type":"progresschanged","target_tagname":"progressmeter","target_id":"progressMeter","value":45}
INST 7d16b7cf1e411efc 2016-03-28T23:21:39.500Z {"type":"good","target_tagname":"image","target_id":"progressbar","configurationSettings":"nobridge-noproxy","number":2}
INST 7d16b7cf1e411efc 2016-03-28T23:21:40.500Z {"type":"progresschanged","target_tagname":"progressmeter","target_id":"progressMeter","value":50}
INST 7d16b7cf1e411efc 2016-03-28T23:21:40.500Z {"type":"good","target_tagname":"image","target_id":"progressbar","configurationSettings":"nobridge-noproxy","number":2}
INST 7d16b7cf1e411efc 2016-03-28T23:21:42.200Z {"type":"progresschanged","target_tagname":"progressmeter","target_id":"progressMeter","value":51}
INST 7d16b7cf1e411efc 2016-03-28T23:21:42.200Z {"type":"good","target_tagname":"image","target_id":"progressbar","configurationSettings":"nobridge-noproxy","number":2}
INST 7d16b7cf1e411efc 2016-03-28T23:21:42.300Z {"type":"progresschanged","target_tagname":"progressmeter","target_id":"progressMeter","value":53}
INST 7d16b7cf1e411efc 2016-03-28T23:21:42.300Z {"type":"good","target_tagname":"image","target_id":"progressbar","configurationSettings":"nobridge-noproxy","number":2}
INST 7d16b7cf1e411efc 2016-03-28T23:21:42.500Z {"type":"progresschanged","target_tagname":"progressmeter","target_id":"progressMeter","value":54}
INST 7d16b7cf1e411efc 2016-03-28T23:21:42.500Z {"type":"good","target_tagname":"image","target_id":"progressbar","configurationSettings":"nobridge-noproxy","number":2}
INST 7d16b7cf1e411efc 2016-03-28T23:21:43.200Z {"type":"progresschanged","target_tagname":"progressmeter","target_id":"progressMeter","value":58}
INST 7d16b7cf1e411efc 2016-03-28T23:21:43.200Z {"type":"good","target_tagname":"image","target_id":"progressbar","configurationSettings":"nobridge-noproxy","number":2}
INST 7d16b7cf1e411efc 2016-03-28T23:21:45.500Z {"type":"progresschanged","target_tagname":"progressmeter","target_id":"progressMeter","value":62}
INST 7d16b7cf1e411efc 2016-03-28T23:21:45.500Z {"type":"good","target_tagname":"image","target_id":"progressbar","configurationSettings":"nobridge-noproxy","number":2}
INST 7d16b7cf1e411efc 2016-03-28T23:21:46.100Z {"type":"progresschanged","target_tagname":"progressmeter","target_id":"progressMeter","value":66}
INST 7d16b7cf1e411efc 2016-03-28T23:21:46.100Z {"type":"good","target_tagname":"image","target_id":"progressbar","configurationSettings":"nobridge-noproxy","number":2}
INST 7d16b7cf1e411efc 2016-03-28T23:21:46.200Z {"type":"progresschanged","target_tagname":"progressmeter","target_id":"progressMeter","value":72}
INST 7d16b7cf1e411efc 2016-03-28T23:21:46.200Z {"type":"good","target_tagname":"image","target_id":"progressbar","configurationSettings":"nobridge-noproxy","number":2}
INST 7d16b7cf1e411efc 2016-03-28T23:21:46.200Z {"type":"progresschanged","target_tagname":"progressmeter","target_id":"progressMeter","value":78}
INST 7d16b7cf1e411efc 2016-03-28T23:21:46.200Z {"type":"good","target_tagname":"image","target_id":"progressbar","configurationSettings":"nobridge-noproxy","number":2}
INST 7d16b7cf1e411efc 2016-03-28T23:21:46.700Z {"type":"progresschanged","target_tagname":"progressmeter","target_id":"progressMeter","value":80}
INST 7d16b7cf1e411efc 2016-03-28T23:21:46.700Z {"type":"good","target_tagname":"image","target_id":"progressbar","configurationSettings":"nobridge-noproxy","number":2}
INST 7d16b7cf1e411efc 2016-03-28T23:21:46.700Z {"type":"progresschanged","target_tagname":"progressmeter","target_id":"progressMeter","value":90}
INST 7d16b7cf1e411efc 2016-03-28T23:21:46.700Z {"type":"good","target_tagname":"image","target_id":"progressbar","configurationSettings":"nobridge-noproxy","number":2}
INST 7d16b7cf1e411efc 2016-03-28T23:21:47.200Z {"type":"progresschanged","target_tagname":"progressmeter","target_id":"progressMeter","value":100}
INST 7d16b7cf1e411efc 2016-03-28T23:21:47.200Z {"type":"good","target_tagname":"image","target_id":"progressbar","configurationSettings":"nobridge-noproxy","number":3}
INST 7d16b7cf1e411efc 2016-03-28T23:21:47.500Z {"type":"unload","target_id":"configuration"}
INST 2dd8a8facc1c0b97 2016-03-28T23:26:14.600Z {"type":"start"}
INST 2dd8a8facc1c0b97 2016-03-28T23:26:15.500Z {"type":"select","target_tagname":"menulist","target_id":"proxyType","value":""}
INST 2dd8a8facc1c0b97 2016-03-28T23:26:15.500Z {"type":"wizardnext","target_tagname":"wizard","target_id":"TorNetworkSettings"}
INST 2dd8a8facc1c0b97 2016-03-28T23:26:15.500Z {"type":"pageshow","target_tagname":"wizardpage","target_id":"first"}
INST 2dd8a8facc1c0b97 2016-03-28T23:26:15.500Z {"type":"load","target_id":"configuration"}
INST 2dd8a8facc1c0b97 2016-03-28T23:26:15.500Z {"type":"select","target_tagname":"menulist","target_id":"defaultBridgeType","value":"obfs3"}
INST 2dd8a8facc1c0b97 2016-03-28T23:26:15.600Z {"type":"progresschanged","target_tagname":"progressmeter","target_id":"progressMeter","value":85}
INST 2dd8a8facc1c0b97 2016-03-28T23:26:15.600Z {"type":"good","target_tagname":"image","target_id":"progressbar","configurationSettings":"nobridge-noproxy","number":2}
INST 2dd8a8facc1c0b97 2016-03-28T23:26:16.000Z {"type":"progresschanged","target_tagname":"progressmeter","target_id":"progressMeter","value":90}
INST 2dd8a8facc1c0b97 2016-03-28T23:26:16.000Z {"type":"good","target_tagname":"image","target_id":"progressbar","configurationSettings":"nobridge-noproxy","number":2}
INST 2dd8a8facc1c0b97 2016-03-28T23:26:16.600Z {"type":"progresschanged","target_tagname":"progressmeter","target_id":"progressMeter","value":100}
INST 2dd8a8facc1c0b97 2016-03-28T23:26:16.600Z {"type":"good","target_tagname":"image","target_id":"progressbar","configurationSettings":"nobridge-noproxy","number":3}
INST 2dd8a8facc1c0b97 2016-03-28T23:26:16.800Z {"type":"unload","target_id":"configuration"}
INST 25044a96fb94dbb6 2016-03-28T23:26:24.300Z {"type":"start"}
INST 25044a96fb94dbb6 2016-03-28T23:26:25.200Z {"type":"select","target_tagname":"menulist","target_id":"proxyType","value":""}
INST 25044a96fb94dbb6 2016-03-28T23:26:25.200Z {"type":"wizardnext","target_tagname":"wizard","target_id":"TorNetworkSettings"}
INST 25044a96fb94dbb6 2016-03-28T23:26:25.200Z {"type":"pageshow","target_tagname":"wizardpage","target_id":"first"}
INST 25044a96fb94dbb6 2016-03-28T23:26:25.200Z {"type":"load","target_id":"configuration"}
INST 25044a96fb94dbb6 2016-03-28T23:26:25.200Z {"type":"select","target_tagname":"menulist","target_id":"defaultBridgeType","value":"obfs3"}
INST 25044a96fb94dbb6 2016-03-28T23:26:25.200Z {"type":"progresschanged","target_tagname":"progressmeter","target_id":"progressMeter","value":85}
INST 25044a96fb94dbb6 2016-03-28T23:26:25.200Z {"type":"good","target_tagname":"image","target_id":"progressbar","configurationSettings":"nobridge-noproxy","number":2}
INST 25044a96fb94dbb6 2016-03-28T23:26:25.700Z {"type":"progresschanged","target_tagname":"progressmeter","target_id":"progressMeter","value":90}
INST 25044a96fb94dbb6 2016-03-28T23:26:25.700Z {"type":"good","target_tagname":"image","target_id":"progressbar","configurationSettings":"nobridge-noproxy","number":2}
INST 25044a96fb94dbb6 2016-03-28T23:26:26.400Z {"type":"click","target_tagname":"vbox","target_id":"","detail":1}
INST 25044a96fb94dbb6 2016-03-28T23:26:26.500Z {"type":"progresschanged","target_tagname":"progressmeter","target_id":"progressMeter","value":100}
INST 25044a96fb94dbb6 2016-03-28T23:26:26.500Z {"type":"good","target_tagname":"image","target_id":"progressbar","configurationSettings":"nobridge-noproxy","number":3}
INST 25044a96fb94dbb6 2016-03-28T23:26:26.700Z {"type":"unload","target_id":"configuration"}
INST ca7092198c6bca26 2016-03-28T23:26:32.000Z {"type":"start"}
INST ca7092198c6bca26 2016-03-28T23:26:32.800Z {"type":"select","target_tagname":"menulist","target_id":"proxyType","value":""}
INST ca7092198c6bca26 2016-03-28T23:26:32.800Z {"type":"wizardnext","target_tagname":"wizard","target_id":"TorNetworkSettings"}
INST ca7092198c6bca26 2016-03-28T23:26:32.800Z {"type":"pageshow","target_tagname":"wizardpage","target_id":"first"}
INST ca7092198c6bca26 2016-03-28T23:26:32.900Z {"type":"load","target_id":"configuration"}
INST ca7092198c6bca26 2016-03-28T23:26:32.900Z {"type":"select","target_tagname":"menulist","target_id":"defaultBridgeType","value":"obfs3"}
INST ca7092198c6bca26 2016-03-28T23:26:32.900Z {"type":"progresschanged","target_tagname":"progressmeter","target_id":"progressMeter","value":85}
INST ca7092198c6bca26 2016-03-28T23:26:32.900Z {"type":"good","target_tagname":"image","target_id":"progressbar","configurationSettings":"nobridge-noproxy","number":2}
INST ca7092198c6bca26 2016-03-28T23:26:33.400Z {"type":"progresschanged","target_tagname":"progressmeter","target_id":"progressMeter","value":90}
INST ca7092198c6bca26 2016-03-28T23:26:33.400Z {"type":"good","target_tagname":"image","target_id":"progressbar","configurationSettings":"nobridge-noproxy","number":2}
INST ca7092198c6bca26 2016-03-28T23:26:33.500Z {"type":"click","target_tagname":"button","target_id":"configure_button","detail":1}
INST ca7092198c6bca26 2016-03-28T23:26:33.500Z {"type":"pagehide","target_tagname":"wizardpage","target_id":"first"}
INST ca7092198c6bca26 2016-03-28T23:26:33.500Z {"type":"pageadvanced","target_tagname":"wizardpage","target_id":"first"}
INST ca7092198c6bca26 2016-03-28T23:26:33.500Z {"type":"wizardnext","target_tagname":"wizard","target_id":"TorNetworkSettings"}
INST ca7092198c6bca26 2016-03-28T23:26:33.500Z {"type":"pageshow","target_tagname":"wizardpage","target_id":"proxy"}
INST ca7092198c6bca26 2016-03-28T23:26:33.500Z {"type":"command","target_tagname":"button","target_id":"configure_button"}
INST ca7092198c6bca26 2016-03-28T23:26:34.100Z {"type":"progresschanged","target_tagname":"progressmeter","target_id":"progressMeter","value":100}
INST ca7092198c6bca26 2016-03-28T23:26:34.100Z {"type":"good","target_tagname":"image","target_id":"progressbar","configurationSettings":"nobridge-noproxy","number":3}
INST ca7092198c6bca26 2016-03-28T23:26:34.400Z {"type":"unload","target_id":"configuration"}
