INST 952c7e56a0657c61 2016-03-28T23:22:54.100Z {"type":"start"}
INST 952c7e56a0657c61 2016-03-28T23:22:55.100Z {"type":"select","target_tagname":"menulist","target_id":"proxyType","value":""}
INST 952c7e56a0657c61 2016-03-28T23:22:55.100Z {"type":"wizardnext","target_tagname":"wizard","target_id":"TorNetworkSettings"}
INST 952c7e56a0657c61 2016-03-28T23:22:55.100Z {"type":"pageshow","target_tagname":"wizardpage","target_id":"first"}
INST 952c7e56a0657c61 2016-03-28T23:22:55.200Z {"type":"load","target_id":"configuration"}
INST 952c7e56a0657c61 2016-03-28T23:22:55.200Z {"type":"select","target_tagname":"menulist","target_id":"defaultBridgeType","value":"obfs3"}
INST 952c7e56a0657c61 2016-03-28T23:23:02.400Z {"type":"click","target_tagname":"button","target_id":"connect_button","detail":1}
INST 952c7e56a0657c61 2016-03-28T23:23:02.400Z {"type":"pagehide","target_tagname":"wizardpage","target_id":"first"}
INST 952c7e56a0657c61 2016-03-28T23:23:02.400Z {"type":"pageadvanced","target_tagname":"wizardpage","target_id":"first"}
INST 952c7e56a0657c61 2016-03-28T23:23:02.400Z {"type":"wizardnext","target_tagname":"wizard","target_id":"TorNetworkSettings"}
INST 952c7e56a0657c61 2016-03-28T23:23:02.500Z {"type":"pageshow","target_tagname":"wizardpage","target_id":"inlineprogress"}
INST 952c7e56a0657c61 2016-03-28T23:23:02.500Z {"type":"command","target_tagname":"button","target_id":"connect_button"}
INST 952c7e56a0657c61 2016-03-28T23:23:02.600Z {"type":"progresschanged","target_tagname":"progressmeter","target_id":"progressMeter","value":5}
INST 952c7e56a0657c61 2016-03-28T23:23:02.600Z {"type":"good","target_tagname":"image","target_id":"progressbar","configurationSettings":"nobridge-noproxy","number":1}
INST 952c7e56a0657c61 2016-03-28T23:23:02.600Z {"type":"progresschanged","target_tagname":"progressmeter","target_id":"progressMeter","value":10}
INST 952c7e56a0657c61 2016-03-28T23:23:02.600Z {"type":"good","target_tagname":"image","target_id":"progressbar","configurationSettings":"nobridge-noproxy","number":1}
INST 952c7e56a0657c61 2016-03-28T23:23:02.600Z {"type":"progresschanged","target_tagname":"progressmeter","target_id":"progressMeter","value":15}
INST 952c7e56a0657c61 2016-03-28T23:23:02.600Z {"type":"good","target_tagname":"image","target_id":"progressbar","configurationSettings":"nobridge-noproxy","number":1}
INST 952c7e56a0657c61 2016-03-28T23:23:02.600Z {"type":"progresschanged","target_tagname":"progressmeter","target_id":"progressMeter","value":20}
INST 952c7e56a0657c61 2016-03-28T23:23:02.600Z {"type":"good","target_tagname":"image","target_id":"progressbar","configurationSettings":"nobridge-noproxy","number":1}
INST 952c7e56a0657c61 2016-03-28T23:23:02.600Z {"type":"progresschanged","target_tagname":"progressmeter","target_id":"progressMeter","value":25}
INST 952c7e56a0657c61 2016-03-28T23:23:02.600Z {"type":"good","target_tagname":"image","target_id":"progressbar","configurationSettings":"nobridge-noproxy","number":2}
INST 952c7e56a0657c61 2016-03-28T23:23:03.700Z {"type":"progresschanged","target_tagname":"progressmeter","target_id":"progressMeter","value":40}
INST 952c7e56a0657c61 2016-03-28T23:23:03.700Z {"type":"good","target_tagname":"image","target_id":"progressbar","configurationSettings":"nobridge-noproxy","number":2}
INST 952c7e56a0657c61 2016-03-28T23:23:04.200Z {"type":"progresschanged","target_tagname":"progressmeter","target_id":"progressMeter","value":45}
INST 952c7e56a0657c61 2016-03-28T23:23:04.200Z {"type":"good","target_tagname":"image","target_id":"progressbar","configurationSettings":"nobridge-noproxy","number":2}
INST 952c7e56a0657c61 2016-03-28T23:23:04.200Z {"type":"progresschanged","target_tagname":"progressmeter","target_id":"progressMeter","value":50}
INST 952c7e56a0657c61 2016-03-28T23:23:04.200Z {"type":"good","target_tagname":"image","target_id":"progressbar","configurationSettings":"nobridge-noproxy","number":2}
INST 952c7e56a0657c61 2016-03-28T23:23:04.600Z {"type":"progresschanged","target_tagname":"progressmeter","target_id":"progressMeter","value":51}
INST 952c7e56a0657c61 2016-03-28T23:23:04.600Z {"type":"good","target_tagname":"image","target_id":"progressbar","configurationSettings":"nobridge-noproxy","number":2}
INST 952c7e56a0657c61 2016-03-28T23:23:04.600Z {"type":"progresschanged","target_tagname":"progressmeter","target_id":"progressMeter","value":53}
INST 952c7e56a0657c61 2016-03-28T23:23:04.600Z {"type":"good","target_tagname":"image","target_id":"progressbar","configurationSettings":"nobridge-noproxy","number":2}
INST 952c7e56a0657c61 2016-03-28T23:23:06.200Z {"type":"progresschanged","target_tagname":"progressmeter","target_id":"progressMeter","value":55}
INST 952c7e56a0657c61 2016-03-28T23:23:06.200Z {"type":"good","target_tagname":"image","target_id":"progressbar","configurationSettings":"nobridge-noproxy","number":2}
INST 952c7e56a0657c61 2016-03-28T23:23:06.400Z {"type":"progresschanged","target_tagname":"progressmeter","target_id":"progressMeter","value":58}
INST 952c7e56a0657c61 2016-03-28T23:23:06.400Z {"type":"good","target_tagname":"image","target_id":"progressbar","configurationSettings":"nobridge-noproxy","number":2}
INST 952c7e56a0657c61 2016-03-28T23:23:06.400Z {"type":"progresschanged","target_tagname":"progressmeter","target_id":"progressMeter","value":62}
INST 952c7e56a0657c61 2016-03-28T23:23:06.400Z {"type":"good","target_tagname":"image","target_id":"progressbar","configurationSettings":"nobridge-noproxy","number":2}
INST 952c7e56a0657c61 2016-03-28T23:23:06.600Z {"type":"progresschanged","target_tagname":"progressmeter","target_id":"progressMeter","value":67}
INST 952c7e56a0657c61 2016-03-28T23:23:06.600Z {"type":"good","target_tagname":"image","target_id":"progressbar","configurationSettings":"nobridge-noproxy","number":2}
INST 952c7e56a0657c61 2016-03-28T23:23:06.800Z {"type":"progresschanged","target_tagname":"progressmeter","target_id":"progressMeter","value":72}
INST 952c7e56a0657c61 2016-03-28T23:23:06.800Z {"type":"good","target_tagname":"image","target_id":"progressbar","configurationSettings":"nobridge-noproxy","number":2}
INST 952c7e56a0657c61 2016-03-28T23:23:07.100Z {"type":"progresschanged","target_tagname":"progressmeter","target_id":"progressMeter","value":77}
INST 952c7e56a0657c61 2016-03-28T23:23:07.100Z {"type":"good","target_tagname":"image","target_id":"progressbar","configurationSettings":"nobridge-noproxy","number":2}
INST 952c7e56a0657c61 2016-03-28T23:23:07.600Z {"type":"progresschanged","target_tagname":"progressmeter","target_id":"progressMeter","value":80}
INST 952c7e56a0657c61 2016-03-28T23:23:07.600Z {"type":"good","target_tagname":"image","target_id":"progressbar","configurationSettings":"nobridge-noproxy","number":2}
INST 952c7e56a0657c61 2016-03-28T23:23:07.600Z {"type":"progresschanged","target_tagname":"progressmeter","target_id":"progressMeter","value":90}
INST 952c7e56a0657c61 2016-03-28T23:23:07.600Z {"type":"good","target_tagname":"image","target_id":"progressbar","configurationSettings":"nobridge-noproxy","number":2}
INST 952c7e56a0657c61 2016-03-28T23:23:08.200Z {"type":"progresschanged","target_tagname":"progressmeter","target_id":"progressMeter","value":100}
INST 952c7e56a0657c61 2016-03-28T23:23:08.200Z {"type":"good","target_tagname":"image","target_id":"progressbar","configurationSettings":"nobridge-noproxy","number":3}
INST 952c7e56a0657c61 2016-03-28T23:23:08.500Z {"type":"unload","target_id":"configuration"}
INST 6024ea6bd49c5397 2016-03-28T23:25:26.400Z {"type":"start"}
INST 6024ea6bd49c5397 2016-03-28T23:25:27.400Z {"type":"select","target_tagname":"menulist","target_id":"proxyType","value":""}
INST 6024ea6bd49c5397 2016-03-28T23:25:27.400Z {"type":"wizardnext","target_tagname":"wizard","target_id":"TorNetworkSettings"}
INST 6024ea6bd49c5397 2016-03-28T23:25:27.400Z {"type":"pageshow","target_tagname":"wizardpage","target_id":"first"}
INST 6024ea6bd49c5397 2016-03-28T23:25:27.400Z {"type":"load","target_id":"configuration"}
INST 6024ea6bd49c5397 2016-03-28T23:25:27.400Z {"type":"select","target_tagname":"menulist","target_id":"defaultBridgeType","value":"obfs3"}
INST 6024ea6bd49c5397 2016-03-28T23:25:27.500Z {"type":"progresschanged","target_tagname":"progressmeter","target_id":"progressMeter","value":85}
INST 6024ea6bd49c5397 2016-03-28T23:25:27.500Z {"type":"good","target_tagname":"image","target_id":"progressbar","configurationSettings":"nobridge-noproxy","number":2}
INST 6024ea6bd49c5397 2016-03-28T23:25:27.900Z {"type":"progresschanged","target_tagname":"progressmeter","target_id":"progressMeter","value":90}
INST 6024ea6bd49c5397 2016-03-28T23:25:27.900Z {"type":"good","target_tagname":"image","target_id":"progressbar","configurationSettings":"nobridge-noproxy","number":2}
INST 6024ea6bd49c5397 2016-03-28T23:25:28.500Z {"type":"progresschanged","target_tagname":"progressmeter","target_id":"progressMeter","value":100}
INST 6024ea6bd49c5397 2016-03-28T23:25:28.500Z {"type":"good","target_tagname":"image","target_id":"progressbar","configurationSettings":"nobridge-noproxy","number":3}
INST 6024ea6bd49c5397 2016-03-28T23:25:28.700Z {"type":"unload","target_id":"configuration"}
