INST 077a3686e1db3187 2016-03-26T01:08:43.700Z {"type":"start"}
INST 077a3686e1db3187 2016-03-26T01:08:44.600Z {"type":"select","target_tagname":"menulist","target_id":"proxyType","value":""}
INST 077a3686e1db3187 2016-03-26T01:08:44.600Z {"type":"wizardnext","target_tagname":"wizard","target_id":"TorNetworkSettings"}
INST 077a3686e1db3187 2016-03-26T01:08:44.600Z {"type":"pageshow","target_tagname":"wizardpage","target_id":"first"}
INST 077a3686e1db3187 2016-03-26T01:08:44.600Z {"type":"load","target_id":"configuration"}
INST 077a3686e1db3187 2016-03-26T01:08:44.600Z {"type":"select","target_tagname":"menulist","target_id":"defaultBridgeType","value":"obfs3"}
INST 077a3686e1db3187 2016-03-26T01:08:49.200Z {"type":"click","target_tagname":"button","target_id":"connect_button","detail":1}
INST 077a3686e1db3187 2016-03-26T01:08:49.300Z {"type":"pagehide","target_tagname":"wizardpage","target_id":"first"}
INST 077a3686e1db3187 2016-03-26T01:08:49.300Z {"type":"pageadvanced","target_tagname":"wizardpage","target_id":"first"}
INST 077a3686e1db3187 2016-03-26T01:08:49.300Z {"type":"wizardnext","target_tagname":"wizard","target_id":"TorNetworkSettings"}
INST 077a3686e1db3187 2016-03-26T01:08:49.300Z {"type":"pageshow","target_tagname":"wizardpage","target_id":"inlineprogress"}
INST 077a3686e1db3187 2016-03-26T01:08:49.300Z {"type":"command","target_tagname":"button","target_id":"connect_button"}
INST 077a3686e1db3187 2016-03-26T01:08:50.200Z {"type":"progresschanged","target_tagname":"progressmeter","target_id":"progressMeter","value":5}
INST 077a3686e1db3187 2016-03-26T01:08:50.200Z {"type":"good","target_tagname":"image","target_id":"progressbar","configurationSettings":"nobridge-noproxy","number":1}
INST 077a3686e1db3187 2016-03-26T01:08:50.200Z {"type":"progresschanged","target_tagname":"progressmeter","target_id":"progressMeter","value":10}
INST 077a3686e1db3187 2016-03-26T01:08:50.200Z {"type":"good","target_tagname":"image","target_id":"progressbar","configurationSettings":"nobridge-noproxy","number":1}
INST 077a3686e1db3187 2016-03-26T01:08:50.300Z {"type":"progresschanged","target_tagname":"progressmeter","target_id":"progressMeter","value":15}
INST 077a3686e1db3187 2016-03-26T01:08:50.300Z {"type":"good","target_tagname":"image","target_id":"progressbar","configurationSettings":"nobridge-noproxy","number":1}
INST 077a3686e1db3187 2016-03-26T01:08:50.300Z {"type":"progresschanged","target_tagname":"progressmeter","target_id":"progressMeter","value":20}
INST 077a3686e1db3187 2016-03-26T01:08:50.300Z {"type":"good","target_tagname":"image","target_id":"progressbar","configurationSettings":"nobridge-noproxy","number":1}
INST 077a3686e1db3187 2016-03-26T01:08:50.400Z {"type":"progresschanged","target_tagname":"progressmeter","target_id":"progressMeter","value":25}
INST 077a3686e1db3187 2016-03-26T01:08:50.400Z {"type":"good","target_tagname":"image","target_id":"progressbar","configurationSettings":"nobridge-noproxy","number":2}
INST 077a3686e1db3187 2016-03-26T01:08:51.700Z {"type":"progresschanged","target_tagname":"progressmeter","target_id":"progressMeter","value":40}
INST 077a3686e1db3187 2016-03-26T01:08:51.700Z {"type":"good","target_tagname":"image","target_id":"progressbar","configurationSettings":"nobridge-noproxy","number":2}
INST 077a3686e1db3187 2016-03-26T01:08:52.500Z {"type":"progresschanged","target_tagname":"progressmeter","target_id":"progressMeter","value":45}
INST 077a3686e1db3187 2016-03-26T01:08:52.500Z {"type":"good","target_tagname":"image","target_id":"progressbar","configurationSettings":"nobridge-noproxy","number":2}
INST 077a3686e1db3187 2016-03-26T01:08:53.400Z {"type":"progresschanged","target_tagname":"progressmeter","target_id":"progressMeter","value":50}
INST 077a3686e1db3187 2016-03-26T01:08:53.400Z {"type":"good","target_tagname":"image","target_id":"progressbar","configurationSettings":"nobridge-noproxy","number":2}
INST 077a3686e1db3187 2016-03-26T01:08:55.100Z {"type":"progresschanged","target_tagname":"progressmeter","target_id":"progressMeter","value":51}
INST 077a3686e1db3187 2016-03-26T01:08:55.100Z {"type":"good","target_tagname":"image","target_id":"progressbar","configurationSettings":"nobridge-noproxy","number":2}
INST 077a3686e1db3187 2016-03-26T01:08:55.300Z {"type":"progresschanged","target_tagname":"progressmeter","target_id":"progressMeter","value":53}
INST 077a3686e1db3187 2016-03-26T01:08:55.300Z {"type":"good","target_tagname":"image","target_id":"progressbar","configurationSettings":"nobridge-noproxy","number":2}
INST 077a3686e1db3187 2016-03-26T01:08:55.800Z {"type":"progresschanged","target_tagname":"progressmeter","target_id":"progressMeter","value":54}
INST 077a3686e1db3187 2016-03-26T01:08:55.800Z {"type":"good","target_tagname":"image","target_id":"progressbar","configurationSettings":"nobridge-noproxy","number":2}
INST 077a3686e1db3187 2016-03-26T01:08:55.800Z {"type":"progresschanged","target_tagname":"progressmeter","target_id":"progressMeter","value":55}
INST 077a3686e1db3187 2016-03-26T01:08:55.800Z {"type":"good","target_tagname":"image","target_id":"progressbar","configurationSettings":"nobridge-noproxy","number":2}
INST 077a3686e1db3187 2016-03-26T01:08:55.900Z {"type":"progresschanged","target_tagname":"progressmeter","target_id":"progressMeter","value":58}
INST 077a3686e1db3187 2016-03-26T01:08:55.900Z {"type":"good","target_tagname":"image","target_id":"progressbar","configurationSettings":"nobridge-noproxy","number":2}
INST 077a3686e1db3187 2016-03-26T01:08:56.600Z {"type":"progresschanged","target_tagname":"progressmeter","target_id":"progressMeter","value":62}
INST 077a3686e1db3187 2016-03-26T01:08:56.600Z {"type":"good","target_tagname":"image","target_id":"progressbar","configurationSettings":"nobridge-noproxy","number":2}
INST 077a3686e1db3187 2016-03-26T01:08:56.800Z {"type":"progresschanged","target_tagname":"progressmeter","target_id":"progressMeter","value":67}
INST 077a3686e1db3187 2016-03-26T01:08:56.800Z {"type":"good","target_tagname":"image","target_id":"progressbar","configurationSettings":"nobridge-noproxy","number":2}
INST 077a3686e1db3187 2016-03-26T01:08:56.800Z {"type":"progresschanged","target_tagname":"progressmeter","target_id":"progressMeter","value":72}
INST 077a3686e1db3187 2016-03-26T01:08:56.800Z {"type":"good","target_tagname":"image","target_id":"progressbar","configurationSettings":"nobridge-noproxy","number":2}
INST 077a3686e1db3187 2016-03-26T01:08:57.200Z {"type":"progresschanged","target_tagname":"progressmeter","target_id":"progressMeter","value":80}
INST 077a3686e1db3187 2016-03-26T01:08:57.200Z {"type":"good","target_tagname":"image","target_id":"progressbar","configurationSettings":"nobridge-noproxy","number":2}
INST 077a3686e1db3187 2016-03-26T01:08:57.200Z {"type":"progresschanged","target_tagname":"progressmeter","target_id":"progressMeter","value":90}
INST 077a3686e1db3187 2016-03-26T01:08:57.200Z {"type":"good","target_tagname":"image","target_id":"progressbar","configurationSettings":"nobridge-noproxy","number":2}
INST 077a3686e1db3187 2016-03-26T01:08:59.000Z {"type":"progresschanged","target_tagname":"progressmeter","target_id":"progressMeter","value":100}
INST 077a3686e1db3187 2016-03-26T01:08:59.000Z {"type":"good","target_tagname":"image","target_id":"progressbar","configurationSettings":"nobridge-noproxy","number":3}
INST 077a3686e1db3187 2016-03-26T01:08:59.200Z {"type":"unload","target_id":"configuration"}
INST b79cac0d7b362a2f 2016-03-26T01:14:36.900Z {"type":"start"}
INST b79cac0d7b362a2f 2016-03-26T01:14:37.800Z {"type":"select","target_tagname":"menulist","target_id":"proxyType","value":""}
INST b79cac0d7b362a2f 2016-03-26T01:14:37.800Z {"type":"wizardnext","target_tagname":"wizard","target_id":"TorNetworkSettings"}
INST b79cac0d7b362a2f 2016-03-26T01:14:37.800Z {"type":"pageshow","target_tagname":"wizardpage","target_id":"first"}
INST b79cac0d7b362a2f 2016-03-26T01:14:37.900Z {"type":"load","target_id":"configuration"}
INST b79cac0d7b362a2f 2016-03-26T01:14:37.900Z {"type":"select","target_tagname":"menulist","target_id":"defaultBridgeType","value":"obfs3"}
INST b79cac0d7b362a2f 2016-03-26T01:14:37.900Z {"type":"progresschanged","target_tagname":"progressmeter","target_id":"progressMeter","value":85}
INST b79cac0d7b362a2f 2016-03-26T01:14:37.900Z {"type":"good","target_tagname":"image","target_id":"progressbar","configurationSettings":"nobridge-noproxy","number":2}
INST b79cac0d7b362a2f 2016-03-26T01:14:38.400Z {"type":"progresschanged","target_tagname":"progressmeter","target_id":"progressMeter","value":90}
INST b79cac0d7b362a2f 2016-03-26T01:14:38.400Z {"type":"good","target_tagname":"image","target_id":"progressbar","configurationSettings":"nobridge-noproxy","number":2}
INST b79cac0d7b362a2f 2016-03-26T01:14:39.200Z {"type":"progresschanged","target_tagname":"progressmeter","target_id":"progressMeter","value":100}
INST b79cac0d7b362a2f 2016-03-26T01:14:39.200Z {"type":"good","target_tagname":"image","target_id":"progressbar","configurationSettings":"nobridge-noproxy","number":3}
INST b79cac0d7b362a2f 2016-03-26T01:14:39.300Z {"type":"click","target_tagname":"button","target_id":"connect_button","detail":1}
INST b79cac0d7b362a2f 2016-03-26T01:14:39.300Z {"type":"pagehide","target_tagname":"wizardpage","target_id":"first"}
INST b79cac0d7b362a2f 2016-03-26T01:14:39.300Z {"type":"pageadvanced","target_tagname":"wizardpage","target_id":"first"}
INST b79cac0d7b362a2f 2016-03-26T01:14:39.300Z {"type":"wizardnext","target_tagname":"wizard","target_id":"TorNetworkSettings"}
INST b79cac0d7b362a2f 2016-03-26T01:14:39.300Z {"type":"pageshow","target_tagname":"wizardpage","target_id":"inlineprogress"}
INST b79cac0d7b362a2f 2016-03-26T01:14:39.300Z {"type":"command","target_tagname":"button","target_id":"connect_button"}
INST b79cac0d7b362a2f 2016-03-26T01:14:39.400Z {"type":"unload","target_id":"configuration"}
