INST 04a3f34e46d2ce9f 2016-03-24T21:05:24.000Z {"type":"start"}
INST 04a3f34e46d2ce9f 2016-03-24T21:05:25.000Z {"type":"select","target_tagname":"menulist","target_id":"proxyType","value":""}
INST 04a3f34e46d2ce9f 2016-03-24T21:05:25.000Z {"type":"wizardnext","target_tagname":"wizard","target_id":"TorNetworkSettings"}
INST 04a3f34e46d2ce9f 2016-03-24T21:05:25.000Z {"type":"pageshow","target_tagname":"wizardpage","target_id":"first"}
INST 04a3f34e46d2ce9f 2016-03-24T21:05:25.100Z {"type":"load","target_id":"configuration"}
INST 04a3f34e46d2ce9f 2016-03-24T21:05:25.100Z {"type":"select","target_tagname":"menulist","target_id":"defaultBridgeType","value":"obfs3"}
INST 04a3f34e46d2ce9f 2016-03-24T21:05:29.000Z {"type":"click","target_tagname":"button","target_id":"connect_button","detail":1}
INST 04a3f34e46d2ce9f 2016-03-24T21:05:29.000Z {"type":"pagehide","target_tagname":"wizardpage","target_id":"first"}
INST 04a3f34e46d2ce9f 2016-03-24T21:05:29.000Z {"type":"pageadvanced","target_tagname":"wizardpage","target_id":"first"}
INST 04a3f34e46d2ce9f 2016-03-24T21:05:29.000Z {"type":"wizardnext","target_tagname":"wizard","target_id":"TorNetworkSettings"}
INST 04a3f34e46d2ce9f 2016-03-24T21:05:29.000Z {"type":"pageshow","target_tagname":"wizardpage","target_id":"inlineprogress"}
INST 04a3f34e46d2ce9f 2016-03-24T21:05:29.000Z {"type":"command","target_tagname":"button","target_id":"connect_button"}
INST 04a3f34e46d2ce9f 2016-03-24T21:05:29.700Z {"type":"progresschanged","target_tagname":"progressmeter","target_id":"progressMeter","value":5}
INST 04a3f34e46d2ce9f 2016-03-24T21:05:29.700Z {"type":"good","target_tagname":"image","target_id":"progressbar","configurationSettings":"nobridge-noproxy","number":1}
INST 04a3f34e46d2ce9f 2016-03-24T21:05:31.000Z {"type":"progresschanged","target_tagname":"progressmeter","target_id":"progressMeter","value":5}
INST 04a3f34e46d2ce9f 2016-03-24T21:05:31.000Z {"type":"good","target_tagname":"image","target_id":"progressbar","configurationSettings":"nobridge-noproxy","number":1}
INST 04a3f34e46d2ce9f 2016-03-24T21:05:31.100Z {"type":"progresschanged","target_tagname":"progressmeter","target_id":"progressMeter","value":10}
INST 04a3f34e46d2ce9f 2016-03-24T21:05:31.100Z {"type":"good","target_tagname":"image","target_id":"progressbar","configurationSettings":"nobridge-noproxy","number":1}
INST 04a3f34e46d2ce9f 2016-03-24T21:05:31.600Z {"type":"progresschanged","target_tagname":"progressmeter","target_id":"progressMeter","value":15}
INST 04a3f34e46d2ce9f 2016-03-24T21:05:31.600Z {"type":"good","target_tagname":"image","target_id":"progressbar","configurationSettings":"nobridge-noproxy","number":1}
INST 04a3f34e46d2ce9f 2016-03-24T21:05:31.700Z {"type":"progresschanged","target_tagname":"progressmeter","target_id":"progressMeter","value":20}
INST 04a3f34e46d2ce9f 2016-03-24T21:05:31.700Z {"type":"good","target_tagname":"image","target_id":"progressbar","configurationSettings":"nobridge-noproxy","number":1}
INST 04a3f34e46d2ce9f 2016-03-24T21:05:31.900Z {"type":"progresschanged","target_tagname":"progressmeter","target_id":"progressMeter","value":25}
INST 04a3f34e46d2ce9f 2016-03-24T21:05:31.900Z {"type":"good","target_tagname":"image","target_id":"progressbar","configurationSettings":"nobridge-noproxy","number":2}
INST 04a3f34e46d2ce9f 2016-03-24T21:05:35.400Z {"type":"progresschanged","target_tagname":"progressmeter","target_id":"progressMeter","value":40}
INST 04a3f34e46d2ce9f 2016-03-24T21:05:35.400Z {"type":"good","target_tagname":"image","target_id":"progressbar","configurationSettings":"nobridge-noproxy","number":2}
INST 04a3f34e46d2ce9f 2016-03-24T21:05:36.700Z {"type":"progresschanged","target_tagname":"progressmeter","target_id":"progressMeter","value":45}
INST 04a3f34e46d2ce9f 2016-03-24T21:05:36.700Z {"type":"good","target_tagname":"image","target_id":"progressbar","configurationSettings":"nobridge-noproxy","number":2}
INST 04a3f34e46d2ce9f 2016-03-24T21:05:37.300Z {"type":"progresschanged","target_tagname":"progressmeter","target_id":"progressMeter","value":50}
INST 04a3f34e46d2ce9f 2016-03-24T21:05:37.300Z {"type":"good","target_tagname":"image","target_id":"progressbar","configurationSettings":"nobridge-noproxy","number":2}
INST 04a3f34e46d2ce9f 2016-03-24T21:05:38.600Z {"type":"progresschanged","target_tagname":"progressmeter","target_id":"progressMeter","value":51}
INST 04a3f34e46d2ce9f 2016-03-24T21:05:38.700Z {"type":"good","target_tagname":"image","target_id":"progressbar","configurationSettings":"nobridge-noproxy","number":2}
INST 04a3f34e46d2ce9f 2016-03-24T21:05:38.800Z {"type":"progresschanged","target_tagname":"progressmeter","target_id":"progressMeter","value":52}
INST 04a3f34e46d2ce9f 2016-03-24T21:05:38.800Z {"type":"good","target_tagname":"image","target_id":"progressbar","configurationSettings":"nobridge-noproxy","number":2}
INST 04a3f34e46d2ce9f 2016-03-24T21:05:39.000Z {"type":"progresschanged","target_tagname":"progressmeter","target_id":"progressMeter","value":53}
INST 04a3f34e46d2ce9f 2016-03-24T21:05:39.000Z {"type":"good","target_tagname":"image","target_id":"progressbar","configurationSettings":"nobridge-noproxy","number":2}
INST 04a3f34e46d2ce9f 2016-03-24T21:05:39.000Z {"type":"progresschanged","target_tagname":"progressmeter","target_id":"progressMeter","value":55}
INST 04a3f34e46d2ce9f 2016-03-24T21:05:39.000Z {"type":"good","target_tagname":"image","target_id":"progressbar","configurationSettings":"nobridge-noproxy","number":2}
INST 04a3f34e46d2ce9f 2016-03-24T21:05:39.200Z {"type":"progresschanged","target_tagname":"progressmeter","target_id":"progressMeter","value":58}
INST 04a3f34e46d2ce9f 2016-03-24T21:05:39.200Z {"type":"good","target_tagname":"image","target_id":"progressbar","configurationSettings":"nobridge-noproxy","number":2}
INST 04a3f34e46d2ce9f 2016-03-24T21:05:39.400Z {"type":"progresschanged","target_tagname":"progressmeter","target_id":"progressMeter","value":59}
INST 04a3f34e46d2ce9f 2016-03-24T21:05:39.400Z {"type":"good","target_tagname":"image","target_id":"progressbar","configurationSettings":"nobridge-noproxy","number":2}
INST 04a3f34e46d2ce9f 2016-03-24T21:05:39.500Z {"type":"progresschanged","target_tagname":"progressmeter","target_id":"progressMeter","value":62}
INST 04a3f34e46d2ce9f 2016-03-24T21:05:39.500Z {"type":"good","target_tagname":"image","target_id":"progressbar","configurationSettings":"nobridge-noproxy","number":2}
INST 04a3f34e46d2ce9f 2016-03-24T21:05:40.100Z {"type":"progresschanged","target_tagname":"progressmeter","target_id":"progressMeter","value":67}
INST 04a3f34e46d2ce9f 2016-03-24T21:05:40.100Z {"type":"good","target_tagname":"image","target_id":"progressbar","configurationSettings":"nobridge-noproxy","number":2}
INST 04a3f34e46d2ce9f 2016-03-24T21:05:40.200Z {"type":"progresschanged","target_tagname":"progressmeter","target_id":"progressMeter","value":72}
INST 04a3f34e46d2ce9f 2016-03-24T21:05:40.200Z {"type":"good","target_tagname":"image","target_id":"progressbar","configurationSettings":"nobridge-noproxy","number":2}
INST 04a3f34e46d2ce9f 2016-03-24T21:05:40.300Z {"type":"progresschanged","target_tagname":"progressmeter","target_id":"progressMeter","value":78}
INST 04a3f34e46d2ce9f 2016-03-24T21:05:40.300Z {"type":"good","target_tagname":"image","target_id":"progressbar","configurationSettings":"nobridge-noproxy","number":2}
INST 04a3f34e46d2ce9f 2016-03-24T21:05:40.700Z {"type":"progresschanged","target_tagname":"progressmeter","target_id":"progressMeter","value":80}
INST 04a3f34e46d2ce9f 2016-03-24T21:05:40.700Z {"type":"good","target_tagname":"image","target_id":"progressbar","configurationSettings":"nobridge-noproxy","number":2}
INST 04a3f34e46d2ce9f 2016-03-24T21:05:40.700Z {"type":"progresschanged","target_tagname":"progressmeter","target_id":"progressMeter","value":90}
INST 04a3f34e46d2ce9f 2016-03-24T21:05:40.700Z {"type":"good","target_tagname":"image","target_id":"progressbar","configurationSettings":"nobridge-noproxy","number":2}
INST 04a3f34e46d2ce9f 2016-03-24T21:05:41.500Z {"type":"progresschanged","target_tagname":"progressmeter","target_id":"progressMeter","value":100}
INST 04a3f34e46d2ce9f 2016-03-24T21:05:41.500Z {"type":"good","target_tagname":"image","target_id":"progressbar","configurationSettings":"nobridge-noproxy","number":3}
INST 04a3f34e46d2ce9f 2016-03-24T21:05:41.700Z {"type":"unload","target_id":"configuration"}
INST 80c4ca5612776616 2016-03-24T21:09:44.600Z {"type":"start"}
INST 80c4ca5612776616 2016-03-24T21:09:45.600Z {"type":"select","target_tagname":"menulist","target_id":"proxyType","value":""}
INST 80c4ca5612776616 2016-03-24T21:09:45.600Z {"type":"wizardnext","target_tagname":"wizard","target_id":"TorNetworkSettings"}
INST 80c4ca5612776616 2016-03-24T21:09:45.600Z {"type":"pageshow","target_tagname":"wizardpage","target_id":"first"}
INST 80c4ca5612776616 2016-03-24T21:09:45.600Z {"type":"load","target_id":"configuration"}
INST 80c4ca5612776616 2016-03-24T21:09:45.600Z {"type":"select","target_tagname":"menulist","target_id":"defaultBridgeType","value":"obfs3"}
INST 80c4ca5612776616 2016-03-24T21:09:45.700Z {"type":"progresschanged","target_tagname":"progressmeter","target_id":"progressMeter","value":85}
INST 80c4ca5612776616 2016-03-24T21:09:45.700Z {"type":"good","target_tagname":"image","target_id":"progressbar","configurationSettings":"nobridge-noproxy","number":2}
INST 80c4ca5612776616 2016-03-24T21:09:46.200Z {"type":"progresschanged","target_tagname":"progressmeter","target_id":"progressMeter","value":90}
INST 80c4ca5612776616 2016-03-24T21:09:46.200Z {"type":"good","target_tagname":"image","target_id":"progressbar","configurationSettings":"nobridge-noproxy","number":2}
INST 80c4ca5612776616 2016-03-24T21:09:47.000Z {"type":"click","target_tagname":"button","target_id":"connect_button","detail":1}
INST 80c4ca5612776616 2016-03-24T21:09:47.000Z {"type":"pagehide","target_tagname":"wizardpage","target_id":"first"}
INST 80c4ca5612776616 2016-03-24T21:09:47.000Z {"type":"pageadvanced","target_tagname":"wizardpage","target_id":"first"}
INST 80c4ca5612776616 2016-03-24T21:09:47.000Z {"type":"wizardnext","target_tagname":"wizard","target_id":"TorNetworkSettings"}
INST 80c4ca5612776616 2016-03-24T21:09:47.000Z {"type":"pageshow","target_tagname":"wizardpage","target_id":"inlineprogress"}
INST 80c4ca5612776616 2016-03-24T21:09:47.000Z {"type":"command","target_tagname":"button","target_id":"connect_button"}
INST 80c4ca5612776616 2016-03-24T21:09:47.100Z {"type":"progresschanged","target_tagname":"progressmeter","target_id":"progressMeter","value":100}
INST 80c4ca5612776616 2016-03-24T21:09:47.100Z {"type":"good","target_tagname":"image","target_id":"progressbar","configurationSettings":"nobridge-noproxy","number":3}
INST 80c4ca5612776616 2016-03-24T21:09:47.400Z {"type":"unload","target_id":"configuration"}
INST ff69d550bd9779b8 2016-03-24T21:11:46.000Z {"type":"start"}
INST ff69d550bd9779b8 2016-03-24T21:11:46.800Z {"type":"select","target_tagname":"menulist","target_id":"proxyType","value":""}
INST ff69d550bd9779b8 2016-03-24T21:11:46.800Z {"type":"wizardnext","target_tagname":"wizard","target_id":"TorNetworkSettings"}
INST ff69d550bd9779b8 2016-03-24T21:11:46.800Z {"type":"pageshow","target_tagname":"wizardpage","target_id":"first"}
INST ff69d550bd9779b8 2016-03-24T21:11:46.900Z {"type":"load","target_id":"configuration"}
INST ff69d550bd9779b8 2016-03-24T21:11:46.900Z {"type":"select","target_tagname":"menulist","target_id":"defaultBridgeType","value":"obfs3"}
INST ff69d550bd9779b8 2016-03-24T21:11:46.900Z {"type":"progresschanged","target_tagname":"progressmeter","target_id":"progressMeter","value":85}
INST ff69d550bd9779b8 2016-03-24T21:11:46.900Z {"type":"good","target_tagname":"image","target_id":"progressbar","configurationSettings":"nobridge-noproxy","number":2}
INST ff69d550bd9779b8 2016-03-24T21:11:47.500Z {"type":"progresschanged","target_tagname":"progressmeter","target_id":"progressMeter","value":90}
INST ff69d550bd9779b8 2016-03-24T21:11:47.500Z {"type":"good","target_tagname":"image","target_id":"progressbar","configurationSettings":"nobridge-noproxy","number":2}
INST ff69d550bd9779b8 2016-03-24T21:11:47.800Z {"type":"click","target_tagname":"button","target_id":"connect_button","detail":1}
INST ff69d550bd9779b8 2016-03-24T21:11:47.800Z {"type":"pagehide","target_tagname":"wizardpage","target_id":"first"}
INST ff69d550bd9779b8 2016-03-24T21:11:47.800Z {"type":"pageadvanced","target_tagname":"wizardpage","target_id":"first"}
INST ff69d550bd9779b8 2016-03-24T21:11:47.800Z {"type":"wizardnext","target_tagname":"wizard","target_id":"TorNetworkSettings"}
INST ff69d550bd9779b8 2016-03-24T21:11:47.800Z {"type":"pageshow","target_tagname":"wizardpage","target_id":"inlineprogress"}
INST ff69d550bd9779b8 2016-03-24T21:11:47.800Z {"type":"command","target_tagname":"button","target_id":"connect_button"}
INST ff69d550bd9779b8 2016-03-24T21:11:48.600Z {"type":"progresschanged","target_tagname":"progressmeter","target_id":"progressMeter","value":100}
INST ff69d550bd9779b8 2016-03-24T21:11:48.600Z {"type":"good","target_tagname":"image","target_id":"progressbar","configurationSettings":"nobridge-noproxy","number":3}
INST ff69d550bd9779b8 2016-03-24T21:11:48.900Z {"type":"unload","target_id":"configuration"}
