INST 516b14c771d3a772 2016-03-28T23:21:46.100Z {"type":"start"}
INST 516b14c771d3a772 2016-03-28T23:21:47.100Z {"type":"select","target_tagname":"menulist","target_id":"proxyType","value":""}
INST 516b14c771d3a772 2016-03-28T23:21:47.100Z {"type":"wizardnext","target_tagname":"wizard","target_id":"TorNetworkSettings"}
INST 516b14c771d3a772 2016-03-28T23:21:47.100Z {"type":"pageshow","target_tagname":"wizardpage","target_id":"first"}
INST 516b14c771d3a772 2016-03-28T23:21:47.200Z {"type":"load","target_id":"configuration"}
INST 516b14c771d3a772 2016-03-28T23:21:47.200Z {"type":"select","target_tagname":"menulist","target_id":"defaultBridgeType","value":"obfs3"}
INST 516b14c771d3a772 2016-03-28T23:21:54.700Z {"type":"click","target_tagname":"button","target_id":"connect_button","detail":1}
INST 516b14c771d3a772 2016-03-28T23:21:54.700Z {"type":"pagehide","target_tagname":"wizardpage","target_id":"first"}
INST 516b14c771d3a772 2016-03-28T23:21:54.700Z {"type":"pageadvanced","target_tagname":"wizardpage","target_id":"first"}
INST 516b14c771d3a772 2016-03-28T23:21:54.700Z {"type":"wizardnext","target_tagname":"wizard","target_id":"TorNetworkSettings"}
INST 516b14c771d3a772 2016-03-28T23:21:54.700Z {"type":"pageshow","target_tagname":"wizardpage","target_id":"inlineprogress"}
INST 516b14c771d3a772 2016-03-28T23:21:54.700Z {"type":"command","target_tagname":"button","target_id":"connect_button"}
INST 516b14c771d3a772 2016-03-28T23:21:54.800Z {"type":"progresschanged","target_tagname":"progressmeter","target_id":"progressMeter","value":5}
INST 516b14c771d3a772 2016-03-28T23:21:54.800Z {"type":"good","target_tagname":"image","target_id":"progressbar","configurationSettings":"nobridge-noproxy","number":1}
INST 516b14c771d3a772 2016-03-28T23:21:54.900Z {"type":"progresschanged","target_tagname":"progressmeter","target_id":"progressMeter","value":10}
INST 516b14c771d3a772 2016-03-28T23:21:54.900Z {"type":"good","target_tagname":"image","target_id":"progressbar","configurationSettings":"nobridge-noproxy","number":1}
INST 516b14c771d3a772 2016-03-28T23:21:55.500Z {"type":"progresschanged","target_tagname":"progressmeter","target_id":"progressMeter","value":15}
INST 516b14c771d3a772 2016-03-28T23:21:55.500Z {"type":"good","target_tagname":"image","target_id":"progressbar","configurationSettings":"nobridge-noproxy","number":1}
INST 516b14c771d3a772 2016-03-28T23:21:55.600Z {"type":"progresschanged","target_tagname":"progressmeter","target_id":"progressMeter","value":20}
INST 516b14c771d3a772 2016-03-28T23:21:55.600Z {"type":"good","target_tagname":"image","target_id":"progressbar","configurationSettings":"nobridge-noproxy","number":1}
INST 516b14c771d3a772 2016-03-28T23:21:55.800Z {"type":"progresschanged","target_tagname":"progressmeter","target_id":"progressMeter","value":25}
INST 516b14c771d3a772 2016-03-28T23:21:55.800Z {"type":"good","target_tagname":"image","target_id":"progressbar","configurationSettings":"nobridge-noproxy","number":2}
INST 516b14c771d3a772 2016-03-28T23:21:58.200Z {"type":"progresschanged","target_tagname":"progressmeter","target_id":"progressMeter","value":40}
INST 516b14c771d3a772 2016-03-28T23:21:58.200Z {"type":"good","target_tagname":"image","target_id":"progressbar","configurationSettings":"nobridge-noproxy","number":2}
INST 516b14c771d3a772 2016-03-28T23:21:59.200Z {"type":"progresschanged","target_tagname":"progressmeter","target_id":"progressMeter","value":45}
INST 516b14c771d3a772 2016-03-28T23:21:59.200Z {"type":"good","target_tagname":"image","target_id":"progressbar","configurationSettings":"nobridge-noproxy","number":2}
INST 516b14c771d3a772 2016-03-28T23:21:59.600Z {"type":"progresschanged","target_tagname":"progressmeter","target_id":"progressMeter","value":50}
INST 516b14c771d3a772 2016-03-28T23:21:59.600Z {"type":"good","target_tagname":"image","target_id":"progressbar","configurationSettings":"nobridge-noproxy","number":2}
INST 516b14c771d3a772 2016-03-28T23:22:00.800Z {"type":"progresschanged","target_tagname":"progressmeter","target_id":"progressMeter","value":51}
INST 516b14c771d3a772 2016-03-28T23:22:00.800Z {"type":"good","target_tagname":"image","target_id":"progressbar","configurationSettings":"nobridge-noproxy","number":2}
INST 516b14c771d3a772 2016-03-28T23:22:01.200Z {"type":"progresschanged","target_tagname":"progressmeter","target_id":"progressMeter","value":52}
INST 516b14c771d3a772 2016-03-28T23:22:01.200Z {"type":"good","target_tagname":"image","target_id":"progressbar","configurationSettings":"nobridge-noproxy","number":2}
INST 516b14c771d3a772 2016-03-28T23:22:01.500Z {"type":"progresschanged","target_tagname":"progressmeter","target_id":"progressMeter","value":53}
INST 516b14c771d3a772 2016-03-28T23:22:01.500Z {"type":"good","target_tagname":"image","target_id":"progressbar","configurationSettings":"nobridge-noproxy","number":2}
INST 516b14c771d3a772 2016-03-28T23:22:01.500Z {"type":"progresschanged","target_tagname":"progressmeter","target_id":"progressMeter","value":55}
INST 516b14c771d3a772 2016-03-28T23:22:01.500Z {"type":"good","target_tagname":"image","target_id":"progressbar","configurationSettings":"nobridge-noproxy","number":2}
INST 516b14c771d3a772 2016-03-28T23:22:01.800Z {"type":"progresschanged","target_tagname":"progressmeter","target_id":"progressMeter","value":57}
INST 516b14c771d3a772 2016-03-28T23:22:01.800Z {"type":"good","target_tagname":"image","target_id":"progressbar","configurationSettings":"nobridge-noproxy","number":2}
INST 516b14c771d3a772 2016-03-28T23:22:01.800Z {"type":"progresschanged","target_tagname":"progressmeter","target_id":"progressMeter","value":61}
INST 516b14c771d3a772 2016-03-28T23:22:01.800Z {"type":"good","target_tagname":"image","target_id":"progressbar","configurationSettings":"nobridge-noproxy","number":2}
INST 516b14c771d3a772 2016-03-28T23:22:02.300Z {"type":"progresschanged","target_tagname":"progressmeter","target_id":"progressMeter","value":65}
INST 516b14c771d3a772 2016-03-28T23:22:02.300Z {"type":"good","target_tagname":"image","target_id":"progressbar","configurationSettings":"nobridge-noproxy","number":2}
INST 516b14c771d3a772 2016-03-28T23:22:02.800Z {"type":"progresschanged","target_tagname":"progressmeter","target_id":"progressMeter","value":71}
INST 516b14c771d3a772 2016-03-28T23:22:02.800Z {"type":"good","target_tagname":"image","target_id":"progressbar","configurationSettings":"nobridge-noproxy","number":2}
INST 516b14c771d3a772 2016-03-28T23:22:04.800Z {"type":"progresschanged","target_tagname":"progressmeter","target_id":"progressMeter","value":80}
INST 516b14c771d3a772 2016-03-28T23:22:04.800Z {"type":"good","target_tagname":"image","target_id":"progressbar","configurationSettings":"nobridge-noproxy","number":2}
INST 516b14c771d3a772 2016-03-28T23:22:04.800Z {"type":"progresschanged","target_tagname":"progressmeter","target_id":"progressMeter","value":90}
INST 516b14c771d3a772 2016-03-28T23:22:04.800Z {"type":"good","target_tagname":"image","target_id":"progressbar","configurationSettings":"nobridge-noproxy","number":2}
INST 516b14c771d3a772 2016-03-28T23:22:06.800Z {"type":"progresschanged","target_tagname":"progressmeter","target_id":"progressMeter","value":100}
INST 516b14c771d3a772 2016-03-28T23:22:06.800Z {"type":"good","target_tagname":"image","target_id":"progressbar","configurationSettings":"nobridge-noproxy","number":3}
INST 516b14c771d3a772 2016-03-28T23:22:07.000Z {"type":"unload","target_id":"configuration"}
