INST a718712ca3d146c3 2016-03-28T21:19:03.300Z {"type":"start"}
INST a718712ca3d146c3 2016-03-28T21:19:05.100Z {"type":"select","target_tagname":"menulist","target_id":"proxyType","value":""}
INST a718712ca3d146c3 2016-03-28T21:19:05.100Z {"type":"wizardnext","target_tagname":"wizard","target_id":"TorNetworkSettings"}
INST a718712ca3d146c3 2016-03-28T21:19:05.100Z {"type":"pageshow","target_tagname":"wizardpage","target_id":"first"}
INST a718712ca3d146c3 2016-03-28T21:19:05.100Z {"type":"load","target_id":"configuration"}
INST a718712ca3d146c3 2016-03-28T21:19:05.100Z {"type":"select","target_tagname":"menulist","target_id":"defaultBridgeType","value":"obfs3"}
INST a718712ca3d146c3 2016-03-28T21:19:10.900Z {"type":"click","target_tagname":"button","target_id":"configure_button","detail":1}
INST a718712ca3d146c3 2016-03-28T21:19:10.900Z {"type":"pagehide","target_tagname":"wizardpage","target_id":"first"}
INST a718712ca3d146c3 2016-03-28T21:19:10.900Z {"type":"pageadvanced","target_tagname":"wizardpage","target_id":"first"}
INST a718712ca3d146c3 2016-03-28T21:19:10.900Z {"type":"wizardnext","target_tagname":"wizard","target_id":"TorNetworkSettings"}
INST a718712ca3d146c3 2016-03-28T21:19:10.900Z {"type":"pageshow","target_tagname":"wizardpage","target_id":"proxy"}
INST a718712ca3d146c3 2016-03-28T21:19:10.900Z {"type":"command","target_tagname":"button","target_id":"configure_button"}
INST a718712ca3d146c3 2016-03-28T21:19:16.300Z {"type":"click","target_tagname":"wizard","target_id":"TorNetworkSettings","detail":1}
INST a718712ca3d146c3 2016-03-28T21:19:16.300Z {"type":"pagehide","target_tagname":"wizardpage","target_id":"proxy"}
INST a718712ca3d146c3 2016-03-28T21:19:16.300Z {"type":"pageadvanced","target_tagname":"wizardpage","target_id":"proxy"}
INST a718712ca3d146c3 2016-03-28T21:19:16.300Z {"type":"wizardnext","target_tagname":"wizard","target_id":"TorNetworkSettings"}
INST a718712ca3d146c3 2016-03-28T21:19:16.300Z {"type":"pageshow","target_tagname":"wizardpage","target_id":"bridges"}
INST a718712ca3d146c3 2016-03-28T21:19:16.300Z {"type":"command","target_tagname":"wizard","target_id":"TorNetworkSettings"}
INST a718712ca3d146c3 2016-03-28T21:19:19.800Z {"type":"click","target_tagname":"radio","target_id":"bridgeRadioDefault","detail":1}
INST a718712ca3d146c3 2016-03-28T21:19:19.800Z {"type":"command","target_tagname":"radio","target_id":"bridgeRadioDefault"}
INST a718712ca3d146c3 2016-03-28T21:19:21.800Z {"type":"click","target_tagname":"wizard","target_id":"TorNetworkSettings","detail":1}
INST a718712ca3d146c3 2016-03-28T21:19:21.800Z {"type":"pagehide","target_tagname":"wizardpage","target_id":"bridges"}
INST a718712ca3d146c3 2016-03-28T21:19:21.800Z {"type":"pageadvanced","target_tagname":"wizardpage","target_id":"bridges"}
INST a718712ca3d146c3 2016-03-28T21:19:21.800Z {"type":"wizardnext","target_tagname":"wizard","target_id":"TorNetworkSettings"}
INST a718712ca3d146c3 2016-03-28T21:19:21.800Z {"type":"pageshow","target_tagname":"wizardpage","target_id":"summary"}
INST a718712ca3d146c3 2016-03-28T21:19:21.800Z {"type":"command","target_tagname":"wizard","target_id":"TorNetworkSettings"}
INST a718712ca3d146c3 2016-03-28T21:19:23.400Z {"type":"pagehide","target_tagname":"wizardpage","target_id":"summary"}
INST a718712ca3d146c3 2016-03-28T21:19:23.400Z {"type":"pageadvanced","target_tagname":"wizardpage","target_id":"summary"}
INST a718712ca3d146c3 2016-03-28T21:19:23.500Z {"type":"wizardnext","target_tagname":"wizard","target_id":"TorNetworkSettings"}
INST a718712ca3d146c3 2016-03-28T21:19:23.500Z {"type":"pageshow","target_tagname":"wizardpage","target_id":"inlineprogress"}
INST a718712ca3d146c3 2016-03-28T21:19:23.500Z {"type":"click","target_tagname":"wizard","target_id":"TorNetworkSettings","detail":1}
INST a718712ca3d146c3 2016-03-28T21:19:30.100Z {"type":"progresschanged","target_tagname":"progressmeter","target_id":"progressMeter","value":5}
INST a718712ca3d146c3 2016-03-28T21:19:30.100Z {"type":"good","target_tagname":"image","target_id":"progressbar","configurationSettings":"bridge-noproxy","number":1}
INST a718712ca3d146c3 2016-03-28T21:19:30.100Z {"type":"progresschanged","target_tagname":"progressmeter","target_id":"progressMeter","value":10}
INST a718712ca3d146c3 2016-03-28T21:19:30.100Z {"type":"good","target_tagname":"image","target_id":"progressbar","configurationSettings":"bridge-noproxy","number":1}
INST a718712ca3d146c3 2016-03-28T21:19:31.100Z {"type":"progresschanged","target_tagname":"progressmeter","target_id":"progressMeter","value":15}
INST a718712ca3d146c3 2016-03-28T21:19:31.100Z {"type":"good","target_tagname":"image","target_id":"progressbar","configurationSettings":"bridge-noproxy","number":1}
INST a718712ca3d146c3 2016-03-28T21:19:31.300Z {"type":"progresschanged","target_tagname":"progressmeter","target_id":"progressMeter","value":20}
INST a718712ca3d146c3 2016-03-28T21:19:31.300Z {"type":"good","target_tagname":"image","target_id":"progressbar","configurationSettings":"bridge-noproxy","number":1}
INST a718712ca3d146c3 2016-03-28T21:19:31.900Z {"type":"progresschanged","target_tagname":"progressmeter","target_id":"progressMeter","value":25}
INST a718712ca3d146c3 2016-03-28T21:19:31.900Z {"type":"good","target_tagname":"image","target_id":"progressbar","configurationSettings":"bridge-noproxy","number":2}
INST a718712ca3d146c3 2016-03-28T21:19:33.600Z {"type":"progresschanged","target_tagname":"progressmeter","target_id":"progressMeter","value":40}
INST a718712ca3d146c3 2016-03-28T21:19:33.600Z {"type":"good","target_tagname":"image","target_id":"progressbar","configurationSettings":"bridge-noproxy","number":2}
INST a718712ca3d146c3 2016-03-28T21:19:34.000Z {"type":"progresschanged","target_tagname":"progressmeter","target_id":"progressMeter","value":45}
INST a718712ca3d146c3 2016-03-28T21:19:34.000Z {"type":"good","target_tagname":"image","target_id":"progressbar","configurationSettings":"bridge-noproxy","number":2}
INST a718712ca3d146c3 2016-03-28T21:19:34.300Z {"type":"progresschanged","target_tagname":"progressmeter","target_id":"progressMeter","value":50}
INST a718712ca3d146c3 2016-03-28T21:19:34.300Z {"type":"good","target_tagname":"image","target_id":"progressbar","configurationSettings":"bridge-noproxy","number":2}
INST a718712ca3d146c3 2016-03-28T21:19:35.200Z {"type":"progresschanged","target_tagname":"progressmeter","target_id":"progressMeter","value":51}
INST a718712ca3d146c3 2016-03-28T21:19:35.200Z {"type":"good","target_tagname":"image","target_id":"progressbar","configurationSettings":"bridge-noproxy","number":2}
INST a718712ca3d146c3 2016-03-28T21:19:35.300Z {"type":"progresschanged","target_tagname":"progressmeter","target_id":"progressMeter","value":52}
INST a718712ca3d146c3 2016-03-28T21:19:35.300Z {"type":"good","target_tagname":"image","target_id":"progressbar","configurationSettings":"bridge-noproxy","number":2}
INST a718712ca3d146c3 2016-03-28T21:19:35.400Z {"type":"progresschanged","target_tagname":"progressmeter","target_id":"progressMeter","value":53}
INST a718712ca3d146c3 2016-03-28T21:19:35.400Z {"type":"good","target_tagname":"image","target_id":"progressbar","configurationSettings":"bridge-noproxy","number":2}
INST a718712ca3d146c3 2016-03-28T21:19:35.500Z {"type":"progresschanged","target_tagname":"progressmeter","target_id":"progressMeter","value":56}
INST a718712ca3d146c3 2016-03-28T21:19:35.500Z {"type":"good","target_tagname":"image","target_id":"progressbar","configurationSettings":"bridge-noproxy","number":2}
INST a718712ca3d146c3 2016-03-28T21:19:35.500Z {"type":"progresschanged","target_tagname":"progressmeter","target_id":"progressMeter","value":59}
INST a718712ca3d146c3 2016-03-28T21:19:35.500Z {"type":"good","target_tagname":"image","target_id":"progressbar","configurationSettings":"bridge-noproxy","number":2}
INST a718712ca3d146c3 2016-03-28T21:19:35.500Z {"type":"progresschanged","target_tagname":"progressmeter","target_id":"progressMeter","value":62}
INST a718712ca3d146c3 2016-03-28T21:19:35.500Z {"type":"good","target_tagname":"image","target_id":"progressbar","configurationSettings":"bridge-noproxy","number":2}
INST a718712ca3d146c3 2016-03-28T21:19:35.600Z {"type":"progresschanged","target_tagname":"progressmeter","target_id":"progressMeter","value":67}
INST a718712ca3d146c3 2016-03-28T21:19:35.600Z {"type":"good","target_tagname":"image","target_id":"progressbar","configurationSettings":"bridge-noproxy","number":2}
INST a718712ca3d146c3 2016-03-28T21:19:35.600Z {"type":"progresschanged","target_tagname":"progressmeter","target_id":"progressMeter","value":72}
INST a718712ca3d146c3 2016-03-28T21:19:35.600Z {"type":"good","target_tagname":"image","target_id":"progressbar","configurationSettings":"bridge-noproxy","number":2}
INST a718712ca3d146c3 2016-03-28T21:19:36.100Z {"type":"progresschanged","target_tagname":"progressmeter","target_id":"progressMeter","value":80}
INST a718712ca3d146c3 2016-03-28T21:19:36.100Z {"type":"good","target_tagname":"image","target_id":"progressbar","configurationSettings":"bridge-noproxy","number":2}
INST a718712ca3d146c3 2016-03-28T21:19:36.100Z {"type":"progresschanged","target_tagname":"progressmeter","target_id":"progressMeter","value":90}
INST a718712ca3d146c3 2016-03-28T21:19:36.100Z {"type":"good","target_tagname":"image","target_id":"progressbar","configurationSettings":"bridge-noproxy","number":3}
INST a718712ca3d146c3 2016-03-28T21:19:39.500Z {"type":"progresschanged","target_tagname":"progressmeter","target_id":"progressMeter","value":100}
INST a718712ca3d146c3 2016-03-28T21:19:39.500Z {"type":"good","target_tagname":"image","target_id":"progressbar","configurationSettings":"bridge-noproxy","number":4}
INST a718712ca3d146c3 2016-03-28T21:19:39.800Z {"type":"unload","target_id":"configuration"}
INST 85fedf913452443f 2016-03-28T21:24:25.500Z {"type":"start"}
INST 85fedf913452443f 2016-03-28T21:24:26.500Z {"type":"select","target_tagname":"menulist","target_id":"proxyType","value":""}
INST 85fedf913452443f 2016-03-28T21:24:26.500Z {"type":"wizardnext","target_tagname":"wizard","target_id":"TorNetworkSettings"}
INST 85fedf913452443f 2016-03-28T21:24:26.500Z {"type":"pageshow","target_tagname":"wizardpage","target_id":"first"}
INST 85fedf913452443f 2016-03-28T21:24:26.600Z {"type":"load","target_id":"configuration"}
INST 85fedf913452443f 2016-03-28T21:24:26.600Z {"type":"select","target_tagname":"menulist","target_id":"defaultBridgeType","value":"obfs3"}
INST 85fedf913452443f 2016-03-28T21:24:28.400Z {"type":"progresschanged","target_tagname":"progressmeter","target_id":"progressMeter","value":5}
INST 85fedf913452443f 2016-03-28T21:24:28.400Z {"type":"good","target_tagname":"image","target_id":"progressbar","configurationSettings":"bridge-noproxy","number":1}
INST 85fedf913452443f 2016-03-28T21:24:28.400Z {"type":"progresschanged","target_tagname":"progressmeter","target_id":"progressMeter","value":10}
INST 85fedf913452443f 2016-03-28T21:24:28.400Z {"type":"good","target_tagname":"image","target_id":"progressbar","configurationSettings":"bridge-noproxy","number":1}
INST 85fedf913452443f 2016-03-28T21:24:28.400Z {"type":"click","target_tagname":"button","target_id":"configure_button","detail":1}
INST 85fedf913452443f 2016-03-28T21:24:28.400Z {"type":"pagehide","target_tagname":"wizardpage","target_id":"first"}
INST 85fedf913452443f 2016-03-28T21:24:28.400Z {"type":"pageadvanced","target_tagname":"wizardpage","target_id":"first"}
INST 85fedf913452443f 2016-03-28T21:24:28.400Z {"type":"wizardnext","target_tagname":"wizard","target_id":"TorNetworkSettings"}
INST 85fedf913452443f 2016-03-28T21:24:28.400Z {"type":"pageshow","target_tagname":"wizardpage","target_id":"proxy"}
INST 85fedf913452443f 2016-03-28T21:24:28.400Z {"type":"command","target_tagname":"button","target_id":"configure_button"}
INST 85fedf913452443f 2016-03-28T21:24:29.500Z {"type":"progresschanged","target_tagname":"progressmeter","target_id":"progressMeter","value":15}
INST 85fedf913452443f 2016-03-28T21:24:29.500Z {"type":"good","target_tagname":"image","target_id":"progressbar","configurationSettings":"bridge-noproxy","number":1}
INST 85fedf913452443f 2016-03-28T21:24:29.700Z {"type":"progresschanged","target_tagname":"progressmeter","target_id":"progressMeter","value":20}
INST 85fedf913452443f 2016-03-28T21:24:29.700Z {"type":"good","target_tagname":"image","target_id":"progressbar","configurationSettings":"bridge-noproxy","number":1}
INST 85fedf913452443f 2016-03-28T21:24:30.500Z {"type":"click","target_tagname":"wizard","target_id":"TorNetworkSettings","detail":1}
INST 85fedf913452443f 2016-03-28T21:24:30.500Z {"type":"pagehide","target_tagname":"wizardpage","target_id":"proxy"}
INST 85fedf913452443f 2016-03-28T21:24:30.500Z {"type":"pageadvanced","target_tagname":"wizardpage","target_id":"proxy"}
INST 85fedf913452443f 2016-03-28T21:24:30.500Z {"type":"wizardnext","target_tagname":"wizard","target_id":"TorNetworkSettings"}
INST 85fedf913452443f 2016-03-28T21:24:30.500Z {"type":"pageshow","target_tagname":"wizardpage","target_id":"bridges"}
INST 85fedf913452443f 2016-03-28T21:24:30.500Z {"type":"command","target_tagname":"wizard","target_id":"TorNetworkSettings"}
INST 85fedf913452443f 2016-03-28T21:24:31.800Z {"type":"click","target_tagname":"wizard","target_id":"TorNetworkSettings","detail":1}
INST 85fedf913452443f 2016-03-28T21:24:31.800Z {"type":"pagehide","target_tagname":"wizardpage","target_id":"bridges"}
INST 85fedf913452443f 2016-03-28T21:24:31.800Z {"type":"pageadvanced","target_tagname":"wizardpage","target_id":"bridges"}
INST 85fedf913452443f 2016-03-28T21:24:31.800Z {"type":"wizardnext","target_tagname":"wizard","target_id":"TorNetworkSettings"}
INST 85fedf913452443f 2016-03-28T21:24:31.800Z {"type":"pageshow","target_tagname":"wizardpage","target_id":"summary"}
INST 85fedf913452443f 2016-03-28T21:24:31.800Z {"type":"command","target_tagname":"wizard","target_id":"TorNetworkSettings"}
INST 85fedf913452443f 2016-03-28T21:24:32.700Z {"type":"pagehide","target_tagname":"wizardpage","target_id":"summary"}
INST 85fedf913452443f 2016-03-28T21:24:32.700Z {"type":"pageadvanced","target_tagname":"wizardpage","target_id":"summary"}
INST 85fedf913452443f 2016-03-28T21:24:32.700Z {"type":"wizardnext","target_tagname":"wizard","target_id":"TorNetworkSettings"}
INST 85fedf913452443f 2016-03-28T21:24:32.700Z {"type":"pageshow","target_tagname":"wizardpage","target_id":"inlineprogress"}
INST 85fedf913452443f 2016-03-28T21:24:32.700Z {"type":"click","target_tagname":"wizard","target_id":"TorNetworkSettings","detail":1}
INST 85fedf913452443f 2016-03-28T21:24:33.100Z {"type":"progresschanged","target_tagname":"progressmeter","target_id":"progressMeter","value":25}
INST 85fedf913452443f 2016-03-28T21:24:33.100Z {"type":"good","target_tagname":"image","target_id":"progressbar","configurationSettings":"bridge-noproxy","number":2}
INST 85fedf913452443f 2016-03-28T21:24:34.700Z {"type":"progresschanged","target_tagname":"progressmeter","target_id":"progressMeter","value":80}
INST 85fedf913452443f 2016-03-28T21:24:34.700Z {"type":"good","target_tagname":"image","target_id":"progressbar","configurationSettings":"bridge-noproxy","number":2}
INST 85fedf913452443f 2016-03-28T21:24:35.400Z {"type":"progresschanged","target_tagname":"progressmeter","target_id":"progressMeter","value":90}
INST 85fedf913452443f 2016-03-28T21:24:35.400Z {"type":"good","target_tagname":"image","target_id":"progressbar","configurationSettings":"bridge-noproxy","number":3}
INST 85fedf913452443f 2016-03-28T21:24:36.100Z {"type":"progresschanged","target_tagname":"progressmeter","target_id":"progressMeter","value":100}
INST 85fedf913452443f 2016-03-28T21:24:36.100Z {"type":"good","target_tagname":"image","target_id":"progressbar","configurationSettings":"bridge-noproxy","number":4}
INST 85fedf913452443f 2016-03-28T21:24:36.400Z {"type":"unload","target_id":"configuration"}
