INST ee8de5bf41836c92 2016-03-28T21:20:59.500Z {"type":"start"}
INST ee8de5bf41836c92 2016-03-28T21:21:02.900Z {"type":"select","target_tagname":"menulist","target_id":"proxyType","value":""}
INST ee8de5bf41836c92 2016-03-28T21:21:02.900Z {"type":"wizardnext","target_tagname":"wizard","target_id":"TorNetworkSettings"}
INST ee8de5bf41836c92 2016-03-28T21:21:02.900Z {"type":"pageshow","target_tagname":"wizardpage","target_id":"first"}
INST ee8de5bf41836c92 2016-03-28T21:21:03.000Z {"type":"load","target_id":"configuration"}
INST ee8de5bf41836c92 2016-03-28T21:21:03.000Z {"type":"select","target_tagname":"menulist","target_id":"defaultBridgeType","value":"obfs3"}
INST ee8de5bf41836c92 2016-03-28T21:21:06.100Z {"type":"click","target_tagname":"button","target_id":"connect_button","detail":1}
INST ee8de5bf41836c92 2016-03-28T21:21:06.100Z {"type":"pagehide","target_tagname":"wizardpage","target_id":"first"}
INST ee8de5bf41836c92 2016-03-28T21:21:06.100Z {"type":"pageadvanced","target_tagname":"wizardpage","target_id":"first"}
INST ee8de5bf41836c92 2016-03-28T21:21:06.100Z {"type":"wizardnext","target_tagname":"wizard","target_id":"TorNetworkSettings"}
INST ee8de5bf41836c92 2016-03-28T21:21:06.100Z {"type":"pageshow","target_tagname":"wizardpage","target_id":"inlineprogress"}
INST ee8de5bf41836c92 2016-03-28T21:21:06.100Z {"type":"command","target_tagname":"button","target_id":"connect_button"}
INST ee8de5bf41836c92 2016-03-28T21:21:07.000Z {"type":"progresschanged","target_tagname":"progressmeter","target_id":"progressMeter","value":5}
INST ee8de5bf41836c92 2016-03-28T21:21:07.000Z {"type":"good","target_tagname":"image","target_id":"progressbar","configurationSettings":"nobridge-noproxy","number":1}
INST ee8de5bf41836c92 2016-03-28T21:21:07.000Z {"type":"progresschanged","target_tagname":"progressmeter","target_id":"progressMeter","value":10}
INST ee8de5bf41836c92 2016-03-28T21:21:07.000Z {"type":"good","target_tagname":"image","target_id":"progressbar","configurationSettings":"nobridge-noproxy","number":1}
INST ee8de5bf41836c92 2016-03-28T21:21:07.800Z {"type":"progresschanged","target_tagname":"progressmeter","target_id":"progressMeter","value":15}
INST ee8de5bf41836c92 2016-03-28T21:21:07.800Z {"type":"good","target_tagname":"image","target_id":"progressbar","configurationSettings":"nobridge-noproxy","number":1}
INST ee8de5bf41836c92 2016-03-28T21:21:07.900Z {"type":"progresschanged","target_tagname":"progressmeter","target_id":"progressMeter","value":20}
INST ee8de5bf41836c92 2016-03-28T21:21:07.900Z {"type":"good","target_tagname":"image","target_id":"progressbar","configurationSettings":"nobridge-noproxy","number":1}
INST ee8de5bf41836c92 2016-03-28T21:21:08.000Z {"type":"progresschanged","target_tagname":"progressmeter","target_id":"progressMeter","value":25}
INST ee8de5bf41836c92 2016-03-28T21:21:08.000Z {"type":"good","target_tagname":"image","target_id":"progressbar","configurationSettings":"nobridge-noproxy","number":2}
INST ee8de5bf41836c92 2016-03-28T21:21:33.100Z {"type":"progresschanged","target_tagname":"progressmeter","target_id":"progressMeter","value":40}
INST ee8de5bf41836c92 2016-03-28T21:21:33.100Z {"type":"good","target_tagname":"image","target_id":"progressbar","configurationSettings":"nobridge-noproxy","number":2}
INST ee8de5bf41836c92 2016-03-28T21:21:33.900Z {"type":"progresschanged","target_tagname":"progressmeter","target_id":"progressMeter","value":45}
INST ee8de5bf41836c92 2016-03-28T21:21:33.900Z {"type":"good","target_tagname":"image","target_id":"progressbar","configurationSettings":"nobridge-noproxy","number":2}
INST ee8de5bf41836c92 2016-03-28T21:21:34.900Z {"type":"progresschanged","target_tagname":"progressmeter","target_id":"progressMeter","value":50}
INST ee8de5bf41836c92 2016-03-28T21:21:34.900Z {"type":"good","target_tagname":"image","target_id":"progressbar","configurationSettings":"nobridge-noproxy","number":2}
INST ee8de5bf41836c92 2016-03-28T21:21:36.300Z {"type":"progresschanged","target_tagname":"progressmeter","target_id":"progressMeter","value":51}
INST ee8de5bf41836c92 2016-03-28T21:21:36.300Z {"type":"good","target_tagname":"image","target_id":"progressbar","configurationSettings":"nobridge-noproxy","number":2}
INST ee8de5bf41836c92 2016-03-28T21:21:36.500Z {"type":"progresschanged","target_tagname":"progressmeter","target_id":"progressMeter","value":52}
INST ee8de5bf41836c92 2016-03-28T21:21:36.500Z {"type":"good","target_tagname":"image","target_id":"progressbar","configurationSettings":"nobridge-noproxy","number":2}
INST ee8de5bf41836c92 2016-03-28T21:21:36.600Z {"type":"progresschanged","target_tagname":"progressmeter","target_id":"progressMeter","value":54}
INST ee8de5bf41836c92 2016-03-28T21:21:36.600Z {"type":"good","target_tagname":"image","target_id":"progressbar","configurationSettings":"nobridge-noproxy","number":2}
INST ee8de5bf41836c92 2016-03-28T21:21:36.700Z {"type":"progresschanged","target_tagname":"progressmeter","target_id":"progressMeter","value":56}
INST ee8de5bf41836c92 2016-03-28T21:21:36.700Z {"type":"good","target_tagname":"image","target_id":"progressbar","configurationSettings":"nobridge-noproxy","number":2}
INST ee8de5bf41836c92 2016-03-28T21:21:37.000Z {"type":"progresschanged","target_tagname":"progressmeter","target_id":"progressMeter","value":60}
INST ee8de5bf41836c92 2016-03-28T21:21:37.000Z {"type":"good","target_tagname":"image","target_id":"progressbar","configurationSettings":"nobridge-noproxy","number":2}
INST ee8de5bf41836c92 2016-03-28T21:21:37.200Z {"type":"progresschanged","target_tagname":"progressmeter","target_id":"progressMeter","value":65}
INST ee8de5bf41836c92 2016-03-28T21:21:37.200Z {"type":"good","target_tagname":"image","target_id":"progressbar","configurationSettings":"nobridge-noproxy","number":2}
INST ee8de5bf41836c92 2016-03-28T21:21:37.300Z {"type":"progresschanged","target_tagname":"progressmeter","target_id":"progressMeter","value":69}
INST ee8de5bf41836c92 2016-03-28T21:21:37.300Z {"type":"good","target_tagname":"image","target_id":"progressbar","configurationSettings":"nobridge-noproxy","number":2}
INST ee8de5bf41836c92 2016-03-28T21:21:37.800Z {"type":"progresschanged","target_tagname":"progressmeter","target_id":"progressMeter","value":76}
INST ee8de5bf41836c92 2016-03-28T21:21:37.800Z {"type":"good","target_tagname":"image","target_id":"progressbar","configurationSettings":"nobridge-noproxy","number":2}
INST ee8de5bf41836c92 2016-03-28T21:21:38.000Z {"type":"progresschanged","target_tagname":"progressmeter","target_id":"progressMeter","value":80}
INST ee8de5bf41836c92 2016-03-28T21:21:38.000Z {"type":"good","target_tagname":"image","target_id":"progressbar","configurationSettings":"nobridge-noproxy","number":2}
INST ee8de5bf41836c92 2016-03-28T21:21:38.000Z {"type":"progresschanged","target_tagname":"progressmeter","target_id":"progressMeter","value":90}
INST ee8de5bf41836c92 2016-03-28T21:21:38.000Z {"type":"good","target_tagname":"image","target_id":"progressbar","configurationSettings":"nobridge-noproxy","number":2}
INST ee8de5bf41836c92 2016-03-28T21:21:38.700Z {"type":"progresschanged","target_tagname":"progressmeter","target_id":"progressMeter","value":100}
INST ee8de5bf41836c92 2016-03-28T21:21:38.700Z {"type":"good","target_tagname":"image","target_id":"progressbar","configurationSettings":"nobridge-noproxy","number":3}
INST ee8de5bf41836c92 2016-03-28T21:21:38.900Z {"type":"unload","target_id":"configuration"}
INST 427be94f63d9d3ac 2016-03-28T21:22:16.900Z {"type":"start"}
INST 427be94f63d9d3ac 2016-03-28T21:22:18.100Z {"type":"select","target_tagname":"menulist","target_id":"proxyType","value":""}
INST 427be94f63d9d3ac 2016-03-28T21:22:18.100Z {"type":"wizardnext","target_tagname":"wizard","target_id":"TorNetworkSettings"}
INST 427be94f63d9d3ac 2016-03-28T21:22:18.100Z {"type":"pageshow","target_tagname":"wizardpage","target_id":"first"}
INST 427be94f63d9d3ac 2016-03-28T21:22:18.100Z {"type":"load","target_id":"configuration"}
INST 427be94f63d9d3ac 2016-03-28T21:22:18.100Z {"type":"select","target_tagname":"menulist","target_id":"defaultBridgeType","value":"obfs3"}
INST 427be94f63d9d3ac 2016-03-28T21:22:18.200Z {"type":"progresschanged","target_tagname":"progressmeter","target_id":"progressMeter","value":85}
INST 427be94f63d9d3ac 2016-03-28T21:22:18.200Z {"type":"good","target_tagname":"image","target_id":"progressbar","configurationSettings":"nobridge-noproxy","number":2}
INST 427be94f63d9d3ac 2016-03-28T21:22:18.700Z {"type":"progresschanged","target_tagname":"progressmeter","target_id":"progressMeter","value":90}
INST 427be94f63d9d3ac 2016-03-28T21:22:18.700Z {"type":"good","target_tagname":"image","target_id":"progressbar","configurationSettings":"nobridge-noproxy","number":2}
INST 427be94f63d9d3ac 2016-03-28T21:22:19.700Z {"type":"progresschanged","target_tagname":"progressmeter","target_id":"progressMeter","value":100}
INST 427be94f63d9d3ac 2016-03-28T21:22:19.700Z {"type":"good","target_tagname":"image","target_id":"progressbar","configurationSettings":"nobridge-noproxy","number":3}
INST 427be94f63d9d3ac 2016-03-28T21:22:19.900Z {"type":"unload","target_id":"configuration"}
