INST aca1fb5dfa3210bd 2016-03-28T21:19:00.900Z {"type":"start"}
INST aca1fb5dfa3210bd 2016-03-28T21:19:02.000Z {"type":"select","target_tagname":"menulist","target_id":"proxyType","value":""}
INST aca1fb5dfa3210bd 2016-03-28T21:19:02.000Z {"type":"wizardnext","target_tagname":"wizard","target_id":"TorNetworkSettings"}
INST aca1fb5dfa3210bd 2016-03-28T21:19:02.000Z {"type":"pageshow","target_tagname":"wizardpage","target_id":"first"}
INST aca1fb5dfa3210bd 2016-03-28T21:19:02.000Z {"type":"load","target_id":"configuration"}
INST aca1fb5dfa3210bd 2016-03-28T21:19:02.100Z {"type":"select","target_tagname":"menulist","target_id":"defaultBridgeType","value":"obfs3"}
INST aca1fb5dfa3210bd 2016-03-28T21:19:03.800Z {"type":"click","target_tagname":"button","target_id":"connect_button","detail":1}
INST aca1fb5dfa3210bd 2016-03-28T21:19:03.800Z {"type":"pagehide","target_tagname":"wizardpage","target_id":"first"}
INST aca1fb5dfa3210bd 2016-03-28T21:19:03.800Z {"type":"pageadvanced","target_tagname":"wizardpage","target_id":"first"}
INST aca1fb5dfa3210bd 2016-03-28T21:19:03.800Z {"type":"wizardnext","target_tagname":"wizard","target_id":"TorNetworkSettings"}
INST aca1fb5dfa3210bd 2016-03-28T21:19:03.800Z {"type":"pageshow","target_tagname":"wizardpage","target_id":"inlineprogress"}
INST aca1fb5dfa3210bd 2016-03-28T21:19:03.800Z {"type":"command","target_tagname":"button","target_id":"connect_button"}
INST aca1fb5dfa3210bd 2016-03-28T21:19:04.400Z {"type":"progresschanged","target_tagname":"progressmeter","target_id":"progressMeter","value":5}
INST aca1fb5dfa3210bd 2016-03-28T21:19:04.400Z {"type":"good","target_tagname":"image","target_id":"progressbar","configurationSettings":"nobridge-noproxy","number":1}
INST aca1fb5dfa3210bd 2016-03-28T21:19:04.600Z {"type":"progresschanged","target_tagname":"progressmeter","target_id":"progressMeter","value":10}
INST aca1fb5dfa3210bd 2016-03-28T21:19:04.600Z {"type":"good","target_tagname":"image","target_id":"progressbar","configurationSettings":"nobridge-noproxy","number":1}
INST aca1fb5dfa3210bd 2016-03-28T21:19:05.100Z {"type":"progresschanged","target_tagname":"progressmeter","target_id":"progressMeter","value":15}
INST aca1fb5dfa3210bd 2016-03-28T21:19:05.100Z {"type":"good","target_tagname":"image","target_id":"progressbar","configurationSettings":"nobridge-noproxy","number":1}
INST aca1fb5dfa3210bd 2016-03-28T21:19:05.300Z {"type":"progresschanged","target_tagname":"progressmeter","target_id":"progressMeter","value":20}
INST aca1fb5dfa3210bd 2016-03-28T21:19:05.300Z {"type":"good","target_tagname":"image","target_id":"progressbar","configurationSettings":"nobridge-noproxy","number":1}
INST aca1fb5dfa3210bd 2016-03-28T21:19:05.400Z {"type":"progresschanged","target_tagname":"progressmeter","target_id":"progressMeter","value":25}
INST aca1fb5dfa3210bd 2016-03-28T21:19:05.400Z {"type":"good","target_tagname":"image","target_id":"progressbar","configurationSettings":"nobridge-noproxy","number":2}
INST aca1fb5dfa3210bd 2016-03-28T21:19:07.100Z {"type":"progresschanged","target_tagname":"progressmeter","target_id":"progressMeter","value":40}
INST aca1fb5dfa3210bd 2016-03-28T21:19:07.100Z {"type":"good","target_tagname":"image","target_id":"progressbar","configurationSettings":"nobridge-noproxy","number":2}
INST aca1fb5dfa3210bd 2016-03-28T21:19:07.500Z {"type":"progresschanged","target_tagname":"progressmeter","target_id":"progressMeter","value":45}
INST aca1fb5dfa3210bd 2016-03-28T21:19:07.500Z {"type":"good","target_tagname":"image","target_id":"progressbar","configurationSettings":"nobridge-noproxy","number":2}
INST aca1fb5dfa3210bd 2016-03-28T21:19:08.500Z {"type":"progresschanged","target_tagname":"progressmeter","target_id":"progressMeter","value":50}
INST aca1fb5dfa3210bd 2016-03-28T21:19:08.500Z {"type":"good","target_tagname":"image","target_id":"progressbar","configurationSettings":"nobridge-noproxy","number":2}
INST aca1fb5dfa3210bd 2016-03-28T21:19:10.100Z {"type":"progresschanged","target_tagname":"progressmeter","target_id":"progressMeter","value":51}
INST aca1fb5dfa3210bd 2016-03-28T21:19:10.100Z {"type":"good","target_tagname":"image","target_id":"progressbar","configurationSettings":"nobridge-noproxy","number":2}
INST aca1fb5dfa3210bd 2016-03-28T21:19:10.200Z {"type":"progresschanged","target_tagname":"progressmeter","target_id":"progressMeter","value":53}
INST aca1fb5dfa3210bd 2016-03-28T21:19:10.200Z {"type":"good","target_tagname":"image","target_id":"progressbar","configurationSettings":"nobridge-noproxy","number":2}
INST aca1fb5dfa3210bd 2016-03-28T21:19:10.300Z {"type":"progresschanged","target_tagname":"progressmeter","target_id":"progressMeter","value":55}
INST aca1fb5dfa3210bd 2016-03-28T21:19:10.300Z {"type":"good","target_tagname":"image","target_id":"progressbar","configurationSettings":"nobridge-noproxy","number":2}
INST aca1fb5dfa3210bd 2016-03-28T21:19:10.400Z {"type":"progresschanged","target_tagname":"progressmeter","target_id":"progressMeter","value":57}
INST aca1fb5dfa3210bd 2016-03-28T21:19:10.400Z {"type":"good","target_tagname":"image","target_id":"progressbar","configurationSettings":"nobridge-noproxy","number":2}
INST aca1fb5dfa3210bd 2016-03-28T21:19:10.700Z {"type":"progresschanged","target_tagname":"progressmeter","target_id":"progressMeter","value":60}
INST aca1fb5dfa3210bd 2016-03-28T21:19:10.700Z {"type":"good","target_tagname":"image","target_id":"progressbar","configurationSettings":"nobridge-noproxy","number":2}
INST aca1fb5dfa3210bd 2016-03-28T21:19:10.800Z {"type":"progresschanged","target_tagname":"progressmeter","target_id":"progressMeter","value":65}
INST aca1fb5dfa3210bd 2016-03-28T21:19:10.800Z {"type":"good","target_tagname":"image","target_id":"progressbar","configurationSettings":"nobridge-noproxy","number":2}
INST aca1fb5dfa3210bd 2016-03-28T21:19:11.400Z {"type":"progresschanged","target_tagname":"progressmeter","target_id":"progressMeter","value":71}
INST aca1fb5dfa3210bd 2016-03-28T21:19:11.400Z {"type":"good","target_tagname":"image","target_id":"progressbar","configurationSettings":"nobridge-noproxy","number":2}
INST aca1fb5dfa3210bd 2016-03-28T21:19:11.400Z {"type":"progresschanged","target_tagname":"progressmeter","target_id":"progressMeter","value":73}
INST aca1fb5dfa3210bd 2016-03-28T21:19:11.400Z {"type":"good","target_tagname":"image","target_id":"progressbar","configurationSettings":"nobridge-noproxy","number":2}
INST aca1fb5dfa3210bd 2016-03-28T21:19:13.400Z {"type":"progresschanged","target_tagname":"progressmeter","target_id":"progressMeter","value":80}
INST aca1fb5dfa3210bd 2016-03-28T21:19:13.400Z {"type":"good","target_tagname":"image","target_id":"progressbar","configurationSettings":"nobridge-noproxy","number":2}
INST aca1fb5dfa3210bd 2016-03-28T21:19:13.400Z {"type":"progresschanged","target_tagname":"progressmeter","target_id":"progressMeter","value":90}
INST aca1fb5dfa3210bd 2016-03-28T21:19:13.400Z {"type":"good","target_tagname":"image","target_id":"progressbar","configurationSettings":"nobridge-noproxy","number":2}
INST aca1fb5dfa3210bd 2016-03-28T21:19:14.200Z {"type":"progresschanged","target_tagname":"progressmeter","target_id":"progressMeter","value":100}
INST aca1fb5dfa3210bd 2016-03-28T21:19:14.200Z {"type":"good","target_tagname":"image","target_id":"progressbar","configurationSettings":"nobridge-noproxy","number":3}
INST aca1fb5dfa3210bd 2016-03-28T21:19:14.500Z {"type":"unload","target_id":"configuration"}
INST 6c6dfc9758688f18 2016-03-28T21:21:37.000Z {"type":"start"}
INST 6c6dfc9758688f18 2016-03-28T21:21:37.900Z {"type":"select","target_tagname":"menulist","target_id":"proxyType","value":""}
INST 6c6dfc9758688f18 2016-03-28T21:21:37.900Z {"type":"wizardnext","target_tagname":"wizard","target_id":"TorNetworkSettings"}
INST 6c6dfc9758688f18 2016-03-28T21:21:37.900Z {"type":"pageshow","target_tagname":"wizardpage","target_id":"first"}
INST 6c6dfc9758688f18 2016-03-28T21:21:38.000Z {"type":"load","target_id":"configuration"}
INST 6c6dfc9758688f18 2016-03-28T21:21:38.000Z {"type":"select","target_tagname":"menulist","target_id":"defaultBridgeType","value":"obfs3"}
INST 6c6dfc9758688f18 2016-03-28T21:21:38.500Z {"type":"progresschanged","target_tagname":"progressmeter","target_id":"progressMeter","value":90}
INST 6c6dfc9758688f18 2016-03-28T21:21:38.500Z {"type":"good","target_tagname":"image","target_id":"progressbar","configurationSettings":"nobridge-noproxy","number":2}
INST 6c6dfc9758688f18 2016-03-28T21:21:39.300Z {"type":"progresschanged","target_tagname":"progressmeter","target_id":"progressMeter","value":100}
INST 6c6dfc9758688f18 2016-03-28T21:21:39.300Z {"type":"good","target_tagname":"image","target_id":"progressbar","configurationSettings":"nobridge-noproxy","number":3}
INST 6c6dfc9758688f18 2016-03-28T21:21:39.500Z {"type":"unload","target_id":"configuration"}
INST b7a825e505a541bd 2016-03-28T21:24:50.500Z {"type":"start"}
INST b7a825e505a541bd 2016-03-28T21:24:51.600Z {"type":"select","target_tagname":"menulist","target_id":"proxyType","value":""}
INST b7a825e505a541bd 2016-03-28T21:24:51.600Z {"type":"wizardnext","target_tagname":"wizard","target_id":"TorNetworkSettings"}
INST b7a825e505a541bd 2016-03-28T21:24:51.600Z {"type":"pageshow","target_tagname":"wizardpage","target_id":"first"}
INST b7a825e505a541bd 2016-03-28T21:24:51.700Z {"type":"load","target_id":"configuration"}
INST b7a825e505a541bd 2016-03-28T21:24:51.700Z {"type":"select","target_tagname":"menulist","target_id":"defaultBridgeType","value":"obfs3"}
INST b7a825e505a541bd 2016-03-28T21:24:52.000Z {"type":"progresschanged","target_tagname":"progressmeter","target_id":"progressMeter","value":90}
INST b7a825e505a541bd 2016-03-28T21:24:52.000Z {"type":"good","target_tagname":"image","target_id":"progressbar","configurationSettings":"nobridge-noproxy","number":2}
INST b7a825e505a541bd 2016-03-28T21:24:53.200Z {"type":"progresschanged","target_tagname":"progressmeter","target_id":"progressMeter","value":100}
INST b7a825e505a541bd 2016-03-28T21:24:53.200Z {"type":"good","target_tagname":"image","target_id":"progressbar","configurationSettings":"nobridge-noproxy","number":3}
INST b7a825e505a541bd 2016-03-28T21:24:53.500Z {"type":"unload","target_id":"configuration"}
