INST 51bb54b6cadb47b3 2016-03-28T23:19:58.300Z {"type":"start"}
INST 51bb54b6cadb47b3 2016-03-28T23:19:59.300Z {"type":"select","target_tagname":"menulist","target_id":"proxyType","value":""}
INST 51bb54b6cadb47b3 2016-03-28T23:19:59.300Z {"type":"wizardnext","target_tagname":"wizard","target_id":"TorNetworkSettings"}
INST 51bb54b6cadb47b3 2016-03-28T23:19:59.300Z {"type":"pageshow","target_tagname":"wizardpage","target_id":"first"}
INST 51bb54b6cadb47b3 2016-03-28T23:19:59.300Z {"type":"load","target_id":"configuration"}
INST 51bb54b6cadb47b3 2016-03-28T23:19:59.400Z {"type":"select","target_tagname":"menulist","target_id":"defaultBridgeType","value":"obfs3"}
INST 51bb54b6cadb47b3 2016-03-28T23:20:00.900Z {"type":"click","target_tagname":"button","target_id":"connect_button","detail":1}
INST 51bb54b6cadb47b3 2016-03-28T23:20:00.900Z {"type":"pagehide","target_tagname":"wizardpage","target_id":"first"}
INST 51bb54b6cadb47b3 2016-03-28T23:20:00.900Z {"type":"pageadvanced","target_tagname":"wizardpage","target_id":"first"}
INST 51bb54b6cadb47b3 2016-03-28T23:20:00.900Z {"type":"wizardnext","target_tagname":"wizard","target_id":"TorNetworkSettings"}
INST 51bb54b6cadb47b3 2016-03-28T23:20:00.900Z {"type":"pageshow","target_tagname":"wizardpage","target_id":"inlineprogress"}
INST 51bb54b6cadb47b3 2016-03-28T23:20:01.000Z {"type":"command","target_tagname":"button","target_id":"connect_button"}
INST 51bb54b6cadb47b3 2016-03-28T23:20:01.900Z {"type":"progresschanged","target_tagname":"progressmeter","target_id":"progressMeter","value":5}
INST 51bb54b6cadb47b3 2016-03-28T23:20:01.900Z {"type":"good","target_tagname":"image","target_id":"progressbar","configurationSettings":"nobridge-noproxy","number":1}
INST 51bb54b6cadb47b3 2016-03-28T23:20:02.100Z {"type":"progresschanged","target_tagname":"progressmeter","target_id":"progressMeter","value":10}
INST 51bb54b6cadb47b3 2016-03-28T23:20:02.100Z {"type":"good","target_tagname":"image","target_id":"progressbar","configurationSettings":"nobridge-noproxy","number":1}
INST 51bb54b6cadb47b3 2016-03-28T23:20:02.700Z {"type":"progresschanged","target_tagname":"progressmeter","target_id":"progressMeter","value":15}
INST 51bb54b6cadb47b3 2016-03-28T23:20:02.700Z {"type":"good","target_tagname":"image","target_id":"progressbar","configurationSettings":"nobridge-noproxy","number":1}
INST 51bb54b6cadb47b3 2016-03-28T23:20:02.900Z {"type":"progresschanged","target_tagname":"progressmeter","target_id":"progressMeter","value":20}
INST 51bb54b6cadb47b3 2016-03-28T23:20:02.900Z {"type":"good","target_tagname":"image","target_id":"progressbar","configurationSettings":"nobridge-noproxy","number":1}
INST 51bb54b6cadb47b3 2016-03-28T23:20:03.000Z {"type":"progresschanged","target_tagname":"progressmeter","target_id":"progressMeter","value":25}
INST 51bb54b6cadb47b3 2016-03-28T23:20:03.000Z {"type":"good","target_tagname":"image","target_id":"progressbar","configurationSettings":"nobridge-noproxy","number":2}
INST 51bb54b6cadb47b3 2016-03-28T23:20:11.800Z {"type":"progresschanged","target_tagname":"progressmeter","target_id":"progressMeter","value":40}
INST 51bb54b6cadb47b3 2016-03-28T23:20:11.800Z {"type":"good","target_tagname":"image","target_id":"progressbar","configurationSettings":"nobridge-noproxy","number":2}
INST 51bb54b6cadb47b3 2016-03-28T23:20:11.900Z {"type":"click","target_tagname":"label","target_id":"forAssistance","detail":1}
INST 51bb54b6cadb47b3 2016-03-28T23:20:12.500Z {"type":"progresschanged","target_tagname":"progressmeter","target_id":"progressMeter","value":45}
INST 51bb54b6cadb47b3 2016-03-28T23:20:12.500Z {"type":"good","target_tagname":"image","target_id":"progressbar","configurationSettings":"nobridge-noproxy","number":2}
INST 51bb54b6cadb47b3 2016-03-28T23:20:12.500Z {"type":"click","target_tagname":"label","target_id":"progressPrompt3","detail":1}
INST 51bb54b6cadb47b3 2016-03-28T23:20:12.700Z {"type":"click","target_tagname":"label","target_id":"progressPrompt3","detail":2}
INST 51bb54b6cadb47b3 2016-03-28T23:20:13.000Z {"type":"progresschanged","target_tagname":"progressmeter","target_id":"progressMeter","value":50}
INST 51bb54b6cadb47b3 2016-03-28T23:20:13.000Z {"type":"good","target_tagname":"image","target_id":"progressbar","configurationSettings":"nobridge-noproxy","number":2}
INST 51bb54b6cadb47b3 2016-03-28T23:20:14.200Z {"type":"click","target_tagname":"image","target_id":"progressbar","detail":1}
INST 51bb54b6cadb47b3 2016-03-28T23:20:14.400Z {"type":"click","target_tagname":"image","target_id":"progressbar","detail":2}
INST 51bb54b6cadb47b3 2016-03-28T23:20:14.500Z {"type":"progresschanged","target_tagname":"progressmeter","target_id":"progressMeter","value":51}
INST 51bb54b6cadb47b3 2016-03-28T23:20:14.500Z {"type":"good","target_tagname":"image","target_id":"progressbar","configurationSettings":"nobridge-noproxy","number":2}
INST 51bb54b6cadb47b3 2016-03-28T23:20:14.600Z {"type":"progresschanged","target_tagname":"progressmeter","target_id":"progressMeter","value":52}
INST 51bb54b6cadb47b3 2016-03-28T23:20:14.600Z {"type":"good","target_tagname":"image","target_id":"progressbar","configurationSettings":"nobridge-noproxy","number":2}
INST 51bb54b6cadb47b3 2016-03-28T23:20:14.700Z {"type":"click","target_tagname":"vbox","target_id":"","detail":1}
INST 51bb54b6cadb47b3 2016-03-28T23:20:15.000Z {"type":"progresschanged","target_tagname":"progressmeter","target_id":"progressMeter","value":53}
INST 51bb54b6cadb47b3 2016-03-28T23:20:15.000Z {"type":"good","target_tagname":"image","target_id":"progressbar","configurationSettings":"nobridge-noproxy","number":2}
INST 51bb54b6cadb47b3 2016-03-28T23:20:15.100Z {"type":"progresschanged","target_tagname":"progressmeter","target_id":"progressMeter","value":55}
INST 51bb54b6cadb47b3 2016-03-28T23:20:15.100Z {"type":"good","target_tagname":"image","target_id":"progressbar","configurationSettings":"nobridge-noproxy","number":2}
INST 51bb54b6cadb47b3 2016-03-28T23:20:15.600Z {"type":"progresschanged","target_tagname":"progressmeter","target_id":"progressMeter","value":58}
INST 51bb54b6cadb47b3 2016-03-28T23:20:15.600Z {"type":"good","target_tagname":"image","target_id":"progressbar","configurationSettings":"nobridge-noproxy","number":2}
INST 51bb54b6cadb47b3 2016-03-28T23:20:15.700Z {"type":"progresschanged","target_tagname":"progressmeter","target_id":"progressMeter","value":59}
INST 51bb54b6cadb47b3 2016-03-28T23:20:15.700Z {"type":"good","target_tagname":"image","target_id":"progressbar","configurationSettings":"nobridge-noproxy","number":2}
INST 51bb54b6cadb47b3 2016-03-28T23:20:15.700Z {"type":"progresschanged","target_tagname":"progressmeter","target_id":"progressMeter","value":63}
INST 51bb54b6cadb47b3 2016-03-28T23:20:15.700Z {"type":"good","target_tagname":"image","target_id":"progressbar","configurationSettings":"nobridge-noproxy","number":2}
INST 51bb54b6cadb47b3 2016-03-28T23:20:16.200Z {"type":"click","target_tagname":"image","target_id":"progressbar","detail":1}
INST 51bb54b6cadb47b3 2016-03-28T23:20:16.400Z {"type":"click","target_tagname":"image","target_id":"progressbar","detail":1}
INST 51bb54b6cadb47b3 2016-03-28T23:20:16.600Z {"type":"click","target_tagname":"image","target_id":"progressbar","detail":1}
INST 51bb54b6cadb47b3 2016-03-28T23:20:16.700Z {"type":"click","target_tagname":"image","target_id":"progressbar","detail":1}
INST 51bb54b6cadb47b3 2016-03-28T23:20:17.500Z {"type":"progresschanged","target_tagname":"progressmeter","target_id":"progressMeter","value":69}
INST 51bb54b6cadb47b3 2016-03-28T23:20:17.500Z {"type":"good","target_tagname":"image","target_id":"progressbar","configurationSettings":"nobridge-noproxy","number":2}
INST 51bb54b6cadb47b3 2016-03-28T23:20:17.900Z {"type":"progresschanged","target_tagname":"progressmeter","target_id":"progressMeter","value":74}
INST 51bb54b6cadb47b3 2016-03-28T23:20:17.900Z {"type":"good","target_tagname":"image","target_id":"progressbar","configurationSettings":"nobridge-noproxy","number":2}
INST 51bb54b6cadb47b3 2016-03-28T23:20:17.900Z {"type":"progresschanged","target_tagname":"progressmeter","target_id":"progressMeter","value":80}
INST 51bb54b6cadb47b3 2016-03-28T23:20:17.900Z {"type":"good","target_tagname":"image","target_id":"progressbar","configurationSettings":"nobridge-noproxy","number":2}
INST 51bb54b6cadb47b3 2016-03-28T23:20:17.900Z {"type":"progresschanged","target_tagname":"progressmeter","target_id":"progressMeter","value":90}
INST 51bb54b6cadb47b3 2016-03-28T23:20:18.000Z {"type":"good","target_tagname":"image","target_id":"progressbar","configurationSettings":"nobridge-noproxy","number":2}
INST 51bb54b6cadb47b3 2016-03-28T23:20:18.500Z {"type":"progresschanged","target_tagname":"progressmeter","target_id":"progressMeter","value":100}
INST 51bb54b6cadb47b3 2016-03-28T23:20:18.500Z {"type":"good","target_tagname":"image","target_id":"progressbar","configurationSettings":"nobridge-noproxy","number":3}
INST 51bb54b6cadb47b3 2016-03-28T23:20:18.800Z {"type":"unload","target_id":"configuration"}
