INST c3a8fe1bfd360086 2016-03-23T21:05:20.300Z {"type":"start"}
INST c3a8fe1bfd360086 2016-03-23T21:05:21.500Z {"type":"select","target_tagname":"menulist","target_id":"proxyType","value":""}
INST c3a8fe1bfd360086 2016-03-23T21:05:21.500Z {"type":"wizardnext","target_tagname":"wizard","target_id":"TorNetworkSettings"}
INST c3a8fe1bfd360086 2016-03-23T21:05:21.500Z {"type":"pageshow","target_tagname":"wizardpage","target_id":"first"}
INST c3a8fe1bfd360086 2016-03-23T21:05:21.500Z {"type":"load","target_id":"configuration"}
INST c3a8fe1bfd360086 2016-03-23T21:05:21.500Z {"type":"select","target_tagname":"menulist","target_id":"defaultBridgeType","value":"obfs3"}
INST c3a8fe1bfd360086 2016-03-23T21:05:26.100Z {"type":"click","target_tagname":"button","target_id":"connect_button","detail":1}
INST c3a8fe1bfd360086 2016-03-23T21:05:26.100Z {"type":"pagehide","target_tagname":"wizardpage","target_id":"first"}
INST c3a8fe1bfd360086 2016-03-23T21:05:26.100Z {"type":"pageadvanced","target_tagname":"wizardpage","target_id":"first"}
INST c3a8fe1bfd360086 2016-03-23T21:05:26.100Z {"type":"wizardnext","target_tagname":"wizard","target_id":"TorNetworkSettings"}
INST c3a8fe1bfd360086 2016-03-23T21:05:26.100Z {"type":"pageshow","target_tagname":"wizardpage","target_id":"inlineprogress"}
INST c3a8fe1bfd360086 2016-03-23T21:05:26.100Z {"type":"command","target_tagname":"button","target_id":"connect_button"}
INST c3a8fe1bfd360086 2016-03-23T21:05:27.000Z {"type":"progresschanged","target_tagname":"progressmeter","target_id":"progressMeter","value":5}
INST c3a8fe1bfd360086 2016-03-23T21:05:27.000Z {"type":"good","target_tagname":"image","target_id":"progressbar","configurationSettings":"nobridge-noproxy","number":1}
INST c3a8fe1bfd360086 2016-03-23T21:05:27.200Z {"type":"progresschanged","target_tagname":"progressmeter","target_id":"progressMeter","value":10}
INST c3a8fe1bfd360086 2016-03-23T21:05:27.200Z {"type":"good","target_tagname":"image","target_id":"progressbar","configurationSettings":"nobridge-noproxy","number":1}
INST c3a8fe1bfd360086 2016-03-23T21:05:27.700Z {"type":"progresschanged","target_tagname":"progressmeter","target_id":"progressMeter","value":15}
INST c3a8fe1bfd360086 2016-03-23T21:05:27.700Z {"type":"good","target_tagname":"image","target_id":"progressbar","configurationSettings":"nobridge-noproxy","number":1}
INST c3a8fe1bfd360086 2016-03-23T21:05:27.900Z {"type":"progresschanged","target_tagname":"progressmeter","target_id":"progressMeter","value":20}
INST c3a8fe1bfd360086 2016-03-23T21:05:27.900Z {"type":"good","target_tagname":"image","target_id":"progressbar","configurationSettings":"nobridge-noproxy","number":1}
INST c3a8fe1bfd360086 2016-03-23T21:05:28.100Z {"type":"progresschanged","target_tagname":"progressmeter","target_id":"progressMeter","value":25}
INST c3a8fe1bfd360086 2016-03-23T21:05:28.100Z {"type":"good","target_tagname":"image","target_id":"progressbar","configurationSettings":"nobridge-noproxy","number":2}
INST c3a8fe1bfd360086 2016-03-23T21:05:30.100Z {"type":"progresschanged","target_tagname":"progressmeter","target_id":"progressMeter","value":40}
INST c3a8fe1bfd360086 2016-03-23T21:05:30.100Z {"type":"good","target_tagname":"image","target_id":"progressbar","configurationSettings":"nobridge-noproxy","number":2}
INST c3a8fe1bfd360086 2016-03-23T21:05:30.500Z {"type":"progresschanged","target_tagname":"progressmeter","target_id":"progressMeter","value":45}
INST c3a8fe1bfd360086 2016-03-23T21:05:30.500Z {"type":"good","target_tagname":"image","target_id":"progressbar","configurationSettings":"nobridge-noproxy","number":2}
INST c3a8fe1bfd360086 2016-03-23T21:05:31.500Z {"type":"progresschanged","target_tagname":"progressmeter","target_id":"progressMeter","value":50}
INST c3a8fe1bfd360086 2016-03-23T21:05:31.500Z {"type":"good","target_tagname":"image","target_id":"progressbar","configurationSettings":"nobridge-noproxy","number":2}
INST c3a8fe1bfd360086 2016-03-23T21:05:33.300Z {"type":"progresschanged","target_tagname":"progressmeter","target_id":"progressMeter","value":51}
INST c3a8fe1bfd360086 2016-03-23T21:05:33.300Z {"type":"good","target_tagname":"image","target_id":"progressbar","configurationSettings":"nobridge-noproxy","number":2}
INST c3a8fe1bfd360086 2016-03-23T21:05:33.300Z {"type":"progresschanged","target_tagname":"progressmeter","target_id":"progressMeter","value":52}
INST c3a8fe1bfd360086 2016-03-23T21:05:33.300Z {"type":"good","target_tagname":"image","target_id":"progressbar","configurationSettings":"nobridge-noproxy","number":2}
INST c3a8fe1bfd360086 2016-03-23T21:05:33.700Z {"type":"progresschanged","target_tagname":"progressmeter","target_id":"progressMeter","value":53}
INST c3a8fe1bfd360086 2016-03-23T21:05:33.700Z {"type":"good","target_tagname":"image","target_id":"progressbar","configurationSettings":"nobridge-noproxy","number":2}
INST c3a8fe1bfd360086 2016-03-23T21:05:34.100Z {"type":"progresschanged","target_tagname":"progressmeter","target_id":"progressMeter","value":56}
INST c3a8fe1bfd360086 2016-03-23T21:05:34.100Z {"type":"good","target_tagname":"image","target_id":"progressbar","configurationSettings":"nobridge-noproxy","number":2}
INST c3a8fe1bfd360086 2016-03-23T21:05:34.100Z {"type":"progresschanged","target_tagname":"progressmeter","target_id":"progressMeter","value":58}
INST c3a8fe1bfd360086 2016-03-23T21:05:34.100Z {"type":"good","target_tagname":"image","target_id":"progressbar","configurationSettings":"nobridge-noproxy","number":2}
INST c3a8fe1bfd360086 2016-03-23T21:05:34.600Z {"type":"progresschanged","target_tagname":"progressmeter","target_id":"progressMeter","value":62}
INST c3a8fe1bfd360086 2016-03-23T21:05:34.600Z {"type":"good","target_tagname":"image","target_id":"progressbar","configurationSettings":"nobridge-noproxy","number":2}
INST c3a8fe1bfd360086 2016-03-23T21:05:36.400Z {"type":"progresschanged","target_tagname":"progressmeter","target_id":"progressMeter","value":66}
INST c3a8fe1bfd360086 2016-03-23T21:05:36.400Z {"type":"good","target_tagname":"image","target_id":"progressbar","configurationSettings":"nobridge-noproxy","number":2}
INST c3a8fe1bfd360086 2016-03-23T21:05:37.100Z {"type":"progresschanged","target_tagname":"progressmeter","target_id":"progressMeter","value":71}
INST c3a8fe1bfd360086 2016-03-23T21:05:37.100Z {"type":"good","target_tagname":"image","target_id":"progressbar","configurationSettings":"nobridge-noproxy","number":2}
INST c3a8fe1bfd360086 2016-03-23T21:05:37.400Z {"type":"progresschanged","target_tagname":"progressmeter","target_id":"progressMeter","value":73}
INST c3a8fe1bfd360086 2016-03-23T21:05:37.400Z {"type":"good","target_tagname":"image","target_id":"progressbar","configurationSettings":"nobridge-noproxy","number":2}
INST c3a8fe1bfd360086 2016-03-23T21:05:37.800Z {"type":"progresschanged","target_tagname":"progressmeter","target_id":"progressMeter","value":78}
INST c3a8fe1bfd360086 2016-03-23T21:05:37.800Z {"type":"good","target_tagname":"image","target_id":"progressbar","configurationSettings":"nobridge-noproxy","number":2}
INST c3a8fe1bfd360086 2016-03-23T21:05:38.000Z {"type":"progresschanged","target_tagname":"progressmeter","target_id":"progressMeter","value":80}
INST c3a8fe1bfd360086 2016-03-23T21:05:38.000Z {"type":"good","target_tagname":"image","target_id":"progressbar","configurationSettings":"nobridge-noproxy","number":2}
INST c3a8fe1bfd360086 2016-03-23T21:05:38.000Z {"type":"progresschanged","target_tagname":"progressmeter","target_id":"progressMeter","value":90}
INST c3a8fe1bfd360086 2016-03-23T21:05:38.000Z {"type":"good","target_tagname":"image","target_id":"progressbar","configurationSettings":"nobridge-noproxy","number":2}
INST c3a8fe1bfd360086 2016-03-23T21:05:40.000Z {"type":"progresschanged","target_tagname":"progressmeter","target_id":"progressMeter","value":100}
INST c3a8fe1bfd360086 2016-03-23T21:05:40.000Z {"type":"good","target_tagname":"image","target_id":"progressbar","configurationSettings":"nobridge-noproxy","number":3}
INST c3a8fe1bfd360086 2016-03-23T21:05:40.200Z {"type":"unload","target_id":"configuration"}
