INST cb591042487b3564 2016-03-28T21:19:07.900Z {"type":"start"}
INST cb591042487b3564 2016-03-28T21:19:10.600Z {"type":"select","target_tagname":"menulist","target_id":"proxyType","value":""}
INST cb591042487b3564 2016-03-28T21:19:10.600Z {"type":"wizardnext","target_tagname":"wizard","target_id":"TorNetworkSettings"}
INST cb591042487b3564 2016-03-28T21:19:10.600Z {"type":"pageshow","target_tagname":"wizardpage","target_id":"first"}
INST cb591042487b3564 2016-03-28T21:19:10.700Z {"type":"load","target_id":"configuration"}
INST cb591042487b3564 2016-03-28T21:19:10.700Z {"type":"select","target_tagname":"menulist","target_id":"defaultBridgeType","value":"obfs3"}
INST cb591042487b3564 2016-03-28T21:19:17.000Z {"type":"click","target_tagname":"button","target_id":"configure_button","detail":1}
INST cb591042487b3564 2016-03-28T21:19:17.000Z {"type":"pagehide","target_tagname":"wizardpage","target_id":"first"}
INST cb591042487b3564 2016-03-28T21:19:17.000Z {"type":"pageadvanced","target_tagname":"wizardpage","target_id":"first"}
INST cb591042487b3564 2016-03-28T21:19:17.000Z {"type":"wizardnext","target_tagname":"wizard","target_id":"TorNetworkSettings"}
INST cb591042487b3564 2016-03-28T21:19:17.000Z {"type":"pageshow","target_tagname":"wizardpage","target_id":"proxy"}
INST cb591042487b3564 2016-03-28T21:19:17.000Z {"type":"command","target_tagname":"button","target_id":"configure_button"}
INST cb591042487b3564 2016-03-28T21:19:22.600Z {"type":"click","target_tagname":"wizard","target_id":"TorNetworkSettings","detail":1}
INST cb591042487b3564 2016-03-28T21:19:22.600Z {"type":"pagehide","target_tagname":"wizardpage","target_id":"proxy"}
INST cb591042487b3564 2016-03-28T21:19:22.600Z {"type":"pageadvanced","target_tagname":"wizardpage","target_id":"proxy"}
INST cb591042487b3564 2016-03-28T21:19:22.600Z {"type":"wizardnext","target_tagname":"wizard","target_id":"TorNetworkSettings"}
INST cb591042487b3564 2016-03-28T21:19:22.600Z {"type":"pageshow","target_tagname":"wizardpage","target_id":"bridges"}
INST cb591042487b3564 2016-03-28T21:19:22.600Z {"type":"command","target_tagname":"wizard","target_id":"TorNetworkSettings"}
INST cb591042487b3564 2016-03-28T21:19:37.500Z {"type":"click","target_tagname":"radio","target_id":"bridgeRadioDefault","detail":1}
INST cb591042487b3564 2016-03-28T21:19:37.500Z {"type":"command","target_tagname":"radio","target_id":"bridgeRadioDefault"}
INST cb591042487b3564 2016-03-28T21:19:38.700Z {"type":"popupshown","target_tagname":"menupopup","target_id":"defaultBridgeType_menuPopup"}
INST cb591042487b3564 2016-03-28T21:19:38.800Z {"type":"click","target_tagname":"menulist","target_id":"defaultBridgeType","value":"obfs3","detail":1}
INST cb591042487b3564 2016-03-28T21:19:42.500Z {"type":"mouseover","target_tagname":"menuitem","target_id":"","value":"flashproxy"}
INST cb591042487b3564 2016-03-28T21:19:42.500Z {"type":"mouseout","target_tagname":"menuitem","target_id":"","value":"flashproxy"}
INST cb591042487b3564 2016-03-28T21:19:42.500Z {"type":"mouseover","target_tagname":"menuitem","target_id":"","value":"fte"}
INST cb591042487b3564 2016-03-28T21:19:42.600Z {"type":"mouseout","target_tagname":"menuitem","target_id":"","value":"fte"}
INST cb591042487b3564 2016-03-28T21:19:42.600Z {"type":"mouseover","target_tagname":"menuitem","target_id":"","value":"fte-ipv6"}
INST cb591042487b3564 2016-03-28T21:19:42.600Z {"type":"mouseout","target_tagname":"menuitem","target_id":"","value":"fte-ipv6"}
INST cb591042487b3564 2016-03-28T21:19:42.600Z {"type":"mouseover","target_tagname":"menuitem","target_id":"","value":"meek-amazon"}
INST cb591042487b3564 2016-03-28T21:19:42.600Z {"type":"mouseout","target_tagname":"menuitem","target_id":"","value":"meek-amazon"}
INST cb591042487b3564 2016-03-28T21:19:42.600Z {"type":"mouseover","target_tagname":"menuitem","target_id":"","value":"meek-azure"}
INST cb591042487b3564 2016-03-28T21:19:42.700Z {"type":"mouseout","target_tagname":"menuitem","target_id":"","value":"meek-azure"}
INST cb591042487b3564 2016-03-28T21:19:42.700Z {"type":"mouseover","target_tagname":"menuitem","target_id":"","value":"meek-google"}
INST cb591042487b3564 2016-03-28T21:19:42.800Z {"type":"mouseout","target_tagname":"menuitem","target_id":"","value":"meek-google"}
INST cb591042487b3564 2016-03-28T21:19:42.800Z {"type":"mouseover","target_tagname":"menuitem","target_id":"","value":"obfs3"}
INST cb591042487b3564 2016-03-28T21:19:43.200Z {"type":"click","target_tagname":"menuitem","target_id":"","value":"obfs3","detail":1}
INST cb591042487b3564 2016-03-28T21:19:43.200Z {"type":"command","target_tagname":"menuitem","target_id":"","value":"obfs3"}
INST cb591042487b3564 2016-03-28T21:19:43.200Z {"type":"popuphidden","target_tagname":"menupopup","target_id":"defaultBridgeType_menuPopup"}
INST cb591042487b3564 2016-03-28T21:19:43.200Z {"type":"mouseout","target_tagname":"menuitem","target_id":"","value":"obfs3"}
INST cb591042487b3564 2016-03-28T21:19:44.800Z {"type":"click","target_tagname":"wizard","target_id":"TorNetworkSettings","detail":1}
INST cb591042487b3564 2016-03-28T21:19:51.800Z {"type":"click","target_tagname":"wizard","target_id":"TorNetworkSettings","detail":1}
INST cb591042487b3564 2016-03-28T21:19:51.800Z {"type":"pagehide","target_tagname":"wizardpage","target_id":"bridges"}
INST cb591042487b3564 2016-03-28T21:19:51.800Z {"type":"pageadvanced","target_tagname":"wizardpage","target_id":"bridges"}
INST cb591042487b3564 2016-03-28T21:19:51.800Z {"type":"wizardnext","target_tagname":"wizard","target_id":"TorNetworkSettings"}
INST cb591042487b3564 2016-03-28T21:19:51.800Z {"type":"pageshow","target_tagname":"wizardpage","target_id":"summary"}
INST cb591042487b3564 2016-03-28T21:19:51.800Z {"type":"command","target_tagname":"wizard","target_id":"TorNetworkSettings"}
INST cb591042487b3564 2016-03-28T21:19:55.600Z {"type":"click","target_tagname":"image","target_id":"","detail":1}
INST cb591042487b3564 2016-03-28T21:19:56.500Z {"type":"click","target_tagname":"wizard","target_id":"TorNetworkSettings","detail":1}
INST cb591042487b3564 2016-03-28T21:19:56.500Z {"type":"pagehide","target_tagname":"wizardpage","target_id":"summary"}
INST cb591042487b3564 2016-03-28T21:19:56.500Z {"type":"pagerewound","target_tagname":"wizardpage","target_id":"summary"}
INST cb591042487b3564 2016-03-28T21:19:56.500Z {"type":"wizardback","target_tagname":"wizard","target_id":"TorNetworkSettings"}
INST cb591042487b3564 2016-03-28T21:19:56.500Z {"type":"pageshow","target_tagname":"wizardpage","target_id":"bridges"}
INST cb591042487b3564 2016-03-28T21:19:56.500Z {"type":"command","target_tagname":"wizard","target_id":"TorNetworkSettings"}
INST cb591042487b3564 2016-03-28T21:19:57.000Z {"type":"click","target_tagname":"wizard","target_id":"TorNetworkSettings","detail":2}
INST cb591042487b3564 2016-03-28T21:19:57.000Z {"type":"pagehide","target_tagname":"wizardpage","target_id":"bridges"}
INST cb591042487b3564 2016-03-28T21:19:57.000Z {"type":"pagerewound","target_tagname":"wizardpage","target_id":"bridges"}
INST cb591042487b3564 2016-03-28T21:19:57.000Z {"type":"wizardback","target_tagname":"wizard","target_id":"TorNetworkSettings"}
INST cb591042487b3564 2016-03-28T21:19:57.000Z {"type":"pageshow","target_tagname":"wizardpage","target_id":"proxy"}
INST cb591042487b3564 2016-03-28T21:19:57.000Z {"type":"command","target_tagname":"wizard","target_id":"TorNetworkSettings"}
INST cb591042487b3564 2016-03-28T21:19:58.200Z {"type":"click","target_tagname":"radio","target_id":"proxyRadioWith","detail":1}
INST cb591042487b3564 2016-03-28T21:19:58.200Z {"type":"command","target_tagname":"radio","target_id":"proxyRadioWith"}
INST cb591042487b3564 2016-03-28T21:19:59.200Z {"type":"popupshown","target_tagname":"menupopup","target_id":"proxyType_menuPopup"}
INST cb591042487b3564 2016-03-28T21:19:59.200Z {"type":"click","target_tagname":"menulist","target_id":"proxyType","value":"","detail":1}
INST cb591042487b3564 2016-03-28T21:20:00.700Z {"type":"mouseover","target_tagname":"menuitem","target_id":"","value":""}
INST cb591042487b3564 2016-03-28T21:20:00.700Z {"type":"mouseout","target_tagname":"menuitem","target_id":"","value":""}
INST cb591042487b3564 2016-03-28T21:20:00.700Z {"type":"mouseover","target_tagname":"menuitem","target_id":"","value":"SOCKS4"}
INST cb591042487b3564 2016-03-28T21:20:00.800Z {"type":"mouseout","target_tagname":"menuitem","target_id":"","value":"SOCKS4"}
INST cb591042487b3564 2016-03-28T21:20:00.800Z {"type":"mouseover","target_tagname":"menuitem","target_id":"","value":"SOCKS5"}
INST cb591042487b3564 2016-03-28T21:20:00.900Z {"type":"mouseout","target_tagname":"menuitem","target_id":"","value":"SOCKS5"}
INST cb591042487b3564 2016-03-28T21:20:00.900Z {"type":"mouseover","target_tagname":"menuitem","target_id":"","value":"HTTP"}
INST cb591042487b3564 2016-03-28T21:20:02.700Z {"type":"click","target_tagname":"menuitem","target_id":"","value":"HTTP","detail":1}
INST cb591042487b3564 2016-03-28T21:20:02.700Z {"type":"select","target_tagname":"menulist","target_id":"proxyType","value":"HTTP"}
INST cb591042487b3564 2016-03-28T21:20:02.700Z {"type":"command","target_tagname":"menuitem","target_id":"","value":"HTTP"}
INST cb591042487b3564 2016-03-28T21:20:02.700Z {"type":"popuphidden","target_tagname":"menupopup","target_id":"proxyType_menuPopup"}
INST cb591042487b3564 2016-03-28T21:20:02.700Z {"type":"mouseout","target_tagname":"menuitem","target_id":"","value":"HTTP"}
INST cb591042487b3564 2016-03-28T21:20:03.400Z {"type":"click","target_tagname":"wizardpage","target_id":"proxy","detail":1}
INST cb591042487b3564 2016-03-28T21:20:05.300Z {"type":"click","target_tagname":"radio","target_id":"proxyRadioWithout","detail":1}
INST cb591042487b3564 2016-03-28T21:20:05.300Z {"type":"command","target_tagname":"radio","target_id":"proxyRadioWithout"}
INST cb591042487b3564 2016-03-28T21:20:06.100Z {"type":"click","target_tagname":"wizard","target_id":"TorNetworkSettings","detail":1}
INST cb591042487b3564 2016-03-28T21:20:06.700Z {"type":"click","target_tagname":"wizard","target_id":"TorNetworkSettings","detail":1}
INST cb591042487b3564 2016-03-28T21:20:06.700Z {"type":"pagehide","target_tagname":"wizardpage","target_id":"proxy"}
INST cb591042487b3564 2016-03-28T21:20:06.700Z {"type":"pageadvanced","target_tagname":"wizardpage","target_id":"proxy"}
INST cb591042487b3564 2016-03-28T21:20:06.700Z {"type":"wizardnext","target_tagname":"wizard","target_id":"TorNetworkSettings"}
INST cb591042487b3564 2016-03-28T21:20:06.700Z {"type":"pageshow","target_tagname":"wizardpage","target_id":"bridges"}
INST cb591042487b3564 2016-03-28T21:20:06.700Z {"type":"command","target_tagname":"wizard","target_id":"TorNetworkSettings"}
INST cb591042487b3564 2016-03-28T21:20:07.400Z {"type":"click","target_tagname":"wizard","target_id":"TorNetworkSettings","detail":1}
INST cb591042487b3564 2016-03-28T21:20:07.400Z {"type":"pagehide","target_tagname":"wizardpage","target_id":"bridges"}
INST cb591042487b3564 2016-03-28T21:20:07.400Z {"type":"pageadvanced","target_tagname":"wizardpage","target_id":"bridges"}
INST cb591042487b3564 2016-03-28T21:20:07.400Z {"type":"wizardnext","target_tagname":"wizard","target_id":"TorNetworkSettings"}
INST cb591042487b3564 2016-03-28T21:20:07.400Z {"type":"pageshow","target_tagname":"wizardpage","target_id":"summary"}
INST cb591042487b3564 2016-03-28T21:20:07.500Z {"type":"command","target_tagname":"wizard","target_id":"TorNetworkSettings"}
INST cb591042487b3564 2016-03-28T21:20:08.600Z {"type":"pagehide","target_tagname":"wizardpage","target_id":"summary"}
INST cb591042487b3564 2016-03-28T21:20:08.600Z {"type":"pageadvanced","target_tagname":"wizardpage","target_id":"summary"}
INST cb591042487b3564 2016-03-28T21:20:08.600Z {"type":"wizardnext","target_tagname":"wizard","target_id":"TorNetworkSettings"}
INST cb591042487b3564 2016-03-28T21:20:08.600Z {"type":"pageshow","target_tagname":"wizardpage","target_id":"inlineprogress"}
INST cb591042487b3564 2016-03-28T21:20:08.600Z {"type":"click","target_tagname":"wizard","target_id":"TorNetworkSettings","detail":1}
INST cb591042487b3564 2016-03-28T21:20:15.700Z {"type":"progresschanged","target_tagname":"progressmeter","target_id":"progressMeter","value":5}
INST cb591042487b3564 2016-03-28T21:20:15.700Z {"type":"good","target_tagname":"image","target_id":"progressbar","configurationSettings":"bridge-noproxy","number":1}
INST cb591042487b3564 2016-03-28T21:20:15.700Z {"type":"progresschanged","target_tagname":"progressmeter","target_id":"progressMeter","value":10}
INST cb591042487b3564 2016-03-28T21:20:15.700Z {"type":"good","target_tagname":"image","target_id":"progressbar","configurationSettings":"bridge-noproxy","number":1}
INST cb591042487b3564 2016-03-28T21:20:16.900Z {"type":"progresschanged","target_tagname":"progressmeter","target_id":"progressMeter","value":15}
INST cb591042487b3564 2016-03-28T21:20:16.900Z {"type":"good","target_tagname":"image","target_id":"progressbar","configurationSettings":"bridge-noproxy","number":1}
INST cb591042487b3564 2016-03-28T21:20:17.200Z {"type":"progresschanged","target_tagname":"progressmeter","target_id":"progressMeter","value":20}
INST cb591042487b3564 2016-03-28T21:20:17.200Z {"type":"good","target_tagname":"image","target_id":"progressbar","configurationSettings":"bridge-noproxy","number":1}
INST cb591042487b3564 2016-03-28T21:20:17.800Z {"type":"progresschanged","target_tagname":"progressmeter","target_id":"progressMeter","value":25}
INST cb591042487b3564 2016-03-28T21:20:17.800Z {"type":"good","target_tagname":"image","target_id":"progressbar","configurationSettings":"bridge-noproxy","number":2}
INST cb591042487b3564 2016-03-28T21:20:19.700Z {"type":"progresschanged","target_tagname":"progressmeter","target_id":"progressMeter","value":40}
INST cb591042487b3564 2016-03-28T21:20:19.700Z {"type":"good","target_tagname":"image","target_id":"progressbar","configurationSettings":"bridge-noproxy","number":2}
INST cb591042487b3564 2016-03-28T21:20:20.300Z {"type":"progresschanged","target_tagname":"progressmeter","target_id":"progressMeter","value":45}
INST cb591042487b3564 2016-03-28T21:20:20.300Z {"type":"good","target_tagname":"image","target_id":"progressbar","configurationSettings":"bridge-noproxy","number":2}
INST cb591042487b3564 2016-03-28T21:20:20.700Z {"type":"progresschanged","target_tagname":"progressmeter","target_id":"progressMeter","value":50}
INST cb591042487b3564 2016-03-28T21:20:20.700Z {"type":"good","target_tagname":"image","target_id":"progressbar","configurationSettings":"bridge-noproxy","number":2}
INST cb591042487b3564 2016-03-28T21:20:21.400Z {"type":"progresschanged","target_tagname":"progressmeter","target_id":"progressMeter","value":51}
INST cb591042487b3564 2016-03-28T21:20:21.400Z {"type":"good","target_tagname":"image","target_id":"progressbar","configurationSettings":"bridge-noproxy","number":2}
INST cb591042487b3564 2016-03-28T21:20:21.500Z {"type":"progresschanged","target_tagname":"progressmeter","target_id":"progressMeter","value":52}
INST cb591042487b3564 2016-03-28T21:20:21.500Z {"type":"good","target_tagname":"image","target_id":"progressbar","configurationSettings":"bridge-noproxy","number":2}
INST cb591042487b3564 2016-03-28T21:20:21.600Z {"type":"progresschanged","target_tagname":"progressmeter","target_id":"progressMeter","value":53}
INST cb591042487b3564 2016-03-28T21:20:21.600Z {"type":"good","target_tagname":"image","target_id":"progressbar","configurationSettings":"bridge-noproxy","number":2}
INST cb591042487b3564 2016-03-28T21:20:21.600Z {"type":"progresschanged","target_tagname":"progressmeter","target_id":"progressMeter","value":55}
INST cb591042487b3564 2016-03-28T21:20:21.600Z {"type":"good","target_tagname":"image","target_id":"progressbar","configurationSettings":"bridge-noproxy","number":2}
INST cb591042487b3564 2016-03-28T21:20:22.100Z {"type":"progresschanged","target_tagname":"progressmeter","target_id":"progressMeter","value":58}
INST cb591042487b3564 2016-03-28T21:20:22.100Z {"type":"good","target_tagname":"image","target_id":"progressbar","configurationSettings":"bridge-noproxy","number":2}
INST cb591042487b3564 2016-03-28T21:20:22.100Z {"type":"progresschanged","target_tagname":"progressmeter","target_id":"progressMeter","value":61}
INST cb591042487b3564 2016-03-28T21:20:22.100Z {"type":"good","target_tagname":"image","target_id":"progressbar","configurationSettings":"bridge-noproxy","number":2}
INST cb591042487b3564 2016-03-28T21:20:22.100Z {"type":"progresschanged","target_tagname":"progressmeter","target_id":"progressMeter","value":66}
INST cb591042487b3564 2016-03-28T21:20:22.100Z {"type":"good","target_tagname":"image","target_id":"progressbar","configurationSettings":"bridge-noproxy","number":2}
INST cb591042487b3564 2016-03-28T21:20:22.200Z {"type":"progresschanged","target_tagname":"progressmeter","target_id":"progressMeter","value":72}
INST cb591042487b3564 2016-03-28T21:20:22.200Z {"type":"good","target_tagname":"image","target_id":"progressbar","configurationSettings":"bridge-noproxy","number":2}
INST cb591042487b3564 2016-03-28T21:20:22.700Z {"type":"progresschanged","target_tagname":"progressmeter","target_id":"progressMeter","value":80}
INST cb591042487b3564 2016-03-28T21:20:22.700Z {"type":"good","target_tagname":"image","target_id":"progressbar","configurationSettings":"bridge-noproxy","number":2}
INST cb591042487b3564 2016-03-28T21:20:22.700Z {"type":"progresschanged","target_tagname":"progressmeter","target_id":"progressMeter","value":90}
INST cb591042487b3564 2016-03-28T21:20:22.700Z {"type":"good","target_tagname":"image","target_id":"progressbar","configurationSettings":"bridge-noproxy","number":3}
INST cb591042487b3564 2016-03-28T21:20:26.200Z {"type":"progresschanged","target_tagname":"progressmeter","target_id":"progressMeter","value":100}
INST cb591042487b3564 2016-03-28T21:20:26.200Z {"type":"good","target_tagname":"image","target_id":"progressbar","configurationSettings":"bridge-noproxy","number":4}
INST cb591042487b3564 2016-03-28T21:20:26.400Z {"type":"unload","target_id":"configuration"}
