INST e2c20328c25e4930 2016-03-30T23:42:09.500Z {"type":"start"}
INST e2c20328c25e4930 2016-03-30T23:42:10.500Z {"type":"select","target_tagname":"menulist","target_id":"proxyType","value":""}
INST e2c20328c25e4930 2016-03-30T23:42:10.500Z {"type":"wizardnext","target_tagname":"wizard","target_id":"TorNetworkSettings"}
INST e2c20328c25e4930 2016-03-30T23:42:10.500Z {"type":"pageshow","target_tagname":"wizardpage","target_id":"first"}
INST e2c20328c25e4930 2016-03-30T23:42:10.500Z {"type":"load","target_id":"configuration"}
INST e2c20328c25e4930 2016-03-30T23:42:10.500Z {"type":"select","target_tagname":"menulist","target_id":"defaultBridgeType","value":"obfs3"}
INST e2c20328c25e4930 2016-03-30T23:42:16.200Z {"type":"click","target_tagname":"button","target_id":"connect_button","detail":1}
INST e2c20328c25e4930 2016-03-30T23:42:16.200Z {"type":"pagehide","target_tagname":"wizardpage","target_id":"first"}
INST e2c20328c25e4930 2016-03-30T23:42:16.200Z {"type":"pageadvanced","target_tagname":"wizardpage","target_id":"first"}
INST e2c20328c25e4930 2016-03-30T23:42:16.200Z {"type":"wizardnext","target_tagname":"wizard","target_id":"TorNetworkSettings"}
INST e2c20328c25e4930 2016-03-30T23:42:16.200Z {"type":"pageshow","target_tagname":"wizardpage","target_id":"inlineprogress"}
INST e2c20328c25e4930 2016-03-30T23:42:16.200Z {"type":"command","target_tagname":"button","target_id":"connect_button"}
INST e2c20328c25e4930 2016-03-30T23:42:17.100Z {"type":"progresschanged","target_tagname":"progressmeter","target_id":"progressMeter","value":5}
INST e2c20328c25e4930 2016-03-30T23:42:17.100Z {"type":"good","target_tagname":"image","target_id":"progressbar","configurationSettings":"nobridge-noproxy","number":1}
INST e2c20328c25e4930 2016-03-30T23:42:17.100Z {"type":"progresschanged","target_tagname":"progressmeter","target_id":"progressMeter","value":10}
INST e2c20328c25e4930 2016-03-30T23:42:17.100Z {"type":"good","target_tagname":"image","target_id":"progressbar","configurationSettings":"nobridge-noproxy","number":1}
INST e2c20328c25e4930 2016-03-30T23:42:17.300Z {"type":"progresschanged","target_tagname":"progressmeter","target_id":"progressMeter","value":15}
INST e2c20328c25e4930 2016-03-30T23:42:17.300Z {"type":"good","target_tagname":"image","target_id":"progressbar","configurationSettings":"nobridge-noproxy","number":1}
INST e2c20328c25e4930 2016-03-30T23:42:17.400Z {"type":"progresschanged","target_tagname":"progressmeter","target_id":"progressMeter","value":20}
INST e2c20328c25e4930 2016-03-30T23:42:17.400Z {"type":"good","target_tagname":"image","target_id":"progressbar","configurationSettings":"nobridge-noproxy","number":1}
INST e2c20328c25e4930 2016-03-30T23:42:17.400Z {"type":"progresschanged","target_tagname":"progressmeter","target_id":"progressMeter","value":25}
INST e2c20328c25e4930 2016-03-30T23:42:17.400Z {"type":"good","target_tagname":"image","target_id":"progressbar","configurationSettings":"nobridge-noproxy","number":2}
INST e2c20328c25e4930 2016-03-30T23:42:18.300Z {"type":"progresschanged","target_tagname":"progressmeter","target_id":"progressMeter","value":40}
INST e2c20328c25e4930 2016-03-30T23:42:18.300Z {"type":"good","target_tagname":"image","target_id":"progressbar","configurationSettings":"nobridge-noproxy","number":2}
INST e2c20328c25e4930 2016-03-30T23:42:18.500Z {"type":"progresschanged","target_tagname":"progressmeter","target_id":"progressMeter","value":45}
INST e2c20328c25e4930 2016-03-30T23:42:18.500Z {"type":"good","target_tagname":"image","target_id":"progressbar","configurationSettings":"nobridge-noproxy","number":2}
INST e2c20328c25e4930 2016-03-30T23:42:19.500Z {"type":"progresschanged","target_tagname":"progressmeter","target_id":"progressMeter","value":50}
INST e2c20328c25e4930 2016-03-30T23:42:19.500Z {"type":"good","target_tagname":"image","target_id":"progressbar","configurationSettings":"nobridge-noproxy","number":2}
INST e2c20328c25e4930 2016-03-30T23:42:20.900Z {"type":"progresschanged","target_tagname":"progressmeter","target_id":"progressMeter","value":51}
INST e2c20328c25e4930 2016-03-30T23:42:20.900Z {"type":"good","target_tagname":"image","target_id":"progressbar","configurationSettings":"nobridge-noproxy","number":2}
INST e2c20328c25e4930 2016-03-30T23:42:21.000Z {"type":"progresschanged","target_tagname":"progressmeter","target_id":"progressMeter","value":52}
INST e2c20328c25e4930 2016-03-30T23:42:21.000Z {"type":"good","target_tagname":"image","target_id":"progressbar","configurationSettings":"nobridge-noproxy","number":2}
INST e2c20328c25e4930 2016-03-30T23:42:21.100Z {"type":"progresschanged","target_tagname":"progressmeter","target_id":"progressMeter","value":54}
INST e2c20328c25e4930 2016-03-30T23:42:21.100Z {"type":"good","target_tagname":"image","target_id":"progressbar","configurationSettings":"nobridge-noproxy","number":2}
INST e2c20328c25e4930 2016-03-30T23:42:21.200Z {"type":"progresschanged","target_tagname":"progressmeter","target_id":"progressMeter","value":56}
INST e2c20328c25e4930 2016-03-30T23:42:21.200Z {"type":"good","target_tagname":"image","target_id":"progressbar","configurationSettings":"nobridge-noproxy","number":2}
INST e2c20328c25e4930 2016-03-30T23:42:21.600Z {"type":"progresschanged","target_tagname":"progressmeter","target_id":"progressMeter","value":59}
INST e2c20328c25e4930 2016-03-30T23:42:21.600Z {"type":"good","target_tagname":"image","target_id":"progressbar","configurationSettings":"nobridge-noproxy","number":2}
INST e2c20328c25e4930 2016-03-30T23:42:21.600Z {"type":"progresschanged","target_tagname":"progressmeter","target_id":"progressMeter","value":63}
INST e2c20328c25e4930 2016-03-30T23:42:21.600Z {"type":"good","target_tagname":"image","target_id":"progressbar","configurationSettings":"nobridge-noproxy","number":2}
INST e2c20328c25e4930 2016-03-30T23:42:21.700Z {"type":"progresschanged","target_tagname":"progressmeter","target_id":"progressMeter","value":69}
INST e2c20328c25e4930 2016-03-30T23:42:21.700Z {"type":"good","target_tagname":"image","target_id":"progressbar","configurationSettings":"nobridge-noproxy","number":2}
INST e2c20328c25e4930 2016-03-30T23:42:22.300Z {"type":"progresschanged","target_tagname":"progressmeter","target_id":"progressMeter","value":74}
INST e2c20328c25e4930 2016-03-30T23:42:22.300Z {"type":"good","target_tagname":"image","target_id":"progressbar","configurationSettings":"nobridge-noproxy","number":2}
INST e2c20328c25e4930 2016-03-30T23:42:23.100Z {"type":"progresschanged","target_tagname":"progressmeter","target_id":"progressMeter","value":80}
INST e2c20328c25e4930 2016-03-30T23:42:23.100Z {"type":"good","target_tagname":"image","target_id":"progressbar","configurationSettings":"nobridge-noproxy","number":2}
INST e2c20328c25e4930 2016-03-30T23:42:23.100Z {"type":"progresschanged","target_tagname":"progressmeter","target_id":"progressMeter","value":90}
INST e2c20328c25e4930 2016-03-30T23:42:23.100Z {"type":"good","target_tagname":"image","target_id":"progressbar","configurationSettings":"nobridge-noproxy","number":2}
INST e2c20328c25e4930 2016-03-30T23:42:24.000Z {"type":"progresschanged","target_tagname":"progressmeter","target_id":"progressMeter","value":100}
INST e2c20328c25e4930 2016-03-30T23:42:24.000Z {"type":"good","target_tagname":"image","target_id":"progressbar","configurationSettings":"nobridge-noproxy","number":3}
INST e2c20328c25e4930 2016-03-30T23:42:24.300Z {"type":"unload","target_id":"configuration"}
