INST be3153c4736692de 2016-03-28T21:19:50.400Z {"type":"start"}
INST be3153c4736692de 2016-03-28T21:19:53.300Z {"type":"select","target_tagname":"menulist","target_id":"proxyType","value":""}
INST be3153c4736692de 2016-03-28T21:19:53.300Z {"type":"wizardnext","target_tagname":"wizard","target_id":"TorNetworkSettings"}
INST be3153c4736692de 2016-03-28T21:19:53.300Z {"type":"pageshow","target_tagname":"wizardpage","target_id":"first"}
INST be3153c4736692de 2016-03-28T21:19:53.400Z {"type":"load","target_id":"configuration"}
INST be3153c4736692de 2016-03-28T21:19:53.400Z {"type":"select","target_tagname":"menulist","target_id":"defaultBridgeType","value":"obfs3"}
INST be3153c4736692de 2016-03-28T21:19:58.300Z {"type":"click","target_tagname":"button","target_id":"connect_button","detail":1}
INST be3153c4736692de 2016-03-28T21:19:58.300Z {"type":"pagehide","target_tagname":"wizardpage","target_id":"first"}
INST be3153c4736692de 2016-03-28T21:19:58.300Z {"type":"pageadvanced","target_tagname":"wizardpage","target_id":"first"}
INST be3153c4736692de 2016-03-28T21:19:58.300Z {"type":"wizardnext","target_tagname":"wizard","target_id":"TorNetworkSettings"}
INST be3153c4736692de 2016-03-28T21:19:58.300Z {"type":"pageshow","target_tagname":"wizardpage","target_id":"inlineprogress"}
INST be3153c4736692de 2016-03-28T21:19:58.300Z {"type":"command","target_tagname":"button","target_id":"connect_button"}
INST be3153c4736692de 2016-03-28T21:19:58.800Z {"type":"progresschanged","target_tagname":"progressmeter","target_id":"progressMeter","value":5}
INST be3153c4736692de 2016-03-28T21:19:58.800Z {"type":"good","target_tagname":"image","target_id":"progressbar","configurationSettings":"nobridge-noproxy","number":1}
INST be3153c4736692de 2016-03-28T21:19:58.900Z {"type":"progresschanged","target_tagname":"progressmeter","target_id":"progressMeter","value":10}
INST be3153c4736692de 2016-03-28T21:19:58.900Z {"type":"good","target_tagname":"image","target_id":"progressbar","configurationSettings":"nobridge-noproxy","number":1}
INST be3153c4736692de 2016-03-28T21:19:59.100Z {"type":"progresschanged","target_tagname":"progressmeter","target_id":"progressMeter","value":15}
INST be3153c4736692de 2016-03-28T21:19:59.100Z {"type":"good","target_tagname":"image","target_id":"progressbar","configurationSettings":"nobridge-noproxy","number":1}
INST be3153c4736692de 2016-03-28T21:19:59.100Z {"type":"progresschanged","target_tagname":"progressmeter","target_id":"progressMeter","value":20}
INST be3153c4736692de 2016-03-28T21:19:59.100Z {"type":"good","target_tagname":"image","target_id":"progressbar","configurationSettings":"nobridge-noproxy","number":1}
INST be3153c4736692de 2016-03-28T21:19:59.200Z {"type":"progresschanged","target_tagname":"progressmeter","target_id":"progressMeter","value":25}
INST be3153c4736692de 2016-03-28T21:19:59.200Z {"type":"good","target_tagname":"image","target_id":"progressbar","configurationSettings":"nobridge-noproxy","number":2}
INST be3153c4736692de 2016-03-28T21:20:00.200Z {"type":"progresschanged","target_tagname":"progressmeter","target_id":"progressMeter","value":40}
INST be3153c4736692de 2016-03-28T21:20:00.200Z {"type":"good","target_tagname":"image","target_id":"progressbar","configurationSettings":"nobridge-noproxy","number":2}
INST be3153c4736692de 2016-03-28T21:20:00.400Z {"type":"progresschanged","target_tagname":"progressmeter","target_id":"progressMeter","value":45}
INST be3153c4736692de 2016-03-28T21:20:00.400Z {"type":"good","target_tagname":"image","target_id":"progressbar","configurationSettings":"nobridge-noproxy","number":2}
INST be3153c4736692de 2016-03-28T21:20:01.500Z {"type":"progresschanged","target_tagname":"progressmeter","target_id":"progressMeter","value":50}
INST be3153c4736692de 2016-03-28T21:20:01.500Z {"type":"good","target_tagname":"image","target_id":"progressbar","configurationSettings":"nobridge-noproxy","number":2}
INST be3153c4736692de 2016-03-28T21:20:03.100Z {"type":"progresschanged","target_tagname":"progressmeter","target_id":"progressMeter","value":51}
INST be3153c4736692de 2016-03-28T21:20:03.100Z {"type":"good","target_tagname":"image","target_id":"progressbar","configurationSettings":"nobridge-noproxy","number":2}
INST be3153c4736692de 2016-03-28T21:20:03.200Z {"type":"progresschanged","target_tagname":"progressmeter","target_id":"progressMeter","value":52}
INST be3153c4736692de 2016-03-28T21:20:03.200Z {"type":"good","target_tagname":"image","target_id":"progressbar","configurationSettings":"nobridge-noproxy","number":2}
INST be3153c4736692de 2016-03-28T21:20:03.600Z {"type":"progresschanged","target_tagname":"progressmeter","target_id":"progressMeter","value":53}
INST be3153c4736692de 2016-03-28T21:20:03.600Z {"type":"good","target_tagname":"image","target_id":"progressbar","configurationSettings":"nobridge-noproxy","number":2}
INST be3153c4736692de 2016-03-28T21:20:03.700Z {"type":"progresschanged","target_tagname":"progressmeter","target_id":"progressMeter","value":55}
INST be3153c4736692de 2016-03-28T21:20:03.700Z {"type":"good","target_tagname":"image","target_id":"progressbar","configurationSettings":"nobridge-noproxy","number":2}
INST be3153c4736692de 2016-03-28T21:20:03.900Z {"type":"progresschanged","target_tagname":"progressmeter","target_id":"progressMeter","value":58}
INST be3153c4736692de 2016-03-28T21:20:03.900Z {"type":"good","target_tagname":"image","target_id":"progressbar","configurationSettings":"nobridge-noproxy","number":2}
INST be3153c4736692de 2016-03-28T21:20:04.400Z {"type":"progresschanged","target_tagname":"progressmeter","target_id":"progressMeter","value":61}
INST be3153c4736692de 2016-03-28T21:20:04.400Z {"type":"good","target_tagname":"image","target_id":"progressbar","configurationSettings":"nobridge-noproxy","number":2}
INST be3153c4736692de 2016-03-28T21:20:05.000Z {"type":"progresschanged","target_tagname":"progressmeter","target_id":"progressMeter","value":65}
INST be3153c4736692de 2016-03-28T21:20:05.000Z {"type":"good","target_tagname":"image","target_id":"progressbar","configurationSettings":"nobridge-noproxy","number":2}
INST be3153c4736692de 2016-03-28T21:20:06.900Z {"type":"progresschanged","target_tagname":"progressmeter","target_id":"progressMeter","value":66}
INST be3153c4736692de 2016-03-28T21:20:06.900Z {"type":"good","target_tagname":"image","target_id":"progressbar","configurationSettings":"nobridge-noproxy","number":2}
INST be3153c4736692de 2016-03-28T21:20:07.000Z {"type":"progresschanged","target_tagname":"progressmeter","target_id":"progressMeter","value":72}
INST be3153c4736692de 2016-03-28T21:20:07.000Z {"type":"good","target_tagname":"image","target_id":"progressbar","configurationSettings":"nobridge-noproxy","number":2}
INST be3153c4736692de 2016-03-28T21:20:07.000Z {"type":"progresschanged","target_tagname":"progressmeter","target_id":"progressMeter","value":78}
INST be3153c4736692de 2016-03-28T21:20:07.000Z {"type":"good","target_tagname":"image","target_id":"progressbar","configurationSettings":"nobridge-noproxy","number":2}
INST be3153c4736692de 2016-03-28T21:20:07.800Z {"type":"progresschanged","target_tagname":"progressmeter","target_id":"progressMeter","value":80}
INST be3153c4736692de 2016-03-28T21:20:07.800Z {"type":"good","target_tagname":"image","target_id":"progressbar","configurationSettings":"nobridge-noproxy","number":2}
INST be3153c4736692de 2016-03-28T21:20:07.800Z {"type":"progresschanged","target_tagname":"progressmeter","target_id":"progressMeter","value":90}
INST be3153c4736692de 2016-03-28T21:20:07.800Z {"type":"good","target_tagname":"image","target_id":"progressbar","configurationSettings":"nobridge-noproxy","number":2}
INST be3153c4736692de 2016-03-28T21:20:09.800Z {"type":"progresschanged","target_tagname":"progressmeter","target_id":"progressMeter","value":100}
INST be3153c4736692de 2016-03-28T21:20:09.800Z {"type":"good","target_tagname":"image","target_id":"progressbar","configurationSettings":"nobridge-noproxy","number":3}
INST be3153c4736692de 2016-03-28T21:20:10.100Z {"type":"unload","target_id":"configuration"}
