INST a3430f2d62fdcb05 2016-03-23T21:10:30.900Z {"type":"start"}
INST a3430f2d62fdcb05 2016-03-23T21:10:31.900Z {"type":"select","target_tagname":"menulist","target_id":"proxyType","value":""}
INST a3430f2d62fdcb05 2016-03-23T21:10:32.000Z {"type":"wizardnext","target_tagname":"wizard","target_id":"TorNetworkSettings"}
INST a3430f2d62fdcb05 2016-03-23T21:10:32.000Z {"type":"pageshow","target_tagname":"wizardpage","target_id":"first"}
INST a3430f2d62fdcb05 2016-03-23T21:10:32.000Z {"type":"load","target_id":"configuration"}
INST a3430f2d62fdcb05 2016-03-23T21:10:32.000Z {"type":"select","target_tagname":"menulist","target_id":"defaultBridgeType","value":"obfs3"}
INST a3430f2d62fdcb05 2016-03-23T21:11:46.500Z {"type":"click","target_tagname":"button","target_id":"connect_button","detail":1}
INST a3430f2d62fdcb05 2016-03-23T21:11:46.500Z {"type":"pagehide","target_tagname":"wizardpage","target_id":"first"}
INST a3430f2d62fdcb05 2016-03-23T21:11:46.500Z {"type":"pageadvanced","target_tagname":"wizardpage","target_id":"first"}
INST a3430f2d62fdcb05 2016-03-23T21:11:46.500Z {"type":"wizardnext","target_tagname":"wizard","target_id":"TorNetworkSettings"}
INST a3430f2d62fdcb05 2016-03-23T21:11:46.500Z {"type":"pageshow","target_tagname":"wizardpage","target_id":"inlineprogress"}
INST a3430f2d62fdcb05 2016-03-23T21:11:46.500Z {"type":"command","target_tagname":"button","target_id":"connect_button"}
INST a3430f2d62fdcb05 2016-03-23T21:11:47.500Z {"type":"progresschanged","target_tagname":"progressmeter","target_id":"progressMeter","value":5}
INST a3430f2d62fdcb05 2016-03-23T21:11:47.500Z {"type":"good","target_tagname":"image","target_id":"progressbar","configurationSettings":"nobridge-noproxy","number":1}
INST a3430f2d62fdcb05 2016-03-23T21:11:47.600Z {"type":"progresschanged","target_tagname":"progressmeter","target_id":"progressMeter","value":10}
INST a3430f2d62fdcb05 2016-03-23T21:11:47.600Z {"type":"good","target_tagname":"image","target_id":"progressbar","configurationSettings":"nobridge-noproxy","number":1}
INST a3430f2d62fdcb05 2016-03-23T21:11:48.100Z {"type":"progresschanged","target_tagname":"progressmeter","target_id":"progressMeter","value":15}
INST a3430f2d62fdcb05 2016-03-23T21:11:48.100Z {"type":"good","target_tagname":"image","target_id":"progressbar","configurationSettings":"nobridge-noproxy","number":1}
INST a3430f2d62fdcb05 2016-03-23T21:11:48.200Z {"type":"progresschanged","target_tagname":"progressmeter","target_id":"progressMeter","value":20}
INST a3430f2d62fdcb05 2016-03-23T21:11:48.200Z {"type":"good","target_tagname":"image","target_id":"progressbar","configurationSettings":"nobridge-noproxy","number":1}
INST a3430f2d62fdcb05 2016-03-23T21:11:48.400Z {"type":"progresschanged","target_tagname":"progressmeter","target_id":"progressMeter","value":25}
INST a3430f2d62fdcb05 2016-03-23T21:11:48.400Z {"type":"good","target_tagname":"image","target_id":"progressbar","configurationSettings":"nobridge-noproxy","number":2}
INST a3430f2d62fdcb05 2016-03-23T21:11:51.100Z {"type":"progresschanged","target_tagname":"progressmeter","target_id":"progressMeter","value":40}
INST a3430f2d62fdcb05 2016-03-23T21:11:51.100Z {"type":"good","target_tagname":"image","target_id":"progressbar","configurationSettings":"nobridge-noproxy","number":2}
INST a3430f2d62fdcb05 2016-03-23T21:11:51.600Z {"type":"progresschanged","target_tagname":"progressmeter","target_id":"progressMeter","value":45}
INST a3430f2d62fdcb05 2016-03-23T21:11:51.600Z {"type":"good","target_tagname":"image","target_id":"progressbar","configurationSettings":"nobridge-noproxy","number":2}
INST a3430f2d62fdcb05 2016-03-23T21:11:52.600Z {"type":"progresschanged","target_tagname":"progressmeter","target_id":"progressMeter","value":50}
INST a3430f2d62fdcb05 2016-03-23T21:11:52.600Z {"type":"good","target_tagname":"image","target_id":"progressbar","configurationSettings":"nobridge-noproxy","number":2}
INST a3430f2d62fdcb05 2016-03-23T21:11:54.300Z {"type":"progresschanged","target_tagname":"progressmeter","target_id":"progressMeter","value":51}
INST a3430f2d62fdcb05 2016-03-23T21:11:54.300Z {"type":"good","target_tagname":"image","target_id":"progressbar","configurationSettings":"nobridge-noproxy","number":2}
INST a3430f2d62fdcb05 2016-03-23T21:11:54.400Z {"type":"progresschanged","target_tagname":"progressmeter","target_id":"progressMeter","value":53}
INST a3430f2d62fdcb05 2016-03-23T21:11:54.400Z {"type":"good","target_tagname":"image","target_id":"progressbar","configurationSettings":"nobridge-noproxy","number":2}
INST a3430f2d62fdcb05 2016-03-23T21:11:54.500Z {"type":"progresschanged","target_tagname":"progressmeter","target_id":"progressMeter","value":55}
INST a3430f2d62fdcb05 2016-03-23T21:11:54.600Z {"type":"good","target_tagname":"image","target_id":"progressbar","configurationSettings":"nobridge-noproxy","number":2}
INST a3430f2d62fdcb05 2016-03-23T21:11:54.700Z {"type":"progresschanged","target_tagname":"progressmeter","target_id":"progressMeter","value":58}
INST a3430f2d62fdcb05 2016-03-23T21:11:54.700Z {"type":"good","target_tagname":"image","target_id":"progressbar","configurationSettings":"nobridge-noproxy","number":2}
INST a3430f2d62fdcb05 2016-03-23T21:11:54.800Z {"type":"progresschanged","target_tagname":"progressmeter","target_id":"progressMeter","value":61}
INST a3430f2d62fdcb05 2016-03-23T21:11:54.800Z {"type":"good","target_tagname":"image","target_id":"progressbar","configurationSettings":"nobridge-noproxy","number":2}
INST a3430f2d62fdcb05 2016-03-23T21:11:55.100Z {"type":"progresschanged","target_tagname":"progressmeter","target_id":"progressMeter","value":66}
INST a3430f2d62fdcb05 2016-03-23T21:11:55.100Z {"type":"good","target_tagname":"image","target_id":"progressbar","configurationSettings":"nobridge-noproxy","number":2}
INST a3430f2d62fdcb05 2016-03-23T21:11:55.600Z {"type":"progresschanged","target_tagname":"progressmeter","target_id":"progressMeter","value":70}
INST a3430f2d62fdcb05 2016-03-23T21:11:55.600Z {"type":"good","target_tagname":"image","target_id":"progressbar","configurationSettings":"nobridge-noproxy","number":2}
INST a3430f2d62fdcb05 2016-03-23T21:11:55.700Z {"type":"progresschanged","target_tagname":"progressmeter","target_id":"progressMeter","value":76}
INST a3430f2d62fdcb05 2016-03-23T21:11:55.700Z {"type":"good","target_tagname":"image","target_id":"progressbar","configurationSettings":"nobridge-noproxy","number":2}
INST a3430f2d62fdcb05 2016-03-23T21:11:56.500Z {"type":"progresschanged","target_tagname":"progressmeter","target_id":"progressMeter","value":80}
INST a3430f2d62fdcb05 2016-03-23T21:11:56.500Z {"type":"good","target_tagname":"image","target_id":"progressbar","configurationSettings":"nobridge-noproxy","number":2}
INST a3430f2d62fdcb05 2016-03-23T21:11:56.500Z {"type":"progresschanged","target_tagname":"progressmeter","target_id":"progressMeter","value":90}
INST a3430f2d62fdcb05 2016-03-23T21:11:56.500Z {"type":"good","target_tagname":"image","target_id":"progressbar","configurationSettings":"nobridge-noproxy","number":2}
INST a3430f2d62fdcb05 2016-03-23T21:11:57.200Z {"type":"progresschanged","target_tagname":"progressmeter","target_id":"progressMeter","value":100}
INST a3430f2d62fdcb05 2016-03-23T21:11:57.200Z {"type":"good","target_tagname":"image","target_id":"progressbar","configurationSettings":"nobridge-noproxy","number":3}
INST a3430f2d62fdcb05 2016-03-23T21:11:57.400Z {"type":"unload","target_id":"configuration"}
