INST 3382d7758d8c6b00 2016-03-30T23:41:35.400Z {"type":"start"}
INST 3382d7758d8c6b00 2016-03-30T23:41:36.300Z {"type":"select","target_tagname":"menulist","target_id":"proxyType","value":""}
INST 3382d7758d8c6b00 2016-03-30T23:41:36.300Z {"type":"wizardnext","target_tagname":"wizard","target_id":"TorNetworkSettings"}
INST 3382d7758d8c6b00 2016-03-30T23:41:36.300Z {"type":"pageshow","target_tagname":"wizardpage","target_id":"first"}
INST 3382d7758d8c6b00 2016-03-30T23:41:36.400Z {"type":"load","target_id":"configuration"}
INST 3382d7758d8c6b00 2016-03-30T23:41:36.400Z {"type":"select","target_tagname":"menulist","target_id":"defaultBridgeType","value":"obfs3"}
INST 3382d7758d8c6b00 2016-03-30T23:41:55.000Z {"type":"click","target_tagname":"button","target_id":"connect_button","detail":1}
INST 3382d7758d8c6b00 2016-03-30T23:41:55.000Z {"type":"pagehide","target_tagname":"wizardpage","target_id":"first"}
INST 3382d7758d8c6b00 2016-03-30T23:41:55.000Z {"type":"pageadvanced","target_tagname":"wizardpage","target_id":"first"}
INST 3382d7758d8c6b00 2016-03-30T23:41:55.000Z {"type":"wizardnext","target_tagname":"wizard","target_id":"TorNetworkSettings"}
INST 3382d7758d8c6b00 2016-03-30T23:41:55.000Z {"type":"pageshow","target_tagname":"wizardpage","target_id":"inlineprogress"}
INST 3382d7758d8c6b00 2016-03-30T23:41:55.000Z {"type":"command","target_tagname":"button","target_id":"connect_button"}
INST 3382d7758d8c6b00 2016-03-30T23:41:55.000Z {"type":"progresschanged","target_tagname":"progressmeter","target_id":"progressMeter","value":5}
INST 3382d7758d8c6b00 2016-03-30T23:41:55.000Z {"type":"good","target_tagname":"image","target_id":"progressbar","configurationSettings":"nobridge-noproxy","number":1}
INST 3382d7758d8c6b00 2016-03-30T23:41:55.200Z {"type":"progresschanged","target_tagname":"progressmeter","target_id":"progressMeter","value":10}
INST 3382d7758d8c6b00 2016-03-30T23:41:55.200Z {"type":"good","target_tagname":"image","target_id":"progressbar","configurationSettings":"nobridge-noproxy","number":1}
INST 3382d7758d8c6b00 2016-03-30T23:41:55.800Z {"type":"progresschanged","target_tagname":"progressmeter","target_id":"progressMeter","value":15}
INST 3382d7758d8c6b00 2016-03-30T23:41:55.800Z {"type":"good","target_tagname":"image","target_id":"progressbar","configurationSettings":"nobridge-noproxy","number":1}
INST 3382d7758d8c6b00 2016-03-30T23:41:56.000Z {"type":"progresschanged","target_tagname":"progressmeter","target_id":"progressMeter","value":20}
INST 3382d7758d8c6b00 2016-03-30T23:41:56.000Z {"type":"good","target_tagname":"image","target_id":"progressbar","configurationSettings":"nobridge-noproxy","number":1}
INST 3382d7758d8c6b00 2016-03-30T23:41:56.200Z {"type":"progresschanged","target_tagname":"progressmeter","target_id":"progressMeter","value":25}
INST 3382d7758d8c6b00 2016-03-30T23:41:56.200Z {"type":"good","target_tagname":"image","target_id":"progressbar","configurationSettings":"nobridge-noproxy","number":2}
INST 3382d7758d8c6b00 2016-03-30T23:42:01.100Z {"type":"progresschanged","target_tagname":"progressmeter","target_id":"progressMeter","value":40}
INST 3382d7758d8c6b00 2016-03-30T23:42:01.100Z {"type":"good","target_tagname":"image","target_id":"progressbar","configurationSettings":"nobridge-noproxy","number":2}
INST 3382d7758d8c6b00 2016-03-30T23:42:01.700Z {"type":"progresschanged","target_tagname":"progressmeter","target_id":"progressMeter","value":45}
INST 3382d7758d8c6b00 2016-03-30T23:42:01.700Z {"type":"good","target_tagname":"image","target_id":"progressbar","configurationSettings":"nobridge-noproxy","number":2}
INST 3382d7758d8c6b00 2016-03-30T23:42:02.700Z {"type":"progresschanged","target_tagname":"progressmeter","target_id":"progressMeter","value":50}
INST 3382d7758d8c6b00 2016-03-30T23:42:02.700Z {"type":"good","target_tagname":"image","target_id":"progressbar","configurationSettings":"nobridge-noproxy","number":2}
INST 3382d7758d8c6b00 2016-03-30T23:42:04.400Z {"type":"progresschanged","target_tagname":"progressmeter","target_id":"progressMeter","value":52}
INST 3382d7758d8c6b00 2016-03-30T23:42:04.400Z {"type":"good","target_tagname":"image","target_id":"progressbar","configurationSettings":"nobridge-noproxy","number":2}
INST 3382d7758d8c6b00 2016-03-30T23:42:04.400Z {"type":"progresschanged","target_tagname":"progressmeter","target_id":"progressMeter","value":53}
INST 3382d7758d8c6b00 2016-03-30T23:42:04.400Z {"type":"good","target_tagname":"image","target_id":"progressbar","configurationSettings":"nobridge-noproxy","number":2}
INST 3382d7758d8c6b00 2016-03-30T23:42:04.900Z {"type":"progresschanged","target_tagname":"progressmeter","target_id":"progressMeter","value":56}
INST 3382d7758d8c6b00 2016-03-30T23:42:04.900Z {"type":"good","target_tagname":"image","target_id":"progressbar","configurationSettings":"nobridge-noproxy","number":2}
INST 3382d7758d8c6b00 2016-03-30T23:42:04.900Z {"type":"progresschanged","target_tagname":"progressmeter","target_id":"progressMeter","value":59}
INST 3382d7758d8c6b00 2016-03-30T23:42:04.900Z {"type":"good","target_tagname":"image","target_id":"progressbar","configurationSettings":"nobridge-noproxy","number":2}
INST 3382d7758d8c6b00 2016-03-30T23:42:04.900Z {"type":"progresschanged","target_tagname":"progressmeter","target_id":"progressMeter","value":63}
INST 3382d7758d8c6b00 2016-03-30T23:42:04.900Z {"type":"good","target_tagname":"image","target_id":"progressbar","configurationSettings":"nobridge-noproxy","number":2}
INST 3382d7758d8c6b00 2016-03-30T23:42:05.000Z {"type":"progresschanged","target_tagname":"progressmeter","target_id":"progressMeter","value":68}
INST 3382d7758d8c6b00 2016-03-30T23:42:05.000Z {"type":"good","target_tagname":"image","target_id":"progressbar","configurationSettings":"nobridge-noproxy","number":2}
INST 3382d7758d8c6b00 2016-03-30T23:42:07.000Z {"type":"progresschanged","target_tagname":"progressmeter","target_id":"progressMeter","value":74}
INST 3382d7758d8c6b00 2016-03-30T23:42:07.000Z {"type":"good","target_tagname":"image","target_id":"progressbar","configurationSettings":"nobridge-noproxy","number":2}
INST 3382d7758d8c6b00 2016-03-30T23:42:08.000Z {"type":"progresschanged","target_tagname":"progressmeter","target_id":"progressMeter","value":80}
INST 3382d7758d8c6b00 2016-03-30T23:42:08.000Z {"type":"good","target_tagname":"image","target_id":"progressbar","configurationSettings":"nobridge-noproxy","number":2}
INST 3382d7758d8c6b00 2016-03-30T23:42:08.000Z {"type":"progresschanged","target_tagname":"progressmeter","target_id":"progressMeter","value":90}
INST 3382d7758d8c6b00 2016-03-30T23:42:08.000Z {"type":"good","target_tagname":"image","target_id":"progressbar","configurationSettings":"nobridge-noproxy","number":2}
INST 3382d7758d8c6b00 2016-03-30T23:42:08.600Z {"type":"progresschanged","target_tagname":"progressmeter","target_id":"progressMeter","value":100}
INST 3382d7758d8c6b00 2016-03-30T23:42:08.600Z {"type":"good","target_tagname":"image","target_id":"progressbar","configurationSettings":"nobridge-noproxy","number":3}
INST 3382d7758d8c6b00 2016-03-30T23:42:08.900Z {"type":"unload","target_id":"configuration"}
