INST e34b1ef069bcb274 2016-03-28T21:19:56.900Z {"type":"start"}
INST e34b1ef069bcb274 2016-03-28T21:19:58.100Z {"type":"select","target_tagname":"menulist","target_id":"proxyType","value":""}
INST e34b1ef069bcb274 2016-03-28T21:19:58.100Z {"type":"wizardnext","target_tagname":"wizard","target_id":"TorNetworkSettings"}
INST e34b1ef069bcb274 2016-03-28T21:19:58.100Z {"type":"pageshow","target_tagname":"wizardpage","target_id":"first"}
INST e34b1ef069bcb274 2016-03-28T21:19:58.100Z {"type":"load","target_id":"configuration"}
INST e34b1ef069bcb274 2016-03-28T21:19:58.100Z {"type":"select","target_tagname":"menulist","target_id":"defaultBridgeType","value":"obfs3"}
INST e34b1ef069bcb274 2016-03-28T21:20:10.900Z {"type":"click","target_tagname":"button","target_id":"connect_button","detail":1}
INST e34b1ef069bcb274 2016-03-28T21:20:10.900Z {"type":"load","target_id":"progress_bar"}
INST e34b1ef069bcb274 2016-03-28T21:20:11.600Z {"type":"progresschanged","target_tagname":"progressmeter","target_id":"progressMeter","value":"5"}
INST e34b1ef069bcb274 2016-03-28T21:20:11.600Z {"type":"progresschanged","target_tagname":"progressmeter","target_id":"progressMeter","value":"10"}
INST e34b1ef069bcb274 2016-03-28T21:20:11.800Z {"type":"progresschanged","target_tagname":"progressmeter","target_id":"progressMeter","value":"15"}
INST e34b1ef069bcb274 2016-03-28T21:20:11.900Z {"type":"progresschanged","target_tagname":"progressmeter","target_id":"progressMeter","value":"20"}
INST e34b1ef069bcb274 2016-03-28T21:20:12.000Z {"type":"progresschanged","target_tagname":"progressmeter","target_id":"progressMeter","value":"25"}
INST e34b1ef069bcb274 2016-03-28T21:21:57.400Z {"type":"click","target_tagname":"dialog","target_id":"TorProgress","detail":1}
INST e34b1ef069bcb274 2016-03-28T21:21:57.400Z {"type":"dialogcancel","target_tagname":"dialog","target_id":"TorProgress"}
INST e34b1ef069bcb274 2016-03-28T21:21:57.400Z {"type":"command","target_tagname":"dialog","target_id":"TorProgress"}
INST e34b1ef069bcb274 2016-03-28T21:21:57.400Z {"type":"alert_show","target_id":"tor_bootstrap_failed","value":"Tor failed to establish a Tor network connection.\n\nLoading network status failed (no route to host - 199.254.238.52:443)."}
INST e34b1ef069bcb274 2016-03-28T21:21:59.200Z {"type":"alert_exit","target_id":"tor_bootstrap_failed","value":"Tor failed to establish a Tor network connection.\n\nLoading network status failed (no route to host - 199.254.238.52:443)."}
INST e34b1ef069bcb274 2016-03-28T21:21:59.200Z {"type":"command","target_tagname":"button","target_id":"connect_button"}
INST e34b1ef069bcb274 2016-03-28T21:22:00.500Z {"type":"wizardcancel","target_tagname":"wizard","target_id":"TorNetworkSettings"}
INST e34b1ef069bcb274 2016-03-28T21:22:00.500Z {"type":"unload","target_id":"configuration"}
INST 4d88663964331a7d 2016-03-28T21:22:48.300Z {"type":"start"}
INST 4d88663964331a7d 2016-03-28T21:22:49.000Z {"type":"select","target_tagname":"menulist","target_id":"proxyType","value":""}
INST 4d88663964331a7d 2016-03-28T21:22:49.000Z {"type":"wizardnext","target_tagname":"wizard","target_id":"TorNetworkSettings"}
INST 4d88663964331a7d 2016-03-28T21:22:49.000Z {"type":"pageshow","target_tagname":"wizardpage","target_id":"first"}
INST 4d88663964331a7d 2016-03-28T21:22:49.000Z {"type":"load","target_id":"configuration"}
INST 4d88663964331a7d 2016-03-28T21:22:49.000Z {"type":"select","target_tagname":"menulist","target_id":"defaultBridgeType","value":"obfs3"}
INST 4d88663964331a7d 2016-03-28T21:22:52.600Z {"type":"click","target_tagname":"button","target_id":"connect_button","detail":1}
INST 4d88663964331a7d 2016-03-28T21:22:52.700Z {"type":"load","target_id":"progress_bar"}
INST 4d88663964331a7d 2016-03-28T21:22:52.700Z {"type":"progresschanged","target_tagname":"progressmeter","target_id":"progressMeter","value":"5"}
INST 4d88663964331a7d 2016-03-28T21:22:52.900Z {"type":"progresschanged","target_tagname":"progressmeter","target_id":"progressMeter","value":"10"}
INST 4d88663964331a7d 2016-03-28T21:22:53.400Z {"type":"progresschanged","target_tagname":"progressmeter","target_id":"progressMeter","value":"15"}
INST 4d88663964331a7d 2016-03-28T21:22:53.600Z {"type":"progresschanged","target_tagname":"progressmeter","target_id":"progressMeter","value":"20"}
INST 4d88663964331a7d 2016-03-28T21:22:53.800Z {"type":"progresschanged","target_tagname":"progressmeter","target_id":"progressMeter","value":"25"}
INST 4d88663964331a7d 2016-03-28T21:22:55.900Z {"type":"progresschanged","target_tagname":"progressmeter","target_id":"progressMeter","value":"40"}
INST 4d88663964331a7d 2016-03-28T21:22:56.500Z {"type":"progresschanged","target_tagname":"progressmeter","target_id":"progressMeter","value":"45"}
INST 4d88663964331a7d 2016-03-28T21:22:57.600Z {"type":"progresschanged","target_tagname":"progressmeter","target_id":"progressMeter","value":"50"}
INST 4d88663964331a7d 2016-03-28T21:22:59.100Z {"type":"progresschanged","target_tagname":"progressmeter","target_id":"progressMeter","value":"50"}
INST 4d88663964331a7d 2016-03-28T21:22:59.300Z {"type":"progresschanged","target_tagname":"progressmeter","target_id":"progressMeter","value":"50"}
INST 4d88663964331a7d 2016-03-28T21:22:59.400Z {"type":"progresschanged","target_tagname":"progressmeter","target_id":"progressMeter","value":"55"}
INST 4d88663964331a7d 2016-03-28T21:22:59.600Z {"type":"progresschanged","target_tagname":"progressmeter","target_id":"progressMeter","value":"55"}
INST 4d88663964331a7d 2016-03-28T21:22:59.800Z {"type":"progresschanged","target_tagname":"progressmeter","target_id":"progressMeter","value":"61"}
INST 4d88663964331a7d 2016-03-28T21:23:00.000Z {"type":"progresschanged","target_tagname":"progressmeter","target_id":"progressMeter","value":"65"}
INST 4d88663964331a7d 2016-03-28T21:23:02.400Z {"type":"progresschanged","target_tagname":"progressmeter","target_id":"progressMeter","value":"65"}
INST 4d88663964331a7d 2016-03-28T21:23:02.500Z {"type":"progresschanged","target_tagname":"progressmeter","target_id":"progressMeter","value":"73"}
INST 4d88663964331a7d 2016-03-28T21:23:02.800Z {"type":"progresschanged","target_tagname":"progressmeter","target_id":"progressMeter","value":"80"}
INST 4d88663964331a7d 2016-03-28T21:23:02.800Z {"type":"progresschanged","target_tagname":"progressmeter","target_id":"progressMeter","value":"90"}
INST 4d88663964331a7d 2016-03-28T21:23:03.400Z {"type":"progresschanged","target_tagname":"progressmeter","target_id":"progressMeter","value":"100"}
INST 4d88663964331a7d 2016-03-28T21:23:03.600Z {"type":"unload","target_id":"progress_bar"}
INST 4d88663964331a7d 2016-03-28T21:23:03.700Z {"type":"command","target_tagname":"button","target_id":"connect_button"}
INST 4d88663964331a7d 2016-03-28T21:23:03.700Z {"type":"unload","target_id":"configuration"}
