INST ee5588dd68f8aac0 2016-03-24T21:04:51.400Z {"type":"start"}
INST ee5588dd68f8aac0 2016-03-24T21:04:56.900Z {"type":"select","target_tagname":"menulist","target_id":"proxyType","value":""}
INST ee5588dd68f8aac0 2016-03-24T21:04:56.900Z {"type":"wizardnext","target_tagname":"wizard","target_id":"TorNetworkSettings"}
INST ee5588dd68f8aac0 2016-03-24T21:04:56.900Z {"type":"pageshow","target_tagname":"wizardpage","target_id":"first"}
INST ee5588dd68f8aac0 2016-03-24T21:04:56.900Z {"type":"load","target_id":"configuration"}
INST ee5588dd68f8aac0 2016-03-24T21:04:57.000Z {"type":"select","target_tagname":"menulist","target_id":"defaultBridgeType","value":"obfs3"}
INST ac03c94972b93105 2016-03-24T21:05:01.200Z {"type":"start"}
INST ac03c94972b93105 2016-03-24T21:05:01.900Z {"type":"select","target_tagname":"menulist","target_id":"proxyType","value":""}
INST ac03c94972b93105 2016-03-24T21:05:01.900Z {"type":"wizardnext","target_tagname":"wizard","target_id":"TorNetworkSettings"}
INST ac03c94972b93105 2016-03-24T21:05:01.900Z {"type":"pageshow","target_tagname":"wizardpage","target_id":"first"}
INST ac03c94972b93105 2016-03-24T21:05:02.000Z {"type":"load","target_id":"configuration"}
INST ac03c94972b93105 2016-03-24T21:05:02.000Z {"type":"select","target_tagname":"menulist","target_id":"defaultBridgeType","value":"obfs3"}
INST ac03c94972b93105 2016-03-24T21:05:06.900Z {"type":"click","target_tagname":"button","target_id":"configure_button","detail":1}
INST ac03c94972b93105 2016-03-24T21:05:06.900Z {"type":"pagehide","target_tagname":"wizardpage","target_id":"first"}
INST ac03c94972b93105 2016-03-24T21:05:06.900Z {"type":"pageadvanced","target_tagname":"wizardpage","target_id":"first"}
INST ac03c94972b93105 2016-03-24T21:05:06.900Z {"type":"wizardnext","target_tagname":"wizard","target_id":"TorNetworkSettings"}
INST ac03c94972b93105 2016-03-24T21:05:06.900Z {"type":"pageshow","target_tagname":"wizardpage","target_id":"bridges"}
INST ac03c94972b93105 2016-03-24T21:05:06.900Z {"type":"command","target_tagname":"button","target_id":"configure_button"}
INST ac03c94972b93105 2016-03-24T21:05:09.800Z {"type":"click","target_tagname":"radio","target_id":"bridgesRadioYes","detail":1}
INST ac03c94972b93105 2016-03-24T21:05:09.800Z {"type":"command","target_tagname":"radio","target_id":"bridgesRadioYes"}
INST ac03c94972b93105 2016-03-24T21:05:12.500Z {"type":"click","target_tagname":"wizard","target_id":"TorNetworkSettings","detail":1}
INST ac03c94972b93105 2016-03-24T21:05:12.500Z {"type":"pagehide","target_tagname":"wizardpage","target_id":"bridges"}
INST ac03c94972b93105 2016-03-24T21:05:12.500Z {"type":"pageadvanced","target_tagname":"wizardpage","target_id":"bridges"}
INST ac03c94972b93105 2016-03-24T21:05:12.500Z {"type":"wizardnext","target_tagname":"wizard","target_id":"TorNetworkSettings"}
INST ac03c94972b93105 2016-03-24T21:05:12.500Z {"type":"pageshow","target_tagname":"wizardpage","target_id":"bridgeSettings"}
INST ac03c94972b93105 2016-03-24T21:05:12.500Z {"type":"command","target_tagname":"wizard","target_id":"TorNetworkSettings"}
INST ac03c94972b93105 2016-03-24T21:05:15.300Z {"type":"click","target_tagname":"wizard","target_id":"TorNetworkSettings","detail":1}
INST ac03c94972b93105 2016-03-24T21:05:15.300Z {"type":"pagehide","target_tagname":"wizardpage","target_id":"bridgeSettings"}
INST ac03c94972b93105 2016-03-24T21:05:15.300Z {"type":"pageadvanced","target_tagname":"wizardpage","target_id":"bridgeSettings"}
INST ac03c94972b93105 2016-03-24T21:05:15.300Z {"type":"wizardnext","target_tagname":"wizard","target_id":"TorNetworkSettings"}
INST ac03c94972b93105 2016-03-24T21:05:15.300Z {"type":"pageshow","target_tagname":"wizardpage","target_id":"proxy"}
INST ac03c94972b93105 2016-03-24T21:05:15.300Z {"type":"command","target_tagname":"wizard","target_id":"TorNetworkSettings"}
INST ac03c94972b93105 2016-03-24T21:05:22.500Z {"type":"click","target_tagname":"radio","target_id":"proxyRadioYes","detail":1}
INST ac03c94972b93105 2016-03-24T21:05:22.500Z {"type":"command","target_tagname":"radio","target_id":"proxyRadioYes"}
INST ac03c94972b93105 2016-03-24T21:05:23.200Z {"type":"click","target_tagname":"wizard","target_id":"TorNetworkSettings","detail":1}
INST ac03c94972b93105 2016-03-24T21:05:23.200Z {"type":"pagehide","target_tagname":"wizardpage","target_id":"proxy"}
INST ac03c94972b93105 2016-03-24T21:05:23.200Z {"type":"pageadvanced","target_tagname":"wizardpage","target_id":"proxy"}
INST ac03c94972b93105 2016-03-24T21:05:23.200Z {"type":"wizardnext","target_tagname":"wizard","target_id":"TorNetworkSettings"}
INST ac03c94972b93105 2016-03-24T21:05:23.200Z {"type":"pageshow","target_tagname":"wizardpage","target_id":"proxyYES"}
INST ac03c94972b93105 2016-03-24T21:05:23.200Z {"type":"command","target_tagname":"wizard","target_id":"TorNetworkSettings"}
INST ac03c94972b93105 2016-03-24T21:05:24.400Z {"type":"click","target_tagname":"wizard","target_id":"TorNetworkSettings","detail":1}
INST ac03c94972b93105 2016-03-24T21:05:24.400Z {"type":"pagehide","target_tagname":"wizardpage","target_id":"proxyYES"}
INST ac03c94972b93105 2016-03-24T21:05:24.400Z {"type":"pagerewound","target_tagname":"wizardpage","target_id":"proxyYES"}
INST ac03c94972b93105 2016-03-24T21:05:24.400Z {"type":"wizardback","target_tagname":"wizard","target_id":"TorNetworkSettings"}
INST ac03c94972b93105 2016-03-24T21:05:24.400Z {"type":"pageshow","target_tagname":"wizardpage","target_id":"proxy"}
INST ac03c94972b93105 2016-03-24T21:05:24.400Z {"type":"command","target_tagname":"wizard","target_id":"TorNetworkSettings"}
INST ac03c94972b93105 2016-03-24T21:05:25.100Z {"type":"click","target_tagname":"radio","target_id":"proxyRadioNo","detail":1}
INST ac03c94972b93105 2016-03-24T21:05:25.100Z {"type":"command","target_tagname":"radio","target_id":"proxyRadioNo"}
INST ac03c94972b93105 2016-03-24T21:05:25.700Z {"type":"click","target_tagname":"wizard","target_id":"TorNetworkSettings","detail":1}
INST ac03c94972b93105 2016-03-24T21:05:25.700Z {"type":"pagehide","target_tagname":"wizardpage","target_id":"proxy"}
INST ac03c94972b93105 2016-03-24T21:05:25.700Z {"type":"pageadvanced","target_tagname":"wizardpage","target_id":"proxy"}
INST ac03c94972b93105 2016-03-24T21:05:25.700Z {"type":"wizardfinish","target_tagname":"wizard","target_id":"TorNetworkSettings"}
INST ac03c94972b93105 2016-03-24T21:05:26.200Z {"type":"load","target_id":"progress_bar"}
INST ac03c94972b93105 2016-03-24T21:05:33.800Z {"type":"progresschanged","target_tagname":"progressmeter","target_id":"progressMeter","value":"5"}
INST ac03c94972b93105 2016-03-24T21:05:33.800Z {"type":"progresschanged","target_tagname":"progressmeter","target_id":"progressMeter","value":"10"}
INST ac03c94972b93105 2016-03-24T21:05:35.000Z {"type":"progresschanged","target_tagname":"progressmeter","target_id":"progressMeter","value":"15"}
INST ac03c94972b93105 2016-03-24T21:05:35.200Z {"type":"progresschanged","target_tagname":"progressmeter","target_id":"progressMeter","value":"20"}
INST ac03c94972b93105 2016-03-24T21:05:35.800Z {"type":"progresschanged","target_tagname":"progressmeter","target_id":"progressMeter","value":"25"}
INST ac03c94972b93105 2016-03-24T21:05:37.600Z {"type":"progresschanged","target_tagname":"progressmeter","target_id":"progressMeter","value":"40"}
INST ac03c94972b93105 2016-03-24T21:05:38.200Z {"type":"progresschanged","target_tagname":"progressmeter","target_id":"progressMeter","value":"45"}
INST ac03c94972b93105 2016-03-24T21:05:38.500Z {"type":"progresschanged","target_tagname":"progressmeter","target_id":"progressMeter","value":"50"}
INST ac03c94972b93105 2016-03-24T21:05:39.300Z {"type":"progresschanged","target_tagname":"progressmeter","target_id":"progressMeter","value":"50"}
INST ac03c94972b93105 2016-03-24T21:05:39.300Z {"type":"progresschanged","target_tagname":"progressmeter","target_id":"progressMeter","value":"50"}
INST ac03c94972b93105 2016-03-24T21:05:39.500Z {"type":"progresschanged","target_tagname":"progressmeter","target_id":"progressMeter","value":"54"}
INST ac03c94972b93105 2016-03-24T21:05:39.600Z {"type":"progresschanged","target_tagname":"progressmeter","target_id":"progressMeter","value":"54"}
INST ac03c94972b93105 2016-03-24T21:05:39.600Z {"type":"progresschanged","target_tagname":"progressmeter","target_id":"progressMeter","value":"59"}
INST ac03c94972b93105 2016-03-24T21:05:39.600Z {"type":"progresschanged","target_tagname":"progressmeter","target_id":"progressMeter","value":"59"}
INST ac03c94972b93105 2016-03-24T21:05:39.600Z {"type":"progresschanged","target_tagname":"progressmeter","target_id":"progressMeter","value":"67"}
INST ac03c94972b93105 2016-03-24T21:05:40.800Z {"type":"progresschanged","target_tagname":"progressmeter","target_id":"progressMeter","value":"72"}
INST ac03c94972b93105 2016-03-24T21:05:41.000Z {"type":"progresschanged","target_tagname":"progressmeter","target_id":"progressMeter","value":"78"}
INST ac03c94972b93105 2016-03-24T21:05:41.800Z {"type":"progresschanged","target_tagname":"progressmeter","target_id":"progressMeter","value":"78"}
INST ac03c94972b93105 2016-03-24T21:05:41.800Z {"type":"progresschanged","target_tagname":"progressmeter","target_id":"progressMeter","value":"90"}
INST ac03c94972b93105 2016-03-24T21:05:47.000Z {"type":"progresschanged","target_tagname":"progressmeter","target_id":"progressMeter","value":"100"}
INST ac03c94972b93105 2016-03-24T21:05:47.300Z {"type":"unload","target_id":"progress_bar"}
INST ac03c94972b93105 2016-03-24T21:05:47.300Z {"type":"command","target_tagname":"wizard","target_id":"TorNetworkSettings"}
INST ac03c94972b93105 2016-03-24T21:05:47.300Z {"type":"unload","target_id":"configuration"}
