INST babaf6d5b3017a0b 2016-03-28T23:20:59.500Z {"type":"start"}
INST babaf6d5b3017a0b 2016-03-28T23:21:00.400Z {"type":"select","target_tagname":"menulist","target_id":"proxyType","value":""}
INST babaf6d5b3017a0b 2016-03-28T23:21:00.400Z {"type":"wizardnext","target_tagname":"wizard","target_id":"TorNetworkSettings"}
INST babaf6d5b3017a0b 2016-03-28T23:21:00.400Z {"type":"pageshow","target_tagname":"wizardpage","target_id":"first"}
INST babaf6d5b3017a0b 2016-03-28T23:21:00.400Z {"type":"load","target_id":"configuration"}
INST babaf6d5b3017a0b 2016-03-28T23:21:00.400Z {"type":"select","target_tagname":"menulist","target_id":"defaultBridgeType","value":"obfs3"}
INST babaf6d5b3017a0b 2016-03-28T23:21:10.600Z {"type":"click","target_tagname":"button","target_id":"configure_button","detail":1}
INST babaf6d5b3017a0b 2016-03-28T23:21:10.600Z {"type":"pagehide","target_tagname":"wizardpage","target_id":"first"}
INST babaf6d5b3017a0b 2016-03-28T23:21:10.600Z {"type":"pageadvanced","target_tagname":"wizardpage","target_id":"first"}
INST babaf6d5b3017a0b 2016-03-28T23:21:10.600Z {"type":"wizardnext","target_tagname":"wizard","target_id":"TorNetworkSettings"}
INST babaf6d5b3017a0b 2016-03-28T23:21:10.600Z {"type":"pageshow","target_tagname":"wizardpage","target_id":"bridges"}
INST babaf6d5b3017a0b 2016-03-28T23:21:10.600Z {"type":"command","target_tagname":"button","target_id":"configure_button"}
INST babaf6d5b3017a0b 2016-03-28T23:21:13.100Z {"type":"click","target_tagname":"radio","target_id":"bridgesRadioYes","detail":1}
INST babaf6d5b3017a0b 2016-03-28T23:21:13.100Z {"type":"command","target_tagname":"radio","target_id":"bridgesRadioYes"}
INST babaf6d5b3017a0b 2016-03-28T23:21:37.500Z {"type":"click","target_tagname":"radio","target_id":"bridgesRadioNo","detail":1}
INST babaf6d5b3017a0b 2016-03-28T23:21:37.500Z {"type":"command","target_tagname":"radio","target_id":"bridgesRadioNo"}
INST babaf6d5b3017a0b 2016-03-28T23:21:39.100Z {"type":"click","target_tagname":"wizard","target_id":"TorNetworkSettings","detail":1}
INST babaf6d5b3017a0b 2016-03-28T23:21:39.100Z {"type":"pagehide","target_tagname":"wizardpage","target_id":"bridges"}
INST babaf6d5b3017a0b 2016-03-28T23:21:39.100Z {"type":"pageadvanced","target_tagname":"wizardpage","target_id":"bridges"}
INST babaf6d5b3017a0b 2016-03-28T23:21:39.100Z {"type":"wizardnext","target_tagname":"wizard","target_id":"TorNetworkSettings"}
INST babaf6d5b3017a0b 2016-03-28T23:21:39.100Z {"type":"pageshow","target_tagname":"wizardpage","target_id":"proxy"}
INST babaf6d5b3017a0b 2016-03-28T23:21:39.200Z {"type":"command","target_tagname":"wizard","target_id":"TorNetworkSettings"}
INST babaf6d5b3017a0b 2016-03-28T23:22:21.800Z {"type":"click","target_tagname":"radio","target_id":"proxyRadioYes","detail":1}
INST babaf6d5b3017a0b 2016-03-28T23:22:21.800Z {"type":"command","target_tagname":"radio","target_id":"proxyRadioYes"}
INST babaf6d5b3017a0b 2016-03-28T23:22:22.800Z {"type":"click","target_tagname":"radio","target_id":"proxyRadioNo","detail":1}
INST babaf6d5b3017a0b 2016-03-28T23:22:22.800Z {"type":"command","target_tagname":"radio","target_id":"proxyRadioNo"}
INST babaf6d5b3017a0b 2016-03-28T23:22:24.600Z {"type":"click","target_tagname":"wizard","target_id":"TorNetworkSettings","detail":1}
INST babaf6d5b3017a0b 2016-03-28T23:22:24.600Z {"type":"pagehide","target_tagname":"wizardpage","target_id":"proxy"}
INST babaf6d5b3017a0b 2016-03-28T23:22:24.600Z {"type":"pageadvanced","target_tagname":"wizardpage","target_id":"proxy"}
INST babaf6d5b3017a0b 2016-03-28T23:22:24.600Z {"type":"wizardfinish","target_tagname":"wizard","target_id":"TorNetworkSettings"}
INST babaf6d5b3017a0b 2016-03-28T23:22:24.700Z {"type":"load","target_id":"progress_bar"}
INST babaf6d5b3017a0b 2016-03-28T23:22:25.000Z {"type":"progresschanged","target_tagname":"progressmeter","target_id":"progressMeter","value":"5"}
INST babaf6d5b3017a0b 2016-03-28T23:22:25.200Z {"type":"progresschanged","target_tagname":"progressmeter","target_id":"progressMeter","value":"10"}
INST babaf6d5b3017a0b 2016-03-28T23:22:25.700Z {"type":"progresschanged","target_tagname":"progressmeter","target_id":"progressMeter","value":"15"}
INST babaf6d5b3017a0b 2016-03-28T23:22:25.900Z {"type":"progresschanged","target_tagname":"progressmeter","target_id":"progressMeter","value":"20"}
INST babaf6d5b3017a0b 2016-03-28T23:22:26.100Z {"type":"progresschanged","target_tagname":"progressmeter","target_id":"progressMeter","value":"25"}
INST babaf6d5b3017a0b 2016-03-28T23:22:27.800Z {"type":"progresschanged","target_tagname":"progressmeter","target_id":"progressMeter","value":"40"}
INST babaf6d5b3017a0b 2016-03-28T23:22:28.100Z {"type":"progresschanged","target_tagname":"progressmeter","target_id":"progressMeter","value":"45"}
INST babaf6d5b3017a0b 2016-03-28T23:22:29.000Z {"type":"progresschanged","target_tagname":"progressmeter","target_id":"progressMeter","value":"50"}
INST babaf6d5b3017a0b 2016-03-28T23:22:30.200Z {"type":"progresschanged","target_tagname":"progressmeter","target_id":"progressMeter","value":"50"}
INST babaf6d5b3017a0b 2016-03-28T23:22:30.700Z {"type":"progresschanged","target_tagname":"progressmeter","target_id":"progressMeter","value":"50"}
INST babaf6d5b3017a0b 2016-03-28T23:22:30.800Z {"type":"progresschanged","target_tagname":"progressmeter","target_id":"progressMeter","value":"54"}
INST babaf6d5b3017a0b 2016-03-28T23:22:31.200Z {"type":"progresschanged","target_tagname":"progressmeter","target_id":"progressMeter","value":"54"}
INST babaf6d5b3017a0b 2016-03-28T23:22:31.300Z {"type":"progresschanged","target_tagname":"progressmeter","target_id":"progressMeter","value":"58"}
INST babaf6d5b3017a0b 2016-03-28T23:22:32.400Z {"type":"progresschanged","target_tagname":"progressmeter","target_id":"progressMeter","value":"62"}
INST babaf6d5b3017a0b 2016-03-28T23:22:32.400Z {"type":"progresschanged","target_tagname":"progressmeter","target_id":"progressMeter","value":"66"}
INST babaf6d5b3017a0b 2016-03-28T23:22:33.300Z {"type":"progresschanged","target_tagname":"progressmeter","target_id":"progressMeter","value":"71"}
INST babaf6d5b3017a0b 2016-03-28T23:22:34.000Z {"type":"progresschanged","target_tagname":"progressmeter","target_id":"progressMeter","value":"80"}
INST babaf6d5b3017a0b 2016-03-28T23:22:34.000Z {"type":"progresschanged","target_tagname":"progressmeter","target_id":"progressMeter","value":"90"}
INST babaf6d5b3017a0b 2016-03-28T23:22:34.700Z {"type":"progresschanged","target_tagname":"progressmeter","target_id":"progressMeter","value":"100"}
INST babaf6d5b3017a0b 2016-03-28T23:22:34.900Z {"type":"unload","target_id":"progress_bar"}
INST babaf6d5b3017a0b 2016-03-28T23:22:34.900Z {"type":"command","target_tagname":"wizard","target_id":"TorNetworkSettings"}
INST babaf6d5b3017a0b 2016-03-28T23:22:34.900Z {"type":"unload","target_id":"configuration"}
