INST 506d9b27badfe0d6 2016-03-25T21:20:56.700Z {"type":"start"}
INST 506d9b27badfe0d6 2016-03-25T21:20:58.000Z {"type":"select","target_tagname":"menulist","target_id":"proxyType","value":""}
INST 506d9b27badfe0d6 2016-03-25T21:20:58.000Z {"type":"wizardnext","target_tagname":"wizard","target_id":"TorNetworkSettings"}
INST 506d9b27badfe0d6 2016-03-25T21:20:58.000Z {"type":"pageshow","target_tagname":"wizardpage","target_id":"first"}
INST 506d9b27badfe0d6 2016-03-25T21:20:58.000Z {"type":"load","target_id":"configuration"}
INST 506d9b27badfe0d6 2016-03-25T21:20:58.000Z {"type":"select","target_tagname":"menulist","target_id":"defaultBridgeType","value":"obfs3"}
INST 506d9b27badfe0d6 2016-03-25T21:21:15.500Z {"type":"click","target_tagname":"button","target_id":"configure_button","detail":1}
INST 506d9b27badfe0d6 2016-03-25T21:21:15.500Z {"type":"pagehide","target_tagname":"wizardpage","target_id":"first"}
INST 506d9b27badfe0d6 2016-03-25T21:21:15.500Z {"type":"pageadvanced","target_tagname":"wizardpage","target_id":"first"}
INST 506d9b27badfe0d6 2016-03-25T21:21:15.500Z {"type":"wizardnext","target_tagname":"wizard","target_id":"TorNetworkSettings"}
INST 506d9b27badfe0d6 2016-03-25T21:21:15.500Z {"type":"pageshow","target_tagname":"wizardpage","target_id":"bridges"}
INST 506d9b27badfe0d6 2016-03-25T21:21:15.500Z {"type":"command","target_tagname":"button","target_id":"configure_button"}
INST 506d9b27badfe0d6 2016-03-25T21:21:38.900Z {"type":"click","target_tagname":"radio","target_id":"bridgesRadioYes","detail":1}
INST 506d9b27badfe0d6 2016-03-25T21:21:38.900Z {"type":"command","target_tagname":"radio","target_id":"bridgesRadioYes"}
INST 506d9b27badfe0d6 2016-03-25T21:21:53.000Z {"type":"click","target_tagname":"wizard","target_id":"TorNetworkSettings","detail":1}
INST 506d9b27badfe0d6 2016-03-25T21:21:53.000Z {"type":"pagehide","target_tagname":"wizardpage","target_id":"bridges"}
INST 506d9b27badfe0d6 2016-03-25T21:21:53.000Z {"type":"pageadvanced","target_tagname":"wizardpage","target_id":"bridges"}
INST 506d9b27badfe0d6 2016-03-25T21:21:53.000Z {"type":"wizardnext","target_tagname":"wizard","target_id":"TorNetworkSettings"}
INST 506d9b27badfe0d6 2016-03-25T21:21:53.000Z {"type":"pageshow","target_tagname":"wizardpage","target_id":"bridgeSettings"}
INST 506d9b27badfe0d6 2016-03-25T21:21:53.000Z {"type":"command","target_tagname":"wizard","target_id":"TorNetworkSettings"}
INST 506d9b27badfe0d6 2016-03-25T21:22:01.800Z {"type":"popupshown","target_tagname":"menupopup","target_id":"defaultBridgeType_menuPopup"}
INST 506d9b27badfe0d6 2016-03-25T21:22:02.000Z {"type":"click","target_tagname":"menulist","target_id":"defaultBridgeType","value":"obfs3","detail":1}
INST 506d9b27badfe0d6 2016-03-25T21:22:03.800Z {"type":"popuphidden","target_tagname":"menupopup","target_id":"defaultBridgeType_menuPopup"}
INST 506d9b27badfe0d6 2016-03-25T21:22:06.300Z {"type":"click","target_tagname":"wizard","target_id":"TorNetworkSettings","detail":1}
INST 506d9b27badfe0d6 2016-03-25T21:22:06.300Z {"type":"pagehide","target_tagname":"wizardpage","target_id":"bridgeSettings"}
INST 506d9b27badfe0d6 2016-03-25T21:22:06.300Z {"type":"pageadvanced","target_tagname":"wizardpage","target_id":"bridgeSettings"}
INST 506d9b27badfe0d6 2016-03-25T21:22:06.300Z {"type":"wizardnext","target_tagname":"wizard","target_id":"TorNetworkSettings"}
INST 506d9b27badfe0d6 2016-03-25T21:22:06.300Z {"type":"pageshow","target_tagname":"wizardpage","target_id":"proxy"}
INST 506d9b27badfe0d6 2016-03-25T21:22:06.300Z {"type":"command","target_tagname":"wizard","target_id":"TorNetworkSettings"}
INST 506d9b27badfe0d6 2016-03-25T21:23:31.200Z {"type":"click","target_tagname":"wizard","target_id":"TorNetworkSettings","detail":1}
INST 506d9b27badfe0d6 2016-03-25T21:23:32.500Z {"type":"click","target_tagname":"radio","target_id":"proxyRadioYes","detail":1}
INST 506d9b27badfe0d6 2016-03-25T21:23:32.500Z {"type":"command","target_tagname":"radio","target_id":"proxyRadioYes"}
INST 506d9b27badfe0d6 2016-03-25T21:23:33.800Z {"type":"click","target_tagname":"wizard","target_id":"TorNetworkSettings","detail":1}
INST 506d9b27badfe0d6 2016-03-25T21:23:33.800Z {"type":"pagehide","target_tagname":"wizardpage","target_id":"proxy"}
INST 506d9b27badfe0d6 2016-03-25T21:23:33.800Z {"type":"pageadvanced","target_tagname":"wizardpage","target_id":"proxy"}
INST 506d9b27badfe0d6 2016-03-25T21:23:33.800Z {"type":"wizardnext","target_tagname":"wizard","target_id":"TorNetworkSettings"}
INST 506d9b27badfe0d6 2016-03-25T21:23:33.800Z {"type":"pageshow","target_tagname":"wizardpage","target_id":"proxyYES"}
INST 506d9b27badfe0d6 2016-03-25T21:23:33.800Z {"type":"command","target_tagname":"wizard","target_id":"TorNetworkSettings"}
INST 506d9b27badfe0d6 2016-03-25T21:23:35.700Z {"type":"popupshown","target_tagname":"menupopup","target_id":"proxyType_menuPopup"}
INST 506d9b27badfe0d6 2016-03-25T21:23:35.800Z {"type":"click","target_tagname":"menulist","target_id":"proxyType","value":"","detail":1}
INST 506d9b27badfe0d6 2016-03-25T21:23:36.900Z {"type":"popuphidden","target_tagname":"menupopup","target_id":"proxyType_menuPopup"}
INST 506d9b27badfe0d6 2016-03-25T21:24:54.900Z {"type":"click","target_tagname":"wizardpage","target_id":"proxyYES","detail":1}
INST 506d9b27badfe0d6 2016-03-25T21:24:55.700Z {"type":"popupshown","target_tagname":"menupopup","target_id":"proxyType_menuPopup"}
INST 506d9b27badfe0d6 2016-03-25T21:24:55.800Z {"type":"click","target_tagname":"menulist","target_id":"proxyType","value":"","detail":1}
INST 506d9b27badfe0d6 2016-03-25T21:24:56.500Z {"type":"popuphidden","target_tagname":"menupopup","target_id":"proxyType_menuPopup"}
INST 506d9b27badfe0d6 2016-03-25T21:25:06.500Z {"type":"click","target_tagname":"wizardpage","target_id":"proxyYES","detail":1}
INST 506d9b27badfe0d6 2016-03-25T21:25:27.500Z {"type":"popupshown","target_tagname":"menupopup","target_id":"proxyType_menuPopup"}
INST 506d9b27badfe0d6 2016-03-25T21:25:27.600Z {"type":"click","target_tagname":"menulist","target_id":"proxyType","value":"","detail":1}
INST 506d9b27badfe0d6 2016-03-25T21:25:28.000Z {"type":"mouseover","target_tagname":"menuitem","target_id":"","value":""}
INST 506d9b27badfe0d6 2016-03-25T21:25:28.100Z {"type":"mouseout","target_tagname":"menuitem","target_id":"","value":""}
INST 506d9b27badfe0d6 2016-03-25T21:25:28.100Z {"type":"mouseover","target_tagname":"menuitem","target_id":"","value":"SOCKS4"}
INST 506d9b27badfe0d6 2016-03-25T21:25:28.400Z {"type":"mouseout","target_tagname":"menuitem","target_id":"","value":"SOCKS4"}
INST 506d9b27badfe0d6 2016-03-25T21:25:28.400Z {"type":"mouseover","target_tagname":"menuitem","target_id":"","value":"SOCKS5"}
INST 506d9b27badfe0d6 2016-03-25T21:25:28.600Z {"type":"mouseout","target_tagname":"menuitem","target_id":"","value":"SOCKS5"}
INST 506d9b27badfe0d6 2016-03-25T21:25:28.600Z {"type":"mouseover","target_tagname":"menuitem","target_id":"","value":"HTTP"}
INST 506d9b27badfe0d6 2016-03-25T21:25:29.600Z {"type":"click","target_tagname":"menuitem","target_id":"","value":"HTTP","detail":1}
INST 506d9b27badfe0d6 2016-03-25T21:25:29.600Z {"type":"select","target_tagname":"menulist","target_id":"proxyType","value":"HTTP"}
INST 506d9b27badfe0d6 2016-03-25T21:25:29.600Z {"type":"command","target_tagname":"menuitem","target_id":"","value":"HTTP"}
INST 506d9b27badfe0d6 2016-03-25T21:25:29.600Z {"type":"popuphidden","target_tagname":"menupopup","target_id":"proxyType_menuPopup"}
INST 506d9b27badfe0d6 2016-03-25T21:25:29.600Z {"type":"mouseout","target_tagname":"menuitem","target_id":"","value":"HTTP"}
INST 506d9b27badfe0d6 2016-03-25T21:25:33.500Z {"type":"select","target_tagname":"textbox","target_id":"proxyAddr"}
INST 506d9b27badfe0d6 2016-03-25T21:25:33.600Z {"type":"click","target_tagname":"textbox","target_id":"proxyAddr","detail":1}
INST 506d9b27badfe0d6 2016-03-25T21:25:53.200Z {"type":"change","target_tagname":"textbox","target_id":"proxyAddr","value":"128.32.339.21"}
INST 506d9b27badfe0d6 2016-03-25T21:25:56.500Z {"type":"click","target_tagname":"wizardpage","target_id":"proxyYES","detail":1}
INST 506d9b27badfe0d6 2016-03-25T21:25:57.500Z {"type":"click","target_tagname":"wizard","target_id":"TorNetworkSettings","detail":1}
INST 506d9b27badfe0d6 2016-03-25T21:25:57.500Z {"type":"pagehide","target_tagname":"wizardpage","target_id":"proxyYES"}
INST 506d9b27badfe0d6 2016-03-25T21:25:57.500Z {"type":"pageadvanced","target_tagname":"wizardpage","target_id":"proxyYES"}
INST 506d9b27badfe0d6 2016-03-25T21:25:57.500Z {"type":"wizardfinish","target_tagname":"wizard","target_id":"TorNetworkSettings"}
INST 506d9b27badfe0d6 2016-03-25T21:25:59.800Z {"type":"alert_show","target_id":"failed_to_save_settings","value":"Unable to save Tor settings.\n\nUnacceptable option value: HTTPSProxy failed to parse or resolve. Please fix."}
INST 506d9b27badfe0d6 2016-03-25T21:26:02.000Z {"type":"alert_exit","target_id":"failed_to_save_settings","value":"Unable to save Tor settings.\n\nUnacceptable option value: HTTPSProxy failed to parse or resolve. Please fix."}
INST 506d9b27badfe0d6 2016-03-25T21:26:02.000Z {"type":"command","target_tagname":"wizard","target_id":"TorNetworkSettings"}
INST 506d9b27badfe0d6 2016-03-25T21:26:03.700Z {"type":"click","target_tagname":"wizard","target_id":"TorNetworkSettings","detail":1}
INST 506d9b27badfe0d6 2016-03-25T21:26:03.700Z {"type":"pagehide","target_tagname":"wizardpage","target_id":"proxyYES"}
INST 506d9b27badfe0d6 2016-03-25T21:26:03.700Z {"type":"pagerewound","target_tagname":"wizardpage","target_id":"proxyYES"}
INST 506d9b27badfe0d6 2016-03-25T21:26:03.700Z {"type":"wizardback","target_tagname":"wizard","target_id":"TorNetworkSettings"}
INST 506d9b27badfe0d6 2016-03-25T21:26:03.700Z {"type":"pageshow","target_tagname":"wizardpage","target_id":"proxy"}
INST 506d9b27badfe0d6 2016-03-25T21:26:03.700Z {"type":"command","target_tagname":"wizard","target_id":"TorNetworkSettings"}
INST 506d9b27badfe0d6 2016-03-25T21:26:07.800Z {"type":"click","target_tagname":"radio","target_id":"proxyRadioNo","detail":1}
INST 506d9b27badfe0d6 2016-03-25T21:26:07.800Z {"type":"command","target_tagname":"radio","target_id":"proxyRadioNo"}
INST 506d9b27badfe0d6 2016-03-25T21:26:09.200Z {"type":"click","target_tagname":"wizard","target_id":"TorNetworkSettings","detail":1}
INST 506d9b27badfe0d6 2016-03-25T21:26:09.200Z {"type":"pagehide","target_tagname":"wizardpage","target_id":"proxy"}
INST 506d9b27badfe0d6 2016-03-25T21:26:09.200Z {"type":"pageadvanced","target_tagname":"wizardpage","target_id":"proxy"}
INST 506d9b27badfe0d6 2016-03-25T21:26:09.200Z {"type":"wizardfinish","target_tagname":"wizard","target_id":"TorNetworkSettings"}
INST 506d9b27badfe0d6 2016-03-25T21:26:09.300Z {"type":"load","target_id":"progress_bar"}
INST 506d9b27badfe0d6 2016-03-25T21:26:15.800Z {"type":"progresschanged","target_tagname":"progressmeter","target_id":"progressMeter","value":"5"}
INST 506d9b27badfe0d6 2016-03-25T21:26:15.800Z {"type":"progresschanged","target_tagname":"progressmeter","target_id":"progressMeter","value":"10"}
INST 506d9b27badfe0d6 2016-03-25T21:26:16.900Z {"type":"progresschanged","target_tagname":"progressmeter","target_id":"progressMeter","value":"15"}
INST 506d9b27badfe0d6 2016-03-25T21:26:17.100Z {"type":"progresschanged","target_tagname":"progressmeter","target_id":"progressMeter","value":"20"}
INST 506d9b27badfe0d6 2016-03-25T21:26:17.700Z {"type":"progresschanged","target_tagname":"progressmeter","target_id":"progressMeter","value":"25"}
INST 506d9b27badfe0d6 2016-03-25T21:26:19.400Z {"type":"progresschanged","target_tagname":"progressmeter","target_id":"progressMeter","value":"40"}
INST 506d9b27badfe0d6 2016-03-25T21:26:20.000Z {"type":"progresschanged","target_tagname":"progressmeter","target_id":"progressMeter","value":"45"}
INST 506d9b27badfe0d6 2016-03-25T21:26:20.300Z {"type":"progresschanged","target_tagname":"progressmeter","target_id":"progressMeter","value":"50"}
INST 506d9b27badfe0d6 2016-03-25T21:26:21.100Z {"type":"progresschanged","target_tagname":"progressmeter","target_id":"progressMeter","value":"50"}
INST 506d9b27badfe0d6 2016-03-25T21:26:21.100Z {"type":"progresschanged","target_tagname":"progressmeter","target_id":"progressMeter","value":"50"}
INST 506d9b27badfe0d6 2016-03-25T21:26:21.300Z {"type":"progresschanged","target_tagname":"progressmeter","target_id":"progressMeter","value":"54"}
INST 506d9b27badfe0d6 2016-03-25T21:26:22.100Z {"type":"progresschanged","target_tagname":"progressmeter","target_id":"progressMeter","value":"54"}
INST 506d9b27badfe0d6 2016-03-25T21:26:22.300Z {"type":"progresschanged","target_tagname":"progressmeter","target_id":"progressMeter","value":"59"}
INST 506d9b27badfe0d6 2016-03-25T21:26:22.600Z {"type":"progresschanged","target_tagname":"progressmeter","target_id":"progressMeter","value":"63"}
INST 506d9b27badfe0d6 2016-03-25T21:26:23.000Z {"type":"progresschanged","target_tagname":"progressmeter","target_id":"progressMeter","value":"69"}
INST 506d9b27badfe0d6 2016-03-25T21:26:24.600Z {"type":"progresschanged","target_tagname":"progressmeter","target_id":"progressMeter","value":"74"}
INST 506d9b27badfe0d6 2016-03-25T21:26:25.800Z {"type":"progresschanged","target_tagname":"progressmeter","target_id":"progressMeter","value":"80"}
INST 506d9b27badfe0d6 2016-03-25T21:26:25.800Z {"type":"progresschanged","target_tagname":"progressmeter","target_id":"progressMeter","value":"90"}
INST 506d9b27badfe0d6 2016-03-25T21:26:28.200Z {"type":"progresschanged","target_tagname":"progressmeter","target_id":"progressMeter","value":"100"}
INST 506d9b27badfe0d6 2016-03-25T21:26:28.500Z {"type":"unload","target_id":"progress_bar"}
INST 506d9b27badfe0d6 2016-03-25T21:26:28.500Z {"type":"command","target_tagname":"wizard","target_id":"TorNetworkSettings"}
INST 506d9b27badfe0d6 2016-03-25T21:26:28.500Z {"type":"unload","target_id":"configuration"}
