INST c4ca446719d96ae3 2016-03-28T21:21:26.000Z {"type":"start"}
INST c4ca446719d96ae3 2016-03-28T21:21:30.200Z {"type":"select","target_tagname":"menulist","target_id":"proxyType","value":""}
INST c4ca446719d96ae3 2016-03-28T21:21:30.200Z {"type":"wizardnext","target_tagname":"wizard","target_id":"TorNetworkSettings"}
INST c4ca446719d96ae3 2016-03-28T21:21:30.200Z {"type":"pageshow","target_tagname":"wizardpage","target_id":"first"}
INST c4ca446719d96ae3 2016-03-28T21:21:30.400Z {"type":"load","target_id":"configuration"}
INST c4ca446719d96ae3 2016-03-28T21:21:30.500Z {"type":"select","target_tagname":"menulist","target_id":"defaultBridgeType","value":"obfs3"}
INST c4ca446719d96ae3 2016-03-28T21:21:38.000Z {"type":"click","target_tagname":"button","target_id":"configure_button","detail":1}
INST c4ca446719d96ae3 2016-03-28T21:21:38.000Z {"type":"pagehide","target_tagname":"wizardpage","target_id":"first"}
INST c4ca446719d96ae3 2016-03-28T21:21:38.000Z {"type":"pageadvanced","target_tagname":"wizardpage","target_id":"first"}
INST c4ca446719d96ae3 2016-03-28T21:21:38.000Z {"type":"wizardnext","target_tagname":"wizard","target_id":"TorNetworkSettings"}
INST c4ca446719d96ae3 2016-03-28T21:21:38.000Z {"type":"pageshow","target_tagname":"wizardpage","target_id":"bridges"}
INST c4ca446719d96ae3 2016-03-28T21:21:38.000Z {"type":"command","target_tagname":"button","target_id":"configure_button"}
INST c4ca446719d96ae3 2016-03-28T21:21:43.500Z {"type":"click","target_tagname":"radio","target_id":"bridgesRadioYes","detail":1}
INST c4ca446719d96ae3 2016-03-28T21:21:43.500Z {"type":"command","target_tagname":"radio","target_id":"bridgesRadioYes"}
INST c4ca446719d96ae3 2016-03-28T21:21:46.800Z {"type":"click","target_tagname":"wizard","target_id":"TorNetworkSettings","detail":1}
INST c4ca446719d96ae3 2016-03-28T21:21:46.800Z {"type":"pagehide","target_tagname":"wizardpage","target_id":"bridges"}
INST c4ca446719d96ae3 2016-03-28T21:21:46.800Z {"type":"pageadvanced","target_tagname":"wizardpage","target_id":"bridges"}
INST c4ca446719d96ae3 2016-03-28T21:21:46.800Z {"type":"wizardnext","target_tagname":"wizard","target_id":"TorNetworkSettings"}
INST c4ca446719d96ae3 2016-03-28T21:21:46.800Z {"type":"pageshow","target_tagname":"wizardpage","target_id":"bridgeSettings"}
INST c4ca446719d96ae3 2016-03-28T21:21:46.800Z {"type":"command","target_tagname":"wizard","target_id":"TorNetworkSettings"}
INST c4ca446719d96ae3 2016-03-28T21:21:52.500Z {"type":"click","target_tagname":"wizard","target_id":"TorNetworkSettings","detail":1}
INST c4ca446719d96ae3 2016-03-28T21:21:52.500Z {"type":"pagehide","target_tagname":"wizardpage","target_id":"bridgeSettings"}
INST c4ca446719d96ae3 2016-03-28T21:21:52.500Z {"type":"pageadvanced","target_tagname":"wizardpage","target_id":"bridgeSettings"}
INST c4ca446719d96ae3 2016-03-28T21:21:52.500Z {"type":"wizardnext","target_tagname":"wizard","target_id":"TorNetworkSettings"}
INST c4ca446719d96ae3 2016-03-28T21:21:52.500Z {"type":"pageshow","target_tagname":"wizardpage","target_id":"proxy"}
INST c4ca446719d96ae3 2016-03-28T21:21:52.500Z {"type":"command","target_tagname":"wizard","target_id":"TorNetworkSettings"}
INST c4ca446719d96ae3 2016-03-28T21:22:52.800Z {"type":"click","target_tagname":"radio","target_id":"proxyRadioYes","detail":1}
INST c4ca446719d96ae3 2016-03-28T21:22:52.800Z {"type":"command","target_tagname":"radio","target_id":"proxyRadioYes"}
INST c4ca446719d96ae3 2016-03-28T21:22:54.100Z {"type":"click","target_tagname":"wizard","target_id":"TorNetworkSettings","detail":1}
INST c4ca446719d96ae3 2016-03-28T21:22:54.100Z {"type":"pagehide","target_tagname":"wizardpage","target_id":"proxy"}
INST c4ca446719d96ae3 2016-03-28T21:22:54.100Z {"type":"pageadvanced","target_tagname":"wizardpage","target_id":"proxy"}
INST c4ca446719d96ae3 2016-03-28T21:22:54.100Z {"type":"wizardnext","target_tagname":"wizard","target_id":"TorNetworkSettings"}
INST c4ca446719d96ae3 2016-03-28T21:22:54.100Z {"type":"pageshow","target_tagname":"wizardpage","target_id":"proxyYES"}
INST c4ca446719d96ae3 2016-03-28T21:22:54.100Z {"type":"command","target_tagname":"wizard","target_id":"TorNetworkSettings"}
INST c4ca446719d96ae3 2016-03-28T21:24:06.800Z {"type":"click","target_tagname":"wizard","target_id":"TorNetworkSettings","detail":1}
INST c4ca446719d96ae3 2016-03-28T21:24:06.800Z {"type":"pagehide","target_tagname":"wizardpage","target_id":"proxyYES"}
INST c4ca446719d96ae3 2016-03-28T21:24:06.800Z {"type":"pagerewound","target_tagname":"wizardpage","target_id":"proxyYES"}
INST c4ca446719d96ae3 2016-03-28T21:24:06.800Z {"type":"wizardback","target_tagname":"wizard","target_id":"TorNetworkSettings"}
INST c4ca446719d96ae3 2016-03-28T21:24:06.800Z {"type":"pageshow","target_tagname":"wizardpage","target_id":"proxy"}
INST c4ca446719d96ae3 2016-03-28T21:24:06.800Z {"type":"command","target_tagname":"wizard","target_id":"TorNetworkSettings"}
INST c4ca446719d96ae3 2016-03-28T21:24:08.200Z {"type":"click","target_tagname":"radio","target_id":"proxyRadioNo","detail":1}
INST c4ca446719d96ae3 2016-03-28T21:24:08.200Z {"type":"command","target_tagname":"radio","target_id":"proxyRadioNo"}
INST c4ca446719d96ae3 2016-03-28T21:24:09.100Z {"type":"click","target_tagname":"wizard","target_id":"TorNetworkSettings","detail":1}
INST c4ca446719d96ae3 2016-03-28T21:24:09.100Z {"type":"pagehide","target_tagname":"wizardpage","target_id":"proxy"}
INST c4ca446719d96ae3 2016-03-28T21:24:09.100Z {"type":"pageadvanced","target_tagname":"wizardpage","target_id":"proxy"}
INST c4ca446719d96ae3 2016-03-28T21:24:09.100Z {"type":"wizardfinish","target_tagname":"wizard","target_id":"TorNetworkSettings"}
INST c4ca446719d96ae3 2016-03-28T21:24:09.600Z {"type":"load","target_id":"progress_bar"}
INST c4ca446719d96ae3 2016-03-28T21:24:17.000Z {"type":"progresschanged","target_tagname":"progressmeter","target_id":"progressMeter","value":"5"}
INST c4ca446719d96ae3 2016-03-28T21:24:17.000Z {"type":"progresschanged","target_tagname":"progressmeter","target_id":"progressMeter","value":"10"}
INST c4ca446719d96ae3 2016-03-28T21:24:18.100Z {"type":"progresschanged","target_tagname":"progressmeter","target_id":"progressMeter","value":"15"}
INST c4ca446719d96ae3 2016-03-28T21:24:18.300Z {"type":"progresschanged","target_tagname":"progressmeter","target_id":"progressMeter","value":"20"}
INST c4ca446719d96ae3 2016-03-28T21:24:19.000Z {"type":"progresschanged","target_tagname":"progressmeter","target_id":"progressMeter","value":"25"}
INST c4ca446719d96ae3 2016-03-28T21:24:20.800Z {"type":"progresschanged","target_tagname":"progressmeter","target_id":"progressMeter","value":"40"}
INST c4ca446719d96ae3 2016-03-28T21:24:21.200Z {"type":"progresschanged","target_tagname":"progressmeter","target_id":"progressMeter","value":"45"}
INST c4ca446719d96ae3 2016-03-28T21:24:21.500Z {"type":"progresschanged","target_tagname":"progressmeter","target_id":"progressMeter","value":"50"}
INST c4ca446719d96ae3 2016-03-28T21:24:22.100Z {"type":"progresschanged","target_tagname":"progressmeter","target_id":"progressMeter","value":"50"}
INST c4ca446719d96ae3 2016-03-28T21:24:22.100Z {"type":"progresschanged","target_tagname":"progressmeter","target_id":"progressMeter","value":"50"}
INST c4ca446719d96ae3 2016-03-28T21:24:22.200Z {"type":"progresschanged","target_tagname":"progressmeter","target_id":"progressMeter","value":"54"}
INST c4ca446719d96ae3 2016-03-28T21:24:22.500Z {"type":"progresschanged","target_tagname":"progressmeter","target_id":"progressMeter","value":"54"}
INST c4ca446719d96ae3 2016-03-28T21:24:22.700Z {"type":"progresschanged","target_tagname":"progressmeter","target_id":"progressMeter","value":"60"}
INST c4ca446719d96ae3 2016-03-28T21:24:22.700Z {"type":"progresschanged","target_tagname":"progressmeter","target_id":"progressMeter","value":"64"}
INST c4ca446719d96ae3 2016-03-28T21:24:22.900Z {"type":"progresschanged","target_tagname":"progressmeter","target_id":"progressMeter","value":"69"}
INST c4ca446719d96ae3 2016-03-28T21:24:23.000Z {"type":"progresschanged","target_tagname":"progressmeter","target_id":"progressMeter","value":"73"}
INST c4ca446719d96ae3 2016-03-28T21:24:24.000Z {"type":"progresschanged","target_tagname":"progressmeter","target_id":"progressMeter","value":"80"}
INST c4ca446719d96ae3 2016-03-28T21:24:24.000Z {"type":"progresschanged","target_tagname":"progressmeter","target_id":"progressMeter","value":"90"}
INST c4ca446719d96ae3 2016-03-28T21:24:27.300Z {"type":"progresschanged","target_tagname":"progressmeter","target_id":"progressMeter","value":"100"}
INST c4ca446719d96ae3 2016-03-28T21:24:27.500Z {"type":"unload","target_id":"progress_bar"}
INST c4ca446719d96ae3 2016-03-28T21:24:27.800Z {"type":"command","target_tagname":"wizard","target_id":"TorNetworkSettings"}
INST c4ca446719d96ae3 2016-03-28T21:24:27.800Z {"type":"unload","target_id":"configuration"}
