INST 848a7bc2778a8ea7 2016-03-28T21:19:21.500Z {"type":"start"}
INST 848a7bc2778a8ea7 2016-03-28T21:19:23.500Z {"type":"select","target_tagname":"menulist","target_id":"proxyType","value":""}
INST 848a7bc2778a8ea7 2016-03-28T21:19:23.500Z {"type":"wizardnext","target_tagname":"wizard","target_id":"TorNetworkSettings"}
INST 848a7bc2778a8ea7 2016-03-28T21:19:23.500Z {"type":"pageshow","target_tagname":"wizardpage","target_id":"first"}
INST 848a7bc2778a8ea7 2016-03-28T21:19:23.600Z {"type":"load","target_id":"configuration"}
INST 848a7bc2778a8ea7 2016-03-28T21:19:23.600Z {"type":"select","target_tagname":"menulist","target_id":"defaultBridgeType","value":"obfs3"}
INST 848a7bc2778a8ea7 2016-03-28T21:19:29.800Z {"type":"click","target_tagname":"button","target_id":"connect_button","detail":1}
INST 848a7bc2778a8ea7 2016-03-28T21:19:29.800Z {"type":"load","target_id":"progress_bar"}
INST 848a7bc2778a8ea7 2016-03-28T21:19:30.400Z {"type":"progresschanged","target_tagname":"progressmeter","target_id":"progressMeter","value":"5"}
INST 848a7bc2778a8ea7 2016-03-28T21:19:30.600Z {"type":"progresschanged","target_tagname":"progressmeter","target_id":"progressMeter","value":"10"}
INST 848a7bc2778a8ea7 2016-03-28T21:19:31.200Z {"type":"progresschanged","target_tagname":"progressmeter","target_id":"progressMeter","value":"15"}
INST 848a7bc2778a8ea7 2016-03-28T21:19:31.400Z {"type":"progresschanged","target_tagname":"progressmeter","target_id":"progressMeter","value":"20"}
INST 848a7bc2778a8ea7 2016-03-28T21:19:31.600Z {"type":"progresschanged","target_tagname":"progressmeter","target_id":"progressMeter","value":"25"}
INST 848a7bc2778a8ea7 2016-03-28T21:19:33.200Z {"type":"progresschanged","target_tagname":"progressmeter","target_id":"progressMeter","value":"40"}
INST 848a7bc2778a8ea7 2016-03-28T21:19:33.700Z {"type":"progresschanged","target_tagname":"progressmeter","target_id":"progressMeter","value":"45"}
INST 848a7bc2778a8ea7 2016-03-28T21:19:34.700Z {"type":"progresschanged","target_tagname":"progressmeter","target_id":"progressMeter","value":"50"}
INST 848a7bc2778a8ea7 2016-03-28T21:19:36.500Z {"type":"progresschanged","target_tagname":"progressmeter","target_id":"progressMeter","value":"50"}
INST 848a7bc2778a8ea7 2016-03-28T21:19:36.600Z {"type":"progresschanged","target_tagname":"progressmeter","target_id":"progressMeter","value":"50"}
INST 848a7bc2778a8ea7 2016-03-28T21:19:36.900Z {"type":"progresschanged","target_tagname":"progressmeter","target_id":"progressMeter","value":"55"}
INST 848a7bc2778a8ea7 2016-03-28T21:19:36.900Z {"type":"progresschanged","target_tagname":"progressmeter","target_id":"progressMeter","value":"55"}
INST 848a7bc2778a8ea7 2016-03-28T21:19:37.200Z {"type":"progresschanged","target_tagname":"progressmeter","target_id":"progressMeter","value":"61"}
INST 848a7bc2778a8ea7 2016-03-28T21:19:37.200Z {"type":"progresschanged","target_tagname":"progressmeter","target_id":"progressMeter","value":"61"}
INST 848a7bc2778a8ea7 2016-03-28T21:19:37.800Z {"type":"progresschanged","target_tagname":"progressmeter","target_id":"progressMeter","value":"70"}
INST 848a7bc2778a8ea7 2016-03-28T21:19:38.400Z {"type":"progresschanged","target_tagname":"progressmeter","target_id":"progressMeter","value":"77"}
INST 848a7bc2778a8ea7 2016-03-28T21:19:38.400Z {"type":"progresschanged","target_tagname":"progressmeter","target_id":"progressMeter","value":"77"}
INST 848a7bc2778a8ea7 2016-03-28T21:19:38.400Z {"type":"progresschanged","target_tagname":"progressmeter","target_id":"progressMeter","value":"90"}
INST 848a7bc2778a8ea7 2016-03-28T21:19:39.200Z {"type":"progresschanged","target_tagname":"progressmeter","target_id":"progressMeter","value":"100"}
INST 848a7bc2778a8ea7 2016-03-28T21:19:39.400Z {"type":"unload","target_id":"progress_bar"}
INST 848a7bc2778a8ea7 2016-03-28T21:19:39.400Z {"type":"command","target_tagname":"button","target_id":"connect_button"}
INST 848a7bc2778a8ea7 2016-03-28T21:19:39.500Z {"type":"unload","target_id":"configuration"}
INST 53f1871d487c362c 2016-03-28T21:21:43.900Z {"type":"start"}
INST 53f1871d487c362c 2016-03-28T21:21:45.000Z {"type":"load","target_id":"progress_bar"}
INST 53f1871d487c362c 2016-03-28T21:21:45.100Z {"type":"progresschanged","target_tagname":"progressmeter","target_id":"progressMeter","value":"85"}
INST 53f1871d487c362c 2016-03-28T21:21:45.500Z {"type":"progresschanged","target_tagname":"progressmeter","target_id":"progressMeter","value":"90"}
INST 53f1871d487c362c 2016-03-28T21:21:46.400Z {"type":"progresschanged","target_tagname":"progressmeter","target_id":"progressMeter","value":"100"}
INST 53f1871d487c362c 2016-03-28T21:21:46.700Z {"type":"unload","target_id":"progress_bar"}
INST f98b3c75ea8b9ead 2016-03-28T21:24:05.500Z {"type":"start"}
INST f98b3c75ea8b9ead 2016-03-28T21:24:06.400Z {"type":"load","target_id":"progress_bar"}
INST f98b3c75ea8b9ead 2016-03-28T21:24:06.400Z {"type":"progresschanged","target_tagname":"progressmeter","target_id":"progressMeter","value":"85"}
INST f98b3c75ea8b9ead 2016-03-28T21:24:06.900Z {"type":"progresschanged","target_tagname":"progressmeter","target_id":"progressMeter","value":"90"}
INST f98b3c75ea8b9ead 2016-03-28T21:24:07.700Z {"type":"progresschanged","target_tagname":"progressmeter","target_id":"progressMeter","value":"100"}
INST f98b3c75ea8b9ead 2016-03-28T21:24:08.000Z {"type":"unload","target_id":"progress_bar"}
INST 0c1127fd5f53d6e7 2016-03-28T21:25:07.700Z {"type":"start"}
INST 0c1127fd5f53d6e7 2016-03-28T21:25:08.600Z {"type":"load","target_id":"progress_bar"}
INST 0c1127fd5f53d6e7 2016-03-28T21:25:08.600Z {"type":"progresschanged","target_tagname":"progressmeter","target_id":"progressMeter","value":"85"}
INST 0c1127fd5f53d6e7 2016-03-28T21:25:09.100Z {"type":"progresschanged","target_tagname":"progressmeter","target_id":"progressMeter","value":"90"}
INST 0c1127fd5f53d6e7 2016-03-28T21:25:10.000Z {"type":"progresschanged","target_tagname":"progressmeter","target_id":"progressMeter","value":"100"}
INST 0c1127fd5f53d6e7 2016-03-28T21:25:10.300Z {"type":"unload","target_id":"progress_bar"}
