INST cd971206d2ecbd9d 2016-03-23T21:12:13.700Z {"type":"start"}
INST cd971206d2ecbd9d 2016-03-23T21:12:17.600Z {"type":"select","target_tagname":"menulist","target_id":"proxyType","value":""}
INST cd971206d2ecbd9d 2016-03-23T21:12:17.700Z {"type":"wizardnext","target_tagname":"wizard","target_id":"TorNetworkSettings"}
INST cd971206d2ecbd9d 2016-03-23T21:12:17.700Z {"type":"pageshow","target_tagname":"wizardpage","target_id":"first"}
INST cd971206d2ecbd9d 2016-03-23T21:12:17.700Z {"type":"load","target_id":"configuration"}
INST cd971206d2ecbd9d 2016-03-23T21:12:17.800Z {"type":"select","target_tagname":"menulist","target_id":"defaultBridgeType","value":"obfs3"}
INST cd971206d2ecbd9d 2016-03-23T21:12:33.900Z {"type":"click","target_tagname":"button","target_id":"connect_button","detail":1}
INST cd971206d2ecbd9d 2016-03-23T21:12:33.900Z {"type":"load","target_id":"progress_bar"}
INST cd971206d2ecbd9d 2016-03-23T21:12:34.300Z {"type":"progresschanged","target_tagname":"progressmeter","target_id":"progressMeter","value":"5"}
INST cd971206d2ecbd9d 2016-03-23T21:12:34.300Z {"type":"progresschanged","target_tagname":"progressmeter","target_id":"progressMeter","value":"10"}
INST cd971206d2ecbd9d 2016-03-23T21:12:34.500Z {"type":"progresschanged","target_tagname":"progressmeter","target_id":"progressMeter","value":"15"}
INST cd971206d2ecbd9d 2016-03-23T21:12:34.500Z {"type":"progresschanged","target_tagname":"progressmeter","target_id":"progressMeter","value":"20"}
INST cd971206d2ecbd9d 2016-03-23T21:12:34.500Z {"type":"progresschanged","target_tagname":"progressmeter","target_id":"progressMeter","value":"25"}
INST cd971206d2ecbd9d 2016-03-23T21:12:35.900Z {"type":"progresschanged","target_tagname":"progressmeter","target_id":"progressMeter","value":"40"}
INST cd971206d2ecbd9d 2016-03-23T21:12:36.500Z {"type":"progresschanged","target_tagname":"progressmeter","target_id":"progressMeter","value":"45"}
INST cd971206d2ecbd9d 2016-03-23T21:12:37.500Z {"type":"progresschanged","target_tagname":"progressmeter","target_id":"progressMeter","value":"50"}
INST cd971206d2ecbd9d 2016-03-23T21:12:38.800Z {"type":"progresschanged","target_tagname":"progressmeter","target_id":"progressMeter","value":"50"}
INST cd971206d2ecbd9d 2016-03-23T21:12:39.100Z {"type":"progresschanged","target_tagname":"progressmeter","target_id":"progressMeter","value":"50"}
INST cd971206d2ecbd9d 2016-03-23T21:12:39.100Z {"type":"progresschanged","target_tagname":"progressmeter","target_id":"progressMeter","value":"50"}
INST cd971206d2ecbd9d 2016-03-23T21:12:39.200Z {"type":"progresschanged","target_tagname":"progressmeter","target_id":"progressMeter","value":"55"}
INST cd971206d2ecbd9d 2016-03-23T21:12:39.300Z {"type":"progresschanged","target_tagname":"progressmeter","target_id":"progressMeter","value":"55"}
INST cd971206d2ecbd9d 2016-03-23T21:12:39.300Z {"type":"progresschanged","target_tagname":"progressmeter","target_id":"progressMeter","value":"62"}
INST cd971206d2ecbd9d 2016-03-23T21:12:39.600Z {"type":"progresschanged","target_tagname":"progressmeter","target_id":"progressMeter","value":"66"}
INST cd971206d2ecbd9d 2016-03-23T21:12:39.900Z {"type":"progresschanged","target_tagname":"progressmeter","target_id":"progressMeter","value":"70"}
INST cd971206d2ecbd9d 2016-03-23T21:12:41.500Z {"type":"progresschanged","target_tagname":"progressmeter","target_id":"progressMeter","value":"70"}
INST cd971206d2ecbd9d 2016-03-23T21:12:42.300Z {"type":"progresschanged","target_tagname":"progressmeter","target_id":"progressMeter","value":"80"}
INST cd971206d2ecbd9d 2016-03-23T21:12:42.300Z {"type":"progresschanged","target_tagname":"progressmeter","target_id":"progressMeter","value":"90"}
INST cd971206d2ecbd9d 2016-03-23T21:12:42.900Z {"type":"progresschanged","target_tagname":"progressmeter","target_id":"progressMeter","value":"100"}
INST cd971206d2ecbd9d 2016-03-23T21:12:43.100Z {"type":"unload","target_id":"progress_bar"}
INST cd971206d2ecbd9d 2016-03-23T21:12:43.100Z {"type":"command","target_tagname":"button","target_id":"connect_button"}
INST cd971206d2ecbd9d 2016-03-23T21:12:43.100Z {"type":"unload","target_id":"configuration"}
INST b6770f7f7002c7d5 2016-03-23T21:15:49.500Z {"type":"start"}
INST b6770f7f7002c7d5 2016-03-23T21:15:50.600Z {"type":"load","target_id":"progress_bar"}
INST b6770f7f7002c7d5 2016-03-23T21:15:50.700Z {"type":"progresschanged","target_tagname":"progressmeter","target_id":"progressMeter","value":"85"}
INST b6770f7f7002c7d5 2016-03-23T21:15:51.200Z {"type":"progresschanged","target_tagname":"progressmeter","target_id":"progressMeter","value":"90"}
INST b6770f7f7002c7d5 2016-03-23T21:15:53.100Z {"type":"progresschanged","target_tagname":"progressmeter","target_id":"progressMeter","value":"100"}
INST b6770f7f7002c7d5 2016-03-23T21:15:53.400Z {"type":"unload","target_id":"progress_bar"}
INST bbf5cc261c5933db 2016-03-23T21:16:21.000Z {"type":"start"}
INST bbf5cc261c5933db 2016-03-23T21:16:21.800Z {"type":"load","target_id":"progress_bar"}
INST bbf5cc261c5933db 2016-03-23T21:16:22.000Z {"type":"progresschanged","target_tagname":"progressmeter","target_id":"progressMeter","value":"85"}
INST bbf5cc261c5933db 2016-03-23T21:16:22.500Z {"type":"progresschanged","target_tagname":"progressmeter","target_id":"progressMeter","value":"90"}
INST bbf5cc261c5933db 2016-03-23T21:16:23.600Z {"type":"progresschanged","target_tagname":"progressmeter","target_id":"progressMeter","value":"100"}
INST bbf5cc261c5933db 2016-03-23T21:16:23.800Z {"type":"unload","target_id":"progress_bar"}
INST ba7fb314f95ea397 2016-03-23T21:21:06.000Z {"type":"start"}
INST ba7fb314f95ea397 2016-03-23T21:21:06.800Z {"type":"load","target_id":"progress_bar"}
INST ba7fb314f95ea397 2016-03-23T21:21:06.900Z {"type":"progresschanged","target_tagname":"progressmeter","target_id":"progressMeter","value":"85"}
INST ba7fb314f95ea397 2016-03-23T21:21:07.400Z {"type":"progresschanged","target_tagname":"progressmeter","target_id":"progressMeter","value":"90"}
INST ba7fb314f95ea397 2016-03-23T21:21:08.300Z {"type":"progresschanged","target_tagname":"progressmeter","target_id":"progressMeter","value":"100"}
INST ba7fb314f95ea397 2016-03-23T21:21:08.600Z {"type":"unload","target_id":"progress_bar"}
INST c72f55e1951da279 2016-03-23T21:35:07.600Z {"type":"start"}
INST c72f55e1951da279 2016-03-23T21:35:08.500Z {"type":"load","target_id":"progress_bar"}
INST c72f55e1951da279 2016-03-23T21:35:08.600Z {"type":"progresschanged","target_tagname":"progressmeter","target_id":"progressMeter","value":"85"}
INST c72f55e1951da279 2016-03-23T21:35:09.400Z {"type":"progresschanged","target_tagname":"progressmeter","target_id":"progressMeter","value":"90"}
INST c72f55e1951da279 2016-03-23T21:35:10.500Z {"type":"progresschanged","target_tagname":"progressmeter","target_id":"progressMeter","value":"100"}
INST c72f55e1951da279 2016-03-23T21:35:10.800Z {"type":"unload","target_id":"progress_bar"}
