INST f7c81a4a3581d273 2016-03-30T23:41:43.900Z {"type":"start"}
INST f7c81a4a3581d273 2016-03-30T23:41:44.900Z {"type":"select","target_tagname":"menulist","target_id":"proxyType","value":""}
INST f7c81a4a3581d273 2016-03-30T23:41:44.900Z {"type":"wizardnext","target_tagname":"wizard","target_id":"TorNetworkSettings"}
INST f7c81a4a3581d273 2016-03-30T23:41:44.900Z {"type":"pageshow","target_tagname":"wizardpage","target_id":"first"}
INST f7c81a4a3581d273 2016-03-30T23:41:45.000Z {"type":"load","target_id":"configuration"}
INST f7c81a4a3581d273 2016-03-30T23:41:45.000Z {"type":"select","target_tagname":"menulist","target_id":"defaultBridgeType","value":"obfs3"}
INST f7c81a4a3581d273 2016-03-30T23:42:00.600Z {"type":"click","target_tagname":"button","target_id":"connect_button","detail":1}
INST f7c81a4a3581d273 2016-03-30T23:42:00.600Z {"type":"load","target_id":"progress_bar"}
INST f7c81a4a3581d273 2016-03-30T23:42:01.500Z {"type":"progresschanged","target_tagname":"progressmeter","target_id":"progressMeter","value":"5"}
INST f7c81a4a3581d273 2016-03-30T23:42:01.600Z {"type":"progresschanged","target_tagname":"progressmeter","target_id":"progressMeter","value":"10"}
INST f7c81a4a3581d273 2016-03-30T23:42:01.800Z {"type":"progresschanged","target_tagname":"progressmeter","target_id":"progressMeter","value":"15"}
INST f7c81a4a3581d273 2016-03-30T23:42:01.800Z {"type":"progresschanged","target_tagname":"progressmeter","target_id":"progressMeter","value":"20"}
INST f7c81a4a3581d273 2016-03-30T23:42:01.900Z {"type":"progresschanged","target_tagname":"progressmeter","target_id":"progressMeter","value":"25"}
INST f7c81a4a3581d273 2016-03-30T23:42:02.700Z {"type":"progresschanged","target_tagname":"progressmeter","target_id":"progressMeter","value":"40"}
INST f7c81a4a3581d273 2016-03-30T23:42:02.900Z {"type":"progresschanged","target_tagname":"progressmeter","target_id":"progressMeter","value":"45"}
INST f7c81a4a3581d273 2016-03-30T23:42:03.900Z {"type":"progresschanged","target_tagname":"progressmeter","target_id":"progressMeter","value":"50"}
INST f7c81a4a3581d273 2016-03-30T23:42:05.200Z {"type":"progresschanged","target_tagname":"progressmeter","target_id":"progressMeter","value":"50"}
INST f7c81a4a3581d273 2016-03-30T23:42:05.400Z {"type":"progresschanged","target_tagname":"progressmeter","target_id":"progressMeter","value":"50"}
INST f7c81a4a3581d273 2016-03-30T23:42:05.500Z {"type":"progresschanged","target_tagname":"progressmeter","target_id":"progressMeter","value":"50"}
INST f7c81a4a3581d273 2016-03-30T23:42:05.700Z {"type":"progresschanged","target_tagname":"progressmeter","target_id":"progressMeter","value":"55"}
INST f7c81a4a3581d273 2016-03-30T23:42:05.800Z {"type":"progresschanged","target_tagname":"progressmeter","target_id":"progressMeter","value":"55"}
INST f7c81a4a3581d273 2016-03-30T23:42:05.800Z {"type":"progresschanged","target_tagname":"progressmeter","target_id":"progressMeter","value":"62"}
INST f7c81a4a3581d273 2016-03-30T23:42:06.200Z {"type":"progresschanged","target_tagname":"progressmeter","target_id":"progressMeter","value":"68"}
INST f7c81a4a3581d273 2016-03-30T23:42:06.200Z {"type":"progresschanged","target_tagname":"progressmeter","target_id":"progressMeter","value":"72"}
INST f7c81a4a3581d273 2016-03-30T23:42:06.500Z {"type":"progresschanged","target_tagname":"progressmeter","target_id":"progressMeter","value":"72"}
INST f7c81a4a3581d273 2016-03-30T23:42:07.500Z {"type":"progresschanged","target_tagname":"progressmeter","target_id":"progressMeter","value":"80"}
INST f7c81a4a3581d273 2016-03-30T23:42:07.600Z {"type":"progresschanged","target_tagname":"progressmeter","target_id":"progressMeter","value":"90"}
INST f7c81a4a3581d273 2016-03-30T23:42:08.100Z {"type":"progresschanged","target_tagname":"progressmeter","target_id":"progressMeter","value":"100"}
INST f7c81a4a3581d273 2016-03-30T23:42:08.400Z {"type":"unload","target_id":"progress_bar"}
INST f7c81a4a3581d273 2016-03-30T23:42:08.400Z {"type":"command","target_tagname":"button","target_id":"connect_button"}
INST f7c81a4a3581d273 2016-03-30T23:42:08.400Z {"type":"unload","target_id":"configuration"}
