INST 1ea90cfe3e2fd6cf 2016-03-28T21:19:01.600Z {"type":"start"}
INST 1ea90cfe3e2fd6cf 2016-03-28T21:19:03.000Z {"type":"select","target_tagname":"menulist","target_id":"proxyType","value":""}
INST 1ea90cfe3e2fd6cf 2016-03-28T21:19:03.000Z {"type":"wizardnext","target_tagname":"wizard","target_id":"TorNetworkSettings"}
INST 1ea90cfe3e2fd6cf 2016-03-28T21:19:03.000Z {"type":"pageshow","target_tagname":"wizardpage","target_id":"first"}
INST 1ea90cfe3e2fd6cf 2016-03-28T21:19:03.100Z {"type":"load","target_id":"configuration"}
INST 1ea90cfe3e2fd6cf 2016-03-28T21:19:03.100Z {"type":"select","target_tagname":"menulist","target_id":"defaultBridgeType","value":"obfs3"}
INST 1ea90cfe3e2fd6cf 2016-03-28T21:21:28.000Z {"type":"click","target_tagname":"button","target_id":"configure_button","detail":1}
INST 1ea90cfe3e2fd6cf 2016-03-28T21:21:28.000Z {"type":"pagehide","target_tagname":"wizardpage","target_id":"first"}
INST 1ea90cfe3e2fd6cf 2016-03-28T21:21:28.000Z {"type":"pageadvanced","target_tagname":"wizardpage","target_id":"first"}
INST 1ea90cfe3e2fd6cf 2016-03-28T21:21:28.000Z {"type":"wizardnext","target_tagname":"wizard","target_id":"TorNetworkSettings"}
INST 1ea90cfe3e2fd6cf 2016-03-28T21:21:28.000Z {"type":"pageshow","target_tagname":"wizardpage","target_id":"bridges"}
INST 1ea90cfe3e2fd6cf 2016-03-28T21:21:28.000Z {"type":"command","target_tagname":"button","target_id":"configure_button"}
INST 1ea90cfe3e2fd6cf 2016-03-28T21:21:31.700Z {"type":"click","target_tagname":"radio","target_id":"bridgesRadioYes","detail":1}
INST 1ea90cfe3e2fd6cf 2016-03-28T21:21:31.700Z {"type":"command","target_tagname":"radio","target_id":"bridgesRadioYes"}
INST 1ea90cfe3e2fd6cf 2016-03-28T21:21:33.500Z {"type":"click","target_tagname":"wizard","target_id":"TorNetworkSettings","detail":1}
INST 1ea90cfe3e2fd6cf 2016-03-28T21:21:33.500Z {"type":"pagehide","target_tagname":"wizardpage","target_id":"bridges"}
INST 1ea90cfe3e2fd6cf 2016-03-28T21:21:33.500Z {"type":"pageadvanced","target_tagname":"wizardpage","target_id":"bridges"}
INST 1ea90cfe3e2fd6cf 2016-03-28T21:21:33.500Z {"type":"wizardnext","target_tagname":"wizard","target_id":"TorNetworkSettings"}
INST 1ea90cfe3e2fd6cf 2016-03-28T21:21:33.500Z {"type":"pageshow","target_tagname":"wizardpage","target_id":"bridgeSettings"}
INST 1ea90cfe3e2fd6cf 2016-03-28T21:21:33.500Z {"type":"command","target_tagname":"wizard","target_id":"TorNetworkSettings"}
INST 1ea90cfe3e2fd6cf 2016-03-28T21:21:38.100Z {"type":"click","target_tagname":"wizard","target_id":"TorNetworkSettings","detail":1}
INST 1ea90cfe3e2fd6cf 2016-03-28T21:21:38.100Z {"type":"pagehide","target_tagname":"wizardpage","target_id":"bridgeSettings"}
INST 1ea90cfe3e2fd6cf 2016-03-28T21:21:38.100Z {"type":"pageadvanced","target_tagname":"wizardpage","target_id":"bridgeSettings"}
INST 1ea90cfe3e2fd6cf 2016-03-28T21:21:38.100Z {"type":"wizardnext","target_tagname":"wizard","target_id":"TorNetworkSettings"}
INST 1ea90cfe3e2fd6cf 2016-03-28T21:21:38.100Z {"type":"pageshow","target_tagname":"wizardpage","target_id":"proxy"}
INST 1ea90cfe3e2fd6cf 2016-03-28T21:21:38.100Z {"type":"command","target_tagname":"wizard","target_id":"TorNetworkSettings"}
INST 1ea90cfe3e2fd6cf 2016-03-28T21:21:41.500Z {"type":"click","target_tagname":"radio","target_id":"proxyRadioYes","detail":1}
INST 1ea90cfe3e2fd6cf 2016-03-28T21:21:41.500Z {"type":"command","target_tagname":"radio","target_id":"proxyRadioYes"}
INST 1ea90cfe3e2fd6cf 2016-03-28T21:21:43.300Z {"type":"click","target_tagname":"wizard","target_id":"TorNetworkSettings","detail":1}
INST 1ea90cfe3e2fd6cf 2016-03-28T21:21:43.300Z {"type":"pagehide","target_tagname":"wizardpage","target_id":"proxy"}
INST 1ea90cfe3e2fd6cf 2016-03-28T21:21:43.300Z {"type":"pageadvanced","target_tagname":"wizardpage","target_id":"proxy"}
INST 1ea90cfe3e2fd6cf 2016-03-28T21:21:43.300Z {"type":"wizardnext","target_tagname":"wizard","target_id":"TorNetworkSettings"}
INST 1ea90cfe3e2fd6cf 2016-03-28T21:21:43.300Z {"type":"pageshow","target_tagname":"wizardpage","target_id":"proxyYES"}
INST 1ea90cfe3e2fd6cf 2016-03-28T21:21:43.300Z {"type":"command","target_tagname":"wizard","target_id":"TorNetworkSettings"}
INST 1ea90cfe3e2fd6cf 2016-03-28T21:21:45.200Z {"type":"click","target_tagname":"wizard","target_id":"TorNetworkSettings","detail":1}
INST 1ea90cfe3e2fd6cf 2016-03-28T21:21:45.200Z {"type":"pagehide","target_tagname":"wizardpage","target_id":"proxyYES"}
INST 1ea90cfe3e2fd6cf 2016-03-28T21:21:45.200Z {"type":"pagerewound","target_tagname":"wizardpage","target_id":"proxyYES"}
INST 1ea90cfe3e2fd6cf 2016-03-28T21:21:45.200Z {"type":"wizardback","target_tagname":"wizard","target_id":"TorNetworkSettings"}
INST 1ea90cfe3e2fd6cf 2016-03-28T21:21:45.200Z {"type":"pageshow","target_tagname":"wizardpage","target_id":"proxy"}
INST 1ea90cfe3e2fd6cf 2016-03-28T21:21:45.200Z {"type":"command","target_tagname":"wizard","target_id":"TorNetworkSettings"}
INST 1ea90cfe3e2fd6cf 2016-03-28T21:21:46.200Z {"type":"click","target_tagname":"radio","target_id":"proxyRadioNo","detail":1}
INST 1ea90cfe3e2fd6cf 2016-03-28T21:21:46.200Z {"type":"command","target_tagname":"radio","target_id":"proxyRadioNo"}
INST 1ea90cfe3e2fd6cf 2016-03-28T21:21:50.300Z {"type":"click","target_tagname":"wizard","target_id":"TorNetworkSettings","detail":1}
INST 1ea90cfe3e2fd6cf 2016-03-28T21:21:50.300Z {"type":"pagehide","target_tagname":"wizardpage","target_id":"proxy"}
INST 1ea90cfe3e2fd6cf 2016-03-28T21:21:50.300Z {"type":"pageadvanced","target_tagname":"wizardpage","target_id":"proxy"}
INST 1ea90cfe3e2fd6cf 2016-03-28T21:21:50.300Z {"type":"wizardfinish","target_tagname":"wizard","target_id":"TorNetworkSettings"}
INST 1ea90cfe3e2fd6cf 2016-03-28T21:21:50.400Z {"type":"load","target_id":"progress_bar"}
INST 1ea90cfe3e2fd6cf 2016-03-28T21:21:57.500Z {"type":"progresschanged","target_tagname":"progressmeter","target_id":"progressMeter","value":"5"}
INST 1ea90cfe3e2fd6cf 2016-03-28T21:21:57.500Z {"type":"progresschanged","target_tagname":"progressmeter","target_id":"progressMeter","value":"10"}
INST 1ea90cfe3e2fd6cf 2016-03-28T21:21:58.600Z {"type":"progresschanged","target_tagname":"progressmeter","target_id":"progressMeter","value":"15"}
INST 1ea90cfe3e2fd6cf 2016-03-28T21:21:58.800Z {"type":"progresschanged","target_tagname":"progressmeter","target_id":"progressMeter","value":"20"}
INST 1ea90cfe3e2fd6cf 2016-03-28T21:21:59.400Z {"type":"progresschanged","target_tagname":"progressmeter","target_id":"progressMeter","value":"25"}
INST 1ea90cfe3e2fd6cf 2016-03-28T21:22:01.100Z {"type":"progresschanged","target_tagname":"progressmeter","target_id":"progressMeter","value":"40"}
INST 1ea90cfe3e2fd6cf 2016-03-28T21:22:01.500Z {"type":"progresschanged","target_tagname":"progressmeter","target_id":"progressMeter","value":"45"}
INST 1ea90cfe3e2fd6cf 2016-03-28T21:22:01.800Z {"type":"progresschanged","target_tagname":"progressmeter","target_id":"progressMeter","value":"50"}
INST 1ea90cfe3e2fd6cf 2016-03-28T21:22:02.700Z {"type":"progresschanged","target_tagname":"progressmeter","target_id":"progressMeter","value":"50"}
INST 1ea90cfe3e2fd6cf 2016-03-28T21:22:02.800Z {"type":"progresschanged","target_tagname":"progressmeter","target_id":"progressMeter","value":"50"}
INST 1ea90cfe3e2fd6cf 2016-03-28T21:22:02.900Z {"type":"progresschanged","target_tagname":"progressmeter","target_id":"progressMeter","value":"50"}
INST 1ea90cfe3e2fd6cf 2016-03-28T21:22:03.000Z {"type":"progresschanged","target_tagname":"progressmeter","target_id":"progressMeter","value":"55"}
INST 1ea90cfe3e2fd6cf 2016-03-28T21:22:03.000Z {"type":"progresschanged","target_tagname":"progressmeter","target_id":"progressMeter","value":"55"}
INST 1ea90cfe3e2fd6cf 2016-03-28T21:22:03.800Z {"type":"progresschanged","target_tagname":"progressmeter","target_id":"progressMeter","value":"62"}
INST 1ea90cfe3e2fd6cf 2016-03-28T21:22:04.000Z {"type":"progresschanged","target_tagname":"progressmeter","target_id":"progressMeter","value":"62"}
INST 1ea90cfe3e2fd6cf 2016-03-28T21:22:04.000Z {"type":"progresschanged","target_tagname":"progressmeter","target_id":"progressMeter","value":"71"}
INST 1ea90cfe3e2fd6cf 2016-03-28T21:22:04.100Z {"type":"progresschanged","target_tagname":"progressmeter","target_id":"progressMeter","value":"78"}
INST 1ea90cfe3e2fd6cf 2016-03-28T21:22:04.500Z {"type":"progresschanged","target_tagname":"progressmeter","target_id":"progressMeter","value":"78"}
INST 1ea90cfe3e2fd6cf 2016-03-28T21:22:04.500Z {"type":"progresschanged","target_tagname":"progressmeter","target_id":"progressMeter","value":"90"}
INST 1ea90cfe3e2fd6cf 2016-03-28T21:22:08.200Z {"type":"progresschanged","target_tagname":"progressmeter","target_id":"progressMeter","value":"100"}
INST 1ea90cfe3e2fd6cf 2016-03-28T21:22:08.500Z {"type":"unload","target_id":"progress_bar"}
INST 1ea90cfe3e2fd6cf 2016-03-28T21:22:08.500Z {"type":"command","target_tagname":"wizard","target_id":"TorNetworkSettings"}
INST 1ea90cfe3e2fd6cf 2016-03-28T21:22:08.500Z {"type":"unload","target_id":"configuration"}
INST a8c4dbf963f0a5a1 2016-03-28T21:24:36.300Z {"type":"start"}
INST a8c4dbf963f0a5a1 2016-03-28T21:24:37.500Z {"type":"load","target_id":"progress_bar"}
INST a8c4dbf963f0a5a1 2016-03-28T21:24:38.800Z {"type":"dialogcancel","target_tagname":"dialog","target_id":"TorProgress"}
