INST 7795cb7c4dce49ae 2016-03-26T01:09:41.800Z {"type":"start"}
INST 7795cb7c4dce49ae 2016-03-26T01:09:42.900Z {"type":"select","target_tagname":"menulist","target_id":"proxyType","value":""}
INST 7795cb7c4dce49ae 2016-03-26T01:09:42.900Z {"type":"wizardnext","target_tagname":"wizard","target_id":"TorNetworkSettings"}
INST 7795cb7c4dce49ae 2016-03-26T01:09:42.900Z {"type":"pageshow","target_tagname":"wizardpage","target_id":"first"}
INST 7795cb7c4dce49ae 2016-03-26T01:09:42.900Z {"type":"load","target_id":"configuration"}
INST 7795cb7c4dce49ae 2016-03-26T01:09:42.900Z {"type":"select","target_tagname":"menulist","target_id":"defaultBridgeType","value":"obfs3"}
INST 7795cb7c4dce49ae 2016-03-26T01:09:55.000Z {"type":"click","target_tagname":"button","target_id":"connect_button","detail":1}
INST 7795cb7c4dce49ae 2016-03-26T01:09:55.100Z {"type":"load","target_id":"progress_bar"}
INST 7795cb7c4dce49ae 2016-03-26T01:09:55.400Z {"type":"progresschanged","target_tagname":"progressmeter","target_id":"progressMeter","value":"5"}
INST 7795cb7c4dce49ae 2016-03-26T01:09:55.600Z {"type":"progresschanged","target_tagname":"progressmeter","target_id":"progressMeter","value":"10"}
INST 7795cb7c4dce49ae 2016-03-26T01:09:56.200Z {"type":"progresschanged","target_tagname":"progressmeter","target_id":"progressMeter","value":"15"}
INST 7795cb7c4dce49ae 2016-03-26T01:09:56.400Z {"type":"progresschanged","target_tagname":"progressmeter","target_id":"progressMeter","value":"20"}
INST 7795cb7c4dce49ae 2016-03-26T01:09:56.500Z {"type":"progresschanged","target_tagname":"progressmeter","target_id":"progressMeter","value":"25"}
INST 7795cb7c4dce49ae 2016-03-26T01:09:58.600Z {"type":"click","target_tagname":"dialog","target_id":"TorProgress","detail":1}
INST 7795cb7c4dce49ae 2016-03-26T01:09:58.600Z {"type":"dialogcancel","target_tagname":"dialog","target_id":"TorProgress"}
INST 7795cb7c4dce49ae 2016-03-26T01:09:58.600Z {"type":"command","target_tagname":"dialog","target_id":"TorProgress"}
INST 7795cb7c4dce49ae 2016-03-26T01:09:58.600Z {"type":"alert_show","target_id":"tor_bootstrap_failed","value":"Tor failed to establish a Tor network connection.\n\nLoading network status failed (no route to host - 86.59.21.38:443)."}
INST 7795cb7c4dce49ae 2016-03-26T01:09:59.700Z {"type":"alert_exit","target_id":"tor_bootstrap_failed","value":"Tor failed to establish a Tor network connection.\n\nLoading network status failed (no route to host - 86.59.21.38:443)."}
INST 7795cb7c4dce49ae 2016-03-26T01:09:59.700Z {"type":"command","target_tagname":"button","target_id":"connect_button"}
INST 7795cb7c4dce49ae 2016-03-26T01:10:02.100Z {"type":"click","target_tagname":"button","target_id":"configure_button","detail":1}
INST 7795cb7c4dce49ae 2016-03-26T01:10:02.100Z {"type":"pagehide","target_tagname":"wizardpage","target_id":"first"}
INST 7795cb7c4dce49ae 2016-03-26T01:10:02.100Z {"type":"pageadvanced","target_tagname":"wizardpage","target_id":"first"}
INST 7795cb7c4dce49ae 2016-03-26T01:10:02.100Z {"type":"wizardnext","target_tagname":"wizard","target_id":"TorNetworkSettings"}
INST 7795cb7c4dce49ae 2016-03-26T01:10:02.100Z {"type":"pageshow","target_tagname":"wizardpage","target_id":"bridges"}
INST 7795cb7c4dce49ae 2016-03-26T01:10:02.100Z {"type":"command","target_tagname":"button","target_id":"configure_button"}
INST 7795cb7c4dce49ae 2016-03-26T01:10:06.000Z {"type":"click","target_tagname":"radio","target_id":"bridgesRadioYes","detail":1}
INST 7795cb7c4dce49ae 2016-03-26T01:10:06.000Z {"type":"command","target_tagname":"radio","target_id":"bridgesRadioYes"}
INST 7795cb7c4dce49ae 2016-03-26T01:10:13.500Z {"type":"click","target_tagname":"wizard","target_id":"TorNetworkSettings","detail":1}
INST 7795cb7c4dce49ae 2016-03-26T01:10:13.500Z {"type":"pagehide","target_tagname":"wizardpage","target_id":"bridges"}
INST 7795cb7c4dce49ae 2016-03-26T01:10:13.500Z {"type":"pageadvanced","target_tagname":"wizardpage","target_id":"bridges"}
INST 7795cb7c4dce49ae 2016-03-26T01:10:13.500Z {"type":"wizardnext","target_tagname":"wizard","target_id":"TorNetworkSettings"}
INST 7795cb7c4dce49ae 2016-03-26T01:10:13.500Z {"type":"pageshow","target_tagname":"wizardpage","target_id":"bridgeSettings"}
INST 7795cb7c4dce49ae 2016-03-26T01:10:13.500Z {"type":"command","target_tagname":"wizard","target_id":"TorNetworkSettings"}
INST 7795cb7c4dce49ae 2016-03-26T01:10:16.700Z {"type":"popupshown","target_tagname":"menupopup","target_id":"defaultBridgeType_menuPopup"}
INST 7795cb7c4dce49ae 2016-03-26T01:10:16.800Z {"type":"click","target_tagname":"menulist","target_id":"defaultBridgeType","value":"obfs3","detail":1}
INST 7795cb7c4dce49ae 2016-03-26T01:10:18.200Z {"type":"popuphidden","target_tagname":"menupopup","target_id":"defaultBridgeType_menuPopup"}
INST 7795cb7c4dce49ae 2016-03-26T01:10:21.000Z {"type":"click","target_tagname":"wizard","target_id":"TorNetworkSettings","detail":1}
INST 7795cb7c4dce49ae 2016-03-26T01:10:21.000Z {"type":"pagehide","target_tagname":"wizardpage","target_id":"bridgeSettings"}
INST 7795cb7c4dce49ae 2016-03-26T01:10:21.000Z {"type":"pageadvanced","target_tagname":"wizardpage","target_id":"bridgeSettings"}
INST 7795cb7c4dce49ae 2016-03-26T01:10:21.000Z {"type":"wizardnext","target_tagname":"wizard","target_id":"TorNetworkSettings"}
INST 7795cb7c4dce49ae 2016-03-26T01:10:21.000Z {"type":"pageshow","target_tagname":"wizardpage","target_id":"proxy"}
INST 7795cb7c4dce49ae 2016-03-26T01:10:21.000Z {"type":"command","target_tagname":"wizard","target_id":"TorNetworkSettings"}
INST 7795cb7c4dce49ae 2016-03-26T01:10:44.200Z {"type":"click","target_tagname":"wizardpage","target_id":"proxy","detail":1}
INST 7795cb7c4dce49ae 2016-03-26T01:10:45.200Z {"type":"click","target_tagname":"radio","target_id":"proxyRadioYes","detail":1}
INST 7795cb7c4dce49ae 2016-03-26T01:10:45.200Z {"type":"command","target_tagname":"radio","target_id":"proxyRadioYes"}
INST 7795cb7c4dce49ae 2016-03-26T01:10:46.300Z {"type":"click","target_tagname":"wizard","target_id":"TorNetworkSettings","detail":1}
INST 7795cb7c4dce49ae 2016-03-26T01:10:46.300Z {"type":"pagehide","target_tagname":"wizardpage","target_id":"proxy"}
INST 7795cb7c4dce49ae 2016-03-26T01:10:46.300Z {"type":"pageadvanced","target_tagname":"wizardpage","target_id":"proxy"}
INST 7795cb7c4dce49ae 2016-03-26T01:10:46.300Z {"type":"wizardnext","target_tagname":"wizard","target_id":"TorNetworkSettings"}
INST 7795cb7c4dce49ae 2016-03-26T01:10:46.300Z {"type":"pageshow","target_tagname":"wizardpage","target_id":"proxyYES"}
INST 7795cb7c4dce49ae 2016-03-26T01:10:46.300Z {"type":"command","target_tagname":"wizard","target_id":"TorNetworkSettings"}
INST 7795cb7c4dce49ae 2016-03-26T01:10:50.900Z {"type":"click","target_tagname":"wizard","target_id":"TorNetworkSettings","detail":1}
INST 7795cb7c4dce49ae 2016-03-26T01:10:50.900Z {"type":"pagehide","target_tagname":"wizardpage","target_id":"proxyYES"}
INST 7795cb7c4dce49ae 2016-03-26T01:10:50.900Z {"type":"pagerewound","target_tagname":"wizardpage","target_id":"proxyYES"}
INST 7795cb7c4dce49ae 2016-03-26T01:10:50.900Z {"type":"wizardback","target_tagname":"wizard","target_id":"TorNetworkSettings"}
INST 7795cb7c4dce49ae 2016-03-26T01:10:50.900Z {"type":"pageshow","target_tagname":"wizardpage","target_id":"proxy"}
INST 7795cb7c4dce49ae 2016-03-26T01:10:50.900Z {"type":"command","target_tagname":"wizard","target_id":"TorNetworkSettings"}
INST 7795cb7c4dce49ae 2016-03-26T01:10:52.000Z {"type":"click","target_tagname":"radio","target_id":"proxyRadioNo","detail":1}
INST 7795cb7c4dce49ae 2016-03-26T01:10:52.000Z {"type":"command","target_tagname":"radio","target_id":"proxyRadioNo"}
INST 7795cb7c4dce49ae 2016-03-26T01:10:53.200Z {"type":"click","target_tagname":"wizard","target_id":"TorNetworkSettings","detail":1}
INST 7795cb7c4dce49ae 2016-03-26T01:10:53.200Z {"type":"pagehide","target_tagname":"wizardpage","target_id":"proxy"}
INST 7795cb7c4dce49ae 2016-03-26T01:10:53.200Z {"type":"pageadvanced","target_tagname":"wizardpage","target_id":"proxy"}
INST 7795cb7c4dce49ae 2016-03-26T01:10:53.200Z {"type":"wizardfinish","target_tagname":"wizard","target_id":"TorNetworkSettings"}
INST 7795cb7c4dce49ae 2016-03-26T01:10:53.300Z {"type":"load","target_id":"progress_bar"}
INST 7795cb7c4dce49ae 2016-03-26T01:11:03.100Z {"type":"progresschanged","target_tagname":"progressmeter","target_id":"progressMeter","value":"40"}
INST 7795cb7c4dce49ae 2016-03-26T01:11:03.800Z {"type":"progresschanged","target_tagname":"progressmeter","target_id":"progressMeter","value":"45"}
INST 7795cb7c4dce49ae 2016-03-26T01:11:04.000Z {"type":"progresschanged","target_tagname":"progressmeter","target_id":"progressMeter","value":"50"}
INST 7795cb7c4dce49ae 2016-03-26T01:11:05.800Z {"type":"progresschanged","target_tagname":"progressmeter","target_id":"progressMeter","value":"50"}
INST 7795cb7c4dce49ae 2016-03-26T01:11:06.100Z {"type":"progresschanged","target_tagname":"progressmeter","target_id":"progressMeter","value":"50"}
INST 7795cb7c4dce49ae 2016-03-26T01:11:06.300Z {"type":"progresschanged","target_tagname":"progressmeter","target_id":"progressMeter","value":"50"}
INST 7795cb7c4dce49ae 2016-03-26T01:11:06.800Z {"type":"progresschanged","target_tagname":"progressmeter","target_id":"progressMeter","value":"56"}
INST 7795cb7c4dce49ae 2016-03-26T01:11:07.200Z {"type":"progresschanged","target_tagname":"progressmeter","target_id":"progressMeter","value":"56"}
INST 7795cb7c4dce49ae 2016-03-26T01:11:07.700Z {"type":"progresschanged","target_tagname":"progressmeter","target_id":"progressMeter","value":"62"}
INST 7795cb7c4dce49ae 2016-03-26T01:11:08.800Z {"type":"progresschanged","target_tagname":"progressmeter","target_id":"progressMeter","value":"66"}
INST 7795cb7c4dce49ae 2016-03-26T01:11:10.100Z {"type":"progresschanged","target_tagname":"progressmeter","target_id":"progressMeter","value":"73"}
INST 7795cb7c4dce49ae 2016-03-26T01:11:11.500Z {"type":"progresschanged","target_tagname":"progressmeter","target_id":"progressMeter","value":"80"}
INST 7795cb7c4dce49ae 2016-03-26T01:11:11.500Z {"type":"progresschanged","target_tagname":"progressmeter","target_id":"progressMeter","value":"90"}
INST 7795cb7c4dce49ae 2016-03-26T01:11:13.500Z {"type":"progresschanged","target_tagname":"progressmeter","target_id":"progressMeter","value":"100"}
INST 7795cb7c4dce49ae 2016-03-26T01:11:13.700Z {"type":"unload","target_id":"progress_bar"}
INST 7795cb7c4dce49ae 2016-03-26T01:11:13.800Z {"type":"command","target_tagname":"wizard","target_id":"TorNetworkSettings"}
INST 7795cb7c4dce49ae 2016-03-26T01:11:13.800Z {"type":"unload","target_id":"configuration"}
