INST ac83d2b593c7c1e0 2016-03-23T21:06:12.500Z {"type":"start"}
INST ac83d2b593c7c1e0 2016-03-23T21:06:13.700Z {"type":"select","target_tagname":"menulist","target_id":"proxyType","value":""}
INST ac83d2b593c7c1e0 2016-03-23T21:06:13.700Z {"type":"wizardnext","target_tagname":"wizard","target_id":"TorNetworkSettings"}
INST ac83d2b593c7c1e0 2016-03-23T21:06:13.700Z {"type":"pageshow","target_tagname":"wizardpage","target_id":"first"}
INST ac83d2b593c7c1e0 2016-03-23T21:06:13.700Z {"type":"load","target_id":"configuration"}
INST ac83d2b593c7c1e0 2016-03-23T21:06:13.700Z {"type":"select","target_tagname":"menulist","target_id":"defaultBridgeType","value":"obfs3"}
INST ac83d2b593c7c1e0 2016-03-23T21:06:19.300Z {"type":"click","target_tagname":"button","target_id":"connect_button","detail":1}
INST ac83d2b593c7c1e0 2016-03-23T21:06:19.300Z {"type":"load","target_id":"progress_bar"}
INST ac83d2b593c7c1e0 2016-03-23T21:06:20.200Z {"type":"progresschanged","target_tagname":"progressmeter","target_id":"progressMeter","value":"5"}
INST ac83d2b593c7c1e0 2016-03-23T21:06:20.200Z {"type":"progresschanged","target_tagname":"progressmeter","target_id":"progressMeter","value":"10"}
INST ac83d2b593c7c1e0 2016-03-23T21:06:20.300Z {"type":"progresschanged","target_tagname":"progressmeter","target_id":"progressMeter","value":"15"}
INST ac83d2b593c7c1e0 2016-03-23T21:06:20.400Z {"type":"progresschanged","target_tagname":"progressmeter","target_id":"progressMeter","value":"20"}
INST ac83d2b593c7c1e0 2016-03-23T21:06:20.500Z {"type":"progresschanged","target_tagname":"progressmeter","target_id":"progressMeter","value":"25"}
INST ac83d2b593c7c1e0 2016-03-23T21:06:25.100Z {"type":"progresschanged","target_tagname":"progressmeter","target_id":"progressMeter","value":"40"}
INST ac83d2b593c7c1e0 2016-03-23T21:06:25.700Z {"type":"progresschanged","target_tagname":"progressmeter","target_id":"progressMeter","value":"45"}
INST ac83d2b593c7c1e0 2016-03-23T21:06:26.700Z {"type":"progresschanged","target_tagname":"progressmeter","target_id":"progressMeter","value":"50"}
INST ac83d2b593c7c1e0 2016-03-23T21:06:27.900Z {"type":"progresschanged","target_tagname":"progressmeter","target_id":"progressMeter","value":"50"}
INST ac83d2b593c7c1e0 2016-03-23T21:06:28.200Z {"type":"progresschanged","target_tagname":"progressmeter","target_id":"progressMeter","value":"50"}
INST ac83d2b593c7c1e0 2016-03-23T21:06:28.200Z {"type":"progresschanged","target_tagname":"progressmeter","target_id":"progressMeter","value":"50"}
INST ac83d2b593c7c1e0 2016-03-23T21:06:28.300Z {"type":"progresschanged","target_tagname":"progressmeter","target_id":"progressMeter","value":"55"}
INST ac83d2b593c7c1e0 2016-03-23T21:06:28.400Z {"type":"progresschanged","target_tagname":"progressmeter","target_id":"progressMeter","value":"55"}
INST ac83d2b593c7c1e0 2016-03-23T21:06:28.500Z {"type":"progresschanged","target_tagname":"progressmeter","target_id":"progressMeter","value":"62"}
INST ac83d2b593c7c1e0 2016-03-23T21:06:28.900Z {"type":"progresschanged","target_tagname":"progressmeter","target_id":"progressMeter","value":"66"}
INST ac83d2b593c7c1e0 2016-03-23T21:06:28.900Z {"type":"progresschanged","target_tagname":"progressmeter","target_id":"progressMeter","value":"72"}
INST ac83d2b593c7c1e0 2016-03-23T21:06:30.200Z {"type":"progresschanged","target_tagname":"progressmeter","target_id":"progressMeter","value":"80"}
INST ac83d2b593c7c1e0 2016-03-23T21:06:30.200Z {"type":"progresschanged","target_tagname":"progressmeter","target_id":"progressMeter","value":"90"}
INST ac83d2b593c7c1e0 2016-03-23T21:06:30.900Z {"type":"progresschanged","target_tagname":"progressmeter","target_id":"progressMeter","value":"100"}
INST ac83d2b593c7c1e0 2016-03-23T21:06:31.100Z {"type":"unload","target_id":"progress_bar"}
INST ac83d2b593c7c1e0 2016-03-23T21:06:31.100Z {"type":"command","target_tagname":"button","target_id":"connect_button"}
INST ac83d2b593c7c1e0 2016-03-23T21:06:31.200Z {"type":"unload","target_id":"configuration"}
