INST c70402c3ddf27da6 2016-03-28T21:20:26.500Z {"type":"start"}
INST c70402c3ddf27da6 2016-03-28T21:20:29.500Z {"type":"select","target_tagname":"menulist","target_id":"proxyType","value":""}
INST c70402c3ddf27da6 2016-03-28T21:20:29.500Z {"type":"wizardnext","target_tagname":"wizard","target_id":"TorNetworkSettings"}
INST c70402c3ddf27da6 2016-03-28T21:20:29.500Z {"type":"pageshow","target_tagname":"wizardpage","target_id":"first"}
INST c70402c3ddf27da6 2016-03-28T21:20:29.600Z {"type":"load","target_id":"configuration"}
INST c70402c3ddf27da6 2016-03-28T21:20:29.600Z {"type":"select","target_tagname":"menulist","target_id":"defaultBridgeType","value":"obfs3"}
INST c70402c3ddf27da6 2016-03-28T21:20:57.700Z {"type":"click","target_tagname":"button","target_id":"connect_button","detail":1}
INST c70402c3ddf27da6 2016-03-28T21:20:57.800Z {"type":"load","target_id":"progress_bar"}
INST c70402c3ddf27da6 2016-03-28T21:20:58.200Z {"type":"progresschanged","target_tagname":"progressmeter","target_id":"progressMeter","value":"5"}
INST c70402c3ddf27da6 2016-03-28T21:20:58.300Z {"type":"progresschanged","target_tagname":"progressmeter","target_id":"progressMeter","value":"10"}
INST c70402c3ddf27da6 2016-03-28T21:20:58.900Z {"type":"progresschanged","target_tagname":"progressmeter","target_id":"progressMeter","value":"15"}
INST c70402c3ddf27da6 2016-03-28T21:20:59.000Z {"type":"progresschanged","target_tagname":"progressmeter","target_id":"progressMeter","value":"20"}
INST c70402c3ddf27da6 2016-03-28T21:20:59.200Z {"type":"progresschanged","target_tagname":"progressmeter","target_id":"progressMeter","value":"25"}
INST c70402c3ddf27da6 2016-03-28T21:21:03.800Z {"type":"progresschanged","target_tagname":"progressmeter","target_id":"progressMeter","value":"40"}
INST c70402c3ddf27da6 2016-03-28T21:21:04.900Z {"type":"progresschanged","target_tagname":"progressmeter","target_id":"progressMeter","value":"45"}
INST c70402c3ddf27da6 2016-03-28T21:21:05.800Z {"type":"progresschanged","target_tagname":"progressmeter","target_id":"progressMeter","value":"50"}
INST c70402c3ddf27da6 2016-03-28T21:21:07.200Z {"type":"progresschanged","target_tagname":"progressmeter","target_id":"progressMeter","value":"50"}
INST c70402c3ddf27da6 2016-03-28T21:21:07.400Z {"type":"progresschanged","target_tagname":"progressmeter","target_id":"progressMeter","value":"50"}
INST c70402c3ddf27da6 2016-03-28T21:21:07.800Z {"type":"progresschanged","target_tagname":"progressmeter","target_id":"progressMeter","value":"55"}
INST c70402c3ddf27da6 2016-03-28T21:21:07.900Z {"type":"progresschanged","target_tagname":"progressmeter","target_id":"progressMeter","value":"55"}
INST c70402c3ddf27da6 2016-03-28T21:21:08.100Z {"type":"progresschanged","target_tagname":"progressmeter","target_id":"progressMeter","value":"61"}
INST c70402c3ddf27da6 2016-03-28T21:21:08.500Z {"type":"progresschanged","target_tagname":"progressmeter","target_id":"progressMeter","value":"65"}
INST c70402c3ddf27da6 2016-03-28T21:21:08.500Z {"type":"progresschanged","target_tagname":"progressmeter","target_id":"progressMeter","value":"69"}
INST c70402c3ddf27da6 2016-03-28T21:21:08.600Z {"type":"progresschanged","target_tagname":"progressmeter","target_id":"progressMeter","value":"76"}
INST c70402c3ddf27da6 2016-03-28T21:21:09.200Z {"type":"progresschanged","target_tagname":"progressmeter","target_id":"progressMeter","value":"80"}
INST c70402c3ddf27da6 2016-03-28T21:21:09.200Z {"type":"progresschanged","target_tagname":"progressmeter","target_id":"progressMeter","value":"90"}
INST c70402c3ddf27da6 2016-03-28T21:21:10.000Z {"type":"progresschanged","target_tagname":"progressmeter","target_id":"progressMeter","value":"100"}
INST c70402c3ddf27da6 2016-03-28T21:21:10.300Z {"type":"unload","target_id":"progress_bar"}
INST c70402c3ddf27da6 2016-03-28T21:21:10.300Z {"type":"command","target_tagname":"button","target_id":"connect_button"}
INST c70402c3ddf27da6 2016-03-28T21:21:10.300Z {"type":"unload","target_id":"configuration"}
