INST 67c7ad9550ebd700 2016-03-28T23:20:51.700Z {"type":"start"}
INST 67c7ad9550ebd700 2016-03-28T23:20:52.800Z {"type":"select","target_tagname":"menulist","target_id":"proxyType","value":""}
INST 67c7ad9550ebd700 2016-03-28T23:20:52.800Z {"type":"wizardnext","target_tagname":"wizard","target_id":"TorNetworkSettings"}
INST 67c7ad9550ebd700 2016-03-28T23:20:52.800Z {"type":"pageshow","target_tagname":"wizardpage","target_id":"first"}
INST 67c7ad9550ebd700 2016-03-28T23:20:52.800Z {"type":"load","target_id":"configuration"}
INST 67c7ad9550ebd700 2016-03-28T23:20:52.800Z {"type":"select","target_tagname":"menulist","target_id":"defaultBridgeType","value":"obfs3"}
INST 67c7ad9550ebd700 2016-03-28T23:21:05.700Z {"type":"click","target_tagname":"button","target_id":"connect_button","detail":1}
INST 67c7ad9550ebd700 2016-03-28T23:21:05.800Z {"type":"load","target_id":"progress_bar"}
INST 67c7ad9550ebd700 2016-03-28T23:21:06.300Z {"type":"progresschanged","target_tagname":"progressmeter","target_id":"progressMeter","value":"5"}
INST 67c7ad9550ebd700 2016-03-28T23:21:06.500Z {"type":"progresschanged","target_tagname":"progressmeter","target_id":"progressMeter","value":"10"}
INST 67c7ad9550ebd700 2016-03-28T23:21:06.900Z {"type":"progresschanged","target_tagname":"progressmeter","target_id":"progressMeter","value":"15"}
INST 67c7ad9550ebd700 2016-03-28T23:21:07.100Z {"type":"progresschanged","target_tagname":"progressmeter","target_id":"progressMeter","value":"20"}
INST 67c7ad9550ebd700 2016-03-28T23:21:07.200Z {"type":"progresschanged","target_tagname":"progressmeter","target_id":"progressMeter","value":"25"}
INST 67c7ad9550ebd700 2016-03-28T23:21:10.000Z {"type":"progresschanged","target_tagname":"progressmeter","target_id":"progressMeter","value":"40"}
INST 67c7ad9550ebd700 2016-03-28T23:21:10.600Z {"type":"progresschanged","target_tagname":"progressmeter","target_id":"progressMeter","value":"45"}
INST 67c7ad9550ebd700 2016-03-28T23:21:11.600Z {"type":"progresschanged","target_tagname":"progressmeter","target_id":"progressMeter","value":"50"}
INST 67c7ad9550ebd700 2016-03-28T23:21:12.900Z {"type":"progresschanged","target_tagname":"progressmeter","target_id":"progressMeter","value":"50"}
INST 67c7ad9550ebd700 2016-03-28T23:21:13.200Z {"type":"progresschanged","target_tagname":"progressmeter","target_id":"progressMeter","value":"50"}
INST 67c7ad9550ebd700 2016-03-28T23:21:13.300Z {"type":"progresschanged","target_tagname":"progressmeter","target_id":"progressMeter","value":"55"}
INST 67c7ad9550ebd700 2016-03-28T23:21:13.500Z {"type":"progresschanged","target_tagname":"progressmeter","target_id":"progressMeter","value":"55"}
INST 67c7ad9550ebd700 2016-03-28T23:21:13.800Z {"type":"progresschanged","target_tagname":"progressmeter","target_id":"progressMeter","value":"61"}
INST 67c7ad9550ebd700 2016-03-28T23:21:14.300Z {"type":"progresschanged","target_tagname":"progressmeter","target_id":"progressMeter","value":"65"}
INST 67c7ad9550ebd700 2016-03-28T23:21:14.500Z {"type":"progresschanged","target_tagname":"progressmeter","target_id":"progressMeter","value":"72"}
INST 67c7ad9550ebd700 2016-03-28T23:21:15.400Z {"type":"progresschanged","target_tagname":"progressmeter","target_id":"progressMeter","value":"72"}
INST 67c7ad9550ebd700 2016-03-28T23:21:16.300Z {"type":"progresschanged","target_tagname":"progressmeter","target_id":"progressMeter","value":"80"}
INST 67c7ad9550ebd700 2016-03-28T23:21:16.400Z {"type":"progresschanged","target_tagname":"progressmeter","target_id":"progressMeter","value":"90"}
INST 67c7ad9550ebd700 2016-03-28T23:21:17.100Z {"type":"progresschanged","target_tagname":"progressmeter","target_id":"progressMeter","value":"100"}
INST 67c7ad9550ebd700 2016-03-28T23:21:17.400Z {"type":"unload","target_id":"progress_bar"}
INST 67c7ad9550ebd700 2016-03-28T23:21:17.400Z {"type":"command","target_tagname":"button","target_id":"connect_button"}
INST 67c7ad9550ebd700 2016-03-28T23:21:17.400Z {"type":"unload","target_id":"configuration"}
