INST 9d73d936e1e9af58 2016-03-30T23:41:41.500Z {"type":"start"}
INST 9d73d936e1e9af58 2016-03-30T23:41:42.400Z {"type":"select","target_tagname":"menulist","target_id":"proxyType","value":""}
INST 9d73d936e1e9af58 2016-03-30T23:41:42.400Z {"type":"wizardnext","target_tagname":"wizard","target_id":"TorNetworkSettings"}
INST 9d73d936e1e9af58 2016-03-30T23:41:42.400Z {"type":"pageshow","target_tagname":"wizardpage","target_id":"first"}
INST 9d73d936e1e9af58 2016-03-30T23:41:42.500Z {"type":"load","target_id":"configuration"}
INST 9d73d936e1e9af58 2016-03-30T23:41:42.500Z {"type":"select","target_tagname":"menulist","target_id":"defaultBridgeType","value":"obfs3"}
INST 9d73d936e1e9af58 2016-03-30T23:41:54.300Z {"type":"click","target_tagname":"button","target_id":"connect_button","detail":1}
INST 9d73d936e1e9af58 2016-03-30T23:41:54.300Z {"type":"load","target_id":"progress_bar"}
INST 9d73d936e1e9af58 2016-03-30T23:41:55.100Z {"type":"progresschanged","target_tagname":"progressmeter","target_id":"progressMeter","value":"5"}
INST 9d73d936e1e9af58 2016-03-30T23:41:55.200Z {"type":"progresschanged","target_tagname":"progressmeter","target_id":"progressMeter","value":"10"}
INST 9d73d936e1e9af58 2016-03-30T23:41:55.400Z {"type":"progresschanged","target_tagname":"progressmeter","target_id":"progressMeter","value":"15"}
INST 9d73d936e1e9af58 2016-03-30T23:41:55.500Z {"type":"progresschanged","target_tagname":"progressmeter","target_id":"progressMeter","value":"20"}
INST 9d73d936e1e9af58 2016-03-30T23:41:55.600Z {"type":"progresschanged","target_tagname":"progressmeter","target_id":"progressMeter","value":"25"}
INST 9d73d936e1e9af58 2016-03-30T23:41:56.800Z {"type":"progresschanged","target_tagname":"progressmeter","target_id":"progressMeter","value":"40"}
INST 9d73d936e1e9af58 2016-03-30T23:41:57.000Z {"type":"progresschanged","target_tagname":"progressmeter","target_id":"progressMeter","value":"45"}
INST 9d73d936e1e9af58 2016-03-30T23:41:57.900Z {"type":"progresschanged","target_tagname":"progressmeter","target_id":"progressMeter","value":"50"}
INST 9d73d936e1e9af58 2016-03-30T23:41:59.400Z {"type":"progresschanged","target_tagname":"progressmeter","target_id":"progressMeter","value":"50"}
INST 9d73d936e1e9af58 2016-03-30T23:41:59.600Z {"type":"progresschanged","target_tagname":"progressmeter","target_id":"progressMeter","value":"50"}
INST 9d73d936e1e9af58 2016-03-30T23:41:59.700Z {"type":"progresschanged","target_tagname":"progressmeter","target_id":"progressMeter","value":"54"}
INST 9d73d936e1e9af58 2016-03-30T23:41:59.900Z {"type":"progresschanged","target_tagname":"progressmeter","target_id":"progressMeter","value":"54"}
INST 9d73d936e1e9af58 2016-03-30T23:42:00.000Z {"type":"progresschanged","target_tagname":"progressmeter","target_id":"progressMeter","value":"60"}
INST 9d73d936e1e9af58 2016-03-30T23:42:00.400Z {"type":"progresschanged","target_tagname":"progressmeter","target_id":"progressMeter","value":"64"}
INST 9d73d936e1e9af58 2016-03-30T23:42:00.500Z {"type":"progresschanged","target_tagname":"progressmeter","target_id":"progressMeter","value":"68"}
INST 9d73d936e1e9af58 2016-03-30T23:42:01.100Z {"type":"progresschanged","target_tagname":"progressmeter","target_id":"progressMeter","value":"74"}
INST 9d73d936e1e9af58 2016-03-30T23:42:02.100Z {"type":"progresschanged","target_tagname":"progressmeter","target_id":"progressMeter","value":"80"}
INST 9d73d936e1e9af58 2016-03-30T23:42:02.100Z {"type":"progresschanged","target_tagname":"progressmeter","target_id":"progressMeter","value":"90"}
INST 9d73d936e1e9af58 2016-03-30T23:42:02.900Z {"type":"progresschanged","target_tagname":"progressmeter","target_id":"progressMeter","value":"100"}
INST 9d73d936e1e9af58 2016-03-30T23:42:03.100Z {"type":"unload","target_id":"progress_bar"}
INST 9d73d936e1e9af58 2016-03-30T23:42:03.100Z {"type":"command","target_tagname":"button","target_id":"connect_button"}
INST 9d73d936e1e9af58 2016-03-30T23:42:03.100Z {"type":"unload","target_id":"configuration"}
