INST 6db1907fb0b25648 2016-03-28T23:20:51.500Z {"type":"start"}
INST 6db1907fb0b25648 2016-03-28T23:20:52.500Z {"type":"select","target_tagname":"menulist","target_id":"proxyType","value":""}
INST 6db1907fb0b25648 2016-03-28T23:20:52.500Z {"type":"wizardnext","target_tagname":"wizard","target_id":"TorNetworkSettings"}
INST 6db1907fb0b25648 2016-03-28T23:20:52.500Z {"type":"pageshow","target_tagname":"wizardpage","target_id":"first"}
INST 6db1907fb0b25648 2016-03-28T23:20:52.500Z {"type":"load","target_id":"configuration"}
INST 6db1907fb0b25648 2016-03-28T23:20:52.500Z {"type":"select","target_tagname":"menulist","target_id":"defaultBridgeType","value":"obfs3"}
INST 6db1907fb0b25648 2016-03-28T23:21:10.500Z {"type":"wizardcancel","target_tagname":"wizard","target_id":"TorNetworkSettings"}
INST 6db1907fb0b25648 2016-03-28T23:21:10.500Z {"type":"unload","target_id":"configuration"}
INST 226af8d61377becf 2016-03-28T23:21:41.000Z {"type":"start"}
INST 226af8d61377becf 2016-03-28T23:21:41.600Z {"type":"select","target_tagname":"menulist","target_id":"proxyType","value":""}
INST 226af8d61377becf 2016-03-28T23:21:41.600Z {"type":"wizardnext","target_tagname":"wizard","target_id":"TorNetworkSettings"}
INST 226af8d61377becf 2016-03-28T23:21:41.600Z {"type":"pageshow","target_tagname":"wizardpage","target_id":"first"}
INST 226af8d61377becf 2016-03-28T23:21:41.700Z {"type":"load","target_id":"configuration"}
INST 226af8d61377becf 2016-03-28T23:21:41.700Z {"type":"select","target_tagname":"menulist","target_id":"defaultBridgeType","value":"obfs3"}
INST 226af8d61377becf 2016-03-28T23:21:47.100Z {"type":"click","target_tagname":"button","target_id":"connect_button","detail":1}
INST 226af8d61377becf 2016-03-28T23:21:47.100Z {"type":"load","target_id":"progress_bar"}
INST 226af8d61377becf 2016-03-28T23:21:47.400Z {"type":"progresschanged","target_tagname":"progressmeter","target_id":"progressMeter","value":"5"}
INST 226af8d61377becf 2016-03-28T23:21:47.600Z {"type":"progresschanged","target_tagname":"progressmeter","target_id":"progressMeter","value":"10"}
INST 226af8d61377becf 2016-03-28T23:21:48.200Z {"type":"progresschanged","target_tagname":"progressmeter","target_id":"progressMeter","value":"15"}
INST 226af8d61377becf 2016-03-28T23:21:48.300Z {"type":"progresschanged","target_tagname":"progressmeter","target_id":"progressMeter","value":"20"}
INST 226af8d61377becf 2016-03-28T23:21:48.500Z {"type":"progresschanged","target_tagname":"progressmeter","target_id":"progressMeter","value":"25"}
INST 226af8d61377becf 2016-03-28T23:21:51.500Z {"type":"progresschanged","target_tagname":"progressmeter","target_id":"progressMeter","value":"40"}
INST 226af8d61377becf 2016-03-28T23:21:52.100Z {"type":"progresschanged","target_tagname":"progressmeter","target_id":"progressMeter","value":"45"}
INST 226af8d61377becf 2016-03-28T23:21:52.600Z {"type":"progresschanged","target_tagname":"progressmeter","target_id":"progressMeter","value":"50"}
INST 226af8d61377becf 2016-03-28T23:21:53.500Z {"type":"progresschanged","target_tagname":"progressmeter","target_id":"progressMeter","value":"50"}
INST 226af8d61377becf 2016-03-28T23:21:53.900Z {"type":"progresschanged","target_tagname":"progressmeter","target_id":"progressMeter","value":"50"}
INST 226af8d61377becf 2016-03-28T23:21:54.000Z {"type":"progresschanged","target_tagname":"progressmeter","target_id":"progressMeter","value":"50"}
INST 226af8d61377becf 2016-03-28T23:21:54.100Z {"type":"progresschanged","target_tagname":"progressmeter","target_id":"progressMeter","value":"56"}
INST 226af8d61377becf 2016-03-28T23:21:54.100Z {"type":"progresschanged","target_tagname":"progressmeter","target_id":"progressMeter","value":"56"}
INST 226af8d61377becf 2016-03-28T23:21:54.400Z {"type":"progresschanged","target_tagname":"progressmeter","target_id":"progressMeter","value":"62"}
INST 226af8d61377becf 2016-03-28T23:21:54.600Z {"type":"progresschanged","target_tagname":"progressmeter","target_id":"progressMeter","value":"66"}
INST 226af8d61377becf 2016-03-28T23:21:54.800Z {"type":"progresschanged","target_tagname":"progressmeter","target_id":"progressMeter","value":"72"}
INST 226af8d61377becf 2016-03-28T23:21:55.400Z {"type":"progresschanged","target_tagname":"progressmeter","target_id":"progressMeter","value":"80"}
INST 226af8d61377becf 2016-03-28T23:21:55.400Z {"type":"progresschanged","target_tagname":"progressmeter","target_id":"progressMeter","value":"90"}
INST 226af8d61377becf 2016-03-28T23:21:56.200Z {"type":"progresschanged","target_tagname":"progressmeter","target_id":"progressMeter","value":"100"}
INST 226af8d61377becf 2016-03-28T23:21:56.500Z {"type":"unload","target_id":"progress_bar"}
INST 226af8d61377becf 2016-03-28T23:21:56.500Z {"type":"command","target_tagname":"button","target_id":"connect_button"}
INST 226af8d61377becf 2016-03-28T23:21:56.500Z {"type":"unload","target_id":"configuration"}
