INST 8e4623ba33a93360 2016-03-30T23:41:43.300Z {"type":"start"}
INST 8e4623ba33a93360 2016-03-30T23:41:44.200Z {"type":"select","target_tagname":"menulist","target_id":"proxyType","value":""}
INST 8e4623ba33a93360 2016-03-30T23:41:44.200Z {"type":"wizardnext","target_tagname":"wizard","target_id":"TorNetworkSettings"}
INST 8e4623ba33a93360 2016-03-30T23:41:44.200Z {"type":"pageshow","target_tagname":"wizardpage","target_id":"first"}
INST 8e4623ba33a93360 2016-03-30T23:41:44.300Z {"type":"load","target_id":"configuration"}
INST 8e4623ba33a93360 2016-03-30T23:41:44.300Z {"type":"select","target_tagname":"menulist","target_id":"defaultBridgeType","value":"obfs3"}
INST 8e4623ba33a93360 2016-03-30T23:41:46.700Z {"type":"click","target_tagname":"wizard","target_id":"TorNetworkSettings","detail":1}
INST 8e4623ba33a93360 2016-03-30T23:41:46.700Z {"type":"wizardcancel","target_tagname":"wizard","target_id":"TorNetworkSettings"}
INST 8e4623ba33a93360 2016-03-30T23:41:46.700Z {"type":"command","target_tagname":"wizard","target_id":"TorNetworkSettings"}
INST 8e4623ba33a93360 2016-03-30T23:41:46.700Z {"type":"unload","target_id":"configuration"}
INST 17e4570ac10cd7d0 2016-03-30T23:43:21.100Z {"type":"start"}
INST 17e4570ac10cd7d0 2016-03-30T23:43:21.800Z {"type":"select","target_tagname":"menulist","target_id":"proxyType","value":""}
INST 17e4570ac10cd7d0 2016-03-30T23:43:21.800Z {"type":"wizardnext","target_tagname":"wizard","target_id":"TorNetworkSettings"}
INST 17e4570ac10cd7d0 2016-03-30T23:43:21.800Z {"type":"pageshow","target_tagname":"wizardpage","target_id":"first"}
INST 17e4570ac10cd7d0 2016-03-30T23:43:21.800Z {"type":"load","target_id":"configuration"}
INST 17e4570ac10cd7d0 2016-03-30T23:43:21.800Z {"type":"select","target_tagname":"menulist","target_id":"defaultBridgeType","value":"obfs3"}
INST 17e4570ac10cd7d0 2016-03-30T23:43:32.700Z {"type":"click","target_tagname":"button","target_id":"connect_button","detail":1}
INST 17e4570ac10cd7d0 2016-03-30T23:43:32.700Z {"type":"load","target_id":"progress_bar"}
INST 17e4570ac10cd7d0 2016-03-30T23:43:33.500Z {"type":"progresschanged","target_tagname":"progressmeter","target_id":"progressMeter","value":"5"}
INST 17e4570ac10cd7d0 2016-03-30T23:43:33.700Z {"type":"progresschanged","target_tagname":"progressmeter","target_id":"progressMeter","value":"10"}
INST 17e4570ac10cd7d0 2016-03-30T23:43:34.200Z {"type":"progresschanged","target_tagname":"progressmeter","target_id":"progressMeter","value":"15"}
INST 17e4570ac10cd7d0 2016-03-30T23:43:34.300Z {"type":"progresschanged","target_tagname":"progressmeter","target_id":"progressMeter","value":"20"}
INST 17e4570ac10cd7d0 2016-03-30T23:43:34.500Z {"type":"progresschanged","target_tagname":"progressmeter","target_id":"progressMeter","value":"25"}
INST 17e4570ac10cd7d0 2016-03-30T23:43:37.400Z {"type":"progresschanged","target_tagname":"progressmeter","target_id":"progressMeter","value":"40"}
INST 17e4570ac10cd7d0 2016-03-30T23:43:37.900Z {"type":"progresschanged","target_tagname":"progressmeter","target_id":"progressMeter","value":"45"}
INST 17e4570ac10cd7d0 2016-03-30T23:43:38.900Z {"type":"progresschanged","target_tagname":"progressmeter","target_id":"progressMeter","value":"50"}
INST 17e4570ac10cd7d0 2016-03-30T23:43:40.800Z {"type":"progresschanged","target_tagname":"progressmeter","target_id":"progressMeter","value":"50"}
INST 17e4570ac10cd7d0 2016-03-30T23:43:40.900Z {"type":"progresschanged","target_tagname":"progressmeter","target_id":"progressMeter","value":"50"}
INST 17e4570ac10cd7d0 2016-03-30T23:43:41.200Z {"type":"progresschanged","target_tagname":"progressmeter","target_id":"progressMeter","value":"54"}
INST 17e4570ac10cd7d0 2016-03-30T23:43:41.300Z {"type":"progresschanged","target_tagname":"progressmeter","target_id":"progressMeter","value":"54"}
INST 17e4570ac10cd7d0 2016-03-30T23:43:41.700Z {"type":"progresschanged","target_tagname":"progressmeter","target_id":"progressMeter","value":"59"}
INST 17e4570ac10cd7d0 2016-03-30T23:43:41.900Z {"type":"progresschanged","target_tagname":"progressmeter","target_id":"progressMeter","value":"63"}
INST 17e4570ac10cd7d0 2016-03-30T23:43:42.200Z {"type":"progresschanged","target_tagname":"progressmeter","target_id":"progressMeter","value":"67"}
INST 17e4570ac10cd7d0 2016-03-30T23:43:42.600Z {"type":"progresschanged","target_tagname":"progressmeter","target_id":"progressMeter","value":"73"}
INST 17e4570ac10cd7d0 2016-03-30T23:43:43.600Z {"type":"progresschanged","target_tagname":"progressmeter","target_id":"progressMeter","value":"80"}
INST 17e4570ac10cd7d0 2016-03-30T23:43:43.600Z {"type":"progresschanged","target_tagname":"progressmeter","target_id":"progressMeter","value":"90"}
INST 17e4570ac10cd7d0 2016-03-30T23:43:44.400Z {"type":"progresschanged","target_tagname":"progressmeter","target_id":"progressMeter","value":"100"}
INST 17e4570ac10cd7d0 2016-03-30T23:43:44.700Z {"type":"unload","target_id":"progress_bar"}
INST 17e4570ac10cd7d0 2016-03-30T23:43:44.700Z {"type":"command","target_tagname":"button","target_id":"connect_button"}
INST 17e4570ac10cd7d0 2016-03-30T23:43:44.700Z {"type":"unload","target_id":"configuration"}
INST b74ec842492190ab 2016-03-30T23:56:40.400Z {"type":"start"}
INST b74ec842492190ab 2016-03-30T23:56:41.500Z {"type":"load","target_id":"progress_bar"}
INST b74ec842492190ab 2016-03-30T23:56:41.500Z {"type":"progresschanged","target_tagname":"progressmeter","target_id":"progressMeter","value":"85"}
INST b74ec842492190ab 2016-03-30T23:56:42.100Z {"type":"progresschanged","target_tagname":"progressmeter","target_id":"progressMeter","value":"90"}
INST b74ec842492190ab 2016-03-30T23:56:42.900Z {"type":"progresschanged","target_tagname":"progressmeter","target_id":"progressMeter","value":"100"}
INST b74ec842492190ab 2016-03-30T23:56:43.100Z {"type":"unload","target_id":"progress_bar"}
