INST 21d7a8775308c66f 2016-03-25T21:17:56.500Z {"type":"start"}
INST 21d7a8775308c66f 2016-03-25T21:17:57.900Z {"type":"select","target_tagname":"menulist","target_id":"proxyType","value":""}
INST 21d7a8775308c66f 2016-03-25T21:17:57.900Z {"type":"wizardnext","target_tagname":"wizard","target_id":"TorNetworkSettings"}
INST 21d7a8775308c66f 2016-03-25T21:17:57.900Z {"type":"pageshow","target_tagname":"wizardpage","target_id":"first"}
INST 21d7a8775308c66f 2016-03-25T21:17:58.000Z {"type":"load","target_id":"configuration"}
INST 21d7a8775308c66f 2016-03-25T21:17:58.000Z {"type":"select","target_tagname":"menulist","target_id":"defaultBridgeType","value":"obfs3"}
INST 21d7a8775308c66f 2016-03-25T21:18:15.000Z {"type":"click","target_tagname":"button","target_id":"connect_button","detail":1}
INST 21d7a8775308c66f 2016-03-25T21:18:15.100Z {"type":"load","target_id":"progress_bar"}
INST 21d7a8775308c66f 2016-03-25T21:18:15.300Z {"type":"progresschanged","target_tagname":"progressmeter","target_id":"progressMeter","value":"5"}
INST 21d7a8775308c66f 2016-03-25T21:18:15.500Z {"type":"progresschanged","target_tagname":"progressmeter","target_id":"progressMeter","value":"10"}
INST 21d7a8775308c66f 2016-03-25T21:18:16.100Z {"type":"progresschanged","target_tagname":"progressmeter","target_id":"progressMeter","value":"15"}
INST 21d7a8775308c66f 2016-03-25T21:18:16.300Z {"type":"progresschanged","target_tagname":"progressmeter","target_id":"progressMeter","value":"20"}
INST 21d7a8775308c66f 2016-03-25T21:18:16.400Z {"type":"progresschanged","target_tagname":"progressmeter","target_id":"progressMeter","value":"25"}
INST 21d7a8775308c66f 2016-03-25T21:18:20.000Z {"type":"progresschanged","target_tagname":"progressmeter","target_id":"progressMeter","value":"40"}
INST 21d7a8775308c66f 2016-03-25T21:18:20.800Z {"type":"progresschanged","target_tagname":"progressmeter","target_id":"progressMeter","value":"45"}
INST 21d7a8775308c66f 2016-03-25T21:18:21.700Z {"type":"progresschanged","target_tagname":"progressmeter","target_id":"progressMeter","value":"50"}
INST 21d7a8775308c66f 2016-03-25T21:18:23.200Z {"type":"progresschanged","target_tagname":"progressmeter","target_id":"progressMeter","value":"50"}
INST 21d7a8775308c66f 2016-03-25T21:18:23.200Z {"type":"progresschanged","target_tagname":"progressmeter","target_id":"progressMeter","value":"50"}
INST 21d7a8775308c66f 2016-03-25T21:18:23.400Z {"type":"progresschanged","target_tagname":"progressmeter","target_id":"progressMeter","value":"56"}
INST 21d7a8775308c66f 2016-03-25T21:18:23.400Z {"type":"progresschanged","target_tagname":"progressmeter","target_id":"progressMeter","value":"56"}
INST 21d7a8775308c66f 2016-03-25T21:18:23.500Z {"type":"progresschanged","target_tagname":"progressmeter","target_id":"progressMeter","value":"62"}
INST 21d7a8775308c66f 2016-03-25T21:18:23.900Z {"type":"progresschanged","target_tagname":"progressmeter","target_id":"progressMeter","value":"66"}
INST 21d7a8775308c66f 2016-03-25T21:18:25.800Z {"type":"progresschanged","target_tagname":"progressmeter","target_id":"progressMeter","value":"66"}
INST 21d7a8775308c66f 2016-03-25T21:18:26.100Z {"type":"progresschanged","target_tagname":"progressmeter","target_id":"progressMeter","value":"72"}
INST 21d7a8775308c66f 2016-03-25T21:18:26.400Z {"type":"progresschanged","target_tagname":"progressmeter","target_id":"progressMeter","value":"80"}
INST 21d7a8775308c66f 2016-03-25T21:18:26.400Z {"type":"progresschanged","target_tagname":"progressmeter","target_id":"progressMeter","value":"90"}
INST 21d7a8775308c66f 2016-03-25T21:18:27.900Z {"type":"progresschanged","target_tagname":"progressmeter","target_id":"progressMeter","value":"100"}
INST 21d7a8775308c66f 2016-03-25T21:18:28.200Z {"type":"unload","target_id":"progress_bar"}
INST 21d7a8775308c66f 2016-03-25T21:18:28.200Z {"type":"command","target_tagname":"button","target_id":"connect_button"}
INST 21d7a8775308c66f 2016-03-25T21:18:28.200Z {"type":"unload","target_id":"configuration"}
