INST 05ec65d319ac7ee3 2016-03-28T23:21:28.400Z {"type":"start"}
INST 05ec65d319ac7ee3 2016-03-28T23:21:29.400Z {"type":"select","target_tagname":"menulist","target_id":"proxyType","value":""}
INST 05ec65d319ac7ee3 2016-03-28T23:21:29.400Z {"type":"wizardnext","target_tagname":"wizard","target_id":"TorNetworkSettings"}
INST 05ec65d319ac7ee3 2016-03-28T23:21:29.400Z {"type":"pageshow","target_tagname":"wizardpage","target_id":"first"}
INST 05ec65d319ac7ee3 2016-03-28T23:21:29.400Z {"type":"load","target_id":"configuration"}
INST 05ec65d319ac7ee3 2016-03-28T23:21:29.500Z {"type":"select","target_tagname":"menulist","target_id":"defaultBridgeType","value":"obfs3"}
INST 05ec65d319ac7ee3 2016-03-28T23:21:40.800Z {"type":"click","target_tagname":"button","target_id":"configure_button","detail":1}
INST 05ec65d319ac7ee3 2016-03-28T23:21:40.800Z {"type":"pagehide","target_tagname":"wizardpage","target_id":"first"}
INST 05ec65d319ac7ee3 2016-03-28T23:21:40.800Z {"type":"pageadvanced","target_tagname":"wizardpage","target_id":"first"}
INST 05ec65d319ac7ee3 2016-03-28T23:21:40.800Z {"type":"wizardnext","target_tagname":"wizard","target_id":"TorNetworkSettings"}
INST 05ec65d319ac7ee3 2016-03-28T23:21:40.800Z {"type":"pageshow","target_tagname":"wizardpage","target_id":"bridges"}
INST 05ec65d319ac7ee3 2016-03-28T23:21:40.800Z {"type":"command","target_tagname":"button","target_id":"configure_button"}
INST 05ec65d319ac7ee3 2016-03-28T23:21:43.500Z {"type":"click","target_tagname":"radio","target_id":"bridgesRadioYes","detail":1}
INST 05ec65d319ac7ee3 2016-03-28T23:21:43.500Z {"type":"command","target_tagname":"radio","target_id":"bridgesRadioYes"}
INST 05ec65d319ac7ee3 2016-03-28T23:21:47.500Z {"type":"click","target_tagname":"wizard","target_id":"TorNetworkSettings","detail":1}
INST 05ec65d319ac7ee3 2016-03-28T23:21:47.500Z {"type":"pagehide","target_tagname":"wizardpage","target_id":"bridges"}
INST 05ec65d319ac7ee3 2016-03-28T23:21:47.500Z {"type":"pageadvanced","target_tagname":"wizardpage","target_id":"bridges"}
INST 05ec65d319ac7ee3 2016-03-28T23:21:47.500Z {"type":"wizardnext","target_tagname":"wizard","target_id":"TorNetworkSettings"}
INST 05ec65d319ac7ee3 2016-03-28T23:21:47.500Z {"type":"pageshow","target_tagname":"wizardpage","target_id":"bridgeSettings"}
INST 05ec65d319ac7ee3 2016-03-28T23:21:47.500Z {"type":"command","target_tagname":"wizard","target_id":"TorNetworkSettings"}
INST 05ec65d319ac7ee3 2016-03-28T23:21:49.200Z {"type":"popupshown","target_tagname":"menupopup","target_id":"defaultBridgeType_menuPopup"}
INST 05ec65d319ac7ee3 2016-03-28T23:21:49.300Z {"type":"click","target_tagname":"menulist","target_id":"defaultBridgeType","value":"obfs3","detail":1}
INST 05ec65d319ac7ee3 2016-03-28T23:21:50.100Z {"type":"popuphidden","target_tagname":"menupopup","target_id":"defaultBridgeType_menuPopup"}
INST 05ec65d319ac7ee3 2016-03-28T23:21:52.600Z {"type":"click","target_tagname":"wizard","target_id":"TorNetworkSettings","detail":1}
INST 05ec65d319ac7ee3 2016-03-28T23:21:52.600Z {"type":"pagehide","target_tagname":"wizardpage","target_id":"bridgeSettings"}
INST 05ec65d319ac7ee3 2016-03-28T23:21:52.600Z {"type":"pageadvanced","target_tagname":"wizardpage","target_id":"bridgeSettings"}
INST 05ec65d319ac7ee3 2016-03-28T23:21:52.600Z {"type":"wizardnext","target_tagname":"wizard","target_id":"TorNetworkSettings"}
INST 05ec65d319ac7ee3 2016-03-28T23:21:52.600Z {"type":"pageshow","target_tagname":"wizardpage","target_id":"proxy"}
INST 05ec65d319ac7ee3 2016-03-28T23:21:52.600Z {"type":"command","target_tagname":"wizard","target_id":"TorNetworkSettings"}
INST 05ec65d319ac7ee3 2016-03-28T23:23:33.000Z {"type":"click","target_tagname":"wizard","target_id":"TorNetworkSettings","detail":1}
INST 05ec65d319ac7ee3 2016-03-28T23:23:33.000Z {"type":"pagehide","target_tagname":"wizardpage","target_id":"proxy"}
INST 05ec65d319ac7ee3 2016-03-28T23:23:33.000Z {"type":"pageadvanced","target_tagname":"wizardpage","target_id":"proxy"}
INST 05ec65d319ac7ee3 2016-03-28T23:23:33.000Z {"type":"wizardfinish","target_tagname":"wizard","target_id":"TorNetworkSettings"}
INST 05ec65d319ac7ee3 2016-03-28T23:23:33.100Z {"type":"load","target_id":"progress_bar"}
INST 05ec65d319ac7ee3 2016-03-28T23:23:39.900Z {"type":"progresschanged","target_tagname":"progressmeter","target_id":"progressMeter","value":"5"}
INST 05ec65d319ac7ee3 2016-03-28T23:23:39.900Z {"type":"progresschanged","target_tagname":"progressmeter","target_id":"progressMeter","value":"10"}
INST 05ec65d319ac7ee3 2016-03-28T23:23:41.000Z {"type":"progresschanged","target_tagname":"progressmeter","target_id":"progressMeter","value":"15"}
INST 05ec65d319ac7ee3 2016-03-28T23:23:41.200Z {"type":"progresschanged","target_tagname":"progressmeter","target_id":"progressMeter","value":"20"}
INST 05ec65d319ac7ee3 2016-03-28T23:23:41.800Z {"type":"progresschanged","target_tagname":"progressmeter","target_id":"progressMeter","value":"25"}
INST 05ec65d319ac7ee3 2016-03-28T23:23:43.400Z {"type":"progresschanged","target_tagname":"progressmeter","target_id":"progressMeter","value":"40"}
INST 05ec65d319ac7ee3 2016-03-28T23:23:43.800Z {"type":"progresschanged","target_tagname":"progressmeter","target_id":"progressMeter","value":"45"}
INST 05ec65d319ac7ee3 2016-03-28T23:23:44.100Z {"type":"progresschanged","target_tagname":"progressmeter","target_id":"progressMeter","value":"50"}
INST 05ec65d319ac7ee3 2016-03-28T23:23:44.500Z {"type":"progresschanged","target_tagname":"progressmeter","target_id":"progressMeter","value":"50"}
INST 05ec65d319ac7ee3 2016-03-28T23:23:44.700Z {"type":"progresschanged","target_tagname":"progressmeter","target_id":"progressMeter","value":"50"}
INST 05ec65d319ac7ee3 2016-03-28T23:23:44.700Z {"type":"progresschanged","target_tagname":"progressmeter","target_id":"progressMeter","value":"54"}
INST 05ec65d319ac7ee3 2016-03-28T23:23:44.900Z {"type":"progresschanged","target_tagname":"progressmeter","target_id":"progressMeter","value":"54"}
INST 05ec65d319ac7ee3 2016-03-28T23:23:45.100Z {"type":"progresschanged","target_tagname":"progressmeter","target_id":"progressMeter","value":"60"}
INST 05ec65d319ac7ee3 2016-03-28T23:23:45.300Z {"type":"progresschanged","target_tagname":"progressmeter","target_id":"progressMeter","value":"64"}
INST 05ec65d319ac7ee3 2016-03-28T23:23:45.300Z {"type":"progresschanged","target_tagname":"progressmeter","target_id":"progressMeter","value":"69"}
INST 05ec65d319ac7ee3 2016-03-28T23:23:46.800Z {"type":"progresschanged","target_tagname":"progressmeter","target_id":"progressMeter","value":"74"}
INST 05ec65d319ac7ee3 2016-03-28T23:23:48.900Z {"type":"progresschanged","target_tagname":"progressmeter","target_id":"progressMeter","value":"80"}
INST 05ec65d319ac7ee3 2016-03-28T23:23:48.900Z {"type":"progresschanged","target_tagname":"progressmeter","target_id":"progressMeter","value":"90"}
INST 05ec65d319ac7ee3 2016-03-28T23:23:52.300Z {"type":"progresschanged","target_tagname":"progressmeter","target_id":"progressMeter","value":"100"}
INST 05ec65d319ac7ee3 2016-03-28T23:23:52.600Z {"type":"unload","target_id":"progress_bar"}
INST 05ec65d319ac7ee3 2016-03-28T23:23:52.600Z {"type":"command","target_tagname":"wizard","target_id":"TorNetworkSettings"}
INST 05ec65d319ac7ee3 2016-03-28T23:23:52.600Z {"type":"unload","target_id":"configuration"}
INST 1d7e15f12f8d1964 2016-03-28T23:28:07.900Z {"type":"start"}
INST 1d7e15f12f8d1964 2016-03-28T23:28:08.800Z {"type":"load","target_id":"progress_bar"}
INST 1d7e15f12f8d1964 2016-03-28T23:28:13.000Z {"type":"click","target_tagname":"dialog","target_id":"TorProgress","detail":1}
INST 1d7e15f12f8d1964 2016-03-28T23:28:13.000Z {"type":"dialogextra2","target_tagname":"dialog","target_id":"TorProgress"}
INST 1d7e15f12f8d1964 2016-03-28T23:28:13.000Z {"type":"command","target_tagname":"dialog","target_id":"TorProgress"}
INST 1d7e15f12f8d1964 2016-03-28T23:28:13.100Z {"type":"select","target_tagname":"menulist","target_id":"proxyType","value":""}
INST 1d7e15f12f8d1964 2016-03-28T23:28:13.100Z {"type":"wizardnext","target_tagname":"wizard","target_id":"TorNetworkSettings"}
INST 1d7e15f12f8d1964 2016-03-28T23:28:13.100Z {"type":"pageshow","target_tagname":"wizardpage","target_id":"first"}
INST 1d7e15f12f8d1964 2016-03-28T23:28:13.100Z {"type":"load","target_id":"configuration"}
INST 1d7e15f12f8d1964 2016-03-28T23:28:13.100Z {"type":"select","target_tagname":"menulist","target_id":"defaultBridgeType","value":"obfs3"}
INST 1d7e15f12f8d1964 2016-03-28T23:28:15.200Z {"type":"click","target_tagname":"button","target_id":"configure_button","detail":1}
INST 1d7e15f12f8d1964 2016-03-28T23:28:15.200Z {"type":"pagehide","target_tagname":"wizardpage","target_id":"first"}
INST 1d7e15f12f8d1964 2016-03-28T23:28:15.200Z {"type":"pageadvanced","target_tagname":"wizardpage","target_id":"first"}
INST 1d7e15f12f8d1964 2016-03-28T23:28:15.200Z {"type":"wizardnext","target_tagname":"wizard","target_id":"TorNetworkSettings"}
INST 1d7e15f12f8d1964 2016-03-28T23:28:15.200Z {"type":"pageshow","target_tagname":"wizardpage","target_id":"bridges"}
INST 1d7e15f12f8d1964 2016-03-28T23:28:15.200Z {"type":"command","target_tagname":"button","target_id":"configure_button"}
INST 1d7e15f12f8d1964 2016-03-28T23:28:17.300Z {"type":"click","target_tagname":"wizard","target_id":"TorNetworkSettings","detail":1}
INST 1d7e15f12f8d1964 2016-03-28T23:28:17.300Z {"type":"pagehide","target_tagname":"wizardpage","target_id":"bridges"}
INST 1d7e15f12f8d1964 2016-03-28T23:28:17.300Z {"type":"pageadvanced","target_tagname":"wizardpage","target_id":"bridges"}
INST 1d7e15f12f8d1964 2016-03-28T23:28:17.300Z {"type":"wizardnext","target_tagname":"wizard","target_id":"TorNetworkSettings"}
INST 1d7e15f12f8d1964 2016-03-28T23:28:17.300Z {"type":"pageshow","target_tagname":"wizardpage","target_id":"bridgeSettings"}
INST 1d7e15f12f8d1964 2016-03-28T23:28:17.300Z {"type":"command","target_tagname":"wizard","target_id":"TorNetworkSettings"}
INST 1d7e15f12f8d1964 2016-03-28T23:28:20.400Z {"type":"popupshown","target_tagname":"menupopup","target_id":"defaultBridgeType_menuPopup"}
INST 1d7e15f12f8d1964 2016-03-28T23:28:20.400Z {"type":"click","target_tagname":"menulist","target_id":"defaultBridgeType","value":"obfs3","detail":1}
INST 1d7e15f12f8d1964 2016-03-28T23:28:28.600Z {"type":"popuphidden","target_tagname":"menupopup","target_id":"defaultBridgeType_menuPopup"}
INST 1d7e15f12f8d1964 2016-03-28T23:28:29.800Z {"type":"click","target_tagname":"wizard","target_id":"TorNetworkSettings","detail":1}
INST 1d7e15f12f8d1964 2016-03-28T23:28:29.800Z {"type":"pagehide","target_tagname":"wizardpage","target_id":"bridgeSettings"}
INST 1d7e15f12f8d1964 2016-03-28T23:28:29.800Z {"type":"pageadvanced","target_tagname":"wizardpage","target_id":"bridgeSettings"}
INST 1d7e15f12f8d1964 2016-03-28T23:28:29.800Z {"type":"wizardnext","target_tagname":"wizard","target_id":"TorNetworkSettings"}
INST 1d7e15f12f8d1964 2016-03-28T23:28:29.800Z {"type":"pageshow","target_tagname":"wizardpage","target_id":"proxy"}
INST 1d7e15f12f8d1964 2016-03-28T23:28:29.800Z {"type":"command","target_tagname":"wizard","target_id":"TorNetworkSettings"}
INST 1d7e15f12f8d1964 2016-03-28T23:28:31.100Z {"type":"click","target_tagname":"radio","target_id":"proxyRadioYes","detail":1}
INST 1d7e15f12f8d1964 2016-03-28T23:28:31.100Z {"type":"command","target_tagname":"radio","target_id":"proxyRadioYes"}
INST 1d7e15f12f8d1964 2016-03-28T23:28:32.500Z {"type":"click","target_tagname":"wizard","target_id":"TorNetworkSettings","detail":1}
INST 1d7e15f12f8d1964 2016-03-28T23:28:32.500Z {"type":"pagehide","target_tagname":"wizardpage","target_id":"proxy"}
INST 1d7e15f12f8d1964 2016-03-28T23:28:32.500Z {"type":"pageadvanced","target_tagname":"wizardpage","target_id":"proxy"}
INST 1d7e15f12f8d1964 2016-03-28T23:28:32.500Z {"type":"wizardnext","target_tagname":"wizard","target_id":"TorNetworkSettings"}
INST 1d7e15f12f8d1964 2016-03-28T23:28:32.500Z {"type":"pageshow","target_tagname":"wizardpage","target_id":"proxyYES"}
INST 1d7e15f12f8d1964 2016-03-28T23:28:32.500Z {"type":"command","target_tagname":"wizard","target_id":"TorNetworkSettings"}
INST 1d7e15f12f8d1964 2016-03-28T23:28:37.100Z {"type":"popupshown","target_tagname":"menupopup","target_id":"proxyType_menuPopup"}
INST 1d7e15f12f8d1964 2016-03-28T23:28:37.100Z {"type":"click","target_tagname":"menulist","target_id":"proxyType","value":"","detail":1}
INST 1d7e15f12f8d1964 2016-03-28T23:28:40.300Z {"type":"popuphidden","target_tagname":"menupopup","target_id":"proxyType_menuPopup"}
INST 1d7e15f12f8d1964 2016-03-28T23:28:41.700Z {"type":"click","target_tagname":"wizard","target_id":"TorNetworkSettings","detail":1}
INST 1d7e15f12f8d1964 2016-03-28T23:28:41.700Z {"type":"pagehide","target_tagname":"wizardpage","target_id":"proxyYES"}
INST 1d7e15f12f8d1964 2016-03-28T23:28:41.700Z {"type":"pagerewound","target_tagname":"wizardpage","target_id":"proxyYES"}
INST 1d7e15f12f8d1964 2016-03-28T23:28:41.700Z {"type":"wizardback","target_tagname":"wizard","target_id":"TorNetworkSettings"}
INST 1d7e15f12f8d1964 2016-03-28T23:28:41.700Z {"type":"pageshow","target_tagname":"wizardpage","target_id":"proxy"}
INST 1d7e15f12f8d1964 2016-03-28T23:28:41.700Z {"type":"command","target_tagname":"wizard","target_id":"TorNetworkSettings"}
INST 1d7e15f12f8d1964 2016-03-28T23:28:42.900Z {"type":"click","target_tagname":"radio","target_id":"proxyRadioNo","detail":1}
INST 1d7e15f12f8d1964 2016-03-28T23:28:42.900Z {"type":"command","target_tagname":"radio","target_id":"proxyRadioNo"}
INST 1d7e15f12f8d1964 2016-03-28T23:28:45.800Z {"type":"click","target_tagname":"wizard","target_id":"TorNetworkSettings","detail":1}
INST 1d7e15f12f8d1964 2016-03-28T23:28:45.800Z {"type":"pagehide","target_tagname":"wizardpage","target_id":"proxy"}
INST 1d7e15f12f8d1964 2016-03-28T23:28:45.800Z {"type":"pageadvanced","target_tagname":"wizardpage","target_id":"proxy"}
INST 1d7e15f12f8d1964 2016-03-28T23:28:45.800Z {"type":"wizardfinish","target_tagname":"wizard","target_id":"TorNetworkSettings"}
INST 1d7e15f12f8d1964 2016-03-28T23:28:45.800Z {"type":"load","target_id":"progress_bar"}
INST 1d7e15f12f8d1964 2016-03-28T23:28:52.700Z {"type":"progresschanged","target_tagname":"progressmeter","target_id":"progressMeter","value":"5"}
INST 1d7e15f12f8d1964 2016-03-28T23:28:52.700Z {"type":"progresschanged","target_tagname":"progressmeter","target_id":"progressMeter","value":"10"}
INST 1d7e15f12f8d1964 2016-03-28T23:28:53.800Z {"type":"progresschanged","target_tagname":"progressmeter","target_id":"progressMeter","value":"15"}
INST 1d7e15f12f8d1964 2016-03-28T23:28:54.000Z {"type":"progresschanged","target_tagname":"progressmeter","target_id":"progressMeter","value":"20"}
INST 1d7e15f12f8d1964 2016-03-28T23:28:55.400Z {"type":"progresschanged","target_tagname":"progressmeter","target_id":"progressMeter","value":"25"}
INST 1d7e15f12f8d1964 2016-03-28T23:29:02.400Z {"type":"progresschanged","target_tagname":"progressmeter","target_id":"progressMeter","value":"80"}
INST 1d7e15f12f8d1964 2016-03-28T23:29:02.700Z {"type":"progresschanged","target_tagname":"progressmeter","target_id":"progressMeter","value":"90"}
INST 1d7e15f12f8d1964 2016-03-28T23:29:04.500Z {"type":"progresschanged","target_tagname":"progressmeter","target_id":"progressMeter","value":"100"}
INST 1d7e15f12f8d1964 2016-03-28T23:29:04.700Z {"type":"unload","target_id":"progress_bar"}
INST 1d7e15f12f8d1964 2016-03-28T23:29:04.800Z {"type":"command","target_tagname":"wizard","target_id":"TorNetworkSettings"}
INST 1d7e15f12f8d1964 2016-03-28T23:29:04.800Z {"type":"unload","target_id":"configuration"}
