INST 2cabf7a3ad136402 2016-03-28T23:22:49.600Z {"type":"start"}
INST 2cabf7a3ad136402 2016-03-28T23:22:50.800Z {"type":"select","target_tagname":"menulist","target_id":"proxyType","value":""}
INST 2cabf7a3ad136402 2016-03-28T23:22:50.800Z {"type":"wizardnext","target_tagname":"wizard","target_id":"TorNetworkSettings"}
INST 2cabf7a3ad136402 2016-03-28T23:22:50.800Z {"type":"pageshow","target_tagname":"wizardpage","target_id":"first"}
INST 2cabf7a3ad136402 2016-03-28T23:22:50.800Z {"type":"load","target_id":"configuration"}
INST 2cabf7a3ad136402 2016-03-28T23:22:50.800Z {"type":"select","target_tagname":"menulist","target_id":"defaultBridgeType","value":"obfs3"}
INST 2cabf7a3ad136402 2016-03-28T23:22:52.900Z {"type":"click","target_tagname":"vbox","target_id":"","detail":1}
INST 2cabf7a3ad136402 2016-03-28T23:23:01.700Z {"type":"click","target_tagname":"button","target_id":"configure_button","detail":1}
INST 2cabf7a3ad136402 2016-03-28T23:23:01.700Z {"type":"pagehide","target_tagname":"wizardpage","target_id":"first"}
INST 2cabf7a3ad136402 2016-03-28T23:23:01.700Z {"type":"pageadvanced","target_tagname":"wizardpage","target_id":"first"}
INST 2cabf7a3ad136402 2016-03-28T23:23:01.700Z {"type":"wizardnext","target_tagname":"wizard","target_id":"TorNetworkSettings"}
INST 2cabf7a3ad136402 2016-03-28T23:23:01.700Z {"type":"pageshow","target_tagname":"wizardpage","target_id":"bridges"}
INST 2cabf7a3ad136402 2016-03-28T23:23:01.700Z {"type":"command","target_tagname":"button","target_id":"configure_button"}
INST 2cabf7a3ad136402 2016-03-28T23:23:14.600Z {"type":"click","target_tagname":"wizard","target_id":"TorNetworkSettings","detail":1}
INST 2cabf7a3ad136402 2016-03-28T23:23:14.600Z {"type":"pagehide","target_tagname":"wizardpage","target_id":"bridges"}
INST 2cabf7a3ad136402 2016-03-28T23:23:14.600Z {"type":"pageadvanced","target_tagname":"wizardpage","target_id":"bridges"}
INST 2cabf7a3ad136402 2016-03-28T23:23:14.600Z {"type":"wizardnext","target_tagname":"wizard","target_id":"TorNetworkSettings"}
INST 2cabf7a3ad136402 2016-03-28T23:23:14.600Z {"type":"pageshow","target_tagname":"wizardpage","target_id":"proxy"}
INST 2cabf7a3ad136402 2016-03-28T23:23:14.600Z {"type":"command","target_tagname":"wizard","target_id":"TorNetworkSettings"}
INST 2cabf7a3ad136402 2016-03-28T23:23:40.200Z {"type":"click","target_tagname":"radio","target_id":"proxyRadioNo","detail":1}
INST 2cabf7a3ad136402 2016-03-28T23:23:40.200Z {"type":"command","target_tagname":"radio","target_id":"proxyRadioNo"}
INST 2cabf7a3ad136402 2016-03-28T23:23:40.900Z {"type":"click","target_tagname":"wizard","target_id":"TorNetworkSettings","detail":1}
INST 2cabf7a3ad136402 2016-03-28T23:23:40.900Z {"type":"pagehide","target_tagname":"wizardpage","target_id":"proxy"}
INST 2cabf7a3ad136402 2016-03-28T23:23:40.900Z {"type":"pageadvanced","target_tagname":"wizardpage","target_id":"proxy"}
INST 2cabf7a3ad136402 2016-03-28T23:23:40.900Z {"type":"wizardfinish","target_tagname":"wizard","target_id":"TorNetworkSettings"}
INST 2cabf7a3ad136402 2016-03-28T23:23:41.000Z {"type":"load","target_id":"progress_bar"}
INST 2cabf7a3ad136402 2016-03-28T23:23:41.200Z {"type":"progresschanged","target_tagname":"progressmeter","target_id":"progressMeter","value":"5"}
INST 2cabf7a3ad136402 2016-03-28T23:23:41.300Z {"type":"progresschanged","target_tagname":"progressmeter","target_id":"progressMeter","value":"10"}
INST 2cabf7a3ad136402 2016-03-28T23:23:41.500Z {"type":"progresschanged","target_tagname":"progressmeter","target_id":"progressMeter","value":"15"}
INST 2cabf7a3ad136402 2016-03-28T23:23:41.600Z {"type":"progresschanged","target_tagname":"progressmeter","target_id":"progressMeter","value":"20"}
INST 2cabf7a3ad136402 2016-03-28T23:23:41.700Z {"type":"progresschanged","target_tagname":"progressmeter","target_id":"progressMeter","value":"25"}
INST 2cabf7a3ad136402 2016-03-28T23:23:43.800Z {"type":"progresschanged","target_tagname":"progressmeter","target_id":"progressMeter","value":"40"}
INST 2cabf7a3ad136402 2016-03-28T23:23:44.600Z {"type":"progresschanged","target_tagname":"progressmeter","target_id":"progressMeter","value":"45"}
INST 2cabf7a3ad136402 2016-03-28T23:23:45.500Z {"type":"progresschanged","target_tagname":"progressmeter","target_id":"progressMeter","value":"50"}
INST 2cabf7a3ad136402 2016-03-28T23:23:47.000Z {"type":"progresschanged","target_tagname":"progressmeter","target_id":"progressMeter","value":"50"}
INST 2cabf7a3ad136402 2016-03-28T23:23:47.100Z {"type":"progresschanged","target_tagname":"progressmeter","target_id":"progressMeter","value":"50"}
INST 2cabf7a3ad136402 2016-03-28T23:23:47.200Z {"type":"progresschanged","target_tagname":"progressmeter","target_id":"progressMeter","value":"55"}
INST 2cabf7a3ad136402 2016-03-28T23:23:47.300Z {"type":"progresschanged","target_tagname":"progressmeter","target_id":"progressMeter","value":"55"}
INST 2cabf7a3ad136402 2016-03-28T23:23:47.400Z {"type":"progresschanged","target_tagname":"progressmeter","target_id":"progressMeter","value":"60"}
INST 2cabf7a3ad136402 2016-03-28T23:23:47.700Z {"type":"progresschanged","target_tagname":"progressmeter","target_id":"progressMeter","value":"64"}
INST 2cabf7a3ad136402 2016-03-28T23:23:47.800Z {"type":"progresschanged","target_tagname":"progressmeter","target_id":"progressMeter","value":"69"}
INST 2cabf7a3ad136402 2016-03-28T23:23:48.000Z {"type":"progresschanged","target_tagname":"progressmeter","target_id":"progressMeter","value":"76"}
INST 2cabf7a3ad136402 2016-03-28T23:23:49.200Z {"type":"progresschanged","target_tagname":"progressmeter","target_id":"progressMeter","value":"80"}
INST 2cabf7a3ad136402 2016-03-28T23:23:49.200Z {"type":"progresschanged","target_tagname":"progressmeter","target_id":"progressMeter","value":"90"}
INST 2cabf7a3ad136402 2016-03-28T23:23:50.000Z {"type":"progresschanged","target_tagname":"progressmeter","target_id":"progressMeter","value":"100"}
INST 2cabf7a3ad136402 2016-03-28T23:23:50.300Z {"type":"unload","target_id":"progress_bar"}
INST 2cabf7a3ad136402 2016-03-28T23:23:50.300Z {"type":"command","target_tagname":"wizard","target_id":"TorNetworkSettings"}
INST 2cabf7a3ad136402 2016-03-28T23:23:50.300Z {"type":"unload","target_id":"configuration"}
