INST 268c4c9bf2a4e6e4 2016-03-28T23:25:33.300Z {"type":"start"}
INST 268c4c9bf2a4e6e4 2016-03-28T23:25:34.300Z {"type":"select","target_tagname":"menulist","target_id":"proxyType","value":""}
INST 268c4c9bf2a4e6e4 2016-03-28T23:25:34.300Z {"type":"wizardnext","target_tagname":"wizard","target_id":"TorNetworkSettings"}
INST 268c4c9bf2a4e6e4 2016-03-28T23:25:34.300Z {"type":"pageshow","target_tagname":"wizardpage","target_id":"first"}
INST 268c4c9bf2a4e6e4 2016-03-28T23:25:34.300Z {"type":"load","target_id":"configuration"}
INST 268c4c9bf2a4e6e4 2016-03-28T23:25:34.300Z {"type":"select","target_tagname":"menulist","target_id":"defaultBridgeType","value":"obfs3"}
INST 268c4c9bf2a4e6e4 2016-03-28T23:25:39.300Z {"type":"click","target_tagname":"button","target_id":"connect_button","detail":1}
INST 268c4c9bf2a4e6e4 2016-03-28T23:25:39.300Z {"type":"pagehide","target_tagname":"wizardpage","target_id":"first"}
INST 268c4c9bf2a4e6e4 2016-03-28T23:25:39.300Z {"type":"pageadvanced","target_tagname":"wizardpage","target_id":"first"}
INST 268c4c9bf2a4e6e4 2016-03-28T23:25:39.300Z {"type":"wizardnext","target_tagname":"wizard","target_id":"TorNetworkSettings"}
INST 268c4c9bf2a4e6e4 2016-03-28T23:25:39.300Z {"type":"pageshow","target_tagname":"wizardpage","target_id":"inlineprogress"}
INST 268c4c9bf2a4e6e4 2016-03-28T23:25:39.300Z {"type":"command","target_tagname":"button","target_id":"connect_button"}
INST 268c4c9bf2a4e6e4 2016-03-28T23:25:39.800Z {"type":"progresschanged","target_tagname":"progressmeter","target_id":"progressMeter","value":5}
INST 268c4c9bf2a4e6e4 2016-03-28T23:25:39.800Z {"type":"good","target_tagname":"image","target_id":"progressbar","configurationSettings":"nobridge-noproxy","number":1}
INST 268c4c9bf2a4e6e4 2016-03-28T23:25:39.800Z {"type":"progresschanged","target_tagname":"progressmeter","target_id":"progressMeter","value":5}
INST 268c4c9bf2a4e6e4 2016-03-28T23:25:39.800Z {"type":"good","target_tagname":"image","target_id":"progressbar","configurationSettings":"nobridge-noproxy","number":1}
INST 268c4c9bf2a4e6e4 2016-03-28T23:25:39.800Z {"type":"progresschanged","target_tagname":"progressmeter","target_id":"progressMeter","value":5}
INST 268c4c9bf2a4e6e4 2016-03-28T23:25:39.800Z {"type":"good","target_tagname":"image","target_id":"progressbar","configurationSettings":"nobridge-noproxy","number":1}
INST 268c4c9bf2a4e6e4 2016-03-28T23:25:45.300Z {"type":"click","target_tagname":"image","target_id":"progressbar","detail":1}
INST 268c4c9bf2a4e6e4 2016-03-28T23:26:00.700Z {"type":"click","target_tagname":"vbox","target_id":"","detail":1}
INST 268c4c9bf2a4e6e4 2016-03-28T23:26:40.800Z {"type":"progresschanged","target_tagname":"progressmeter","target_id":"progressMeter","value":5}
INST 268c4c9bf2a4e6e4 2016-03-28T23:26:40.800Z {"type":"good","target_tagname":"image","target_id":"progressbar","configurationSettings":"nobridge-noproxy","number":1}
INST 268c4c9bf2a4e6e4 2016-03-28T23:27:04.400Z {"type":"wizardcancel","target_tagname":"wizard","target_id":"TorNetworkSettings"}
INST 268c4c9bf2a4e6e4 2016-03-28T23:27:04.400Z {"type":"unload","target_id":"configuration"}
INST 7754aff83fad6ab8 2016-03-28T23:27:05.400Z {"type":"start"}
INST 7754aff83fad6ab8 2016-03-28T23:27:06.100Z {"type":"select","target_tagname":"menulist","target_id":"proxyType","value":""}
INST 7754aff83fad6ab8 2016-03-28T23:27:06.100Z {"type":"wizardnext","target_tagname":"wizard","target_id":"TorNetworkSettings"}
INST 7754aff83fad6ab8 2016-03-28T23:27:06.100Z {"type":"pageshow","target_tagname":"wizardpage","target_id":"first"}
INST 7754aff83fad6ab8 2016-03-28T23:27:06.100Z {"type":"load","target_id":"configuration"}
INST 7754aff83fad6ab8 2016-03-28T23:27:06.100Z {"type":"select","target_tagname":"menulist","target_id":"defaultBridgeType","value":"obfs3"}
INST 7754aff83fad6ab8 2016-03-28T23:27:07.000Z {"type":"click","target_tagname":"vbox","target_id":"","detail":1}
INST 7754aff83fad6ab8 2016-03-28T23:27:12.900Z {"type":"click","target_tagname":"label","target_id":"","detail":1}
INST 7754aff83fad6ab8 2016-03-28T23:27:13.900Z {"type":"click","target_tagname":"vbox","target_id":"","detail":1}
INST 7754aff83fad6ab8 2016-03-28T23:27:14.200Z {"type":"click","target_tagname":"button","target_id":"configure_button","detail":1}
INST 7754aff83fad6ab8 2016-03-28T23:27:14.200Z {"type":"pagehide","target_tagname":"wizardpage","target_id":"first"}
INST 7754aff83fad6ab8 2016-03-28T23:27:14.200Z {"type":"pageadvanced","target_tagname":"wizardpage","target_id":"first"}
INST 7754aff83fad6ab8 2016-03-28T23:27:14.200Z {"type":"wizardnext","target_tagname":"wizard","target_id":"TorNetworkSettings"}
INST 7754aff83fad6ab8 2016-03-28T23:27:14.200Z {"type":"pageshow","target_tagname":"wizardpage","target_id":"proxy"}
INST 7754aff83fad6ab8 2016-03-28T23:27:14.200Z {"type":"command","target_tagname":"button","target_id":"configure_button"}
INST 7754aff83fad6ab8 2016-03-28T23:27:16.100Z {"type":"click","target_tagname":"wizard","target_id":"TorNetworkSettings","detail":1}
INST 7754aff83fad6ab8 2016-03-28T23:27:16.100Z {"type":"pagehide","target_tagname":"wizardpage","target_id":"proxy"}
INST 7754aff83fad6ab8 2016-03-28T23:27:16.100Z {"type":"pagerewound","target_tagname":"wizardpage","target_id":"proxy"}
INST 7754aff83fad6ab8 2016-03-28T23:27:16.100Z {"type":"wizardback","target_tagname":"wizard","target_id":"TorNetworkSettings"}
INST 7754aff83fad6ab8 2016-03-28T23:27:16.100Z {"type":"pageshow","target_tagname":"wizardpage","target_id":"first"}
INST 7754aff83fad6ab8 2016-03-28T23:27:16.100Z {"type":"command","target_tagname":"wizard","target_id":"TorNetworkSettings"}
INST 7754aff83fad6ab8 2016-03-28T23:27:16.900Z {"type":"click","target_tagname":"button","target_id":"connect_button","detail":1}
INST 7754aff83fad6ab8 2016-03-28T23:27:16.900Z {"type":"pagehide","target_tagname":"wizardpage","target_id":"first"}
INST 7754aff83fad6ab8 2016-03-28T23:27:16.900Z {"type":"pageadvanced","target_tagname":"wizardpage","target_id":"first"}
INST 7754aff83fad6ab8 2016-03-28T23:27:16.900Z {"type":"wizardnext","target_tagname":"wizard","target_id":"TorNetworkSettings"}
INST 7754aff83fad6ab8 2016-03-28T23:27:16.900Z {"type":"pageshow","target_tagname":"wizardpage","target_id":"inlineprogress"}
INST 7754aff83fad6ab8 2016-03-28T23:27:16.900Z {"type":"command","target_tagname":"button","target_id":"connect_button"}
INST 7754aff83fad6ab8 2016-03-28T23:27:16.900Z {"type":"progresschanged","target_tagname":"progressmeter","target_id":"progressMeter","value":5}
INST 7754aff83fad6ab8 2016-03-28T23:27:16.900Z {"type":"good","target_tagname":"image","target_id":"progressbar","configurationSettings":"nobridge-noproxy","number":1}
INST 7754aff83fad6ab8 2016-03-28T23:27:16.900Z {"type":"progresschanged","target_tagname":"progressmeter","target_id":"progressMeter","value":5}
INST 7754aff83fad6ab8 2016-03-28T23:27:16.900Z {"type":"good","target_tagname":"image","target_id":"progressbar","configurationSettings":"nobridge-noproxy","number":1}
INST 7754aff83fad6ab8 2016-03-28T23:27:16.900Z {"type":"progresschanged","target_tagname":"progressmeter","target_id":"progressMeter","value":5}
INST 7754aff83fad6ab8 2016-03-28T23:27:16.900Z {"type":"good","target_tagname":"image","target_id":"progressbar","configurationSettings":"nobridge-noproxy","number":1}
INST 7754aff83fad6ab8 2016-03-28T23:28:09.100Z {"type":"click","target_tagname":"vbox","target_id":"","detail":1}
INST 7754aff83fad6ab8 2016-03-28T23:28:17.900Z {"type":"progresschanged","target_tagname":"progressmeter","target_id":"progressMeter","value":5}
INST 7754aff83fad6ab8 2016-03-28T23:28:17.900Z {"type":"good","target_tagname":"image","target_id":"progressbar","configurationSettings":"nobridge-noproxy","number":1}
INST 7754aff83fad6ab8 2016-03-28T23:29:49.500Z {"type":"click","target_tagname":"wizardpage","target_id":"inlineprogress","detail":1}
INST 7754aff83fad6ab8 2016-03-28T23:29:50.000Z {"type":"click","target_tagname":"vbox","target_id":"","detail":1}
INST 7754aff83fad6ab8 2016-03-28T23:29:50.100Z {"type":"click","target_tagname":"vbox","target_id":"","detail":2}
INST 7754aff83fad6ab8 2016-03-28T23:29:50.300Z {"type":"click","target_tagname":"vbox","target_id":"","detail":3}
INST 7754aff83fad6ab8 2016-03-28T23:29:50.500Z {"type":"click","target_tagname":"vbox","target_id":"","detail":2}
INST 7754aff83fad6ab8 2016-03-28T23:30:13.700Z {"type":"click","target_tagname":"wizardpage","target_id":"inlineprogress","detail":1}
INST 7754aff83fad6ab8 2016-03-28T23:30:18.200Z {"type":"click","target_tagname":"image","target_id":"progressbar","detail":1}
INST 7754aff83fad6ab8 2016-03-28T23:30:30.000Z {"type":"click","target_tagname":"wizardpage","target_id":"inlineprogress","detail":1}
INST 7754aff83fad6ab8 2016-03-28T23:30:39.400Z {"type":"click","target_tagname":"wizardpage","target_id":"inlineprogress","detail":1}
INST 7754aff83fad6ab8 2016-03-28T23:30:45.500Z {"type":"click","target_tagname":"hbox","target_id":"","detail":1}
INST 7754aff83fad6ab8 2016-03-28T23:30:57.700Z {"type":"click","target_tagname":"vbox","target_id":"","detail":1}
INST 7754aff83fad6ab8 2016-03-28T23:30:58.200Z {"type":"click","target_tagname":"label","target_id":"progressBridge","detail":1}
INST 7754aff83fad6ab8 2016-03-28T23:30:58.400Z {"type":"click","target_tagname":"label","target_id":"progressBridge","detail":2}
INST 7754aff83fad6ab8 2016-03-28T23:30:58.600Z {"type":"click","target_tagname":"label","target_id":"progressBridge","detail":3}
INST 7754aff83fad6ab8 2016-03-28T23:30:59.600Z {"type":"click","target_tagname":"wizard","target_id":"TorNetworkSettings","detail":1}
INST 7754aff83fad6ab8 2016-03-28T23:30:59.600Z {"type":"wizardcancel","target_tagname":"wizard","target_id":"TorNetworkSettings"}
INST 7754aff83fad6ab8 2016-03-28T23:30:59.600Z {"type":"command","target_tagname":"wizard","target_id":"TorNetworkSettings"}
INST 7754aff83fad6ab8 2016-03-28T23:30:59.600Z {"type":"unload","target_id":"configuration"}
INST ab931918b2f91ce7 2016-03-28T23:31:01.500Z {"type":"start"}
INST ab931918b2f91ce7 2016-03-28T23:31:01.600Z {"type":"select","target_tagname":"menulist","target_id":"proxyType","value":""}
INST ab931918b2f91ce7 2016-03-28T23:31:01.600Z {"type":"wizardnext","target_tagname":"wizard","target_id":"TorNetworkSettings"}
INST ab931918b2f91ce7 2016-03-28T23:31:01.600Z {"type":"pageshow","target_tagname":"wizardpage","target_id":"first"}
INST ab931918b2f91ce7 2016-03-28T23:31:02.200Z {"type":"load","target_id":"configuration"}
INST ab931918b2f91ce7 2016-03-28T23:31:02.200Z {"type":"select","target_tagname":"menulist","target_id":"defaultBridgeType","value":"obfs3"}
INST ab931918b2f91ce7 2016-03-28T23:31:03.200Z {"type":"click","target_tagname":"button","target_id":"configure_button","detail":1}
INST ab931918b2f91ce7 2016-03-28T23:31:03.200Z {"type":"pagehide","target_tagname":"wizardpage","target_id":"first"}
INST ab931918b2f91ce7 2016-03-28T23:31:03.200Z {"type":"pageadvanced","target_tagname":"wizardpage","target_id":"first"}
INST ab931918b2f91ce7 2016-03-28T23:31:03.200Z {"type":"wizardnext","target_tagname":"wizard","target_id":"TorNetworkSettings"}
INST ab931918b2f91ce7 2016-03-28T23:31:03.200Z {"type":"pageshow","target_tagname":"wizardpage","target_id":"proxy"}
INST ab931918b2f91ce7 2016-03-28T23:31:03.200Z {"type":"command","target_tagname":"button","target_id":"configure_button"}
INST ab931918b2f91ce7 2016-03-28T23:31:05.500Z {"type":"click","target_tagname":"radio","target_id":"proxyRadioWithout","detail":1}
INST ab931918b2f91ce7 2016-03-28T23:31:05.500Z {"type":"command","target_tagname":"radio","target_id":"proxyRadioWithout"}
INST ab931918b2f91ce7 2016-03-28T23:31:06.500Z {"type":"click","target_tagname":"wizard","target_id":"TorNetworkSettings","detail":1}
INST ab931918b2f91ce7 2016-03-28T23:31:06.500Z {"type":"pagehide","target_tagname":"wizardpage","target_id":"proxy"}
INST ab931918b2f91ce7 2016-03-28T23:31:06.500Z {"type":"pageadvanced","target_tagname":"wizardpage","target_id":"proxy"}
INST ab931918b2f91ce7 2016-03-28T23:31:06.500Z {"type":"wizardnext","target_tagname":"wizard","target_id":"TorNetworkSettings"}
INST ab931918b2f91ce7 2016-03-28T23:31:06.500Z {"type":"pageshow","target_tagname":"wizardpage","target_id":"bridges"}
INST ab931918b2f91ce7 2016-03-28T23:31:06.500Z {"type":"command","target_tagname":"wizard","target_id":"TorNetworkSettings"}
INST ab931918b2f91ce7 2016-03-28T23:31:08.100Z {"type":"click","target_tagname":"wizard","target_id":"TorNetworkSettings","detail":1}
INST ab931918b2f91ce7 2016-03-28T23:31:08.100Z {"type":"pagehide","target_tagname":"wizardpage","target_id":"bridges"}
INST ab931918b2f91ce7 2016-03-28T23:31:08.100Z {"type":"pageadvanced","target_tagname":"wizardpage","target_id":"bridges"}
INST ab931918b2f91ce7 2016-03-28T23:31:08.100Z {"type":"wizardnext","target_tagname":"wizard","target_id":"TorNetworkSettings"}
INST ab931918b2f91ce7 2016-03-28T23:31:08.100Z {"type":"pageshow","target_tagname":"wizardpage","target_id":"summary"}
INST ab931918b2f91ce7 2016-03-28T23:31:08.100Z {"type":"command","target_tagname":"wizard","target_id":"TorNetworkSettings"}
INST ab931918b2f91ce7 2016-03-28T23:31:10.200Z {"type":"pagehide","target_tagname":"wizardpage","target_id":"summary"}
INST ab931918b2f91ce7 2016-03-28T23:31:10.200Z {"type":"pageadvanced","target_tagname":"wizardpage","target_id":"summary"}
INST ab931918b2f91ce7 2016-03-28T23:31:10.200Z {"type":"wizardnext","target_tagname":"wizard","target_id":"TorNetworkSettings"}
INST ab931918b2f91ce7 2016-03-28T23:31:10.200Z {"type":"pageshow","target_tagname":"wizardpage","target_id":"inlineprogress"}
INST ab931918b2f91ce7 2016-03-28T23:31:10.200Z {"type":"click","target_tagname":"wizard","target_id":"TorNetworkSettings","detail":1}
INST ab931918b2f91ce7 2016-03-28T23:31:11.000Z {"type":"progresschanged","target_tagname":"progressmeter","target_id":"progressMeter","value":5}
INST ab931918b2f91ce7 2016-03-28T23:31:11.000Z {"type":"good","target_tagname":"image","target_id":"progressbar","configurationSettings":"nobridge-noproxy","number":1}
INST ab931918b2f91ce7 2016-03-28T23:31:11.000Z {"type":"progresschanged","target_tagname":"progressmeter","target_id":"progressMeter","value":5}
INST ab931918b2f91ce7 2016-03-28T23:31:11.000Z {"type":"good","target_tagname":"image","target_id":"progressbar","configurationSettings":"nobridge-noproxy","number":1}
INST ab931918b2f91ce7 2016-03-28T23:31:11.000Z {"type":"progresschanged","target_tagname":"progressmeter","target_id":"progressMeter","value":5}
INST ab931918b2f91ce7 2016-03-28T23:31:11.000Z {"type":"good","target_tagname":"image","target_id":"progressbar","configurationSettings":"nobridge-noproxy","number":1}
INST ab931918b2f91ce7 2016-03-28T23:31:14.100Z {"type":"click","target_tagname":"wizard","target_id":"TorNetworkSettings","detail":1}
INST ab931918b2f91ce7 2016-03-28T23:31:14.100Z {"type":"wizardcancel","target_tagname":"wizard","target_id":"TorNetworkSettings"}
INST ab931918b2f91ce7 2016-03-28T23:31:14.100Z {"type":"command","target_tagname":"wizard","target_id":"TorNetworkSettings"}
INST ab931918b2f91ce7 2016-03-28T23:31:14.100Z {"type":"unload","target_id":"configuration"}
INST 1cd99572ec7a620b 2016-03-28T23:31:16.300Z {"type":"start"}
INST 1cd99572ec7a620b 2016-03-28T23:31:17.000Z {"type":"select","target_tagname":"menulist","target_id":"proxyType","value":""}
INST 1cd99572ec7a620b 2016-03-28T23:31:17.000Z {"type":"wizardnext","target_tagname":"wizard","target_id":"TorNetworkSettings"}
INST 1cd99572ec7a620b 2016-03-28T23:31:17.000Z {"type":"pageshow","target_tagname":"wizardpage","target_id":"first"}
INST 1cd99572ec7a620b 2016-03-28T23:31:17.000Z {"type":"load","target_id":"configuration"}
INST 1cd99572ec7a620b 2016-03-28T23:31:17.000Z {"type":"select","target_tagname":"menulist","target_id":"defaultBridgeType","value":"obfs3"}
INST 1cd99572ec7a620b 2016-03-28T23:31:21.500Z {"type":"click","target_tagname":"button","target_id":"configure_button","detail":1}
INST 1cd99572ec7a620b 2016-03-28T23:31:21.500Z {"type":"pagehide","target_tagname":"wizardpage","target_id":"first"}
INST 1cd99572ec7a620b 2016-03-28T23:31:21.500Z {"type":"pageadvanced","target_tagname":"wizardpage","target_id":"first"}
INST 1cd99572ec7a620b 2016-03-28T23:31:21.500Z {"type":"wizardnext","target_tagname":"wizard","target_id":"TorNetworkSettings"}
INST 1cd99572ec7a620b 2016-03-28T23:31:21.500Z {"type":"pageshow","target_tagname":"wizardpage","target_id":"proxy"}
INST 1cd99572ec7a620b 2016-03-28T23:31:21.500Z {"type":"command","target_tagname":"button","target_id":"configure_button"}
INST 1cd99572ec7a620b 2016-03-28T23:31:22.400Z {"type":"click","target_tagname":"radiogroup","target_id":"proxyRadioGroup","detail":1}
INST 1cd99572ec7a620b 2016-03-28T23:31:22.600Z {"type":"click","target_tagname":"radio","target_id":"proxyRadioWith","detail":1}
INST 1cd99572ec7a620b 2016-03-28T23:31:22.600Z {"type":"command","target_tagname":"radio","target_id":"proxyRadioWith"}
INST 1cd99572ec7a620b 2016-03-28T23:31:23.400Z {"type":"popupshown","target_tagname":"menupopup","target_id":"proxyType_menuPopup"}
INST 1cd99572ec7a620b 2016-03-28T23:31:23.500Z {"type":"click","target_tagname":"menulist","target_id":"proxyType","value":"","detail":1}
INST 1cd99572ec7a620b 2016-03-28T23:31:24.100Z {"type":"mouseover","target_tagname":"menuitem","target_id":"","value":""}
INST 1cd99572ec7a620b 2016-03-28T23:31:24.200Z {"type":"mouseout","target_tagname":"menuitem","target_id":"","value":""}
INST 1cd99572ec7a620b 2016-03-28T23:31:24.200Z {"type":"mouseover","target_tagname":"menuitem","target_id":"","value":"SOCKS4"}
INST 1cd99572ec7a620b 2016-03-28T23:31:24.600Z {"type":"mouseout","target_tagname":"menuitem","target_id":"","value":"SOCKS4"}
INST 1cd99572ec7a620b 2016-03-28T23:31:24.600Z {"type":"mouseover","target_tagname":"menuitem","target_id":"","value":"SOCKS5"}
INST 1cd99572ec7a620b 2016-03-28T23:31:24.700Z {"type":"mouseout","target_tagname":"menuitem","target_id":"","value":"SOCKS5"}
INST 1cd99572ec7a620b 2016-03-28T23:31:24.700Z {"type":"mouseover","target_tagname":"menuitem","target_id":"","value":"HTTP"}
INST 1cd99572ec7a620b 2016-03-28T23:31:24.900Z {"type":"click","target_tagname":"menuitem","target_id":"","value":"HTTP","detail":1}
INST 1cd99572ec7a620b 2016-03-28T23:31:24.900Z {"type":"select","target_tagname":"menulist","target_id":"proxyType","value":"HTTP"}
INST 1cd99572ec7a620b 2016-03-28T23:31:24.900Z {"type":"command","target_tagname":"menuitem","target_id":"","value":"HTTP"}
INST 1cd99572ec7a620b 2016-03-28T23:31:24.900Z {"type":"popuphidden","target_tagname":"menupopup","target_id":"proxyType_menuPopup"}
INST 1cd99572ec7a620b 2016-03-28T23:31:24.900Z {"type":"mouseout","target_tagname":"menuitem","target_id":"","value":"HTTP"}
INST 1cd99572ec7a620b 2016-03-28T23:31:25.000Z {"type":"click","target_tagname":"menuitem","target_id":"","value":"HTTP","detail":1}
INST 1cd99572ec7a620b 2016-03-28T23:31:25.000Z {"type":"command","target_tagname":"menuitem","target_id":"","value":"HTTP"}
INST 1cd99572ec7a620b 2016-03-28T23:31:25.500Z {"type":"select","target_tagname":"textbox","target_id":"proxyUsername"}
INST 1cd99572ec7a620b 2016-03-28T23:31:25.500Z {"type":"click","target_tagname":"textbox","target_id":"proxyUsername","detail":1}
INST 1cd99572ec7a620b 2016-03-28T23:31:25.900Z {"type":"select","target_tagname":"textbox","target_id":"proxyAddr"}
INST 1cd99572ec7a620b 2016-03-28T23:31:26.000Z {"type":"click","target_tagname":"textbox","target_id":"proxyAddr","detail":1}
INST 1cd99572ec7a620b 2016-03-28T23:31:26.600Z {"type":"click","target_tagname":"textbox","target_id":"proxyAddr","detail":1}
INST 1cd99572ec7a620b 2016-03-28T23:31:26.700Z {"type":"click","target_tagname":"textbox","target_id":"proxyAddr","detail":2}
INST 1cd99572ec7a620b 2016-03-28T23:31:27.500Z {"type":"select","target_tagname":"textbox","target_id":"proxyPort"}
INST 1cd99572ec7a620b 2016-03-28T23:31:27.600Z {"type":"click","target_tagname":"textbox","target_id":"proxyPort","detail":1}
INST 1cd99572ec7a620b 2016-03-28T23:31:28.700Z {"type":"click","target_tagname":"wizard","target_id":"TorNetworkSettings","detail":1}
INST 1cd99572ec7a620b 2016-03-28T23:31:29.000Z {"type":"click","target_tagname":"wizard","target_id":"TorNetworkSettings","detail":1}
INST 1cd99572ec7a620b 2016-03-28T23:31:29.000Z {"type":"pagehide","target_tagname":"wizardpage","target_id":"proxy"}
INST 1cd99572ec7a620b 2016-03-28T23:31:29.000Z {"type":"pageadvanced","target_tagname":"wizardpage","target_id":"proxy"}
INST 1cd99572ec7a620b 2016-03-28T23:31:29.000Z {"type":"alert_show","target_id":"failed_to_save_settings","value":"Unable to save Tor settings.\n\nYou must specify both an IP address or hostname and a port number to configure Tor to use a proxy to access the Internet."}
INST 1cd99572ec7a620b 2016-03-28T23:31:29.900Z {"type":"alert_exit","target_id":"failed_to_save_settings","value":"Unable to save Tor settings.\n\nYou must specify both an IP address or hostname and a port number to configure Tor to use a proxy to access the Internet."}
INST 1cd99572ec7a620b 2016-03-28T23:31:29.900Z {"type":"command","target_tagname":"wizard","target_id":"TorNetworkSettings"}
INST 1cd99572ec7a620b 2016-03-28T23:31:30.400Z {"type":"click","target_tagname":"radio","target_id":"proxyRadioWith","detail":1}
INST 1cd99572ec7a620b 2016-03-28T23:31:30.400Z {"type":"command","target_tagname":"radio","target_id":"proxyRadioWith"}
INST 1cd99572ec7a620b 2016-03-28T23:31:30.800Z {"type":"click","target_tagname":"radio","target_id":"proxyRadioWithout","detail":1}
INST 1cd99572ec7a620b 2016-03-28T23:31:30.800Z {"type":"command","target_tagname":"radio","target_id":"proxyRadioWithout"}
INST 1cd99572ec7a620b 2016-03-28T23:31:31.500Z {"type":"click","target_tagname":"wizard","target_id":"TorNetworkSettings","detail":1}
INST 1cd99572ec7a620b 2016-03-28T23:31:31.500Z {"type":"pagehide","target_tagname":"wizardpage","target_id":"proxy"}
INST 1cd99572ec7a620b 2016-03-28T23:31:31.500Z {"type":"pageadvanced","target_tagname":"wizardpage","target_id":"proxy"}
INST 1cd99572ec7a620b 2016-03-28T23:31:31.500Z {"type":"wizardnext","target_tagname":"wizard","target_id":"TorNetworkSettings"}
INST 1cd99572ec7a620b 2016-03-28T23:31:31.500Z {"type":"pageshow","target_tagname":"wizardpage","target_id":"bridges"}
INST 1cd99572ec7a620b 2016-03-28T23:31:31.500Z {"type":"command","target_tagname":"wizard","target_id":"TorNetworkSettings"}
INST 1cd99572ec7a620b 2016-03-28T23:31:32.500Z {"type":"click","target_tagname":"hbox","target_id":"bridgeDefaultEntry","detail":1}
INST 1cd99572ec7a620b 2016-03-28T23:31:32.800Z {"type":"click","target_tagname":"radio","target_id":"bridgeRadioDefault","detail":1}
INST 1cd99572ec7a620b 2016-03-28T23:31:32.800Z {"type":"command","target_tagname":"radio","target_id":"bridgeRadioDefault"}
INST 1cd99572ec7a620b 2016-03-28T23:31:33.500Z {"type":"popupshown","target_tagname":"menupopup","target_id":"defaultBridgeType_menuPopup"}
INST 1cd99572ec7a620b 2016-03-28T23:31:33.600Z {"type":"click","target_tagname":"menulist","target_id":"defaultBridgeType","value":"obfs3","detail":1}
INST 1cd99572ec7a620b 2016-03-28T23:31:34.200Z {"type":"popuphidden","target_tagname":"menupopup","target_id":"defaultBridgeType_menuPopup"}
INST 1cd99572ec7a620b 2016-03-28T23:31:35.000Z {"type":"click","target_tagname":"wizard","target_id":"TorNetworkSettings","detail":1}
INST 1cd99572ec7a620b 2016-03-28T23:31:35.000Z {"type":"pagehide","target_tagname":"wizardpage","target_id":"bridges"}
INST 1cd99572ec7a620b 2016-03-28T23:31:35.000Z {"type":"pageadvanced","target_tagname":"wizardpage","target_id":"bridges"}
INST 1cd99572ec7a620b 2016-03-28T23:31:35.000Z {"type":"wizardnext","target_tagname":"wizard","target_id":"TorNetworkSettings"}
INST 1cd99572ec7a620b 2016-03-28T23:31:35.000Z {"type":"pageshow","target_tagname":"wizardpage","target_id":"summary"}
INST 1cd99572ec7a620b 2016-03-28T23:31:35.000Z {"type":"command","target_tagname":"wizard","target_id":"TorNetworkSettings"}
INST 1cd99572ec7a620b 2016-03-28T23:31:36.900Z {"type":"pagehide","target_tagname":"wizardpage","target_id":"summary"}
INST 1cd99572ec7a620b 2016-03-28T23:31:36.900Z {"type":"pageadvanced","target_tagname":"wizardpage","target_id":"summary"}
INST 1cd99572ec7a620b 2016-03-28T23:31:37.000Z {"type":"wizardnext","target_tagname":"wizard","target_id":"TorNetworkSettings"}
INST 1cd99572ec7a620b 2016-03-28T23:31:37.000Z {"type":"pageshow","target_tagname":"wizardpage","target_id":"inlineprogress"}
INST 1cd99572ec7a620b 2016-03-28T23:31:37.000Z {"type":"click","target_tagname":"wizard","target_id":"TorNetworkSettings","detail":1}
INST 1cd99572ec7a620b 2016-03-28T23:31:43.900Z {"type":"progresschanged","target_tagname":"progressmeter","target_id":"progressMeter","value":5}
INST 1cd99572ec7a620b 2016-03-28T23:31:43.900Z {"type":"good","target_tagname":"image","target_id":"progressbar","configurationSettings":"bridge-noproxy","number":1}
INST 1cd99572ec7a620b 2016-03-28T23:31:43.900Z {"type":"progresschanged","target_tagname":"progressmeter","target_id":"progressMeter","value":10}
INST 1cd99572ec7a620b 2016-03-28T23:31:43.900Z {"type":"good","target_tagname":"image","target_id":"progressbar","configurationSettings":"bridge-noproxy","number":1}
INST 1cd99572ec7a620b 2016-03-28T23:31:45.000Z {"type":"progresschanged","target_tagname":"progressmeter","target_id":"progressMeter","value":15}
INST 1cd99572ec7a620b 2016-03-28T23:31:45.000Z {"type":"good","target_tagname":"image","target_id":"progressbar","configurationSettings":"bridge-noproxy","number":1}
INST 1cd99572ec7a620b 2016-03-28T23:31:45.200Z {"type":"progresschanged","target_tagname":"progressmeter","target_id":"progressMeter","value":20}
INST 1cd99572ec7a620b 2016-03-28T23:31:45.200Z {"type":"good","target_tagname":"image","target_id":"progressbar","configurationSettings":"bridge-noproxy","number":1}
INST 1cd99572ec7a620b 2016-03-28T23:31:45.800Z {"type":"progresschanged","target_tagname":"progressmeter","target_id":"progressMeter","value":25}
INST 1cd99572ec7a620b 2016-03-28T23:31:45.800Z {"type":"good","target_tagname":"image","target_id":"progressbar","configurationSettings":"bridge-noproxy","number":2}
INST 1cd99572ec7a620b 2016-03-28T23:31:47.500Z {"type":"progresschanged","target_tagname":"progressmeter","target_id":"progressMeter","value":40}
INST 1cd99572ec7a620b 2016-03-28T23:31:47.500Z {"type":"good","target_tagname":"image","target_id":"progressbar","configurationSettings":"bridge-noproxy","number":2}
INST 1cd99572ec7a620b 2016-03-28T23:31:47.900Z {"type":"progresschanged","target_tagname":"progressmeter","target_id":"progressMeter","value":45}
INST 1cd99572ec7a620b 2016-03-28T23:31:47.900Z {"type":"good","target_tagname":"image","target_id":"progressbar","configurationSettings":"bridge-noproxy","number":2}
INST 1cd99572ec7a620b 2016-03-28T23:31:48.200Z {"type":"progresschanged","target_tagname":"progressmeter","target_id":"progressMeter","value":50}
INST 1cd99572ec7a620b 2016-03-28T23:31:48.200Z {"type":"good","target_tagname":"image","target_id":"progressbar","configurationSettings":"bridge-noproxy","number":2}
INST 1cd99572ec7a620b 2016-03-28T23:31:48.600Z {"type":"progresschanged","target_tagname":"progressmeter","target_id":"progressMeter","value":51}
INST 1cd99572ec7a620b 2016-03-28T23:31:48.600Z {"type":"good","target_tagname":"image","target_id":"progressbar","configurationSettings":"bridge-noproxy","number":2}
INST 1cd99572ec7a620b 2016-03-28T23:31:49.100Z {"type":"progresschanged","target_tagname":"progressmeter","target_id":"progressMeter","value":53}
INST 1cd99572ec7a620b 2016-03-28T23:31:49.100Z {"type":"good","target_tagname":"image","target_id":"progressbar","configurationSettings":"bridge-noproxy","number":2}
INST 1cd99572ec7a620b 2016-03-28T23:31:49.200Z {"type":"progresschanged","target_tagname":"progressmeter","target_id":"progressMeter","value":55}
INST 1cd99572ec7a620b 2016-03-28T23:31:49.200Z {"type":"good","target_tagname":"image","target_id":"progressbar","configurationSettings":"bridge-noproxy","number":2}
INST 1cd99572ec7a620b 2016-03-28T23:31:49.300Z {"type":"progresschanged","target_tagname":"progressmeter","target_id":"progressMeter","value":58}
INST 1cd99572ec7a620b 2016-03-28T23:31:49.300Z {"type":"good","target_tagname":"image","target_id":"progressbar","configurationSettings":"bridge-noproxy","number":2}
INST 1cd99572ec7a620b 2016-03-28T23:31:49.400Z {"type":"progresschanged","target_tagname":"progressmeter","target_id":"progressMeter","value":62}
INST 1cd99572ec7a620b 2016-03-28T23:31:49.400Z {"type":"good","target_tagname":"image","target_id":"progressbar","configurationSettings":"bridge-noproxy","number":2}
INST 1cd99572ec7a620b 2016-03-28T23:31:51.200Z {"type":"progresschanged","target_tagname":"progressmeter","target_id":"progressMeter","value":66}
INST 1cd99572ec7a620b 2016-03-28T23:31:51.200Z {"type":"good","target_tagname":"image","target_id":"progressbar","configurationSettings":"bridge-noproxy","number":2}
INST 1cd99572ec7a620b 2016-03-28T23:31:52.700Z {"type":"progresschanged","target_tagname":"progressmeter","target_id":"progressMeter","value":71}
INST 1cd99572ec7a620b 2016-03-28T23:31:52.700Z {"type":"good","target_tagname":"image","target_id":"progressbar","configurationSettings":"bridge-noproxy","number":2}
INST 1cd99572ec7a620b 2016-03-28T23:31:54.200Z {"type":"progresschanged","target_tagname":"progressmeter","target_id":"progressMeter","value":77}
INST 1cd99572ec7a620b 2016-03-28T23:31:54.200Z {"type":"good","target_tagname":"image","target_id":"progressbar","configurationSettings":"bridge-noproxy","number":2}
INST 1cd99572ec7a620b 2016-03-28T23:31:56.800Z {"type":"progresschanged","target_tagname":"progressmeter","target_id":"progressMeter","value":80}
INST 1cd99572ec7a620b 2016-03-28T23:31:56.800Z {"type":"good","target_tagname":"image","target_id":"progressbar","configurationSettings":"bridge-noproxy","number":2}
INST 1cd99572ec7a620b 2016-03-28T23:31:56.800Z {"type":"progresschanged","target_tagname":"progressmeter","target_id":"progressMeter","value":90}
INST 1cd99572ec7a620b 2016-03-28T23:31:56.800Z {"type":"good","target_tagname":"image","target_id":"progressbar","configurationSettings":"bridge-noproxy","number":3}
INST 1cd99572ec7a620b 2016-03-28T23:32:00.300Z {"type":"progresschanged","target_tagname":"progressmeter","target_id":"progressMeter","value":100}
INST 1cd99572ec7a620b 2016-03-28T23:32:00.300Z {"type":"good","target_tagname":"image","target_id":"progressbar","configurationSettings":"bridge-noproxy","number":4}
INST 1cd99572ec7a620b 2016-03-28T23:32:00.500Z {"type":"unload","target_id":"configuration"}
INST 94cbf9ccc7ee3cac 2016-03-28T23:35:06.600Z {"type":"start"}
INST 94cbf9ccc7ee3cac 2016-03-28T23:35:07.500Z {"type":"select","target_tagname":"menulist","target_id":"proxyType","value":""}
INST 94cbf9ccc7ee3cac 2016-03-28T23:35:07.500Z {"type":"wizardnext","target_tagname":"wizard","target_id":"TorNetworkSettings"}
INST 94cbf9ccc7ee3cac 2016-03-28T23:35:07.500Z {"type":"pageshow","target_tagname":"wizardpage","target_id":"first"}
INST 94cbf9ccc7ee3cac 2016-03-28T23:35:07.600Z {"type":"load","target_id":"configuration"}
INST 94cbf9ccc7ee3cac 2016-03-28T23:35:07.600Z {"type":"select","target_tagname":"menulist","target_id":"defaultBridgeType","value":"obfs3"}
INST 94cbf9ccc7ee3cac 2016-03-28T23:35:09.100Z {"type":"click","target_tagname":"button","target_id":"configure_button","detail":1}
INST 94cbf9ccc7ee3cac 2016-03-28T23:35:09.100Z {"type":"pagehide","target_tagname":"wizardpage","target_id":"first"}
INST 94cbf9ccc7ee3cac 2016-03-28T23:35:09.100Z {"type":"pageadvanced","target_tagname":"wizardpage","target_id":"first"}
INST 94cbf9ccc7ee3cac 2016-03-28T23:35:09.100Z {"type":"wizardnext","target_tagname":"wizard","target_id":"TorNetworkSettings"}
INST 94cbf9ccc7ee3cac 2016-03-28T23:35:09.100Z {"type":"pageshow","target_tagname":"wizardpage","target_id":"proxy"}
INST 94cbf9ccc7ee3cac 2016-03-28T23:35:09.100Z {"type":"command","target_tagname":"button","target_id":"configure_button"}
INST 94cbf9ccc7ee3cac 2016-03-28T23:35:10.200Z {"type":"click","target_tagname":"radio","target_id":"proxyRadioWith","detail":1}
INST 94cbf9ccc7ee3cac 2016-03-28T23:35:10.200Z {"type":"command","target_tagname":"radio","target_id":"proxyRadioWith"}
INST 94cbf9ccc7ee3cac 2016-03-28T23:35:11.600Z {"type":"click","target_tagname":"radio","target_id":"proxyRadioWithout","detail":1}
INST 94cbf9ccc7ee3cac 2016-03-28T23:35:11.600Z {"type":"command","target_tagname":"radio","target_id":"proxyRadioWithout"}
INST 94cbf9ccc7ee3cac 2016-03-28T23:35:12.300Z {"type":"click","target_tagname":"wizard","target_id":"TorNetworkSettings","detail":1}
INST 94cbf9ccc7ee3cac 2016-03-28T23:35:12.300Z {"type":"pagehide","target_tagname":"wizardpage","target_id":"proxy"}
INST 94cbf9ccc7ee3cac 2016-03-28T23:35:12.300Z {"type":"pageadvanced","target_tagname":"wizardpage","target_id":"proxy"}
INST 94cbf9ccc7ee3cac 2016-03-28T23:35:12.300Z {"type":"wizardnext","target_tagname":"wizard","target_id":"TorNetworkSettings"}
INST 94cbf9ccc7ee3cac 2016-03-28T23:35:12.300Z {"type":"pageshow","target_tagname":"wizardpage","target_id":"bridges"}
INST 94cbf9ccc7ee3cac 2016-03-28T23:35:12.300Z {"type":"command","target_tagname":"wizard","target_id":"TorNetworkSettings"}
INST 94cbf9ccc7ee3cac 2016-03-28T23:35:13.100Z {"type":"popupshown","target_tagname":"menupopup","target_id":"defaultBridgeType_menuPopup"}
INST 94cbf9ccc7ee3cac 2016-03-28T23:35:13.200Z {"type":"click","target_tagname":"menulist","target_id":"defaultBridgeType","value":"obfs3","detail":1}
INST 94cbf9ccc7ee3cac 2016-03-28T23:35:13.400Z {"type":"popuphidden","target_tagname":"menupopup","target_id":"defaultBridgeType_menuPopup"}
INST 94cbf9ccc7ee3cac 2016-03-28T23:35:13.500Z {"type":"click","target_tagname":"menulist","target_id":"defaultBridgeType","value":"obfs3","detail":2}
INST 94cbf9ccc7ee3cac 2016-03-28T23:35:14.400Z {"type":"progresschanged","target_tagname":"progressmeter","target_id":"progressMeter","value":5}
INST 94cbf9ccc7ee3cac 2016-03-28T23:35:14.400Z {"type":"good","target_tagname":"image","target_id":"progressbar","configurationSettings":"bridge-noproxy","number":1}
INST 94cbf9ccc7ee3cac 2016-03-28T23:35:14.400Z {"type":"progresschanged","target_tagname":"progressmeter","target_id":"progressMeter","value":10}
INST 94cbf9ccc7ee3cac 2016-03-28T23:35:14.400Z {"type":"good","target_tagname":"image","target_id":"progressbar","configurationSettings":"bridge-noproxy","number":1}
INST 94cbf9ccc7ee3cac 2016-03-28T23:35:15.100Z {"type":"click","target_tagname":"wizard","target_id":"TorNetworkSettings","detail":1}
INST 94cbf9ccc7ee3cac 2016-03-28T23:35:15.100Z {"type":"pagehide","target_tagname":"wizardpage","target_id":"bridges"}
INST 94cbf9ccc7ee3cac 2016-03-28T23:35:15.100Z {"type":"pageadvanced","target_tagname":"wizardpage","target_id":"bridges"}
INST 94cbf9ccc7ee3cac 2016-03-28T23:35:15.100Z {"type":"wizardnext","target_tagname":"wizard","target_id":"TorNetworkSettings"}
INST 94cbf9ccc7ee3cac 2016-03-28T23:35:15.100Z {"type":"pageshow","target_tagname":"wizardpage","target_id":"summary"}
INST 94cbf9ccc7ee3cac 2016-03-28T23:35:15.100Z {"type":"command","target_tagname":"wizard","target_id":"TorNetworkSettings"}
INST 94cbf9ccc7ee3cac 2016-03-28T23:35:15.500Z {"type":"progresschanged","target_tagname":"progressmeter","target_id":"progressMeter","value":15}
INST 94cbf9ccc7ee3cac 2016-03-28T23:35:15.500Z {"type":"good","target_tagname":"image","target_id":"progressbar","configurationSettings":"bridge-noproxy","number":1}
INST 94cbf9ccc7ee3cac 2016-03-28T23:35:15.700Z {"type":"progresschanged","target_tagname":"progressmeter","target_id":"progressMeter","value":20}
INST 94cbf9ccc7ee3cac 2016-03-28T23:35:15.700Z {"type":"good","target_tagname":"image","target_id":"progressbar","configurationSettings":"bridge-noproxy","number":1}
INST 94cbf9ccc7ee3cac 2016-03-28T23:35:16.200Z {"type":"pagehide","target_tagname":"wizardpage","target_id":"summary"}
INST 94cbf9ccc7ee3cac 2016-03-28T23:35:16.200Z {"type":"pageadvanced","target_tagname":"wizardpage","target_id":"summary"}
INST 94cbf9ccc7ee3cac 2016-03-28T23:35:16.300Z {"type":"wizardnext","target_tagname":"wizard","target_id":"TorNetworkSettings"}
INST 94cbf9ccc7ee3cac 2016-03-28T23:35:16.300Z {"type":"pageshow","target_tagname":"wizardpage","target_id":"inlineprogress"}
INST 94cbf9ccc7ee3cac 2016-03-28T23:35:16.300Z {"type":"click","target_tagname":"wizard","target_id":"TorNetworkSettings","detail":1}
INST 94cbf9ccc7ee3cac 2016-03-28T23:35:17.100Z {"type":"progresschanged","target_tagname":"progressmeter","target_id":"progressMeter","value":25}
INST 94cbf9ccc7ee3cac 2016-03-28T23:35:17.100Z {"type":"good","target_tagname":"image","target_id":"progressbar","configurationSettings":"bridge-noproxy","number":2}
INST 94cbf9ccc7ee3cac 2016-03-28T23:35:20.700Z {"type":"progresschanged","target_tagname":"progressmeter","target_id":"progressMeter","value":80}
INST 94cbf9ccc7ee3cac 2016-03-28T23:35:20.700Z {"type":"good","target_tagname":"image","target_id":"progressbar","configurationSettings":"bridge-noproxy","number":2}
INST 94cbf9ccc7ee3cac 2016-03-28T23:35:21.400Z {"type":"progresschanged","target_tagname":"progressmeter","target_id":"progressMeter","value":90}
INST 94cbf9ccc7ee3cac 2016-03-28T23:35:21.400Z {"type":"good","target_tagname":"image","target_id":"progressbar","configurationSettings":"bridge-noproxy","number":3}
INST 94cbf9ccc7ee3cac 2016-03-28T23:35:23.500Z {"type":"progresschanged","target_tagname":"progressmeter","target_id":"progressMeter","value":100}
INST 94cbf9ccc7ee3cac 2016-03-28T23:35:23.500Z {"type":"good","target_tagname":"image","target_id":"progressbar","configurationSettings":"bridge-noproxy","number":4}
INST 94cbf9ccc7ee3cac 2016-03-28T23:35:23.800Z {"type":"unload","target_id":"configuration"}
