INST bbb24246dfcc46b7 2016-03-30T23:42:02.700Z {"type":"start"}
INST bbb24246dfcc46b7 2016-03-30T23:42:03.700Z {"type":"select","target_tagname":"menulist","target_id":"proxyType","value":""}
INST bbb24246dfcc46b7 2016-03-30T23:42:03.700Z {"type":"wizardnext","target_tagname":"wizard","target_id":"TorNetworkSettings"}
INST bbb24246dfcc46b7 2016-03-30T23:42:03.700Z {"type":"pageshow","target_tagname":"wizardpage","target_id":"first"}
INST bbb24246dfcc46b7 2016-03-30T23:42:03.800Z {"type":"load","target_id":"configuration"}
INST bbb24246dfcc46b7 2016-03-30T23:42:03.800Z {"type":"select","target_tagname":"menulist","target_id":"defaultBridgeType","value":"obfs3"}
INST bbb24246dfcc46b7 2016-03-30T23:42:16.000Z {"type":"click","target_tagname":"button","target_id":"connect_button","detail":1}
INST bbb24246dfcc46b7 2016-03-30T23:42:16.100Z {"type":"pagehide","target_tagname":"wizardpage","target_id":"first"}
INST bbb24246dfcc46b7 2016-03-30T23:42:16.100Z {"type":"pageadvanced","target_tagname":"wizardpage","target_id":"first"}
INST bbb24246dfcc46b7 2016-03-30T23:42:16.100Z {"type":"wizardnext","target_tagname":"wizard","target_id":"TorNetworkSettings"}
INST bbb24246dfcc46b7 2016-03-30T23:42:16.100Z {"type":"pageshow","target_tagname":"wizardpage","target_id":"inlineprogress"}
INST bbb24246dfcc46b7 2016-03-30T23:42:16.100Z {"type":"command","target_tagname":"button","target_id":"connect_button"}
INST bbb24246dfcc46b7 2016-03-30T23:42:16.200Z {"type":"progresschanged","target_tagname":"progressmeter","target_id":"progressMeter","value":5}
INST bbb24246dfcc46b7 2016-03-30T23:42:16.200Z {"type":"good","target_tagname":"image","target_id":"progressbar","configurationSettings":"nobridge-noproxy","number":1}
INST bbb24246dfcc46b7 2016-03-30T23:42:16.200Z {"type":"progresschanged","target_tagname":"progressmeter","target_id":"progressMeter","value":5}
INST bbb24246dfcc46b7 2016-03-30T23:42:16.200Z {"type":"good","target_tagname":"image","target_id":"progressbar","configurationSettings":"nobridge-noproxy","number":1}
INST bbb24246dfcc46b7 2016-03-30T23:42:16.200Z {"type":"progresschanged","target_tagname":"progressmeter","target_id":"progressMeter","value":5}
INST bbb24246dfcc46b7 2016-03-30T23:42:16.200Z {"type":"good","target_tagname":"image","target_id":"progressbar","configurationSettings":"nobridge-noproxy","number":1}
INST bbb24246dfcc46b7 2016-03-30T23:43:17.200Z {"type":"progresschanged","target_tagname":"progressmeter","target_id":"progressMeter","value":5}
INST bbb24246dfcc46b7 2016-03-30T23:43:17.200Z {"type":"good","target_tagname":"image","target_id":"progressbar","configurationSettings":"nobridge-noproxy","number":1}
INST bbb24246dfcc46b7 2016-03-30T23:44:17.100Z {"type":"wizardcancel","target_tagname":"wizard","target_id":"TorNetworkSettings"}
INST bbb24246dfcc46b7 2016-03-30T23:44:17.100Z {"type":"unload","target_id":"configuration"}
INST d531d868971005b6 2016-03-30T23:44:19.300Z {"type":"start"}
INST d531d868971005b6 2016-03-30T23:44:19.900Z {"type":"select","target_tagname":"menulist","target_id":"proxyType","value":""}
INST d531d868971005b6 2016-03-30T23:44:19.900Z {"type":"wizardnext","target_tagname":"wizard","target_id":"TorNetworkSettings"}
INST d531d868971005b6 2016-03-30T23:44:19.900Z {"type":"pageshow","target_tagname":"wizardpage","target_id":"first"}
INST d531d868971005b6 2016-03-30T23:44:20.000Z {"type":"load","target_id":"configuration"}
INST d531d868971005b6 2016-03-30T23:44:20.000Z {"type":"select","target_tagname":"menulist","target_id":"defaultBridgeType","value":"obfs3"}
INST d531d868971005b6 2016-03-30T23:44:21.800Z {"type":"wizardcancel","target_tagname":"wizard","target_id":"TorNetworkSettings"}
INST d531d868971005b6 2016-03-30T23:44:21.800Z {"type":"unload","target_id":"configuration"}
INST 7f4c5b9fb91e9e27 2016-03-30T23:44:25.800Z {"type":"start"}
INST 7f4c5b9fb91e9e27 2016-03-30T23:44:26.400Z {"type":"select","target_tagname":"menulist","target_id":"proxyType","value":""}
INST 7f4c5b9fb91e9e27 2016-03-30T23:44:26.400Z {"type":"wizardnext","target_tagname":"wizard","target_id":"TorNetworkSettings"}
INST 7f4c5b9fb91e9e27 2016-03-30T23:44:26.400Z {"type":"pageshow","target_tagname":"wizardpage","target_id":"first"}
INST 7f4c5b9fb91e9e27 2016-03-30T23:44:26.500Z {"type":"load","target_id":"configuration"}
INST 7f4c5b9fb91e9e27 2016-03-30T23:44:26.500Z {"type":"select","target_tagname":"menulist","target_id":"defaultBridgeType","value":"obfs3"}
INST 7f4c5b9fb91e9e27 2016-03-30T23:44:27.800Z {"type":"click","target_tagname":"button","target_id":"configure_button","detail":1}
INST 7f4c5b9fb91e9e27 2016-03-30T23:44:27.800Z {"type":"pagehide","target_tagname":"wizardpage","target_id":"first"}
INST 7f4c5b9fb91e9e27 2016-03-30T23:44:27.800Z {"type":"pageadvanced","target_tagname":"wizardpage","target_id":"first"}
INST 7f4c5b9fb91e9e27 2016-03-30T23:44:27.800Z {"type":"wizardnext","target_tagname":"wizard","target_id":"TorNetworkSettings"}
INST 7f4c5b9fb91e9e27 2016-03-30T23:44:27.800Z {"type":"pageshow","target_tagname":"wizardpage","target_id":"proxy"}
INST 7f4c5b9fb91e9e27 2016-03-30T23:44:27.800Z {"type":"command","target_tagname":"button","target_id":"configure_button"}
INST 7f4c5b9fb91e9e27 2016-03-30T23:44:33.700Z {"type":"click","target_tagname":"radio","target_id":"proxyRadioWith","detail":1}
INST 7f4c5b9fb91e9e27 2016-03-30T23:44:33.700Z {"type":"command","target_tagname":"radio","target_id":"proxyRadioWith"}
INST 7f4c5b9fb91e9e27 2016-03-30T23:44:36.300Z {"type":"click","target_tagname":"radio","target_id":"proxyRadioWithout","detail":1}
INST 7f4c5b9fb91e9e27 2016-03-30T23:44:36.300Z {"type":"command","target_tagname":"radio","target_id":"proxyRadioWithout"}
INST 7f4c5b9fb91e9e27 2016-03-30T23:44:37.000Z {"type":"click","target_tagname":"wizard","target_id":"TorNetworkSettings","detail":1}
INST 7f4c5b9fb91e9e27 2016-03-30T23:44:37.000Z {"type":"pagehide","target_tagname":"wizardpage","target_id":"proxy"}
INST 7f4c5b9fb91e9e27 2016-03-30T23:44:37.000Z {"type":"pageadvanced","target_tagname":"wizardpage","target_id":"proxy"}
INST 7f4c5b9fb91e9e27 2016-03-30T23:44:37.000Z {"type":"wizardnext","target_tagname":"wizard","target_id":"TorNetworkSettings"}
INST 7f4c5b9fb91e9e27 2016-03-30T23:44:37.000Z {"type":"pageshow","target_tagname":"wizardpage","target_id":"bridges"}
INST 7f4c5b9fb91e9e27 2016-03-30T23:44:37.000Z {"type":"command","target_tagname":"wizard","target_id":"TorNetworkSettings"}
INST 7f4c5b9fb91e9e27 2016-03-30T23:44:39.700Z {"type":"click","target_tagname":"radio","target_id":"bridgeRadioDefault","detail":1}
INST 7f4c5b9fb91e9e27 2016-03-30T23:44:39.700Z {"type":"command","target_tagname":"radio","target_id":"bridgeRadioDefault"}
INST 7f4c5b9fb91e9e27 2016-03-30T23:44:41.000Z {"type":"popupshown","target_tagname":"menupopup","target_id":"defaultBridgeType_menuPopup"}
INST 7f4c5b9fb91e9e27 2016-03-30T23:44:41.100Z {"type":"click","target_tagname":"menulist","target_id":"defaultBridgeType","value":"obfs3","detail":1}
INST 7f4c5b9fb91e9e27 2016-03-30T23:44:42.000Z {"type":"popuphidden","target_tagname":"menupopup","target_id":"defaultBridgeType_menuPopup"}
INST 7f4c5b9fb91e9e27 2016-03-30T23:44:44.600Z {"type":"popupshown","target_tagname":"menupopup","target_id":"defaultBridgeType_menuPopup"}
INST 7f4c5b9fb91e9e27 2016-03-30T23:44:44.700Z {"type":"click","target_tagname":"menulist","target_id":"defaultBridgeType","value":"obfs3","detail":1}
INST 7f4c5b9fb91e9e27 2016-03-30T23:44:45.100Z {"type":"mouseover","target_tagname":"menuitem","target_id":"","value":"flashproxy"}
INST 7f4c5b9fb91e9e27 2016-03-30T23:44:45.200Z {"type":"mouseout","target_tagname":"menuitem","target_id":"","value":"flashproxy"}
INST 7f4c5b9fb91e9e27 2016-03-30T23:44:45.200Z {"type":"mouseover","target_tagname":"menuitem","target_id":"","value":"fte"}
INST 7f4c5b9fb91e9e27 2016-03-30T23:44:45.200Z {"type":"mouseout","target_tagname":"menuitem","target_id":"","value":"fte"}
INST 7f4c5b9fb91e9e27 2016-03-30T23:44:45.200Z {"type":"mouseover","target_tagname":"menuitem","target_id":"","value":"fte-ipv6"}
INST 7f4c5b9fb91e9e27 2016-03-30T23:44:45.200Z {"type":"mouseout","target_tagname":"menuitem","target_id":"","value":"fte-ipv6"}
INST 7f4c5b9fb91e9e27 2016-03-30T23:44:45.200Z {"type":"mouseover","target_tagname":"menuitem","target_id":"","value":"meek-amazon"}
INST 7f4c5b9fb91e9e27 2016-03-30T23:44:45.300Z {"type":"mouseout","target_tagname":"menuitem","target_id":"","value":"meek-amazon"}
INST 7f4c5b9fb91e9e27 2016-03-30T23:44:45.300Z {"type":"mouseover","target_tagname":"menuitem","target_id":"","value":"meek-azure"}
INST 7f4c5b9fb91e9e27 2016-03-30T23:44:45.500Z {"type":"mouseout","target_tagname":"menuitem","target_id":"","value":"meek-azure"}
INST 7f4c5b9fb91e9e27 2016-03-30T23:44:45.500Z {"type":"mouseover","target_tagname":"menuitem","target_id":"","value":"meek-google"}
INST 7f4c5b9fb91e9e27 2016-03-30T23:44:45.700Z {"type":"mouseout","target_tagname":"menuitem","target_id":"","value":"meek-google"}
INST 7f4c5b9fb91e9e27 2016-03-30T23:44:45.700Z {"type":"mouseover","target_tagname":"menuitem","target_id":"","value":"obfs3"}
INST 7f4c5b9fb91e9e27 2016-03-30T23:44:46.000Z {"type":"click","target_tagname":"menuitem","target_id":"","value":"obfs3","detail":1}
INST 7f4c5b9fb91e9e27 2016-03-30T23:44:46.000Z {"type":"command","target_tagname":"menuitem","target_id":"","value":"obfs3"}
INST 7f4c5b9fb91e9e27 2016-03-30T23:44:46.000Z {"type":"popuphidden","target_tagname":"menupopup","target_id":"defaultBridgeType_menuPopup"}
INST 7f4c5b9fb91e9e27 2016-03-30T23:44:46.100Z {"type":"mouseout","target_tagname":"menuitem","target_id":"","value":"obfs3"}
INST 7f4c5b9fb91e9e27 2016-03-30T23:44:46.600Z {"type":"click","target_tagname":"wizard","target_id":"TorNetworkSettings","detail":1}
INST 7f4c5b9fb91e9e27 2016-03-30T23:44:46.600Z {"type":"pagehide","target_tagname":"wizardpage","target_id":"bridges"}
INST 7f4c5b9fb91e9e27 2016-03-30T23:44:46.600Z {"type":"pageadvanced","target_tagname":"wizardpage","target_id":"bridges"}
INST 7f4c5b9fb91e9e27 2016-03-30T23:44:46.600Z {"type":"wizardnext","target_tagname":"wizard","target_id":"TorNetworkSettings"}
INST 7f4c5b9fb91e9e27 2016-03-30T23:44:46.600Z {"type":"pageshow","target_tagname":"wizardpage","target_id":"summary"}
INST 7f4c5b9fb91e9e27 2016-03-30T23:44:46.600Z {"type":"command","target_tagname":"wizard","target_id":"TorNetworkSettings"}
INST 7f4c5b9fb91e9e27 2016-03-30T23:44:48.700Z {"type":"pagehide","target_tagname":"wizardpage","target_id":"summary"}
INST 7f4c5b9fb91e9e27 2016-03-30T23:44:48.700Z {"type":"pageadvanced","target_tagname":"wizardpage","target_id":"summary"}
INST 7f4c5b9fb91e9e27 2016-03-30T23:44:48.800Z {"type":"wizardnext","target_tagname":"wizard","target_id":"TorNetworkSettings"}
INST 7f4c5b9fb91e9e27 2016-03-30T23:44:48.800Z {"type":"pageshow","target_tagname":"wizardpage","target_id":"inlineprogress"}
INST 7f4c5b9fb91e9e27 2016-03-30T23:44:48.800Z {"type":"click","target_tagname":"wizard","target_id":"TorNetworkSettings","detail":1}
INST 7f4c5b9fb91e9e27 2016-03-30T23:44:55.300Z {"type":"progresschanged","target_tagname":"progressmeter","target_id":"progressMeter","value":5}
INST 7f4c5b9fb91e9e27 2016-03-30T23:44:55.300Z {"type":"good","target_tagname":"image","target_id":"progressbar","configurationSettings":"bridge-noproxy","number":1}
INST 7f4c5b9fb91e9e27 2016-03-30T23:44:55.300Z {"type":"progresschanged","target_tagname":"progressmeter","target_id":"progressMeter","value":10}
INST 7f4c5b9fb91e9e27 2016-03-30T23:44:55.300Z {"type":"good","target_tagname":"image","target_id":"progressbar","configurationSettings":"bridge-noproxy","number":1}
INST 7f4c5b9fb91e9e27 2016-03-30T23:44:56.400Z {"type":"progresschanged","target_tagname":"progressmeter","target_id":"progressMeter","value":15}
INST 7f4c5b9fb91e9e27 2016-03-30T23:44:56.400Z {"type":"good","target_tagname":"image","target_id":"progressbar","configurationSettings":"bridge-noproxy","number":1}
INST 7f4c5b9fb91e9e27 2016-03-30T23:44:56.600Z {"type":"progresschanged","target_tagname":"progressmeter","target_id":"progressMeter","value":20}
INST 7f4c5b9fb91e9e27 2016-03-30T23:44:56.600Z {"type":"good","target_tagname":"image","target_id":"progressbar","configurationSettings":"bridge-noproxy","number":1}
INST 7f4c5b9fb91e9e27 2016-03-30T23:44:57.200Z {"type":"progresschanged","target_tagname":"progressmeter","target_id":"progressMeter","value":25}
INST 7f4c5b9fb91e9e27 2016-03-30T23:44:57.200Z {"type":"good","target_tagname":"image","target_id":"progressbar","configurationSettings":"bridge-noproxy","number":2}
INST 7f4c5b9fb91e9e27 2016-03-30T23:44:58.800Z {"type":"progresschanged","target_tagname":"progressmeter","target_id":"progressMeter","value":40}
INST 7f4c5b9fb91e9e27 2016-03-30T23:44:58.800Z {"type":"good","target_tagname":"image","target_id":"progressbar","configurationSettings":"bridge-noproxy","number":2}
INST 7f4c5b9fb91e9e27 2016-03-30T23:44:59.400Z {"type":"progresschanged","target_tagname":"progressmeter","target_id":"progressMeter","value":45}
INST 7f4c5b9fb91e9e27 2016-03-30T23:44:59.400Z {"type":"good","target_tagname":"image","target_id":"progressbar","configurationSettings":"bridge-noproxy","number":2}
INST 7f4c5b9fb91e9e27 2016-03-30T23:44:59.700Z {"type":"progresschanged","target_tagname":"progressmeter","target_id":"progressMeter","value":50}
INST 7f4c5b9fb91e9e27 2016-03-30T23:44:59.700Z {"type":"good","target_tagname":"image","target_id":"progressbar","configurationSettings":"bridge-noproxy","number":2}
INST 7f4c5b9fb91e9e27 2016-03-30T23:45:00.300Z {"type":"progresschanged","target_tagname":"progressmeter","target_id":"progressMeter","value":51}
INST 7f4c5b9fb91e9e27 2016-03-30T23:45:00.300Z {"type":"good","target_tagname":"image","target_id":"progressbar","configurationSettings":"bridge-noproxy","number":2}
INST 7f4c5b9fb91e9e27 2016-03-30T23:45:00.400Z {"type":"progresschanged","target_tagname":"progressmeter","target_id":"progressMeter","value":52}
INST 7f4c5b9fb91e9e27 2016-03-30T23:45:00.400Z {"type":"good","target_tagname":"image","target_id":"progressbar","configurationSettings":"bridge-noproxy","number":2}
INST 7f4c5b9fb91e9e27 2016-03-30T23:45:00.500Z {"type":"progresschanged","target_tagname":"progressmeter","target_id":"progressMeter","value":54}
INST 7f4c5b9fb91e9e27 2016-03-30T23:45:00.500Z {"type":"good","target_tagname":"image","target_id":"progressbar","configurationSettings":"bridge-noproxy","number":2}
INST 7f4c5b9fb91e9e27 2016-03-30T23:45:00.600Z {"type":"progresschanged","target_tagname":"progressmeter","target_id":"progressMeter","value":57}
INST 7f4c5b9fb91e9e27 2016-03-30T23:45:00.600Z {"type":"good","target_tagname":"image","target_id":"progressbar","configurationSettings":"bridge-noproxy","number":2}
INST 7f4c5b9fb91e9e27 2016-03-30T23:45:02.000Z {"type":"progresschanged","target_tagname":"progressmeter","target_id":"progressMeter","value":61}
INST 7f4c5b9fb91e9e27 2016-03-30T23:45:02.000Z {"type":"good","target_tagname":"image","target_id":"progressbar","configurationSettings":"bridge-noproxy","number":2}
INST 7f4c5b9fb91e9e27 2016-03-30T23:45:03.100Z {"type":"progresschanged","target_tagname":"progressmeter","target_id":"progressMeter","value":64}
INST 7f4c5b9fb91e9e27 2016-03-30T23:45:03.100Z {"type":"good","target_tagname":"image","target_id":"progressbar","configurationSettings":"bridge-noproxy","number":2}
INST 7f4c5b9fb91e9e27 2016-03-30T23:45:04.100Z {"type":"progresschanged","target_tagname":"progressmeter","target_id":"progressMeter","value":69}
INST 7f4c5b9fb91e9e27 2016-03-30T23:45:04.100Z {"type":"good","target_tagname":"image","target_id":"progressbar","configurationSettings":"bridge-noproxy","number":2}
INST 7f4c5b9fb91e9e27 2016-03-30T23:45:06.300Z {"type":"progresschanged","target_tagname":"progressmeter","target_id":"progressMeter","value":75}
INST 7f4c5b9fb91e9e27 2016-03-30T23:45:06.300Z {"type":"good","target_tagname":"image","target_id":"progressbar","configurationSettings":"bridge-noproxy","number":2}
INST 7f4c5b9fb91e9e27 2016-03-30T23:45:10.300Z {"type":"progresschanged","target_tagname":"progressmeter","target_id":"progressMeter","value":80}
INST 7f4c5b9fb91e9e27 2016-03-30T23:45:10.300Z {"type":"good","target_tagname":"image","target_id":"progressbar","configurationSettings":"bridge-noproxy","number":2}
INST 7f4c5b9fb91e9e27 2016-03-30T23:45:10.300Z {"type":"progresschanged","target_tagname":"progressmeter","target_id":"progressMeter","value":90}
INST 7f4c5b9fb91e9e27 2016-03-30T23:45:10.300Z {"type":"good","target_tagname":"image","target_id":"progressbar","configurationSettings":"bridge-noproxy","number":3}
INST 7f4c5b9fb91e9e27 2016-03-30T23:45:13.400Z {"type":"progresschanged","target_tagname":"progressmeter","target_id":"progressMeter","value":100}
INST 7f4c5b9fb91e9e27 2016-03-30T23:45:13.400Z {"type":"good","target_tagname":"image","target_id":"progressbar","configurationSettings":"bridge-noproxy","number":4}
INST 7f4c5b9fb91e9e27 2016-03-30T23:45:13.700Z {"type":"unload","target_id":"configuration"}
