INST 13c04da1b284a5d3 2016-03-23T21:37:31.200Z {"type":"start"}
INST 13c04da1b284a5d3 2016-03-23T21:37:32.300Z {"type":"select","target_tagname":"menulist","target_id":"proxyType","value":""}
INST 13c04da1b284a5d3 2016-03-23T21:37:32.300Z {"type":"wizardnext","target_tagname":"wizard","target_id":"TorNetworkSettings"}
INST 13c04da1b284a5d3 2016-03-23T21:37:32.300Z {"type":"pageshow","target_tagname":"wizardpage","target_id":"first"}
INST 13c04da1b284a5d3 2016-03-23T21:37:32.300Z {"type":"load","target_id":"configuration"}
INST 13c04da1b284a5d3 2016-03-23T21:37:32.300Z {"type":"select","target_tagname":"menulist","target_id":"defaultBridgeType","value":"obfs3"}
INST 13c04da1b284a5d3 2016-03-23T21:37:38.500Z {"type":"click","target_tagname":"button","target_id":"connect_button","detail":1}
INST 13c04da1b284a5d3 2016-03-23T21:37:38.600Z {"type":"pagehide","target_tagname":"wizardpage","target_id":"first"}
INST 13c04da1b284a5d3 2016-03-23T21:37:38.600Z {"type":"pageadvanced","target_tagname":"wizardpage","target_id":"first"}
INST 13c04da1b284a5d3 2016-03-23T21:37:38.600Z {"type":"wizardnext","target_tagname":"wizard","target_id":"TorNetworkSettings"}
INST 13c04da1b284a5d3 2016-03-23T21:37:38.600Z {"type":"pageshow","target_tagname":"wizardpage","target_id":"inlineprogress"}
INST 13c04da1b284a5d3 2016-03-23T21:37:38.600Z {"type":"command","target_tagname":"button","target_id":"connect_button"}
INST 13c04da1b284a5d3 2016-03-23T21:37:38.800Z {"type":"progresschanged","target_tagname":"progressmeter","target_id":"progressMeter","value":5}
INST 13c04da1b284a5d3 2016-03-23T21:37:38.800Z {"type":"good","target_tagname":"image","target_id":"progressbar","configurationSettings":"nobridge-noproxy","number":1}
INST 13c04da1b284a5d3 2016-03-23T21:37:38.800Z {"type":"progresschanged","target_tagname":"progressmeter","target_id":"progressMeter","value":5}
INST 13c04da1b284a5d3 2016-03-23T21:37:38.800Z {"type":"good","target_tagname":"image","target_id":"progressbar","configurationSettings":"nobridge-noproxy","number":1}
INST 13c04da1b284a5d3 2016-03-23T21:37:38.800Z {"type":"progresschanged","target_tagname":"progressmeter","target_id":"progressMeter","value":5}
INST 13c04da1b284a5d3 2016-03-23T21:37:38.800Z {"type":"good","target_tagname":"image","target_id":"progressbar","configurationSettings":"nobridge-noproxy","number":1}
INST 13c04da1b284a5d3 2016-03-23T21:38:24.100Z {"type":"click","target_tagname":"hbox","target_id":"","detail":1}
INST 13c04da1b284a5d3 2016-03-23T21:38:37.300Z {"type":"click","target_tagname":"wizard","target_id":"TorNetworkSettings","detail":1}
INST 13c04da1b284a5d3 2016-03-23T21:38:37.300Z {"type":"wizardcancel","target_tagname":"wizard","target_id":"TorNetworkSettings"}
INST 13c04da1b284a5d3 2016-03-23T21:38:37.300Z {"type":"command","target_tagname":"wizard","target_id":"TorNetworkSettings"}
INST 13c04da1b284a5d3 2016-03-23T21:38:37.300Z {"type":"unload","target_id":"configuration"}
