INST 65369da84f5e1ca4 2016-03-28T23:20:55.500Z {"type":"start"}
INST 65369da84f5e1ca4 2016-03-28T23:20:56.500Z {"type":"select","target_tagname":"menulist","target_id":"proxyType","value":""}
INST 65369da84f5e1ca4 2016-03-28T23:20:56.500Z {"type":"wizardnext","target_tagname":"wizard","target_id":"TorNetworkSettings"}
INST 65369da84f5e1ca4 2016-03-28T23:20:56.500Z {"type":"pageshow","target_tagname":"wizardpage","target_id":"first"}
INST 65369da84f5e1ca4 2016-03-28T23:20:56.500Z {"type":"load","target_id":"configuration"}
INST 65369da84f5e1ca4 2016-03-28T23:20:56.500Z {"type":"select","target_tagname":"menulist","target_id":"defaultBridgeType","value":"obfs3"}
INST 65369da84f5e1ca4 2016-03-28T23:21:04.200Z {"type":"click","target_tagname":"button","target_id":"connect_button","detail":1}
INST 65369da84f5e1ca4 2016-03-28T23:21:04.300Z {"type":"pagehide","target_tagname":"wizardpage","target_id":"first"}
INST 65369da84f5e1ca4 2016-03-28T23:21:04.300Z {"type":"pageadvanced","target_tagname":"wizardpage","target_id":"first"}
INST 65369da84f5e1ca4 2016-03-28T23:21:04.300Z {"type":"wizardnext","target_tagname":"wizard","target_id":"TorNetworkSettings"}
INST 65369da84f5e1ca4 2016-03-28T23:21:04.300Z {"type":"pageshow","target_tagname":"wizardpage","target_id":"inlineprogress"}
INST 65369da84f5e1ca4 2016-03-28T23:21:04.300Z {"type":"command","target_tagname":"button","target_id":"connect_button"}
INST 65369da84f5e1ca4 2016-03-28T23:21:05.100Z {"type":"progresschanged","target_tagname":"progressmeter","target_id":"progressMeter","value":5}
INST 65369da84f5e1ca4 2016-03-28T23:21:05.100Z {"type":"good","target_tagname":"image","target_id":"progressbar","configurationSettings":"nobridge-noproxy","number":1}
INST 65369da84f5e1ca4 2016-03-28T23:21:05.100Z {"type":"progresschanged","target_tagname":"progressmeter","target_id":"progressMeter","value":5}
INST 65369da84f5e1ca4 2016-03-28T23:21:05.100Z {"type":"good","target_tagname":"image","target_id":"progressbar","configurationSettings":"nobridge-noproxy","number":1}
INST 65369da84f5e1ca4 2016-03-28T23:21:05.100Z {"type":"progresschanged","target_tagname":"progressmeter","target_id":"progressMeter","value":5}
INST 65369da84f5e1ca4 2016-03-28T23:21:05.100Z {"type":"good","target_tagname":"image","target_id":"progressbar","configurationSettings":"nobridge-noproxy","number":1}
INST 65369da84f5e1ca4 2016-03-28T23:21:16.800Z {"type":"click","target_tagname":"image","target_id":"progressbar","detail":1}
INST 65369da84f5e1ca4 2016-03-28T23:21:58.600Z {"type":"click","target_tagname":"vbox","target_id":"","detail":1}
INST 65369da84f5e1ca4 2016-03-28T23:22:01.900Z {"type":"click","target_tagname":"label","target_id":"progressBridge","detail":1}
INST 65369da84f5e1ca4 2016-03-28T23:22:02.700Z {"type":"click","target_tagname":"image","target_id":"progressbar","detail":1}
INST 65369da84f5e1ca4 2016-03-28T23:22:02.900Z {"type":"click","target_tagname":"image","target_id":"progressbar","detail":2}
INST 65369da84f5e1ca4 2016-03-28T23:22:03.200Z {"type":"click","target_tagname":"image","target_id":"progressbar","detail":3}
INST 65369da84f5e1ca4 2016-03-28T23:22:06.100Z {"type":"progresschanged","target_tagname":"progressmeter","target_id":"progressMeter","value":5}
INST 65369da84f5e1ca4 2016-03-28T23:22:06.100Z {"type":"good","target_tagname":"image","target_id":"progressbar","configurationSettings":"nobridge-noproxy","number":1}
INST 65369da84f5e1ca4 2016-03-28T23:22:08.900Z {"type":"click","target_tagname":"vbox","target_id":"","detail":1}
INST 65369da84f5e1ca4 2016-03-28T23:22:16.600Z {"type":"wizardcancel","target_tagname":"wizard","target_id":"TorNetworkSettings"}
INST 65369da84f5e1ca4 2016-03-28T23:22:16.600Z {"type":"unload","target_id":"configuration"}
INST 603575d7090e01ab 2016-03-28T23:22:30.600Z {"type":"start"}
INST 603575d7090e01ab 2016-03-28T23:22:31.300Z {"type":"select","target_tagname":"menulist","target_id":"proxyType","value":""}
INST 603575d7090e01ab 2016-03-28T23:22:31.300Z {"type":"wizardnext","target_tagname":"wizard","target_id":"TorNetworkSettings"}
INST 603575d7090e01ab 2016-03-28T23:22:31.300Z {"type":"pageshow","target_tagname":"wizardpage","target_id":"first"}
INST 603575d7090e01ab 2016-03-28T23:22:31.300Z {"type":"load","target_id":"configuration"}
INST 603575d7090e01ab 2016-03-28T23:22:31.300Z {"type":"select","target_tagname":"menulist","target_id":"defaultBridgeType","value":"obfs3"}
INST 603575d7090e01ab 2016-03-28T23:22:34.100Z {"type":"click","target_tagname":"button","target_id":"configure_button","detail":1}
INST 603575d7090e01ab 2016-03-28T23:22:34.100Z {"type":"pagehide","target_tagname":"wizardpage","target_id":"first"}
INST 603575d7090e01ab 2016-03-28T23:22:34.100Z {"type":"pageadvanced","target_tagname":"wizardpage","target_id":"first"}
INST 603575d7090e01ab 2016-03-28T23:22:34.100Z {"type":"wizardnext","target_tagname":"wizard","target_id":"TorNetworkSettings"}
INST 603575d7090e01ab 2016-03-28T23:22:34.100Z {"type":"pageshow","target_tagname":"wizardpage","target_id":"proxy"}
INST 603575d7090e01ab 2016-03-28T23:22:34.100Z {"type":"command","target_tagname":"button","target_id":"configure_button"}
INST 603575d7090e01ab 2016-03-28T23:22:41.500Z {"type":"click","target_tagname":"wizard","target_id":"TorNetworkSettings","detail":1}
INST 603575d7090e01ab 2016-03-28T23:22:41.500Z {"type":"pagehide","target_tagname":"wizardpage","target_id":"proxy"}
INST 603575d7090e01ab 2016-03-28T23:22:41.500Z {"type":"pageadvanced","target_tagname":"wizardpage","target_id":"proxy"}
INST 603575d7090e01ab 2016-03-28T23:22:41.500Z {"type":"wizardnext","target_tagname":"wizard","target_id":"TorNetworkSettings"}
INST 603575d7090e01ab 2016-03-28T23:22:41.500Z {"type":"pageshow","target_tagname":"wizardpage","target_id":"bridges"}
INST 603575d7090e01ab 2016-03-28T23:22:41.500Z {"type":"command","target_tagname":"wizard","target_id":"TorNetworkSettings"}
INST 603575d7090e01ab 2016-03-28T23:22:46.600Z {"type":"click","target_tagname":"radio","target_id":"bridgeRadioDefault","detail":1}
INST 603575d7090e01ab 2016-03-28T23:22:46.600Z {"type":"command","target_tagname":"radio","target_id":"bridgeRadioDefault"}
INST 603575d7090e01ab 2016-03-28T23:22:47.800Z {"type":"popupshown","target_tagname":"menupopup","target_id":"defaultBridgeType_menuPopup"}
INST 603575d7090e01ab 2016-03-28T23:22:47.900Z {"type":"click","target_tagname":"menulist","target_id":"defaultBridgeType","value":"obfs3","detail":1}
INST 603575d7090e01ab 2016-03-28T23:22:50.600Z {"type":"popuphidden","target_tagname":"menupopup","target_id":"defaultBridgeType_menuPopup"}
INST 603575d7090e01ab 2016-03-28T23:22:59.900Z {"type":"click","target_tagname":"wizard","target_id":"TorNetworkSettings","detail":1}
INST 603575d7090e01ab 2016-03-28T23:22:59.900Z {"type":"pagehide","target_tagname":"wizardpage","target_id":"bridges"}
INST 603575d7090e01ab 2016-03-28T23:22:59.900Z {"type":"pageadvanced","target_tagname":"wizardpage","target_id":"bridges"}
INST 603575d7090e01ab 2016-03-28T23:23:00.000Z {"type":"wizardnext","target_tagname":"wizard","target_id":"TorNetworkSettings"}
INST 603575d7090e01ab 2016-03-28T23:23:00.000Z {"type":"pageshow","target_tagname":"wizardpage","target_id":"summary"}
INST 603575d7090e01ab 2016-03-28T23:23:00.000Z {"type":"command","target_tagname":"wizard","target_id":"TorNetworkSettings"}
INST 603575d7090e01ab 2016-03-28T23:23:08.200Z {"type":"pagehide","target_tagname":"wizardpage","target_id":"summary"}
INST 603575d7090e01ab 2016-03-28T23:23:08.200Z {"type":"pageadvanced","target_tagname":"wizardpage","target_id":"summary"}
INST 603575d7090e01ab 2016-03-28T23:23:08.200Z {"type":"wizardnext","target_tagname":"wizard","target_id":"TorNetworkSettings"}
INST 603575d7090e01ab 2016-03-28T23:23:08.200Z {"type":"pageshow","target_tagname":"wizardpage","target_id":"inlineprogress"}
INST 603575d7090e01ab 2016-03-28T23:23:08.200Z {"type":"click","target_tagname":"wizard","target_id":"TorNetworkSettings","detail":1}
INST 603575d7090e01ab 2016-03-28T23:23:15.100Z {"type":"progresschanged","target_tagname":"progressmeter","target_id":"progressMeter","value":5}
INST 603575d7090e01ab 2016-03-28T23:23:15.100Z {"type":"good","target_tagname":"image","target_id":"progressbar","configurationSettings":"bridge-noproxy","number":1}
INST 603575d7090e01ab 2016-03-28T23:23:15.100Z {"type":"progresschanged","target_tagname":"progressmeter","target_id":"progressMeter","value":10}
INST 603575d7090e01ab 2016-03-28T23:23:15.100Z {"type":"good","target_tagname":"image","target_id":"progressbar","configurationSettings":"bridge-noproxy","number":1}
INST 603575d7090e01ab 2016-03-28T23:23:16.200Z {"type":"progresschanged","target_tagname":"progressmeter","target_id":"progressMeter","value":15}
INST 603575d7090e01ab 2016-03-28T23:23:16.200Z {"type":"good","target_tagname":"image","target_id":"progressbar","configurationSettings":"bridge-noproxy","number":1}
INST 603575d7090e01ab 2016-03-28T23:23:16.400Z {"type":"progresschanged","target_tagname":"progressmeter","target_id":"progressMeter","value":20}
INST 603575d7090e01ab 2016-03-28T23:23:16.400Z {"type":"good","target_tagname":"image","target_id":"progressbar","configurationSettings":"bridge-noproxy","number":1}
INST 603575d7090e01ab 2016-03-28T23:23:16.900Z {"type":"progresschanged","target_tagname":"progressmeter","target_id":"progressMeter","value":25}
INST 603575d7090e01ab 2016-03-28T23:23:16.900Z {"type":"good","target_tagname":"image","target_id":"progressbar","configurationSettings":"bridge-noproxy","number":2}
INST 603575d7090e01ab 2016-03-28T23:23:18.600Z {"type":"progresschanged","target_tagname":"progressmeter","target_id":"progressMeter","value":40}
INST 603575d7090e01ab 2016-03-28T23:23:18.600Z {"type":"good","target_tagname":"image","target_id":"progressbar","configurationSettings":"bridge-noproxy","number":2}
INST 603575d7090e01ab 2016-03-28T23:23:19.200Z {"type":"progresschanged","target_tagname":"progressmeter","target_id":"progressMeter","value":45}
INST 603575d7090e01ab 2016-03-28T23:23:19.200Z {"type":"good","target_tagname":"image","target_id":"progressbar","configurationSettings":"bridge-noproxy","number":2}
INST 603575d7090e01ab 2016-03-28T23:23:19.500Z {"type":"progresschanged","target_tagname":"progressmeter","target_id":"progressMeter","value":50}
INST 603575d7090e01ab 2016-03-28T23:23:19.500Z {"type":"good","target_tagname":"image","target_id":"progressbar","configurationSettings":"bridge-noproxy","number":2}
INST 603575d7090e01ab 2016-03-28T23:23:20.300Z {"type":"progresschanged","target_tagname":"progressmeter","target_id":"progressMeter","value":51}
INST 603575d7090e01ab 2016-03-28T23:23:20.300Z {"type":"good","target_tagname":"image","target_id":"progressbar","configurationSettings":"bridge-noproxy","number":2}
INST 603575d7090e01ab 2016-03-28T23:23:20.500Z {"type":"progresschanged","target_tagname":"progressmeter","target_id":"progressMeter","value":52}
INST 603575d7090e01ab 2016-03-28T23:23:20.500Z {"type":"good","target_tagname":"image","target_id":"progressbar","configurationSettings":"bridge-noproxy","number":2}
INST 603575d7090e01ab 2016-03-28T23:23:20.600Z {"type":"progresschanged","target_tagname":"progressmeter","target_id":"progressMeter","value":53}
INST 603575d7090e01ab 2016-03-28T23:23:20.600Z {"type":"good","target_tagname":"image","target_id":"progressbar","configurationSettings":"bridge-noproxy","number":2}
INST 603575d7090e01ab 2016-03-28T23:23:20.600Z {"type":"progresschanged","target_tagname":"progressmeter","target_id":"progressMeter","value":54}
INST 603575d7090e01ab 2016-03-28T23:23:20.600Z {"type":"good","target_tagname":"image","target_id":"progressbar","configurationSettings":"bridge-noproxy","number":2}
INST 603575d7090e01ab 2016-03-28T23:23:20.700Z {"type":"progresschanged","target_tagname":"progressmeter","target_id":"progressMeter","value":56}
INST 603575d7090e01ab 2016-03-28T23:23:20.700Z {"type":"good","target_tagname":"image","target_id":"progressbar","configurationSettings":"bridge-noproxy","number":2}
INST 603575d7090e01ab 2016-03-28T23:23:20.900Z {"type":"progresschanged","target_tagname":"progressmeter","target_id":"progressMeter","value":59}
INST 603575d7090e01ab 2016-03-28T23:23:20.900Z {"type":"good","target_tagname":"image","target_id":"progressbar","configurationSettings":"bridge-noproxy","number":2}
INST 603575d7090e01ab 2016-03-28T23:23:21.300Z {"type":"progresschanged","target_tagname":"progressmeter","target_id":"progressMeter","value":64}
INST 603575d7090e01ab 2016-03-28T23:23:21.300Z {"type":"good","target_tagname":"image","target_id":"progressbar","configurationSettings":"bridge-noproxy","number":2}
INST 603575d7090e01ab 2016-03-28T23:23:21.300Z {"type":"progresschanged","target_tagname":"progressmeter","target_id":"progressMeter","value":69}
INST 603575d7090e01ab 2016-03-28T23:23:21.300Z {"type":"good","target_tagname":"image","target_id":"progressbar","configurationSettings":"bridge-noproxy","number":2}
INST 603575d7090e01ab 2016-03-28T23:23:22.600Z {"type":"progresschanged","target_tagname":"progressmeter","target_id":"progressMeter","value":74}
INST 603575d7090e01ab 2016-03-28T23:23:22.600Z {"type":"good","target_tagname":"image","target_id":"progressbar","configurationSettings":"bridge-noproxy","number":2}
INST 603575d7090e01ab 2016-03-28T23:23:24.100Z {"type":"progresschanged","target_tagname":"progressmeter","target_id":"progressMeter","value":80}
INST 603575d7090e01ab 2016-03-28T23:23:24.100Z {"type":"good","target_tagname":"image","target_id":"progressbar","configurationSettings":"bridge-noproxy","number":2}
INST 603575d7090e01ab 2016-03-28T23:23:24.100Z {"type":"progresschanged","target_tagname":"progressmeter","target_id":"progressMeter","value":90}
INST 603575d7090e01ab 2016-03-28T23:23:24.100Z {"type":"good","target_tagname":"image","target_id":"progressbar","configurationSettings":"bridge-noproxy","number":3}
INST 603575d7090e01ab 2016-03-28T23:23:26.400Z {"type":"progresschanged","target_tagname":"progressmeter","target_id":"progressMeter","value":100}
INST 603575d7090e01ab 2016-03-28T23:23:26.400Z {"type":"good","target_tagname":"image","target_id":"progressbar","configurationSettings":"bridge-noproxy","number":4}
INST 603575d7090e01ab 2016-03-28T23:23:26.700Z {"type":"unload","target_id":"configuration"}
