INST ded7fd40a5bfd840 2016-03-30T23:41:58.400Z {"type":"start"}
INST ded7fd40a5bfd840 2016-03-30T23:41:59.300Z {"type":"select","target_tagname":"menulist","target_id":"proxyType","value":""}
INST ded7fd40a5bfd840 2016-03-30T23:41:59.300Z {"type":"wizardnext","target_tagname":"wizard","target_id":"TorNetworkSettings"}
INST ded7fd40a5bfd840 2016-03-30T23:41:59.300Z {"type":"pageshow","target_tagname":"wizardpage","target_id":"first"}
INST ded7fd40a5bfd840 2016-03-30T23:41:59.300Z {"type":"load","target_id":"configuration"}
INST ded7fd40a5bfd840 2016-03-30T23:41:59.300Z {"type":"select","target_tagname":"menulist","target_id":"defaultBridgeType","value":"obfs3"}
INST ded7fd40a5bfd840 2016-03-30T23:42:06.700Z {"type":"click","target_tagname":"button","target_id":"configure_button","detail":1}
INST ded7fd40a5bfd840 2016-03-30T23:42:06.700Z {"type":"pagehide","target_tagname":"wizardpage","target_id":"first"}
INST ded7fd40a5bfd840 2016-03-30T23:42:06.700Z {"type":"pageadvanced","target_tagname":"wizardpage","target_id":"first"}
INST ded7fd40a5bfd840 2016-03-30T23:42:06.700Z {"type":"wizardnext","target_tagname":"wizard","target_id":"TorNetworkSettings"}
INST ded7fd40a5bfd840 2016-03-30T23:42:06.700Z {"type":"pageshow","target_tagname":"wizardpage","target_id":"proxy"}
INST ded7fd40a5bfd840 2016-03-30T23:42:06.700Z {"type":"command","target_tagname":"button","target_id":"configure_button"}
INST ded7fd40a5bfd840 2016-03-30T23:42:10.700Z {"type":"click","target_tagname":"wizard","target_id":"TorNetworkSettings","detail":1}
INST ded7fd40a5bfd840 2016-03-30T23:42:10.700Z {"type":"pagehide","target_tagname":"wizardpage","target_id":"proxy"}
INST ded7fd40a5bfd840 2016-03-30T23:42:10.700Z {"type":"pageadvanced","target_tagname":"wizardpage","target_id":"proxy"}
INST ded7fd40a5bfd840 2016-03-30T23:42:10.700Z {"type":"wizardnext","target_tagname":"wizard","target_id":"TorNetworkSettings"}
INST ded7fd40a5bfd840 2016-03-30T23:42:10.700Z {"type":"pageshow","target_tagname":"wizardpage","target_id":"bridges"}
INST ded7fd40a5bfd840 2016-03-30T23:42:10.700Z {"type":"command","target_tagname":"wizard","target_id":"TorNetworkSettings"}
INST ded7fd40a5bfd840 2016-03-30T23:42:15.700Z {"type":"click","target_tagname":"hbox","target_id":"bridgeDefaultEntry","detail":1}
INST ded7fd40a5bfd840 2016-03-30T23:42:16.100Z {"type":"click","target_tagname":"radio","target_id":"bridgeRadioDefault","detail":1}
INST ded7fd40a5bfd840 2016-03-30T23:42:16.100Z {"type":"command","target_tagname":"radio","target_id":"bridgeRadioDefault"}
INST ded7fd40a5bfd840 2016-03-30T23:42:16.900Z {"type":"popupshown","target_tagname":"menupopup","target_id":"defaultBridgeType_menuPopup"}
INST ded7fd40a5bfd840 2016-03-30T23:42:17.000Z {"type":"click","target_tagname":"menulist","target_id":"defaultBridgeType","value":"obfs3","detail":1}
INST ded7fd40a5bfd840 2016-03-30T23:42:17.500Z {"type":"mouseover","target_tagname":"menuitem","target_id":"","value":"flashproxy"}
INST ded7fd40a5bfd840 2016-03-30T23:42:17.600Z {"type":"mouseout","target_tagname":"menuitem","target_id":"","value":"flashproxy"}
INST ded7fd40a5bfd840 2016-03-30T23:42:17.600Z {"type":"mouseover","target_tagname":"menuitem","target_id":"","value":"fte"}
INST ded7fd40a5bfd840 2016-03-30T23:42:17.600Z {"type":"mouseout","target_tagname":"menuitem","target_id":"","value":"fte"}
INST ded7fd40a5bfd840 2016-03-30T23:42:17.600Z {"type":"mouseover","target_tagname":"menuitem","target_id":"","value":"fte-ipv6"}
INST ded7fd40a5bfd840 2016-03-30T23:42:17.600Z {"type":"mouseout","target_tagname":"menuitem","target_id":"","value":"fte-ipv6"}
INST ded7fd40a5bfd840 2016-03-30T23:42:17.600Z {"type":"mouseover","target_tagname":"menuitem","target_id":"","value":"meek-amazon"}
INST ded7fd40a5bfd840 2016-03-30T23:42:17.600Z {"type":"mouseout","target_tagname":"menuitem","target_id":"","value":"meek-amazon"}
INST ded7fd40a5bfd840 2016-03-30T23:42:17.600Z {"type":"mouseover","target_tagname":"menuitem","target_id":"","value":"meek-azure"}
INST ded7fd40a5bfd840 2016-03-30T23:42:17.700Z {"type":"mouseout","target_tagname":"menuitem","target_id":"","value":"meek-azure"}
INST ded7fd40a5bfd840 2016-03-30T23:42:17.700Z {"type":"mouseover","target_tagname":"menuitem","target_id":"","value":"meek-google"}
INST ded7fd40a5bfd840 2016-03-30T23:42:17.700Z {"type":"mouseout","target_tagname":"menuitem","target_id":"","value":"meek-google"}
INST ded7fd40a5bfd840 2016-03-30T23:42:17.700Z {"type":"mouseover","target_tagname":"menuitem","target_id":"","value":"obfs3"}
INST ded7fd40a5bfd840 2016-03-30T23:42:18.200Z {"type":"click","target_tagname":"menuitem","target_id":"","value":"obfs3","detail":1}
INST ded7fd40a5bfd840 2016-03-30T23:42:18.200Z {"type":"command","target_tagname":"menuitem","target_id":"","value":"obfs3"}
INST ded7fd40a5bfd840 2016-03-30T23:42:18.200Z {"type":"popuphidden","target_tagname":"menupopup","target_id":"defaultBridgeType_menuPopup"}
INST ded7fd40a5bfd840 2016-03-30T23:42:18.300Z {"type":"mouseout","target_tagname":"menuitem","target_id":"","value":"obfs3"}
INST ded7fd40a5bfd840 2016-03-30T23:42:19.400Z {"type":"click","target_tagname":"wizard","target_id":"TorNetworkSettings","detail":1}
INST ded7fd40a5bfd840 2016-03-30T23:42:19.400Z {"type":"pagehide","target_tagname":"wizardpage","target_id":"bridges"}
INST ded7fd40a5bfd840 2016-03-30T23:42:19.400Z {"type":"pageadvanced","target_tagname":"wizardpage","target_id":"bridges"}
INST ded7fd40a5bfd840 2016-03-30T23:42:19.400Z {"type":"wizardnext","target_tagname":"wizard","target_id":"TorNetworkSettings"}
INST ded7fd40a5bfd840 2016-03-30T23:42:19.400Z {"type":"pageshow","target_tagname":"wizardpage","target_id":"summary"}
INST ded7fd40a5bfd840 2016-03-30T23:42:19.400Z {"type":"command","target_tagname":"wizard","target_id":"TorNetworkSettings"}
INST ded7fd40a5bfd840 2016-03-30T23:42:21.600Z {"type":"pagehide","target_tagname":"wizardpage","target_id":"summary"}
INST ded7fd40a5bfd840 2016-03-30T23:42:21.600Z {"type":"pageadvanced","target_tagname":"wizardpage","target_id":"summary"}
INST ded7fd40a5bfd840 2016-03-30T23:42:21.600Z {"type":"wizardnext","target_tagname":"wizard","target_id":"TorNetworkSettings"}
INST ded7fd40a5bfd840 2016-03-30T23:42:21.600Z {"type":"pageshow","target_tagname":"wizardpage","target_id":"inlineprogress"}
INST ded7fd40a5bfd840 2016-03-30T23:42:21.600Z {"type":"click","target_tagname":"wizard","target_id":"TorNetworkSettings","detail":1}
INST ded7fd40a5bfd840 2016-03-30T23:42:27.900Z {"type":"progresschanged","target_tagname":"progressmeter","target_id":"progressMeter","value":5}
INST ded7fd40a5bfd840 2016-03-30T23:42:27.900Z {"type":"good","target_tagname":"image","target_id":"progressbar","configurationSettings":"bridge-noproxy","number":1}
INST ded7fd40a5bfd840 2016-03-30T23:42:27.900Z {"type":"progresschanged","target_tagname":"progressmeter","target_id":"progressMeter","value":10}
INST ded7fd40a5bfd840 2016-03-30T23:42:27.900Z {"type":"good","target_tagname":"image","target_id":"progressbar","configurationSettings":"bridge-noproxy","number":1}
INST ded7fd40a5bfd840 2016-03-30T23:42:29.100Z {"type":"progresschanged","target_tagname":"progressmeter","target_id":"progressMeter","value":15}
INST ded7fd40a5bfd840 2016-03-30T23:42:29.100Z {"type":"good","target_tagname":"image","target_id":"progressbar","configurationSettings":"bridge-noproxy","number":1}
INST ded7fd40a5bfd840 2016-03-30T23:42:29.300Z {"type":"progresschanged","target_tagname":"progressmeter","target_id":"progressMeter","value":20}
INST ded7fd40a5bfd840 2016-03-30T23:42:29.300Z {"type":"good","target_tagname":"image","target_id":"progressbar","configurationSettings":"bridge-noproxy","number":1}
INST ded7fd40a5bfd840 2016-03-30T23:42:29.900Z {"type":"progresschanged","target_tagname":"progressmeter","target_id":"progressMeter","value":25}
INST ded7fd40a5bfd840 2016-03-30T23:42:29.900Z {"type":"good","target_tagname":"image","target_id":"progressbar","configurationSettings":"bridge-noproxy","number":2}
INST ded7fd40a5bfd840 2016-03-30T23:42:31.600Z {"type":"progresschanged","target_tagname":"progressmeter","target_id":"progressMeter","value":40}
INST ded7fd40a5bfd840 2016-03-30T23:42:31.600Z {"type":"good","target_tagname":"image","target_id":"progressbar","configurationSettings":"bridge-noproxy","number":2}
INST ded7fd40a5bfd840 2016-03-30T23:42:31.900Z {"type":"progresschanged","target_tagname":"progressmeter","target_id":"progressMeter","value":45}
INST ded7fd40a5bfd840 2016-03-30T23:42:31.900Z {"type":"good","target_tagname":"image","target_id":"progressbar","configurationSettings":"bridge-noproxy","number":2}
INST ded7fd40a5bfd840 2016-03-30T23:42:32.300Z {"type":"progresschanged","target_tagname":"progressmeter","target_id":"progressMeter","value":50}
INST ded7fd40a5bfd840 2016-03-30T23:42:32.300Z {"type":"good","target_tagname":"image","target_id":"progressbar","configurationSettings":"bridge-noproxy","number":2}
INST ded7fd40a5bfd840 2016-03-30T23:42:32.900Z {"type":"progresschanged","target_tagname":"progressmeter","target_id":"progressMeter","value":51}
INST ded7fd40a5bfd840 2016-03-30T23:42:32.900Z {"type":"good","target_tagname":"image","target_id":"progressbar","configurationSettings":"bridge-noproxy","number":2}
INST ded7fd40a5bfd840 2016-03-30T23:42:33.000Z {"type":"progresschanged","target_tagname":"progressmeter","target_id":"progressMeter","value":52}
INST ded7fd40a5bfd840 2016-03-30T23:42:33.000Z {"type":"good","target_tagname":"image","target_id":"progressbar","configurationSettings":"bridge-noproxy","number":2}
INST ded7fd40a5bfd840 2016-03-30T23:42:33.200Z {"type":"progresschanged","target_tagname":"progressmeter","target_id":"progressMeter","value":53}
INST ded7fd40a5bfd840 2016-03-30T23:42:33.200Z {"type":"good","target_tagname":"image","target_id":"progressbar","configurationSettings":"bridge-noproxy","number":2}
INST ded7fd40a5bfd840 2016-03-30T23:42:33.400Z {"type":"progresschanged","target_tagname":"progressmeter","target_id":"progressMeter","value":55}
INST ded7fd40a5bfd840 2016-03-30T23:42:33.400Z {"type":"good","target_tagname":"image","target_id":"progressbar","configurationSettings":"bridge-noproxy","number":2}
INST ded7fd40a5bfd840 2016-03-30T23:42:33.700Z {"type":"progresschanged","target_tagname":"progressmeter","target_id":"progressMeter","value":58}
INST ded7fd40a5bfd840 2016-03-30T23:42:33.700Z {"type":"good","target_tagname":"image","target_id":"progressbar","configurationSettings":"bridge-noproxy","number":2}
INST ded7fd40a5bfd840 2016-03-30T23:42:33.700Z {"type":"progresschanged","target_tagname":"progressmeter","target_id":"progressMeter","value":62}
INST ded7fd40a5bfd840 2016-03-30T23:42:33.700Z {"type":"good","target_tagname":"image","target_id":"progressbar","configurationSettings":"bridge-noproxy","number":2}
INST ded7fd40a5bfd840 2016-03-30T23:42:33.900Z {"type":"progresschanged","target_tagname":"progressmeter","target_id":"progressMeter","value":66}
INST ded7fd40a5bfd840 2016-03-30T23:42:33.900Z {"type":"good","target_tagname":"image","target_id":"progressbar","configurationSettings":"bridge-noproxy","number":2}
INST ded7fd40a5bfd840 2016-03-30T23:42:34.100Z {"type":"progresschanged","target_tagname":"progressmeter","target_id":"progressMeter","value":72}
INST ded7fd40a5bfd840 2016-03-30T23:42:34.100Z {"type":"good","target_tagname":"image","target_id":"progressbar","configurationSettings":"bridge-noproxy","number":2}
INST ded7fd40a5bfd840 2016-03-30T23:42:34.100Z {"type":"progresschanged","target_tagname":"progressmeter","target_id":"progressMeter","value":78}
INST ded7fd40a5bfd840 2016-03-30T23:42:34.100Z {"type":"good","target_tagname":"image","target_id":"progressbar","configurationSettings":"bridge-noproxy","number":2}
INST ded7fd40a5bfd840 2016-03-30T23:42:34.900Z {"type":"progresschanged","target_tagname":"progressmeter","target_id":"progressMeter","value":80}
INST ded7fd40a5bfd840 2016-03-30T23:42:34.900Z {"type":"good","target_tagname":"image","target_id":"progressbar","configurationSettings":"bridge-noproxy","number":2}
INST ded7fd40a5bfd840 2016-03-30T23:42:34.900Z {"type":"progresschanged","target_tagname":"progressmeter","target_id":"progressMeter","value":90}
INST ded7fd40a5bfd840 2016-03-30T23:42:34.900Z {"type":"good","target_tagname":"image","target_id":"progressbar","configurationSettings":"bridge-noproxy","number":3}
INST ded7fd40a5bfd840 2016-03-30T23:42:38.000Z {"type":"progresschanged","target_tagname":"progressmeter","target_id":"progressMeter","value":100}
INST ded7fd40a5bfd840 2016-03-30T23:42:38.000Z {"type":"good","target_tagname":"image","target_id":"progressbar","configurationSettings":"bridge-noproxy","number":4}
INST ded7fd40a5bfd840 2016-03-30T23:42:38.200Z {"type":"unload","target_id":"configuration"}
