INST 238599712de901c5 2016-03-28T21:19:13.200Z {"type":"start"}
INST 238599712de901c5 2016-03-28T21:19:16.400Z {"type":"select","target_tagname":"menulist","target_id":"proxyType","value":""}
INST 238599712de901c5 2016-03-28T21:19:16.400Z {"type":"wizardnext","target_tagname":"wizard","target_id":"TorNetworkSettings"}
INST 238599712de901c5 2016-03-28T21:19:16.400Z {"type":"pageshow","target_tagname":"wizardpage","target_id":"first"}
INST 238599712de901c5 2016-03-28T21:19:16.400Z {"type":"load","target_id":"configuration"}
INST 238599712de901c5 2016-03-28T21:19:16.400Z {"type":"select","target_tagname":"menulist","target_id":"defaultBridgeType","value":"obfs3"}
INST 238599712de901c5 2016-03-28T21:19:26.200Z {"type":"click","target_tagname":"button","target_id":"connect_button","detail":1}
INST 238599712de901c5 2016-03-28T21:19:26.200Z {"type":"pagehide","target_tagname":"wizardpage","target_id":"first"}
INST 238599712de901c5 2016-03-28T21:19:26.200Z {"type":"pageadvanced","target_tagname":"wizardpage","target_id":"first"}
INST 238599712de901c5 2016-03-28T21:19:26.200Z {"type":"wizardnext","target_tagname":"wizard","target_id":"TorNetworkSettings"}
INST 238599712de901c5 2016-03-28T21:19:26.200Z {"type":"pageshow","target_tagname":"wizardpage","target_id":"inlineprogress"}
INST 238599712de901c5 2016-03-28T21:19:26.200Z {"type":"command","target_tagname":"button","target_id":"connect_button"}
INST 238599712de901c5 2016-03-28T21:19:26.900Z {"type":"progresschanged","target_tagname":"progressmeter","target_id":"progressMeter","value":5}
INST 238599712de901c5 2016-03-28T21:19:26.900Z {"type":"good","target_tagname":"image","target_id":"progressbar","configurationSettings":"nobridge-noproxy","number":1}
INST 238599712de901c5 2016-03-28T21:19:26.900Z {"type":"progresschanged","target_tagname":"progressmeter","target_id":"progressMeter","value":5}
INST 238599712de901c5 2016-03-28T21:19:26.900Z {"type":"good","target_tagname":"image","target_id":"progressbar","configurationSettings":"nobridge-noproxy","number":1}
INST 238599712de901c5 2016-03-28T21:19:26.900Z {"type":"progresschanged","target_tagname":"progressmeter","target_id":"progressMeter","value":5}
INST 238599712de901c5 2016-03-28T21:19:26.900Z {"type":"good","target_tagname":"image","target_id":"progressbar","configurationSettings":"nobridge-noproxy","number":1}
INST 238599712de901c5 2016-03-28T21:20:05.000Z {"type":"click","target_tagname":"label","target_id":"progressBridge","detail":1}
INST 238599712de901c5 2016-03-28T21:20:06.200Z {"type":"click","detail":1}
INST 238599712de901c5 2016-03-28T21:20:27.900Z {"type":"progresschanged","target_tagname":"progressmeter","target_id":"progressMeter","value":5}
INST 238599712de901c5 2016-03-28T21:20:27.900Z {"type":"good","target_tagname":"image","target_id":"progressbar","configurationSettings":"nobridge-noproxy","number":1}
INST 238599712de901c5 2016-03-28T21:21:29.700Z {"type":"click","target_tagname":"vbox","target_id":"","detail":1}
INST 238599712de901c5 2016-03-28T21:21:55.000Z {"type":"click","target_tagname":"wizard","target_id":"TorNetworkSettings","detail":1}
INST 238599712de901c5 2016-03-28T21:21:55.000Z {"type":"wizardcancel","target_tagname":"wizard","target_id":"TorNetworkSettings"}
INST 238599712de901c5 2016-03-28T21:21:55.000Z {"type":"command","target_tagname":"wizard","target_id":"TorNetworkSettings"}
INST 238599712de901c5 2016-03-28T21:21:55.000Z {"type":"unload","target_id":"configuration"}
INST f607757e97bba7c3 2016-03-28T21:21:57.300Z {"type":"start"}
INST f607757e97bba7c3 2016-03-28T21:21:58.100Z {"type":"select","target_tagname":"menulist","target_id":"proxyType","value":""}
INST f607757e97bba7c3 2016-03-28T21:21:58.100Z {"type":"wizardnext","target_tagname":"wizard","target_id":"TorNetworkSettings"}
INST f607757e97bba7c3 2016-03-28T21:21:58.100Z {"type":"pageshow","target_tagname":"wizardpage","target_id":"first"}
INST f607757e97bba7c3 2016-03-28T21:21:58.100Z {"type":"load","target_id":"configuration"}
INST f607757e97bba7c3 2016-03-28T21:21:58.200Z {"type":"select","target_tagname":"menulist","target_id":"defaultBridgeType","value":"obfs3"}
INST f607757e97bba7c3 2016-03-28T21:22:00.800Z {"type":"click","target_tagname":"button","target_id":"configure_button","detail":1}
INST f607757e97bba7c3 2016-03-28T21:22:00.800Z {"type":"pagehide","target_tagname":"wizardpage","target_id":"first"}
INST f607757e97bba7c3 2016-03-28T21:22:00.800Z {"type":"pageadvanced","target_tagname":"wizardpage","target_id":"first"}
INST f607757e97bba7c3 2016-03-28T21:22:00.800Z {"type":"wizardnext","target_tagname":"wizard","target_id":"TorNetworkSettings"}
INST f607757e97bba7c3 2016-03-28T21:22:00.800Z {"type":"pageshow","target_tagname":"wizardpage","target_id":"proxy"}
INST f607757e97bba7c3 2016-03-28T21:22:00.800Z {"type":"command","target_tagname":"button","target_id":"configure_button"}
INST f607757e97bba7c3 2016-03-28T21:22:03.200Z {"type":"click","target_tagname":"radio","target_id":"proxyRadioWith","detail":1}
INST f607757e97bba7c3 2016-03-28T21:22:03.200Z {"type":"command","target_tagname":"radio","target_id":"proxyRadioWith"}
INST f607757e97bba7c3 2016-03-28T21:22:04.500Z {"type":"popupshown","target_tagname":"menupopup","target_id":"proxyType_menuPopup"}
INST f607757e97bba7c3 2016-03-28T21:22:04.600Z {"type":"click","target_tagname":"menulist","target_id":"proxyType","value":"","detail":1}
INST f607757e97bba7c3 2016-03-28T21:22:04.900Z {"type":"mouseover","target_tagname":"menuitem","target_id":"","value":""}
INST f607757e97bba7c3 2016-03-28T21:22:05.200Z {"type":"mouseout","target_tagname":"menuitem","target_id":"","value":""}
INST f607757e97bba7c3 2016-03-28T21:22:05.200Z {"type":"mouseover","target_tagname":"menuitem","target_id":"","value":"SOCKS4"}
INST f607757e97bba7c3 2016-03-28T21:22:06.000Z {"type":"mouseout","target_tagname":"menuitem","target_id":"","value":"SOCKS4"}
INST f607757e97bba7c3 2016-03-28T21:22:06.000Z {"type":"mouseover","target_tagname":"menuitem","target_id":"","value":""}
INST f607757e97bba7c3 2016-03-28T21:22:06.300Z {"type":"mouseout","target_tagname":"menuitem","target_id":"","value":""}
INST f607757e97bba7c3 2016-03-28T21:22:06.300Z {"type":"mouseover","target_tagname":"menuitem","target_id":"","value":"SOCKS4"}
INST f607757e97bba7c3 2016-03-28T21:22:07.000Z {"type":"click","target_tagname":"menuitem","target_id":"","value":"SOCKS4","detail":1}
INST f607757e97bba7c3 2016-03-28T21:22:07.000Z {"type":"select","target_tagname":"menulist","target_id":"proxyType","value":"SOCKS4"}
INST f607757e97bba7c3 2016-03-28T21:22:07.000Z {"type":"command","target_tagname":"menuitem","target_id":"","value":"SOCKS4"}
INST f607757e97bba7c3 2016-03-28T21:22:07.000Z {"type":"popuphidden","target_tagname":"menupopup","target_id":"proxyType_menuPopup"}
INST f607757e97bba7c3 2016-03-28T21:22:07.000Z {"type":"mouseout","target_tagname":"menuitem","target_id":"","value":"SOCKS4"}
INST f607757e97bba7c3 2016-03-28T21:22:07.800Z {"type":"select","target_tagname":"textbox","target_id":"proxyAddr"}
INST f607757e97bba7c3 2016-03-28T21:22:08.000Z {"type":"click","target_tagname":"textbox","target_id":"proxyAddr","detail":1}
INST f607757e97bba7c3 2016-03-28T21:22:08.700Z {"type":"click","target_tagname":"label","target_id":"","detail":1}
INST f607757e97bba7c3 2016-03-28T21:22:08.900Z {"type":"click","target_tagname":"textbox","target_id":"proxyPort","detail":1}
INST f607757e97bba7c3 2016-03-28T21:22:09.700Z {"type":"popupshown","target_tagname":"menupopup","target_id":"proxyType_menuPopup"}
INST f607757e97bba7c3 2016-03-28T21:22:09.800Z {"type":"click","target_tagname":"menulist","target_id":"proxyType","value":"SOCKS4","detail":1}
INST f607757e97bba7c3 2016-03-28T21:22:09.900Z {"type":"mouseover","target_tagname":"menuitem","target_id":"","value":""}
INST f607757e97bba7c3 2016-03-28T21:22:10.000Z {"type":"mouseout","target_tagname":"menuitem","target_id":"","value":""}
INST f607757e97bba7c3 2016-03-28T21:22:10.000Z {"type":"mouseover","target_tagname":"menuitem","target_id":"","value":"SOCKS4"}
INST f607757e97bba7c3 2016-03-28T21:22:10.100Z {"type":"mouseout","target_tagname":"menuitem","target_id":"","value":"SOCKS4"}
INST f607757e97bba7c3 2016-03-28T21:22:10.100Z {"type":"mouseover","target_tagname":"menuitem","target_id":"","value":"SOCKS5"}
INST f607757e97bba7c3 2016-03-28T21:22:10.300Z {"type":"mouseout","target_tagname":"menuitem","target_id":"","value":"SOCKS5"}
INST f607757e97bba7c3 2016-03-28T21:22:10.300Z {"type":"mouseover","target_tagname":"menuitem","target_id":"","value":"HTTP"}
INST f607757e97bba7c3 2016-03-28T21:22:10.600Z {"type":"click","target_tagname":"menuitem","target_id":"","value":"HTTP","detail":1}
INST f607757e97bba7c3 2016-03-28T21:22:10.600Z {"type":"select","target_tagname":"menulist","target_id":"proxyType","value":"HTTP"}
INST f607757e97bba7c3 2016-03-28T21:22:10.600Z {"type":"command","target_tagname":"menuitem","target_id":"","value":"HTTP"}
INST f607757e97bba7c3 2016-03-28T21:22:10.600Z {"type":"popuphidden","target_tagname":"menupopup","target_id":"proxyType_menuPopup"}
INST f607757e97bba7c3 2016-03-28T21:22:10.600Z {"type":"mouseout","target_tagname":"menuitem","target_id":"","value":"HTTP"}
INST f607757e97bba7c3 2016-03-28T21:22:14.200Z {"type":"click","target_tagname":"radio","target_id":"proxyRadioWithout","detail":1}
INST f607757e97bba7c3 2016-03-28T21:22:14.200Z {"type":"command","target_tagname":"radio","target_id":"proxyRadioWithout"}
INST f607757e97bba7c3 2016-03-28T21:22:15.300Z {"type":"click","target_tagname":"wizard","target_id":"TorNetworkSettings","detail":1}
INST f607757e97bba7c3 2016-03-28T21:22:15.300Z {"type":"pagehide","target_tagname":"wizardpage","target_id":"proxy"}
INST f607757e97bba7c3 2016-03-28T21:22:15.300Z {"type":"pageadvanced","target_tagname":"wizardpage","target_id":"proxy"}
INST f607757e97bba7c3 2016-03-28T21:22:15.300Z {"type":"wizardnext","target_tagname":"wizard","target_id":"TorNetworkSettings"}
INST f607757e97bba7c3 2016-03-28T21:22:15.300Z {"type":"pageshow","target_tagname":"wizardpage","target_id":"bridges"}
INST f607757e97bba7c3 2016-03-28T21:22:15.300Z {"type":"command","target_tagname":"wizard","target_id":"TorNetworkSettings"}
INST f607757e97bba7c3 2016-03-28T21:22:19.600Z {"type":"click","target_tagname":"radio","target_id":"bridgeRadioDefault","detail":1}
INST f607757e97bba7c3 2016-03-28T21:22:19.600Z {"type":"command","target_tagname":"radio","target_id":"bridgeRadioDefault"}
INST f607757e97bba7c3 2016-03-28T21:22:22.800Z {"type":"click","target_tagname":"wizard","target_id":"TorNetworkSettings","detail":1}
INST f607757e97bba7c3 2016-03-28T21:22:22.800Z {"type":"pagehide","target_tagname":"wizardpage","target_id":"bridges"}
INST f607757e97bba7c3 2016-03-28T21:22:22.800Z {"type":"pageadvanced","target_tagname":"wizardpage","target_id":"bridges"}
INST f607757e97bba7c3 2016-03-28T21:22:22.800Z {"type":"wizardnext","target_tagname":"wizard","target_id":"TorNetworkSettings"}
INST f607757e97bba7c3 2016-03-28T21:22:22.800Z {"type":"pageshow","target_tagname":"wizardpage","target_id":"summary"}
INST f607757e97bba7c3 2016-03-28T21:22:22.800Z {"type":"command","target_tagname":"wizard","target_id":"TorNetworkSettings"}
INST f607757e97bba7c3 2016-03-28T21:22:25.100Z {"type":"pagehide","target_tagname":"wizardpage","target_id":"summary"}
INST f607757e97bba7c3 2016-03-28T21:22:25.100Z {"type":"pageadvanced","target_tagname":"wizardpage","target_id":"summary"}
INST f607757e97bba7c3 2016-03-28T21:22:25.200Z {"type":"wizardnext","target_tagname":"wizard","target_id":"TorNetworkSettings"}
INST f607757e97bba7c3 2016-03-28T21:22:25.200Z {"type":"pageshow","target_tagname":"wizardpage","target_id":"inlineprogress"}
INST f607757e97bba7c3 2016-03-28T21:22:25.200Z {"type":"click","target_tagname":"wizard","target_id":"TorNetworkSettings","detail":1}
INST f607757e97bba7c3 2016-03-28T21:22:33.000Z {"type":"progresschanged","target_tagname":"progressmeter","target_id":"progressMeter","value":5}
INST f607757e97bba7c3 2016-03-28T21:22:33.000Z {"type":"good","target_tagname":"image","target_id":"progressbar","configurationSettings":"bridge-noproxy","number":1}
INST f607757e97bba7c3 2016-03-28T21:22:33.000Z {"type":"progresschanged","target_tagname":"progressmeter","target_id":"progressMeter","value":10}
INST f607757e97bba7c3 2016-03-28T21:22:33.000Z {"type":"good","target_tagname":"image","target_id":"progressbar","configurationSettings":"bridge-noproxy","number":1}
INST f607757e97bba7c3 2016-03-28T21:22:34.100Z {"type":"progresschanged","target_tagname":"progressmeter","target_id":"progressMeter","value":15}
INST f607757e97bba7c3 2016-03-28T21:22:34.100Z {"type":"good","target_tagname":"image","target_id":"progressbar","configurationSettings":"bridge-noproxy","number":1}
INST f607757e97bba7c3 2016-03-28T21:22:34.300Z {"type":"progresschanged","target_tagname":"progressmeter","target_id":"progressMeter","value":20}
INST f607757e97bba7c3 2016-03-28T21:22:34.300Z {"type":"good","target_tagname":"image","target_id":"progressbar","configurationSettings":"bridge-noproxy","number":1}
INST f607757e97bba7c3 2016-03-28T21:22:34.900Z {"type":"progresschanged","target_tagname":"progressmeter","target_id":"progressMeter","value":25}
INST f607757e97bba7c3 2016-03-28T21:22:34.900Z {"type":"good","target_tagname":"image","target_id":"progressbar","configurationSettings":"bridge-noproxy","number":2}
INST f607757e97bba7c3 2016-03-28T21:22:36.600Z {"type":"progresschanged","target_tagname":"progressmeter","target_id":"progressMeter","value":40}
INST f607757e97bba7c3 2016-03-28T21:22:36.600Z {"type":"good","target_tagname":"image","target_id":"progressbar","configurationSettings":"bridge-noproxy","number":2}
INST f607757e97bba7c3 2016-03-28T21:22:37.200Z {"type":"progresschanged","target_tagname":"progressmeter","target_id":"progressMeter","value":45}
INST f607757e97bba7c3 2016-03-28T21:22:37.200Z {"type":"good","target_tagname":"image","target_id":"progressbar","configurationSettings":"bridge-noproxy","number":2}
INST f607757e97bba7c3 2016-03-28T21:22:37.500Z {"type":"progresschanged","target_tagname":"progressmeter","target_id":"progressMeter","value":50}
INST f607757e97bba7c3 2016-03-28T21:22:37.500Z {"type":"good","target_tagname":"image","target_id":"progressbar","configurationSettings":"bridge-noproxy","number":2}
INST f607757e97bba7c3 2016-03-28T21:22:38.300Z {"type":"progresschanged","target_tagname":"progressmeter","target_id":"progressMeter","value":51}
INST f607757e97bba7c3 2016-03-28T21:22:38.300Z {"type":"good","target_tagname":"image","target_id":"progressbar","configurationSettings":"bridge-noproxy","number":2}
INST f607757e97bba7c3 2016-03-28T21:22:38.500Z {"type":"progresschanged","target_tagname":"progressmeter","target_id":"progressMeter","value":52}
INST f607757e97bba7c3 2016-03-28T21:22:38.500Z {"type":"good","target_tagname":"image","target_id":"progressbar","configurationSettings":"bridge-noproxy","number":2}
INST f607757e97bba7c3 2016-03-28T21:22:38.600Z {"type":"progresschanged","target_tagname":"progressmeter","target_id":"progressMeter","value":54}
INST f607757e97bba7c3 2016-03-28T21:22:38.600Z {"type":"good","target_tagname":"image","target_id":"progressbar","configurationSettings":"bridge-noproxy","number":2}
INST f607757e97bba7c3 2016-03-28T21:22:38.600Z {"type":"progresschanged","target_tagname":"progressmeter","target_id":"progressMeter","value":56}
INST f607757e97bba7c3 2016-03-28T21:22:38.600Z {"type":"good","target_tagname":"image","target_id":"progressbar","configurationSettings":"bridge-noproxy","number":2}
INST f607757e97bba7c3 2016-03-28T21:22:38.800Z {"type":"progresschanged","target_tagname":"progressmeter","target_id":"progressMeter","value":60}
INST f607757e97bba7c3 2016-03-28T21:22:38.800Z {"type":"good","target_tagname":"image","target_id":"progressbar","configurationSettings":"bridge-noproxy","number":2}
INST f607757e97bba7c3 2016-03-28T21:22:38.800Z {"type":"progresschanged","target_tagname":"progressmeter","target_id":"progressMeter","value":64}
INST f607757e97bba7c3 2016-03-28T21:22:38.800Z {"type":"good","target_tagname":"image","target_id":"progressbar","configurationSettings":"bridge-noproxy","number":2}
INST f607757e97bba7c3 2016-03-28T21:22:38.800Z {"type":"progresschanged","target_tagname":"progressmeter","target_id":"progressMeter","value":68}
INST f607757e97bba7c3 2016-03-28T21:22:38.800Z {"type":"good","target_tagname":"image","target_id":"progressbar","configurationSettings":"bridge-noproxy","number":2}
INST f607757e97bba7c3 2016-03-28T21:22:39.300Z {"type":"progresschanged","target_tagname":"progressmeter","target_id":"progressMeter","value":72}
INST f607757e97bba7c3 2016-03-28T21:22:39.300Z {"type":"good","target_tagname":"image","target_id":"progressbar","configurationSettings":"bridge-noproxy","number":2}
INST f607757e97bba7c3 2016-03-28T21:22:40.000Z {"type":"progresschanged","target_tagname":"progressmeter","target_id":"progressMeter","value":80}
INST f607757e97bba7c3 2016-03-28T21:22:40.000Z {"type":"good","target_tagname":"image","target_id":"progressbar","configurationSettings":"bridge-noproxy","number":2}
INST f607757e97bba7c3 2016-03-28T21:22:40.000Z {"type":"progresschanged","target_tagname":"progressmeter","target_id":"progressMeter","value":90}
INST f607757e97bba7c3 2016-03-28T21:22:40.000Z {"type":"good","target_tagname":"image","target_id":"progressbar","configurationSettings":"bridge-noproxy","number":3}
INST f607757e97bba7c3 2016-03-28T21:22:45.200Z {"type":"progresschanged","target_tagname":"progressmeter","target_id":"progressMeter","value":100}
INST f607757e97bba7c3 2016-03-28T21:22:45.200Z {"type":"good","target_tagname":"image","target_id":"progressbar","configurationSettings":"bridge-noproxy","number":4}
INST f607757e97bba7c3 2016-03-28T21:22:45.400Z {"type":"unload","target_id":"configuration"}
