INST 78eb3ba7b7ed8500 2016-03-23T21:10:01.300Z {"type":"start"}
INST 78eb3ba7b7ed8500 2016-03-23T21:10:03.700Z {"type":"select","target_tagname":"menulist","target_id":"proxyType","value":""}
INST 78eb3ba7b7ed8500 2016-03-23T21:10:03.700Z {"type":"wizardnext","target_tagname":"wizard","target_id":"TorNetworkSettings"}
INST 78eb3ba7b7ed8500 2016-03-23T21:10:03.700Z {"type":"pageshow","target_tagname":"wizardpage","target_id":"first"}
INST 78eb3ba7b7ed8500 2016-03-23T21:10:03.800Z {"type":"load","target_id":"configuration"}
INST 78eb3ba7b7ed8500 2016-03-23T21:10:03.800Z {"type":"select","target_tagname":"menulist","target_id":"defaultBridgeType","value":"obfs3"}
INST 78eb3ba7b7ed8500 2016-03-23T21:10:34.100Z {"type":"click","target_tagname":"button","target_id":"configure_button","detail":1}
INST 78eb3ba7b7ed8500 2016-03-23T21:10:34.100Z {"type":"pagehide","target_tagname":"wizardpage","target_id":"first"}
INST 78eb3ba7b7ed8500 2016-03-23T21:10:34.100Z {"type":"pageadvanced","target_tagname":"wizardpage","target_id":"first"}
INST 78eb3ba7b7ed8500 2016-03-23T21:10:34.100Z {"type":"wizardnext","target_tagname":"wizard","target_id":"TorNetworkSettings"}
INST 78eb3ba7b7ed8500 2016-03-23T21:10:34.100Z {"type":"pageshow","target_tagname":"wizardpage","target_id":"proxy"}
INST 78eb3ba7b7ed8500 2016-03-23T21:10:34.100Z {"type":"command","target_tagname":"button","target_id":"configure_button"}
INST 78eb3ba7b7ed8500 2016-03-23T21:11:20.300Z {"type":"click","target_tagname":"wizard","target_id":"TorNetworkSettings","detail":1}
INST 78eb3ba7b7ed8500 2016-03-23T21:11:20.300Z {"type":"pagehide","target_tagname":"wizardpage","target_id":"proxy"}
INST 78eb3ba7b7ed8500 2016-03-23T21:11:20.300Z {"type":"pageadvanced","target_tagname":"wizardpage","target_id":"proxy"}
INST 78eb3ba7b7ed8500 2016-03-23T21:11:20.300Z {"type":"wizardnext","target_tagname":"wizard","target_id":"TorNetworkSettings"}
INST 78eb3ba7b7ed8500 2016-03-23T21:11:20.300Z {"type":"pageshow","target_tagname":"wizardpage","target_id":"bridges"}
INST 78eb3ba7b7ed8500 2016-03-23T21:11:20.300Z {"type":"command","target_tagname":"wizard","target_id":"TorNetworkSettings"}
INST 78eb3ba7b7ed8500 2016-03-23T21:11:30.300Z {"type":"click","target_tagname":"radio","target_id":"bridgeRadioDefault","detail":1}
INST 78eb3ba7b7ed8500 2016-03-23T21:11:30.300Z {"type":"command","target_tagname":"radio","target_id":"bridgeRadioDefault"}
INST 78eb3ba7b7ed8500 2016-03-23T21:11:34.000Z {"type":"click","target_tagname":"wizard","target_id":"TorNetworkSettings","detail":1}
INST 78eb3ba7b7ed8500 2016-03-23T21:11:34.000Z {"type":"pagehide","target_tagname":"wizardpage","target_id":"bridges"}
INST 78eb3ba7b7ed8500 2016-03-23T21:11:34.000Z {"type":"pageadvanced","target_tagname":"wizardpage","target_id":"bridges"}
INST 78eb3ba7b7ed8500 2016-03-23T21:11:34.000Z {"type":"wizardnext","target_tagname":"wizard","target_id":"TorNetworkSettings"}
INST 78eb3ba7b7ed8500 2016-03-23T21:11:34.000Z {"type":"pageshow","target_tagname":"wizardpage","target_id":"summary"}
INST 78eb3ba7b7ed8500 2016-03-23T21:11:34.000Z {"type":"command","target_tagname":"wizard","target_id":"TorNetworkSettings"}
INST 78eb3ba7b7ed8500 2016-03-23T21:11:40.400Z {"type":"pagehide","target_tagname":"wizardpage","target_id":"summary"}
INST 78eb3ba7b7ed8500 2016-03-23T21:11:40.400Z {"type":"pageadvanced","target_tagname":"wizardpage","target_id":"summary"}
INST 78eb3ba7b7ed8500 2016-03-23T21:11:40.500Z {"type":"wizardnext","target_tagname":"wizard","target_id":"TorNetworkSettings"}
INST 78eb3ba7b7ed8500 2016-03-23T21:11:40.500Z {"type":"pageshow","target_tagname":"wizardpage","target_id":"inlineprogress"}
INST 78eb3ba7b7ed8500 2016-03-23T21:11:40.500Z {"type":"click","target_tagname":"wizard","target_id":"TorNetworkSettings","detail":1}
INST 78eb3ba7b7ed8500 2016-03-23T21:11:47.300Z {"type":"progresschanged","target_tagname":"progressmeter","target_id":"progressMeter","value":5}
INST 78eb3ba7b7ed8500 2016-03-23T21:11:47.300Z {"type":"good","target_tagname":"image","target_id":"progressbar","configurationSettings":"bridge-noproxy","number":1}
INST 78eb3ba7b7ed8500 2016-03-23T21:11:47.300Z {"type":"progresschanged","target_tagname":"progressmeter","target_id":"progressMeter","value":10}
INST 78eb3ba7b7ed8500 2016-03-23T21:11:47.300Z {"type":"good","target_tagname":"image","target_id":"progressbar","configurationSettings":"bridge-noproxy","number":1}
INST 78eb3ba7b7ed8500 2016-03-23T21:11:48.400Z {"type":"progresschanged","target_tagname":"progressmeter","target_id":"progressMeter","value":15}
INST 78eb3ba7b7ed8500 2016-03-23T21:11:48.400Z {"type":"good","target_tagname":"image","target_id":"progressbar","configurationSettings":"bridge-noproxy","number":1}
INST 78eb3ba7b7ed8500 2016-03-23T21:11:48.600Z {"type":"progresschanged","target_tagname":"progressmeter","target_id":"progressMeter","value":20}
INST 78eb3ba7b7ed8500 2016-03-23T21:11:48.600Z {"type":"good","target_tagname":"image","target_id":"progressbar","configurationSettings":"bridge-noproxy","number":1}
INST 78eb3ba7b7ed8500 2016-03-23T21:11:49.200Z {"type":"progresschanged","target_tagname":"progressmeter","target_id":"progressMeter","value":25}
INST 78eb3ba7b7ed8500 2016-03-23T21:11:49.200Z {"type":"good","target_tagname":"image","target_id":"progressbar","configurationSettings":"bridge-noproxy","number":2}
INST 78eb3ba7b7ed8500 2016-03-23T21:11:50.900Z {"type":"progresschanged","target_tagname":"progressmeter","target_id":"progressMeter","value":40}
INST 78eb3ba7b7ed8500 2016-03-23T21:11:50.900Z {"type":"good","target_tagname":"image","target_id":"progressbar","configurationSettings":"bridge-noproxy","number":2}
INST 78eb3ba7b7ed8500 2016-03-23T21:11:51.500Z {"type":"progresschanged","target_tagname":"progressmeter","target_id":"progressMeter","value":45}
INST 78eb3ba7b7ed8500 2016-03-23T21:11:51.500Z {"type":"good","target_tagname":"image","target_id":"progressbar","configurationSettings":"bridge-noproxy","number":2}
INST 78eb3ba7b7ed8500 2016-03-23T21:11:51.800Z {"type":"progresschanged","target_tagname":"progressmeter","target_id":"progressMeter","value":50}
INST 78eb3ba7b7ed8500 2016-03-23T21:11:51.800Z {"type":"good","target_tagname":"image","target_id":"progressbar","configurationSettings":"bridge-noproxy","number":2}
INST 78eb3ba7b7ed8500 2016-03-23T21:11:52.600Z {"type":"progresschanged","target_tagname":"progressmeter","target_id":"progressMeter","value":51}
INST 78eb3ba7b7ed8500 2016-03-23T21:11:52.600Z {"type":"good","target_tagname":"image","target_id":"progressbar","configurationSettings":"bridge-noproxy","number":2}
INST 78eb3ba7b7ed8500 2016-03-23T21:11:52.800Z {"type":"progresschanged","target_tagname":"progressmeter","target_id":"progressMeter","value":52}
INST 78eb3ba7b7ed8500 2016-03-23T21:11:52.800Z {"type":"good","target_tagname":"image","target_id":"progressbar","configurationSettings":"bridge-noproxy","number":2}
INST 78eb3ba7b7ed8500 2016-03-23T21:11:52.900Z {"type":"progresschanged","target_tagname":"progressmeter","target_id":"progressMeter","value":54}
INST 78eb3ba7b7ed8500 2016-03-23T21:11:52.900Z {"type":"good","target_tagname":"image","target_id":"progressbar","configurationSettings":"bridge-noproxy","number":2}
INST 78eb3ba7b7ed8500 2016-03-23T21:11:53.000Z {"type":"progresschanged","target_tagname":"progressmeter","target_id":"progressMeter","value":57}
INST 78eb3ba7b7ed8500 2016-03-23T21:11:53.000Z {"type":"good","target_tagname":"image","target_id":"progressbar","configurationSettings":"bridge-noproxy","number":2}
INST 78eb3ba7b7ed8500 2016-03-23T21:11:53.200Z {"type":"progresschanged","target_tagname":"progressmeter","target_id":"progressMeter","value":59}
INST 78eb3ba7b7ed8500 2016-03-23T21:11:53.200Z {"type":"good","target_tagname":"image","target_id":"progressbar","configurationSettings":"bridge-noproxy","number":2}
INST 78eb3ba7b7ed8500 2016-03-23T21:11:54.300Z {"type":"progresschanged","target_tagname":"progressmeter","target_id":"progressMeter","value":60}
INST 78eb3ba7b7ed8500 2016-03-23T21:11:54.300Z {"type":"good","target_tagname":"image","target_id":"progressbar","configurationSettings":"bridge-noproxy","number":2}
INST 78eb3ba7b7ed8500 2016-03-23T21:11:54.400Z {"type":"progresschanged","target_tagname":"progressmeter","target_id":"progressMeter","value":63}
INST 78eb3ba7b7ed8500 2016-03-23T21:11:54.400Z {"type":"good","target_tagname":"image","target_id":"progressbar","configurationSettings":"bridge-noproxy","number":2}
INST 78eb3ba7b7ed8500 2016-03-23T21:11:54.900Z {"type":"progresschanged","target_tagname":"progressmeter","target_id":"progressMeter","value":67}
INST 78eb3ba7b7ed8500 2016-03-23T21:11:54.900Z {"type":"good","target_tagname":"image","target_id":"progressbar","configurationSettings":"bridge-noproxy","number":2}
INST 78eb3ba7b7ed8500 2016-03-23T21:11:54.900Z {"type":"progresschanged","target_tagname":"progressmeter","target_id":"progressMeter","value":73}
INST 78eb3ba7b7ed8500 2016-03-23T21:11:54.900Z {"type":"good","target_tagname":"image","target_id":"progressbar","configurationSettings":"bridge-noproxy","number":2}
INST 78eb3ba7b7ed8500 2016-03-23T21:11:55.200Z {"type":"progresschanged","target_tagname":"progressmeter","target_id":"progressMeter","value":80}
INST 78eb3ba7b7ed8500 2016-03-23T21:11:55.200Z {"type":"good","target_tagname":"image","target_id":"progressbar","configurationSettings":"bridge-noproxy","number":2}
INST 78eb3ba7b7ed8500 2016-03-23T21:11:55.200Z {"type":"progresschanged","target_tagname":"progressmeter","target_id":"progressMeter","value":90}
INST 78eb3ba7b7ed8500 2016-03-23T21:11:56.800Z {"type":"good","target_tagname":"image","target_id":"progressbar","configurationSettings":"bridge-noproxy","number":3}
INST 78eb3ba7b7ed8500 2016-03-23T21:12:02.600Z {"type":"progresschanged","target_tagname":"progressmeter","target_id":"progressMeter","value":100}
INST 78eb3ba7b7ed8500 2016-03-23T21:12:02.600Z {"type":"good","target_tagname":"image","target_id":"progressbar","configurationSettings":"bridge-noproxy","number":4}
INST 78eb3ba7b7ed8500 2016-03-23T21:12:02.800Z {"type":"unload","target_id":"configuration"}
