INST 2981019271a00bf7 2016-03-28T21:19:05.500Z {"type":"start"}
INST 2981019271a00bf7 2016-03-28T21:19:06.900Z {"type":"select","target_tagname":"menulist","target_id":"proxyType","value":""}
INST 2981019271a00bf7 2016-03-28T21:19:06.900Z {"type":"wizardnext","target_tagname":"wizard","target_id":"TorNetworkSettings"}
INST 2981019271a00bf7 2016-03-28T21:19:06.900Z {"type":"pageshow","target_tagname":"wizardpage","target_id":"first"}
INST 2981019271a00bf7 2016-03-28T21:19:07.000Z {"type":"load","target_id":"configuration"}
INST 2981019271a00bf7 2016-03-28T21:19:07.000Z {"type":"select","target_tagname":"menulist","target_id":"defaultBridgeType","value":"obfs3"}
INST 2981019271a00bf7 2016-03-28T21:19:12.400Z {"type":"click","target_tagname":"button","target_id":"connect_button","detail":1}
INST 2981019271a00bf7 2016-03-28T21:19:12.400Z {"type":"pagehide","target_tagname":"wizardpage","target_id":"first"}
INST 2981019271a00bf7 2016-03-28T21:19:12.400Z {"type":"pageadvanced","target_tagname":"wizardpage","target_id":"first"}
INST 2981019271a00bf7 2016-03-28T21:19:12.400Z {"type":"wizardnext","target_tagname":"wizard","target_id":"TorNetworkSettings"}
INST 2981019271a00bf7 2016-03-28T21:19:12.400Z {"type":"pageshow","target_tagname":"wizardpage","target_id":"inlineprogress"}
INST 2981019271a00bf7 2016-03-28T21:19:12.400Z {"type":"command","target_tagname":"button","target_id":"connect_button"}
INST 2981019271a00bf7 2016-03-28T21:19:13.400Z {"type":"progresschanged","target_tagname":"progressmeter","target_id":"progressMeter","value":5}
INST 2981019271a00bf7 2016-03-28T21:19:13.400Z {"type":"good","target_tagname":"image","target_id":"progressbar","configurationSettings":"nobridge-noproxy","number":1}
INST 2981019271a00bf7 2016-03-28T21:19:13.400Z {"type":"progresschanged","target_tagname":"progressmeter","target_id":"progressMeter","value":5}
INST 2981019271a00bf7 2016-03-28T21:19:13.400Z {"type":"good","target_tagname":"image","target_id":"progressbar","configurationSettings":"nobridge-noproxy","number":1}
INST 2981019271a00bf7 2016-03-28T21:19:13.400Z {"type":"progresschanged","target_tagname":"progressmeter","target_id":"progressMeter","value":5}
INST 2981019271a00bf7 2016-03-28T21:19:13.400Z {"type":"good","target_tagname":"image","target_id":"progressbar","configurationSettings":"nobridge-noproxy","number":1}
INST 2981019271a00bf7 2016-03-28T21:20:14.400Z {"type":"progresschanged","target_tagname":"progressmeter","target_id":"progressMeter","value":5}
INST 2981019271a00bf7 2016-03-28T21:20:14.400Z {"type":"good","target_tagname":"image","target_id":"progressbar","configurationSettings":"nobridge-noproxy","number":1}
INST 2981019271a00bf7 2016-03-28T21:22:17.500Z {"type":"click","target_tagname":"wizard","target_id":"TorNetworkSettings","detail":1}
INST 2981019271a00bf7 2016-03-28T21:22:17.500Z {"type":"wizardcancel","target_tagname":"wizard","target_id":"TorNetworkSettings"}
INST 2981019271a00bf7 2016-03-28T21:22:17.500Z {"type":"command","target_tagname":"wizard","target_id":"TorNetworkSettings"}
INST 2981019271a00bf7 2016-03-28T21:22:17.500Z {"type":"unload","target_id":"configuration"}
INST 0f8ec07ed6ade3a8 2016-03-28T21:22:19.600Z {"type":"start"}
INST 0f8ec07ed6ade3a8 2016-03-28T21:22:20.200Z {"type":"select","target_tagname":"menulist","target_id":"proxyType","value":""}
INST 0f8ec07ed6ade3a8 2016-03-28T21:22:20.200Z {"type":"wizardnext","target_tagname":"wizard","target_id":"TorNetworkSettings"}
INST 0f8ec07ed6ade3a8 2016-03-28T21:22:20.200Z {"type":"pageshow","target_tagname":"wizardpage","target_id":"first"}
INST 0f8ec07ed6ade3a8 2016-03-28T21:22:20.300Z {"type":"load","target_id":"configuration"}
INST 0f8ec07ed6ade3a8 2016-03-28T21:22:20.300Z {"type":"select","target_tagname":"menulist","target_id":"defaultBridgeType","value":"obfs3"}
INST 0f8ec07ed6ade3a8 2016-03-28T21:22:24.200Z {"type":"click","target_tagname":"button","target_id":"configure_button","detail":1}
INST 0f8ec07ed6ade3a8 2016-03-28T21:22:24.200Z {"type":"pagehide","target_tagname":"wizardpage","target_id":"first"}
INST 0f8ec07ed6ade3a8 2016-03-28T21:22:24.200Z {"type":"pageadvanced","target_tagname":"wizardpage","target_id":"first"}
INST 0f8ec07ed6ade3a8 2016-03-28T21:22:24.200Z {"type":"wizardnext","target_tagname":"wizard","target_id":"TorNetworkSettings"}
INST 0f8ec07ed6ade3a8 2016-03-28T21:22:24.200Z {"type":"pageshow","target_tagname":"wizardpage","target_id":"proxy"}
INST 0f8ec07ed6ade3a8 2016-03-28T21:22:24.200Z {"type":"command","target_tagname":"button","target_id":"configure_button"}
INST 0f8ec07ed6ade3a8 2016-03-28T21:22:28.400Z {"type":"click","target_tagname":"radio","target_id":"proxyRadioWithout","detail":1}
INST 0f8ec07ed6ade3a8 2016-03-28T21:22:28.400Z {"type":"command","target_tagname":"radio","target_id":"proxyRadioWithout"}
INST 0f8ec07ed6ade3a8 2016-03-28T21:22:29.800Z {"type":"click","target_tagname":"wizard","target_id":"TorNetworkSettings","detail":1}
INST 0f8ec07ed6ade3a8 2016-03-28T21:22:29.800Z {"type":"pagehide","target_tagname":"wizardpage","target_id":"proxy"}
INST 0f8ec07ed6ade3a8 2016-03-28T21:22:29.800Z {"type":"pageadvanced","target_tagname":"wizardpage","target_id":"proxy"}
INST 0f8ec07ed6ade3a8 2016-03-28T21:22:29.800Z {"type":"wizardnext","target_tagname":"wizard","target_id":"TorNetworkSettings"}
INST 0f8ec07ed6ade3a8 2016-03-28T21:22:29.800Z {"type":"pageshow","target_tagname":"wizardpage","target_id":"bridges"}
INST 0f8ec07ed6ade3a8 2016-03-28T21:22:29.800Z {"type":"command","target_tagname":"wizard","target_id":"TorNetworkSettings"}
INST 0f8ec07ed6ade3a8 2016-03-28T21:22:37.800Z {"type":"click","target_tagname":"radio","target_id":"bridgeRadioDefault","detail":1}
INST 0f8ec07ed6ade3a8 2016-03-28T21:22:37.800Z {"type":"command","target_tagname":"radio","target_id":"bridgeRadioDefault"}
INST 0f8ec07ed6ade3a8 2016-03-28T21:22:38.900Z {"type":"popupshown","target_tagname":"menupopup","target_id":"defaultBridgeType_menuPopup"}
INST 0f8ec07ed6ade3a8 2016-03-28T21:22:39.000Z {"type":"click","target_tagname":"menulist","target_id":"defaultBridgeType","value":"obfs3","detail":1}
INST 0f8ec07ed6ade3a8 2016-03-28T21:22:39.600Z {"type":"popuphidden","target_tagname":"menupopup","target_id":"defaultBridgeType_menuPopup"}
INST 0f8ec07ed6ade3a8 2016-03-28T21:22:40.800Z {"type":"click","target_tagname":"wizard","target_id":"TorNetworkSettings","detail":1}
INST 0f8ec07ed6ade3a8 2016-03-28T21:22:40.800Z {"type":"pagehide","target_tagname":"wizardpage","target_id":"bridges"}
INST 0f8ec07ed6ade3a8 2016-03-28T21:22:40.800Z {"type":"pageadvanced","target_tagname":"wizardpage","target_id":"bridges"}
INST 0f8ec07ed6ade3a8 2016-03-28T21:22:40.800Z {"type":"wizardnext","target_tagname":"wizard","target_id":"TorNetworkSettings"}
INST 0f8ec07ed6ade3a8 2016-03-28T21:22:40.900Z {"type":"pageshow","target_tagname":"wizardpage","target_id":"summary"}
INST 0f8ec07ed6ade3a8 2016-03-28T21:22:40.900Z {"type":"command","target_tagname":"wizard","target_id":"TorNetworkSettings"}
INST 0f8ec07ed6ade3a8 2016-03-28T21:22:43.400Z {"type":"pagehide","target_tagname":"wizardpage","target_id":"summary"}
INST 0f8ec07ed6ade3a8 2016-03-28T21:22:43.400Z {"type":"pageadvanced","target_tagname":"wizardpage","target_id":"summary"}
INST 0f8ec07ed6ade3a8 2016-03-28T21:22:43.500Z {"type":"wizardnext","target_tagname":"wizard","target_id":"TorNetworkSettings"}
INST 0f8ec07ed6ade3a8 2016-03-28T21:22:43.500Z {"type":"pageshow","target_tagname":"wizardpage","target_id":"inlineprogress"}
INST 0f8ec07ed6ade3a8 2016-03-28T21:22:43.500Z {"type":"click","target_tagname":"wizard","target_id":"TorNetworkSettings","detail":1}
INST 0f8ec07ed6ade3a8 2016-03-28T21:22:50.100Z {"type":"progresschanged","target_tagname":"progressmeter","target_id":"progressMeter","value":5}
INST 0f8ec07ed6ade3a8 2016-03-28T21:22:50.100Z {"type":"good","target_tagname":"image","target_id":"progressbar","configurationSettings":"bridge-noproxy","number":1}
INST 0f8ec07ed6ade3a8 2016-03-28T21:22:50.200Z {"type":"progresschanged","target_tagname":"progressmeter","target_id":"progressMeter","value":10}
INST 0f8ec07ed6ade3a8 2016-03-28T21:22:50.200Z {"type":"good","target_tagname":"image","target_id":"progressbar","configurationSettings":"bridge-noproxy","number":1}
INST 0f8ec07ed6ade3a8 2016-03-28T21:22:51.300Z {"type":"progresschanged","target_tagname":"progressmeter","target_id":"progressMeter","value":15}
INST 0f8ec07ed6ade3a8 2016-03-28T21:22:51.300Z {"type":"good","target_tagname":"image","target_id":"progressbar","configurationSettings":"bridge-noproxy","number":1}
INST 0f8ec07ed6ade3a8 2016-03-28T21:22:51.500Z {"type":"progresschanged","target_tagname":"progressmeter","target_id":"progressMeter","value":20}
INST 0f8ec07ed6ade3a8 2016-03-28T21:22:51.500Z {"type":"good","target_tagname":"image","target_id":"progressbar","configurationSettings":"bridge-noproxy","number":1}
INST 0f8ec07ed6ade3a8 2016-03-28T21:22:52.100Z {"type":"progresschanged","target_tagname":"progressmeter","target_id":"progressMeter","value":25}
INST 0f8ec07ed6ade3a8 2016-03-28T21:22:52.100Z {"type":"good","target_tagname":"image","target_id":"progressbar","configurationSettings":"bridge-noproxy","number":2}
INST 0f8ec07ed6ade3a8 2016-03-28T21:22:53.800Z {"type":"progresschanged","target_tagname":"progressmeter","target_id":"progressMeter","value":40}
INST 0f8ec07ed6ade3a8 2016-03-28T21:22:53.800Z {"type":"good","target_tagname":"image","target_id":"progressbar","configurationSettings":"bridge-noproxy","number":2}
INST 0f8ec07ed6ade3a8 2016-03-28T21:22:54.200Z {"type":"progresschanged","target_tagname":"progressmeter","target_id":"progressMeter","value":45}
INST 0f8ec07ed6ade3a8 2016-03-28T21:22:54.200Z {"type":"good","target_tagname":"image","target_id":"progressbar","configurationSettings":"bridge-noproxy","number":2}
INST 0f8ec07ed6ade3a8 2016-03-28T21:22:54.500Z {"type":"progresschanged","target_tagname":"progressmeter","target_id":"progressMeter","value":50}
INST 0f8ec07ed6ade3a8 2016-03-28T21:22:54.500Z {"type":"good","target_tagname":"image","target_id":"progressbar","configurationSettings":"bridge-noproxy","number":2}
INST 0f8ec07ed6ade3a8 2016-03-28T21:22:55.500Z {"type":"progresschanged","target_tagname":"progressmeter","target_id":"progressMeter","value":51}
INST 0f8ec07ed6ade3a8 2016-03-28T21:22:55.500Z {"type":"good","target_tagname":"image","target_id":"progressbar","configurationSettings":"bridge-noproxy","number":2}
INST 0f8ec07ed6ade3a8 2016-03-28T21:22:55.800Z {"type":"progresschanged","target_tagname":"progressmeter","target_id":"progressMeter","value":52}
INST 0f8ec07ed6ade3a8 2016-03-28T21:22:55.800Z {"type":"good","target_tagname":"image","target_id":"progressbar","configurationSettings":"bridge-noproxy","number":2}
INST 0f8ec07ed6ade3a8 2016-03-28T21:22:55.800Z {"type":"progresschanged","target_tagname":"progressmeter","target_id":"progressMeter","value":53}
INST 0f8ec07ed6ade3a8 2016-03-28T21:22:55.800Z {"type":"good","target_tagname":"image","target_id":"progressbar","configurationSettings":"bridge-noproxy","number":2}
INST 0f8ec07ed6ade3a8 2016-03-28T21:22:56.100Z {"type":"progresschanged","target_tagname":"progressmeter","target_id":"progressMeter","value":55}
INST 0f8ec07ed6ade3a8 2016-03-28T21:22:56.100Z {"type":"good","target_tagname":"image","target_id":"progressbar","configurationSettings":"bridge-noproxy","number":2}
INST 0f8ec07ed6ade3a8 2016-03-28T21:22:56.100Z {"type":"progresschanged","target_tagname":"progressmeter","target_id":"progressMeter","value":58}
INST 0f8ec07ed6ade3a8 2016-03-28T21:22:56.100Z {"type":"good","target_tagname":"image","target_id":"progressbar","configurationSettings":"bridge-noproxy","number":2}
INST 0f8ec07ed6ade3a8 2016-03-28T21:22:56.100Z {"type":"progresschanged","target_tagname":"progressmeter","target_id":"progressMeter","value":61}
INST 0f8ec07ed6ade3a8 2016-03-28T21:22:56.100Z {"type":"good","target_tagname":"image","target_id":"progressbar","configurationSettings":"bridge-noproxy","number":2}
INST 0f8ec07ed6ade3a8 2016-03-28T21:22:56.100Z {"type":"progresschanged","target_tagname":"progressmeter","target_id":"progressMeter","value":65}
INST 0f8ec07ed6ade3a8 2016-03-28T21:22:56.100Z {"type":"good","target_tagname":"image","target_id":"progressbar","configurationSettings":"bridge-noproxy","number":2}
INST 0f8ec07ed6ade3a8 2016-03-28T21:22:56.100Z {"type":"progresschanged","target_tagname":"progressmeter","target_id":"progressMeter","value":71}
INST 0f8ec07ed6ade3a8 2016-03-28T21:22:56.100Z {"type":"good","target_tagname":"image","target_id":"progressbar","configurationSettings":"bridge-noproxy","number":2}
INST 0f8ec07ed6ade3a8 2016-03-28T21:22:56.100Z {"type":"progresschanged","target_tagname":"progressmeter","target_id":"progressMeter","value":78}
INST 0f8ec07ed6ade3a8 2016-03-28T21:22:56.100Z {"type":"good","target_tagname":"image","target_id":"progressbar","configurationSettings":"bridge-noproxy","number":2}
INST 0f8ec07ed6ade3a8 2016-03-28T21:22:56.200Z {"type":"progresschanged","target_tagname":"progressmeter","target_id":"progressMeter","value":80}
INST 0f8ec07ed6ade3a8 2016-03-28T21:22:56.200Z {"type":"good","target_tagname":"image","target_id":"progressbar","configurationSettings":"bridge-noproxy","number":2}
INST 0f8ec07ed6ade3a8 2016-03-28T21:22:56.200Z {"type":"progresschanged","target_tagname":"progressmeter","target_id":"progressMeter","value":90}
INST 0f8ec07ed6ade3a8 2016-03-28T21:22:56.200Z {"type":"good","target_tagname":"image","target_id":"progressbar","configurationSettings":"bridge-noproxy","number":3}
INST 0f8ec07ed6ade3a8 2016-03-28T21:23:00.200Z {"type":"progresschanged","target_tagname":"progressmeter","target_id":"progressMeter","value":100}
INST 0f8ec07ed6ade3a8 2016-03-28T21:23:00.300Z {"type":"good","target_tagname":"image","target_id":"progressbar","configurationSettings":"bridge-noproxy","number":4}
INST 0f8ec07ed6ade3a8 2016-03-28T21:23:00.500Z {"type":"unload","target_id":"configuration"}
