INST a19697f3d0aafb4f 2016-03-28T21:16:05.200Z {"type":"start"}
INST a19697f3d0aafb4f 2016-03-28T21:16:06.300Z {"type":"select","target_tagname":"menulist","target_id":"proxyType","value":""}
INST a19697f3d0aafb4f 2016-03-28T21:16:06.300Z {"type":"wizardnext","target_tagname":"wizard","target_id":"TorNetworkSettings"}
INST a19697f3d0aafb4f 2016-03-28T21:16:06.300Z {"type":"pageshow","target_tagname":"wizardpage","target_id":"first"}
INST a19697f3d0aafb4f 2016-03-28T21:16:06.400Z {"type":"load","target_id":"configuration"}
INST a19697f3d0aafb4f 2016-03-28T21:16:06.400Z {"type":"select","target_tagname":"menulist","target_id":"defaultBridgeType","value":"obfs3"}
INST a19697f3d0aafb4f 2016-03-28T21:16:28.600Z {"type":"click","target_tagname":"button","target_id":"connect_button","detail":1}
INST a19697f3d0aafb4f 2016-03-28T21:16:28.700Z {"type":"pagehide","target_tagname":"wizardpage","target_id":"first"}
INST a19697f3d0aafb4f 2016-03-28T21:16:28.700Z {"type":"pageadvanced","target_tagname":"wizardpage","target_id":"first"}
INST a19697f3d0aafb4f 2016-03-28T21:16:28.700Z {"type":"wizardnext","target_tagname":"wizard","target_id":"TorNetworkSettings"}
INST a19697f3d0aafb4f 2016-03-28T21:16:28.700Z {"type":"pageshow","target_tagname":"wizardpage","target_id":"inlineprogress"}
INST a19697f3d0aafb4f 2016-03-28T21:16:28.700Z {"type":"command","target_tagname":"button","target_id":"connect_button"}
INST a19697f3d0aafb4f 2016-03-28T21:16:28.800Z {"type":"progresschanged","target_tagname":"progressmeter","target_id":"progressMeter","value":5}
INST a19697f3d0aafb4f 2016-03-28T21:16:28.800Z {"type":"good","target_tagname":"image","target_id":"progressbar","configurationSettings":"nobridge-noproxy","number":1}
INST a19697f3d0aafb4f 2016-03-28T21:16:28.800Z {"type":"progresschanged","target_tagname":"progressmeter","target_id":"progressMeter","value":5}
INST a19697f3d0aafb4f 2016-03-28T21:16:28.800Z {"type":"good","target_tagname":"image","target_id":"progressbar","configurationSettings":"nobridge-noproxy","number":1}
INST a19697f3d0aafb4f 2016-03-28T21:16:28.800Z {"type":"progresschanged","target_tagname":"progressmeter","target_id":"progressMeter","value":5}
INST a19697f3d0aafb4f 2016-03-28T21:16:28.800Z {"type":"good","target_tagname":"image","target_id":"progressbar","configurationSettings":"nobridge-noproxy","number":1}
INST a19697f3d0aafb4f 2016-03-28T21:16:31.200Z {"type":"wizardcancel","target_tagname":"wizard","target_id":"TorNetworkSettings"}
INST a19697f3d0aafb4f 2016-03-28T21:16:31.200Z {"type":"unload","target_id":"configuration"}
INST 1577e3d9a6b9661c 2016-03-28T21:16:59.700Z {"type":"start"}
INST 1577e3d9a6b9661c 2016-03-28T21:17:00.400Z {"type":"select","target_tagname":"menulist","target_id":"proxyType","value":""}
INST 1577e3d9a6b9661c 2016-03-28T21:17:00.400Z {"type":"wizardnext","target_tagname":"wizard","target_id":"TorNetworkSettings"}
INST 1577e3d9a6b9661c 2016-03-28T21:17:00.400Z {"type":"pageshow","target_tagname":"wizardpage","target_id":"first"}
INST 1577e3d9a6b9661c 2016-03-28T21:17:00.400Z {"type":"load","target_id":"configuration"}
INST 1577e3d9a6b9661c 2016-03-28T21:17:00.400Z {"type":"select","target_tagname":"menulist","target_id":"defaultBridgeType","value":"obfs3"}
INST 1577e3d9a6b9661c 2016-03-28T21:17:02.400Z {"type":"wizardcancel","target_tagname":"wizard","target_id":"TorNetworkSettings"}
INST 1577e3d9a6b9661c 2016-03-28T21:17:02.400Z {"type":"unload","target_id":"configuration"}
INST 138a369711c96b14 2016-03-28T21:18:59.200Z {"type":"start"}
INST 138a369711c96b14 2016-03-28T21:18:59.300Z {"type":"select","target_tagname":"menulist","target_id":"proxyType","value":""}
INST 138a369711c96b14 2016-03-28T21:18:59.300Z {"type":"wizardnext","target_tagname":"wizard","target_id":"TorNetworkSettings"}
INST 138a369711c96b14 2016-03-28T21:18:59.300Z {"type":"pageshow","target_tagname":"wizardpage","target_id":"first"}
INST 138a369711c96b14 2016-03-28T21:18:59.900Z {"type":"load","target_id":"configuration"}
INST 138a369711c96b14 2016-03-28T21:18:59.900Z {"type":"select","target_tagname":"menulist","target_id":"defaultBridgeType","value":"obfs3"}
INST 138a369711c96b14 2016-03-28T21:19:04.500Z {"type":"click","target_tagname":"button","target_id":"connect_button","detail":1}
INST 138a369711c96b14 2016-03-28T21:19:04.500Z {"type":"pagehide","target_tagname":"wizardpage","target_id":"first"}
INST 138a369711c96b14 2016-03-28T21:19:04.500Z {"type":"pageadvanced","target_tagname":"wizardpage","target_id":"first"}
INST 138a369711c96b14 2016-03-28T21:19:04.500Z {"type":"wizardnext","target_tagname":"wizard","target_id":"TorNetworkSettings"}
INST 138a369711c96b14 2016-03-28T21:19:04.500Z {"type":"pageshow","target_tagname":"wizardpage","target_id":"inlineprogress"}
INST 138a369711c96b14 2016-03-28T21:19:04.500Z {"type":"command","target_tagname":"button","target_id":"connect_button"}
INST 138a369711c96b14 2016-03-28T21:19:04.600Z {"type":"progresschanged","target_tagname":"progressmeter","target_id":"progressMeter","value":5}
INST 138a369711c96b14 2016-03-28T21:19:04.600Z {"type":"good","target_tagname":"image","target_id":"progressbar","configurationSettings":"nobridge-noproxy","number":1}
INST 138a369711c96b14 2016-03-28T21:19:04.600Z {"type":"progresschanged","target_tagname":"progressmeter","target_id":"progressMeter","value":5}
INST 138a369711c96b14 2016-03-28T21:19:04.600Z {"type":"good","target_tagname":"image","target_id":"progressbar","configurationSettings":"nobridge-noproxy","number":1}
INST 138a369711c96b14 2016-03-28T21:19:04.600Z {"type":"progresschanged","target_tagname":"progressmeter","target_id":"progressMeter","value":5}
INST 138a369711c96b14 2016-03-28T21:19:04.600Z {"type":"good","target_tagname":"image","target_id":"progressbar","configurationSettings":"nobridge-noproxy","number":1}
INST 138a369711c96b14 2016-03-28T21:19:47.100Z {"type":"click","target_tagname":"vbox","target_id":"","detail":1}
INST 138a369711c96b14 2016-03-28T21:19:47.800Z {"type":"click","target_tagname":"vbox","target_id":"","detail":1}
INST 138a369711c96b14 2016-03-28T21:19:48.100Z {"type":"click","target_tagname":"image","target_id":"progressbar","detail":1}
INST 138a369711c96b14 2016-03-28T21:19:49.300Z {"type":"click","target_tagname":"image","target_id":"progressbar","detail":1}
INST 138a369711c96b14 2016-03-28T21:19:55.200Z {"type":"click","target_tagname":"wizard","target_id":"TorNetworkSettings","detail":1}
INST 138a369711c96b14 2016-03-28T21:19:55.200Z {"type":"wizardcancel","target_tagname":"wizard","target_id":"TorNetworkSettings"}
INST 138a369711c96b14 2016-03-28T21:19:55.200Z {"type":"command","target_tagname":"wizard","target_id":"TorNetworkSettings"}
INST 138a369711c96b14 2016-03-28T21:19:55.200Z {"type":"unload","target_id":"configuration"}
INST 44349adcf91f3f07 2016-03-28T21:19:57.100Z {"type":"start"}
INST 44349adcf91f3f07 2016-03-28T21:19:57.800Z {"type":"select","target_tagname":"menulist","target_id":"proxyType","value":""}
INST 44349adcf91f3f07 2016-03-28T21:19:57.800Z {"type":"wizardnext","target_tagname":"wizard","target_id":"TorNetworkSettings"}
INST 44349adcf91f3f07 2016-03-28T21:19:57.800Z {"type":"pageshow","target_tagname":"wizardpage","target_id":"first"}
INST 44349adcf91f3f07 2016-03-28T21:19:57.800Z {"type":"load","target_id":"configuration"}
INST 44349adcf91f3f07 2016-03-28T21:19:57.800Z {"type":"select","target_tagname":"menulist","target_id":"defaultBridgeType","value":"obfs3"}
INST 44349adcf91f3f07 2016-03-28T21:19:58.900Z {"type":"click","target_tagname":"button","target_id":"configure_button","detail":1}
INST 44349adcf91f3f07 2016-03-28T21:19:58.900Z {"type":"pagehide","target_tagname":"wizardpage","target_id":"first"}
INST 44349adcf91f3f07 2016-03-28T21:19:58.900Z {"type":"pageadvanced","target_tagname":"wizardpage","target_id":"first"}
INST 44349adcf91f3f07 2016-03-28T21:19:58.900Z {"type":"wizardnext","target_tagname":"wizard","target_id":"TorNetworkSettings"}
INST 44349adcf91f3f07 2016-03-28T21:19:58.900Z {"type":"pageshow","target_tagname":"wizardpage","target_id":"proxy"}
INST 44349adcf91f3f07 2016-03-28T21:19:58.900Z {"type":"command","target_tagname":"button","target_id":"configure_button"}
INST 44349adcf91f3f07 2016-03-28T21:20:07.800Z {"type":"click","target_tagname":"wizard","target_id":"TorNetworkSettings","detail":1}
INST 44349adcf91f3f07 2016-03-28T21:20:07.800Z {"type":"pagehide","target_tagname":"wizardpage","target_id":"proxy"}
INST 44349adcf91f3f07 2016-03-28T21:20:07.800Z {"type":"pageadvanced","target_tagname":"wizardpage","target_id":"proxy"}
INST 44349adcf91f3f07 2016-03-28T21:20:07.800Z {"type":"wizardnext","target_tagname":"wizard","target_id":"TorNetworkSettings"}
INST 44349adcf91f3f07 2016-03-28T21:20:07.800Z {"type":"pageshow","target_tagname":"wizardpage","target_id":"bridges"}
INST 44349adcf91f3f07 2016-03-28T21:20:07.800Z {"type":"command","target_tagname":"wizard","target_id":"TorNetworkSettings"}
INST 44349adcf91f3f07 2016-03-28T21:20:20.200Z {"type":"click","target_tagname":"radio","target_id":"bridgeRadioDefault","detail":1}
INST 44349adcf91f3f07 2016-03-28T21:20:20.200Z {"type":"command","target_tagname":"radio","target_id":"bridgeRadioDefault"}
INST 44349adcf91f3f07 2016-03-28T21:20:21.800Z {"type":"popupshown","target_tagname":"menupopup","target_id":"defaultBridgeType_menuPopup"}
INST 44349adcf91f3f07 2016-03-28T21:20:21.800Z {"type":"click","target_tagname":"menulist","target_id":"defaultBridgeType","value":"obfs3","detail":1}
INST 44349adcf91f3f07 2016-03-28T21:20:22.500Z {"type":"mouseover","target_tagname":"menuitem","target_id":"","value":"flashproxy"}
INST 44349adcf91f3f07 2016-03-28T21:20:22.500Z {"type":"mouseout","target_tagname":"menuitem","target_id":"","value":"flashproxy"}
INST 44349adcf91f3f07 2016-03-28T21:20:22.500Z {"type":"mouseover","target_tagname":"menuitem","target_id":"","value":"fte"}
INST 44349adcf91f3f07 2016-03-28T21:20:22.600Z {"type":"mouseout","target_tagname":"menuitem","target_id":"","value":"fte"}
INST 44349adcf91f3f07 2016-03-28T21:20:22.600Z {"type":"mouseover","target_tagname":"menuitem","target_id":"","value":"fte-ipv6"}
INST 44349adcf91f3f07 2016-03-28T21:20:22.600Z {"type":"mouseout","target_tagname":"menuitem","target_id":"","value":"fte-ipv6"}
INST 44349adcf91f3f07 2016-03-28T21:20:22.600Z {"type":"mouseover","target_tagname":"menuitem","target_id":"","value":"meek-amazon"}
INST 44349adcf91f3f07 2016-03-28T21:20:22.600Z {"type":"mouseout","target_tagname":"menuitem","target_id":"","value":"meek-amazon"}
INST 44349adcf91f3f07 2016-03-28T21:20:22.600Z {"type":"mouseover","target_tagname":"menuitem","target_id":"","value":"meek-azure"}
INST 44349adcf91f3f07 2016-03-28T21:20:22.700Z {"type":"mouseout","target_tagname":"menuitem","target_id":"","value":"meek-azure"}
INST 44349adcf91f3f07 2016-03-28T21:20:22.700Z {"type":"mouseover","target_tagname":"menuitem","target_id":"","value":"meek-google"}
INST 44349adcf91f3f07 2016-03-28T21:20:22.800Z {"type":"mouseout","target_tagname":"menuitem","target_id":"","value":"meek-google"}
INST 44349adcf91f3f07 2016-03-28T21:20:22.800Z {"type":"mouseover","target_tagname":"menuitem","target_id":"","value":"obfs3"}
INST 44349adcf91f3f07 2016-03-28T21:20:23.300Z {"type":"click","target_tagname":"menuitem","target_id":"","value":"obfs3","detail":1}
INST 44349adcf91f3f07 2016-03-28T21:20:23.300Z {"type":"command","target_tagname":"menuitem","target_id":"","value":"obfs3"}
INST 44349adcf91f3f07 2016-03-28T21:20:23.300Z {"type":"popuphidden","target_tagname":"menupopup","target_id":"defaultBridgeType_menuPopup"}
INST 44349adcf91f3f07 2016-03-28T21:20:23.300Z {"type":"mouseout","target_tagname":"menuitem","target_id":"","value":"obfs3"}
INST 44349adcf91f3f07 2016-03-28T21:20:24.900Z {"type":"click","target_tagname":"wizard","target_id":"TorNetworkSettings","detail":1}
INST 44349adcf91f3f07 2016-03-28T21:20:24.900Z {"type":"pagehide","target_tagname":"wizardpage","target_id":"bridges"}
INST 44349adcf91f3f07 2016-03-28T21:20:24.900Z {"type":"pageadvanced","target_tagname":"wizardpage","target_id":"bridges"}
INST 44349adcf91f3f07 2016-03-28T21:20:24.900Z {"type":"wizardnext","target_tagname":"wizard","target_id":"TorNetworkSettings"}
INST 44349adcf91f3f07 2016-03-28T21:20:24.900Z {"type":"pageshow","target_tagname":"wizardpage","target_id":"summary"}
INST 44349adcf91f3f07 2016-03-28T21:20:24.900Z {"type":"command","target_tagname":"wizard","target_id":"TorNetworkSettings"}
INST 44349adcf91f3f07 2016-03-28T21:20:28.200Z {"type":"pagehide","target_tagname":"wizardpage","target_id":"summary"}
INST 44349adcf91f3f07 2016-03-28T21:20:28.200Z {"type":"pageadvanced","target_tagname":"wizardpage","target_id":"summary"}
INST 44349adcf91f3f07 2016-03-28T21:20:28.300Z {"type":"wizardnext","target_tagname":"wizard","target_id":"TorNetworkSettings"}
INST 44349adcf91f3f07 2016-03-28T21:20:28.300Z {"type":"pageshow","target_tagname":"wizardpage","target_id":"inlineprogress"}
INST 44349adcf91f3f07 2016-03-28T21:20:28.300Z {"type":"click","target_tagname":"wizard","target_id":"TorNetworkSettings","detail":1}
INST 44349adcf91f3f07 2016-03-28T21:20:34.600Z {"type":"progresschanged","target_tagname":"progressmeter","target_id":"progressMeter","value":5}
INST 44349adcf91f3f07 2016-03-28T21:20:34.600Z {"type":"good","target_tagname":"image","target_id":"progressbar","configurationSettings":"bridge-noproxy","number":1}
INST 44349adcf91f3f07 2016-03-28T21:20:34.600Z {"type":"progresschanged","target_tagname":"progressmeter","target_id":"progressMeter","value":10}
INST 44349adcf91f3f07 2016-03-28T21:20:34.600Z {"type":"good","target_tagname":"image","target_id":"progressbar","configurationSettings":"bridge-noproxy","number":1}
INST 44349adcf91f3f07 2016-03-28T21:20:35.700Z {"type":"progresschanged","target_tagname":"progressmeter","target_id":"progressMeter","value":15}
INST 44349adcf91f3f07 2016-03-28T21:20:35.700Z {"type":"good","target_tagname":"image","target_id":"progressbar","configurationSettings":"bridge-noproxy","number":1}
INST 44349adcf91f3f07 2016-03-28T21:20:35.900Z {"type":"progresschanged","target_tagname":"progressmeter","target_id":"progressMeter","value":20}
INST 44349adcf91f3f07 2016-03-28T21:20:35.900Z {"type":"good","target_tagname":"image","target_id":"progressbar","configurationSettings":"bridge-noproxy","number":1}
INST 44349adcf91f3f07 2016-03-28T21:20:36.500Z {"type":"progresschanged","target_tagname":"progressmeter","target_id":"progressMeter","value":25}
INST 44349adcf91f3f07 2016-03-28T21:20:36.500Z {"type":"good","target_tagname":"image","target_id":"progressbar","configurationSettings":"bridge-noproxy","number":2}
INST 44349adcf91f3f07 2016-03-28T21:20:38.200Z {"type":"progresschanged","target_tagname":"progressmeter","target_id":"progressMeter","value":40}
INST 44349adcf91f3f07 2016-03-28T21:20:38.200Z {"type":"good","target_tagname":"image","target_id":"progressbar","configurationSettings":"bridge-noproxy","number":2}
INST 44349adcf91f3f07 2016-03-28T21:20:38.800Z {"type":"progresschanged","target_tagname":"progressmeter","target_id":"progressMeter","value":45}
INST 44349adcf91f3f07 2016-03-28T21:20:38.800Z {"type":"good","target_tagname":"image","target_id":"progressbar","configurationSettings":"bridge-noproxy","number":2}
INST 44349adcf91f3f07 2016-03-28T21:20:39.200Z {"type":"progresschanged","target_tagname":"progressmeter","target_id":"progressMeter","value":50}
INST 44349adcf91f3f07 2016-03-28T21:20:39.200Z {"type":"good","target_tagname":"image","target_id":"progressbar","configurationSettings":"bridge-noproxy","number":2}
INST 44349adcf91f3f07 2016-03-28T21:20:39.900Z {"type":"progresschanged","target_tagname":"progressmeter","target_id":"progressMeter","value":51}
INST 44349adcf91f3f07 2016-03-28T21:20:39.900Z {"type":"good","target_tagname":"image","target_id":"progressbar","configurationSettings":"bridge-noproxy","number":2}
INST 44349adcf91f3f07 2016-03-28T21:20:40.000Z {"type":"progresschanged","target_tagname":"progressmeter","target_id":"progressMeter","value":52}
INST 44349adcf91f3f07 2016-03-28T21:20:40.000Z {"type":"good","target_tagname":"image","target_id":"progressbar","configurationSettings":"bridge-noproxy","number":2}
INST 44349adcf91f3f07 2016-03-28T21:20:40.100Z {"type":"progresschanged","target_tagname":"progressmeter","target_id":"progressMeter","value":53}
INST 44349adcf91f3f07 2016-03-28T21:20:40.100Z {"type":"good","target_tagname":"image","target_id":"progressbar","configurationSettings":"bridge-noproxy","number":2}
INST 44349adcf91f3f07 2016-03-28T21:20:40.100Z {"type":"progresschanged","target_tagname":"progressmeter","target_id":"progressMeter","value":56}
INST 44349adcf91f3f07 2016-03-28T21:20:40.100Z {"type":"good","target_tagname":"image","target_id":"progressbar","configurationSettings":"bridge-noproxy","number":2}
INST 44349adcf91f3f07 2016-03-28T21:20:42.100Z {"type":"progresschanged","target_tagname":"progressmeter","target_id":"progressMeter","value":59}
INST 44349adcf91f3f07 2016-03-28T21:20:42.100Z {"type":"good","target_tagname":"image","target_id":"progressbar","configurationSettings":"bridge-noproxy","number":2}
INST 44349adcf91f3f07 2016-03-28T21:20:42.300Z {"type":"progresschanged","target_tagname":"progressmeter","target_id":"progressMeter","value":61}
INST 44349adcf91f3f07 2016-03-28T21:20:42.300Z {"type":"good","target_tagname":"image","target_id":"progressbar","configurationSettings":"bridge-noproxy","number":2}
INST 44349adcf91f3f07 2016-03-28T21:20:42.400Z {"type":"progresschanged","target_tagname":"progressmeter","target_id":"progressMeter","value":65}
INST 44349adcf91f3f07 2016-03-28T21:20:42.400Z {"type":"good","target_tagname":"image","target_id":"progressbar","configurationSettings":"bridge-noproxy","number":2}
INST 44349adcf91f3f07 2016-03-28T21:20:42.400Z {"type":"progresschanged","target_tagname":"progressmeter","target_id":"progressMeter","value":72}
INST 44349adcf91f3f07 2016-03-28T21:20:42.400Z {"type":"good","target_tagname":"image","target_id":"progressbar","configurationSettings":"bridge-noproxy","number":2}
INST 44349adcf91f3f07 2016-03-28T21:20:42.400Z {"type":"progresschanged","target_tagname":"progressmeter","target_id":"progressMeter","value":78}
INST 44349adcf91f3f07 2016-03-28T21:20:42.400Z {"type":"good","target_tagname":"image","target_id":"progressbar","configurationSettings":"bridge-noproxy","number":2}
INST 44349adcf91f3f07 2016-03-28T21:20:42.600Z {"type":"progresschanged","target_tagname":"progressmeter","target_id":"progressMeter","value":80}
INST 44349adcf91f3f07 2016-03-28T21:20:42.600Z {"type":"good","target_tagname":"image","target_id":"progressbar","configurationSettings":"bridge-noproxy","number":2}
INST 44349adcf91f3f07 2016-03-28T21:20:42.600Z {"type":"progresschanged","target_tagname":"progressmeter","target_id":"progressMeter","value":90}
INST 44349adcf91f3f07 2016-03-28T21:20:42.600Z {"type":"good","target_tagname":"image","target_id":"progressbar","configurationSettings":"bridge-noproxy","number":3}
INST 44349adcf91f3f07 2016-03-28T21:20:48.600Z {"type":"progresschanged","target_tagname":"progressmeter","target_id":"progressMeter","value":100}
INST 44349adcf91f3f07 2016-03-28T21:20:48.600Z {"type":"good","target_tagname":"image","target_id":"progressbar","configurationSettings":"bridge-noproxy","number":4}
INST 44349adcf91f3f07 2016-03-28T21:20:48.900Z {"type":"unload","target_id":"configuration"}
