INST 0cad35f1a88adc86 2016-03-28T23:22:06.600Z {"type":"start"}
INST 0cad35f1a88adc86 2016-03-28T23:22:07.600Z {"type":"select","target_tagname":"menulist","target_id":"proxyType","value":""}
INST 0cad35f1a88adc86 2016-03-28T23:22:07.600Z {"type":"wizardnext","target_tagname":"wizard","target_id":"TorNetworkSettings"}
INST 0cad35f1a88adc86 2016-03-28T23:22:07.600Z {"type":"pageshow","target_tagname":"wizardpage","target_id":"first"}
INST 0cad35f1a88adc86 2016-03-28T23:22:07.600Z {"type":"load","target_id":"configuration"}
INST 0cad35f1a88adc86 2016-03-28T23:22:07.600Z {"type":"select","target_tagname":"menulist","target_id":"defaultBridgeType","value":"obfs3"}
INST 0cad35f1a88adc86 2016-03-28T23:22:12.600Z {"type":"click","target_tagname":"button","target_id":"configure_button","detail":1}
INST 0cad35f1a88adc86 2016-03-28T23:22:12.600Z {"type":"pagehide","target_tagname":"wizardpage","target_id":"first"}
INST 0cad35f1a88adc86 2016-03-28T23:22:12.600Z {"type":"pageadvanced","target_tagname":"wizardpage","target_id":"first"}
INST 0cad35f1a88adc86 2016-03-28T23:22:12.600Z {"type":"wizardnext","target_tagname":"wizard","target_id":"TorNetworkSettings"}
INST 0cad35f1a88adc86 2016-03-28T23:22:12.600Z {"type":"pageshow","target_tagname":"wizardpage","target_id":"proxy"}
INST 0cad35f1a88adc86 2016-03-28T23:22:12.600Z {"type":"command","target_tagname":"button","target_id":"configure_button"}
INST 0cad35f1a88adc86 2016-03-28T23:22:14.400Z {"type":"click","target_tagname":"radio","target_id":"proxyRadioWithout","detail":1}
INST 0cad35f1a88adc86 2016-03-28T23:22:14.400Z {"type":"command","target_tagname":"radio","target_id":"proxyRadioWithout"}
INST 0cad35f1a88adc86 2016-03-28T23:22:15.200Z {"type":"click","target_tagname":"radio","target_id":"proxyRadioWith","detail":1}
INST 0cad35f1a88adc86 2016-03-28T23:22:15.200Z {"type":"command","target_tagname":"radio","target_id":"proxyRadioWith"}
INST 0cad35f1a88adc86 2016-03-28T23:22:16.300Z {"type":"popupshown","target_tagname":"menupopup","target_id":"proxyType_menuPopup"}
INST 0cad35f1a88adc86 2016-03-28T23:22:16.400Z {"type":"click","target_tagname":"menulist","target_id":"proxyType","value":"","detail":1}
INST 0cad35f1a88adc86 2016-03-28T23:22:17.000Z {"type":"popuphidden","target_tagname":"menupopup","target_id":"proxyType_menuPopup"}
INST 0cad35f1a88adc86 2016-03-28T23:22:19.000Z {"type":"click","target_tagname":"radio","target_id":"proxyRadioWithout","detail":1}
INST 0cad35f1a88adc86 2016-03-28T23:22:19.000Z {"type":"command","target_tagname":"radio","target_id":"proxyRadioWithout"}
INST 0cad35f1a88adc86 2016-03-28T23:22:20.100Z {"type":"click","target_tagname":"wizard","target_id":"TorNetworkSettings","detail":1}
INST 0cad35f1a88adc86 2016-03-28T23:22:20.100Z {"type":"pagehide","target_tagname":"wizardpage","target_id":"proxy"}
INST 0cad35f1a88adc86 2016-03-28T23:22:20.100Z {"type":"pageadvanced","target_tagname":"wizardpage","target_id":"proxy"}
INST 0cad35f1a88adc86 2016-03-28T23:22:20.100Z {"type":"wizardnext","target_tagname":"wizard","target_id":"TorNetworkSettings"}
INST 0cad35f1a88adc86 2016-03-28T23:22:20.100Z {"type":"pageshow","target_tagname":"wizardpage","target_id":"bridges"}
INST 0cad35f1a88adc86 2016-03-28T23:22:20.100Z {"type":"command","target_tagname":"wizard","target_id":"TorNetworkSettings"}
INST 0cad35f1a88adc86 2016-03-28T23:22:23.500Z {"type":"click","target_tagname":"radio","target_id":"bridgeRadioNone","detail":1}
INST 0cad35f1a88adc86 2016-03-28T23:22:23.500Z {"type":"command","target_tagname":"radio","target_id":"bridgeRadioNone"}
INST 0cad35f1a88adc86 2016-03-28T23:22:26.400Z {"type":"click","target_tagname":"radio","target_id":"bridgeRadioDefault","detail":1}
INST 0cad35f1a88adc86 2016-03-28T23:22:26.400Z {"type":"command","target_tagname":"radio","target_id":"bridgeRadioDefault"}
INST 0cad35f1a88adc86 2016-03-28T23:22:27.200Z {"type":"popupshown","target_tagname":"menupopup","target_id":"defaultBridgeType_menuPopup"}
INST 0cad35f1a88adc86 2016-03-28T23:22:27.300Z {"type":"click","target_tagname":"menulist","target_id":"defaultBridgeType","value":"obfs3","detail":1}
INST 0cad35f1a88adc86 2016-03-28T23:22:27.700Z {"type":"mouseover","target_tagname":"menuitem","target_id":"","value":"flashproxy"}
INST 0cad35f1a88adc86 2016-03-28T23:22:27.800Z {"type":"mouseout","target_tagname":"menuitem","target_id":"","value":"flashproxy"}
INST 0cad35f1a88adc86 2016-03-28T23:22:27.800Z {"type":"mouseover","target_tagname":"menuitem","target_id":"","value":"fte"}
INST 0cad35f1a88adc86 2016-03-28T23:22:27.900Z {"type":"mouseout","target_tagname":"menuitem","target_id":"","value":"fte"}
INST 0cad35f1a88adc86 2016-03-28T23:22:27.900Z {"type":"mouseover","target_tagname":"menuitem","target_id":"","value":"fte-ipv6"}
INST 0cad35f1a88adc86 2016-03-28T23:22:28.100Z {"type":"mouseout","target_tagname":"menuitem","target_id":"","value":"fte-ipv6"}
INST 0cad35f1a88adc86 2016-03-28T23:22:28.100Z {"type":"mouseover","target_tagname":"menuitem","target_id":"","value":"meek-amazon"}
INST 0cad35f1a88adc86 2016-03-28T23:22:28.700Z {"type":"mouseout","target_tagname":"menuitem","target_id":"","value":"meek-amazon"}
INST 0cad35f1a88adc86 2016-03-28T23:22:28.700Z {"type":"mouseover","target_tagname":"menuitem","target_id":"","value":"fte-ipv6"}
INST 0cad35f1a88adc86 2016-03-28T23:22:28.900Z {"type":"mouseout","target_tagname":"menuitem","target_id":"","value":"fte-ipv6"}
INST 0cad35f1a88adc86 2016-03-28T23:22:28.900Z {"type":"mouseover","target_tagname":"menuitem","target_id":"","value":"meek-amazon"}
INST 0cad35f1a88adc86 2016-03-28T23:22:29.000Z {"type":"mouseout","target_tagname":"menuitem","target_id":"","value":"meek-amazon"}
INST 0cad35f1a88adc86 2016-03-28T23:22:29.000Z {"type":"mouseover","target_tagname":"menuitem","target_id":"","value":"meek-azure"}
INST 0cad35f1a88adc86 2016-03-28T23:22:29.000Z {"type":"mouseout","target_tagname":"menuitem","target_id":"","value":"meek-azure"}
INST 0cad35f1a88adc86 2016-03-28T23:22:29.000Z {"type":"mouseover","target_tagname":"menuitem","target_id":"","value":"meek-google"}
INST 0cad35f1a88adc86 2016-03-28T23:22:29.100Z {"type":"mouseout","target_tagname":"menuitem","target_id":"","value":"meek-google"}
INST 0cad35f1a88adc86 2016-03-28T23:22:29.100Z {"type":"mouseover","target_tagname":"menuitem","target_id":"","value":"obfs3"}
INST 0cad35f1a88adc86 2016-03-28T23:22:29.200Z {"type":"mouseout","target_tagname":"menuitem","target_id":"","value":"obfs3"}
INST 0cad35f1a88adc86 2016-03-28T23:22:29.200Z {"type":"mouseover","target_tagname":"menuitem","target_id":"","value":"obfs4"}
INST 0cad35f1a88adc86 2016-03-28T23:22:29.500Z {"type":"mouseout","target_tagname":"menuitem","target_id":"","value":"obfs4"}
INST 0cad35f1a88adc86 2016-03-28T23:22:29.500Z {"type":"mouseover","target_tagname":"menuitem","target_id":"","value":"obfs3"}
INST 0cad35f1a88adc86 2016-03-28T23:22:29.500Z {"type":"mouseout","target_tagname":"menuitem","target_id":"","value":"obfs3"}
INST 0cad35f1a88adc86 2016-03-28T23:22:29.500Z {"type":"mouseover","target_tagname":"menuitem","target_id":"","value":"meek-google"}
INST 0cad35f1a88adc86 2016-03-28T23:22:29.500Z {"type":"mouseout","target_tagname":"menuitem","target_id":"","value":"meek-google"}
INST 0cad35f1a88adc86 2016-03-28T23:22:29.500Z {"type":"mouseover","target_tagname":"menuitem","target_id":"","value":"meek-azure"}
INST 0cad35f1a88adc86 2016-03-28T23:22:29.500Z {"type":"mouseout","target_tagname":"menuitem","target_id":"","value":"meek-azure"}
INST 0cad35f1a88adc86 2016-03-28T23:22:29.500Z {"type":"mouseover","target_tagname":"menuitem","target_id":"","value":"meek-amazon"}
INST 0cad35f1a88adc86 2016-03-28T23:22:29.700Z {"type":"mouseout","target_tagname":"menuitem","target_id":"","value":"meek-amazon"}
INST 0cad35f1a88adc86 2016-03-28T23:22:29.700Z {"type":"mouseover","target_tagname":"menuitem","target_id":"","value":"fte-ipv6"}
INST 0cad35f1a88adc86 2016-03-28T23:22:29.800Z {"type":"mouseout","target_tagname":"menuitem","target_id":"","value":"fte-ipv6"}
INST 0cad35f1a88adc86 2016-03-28T23:22:29.800Z {"type":"mouseover","target_tagname":"menuitem","target_id":"","value":"fte"}
INST 0cad35f1a88adc86 2016-03-28T23:22:29.900Z {"type":"mouseout","target_tagname":"menuitem","target_id":"","value":"fte"}
INST 0cad35f1a88adc86 2016-03-28T23:22:29.900Z {"type":"mouseover","target_tagname":"menuitem","target_id":"","value":"flashproxy"}
INST 0cad35f1a88adc86 2016-03-28T23:22:30.400Z {"type":"click","target_tagname":"menuitem","target_id":"","value":"flashproxy","detail":1}
INST 0cad35f1a88adc86 2016-03-28T23:22:30.400Z {"type":"select","target_tagname":"menulist","target_id":"defaultBridgeType","value":"flashproxy"}
INST 0cad35f1a88adc86 2016-03-28T23:22:30.400Z {"type":"command","target_tagname":"menuitem","target_id":"","value":"flashproxy"}
INST 0cad35f1a88adc86 2016-03-28T23:22:30.400Z {"type":"popuphidden","target_tagname":"menupopup","target_id":"defaultBridgeType_menuPopup"}
INST 0cad35f1a88adc86 2016-03-28T23:22:30.400Z {"type":"mouseout","target_tagname":"menuitem","target_id":"","value":"flashproxy"}
INST 0cad35f1a88adc86 2016-03-28T23:22:31.600Z {"type":"click","target_tagname":"wizard","target_id":"TorNetworkSettings","detail":1}
INST 0cad35f1a88adc86 2016-03-28T23:22:31.600Z {"type":"pagehide","target_tagname":"wizardpage","target_id":"bridges"}
INST 0cad35f1a88adc86 2016-03-28T23:22:31.600Z {"type":"pageadvanced","target_tagname":"wizardpage","target_id":"bridges"}
INST 0cad35f1a88adc86 2016-03-28T23:22:31.600Z {"type":"wizardnext","target_tagname":"wizard","target_id":"TorNetworkSettings"}
INST 0cad35f1a88adc86 2016-03-28T23:22:31.600Z {"type":"pageshow","target_tagname":"wizardpage","target_id":"summary"}
INST 0cad35f1a88adc86 2016-03-28T23:22:31.600Z {"type":"command","target_tagname":"wizard","target_id":"TorNetworkSettings"}
INST 0cad35f1a88adc86 2016-03-28T23:22:33.800Z {"type":"pagehide","target_tagname":"wizardpage","target_id":"summary"}
INST 0cad35f1a88adc86 2016-03-28T23:22:33.800Z {"type":"pageadvanced","target_tagname":"wizardpage","target_id":"summary"}
INST 0cad35f1a88adc86 2016-03-28T23:22:33.900Z {"type":"wizardnext","target_tagname":"wizard","target_id":"TorNetworkSettings"}
INST 0cad35f1a88adc86 2016-03-28T23:22:33.900Z {"type":"pageshow","target_tagname":"wizardpage","target_id":"inlineprogress"}
INST 0cad35f1a88adc86 2016-03-28T23:22:33.900Z {"type":"click","target_tagname":"wizard","target_id":"TorNetworkSettings","detail":1}
INST 0cad35f1a88adc86 2016-03-28T23:22:36.100Z {"type":"progresschanged","target_tagname":"progressmeter","target_id":"progressMeter","value":5}
INST 0cad35f1a88adc86 2016-03-28T23:22:36.100Z {"type":"good","target_tagname":"image","target_id":"progressbar","configurationSettings":"bridge-noproxy","number":1}
INST 0cad35f1a88adc86 2016-03-28T23:22:36.100Z {"type":"progresschanged","target_tagname":"progressmeter","target_id":"progressMeter","value":10}
INST 0cad35f1a88adc86 2016-03-28T23:22:36.100Z {"type":"good","target_tagname":"image","target_id":"progressbar","configurationSettings":"bridge-noproxy","number":1}
INST 0cad35f1a88adc86 2016-03-28T23:22:48.800Z {"type":"click","target_tagname":"image","target_id":"progressbar","detail":1}
INST 0cad35f1a88adc86 2016-03-28T23:23:02.700Z {"type":"click","target_tagname":"wizardpage","target_id":"inlineprogress","detail":1}
INST 0cad35f1a88adc86 2016-03-28T23:23:03.600Z {"type":"click","target_tagname":"wizard","target_id":"TorNetworkSettings","detail":1}
INST 0cad35f1a88adc86 2016-03-28T23:23:03.600Z {"type":"wizardcancel","target_tagname":"wizard","target_id":"TorNetworkSettings"}
INST 0cad35f1a88adc86 2016-03-28T23:23:03.600Z {"type":"command","target_tagname":"wizard","target_id":"TorNetworkSettings"}
INST 0cad35f1a88adc86 2016-03-28T23:23:03.600Z {"type":"unload","target_id":"configuration"}
INST 884ee54a3adb6fdd 2016-03-28T23:23:05.800Z {"type":"start"}
INST 884ee54a3adb6fdd 2016-03-28T23:23:06.500Z {"type":"select","target_tagname":"menulist","target_id":"proxyType","value":""}
INST 884ee54a3adb6fdd 2016-03-28T23:23:06.500Z {"type":"wizardnext","target_tagname":"wizard","target_id":"TorNetworkSettings"}
INST 884ee54a3adb6fdd 2016-03-28T23:23:06.500Z {"type":"pageshow","target_tagname":"wizardpage","target_id":"first"}
INST 884ee54a3adb6fdd 2016-03-28T23:23:06.600Z {"type":"load","target_id":"configuration"}
INST 884ee54a3adb6fdd 2016-03-28T23:23:06.600Z {"type":"select","target_tagname":"menulist","target_id":"defaultBridgeType","value":"flashproxy"}
INST 884ee54a3adb6fdd 2016-03-28T23:23:08.400Z {"type":"click","target_tagname":"button","target_id":"configure_button","detail":1}
INST 884ee54a3adb6fdd 2016-03-28T23:23:08.400Z {"type":"pagehide","target_tagname":"wizardpage","target_id":"first"}
INST 884ee54a3adb6fdd 2016-03-28T23:23:08.400Z {"type":"pageadvanced","target_tagname":"wizardpage","target_id":"first"}
INST 884ee54a3adb6fdd 2016-03-28T23:23:08.400Z {"type":"wizardnext","target_tagname":"wizard","target_id":"TorNetworkSettings"}
INST 884ee54a3adb6fdd 2016-03-28T23:23:08.400Z {"type":"pageshow","target_tagname":"wizardpage","target_id":"proxy"}
INST 884ee54a3adb6fdd 2016-03-28T23:23:08.400Z {"type":"command","target_tagname":"button","target_id":"configure_button"}
INST 884ee54a3adb6fdd 2016-03-28T23:23:09.600Z {"type":"click","target_tagname":"radio","target_id":"proxyRadioWith","detail":1}
INST 884ee54a3adb6fdd 2016-03-28T23:23:09.600Z {"type":"command","target_tagname":"radio","target_id":"proxyRadioWith"}
INST 884ee54a3adb6fdd 2016-03-28T23:23:10.200Z {"type":"popupshown","target_tagname":"menupopup","target_id":"proxyType_menuPopup"}
INST 884ee54a3adb6fdd 2016-03-28T23:23:10.200Z {"type":"click","target_tagname":"menulist","target_id":"proxyType","value":"","detail":1}
INST 884ee54a3adb6fdd 2016-03-28T23:23:10.400Z {"type":"mouseover","target_tagname":"menuitem","target_id":"","value":""}
INST 884ee54a3adb6fdd 2016-03-28T23:23:10.500Z {"type":"mouseout","target_tagname":"menuitem","target_id":"","value":""}
INST 884ee54a3adb6fdd 2016-03-28T23:23:10.500Z {"type":"mouseover","target_tagname":"menuitem","target_id":"","value":"SOCKS4"}
INST 884ee54a3adb6fdd 2016-03-28T23:23:11.200Z {"type":"mouseout","target_tagname":"menuitem","target_id":"","value":"SOCKS4"}
INST 884ee54a3adb6fdd 2016-03-28T23:23:11.200Z {"type":"mouseover","target_tagname":"menuitem","target_id":"","value":"SOCKS5"}
INST 884ee54a3adb6fdd 2016-03-28T23:23:11.800Z {"type":"click","target_tagname":"menuitem","target_id":"","value":"SOCKS5","detail":1}
INST 884ee54a3adb6fdd 2016-03-28T23:23:11.800Z {"type":"select","target_tagname":"menulist","target_id":"proxyType","value":"SOCKS5"}
INST 884ee54a3adb6fdd 2016-03-28T23:23:11.800Z {"type":"command","target_tagname":"menuitem","target_id":"","value":"SOCKS5"}
INST 884ee54a3adb6fdd 2016-03-28T23:23:11.800Z {"type":"popuphidden","target_tagname":"menupopup","target_id":"proxyType_menuPopup"}
INST 884ee54a3adb6fdd 2016-03-28T23:23:11.800Z {"type":"mouseout","target_tagname":"menuitem","target_id":"","value":"SOCKS5"}
INST 884ee54a3adb6fdd 2016-03-28T23:23:12.400Z {"type":"popupshown","target_tagname":"menupopup","target_id":"proxyType_menuPopup"}
INST 884ee54a3adb6fdd 2016-03-28T23:23:12.500Z {"type":"click","target_tagname":"menulist","target_id":"proxyType","value":"SOCKS5","detail":1}
INST 884ee54a3adb6fdd 2016-03-28T23:23:12.700Z {"type":"mouseover","target_tagname":"menuitem","target_id":"","value":""}
INST 884ee54a3adb6fdd 2016-03-28T23:23:12.800Z {"type":"mouseout","target_tagname":"menuitem","target_id":"","value":""}
INST 884ee54a3adb6fdd 2016-03-28T23:23:12.800Z {"type":"mouseover","target_tagname":"menuitem","target_id":"","value":"SOCKS4"}
INST 884ee54a3adb6fdd 2016-03-28T23:23:12.800Z {"type":"mouseout","target_tagname":"menuitem","target_id":"","value":"SOCKS4"}
INST 884ee54a3adb6fdd 2016-03-28T23:23:12.800Z {"type":"mouseover","target_tagname":"menuitem","target_id":"","value":"SOCKS5"}
INST 884ee54a3adb6fdd 2016-03-28T23:23:12.900Z {"type":"mouseout","target_tagname":"menuitem","target_id":"","value":"SOCKS5"}
INST 884ee54a3adb6fdd 2016-03-28T23:23:12.900Z {"type":"mouseover","target_tagname":"menuitem","target_id":"","value":"SOCKS4"}
INST 884ee54a3adb6fdd 2016-03-28T23:23:13.100Z {"type":"mouseout","target_tagname":"menuitem","target_id":"","value":"SOCKS4"}
INST 884ee54a3adb6fdd 2016-03-28T23:23:13.100Z {"type":"mouseover","target_tagname":"menuitem","target_id":"","value":"SOCKS5"}
INST 884ee54a3adb6fdd 2016-03-28T23:23:13.300Z {"type":"click","target_tagname":"menuitem","target_id":"","value":"SOCKS5","detail":1}
INST 884ee54a3adb6fdd 2016-03-28T23:23:13.300Z {"type":"command","target_tagname":"menuitem","target_id":"","value":"SOCKS5"}
INST 884ee54a3adb6fdd 2016-03-28T23:23:13.300Z {"type":"popuphidden","target_tagname":"menupopup","target_id":"proxyType_menuPopup"}
INST 884ee54a3adb6fdd 2016-03-28T23:23:13.300Z {"type":"mouseout","target_tagname":"menuitem","target_id":"","value":"SOCKS5"}
INST 884ee54a3adb6fdd 2016-03-28T23:23:13.700Z {"type":"select","target_tagname":"textbox","target_id":"proxyAddr"}
INST 884ee54a3adb6fdd 2016-03-28T23:23:13.700Z {"type":"click","target_tagname":"textbox","target_id":"proxyAddr","detail":1}
INST 884ee54a3adb6fdd 2016-03-28T23:23:39.100Z {"type":"change","target_tagname":"textbox","target_id":"proxyAddr","value":"https;//en.wikipedia.org/wiki/Main_page"}
INST 884ee54a3adb6fdd 2016-03-28T23:23:39.100Z {"type":"click","target_tagname":"wizard","target_id":"TorNetworkSettings","detail":1}
INST 884ee54a3adb6fdd 2016-03-28T23:23:39.100Z {"type":"pagehide","target_tagname":"wizardpage","target_id":"proxy"}
INST 884ee54a3adb6fdd 2016-03-28T23:23:39.100Z {"type":"pageadvanced","target_tagname":"wizardpage","target_id":"proxy"}
INST 884ee54a3adb6fdd 2016-03-28T23:23:39.100Z {"type":"wizardnext","target_tagname":"wizard","target_id":"TorNetworkSettings"}
INST 884ee54a3adb6fdd 2016-03-28T23:23:39.100Z {"type":"pageshow","target_tagname":"wizardpage","target_id":"bridges"}
INST 884ee54a3adb6fdd 2016-03-28T23:23:39.100Z {"type":"command","target_tagname":"wizard","target_id":"TorNetworkSettings"}
INST 884ee54a3adb6fdd 2016-03-28T23:23:40.400Z {"type":"popupshown","target_tagname":"menupopup","target_id":"defaultBridgeType_menuPopup"}
INST 884ee54a3adb6fdd 2016-03-28T23:23:40.500Z {"type":"click","target_tagname":"menulist","target_id":"defaultBridgeType","value":"flashproxy","detail":1}
INST 884ee54a3adb6fdd 2016-03-28T23:23:40.600Z {"type":"mouseover","target_tagname":"menuitem","target_id":"","value":"flashproxy"}
INST 884ee54a3adb6fdd 2016-03-28T23:23:40.600Z {"type":"mouseout","target_tagname":"menuitem","target_id":"","value":"flashproxy"}
INST 884ee54a3adb6fdd 2016-03-28T23:23:40.600Z {"type":"mouseover","target_tagname":"menuitem","target_id":"","value":"fte"}
INST 884ee54a3adb6fdd 2016-03-28T23:23:40.700Z {"type":"mouseout","target_tagname":"menuitem","target_id":"","value":"fte"}
INST 884ee54a3adb6fdd 2016-03-28T23:23:40.700Z {"type":"mouseover","target_tagname":"menuitem","target_id":"","value":"fte-ipv6"}
INST 884ee54a3adb6fdd 2016-03-28T23:23:40.700Z {"type":"mouseout","target_tagname":"menuitem","target_id":"","value":"fte-ipv6"}
INST 884ee54a3adb6fdd 2016-03-28T23:23:40.700Z {"type":"mouseover","target_tagname":"menuitem","target_id":"","value":"meek-amazon"}
INST 884ee54a3adb6fdd 2016-03-28T23:23:40.800Z {"type":"mouseout","target_tagname":"menuitem","target_id":"","value":"meek-amazon"}
INST 884ee54a3adb6fdd 2016-03-28T23:23:40.800Z {"type":"mouseover","target_tagname":"menuitem","target_id":"","value":"meek-azure"}
INST 884ee54a3adb6fdd 2016-03-28T23:23:40.900Z {"type":"mouseout","target_tagname":"menuitem","target_id":"","value":"meek-azure"}
INST 884ee54a3adb6fdd 2016-03-28T23:23:40.900Z {"type":"mouseover","target_tagname":"menuitem","target_id":"","value":"meek-google"}
INST 884ee54a3adb6fdd 2016-03-28T23:23:41.100Z {"type":"mouseout","target_tagname":"menuitem","target_id":"","value":"meek-google"}
INST 884ee54a3adb6fdd 2016-03-28T23:23:41.100Z {"type":"mouseover","target_tagname":"menuitem","target_id":"","value":"meek-azure"}
INST 884ee54a3adb6fdd 2016-03-28T23:23:41.900Z {"type":"click","target_tagname":"menuitem","target_id":"","value":"meek-azure","detail":1}
INST 884ee54a3adb6fdd 2016-03-28T23:23:41.900Z {"type":"select","target_tagname":"menulist","target_id":"defaultBridgeType","value":"meek-azure"}
INST 884ee54a3adb6fdd 2016-03-28T23:23:41.900Z {"type":"command","target_tagname":"menuitem","target_id":"","value":"meek-azure"}
INST 884ee54a3adb6fdd 2016-03-28T23:23:41.900Z {"type":"popuphidden","target_tagname":"menupopup","target_id":"defaultBridgeType_menuPopup"}
INST 884ee54a3adb6fdd 2016-03-28T23:23:41.900Z {"type":"mouseout","target_tagname":"menuitem","target_id":"","value":"meek-azure"}
INST 884ee54a3adb6fdd 2016-03-28T23:23:42.600Z {"type":"popupshown","target_tagname":"menupopup","target_id":"defaultBridgeType_menuPopup"}
INST 884ee54a3adb6fdd 2016-03-28T23:23:42.700Z {"type":"click","target_tagname":"menulist","target_id":"defaultBridgeType","value":"meek-azure","detail":1}
INST 884ee54a3adb6fdd 2016-03-28T23:23:42.800Z {"type":"mouseover","target_tagname":"menuitem","target_id":"","value":"flashproxy"}
INST 884ee54a3adb6fdd 2016-03-28T23:23:42.800Z {"type":"mouseout","target_tagname":"menuitem","target_id":"","value":"flashproxy"}
INST 884ee54a3adb6fdd 2016-03-28T23:23:42.800Z {"type":"mouseover","target_tagname":"menuitem","target_id":"","value":"fte"}
INST 884ee54a3adb6fdd 2016-03-28T23:23:42.800Z {"type":"mouseout","target_tagname":"menuitem","target_id":"","value":"fte"}
INST 884ee54a3adb6fdd 2016-03-28T23:23:42.800Z {"type":"mouseover","target_tagname":"menuitem","target_id":"","value":"fte-ipv6"}
INST 884ee54a3adb6fdd 2016-03-28T23:23:42.800Z {"type":"mouseout","target_tagname":"menuitem","target_id":"","value":"fte-ipv6"}
INST 884ee54a3adb6fdd 2016-03-28T23:23:42.800Z {"type":"mouseover","target_tagname":"menuitem","target_id":"","value":"meek-amazon"}
INST 884ee54a3adb6fdd 2016-03-28T23:23:42.900Z {"type":"mouseout","target_tagname":"menuitem","target_id":"","value":"meek-amazon"}
INST 884ee54a3adb6fdd 2016-03-28T23:23:42.900Z {"type":"mouseover","target_tagname":"menuitem","target_id":"","value":"meek-azure"}
INST 884ee54a3adb6fdd 2016-03-28T23:23:43.000Z {"type":"mouseout","target_tagname":"menuitem","target_id":"","value":"meek-azure"}
INST 884ee54a3adb6fdd 2016-03-28T23:23:43.000Z {"type":"mouseover","target_tagname":"menuitem","target_id":"","value":"meek-google"}
INST 884ee54a3adb6fdd 2016-03-28T23:23:43.500Z {"type":"mouseout","target_tagname":"menuitem","target_id":"","value":"meek-google"}
INST 884ee54a3adb6fdd 2016-03-28T23:23:43.500Z {"type":"mouseover","target_tagname":"menuitem","target_id":"","value":"obfs3"}
INST 884ee54a3adb6fdd 2016-03-28T23:23:43.800Z {"type":"click","target_tagname":"menuitem","target_id":"","value":"obfs3","detail":1}
INST 884ee54a3adb6fdd 2016-03-28T23:23:43.800Z {"type":"select","target_tagname":"menulist","target_id":"defaultBridgeType","value":"obfs3"}
INST 884ee54a3adb6fdd 2016-03-28T23:23:43.800Z {"type":"command","target_tagname":"menuitem","target_id":"","value":"obfs3"}
INST 884ee54a3adb6fdd 2016-03-28T23:23:43.800Z {"type":"popuphidden","target_tagname":"menupopup","target_id":"defaultBridgeType_menuPopup"}
INST 884ee54a3adb6fdd 2016-03-28T23:23:43.800Z {"type":"mouseout","target_tagname":"menuitem","target_id":"","value":"obfs3"}
INST 884ee54a3adb6fdd 2016-03-28T23:23:44.400Z {"type":"click","target_tagname":"wizardpage","target_id":"bridges","detail":1}
INST 884ee54a3adb6fdd 2016-03-28T23:23:45.100Z {"type":"click","target_tagname":"radio","target_id":"bridgeRadioCustom","detail":1}
INST 884ee54a3adb6fdd 2016-03-28T23:23:45.100Z {"type":"command","target_tagname":"radio","target_id":"bridgeRadioCustom"}
INST 884ee54a3adb6fdd 2016-03-28T23:23:46.000Z {"type":"click","target_tagname":"radio","target_id":"bridgeRadioCustom","detail":1}
INST 884ee54a3adb6fdd 2016-03-28T23:23:46.000Z {"type":"command","target_tagname":"radio","target_id":"bridgeRadioCustom"}
INST 884ee54a3adb6fdd 2016-03-28T23:23:46.500Z {"type":"click","target_tagname":"radio","target_id":"bridgeRadioDefault","detail":1}
INST 884ee54a3adb6fdd 2016-03-28T23:23:46.500Z {"type":"command","target_tagname":"radio","target_id":"bridgeRadioDefault"}
INST 884ee54a3adb6fdd 2016-03-28T23:23:47.600Z {"type":"click","target_tagname":"button","target_id":"bridgeHelpButton","detail":1}
INST 884ee54a3adb6fdd 2016-03-28T23:23:47.600Z {"type":"pageshow","target_tagname":"wizardpage","target_id":"bridgeHelp"}
INST 884ee54a3adb6fdd 2016-03-28T23:23:47.600Z {"type":"command","target_tagname":"button","target_id":"bridgeHelpButton"}
INST 884ee54a3adb6fdd 2016-03-28T23:24:12.800Z {"type":"click","target_tagname":"wizard","target_id":"TorNetworkSettings","detail":1}
INST 884ee54a3adb6fdd 2016-03-28T23:24:12.800Z {"type":"pagehide","target_tagname":"wizardpage","target_id":"bridgeHelp"}
INST 884ee54a3adb6fdd 2016-03-28T23:24:12.800Z {"type":"pageadvanced","target_tagname":"wizardpage","target_id":"bridgeHelp"}
INST 884ee54a3adb6fdd 2016-03-28T23:24:12.800Z {"type":"pageshow","target_tagname":"wizardpage","target_id":"bridges"}
INST 884ee54a3adb6fdd 2016-03-28T23:24:12.800Z {"type":"command","target_tagname":"wizard","target_id":"TorNetworkSettings"}
INST 884ee54a3adb6fdd 2016-03-28T23:24:14.300Z {"type":"click","target_tagname":"wizard","target_id":"TorNetworkSettings","detail":1}
INST 884ee54a3adb6fdd 2016-03-28T23:24:14.300Z {"type":"pagehide","target_tagname":"wizardpage","target_id":"bridges"}
INST 884ee54a3adb6fdd 2016-03-28T23:24:14.300Z {"type":"pageadvanced","target_tagname":"wizardpage","target_id":"bridges"}
INST 884ee54a3adb6fdd 2016-03-28T23:24:14.300Z {"type":"wizardnext","target_tagname":"wizard","target_id":"TorNetworkSettings"}
INST 884ee54a3adb6fdd 2016-03-28T23:24:14.300Z {"type":"pageshow","target_tagname":"wizardpage","target_id":"summary"}
INST 884ee54a3adb6fdd 2016-03-28T23:24:14.300Z {"type":"command","target_tagname":"wizard","target_id":"TorNetworkSettings"}
INST 884ee54a3adb6fdd 2016-03-28T23:24:16.000Z {"type":"pagehide","target_tagname":"wizardpage","target_id":"summary"}
INST 884ee54a3adb6fdd 2016-03-28T23:24:16.000Z {"type":"pageadvanced","target_tagname":"wizardpage","target_id":"summary"}
INST 884ee54a3adb6fdd 2016-03-28T23:24:16.000Z {"type":"pagehide","target_tagname":"wizardpage","target_id":"summary"}
INST 884ee54a3adb6fdd 2016-03-28T23:24:16.000Z {"type":"pagerewound","target_tagname":"wizardpage","target_id":"summary"}
INST 884ee54a3adb6fdd 2016-03-28T23:24:16.000Z {"type":"wizardback","target_tagname":"wizard","target_id":"TorNetworkSettings"}
INST 884ee54a3adb6fdd 2016-03-28T23:24:16.000Z {"type":"pageshow","target_tagname":"wizardpage","target_id":"bridges"}
INST 884ee54a3adb6fdd 2016-03-28T23:24:16.000Z {"type":"pagehide","target_tagname":"wizardpage","target_id":"bridges"}
INST 884ee54a3adb6fdd 2016-03-28T23:24:16.000Z {"type":"pagerewound","target_tagname":"wizardpage","target_id":"bridges"}
INST 884ee54a3adb6fdd 2016-03-28T23:24:16.000Z {"type":"wizardback","target_tagname":"wizard","target_id":"TorNetworkSettings"}
INST 884ee54a3adb6fdd 2016-03-28T23:24:16.000Z {"type":"pageshow","target_tagname":"wizardpage","target_id":"proxy"}
INST 884ee54a3adb6fdd 2016-03-28T23:24:16.000Z {"type":"pagehide","target_tagname":"wizardpage","target_id":"proxy"}
INST 884ee54a3adb6fdd 2016-03-28T23:24:16.000Z {"type":"pagerewound","target_tagname":"wizardpage","target_id":"proxy"}
INST 884ee54a3adb6fdd 2016-03-28T23:24:16.000Z {"type":"wizardback","target_tagname":"wizard","target_id":"TorNetworkSettings"}
INST 884ee54a3adb6fdd 2016-03-28T23:24:16.000Z {"type":"pageshow","target_tagname":"wizardpage","target_id":"first"}
INST 884ee54a3adb6fdd 2016-03-28T23:24:16.100Z {"type":"alert_show","target_id":"failed_to_save_settings","value":"Unable to save Tor settings.\n\nUnacceptable option value: Socks5Proxy failed to parse or resolve. Please fix."}
INST 884ee54a3adb6fdd 2016-03-28T23:24:18.700Z {"type":"alert_exit","target_id":"failed_to_save_settings","value":"Unable to save Tor settings.\n\nUnacceptable option value: Socks5Proxy failed to parse or resolve. Please fix."}
INST 884ee54a3adb6fdd 2016-03-28T23:24:18.700Z {"type":"click","target_tagname":"wizard","target_id":"TorNetworkSettings","detail":1}
INST 884ee54a3adb6fdd 2016-03-28T23:24:21.700Z {"type":"click","target_tagname":"button","target_id":"configure_button","detail":1}
INST 884ee54a3adb6fdd 2016-03-28T23:24:21.700Z {"type":"pagehide","target_tagname":"wizardpage","target_id":"first"}
INST 884ee54a3adb6fdd 2016-03-28T23:24:21.700Z {"type":"pageadvanced","target_tagname":"wizardpage","target_id":"first"}
INST 884ee54a3adb6fdd 2016-03-28T23:24:21.700Z {"type":"wizardnext","target_tagname":"wizard","target_id":"TorNetworkSettings"}
INST 884ee54a3adb6fdd 2016-03-28T23:24:21.700Z {"type":"pageshow","target_tagname":"wizardpage","target_id":"proxy"}
INST 884ee54a3adb6fdd 2016-03-28T23:24:21.700Z {"type":"command","target_tagname":"button","target_id":"configure_button"}
INST 884ee54a3adb6fdd 2016-03-28T23:24:23.000Z {"type":"click","target_tagname":"radio","target_id":"proxyRadioWith","detail":1}
INST 884ee54a3adb6fdd 2016-03-28T23:24:23.000Z {"type":"command","target_tagname":"radio","target_id":"proxyRadioWith"}
INST 884ee54a3adb6fdd 2016-03-28T23:24:23.900Z {"type":"click","target_tagname":"radio","target_id":"proxyRadioWithout","detail":1}
INST 884ee54a3adb6fdd 2016-03-28T23:24:23.900Z {"type":"command","target_tagname":"radio","target_id":"proxyRadioWithout"}
INST 884ee54a3adb6fdd 2016-03-28T23:24:25.000Z {"type":"click","target_tagname":"wizard","target_id":"TorNetworkSettings","detail":1}
INST 884ee54a3adb6fdd 2016-03-28T23:24:25.000Z {"type":"pagehide","target_tagname":"wizardpage","target_id":"proxy"}
INST 884ee54a3adb6fdd 2016-03-28T23:24:25.000Z {"type":"pageadvanced","target_tagname":"wizardpage","target_id":"proxy"}
INST 884ee54a3adb6fdd 2016-03-28T23:24:25.000Z {"type":"wizardnext","target_tagname":"wizard","target_id":"TorNetworkSettings"}
INST 884ee54a3adb6fdd 2016-03-28T23:24:25.000Z {"type":"pageshow","target_tagname":"wizardpage","target_id":"bridges"}
INST 884ee54a3adb6fdd 2016-03-28T23:24:25.000Z {"type":"command","target_tagname":"wizard","target_id":"TorNetworkSettings"}
INST 884ee54a3adb6fdd 2016-03-28T23:24:26.800Z {"type":"click","target_tagname":"wizard","target_id":"TorNetworkSettings","detail":1}
INST 884ee54a3adb6fdd 2016-03-28T23:24:26.800Z {"type":"pagehide","target_tagname":"wizardpage","target_id":"bridges"}
INST 884ee54a3adb6fdd 2016-03-28T23:24:26.800Z {"type":"pageadvanced","target_tagname":"wizardpage","target_id":"bridges"}
INST 884ee54a3adb6fdd 2016-03-28T23:24:26.800Z {"type":"wizardnext","target_tagname":"wizard","target_id":"TorNetworkSettings"}
INST 884ee54a3adb6fdd 2016-03-28T23:24:26.800Z {"type":"pageshow","target_tagname":"wizardpage","target_id":"summary"}
INST 884ee54a3adb6fdd 2016-03-28T23:24:26.800Z {"type":"command","target_tagname":"wizard","target_id":"TorNetworkSettings"}
INST 884ee54a3adb6fdd 2016-03-28T23:24:27.500Z {"type":"pagehide","target_tagname":"wizardpage","target_id":"summary"}
INST 884ee54a3adb6fdd 2016-03-28T23:24:27.500Z {"type":"pageadvanced","target_tagname":"wizardpage","target_id":"summary"}
INST 884ee54a3adb6fdd 2016-03-28T23:24:27.600Z {"type":"wizardnext","target_tagname":"wizard","target_id":"TorNetworkSettings"}
INST 884ee54a3adb6fdd 2016-03-28T23:24:27.600Z {"type":"pageshow","target_tagname":"wizardpage","target_id":"inlineprogress"}
INST 884ee54a3adb6fdd 2016-03-28T23:24:27.600Z {"type":"click","target_tagname":"wizard","target_id":"TorNetworkSettings","detail":1}
INST 884ee54a3adb6fdd 2016-03-28T23:24:34.300Z {"type":"progresschanged","target_tagname":"progressmeter","target_id":"progressMeter","value":5}
INST 884ee54a3adb6fdd 2016-03-28T23:24:34.300Z {"type":"good","target_tagname":"image","target_id":"progressbar","configurationSettings":"bridge-noproxy","number":1}
INST 884ee54a3adb6fdd 2016-03-28T23:24:34.300Z {"type":"progresschanged","target_tagname":"progressmeter","target_id":"progressMeter","value":10}
INST 884ee54a3adb6fdd 2016-03-28T23:24:34.300Z {"type":"good","target_tagname":"image","target_id":"progressbar","configurationSettings":"bridge-noproxy","number":1}
INST 884ee54a3adb6fdd 2016-03-28T23:24:34.600Z {"type":"click","target_tagname":"label","target_id":"","detail":1}
INST 884ee54a3adb6fdd 2016-03-28T23:24:35.000Z {"type":"click","target_tagname":"label","target_id":"","detail":1}
INST 884ee54a3adb6fdd 2016-03-28T23:24:35.400Z {"type":"progresschanged","target_tagname":"progressmeter","target_id":"progressMeter","value":15}
INST 884ee54a3adb6fdd 2016-03-28T23:24:35.400Z {"type":"good","target_tagname":"image","target_id":"progressbar","configurationSettings":"bridge-noproxy","number":1}
INST 884ee54a3adb6fdd 2016-03-28T23:24:35.400Z {"type":"click","target_tagname":"vbox","target_id":"","detail":1}
INST 884ee54a3adb6fdd 2016-03-28T23:24:35.600Z {"type":"progresschanged","target_tagname":"progressmeter","target_id":"progressMeter","value":20}
INST 884ee54a3adb6fdd 2016-03-28T23:24:35.600Z {"type":"good","target_tagname":"image","target_id":"progressbar","configurationSettings":"bridge-noproxy","number":1}
INST 884ee54a3adb6fdd 2016-03-28T23:24:36.200Z {"type":"progresschanged","target_tagname":"progressmeter","target_id":"progressMeter","value":25}
INST 884ee54a3adb6fdd 2016-03-28T23:24:36.200Z {"type":"good","target_tagname":"image","target_id":"progressbar","configurationSettings":"bridge-noproxy","number":2}
INST 884ee54a3adb6fdd 2016-03-28T23:24:38.100Z {"type":"progresschanged","target_tagname":"progressmeter","target_id":"progressMeter","value":40}
INST 884ee54a3adb6fdd 2016-03-28T23:24:38.100Z {"type":"good","target_tagname":"image","target_id":"progressbar","configurationSettings":"bridge-noproxy","number":2}
INST 884ee54a3adb6fdd 2016-03-28T23:24:38.400Z {"type":"progresschanged","target_tagname":"progressmeter","target_id":"progressMeter","value":45}
INST 884ee54a3adb6fdd 2016-03-28T23:24:38.400Z {"type":"good","target_tagname":"image","target_id":"progressbar","configurationSettings":"bridge-noproxy","number":2}
INST 884ee54a3adb6fdd 2016-03-28T23:24:38.700Z {"type":"progresschanged","target_tagname":"progressmeter","target_id":"progressMeter","value":50}
INST 884ee54a3adb6fdd 2016-03-28T23:24:38.700Z {"type":"good","target_tagname":"image","target_id":"progressbar","configurationSettings":"bridge-noproxy","number":2}
INST 884ee54a3adb6fdd 2016-03-28T23:24:39.300Z {"type":"progresschanged","target_tagname":"progressmeter","target_id":"progressMeter","value":51}
INST 884ee54a3adb6fdd 2016-03-28T23:24:39.300Z {"type":"good","target_tagname":"image","target_id":"progressbar","configurationSettings":"bridge-noproxy","number":2}
INST 884ee54a3adb6fdd 2016-03-28T23:24:39.300Z {"type":"progresschanged","target_tagname":"progressmeter","target_id":"progressMeter","value":52}
INST 884ee54a3adb6fdd 2016-03-28T23:24:39.300Z {"type":"good","target_tagname":"image","target_id":"progressbar","configurationSettings":"bridge-noproxy","number":2}
INST 884ee54a3adb6fdd 2016-03-28T23:24:39.500Z {"type":"progresschanged","target_tagname":"progressmeter","target_id":"progressMeter","value":54}
INST 884ee54a3adb6fdd 2016-03-28T23:24:39.500Z {"type":"good","target_tagname":"image","target_id":"progressbar","configurationSettings":"bridge-noproxy","number":2}
INST 884ee54a3adb6fdd 2016-03-28T23:24:39.700Z {"type":"progresschanged","target_tagname":"progressmeter","target_id":"progressMeter","value":56}
INST 884ee54a3adb6fdd 2016-03-28T23:24:39.700Z {"type":"good","target_tagname":"image","target_id":"progressbar","configurationSettings":"bridge-noproxy","number":2}
INST 884ee54a3adb6fdd 2016-03-28T23:24:39.900Z {"type":"progresschanged","target_tagname":"progressmeter","target_id":"progressMeter","value":59}
INST 884ee54a3adb6fdd 2016-03-28T23:24:39.900Z {"type":"good","target_tagname":"image","target_id":"progressbar","configurationSettings":"bridge-noproxy","number":2}
INST 884ee54a3adb6fdd 2016-03-28T23:24:39.900Z {"type":"progresschanged","target_tagname":"progressmeter","target_id":"progressMeter","value":63}
INST 884ee54a3adb6fdd 2016-03-28T23:24:39.900Z {"type":"good","target_tagname":"image","target_id":"progressbar","configurationSettings":"bridge-noproxy","number":2}
INST 884ee54a3adb6fdd 2016-03-28T23:24:40.100Z {"type":"progresschanged","target_tagname":"progressmeter","target_id":"progressMeter","value":69}
INST 884ee54a3adb6fdd 2016-03-28T23:24:40.100Z {"type":"good","target_tagname":"image","target_id":"progressbar","configurationSettings":"bridge-noproxy","number":2}
INST 884ee54a3adb6fdd 2016-03-28T23:24:40.900Z {"type":"progresschanged","target_tagname":"progressmeter","target_id":"progressMeter","value":74}
INST 884ee54a3adb6fdd 2016-03-28T23:24:40.900Z {"type":"good","target_tagname":"image","target_id":"progressbar","configurationSettings":"bridge-noproxy","number":2}
INST 884ee54a3adb6fdd 2016-03-28T23:24:42.300Z {"type":"progresschanged","target_tagname":"progressmeter","target_id":"progressMeter","value":80}
INST 884ee54a3adb6fdd 2016-03-28T23:24:42.300Z {"type":"good","target_tagname":"image","target_id":"progressbar","configurationSettings":"bridge-noproxy","number":2}
INST 884ee54a3adb6fdd 2016-03-28T23:24:42.300Z {"type":"progresschanged","target_tagname":"progressmeter","target_id":"progressMeter","value":90}
INST 884ee54a3adb6fdd 2016-03-28T23:24:42.300Z {"type":"good","target_tagname":"image","target_id":"progressbar","configurationSettings":"bridge-noproxy","number":3}
INST 884ee54a3adb6fdd 2016-03-28T23:24:45.600Z {"type":"progresschanged","target_tagname":"progressmeter","target_id":"progressMeter","value":100}
INST 884ee54a3adb6fdd 2016-03-28T23:24:45.600Z {"type":"good","target_tagname":"image","target_id":"progressbar","configurationSettings":"bridge-noproxy","number":4}
INST 884ee54a3adb6fdd 2016-03-28T23:24:45.900Z {"type":"unload","target_id":"configuration"}
INST e28ac601e33d59bf 2016-03-28T23:28:21.700Z {"type":"start"}
INST e28ac601e33d59bf 2016-03-28T23:28:22.700Z {"type":"select","target_tagname":"menulist","target_id":"proxyType","value":""}
INST e28ac601e33d59bf 2016-03-28T23:28:22.700Z {"type":"wizardnext","target_tagname":"wizard","target_id":"TorNetworkSettings"}
INST e28ac601e33d59bf 2016-03-28T23:28:22.700Z {"type":"pageshow","target_tagname":"wizardpage","target_id":"first"}
INST e28ac601e33d59bf 2016-03-28T23:28:22.700Z {"type":"load","target_id":"configuration"}
INST e28ac601e33d59bf 2016-03-28T23:28:22.700Z {"type":"select","target_tagname":"menulist","target_id":"defaultBridgeType","value":"obfs3"}
INST e28ac601e33d59bf 2016-03-28T23:28:24.900Z {"type":"click","target_tagname":"button","target_id":"configure_button","detail":1}
INST e28ac601e33d59bf 2016-03-28T23:28:24.900Z {"type":"pagehide","target_tagname":"wizardpage","target_id":"first"}
INST e28ac601e33d59bf 2016-03-28T23:28:24.900Z {"type":"pageadvanced","target_tagname":"wizardpage","target_id":"first"}
INST e28ac601e33d59bf 2016-03-28T23:28:24.900Z {"type":"wizardnext","target_tagname":"wizard","target_id":"TorNetworkSettings"}
INST e28ac601e33d59bf 2016-03-28T23:28:24.900Z {"type":"pageshow","target_tagname":"wizardpage","target_id":"proxy"}
INST e28ac601e33d59bf 2016-03-28T23:28:24.900Z {"type":"command","target_tagname":"button","target_id":"configure_button"}
INST e28ac601e33d59bf 2016-03-28T23:28:27.100Z {"type":"click","target_tagname":"vbox","target_id":"","detail":1}
INST e28ac601e33d59bf 2016-03-28T23:28:27.800Z {"type":"click","target_tagname":"radio","target_id":"proxyRadioWith","detail":1}
INST e28ac601e33d59bf 2016-03-28T23:28:27.800Z {"type":"command","target_tagname":"radio","target_id":"proxyRadioWith"}
INST e28ac601e33d59bf 2016-03-28T23:28:28.500Z {"type":"click","target_tagname":"radio","target_id":"proxyRadioWithout","detail":1}
INST e28ac601e33d59bf 2016-03-28T23:28:28.500Z {"type":"command","target_tagname":"radio","target_id":"proxyRadioWithout"}
INST e28ac601e33d59bf 2016-03-28T23:28:29.500Z {"type":"progresschanged","target_tagname":"progressmeter","target_id":"progressMeter","value":5}
INST e28ac601e33d59bf 2016-03-28T23:28:29.500Z {"type":"good","target_tagname":"image","target_id":"progressbar","configurationSettings":"bridge-noproxy","number":1}
INST e28ac601e33d59bf 2016-03-28T23:28:29.500Z {"type":"progresschanged","target_tagname":"progressmeter","target_id":"progressMeter","value":10}
INST e28ac601e33d59bf 2016-03-28T23:28:29.500Z {"type":"good","target_tagname":"image","target_id":"progressbar","configurationSettings":"bridge-noproxy","number":1}
INST e28ac601e33d59bf 2016-03-28T23:28:29.600Z {"type":"click","target_tagname":"wizard","target_id":"TorNetworkSettings","detail":1}
INST e28ac601e33d59bf 2016-03-28T23:28:29.600Z {"type":"pagehide","target_tagname":"wizardpage","target_id":"proxy"}
INST e28ac601e33d59bf 2016-03-28T23:28:29.600Z {"type":"pageadvanced","target_tagname":"wizardpage","target_id":"proxy"}
INST e28ac601e33d59bf 2016-03-28T23:28:29.600Z {"type":"wizardnext","target_tagname":"wizard","target_id":"TorNetworkSettings"}
INST e28ac601e33d59bf 2016-03-28T23:28:29.600Z {"type":"pageshow","target_tagname":"wizardpage","target_id":"bridges"}
INST e28ac601e33d59bf 2016-03-28T23:28:29.600Z {"type":"command","target_tagname":"wizard","target_id":"TorNetworkSettings"}
INST e28ac601e33d59bf 2016-03-28T23:28:30.700Z {"type":"progresschanged","target_tagname":"progressmeter","target_id":"progressMeter","value":15}
INST e28ac601e33d59bf 2016-03-28T23:28:30.700Z {"type":"good","target_tagname":"image","target_id":"progressbar","configurationSettings":"bridge-noproxy","number":1}
INST e28ac601e33d59bf 2016-03-28T23:28:30.900Z {"type":"progresschanged","target_tagname":"progressmeter","target_id":"progressMeter","value":20}
INST e28ac601e33d59bf 2016-03-28T23:28:30.900Z {"type":"good","target_tagname":"image","target_id":"progressbar","configurationSettings":"bridge-noproxy","number":1}
INST e28ac601e33d59bf 2016-03-28T23:28:31.400Z {"type":"popupshown","target_tagname":"menupopup","target_id":"defaultBridgeType_menuPopup"}
INST e28ac601e33d59bf 2016-03-28T23:28:31.500Z {"type":"click","target_tagname":"menulist","target_id":"defaultBridgeType","value":"obfs3","detail":1}
INST e28ac601e33d59bf 2016-03-28T23:28:31.700Z {"type":"mouseover","target_tagname":"menuitem","target_id":"","value":"flashproxy"}
INST e28ac601e33d59bf 2016-03-28T23:28:31.800Z {"type":"mouseout","target_tagname":"menuitem","target_id":"","value":"flashproxy"}
INST e28ac601e33d59bf 2016-03-28T23:28:31.800Z {"type":"mouseover","target_tagname":"menuitem","target_id":"","value":"fte"}
INST e28ac601e33d59bf 2016-03-28T23:28:32.100Z {"type":"progresschanged","target_tagname":"progressmeter","target_id":"progressMeter","value":25}
INST e28ac601e33d59bf 2016-03-28T23:28:32.100Z {"type":"good","target_tagname":"image","target_id":"progressbar","configurationSettings":"bridge-noproxy","number":2}
INST e28ac601e33d59bf 2016-03-28T23:28:32.200Z {"type":"mouseout","target_tagname":"menuitem","target_id":"","value":"fte"}
INST e28ac601e33d59bf 2016-03-28T23:28:32.200Z {"type":"mouseover","target_tagname":"menuitem","target_id":"","value":"fte-ipv6"}
INST e28ac601e33d59bf 2016-03-28T23:28:32.400Z {"type":"mouseout","target_tagname":"menuitem","target_id":"","value":"fte-ipv6"}
INST e28ac601e33d59bf 2016-03-28T23:28:32.400Z {"type":"mouseover","target_tagname":"menuitem","target_id":"","value":"meek-amazon"}
INST e28ac601e33d59bf 2016-03-28T23:28:32.500Z {"type":"mouseout","target_tagname":"menuitem","target_id":"","value":"meek-amazon"}
INST e28ac601e33d59bf 2016-03-28T23:28:32.500Z {"type":"mouseover","target_tagname":"menuitem","target_id":"","value":"meek-azure"}
INST e28ac601e33d59bf 2016-03-28T23:28:33.300Z {"type":"click","target_tagname":"menuitem","target_id":"","value":"meek-azure","detail":1}
INST e28ac601e33d59bf 2016-03-28T23:28:33.300Z {"type":"select","target_tagname":"menulist","target_id":"defaultBridgeType","value":"meek-azure"}
INST e28ac601e33d59bf 2016-03-28T23:28:33.300Z {"type":"command","target_tagname":"menuitem","target_id":"","value":"meek-azure"}
INST e28ac601e33d59bf 2016-03-28T23:28:33.300Z {"type":"popuphidden","target_tagname":"menupopup","target_id":"defaultBridgeType_menuPopup"}
INST e28ac601e33d59bf 2016-03-28T23:28:33.300Z {"type":"mouseout","target_tagname":"menuitem","target_id":"","value":"meek-azure"}
INST e28ac601e33d59bf 2016-03-28T23:28:33.900Z {"type":"click","target_tagname":"wizardpage","target_id":"bridges","detail":1}
INST e28ac601e33d59bf 2016-03-28T23:28:34.900Z {"type":"click","target_tagname":"wizard","target_id":"TorNetworkSettings","detail":1}
INST e28ac601e33d59bf 2016-03-28T23:28:34.900Z {"type":"pagehide","target_tagname":"wizardpage","target_id":"bridges"}
INST e28ac601e33d59bf 2016-03-28T23:28:34.900Z {"type":"pageadvanced","target_tagname":"wizardpage","target_id":"bridges"}
INST e28ac601e33d59bf 2016-03-28T23:28:34.900Z {"type":"wizardnext","target_tagname":"wizard","target_id":"TorNetworkSettings"}
INST e28ac601e33d59bf 2016-03-28T23:28:34.900Z {"type":"pageshow","target_tagname":"wizardpage","target_id":"summary"}
INST e28ac601e33d59bf 2016-03-28T23:28:34.900Z {"type":"command","target_tagname":"wizard","target_id":"TorNetworkSettings"}
INST e28ac601e33d59bf 2016-03-28T23:28:36.200Z {"type":"pagehide","target_tagname":"wizardpage","target_id":"summary"}
INST e28ac601e33d59bf 2016-03-28T23:28:36.200Z {"type":"pageadvanced","target_tagname":"wizardpage","target_id":"summary"}
INST e28ac601e33d59bf 2016-03-28T23:28:36.200Z {"type":"wizardnext","target_tagname":"wizard","target_id":"TorNetworkSettings"}
INST e28ac601e33d59bf 2016-03-28T23:28:36.200Z {"type":"pageshow","target_tagname":"wizardpage","target_id":"inlineprogress"}
INST e28ac601e33d59bf 2016-03-28T23:28:36.200Z {"type":"click","target_tagname":"wizard","target_id":"TorNetworkSettings","detail":1}
INST e28ac601e33d59bf 2016-03-28T23:28:42.100Z {"type":"progresschanged","target_tagname":"progressmeter","target_id":"progressMeter","value":80}
INST e28ac601e33d59bf 2016-03-28T23:28:42.100Z {"type":"good","target_tagname":"image","target_id":"progressbar","configurationSettings":"bridge-noproxy","number":2}
INST e28ac601e33d59bf 2016-03-28T23:28:42.600Z {"type":"progresschanged","target_tagname":"progressmeter","target_id":"progressMeter","value":90}
INST e28ac601e33d59bf 2016-03-28T23:28:42.600Z {"type":"good","target_tagname":"image","target_id":"progressbar","configurationSettings":"bridge-noproxy","number":3}
INST e28ac601e33d59bf 2016-03-28T23:28:43.900Z {"type":"progresschanged","target_tagname":"progressmeter","target_id":"progressMeter","value":100}
INST e28ac601e33d59bf 2016-03-28T23:28:43.900Z {"type":"good","target_tagname":"image","target_id":"progressbar","configurationSettings":"bridge-noproxy","number":4}
INST e28ac601e33d59bf 2016-03-28T23:28:44.100Z {"type":"unload","target_id":"configuration"}
INST 2201e41c4bb1ce85 2016-03-28T23:39:58.900Z {"type":"start"}
INST 2201e41c4bb1ce85 2016-03-28T23:39:59.800Z {"type":"select","target_tagname":"menulist","target_id":"proxyType","value":""}
INST 2201e41c4bb1ce85 2016-03-28T23:39:59.800Z {"type":"wizardnext","target_tagname":"wizard","target_id":"TorNetworkSettings"}
INST 2201e41c4bb1ce85 2016-03-28T23:39:59.800Z {"type":"pageshow","target_tagname":"wizardpage","target_id":"first"}
INST 2201e41c4bb1ce85 2016-03-28T23:39:59.900Z {"type":"load","target_id":"configuration"}
INST 2201e41c4bb1ce85 2016-03-28T23:39:59.900Z {"type":"select","target_tagname":"menulist","target_id":"defaultBridgeType","value":"meek-azure"}
INST 2201e41c4bb1ce85 2016-03-28T23:40:01.800Z {"type":"click","target_tagname":"button","target_id":"configure_button","detail":1}
INST 2201e41c4bb1ce85 2016-03-28T23:40:01.800Z {"type":"pagehide","target_tagname":"wizardpage","target_id":"first"}
INST 2201e41c4bb1ce85 2016-03-28T23:40:01.800Z {"type":"pageadvanced","target_tagname":"wizardpage","target_id":"first"}
INST 2201e41c4bb1ce85 2016-03-28T23:40:01.800Z {"type":"wizardnext","target_tagname":"wizard","target_id":"TorNetworkSettings"}
INST 2201e41c4bb1ce85 2016-03-28T23:40:01.800Z {"type":"pageshow","target_tagname":"wizardpage","target_id":"proxy"}
INST 2201e41c4bb1ce85 2016-03-28T23:40:01.800Z {"type":"command","target_tagname":"button","target_id":"configure_button"}
INST 2201e41c4bb1ce85 2016-03-28T23:40:03.100Z {"type":"click","target_tagname":"wizard","target_id":"TorNetworkSettings","detail":1}
INST 2201e41c4bb1ce85 2016-03-28T23:40:03.100Z {"type":"pagehide","target_tagname":"wizardpage","target_id":"proxy"}
INST 2201e41c4bb1ce85 2016-03-28T23:40:03.100Z {"type":"pageadvanced","target_tagname":"wizardpage","target_id":"proxy"}
INST 2201e41c4bb1ce85 2016-03-28T23:40:03.100Z {"type":"wizardnext","target_tagname":"wizard","target_id":"TorNetworkSettings"}
INST 2201e41c4bb1ce85 2016-03-28T23:40:03.100Z {"type":"pageshow","target_tagname":"wizardpage","target_id":"bridges"}
INST 2201e41c4bb1ce85 2016-03-28T23:40:03.100Z {"type":"command","target_tagname":"wizard","target_id":"TorNetworkSettings"}
INST 2201e41c4bb1ce85 2016-03-28T23:40:03.600Z {"type":"progresschanged","target_tagname":"progressmeter","target_id":"progressMeter","value":5}
INST 2201e41c4bb1ce85 2016-03-28T23:40:03.600Z {"type":"good","target_tagname":"image","target_id":"progressbar","configurationSettings":"bridge-noproxy","number":1}
INST 2201e41c4bb1ce85 2016-03-28T23:40:03.700Z {"type":"progresschanged","target_tagname":"progressmeter","target_id":"progressMeter","value":10}
INST 2201e41c4bb1ce85 2016-03-28T23:40:03.700Z {"type":"good","target_tagname":"image","target_id":"progressbar","configurationSettings":"bridge-noproxy","number":1}
INST 2201e41c4bb1ce85 2016-03-28T23:40:03.700Z {"type":"click","target_tagname":"wizard","target_id":"TorNetworkSettings","detail":1}
INST 2201e41c4bb1ce85 2016-03-28T23:40:03.700Z {"type":"pagehide","target_tagname":"wizardpage","target_id":"bridges"}
INST 2201e41c4bb1ce85 2016-03-28T23:40:03.700Z {"type":"pageadvanced","target_tagname":"wizardpage","target_id":"bridges"}
INST 2201e41c4bb1ce85 2016-03-28T23:40:03.700Z {"type":"wizardnext","target_tagname":"wizard","target_id":"TorNetworkSettings"}
INST 2201e41c4bb1ce85 2016-03-28T23:40:03.700Z {"type":"pageshow","target_tagname":"wizardpage","target_id":"summary"}
INST 2201e41c4bb1ce85 2016-03-28T23:40:03.700Z {"type":"command","target_tagname":"wizard","target_id":"TorNetworkSettings"}
INST 2201e41c4bb1ce85 2016-03-28T23:40:03.900Z {"type":"progresschanged","target_tagname":"progressmeter","target_id":"progressMeter","value":15}
INST 2201e41c4bb1ce85 2016-03-28T23:40:03.900Z {"type":"good","target_tagname":"image","target_id":"progressbar","configurationSettings":"bridge-noproxy","number":1}
INST 2201e41c4bb1ce85 2016-03-28T23:40:03.900Z {"type":"progresschanged","target_tagname":"progressmeter","target_id":"progressMeter","value":20}
INST 2201e41c4bb1ce85 2016-03-28T23:40:03.900Z {"type":"good","target_tagname":"image","target_id":"progressbar","configurationSettings":"bridge-noproxy","number":1}
INST 2201e41c4bb1ce85 2016-03-28T23:40:04.000Z {"type":"progresschanged","target_tagname":"progressmeter","target_id":"progressMeter","value":25}
INST 2201e41c4bb1ce85 2016-03-28T23:40:04.000Z {"type":"good","target_tagname":"image","target_id":"progressbar","configurationSettings":"bridge-noproxy","number":2}
INST 2201e41c4bb1ce85 2016-03-28T23:40:04.700Z {"type":"click","target_tagname":"wizard","target_id":"TorNetworkSettings","detail":1}
INST 2201e41c4bb1ce85 2016-03-28T23:40:04.700Z {"type":"pagehide","target_tagname":"wizardpage","target_id":"summary"}
INST 2201e41c4bb1ce85 2016-03-28T23:40:04.700Z {"type":"pagerewound","target_tagname":"wizardpage","target_id":"summary"}
INST 2201e41c4bb1ce85 2016-03-28T23:40:04.700Z {"type":"wizardback","target_tagname":"wizard","target_id":"TorNetworkSettings"}
INST 2201e41c4bb1ce85 2016-03-28T23:40:04.700Z {"type":"pageshow","target_tagname":"wizardpage","target_id":"bridges"}
INST 2201e41c4bb1ce85 2016-03-28T23:40:04.700Z {"type":"command","target_tagname":"wizard","target_id":"TorNetworkSettings"}
INST 2201e41c4bb1ce85 2016-03-28T23:40:05.200Z {"type":"progresschanged","target_tagname":"progressmeter","target_id":"progressMeter","value":80}
INST 2201e41c4bb1ce85 2016-03-28T23:40:05.200Z {"type":"good","target_tagname":"image","target_id":"progressbar","configurationSettings":"bridge-noproxy","number":2}
INST 2201e41c4bb1ce85 2016-03-28T23:40:05.400Z {"type":"popupshown","target_tagname":"menupopup","target_id":"defaultBridgeType_menuPopup"}
INST 2201e41c4bb1ce85 2016-03-28T23:40:05.400Z {"type":"click","target_tagname":"menulist","target_id":"defaultBridgeType","value":"meek-azure","detail":1}
INST 2201e41c4bb1ce85 2016-03-28T23:40:05.600Z {"type":"mouseover","target_tagname":"menuitem","target_id":"","value":"flashproxy"}
INST 2201e41c4bb1ce85 2016-03-28T23:40:05.600Z {"type":"mouseout","target_tagname":"menuitem","target_id":"","value":"flashproxy"}
INST 2201e41c4bb1ce85 2016-03-28T23:40:05.600Z {"type":"mouseover","target_tagname":"menuitem","target_id":"","value":"fte"}
INST 2201e41c4bb1ce85 2016-03-28T23:40:05.700Z {"type":"progresschanged","target_tagname":"progressmeter","target_id":"progressMeter","value":90}
INST 2201e41c4bb1ce85 2016-03-28T23:40:05.700Z {"type":"good","target_tagname":"image","target_id":"progressbar","configurationSettings":"bridge-noproxy","number":3}
INST 2201e41c4bb1ce85 2016-03-28T23:40:05.700Z {"type":"mouseout","target_tagname":"menuitem","target_id":"","value":"fte"}
INST 2201e41c4bb1ce85 2016-03-28T23:40:05.700Z {"type":"mouseover","target_tagname":"menuitem","target_id":"","value":"fte-ipv6"}
INST 2201e41c4bb1ce85 2016-03-28T23:40:05.700Z {"type":"mouseout","target_tagname":"menuitem","target_id":"","value":"fte-ipv6"}
INST 2201e41c4bb1ce85 2016-03-28T23:40:05.700Z {"type":"mouseover","target_tagname":"menuitem","target_id":"","value":"meek-amazon"}
INST 2201e41c4bb1ce85 2016-03-28T23:40:05.700Z {"type":"mouseout","target_tagname":"menuitem","target_id":"","value":"meek-amazon"}
INST 2201e41c4bb1ce85 2016-03-28T23:40:05.700Z {"type":"mouseover","target_tagname":"menuitem","target_id":"","value":"meek-azure"}
INST 2201e41c4bb1ce85 2016-03-28T23:40:05.800Z {"type":"mouseout","target_tagname":"menuitem","target_id":"","value":"meek-azure"}
INST 2201e41c4bb1ce85 2016-03-28T23:40:05.800Z {"type":"mouseover","target_tagname":"menuitem","target_id":"","value":"meek-google"}
INST 2201e41c4bb1ce85 2016-03-28T23:40:06.000Z {"type":"mouseout","target_tagname":"menuitem","target_id":"","value":"meek-google"}
INST 2201e41c4bb1ce85 2016-03-28T23:40:06.000Z {"type":"mouseover","target_tagname":"menuitem","target_id":"","value":"obfs3"}
INST 2201e41c4bb1ce85 2016-03-28T23:40:06.200Z {"type":"progresschanged","target_tagname":"progressmeter","target_id":"progressMeter","value":100}
INST 2201e41c4bb1ce85 2016-03-28T23:40:06.200Z {"type":"good","target_tagname":"image","target_id":"progressbar","configurationSettings":"bridge-noproxy","number":4}
INST 2201e41c4bb1ce85 2016-03-28T23:40:06.400Z {"type":"unload","target_id":"configuration"}
