INST f081238686565bf7 2016-03-23T21:11:29.800Z {"type":"start"}
INST f081238686565bf7 2016-03-23T21:11:31.000Z {"type":"select","target_tagname":"menulist","target_id":"proxyType","value":""}
INST f081238686565bf7 2016-03-23T21:11:31.000Z {"type":"wizardnext","target_tagname":"wizard","target_id":"TorNetworkSettings"}
INST f081238686565bf7 2016-03-23T21:11:31.000Z {"type":"pageshow","target_tagname":"wizardpage","target_id":"first"}
INST f081238686565bf7 2016-03-23T21:11:31.000Z {"type":"load","target_id":"configuration"}
INST f081238686565bf7 2016-03-23T21:11:31.000Z {"type":"select","target_tagname":"menulist","target_id":"defaultBridgeType","value":"obfs3"}
INST f081238686565bf7 2016-03-23T21:11:36.800Z {"type":"click","target_tagname":"button","target_id":"configure_button","detail":1}
INST f081238686565bf7 2016-03-23T21:11:36.800Z {"type":"pagehide","target_tagname":"wizardpage","target_id":"first"}
INST f081238686565bf7 2016-03-23T21:11:36.800Z {"type":"pageadvanced","target_tagname":"wizardpage","target_id":"first"}
INST f081238686565bf7 2016-03-23T21:11:36.800Z {"type":"wizardnext","target_tagname":"wizard","target_id":"TorNetworkSettings"}
INST f081238686565bf7 2016-03-23T21:11:36.800Z {"type":"pageshow","target_tagname":"wizardpage","target_id":"proxy"}
INST f081238686565bf7 2016-03-23T21:11:36.800Z {"type":"command","target_tagname":"button","target_id":"configure_button"}
INST f081238686565bf7 2016-03-23T21:11:41.200Z {"type":"click","target_tagname":"wizard","target_id":"TorNetworkSettings","detail":1}
INST f081238686565bf7 2016-03-23T21:11:41.200Z {"type":"pagehide","target_tagname":"wizardpage","target_id":"proxy"}
INST f081238686565bf7 2016-03-23T21:11:41.200Z {"type":"pageadvanced","target_tagname":"wizardpage","target_id":"proxy"}
INST f081238686565bf7 2016-03-23T21:11:41.200Z {"type":"wizardnext","target_tagname":"wizard","target_id":"TorNetworkSettings"}
INST f081238686565bf7 2016-03-23T21:11:41.200Z {"type":"pageshow","target_tagname":"wizardpage","target_id":"bridges"}
INST f081238686565bf7 2016-03-23T21:11:41.200Z {"type":"command","target_tagname":"wizard","target_id":"TorNetworkSettings"}
INST f081238686565bf7 2016-03-23T21:11:47.100Z {"type":"click","target_tagname":"radio","target_id":"bridgeRadioDefault","detail":1}
INST f081238686565bf7 2016-03-23T21:11:47.100Z {"type":"command","target_tagname":"radio","target_id":"bridgeRadioDefault"}
INST f081238686565bf7 2016-03-23T21:11:48.100Z {"type":"popupshown","target_tagname":"menupopup","target_id":"defaultBridgeType_menuPopup"}
INST f081238686565bf7 2016-03-23T21:11:48.200Z {"type":"click","target_tagname":"menulist","target_id":"defaultBridgeType","value":"obfs3","detail":1}
INST f081238686565bf7 2016-03-23T21:11:49.300Z {"type":"popuphidden","target_tagname":"menupopup","target_id":"defaultBridgeType_menuPopup"}
INST f081238686565bf7 2016-03-23T21:11:50.400Z {"type":"click","target_tagname":"wizard","target_id":"TorNetworkSettings","detail":1}
INST f081238686565bf7 2016-03-23T21:11:50.400Z {"type":"pagehide","target_tagname":"wizardpage","target_id":"bridges"}
INST f081238686565bf7 2016-03-23T21:11:50.400Z {"type":"pageadvanced","target_tagname":"wizardpage","target_id":"bridges"}
INST f081238686565bf7 2016-03-23T21:11:50.400Z {"type":"wizardnext","target_tagname":"wizard","target_id":"TorNetworkSettings"}
INST f081238686565bf7 2016-03-23T21:11:50.400Z {"type":"pageshow","target_tagname":"wizardpage","target_id":"summary"}
INST f081238686565bf7 2016-03-23T21:11:50.400Z {"type":"command","target_tagname":"wizard","target_id":"TorNetworkSettings"}
INST f081238686565bf7 2016-03-23T21:11:52.200Z {"type":"pagehide","target_tagname":"wizardpage","target_id":"summary"}
INST f081238686565bf7 2016-03-23T21:11:52.200Z {"type":"pageadvanced","target_tagname":"wizardpage","target_id":"summary"}
INST f081238686565bf7 2016-03-23T21:11:52.300Z {"type":"wizardnext","target_tagname":"wizard","target_id":"TorNetworkSettings"}
INST f081238686565bf7 2016-03-23T21:11:52.300Z {"type":"pageshow","target_tagname":"wizardpage","target_id":"inlineprogress"}
INST f081238686565bf7 2016-03-23T21:11:52.300Z {"type":"click","target_tagname":"wizard","target_id":"TorNetworkSettings","detail":1}
INST f081238686565bf7 2016-03-23T21:11:58.400Z {"type":"progresschanged","target_tagname":"progressmeter","target_id":"progressMeter","value":5}
INST f081238686565bf7 2016-03-23T21:11:58.400Z {"type":"good","target_tagname":"image","target_id":"progressbar","configurationSettings":"bridge-noproxy","number":1}
INST f081238686565bf7 2016-03-23T21:11:58.400Z {"type":"progresschanged","target_tagname":"progressmeter","target_id":"progressMeter","value":10}
INST f081238686565bf7 2016-03-23T21:11:58.400Z {"type":"good","target_tagname":"image","target_id":"progressbar","configurationSettings":"bridge-noproxy","number":1}
INST f081238686565bf7 2016-03-23T21:11:59.500Z {"type":"progresschanged","target_tagname":"progressmeter","target_id":"progressMeter","value":15}
INST f081238686565bf7 2016-03-23T21:11:59.500Z {"type":"good","target_tagname":"image","target_id":"progressbar","configurationSettings":"bridge-noproxy","number":1}
INST f081238686565bf7 2016-03-23T21:11:59.700Z {"type":"progresschanged","target_tagname":"progressmeter","target_id":"progressMeter","value":20}
INST f081238686565bf7 2016-03-23T21:11:59.700Z {"type":"good","target_tagname":"image","target_id":"progressbar","configurationSettings":"bridge-noproxy","number":1}
INST f081238686565bf7 2016-03-23T21:12:00.300Z {"type":"progresschanged","target_tagname":"progressmeter","target_id":"progressMeter","value":25}
INST f081238686565bf7 2016-03-23T21:12:00.300Z {"type":"good","target_tagname":"image","target_id":"progressbar","configurationSettings":"bridge-noproxy","number":2}
INST f081238686565bf7 2016-03-23T21:12:02.100Z {"type":"progresschanged","target_tagname":"progressmeter","target_id":"progressMeter","value":40}
INST f081238686565bf7 2016-03-23T21:12:02.100Z {"type":"good","target_tagname":"image","target_id":"progressbar","configurationSettings":"bridge-noproxy","number":2}
INST f081238686565bf7 2016-03-23T21:12:02.700Z {"type":"progresschanged","target_tagname":"progressmeter","target_id":"progressMeter","value":45}
INST f081238686565bf7 2016-03-23T21:12:02.700Z {"type":"good","target_tagname":"image","target_id":"progressbar","configurationSettings":"bridge-noproxy","number":2}
INST f081238686565bf7 2016-03-23T21:12:03.000Z {"type":"progresschanged","target_tagname":"progressmeter","target_id":"progressMeter","value":50}
INST f081238686565bf7 2016-03-23T21:12:03.000Z {"type":"good","target_tagname":"image","target_id":"progressbar","configurationSettings":"bridge-noproxy","number":2}
INST f081238686565bf7 2016-03-23T21:12:03.800Z {"type":"progresschanged","target_tagname":"progressmeter","target_id":"progressMeter","value":51}
INST f081238686565bf7 2016-03-23T21:12:03.800Z {"type":"good","target_tagname":"image","target_id":"progressbar","configurationSettings":"bridge-noproxy","number":2}
INST f081238686565bf7 2016-03-23T21:12:03.800Z {"type":"progresschanged","target_tagname":"progressmeter","target_id":"progressMeter","value":52}
INST f081238686565bf7 2016-03-23T21:12:03.800Z {"type":"good","target_tagname":"image","target_id":"progressbar","configurationSettings":"bridge-noproxy","number":2}
INST f081238686565bf7 2016-03-23T21:12:03.900Z {"type":"progresschanged","target_tagname":"progressmeter","target_id":"progressMeter","value":54}
INST f081238686565bf7 2016-03-23T21:12:03.900Z {"type":"good","target_tagname":"image","target_id":"progressbar","configurationSettings":"bridge-noproxy","number":2}
INST f081238686565bf7 2016-03-23T21:12:04.000Z {"type":"progresschanged","target_tagname":"progressmeter","target_id":"progressMeter","value":56}
INST f081238686565bf7 2016-03-23T21:12:04.000Z {"type":"good","target_tagname":"image","target_id":"progressbar","configurationSettings":"bridge-noproxy","number":2}
INST f081238686565bf7 2016-03-23T21:12:04.100Z {"type":"progresschanged","target_tagname":"progressmeter","target_id":"progressMeter","value":59}
INST f081238686565bf7 2016-03-23T21:12:04.100Z {"type":"good","target_tagname":"image","target_id":"progressbar","configurationSettings":"bridge-noproxy","number":2}
INST f081238686565bf7 2016-03-23T21:12:04.200Z {"type":"progresschanged","target_tagname":"progressmeter","target_id":"progressMeter","value":64}
INST f081238686565bf7 2016-03-23T21:12:04.200Z {"type":"good","target_tagname":"image","target_id":"progressbar","configurationSettings":"bridge-noproxy","number":2}
INST f081238686565bf7 2016-03-23T21:12:05.200Z {"type":"progresschanged","target_tagname":"progressmeter","target_id":"progressMeter","value":69}
INST f081238686565bf7 2016-03-23T21:12:05.200Z {"type":"good","target_tagname":"image","target_id":"progressbar","configurationSettings":"bridge-noproxy","number":2}
INST f081238686565bf7 2016-03-23T21:12:05.400Z {"type":"progresschanged","target_tagname":"progressmeter","target_id":"progressMeter","value":74}
INST f081238686565bf7 2016-03-23T21:12:05.400Z {"type":"good","target_tagname":"image","target_id":"progressbar","configurationSettings":"bridge-noproxy","number":2}
INST f081238686565bf7 2016-03-23T21:12:05.500Z {"type":"progresschanged","target_tagname":"progressmeter","target_id":"progressMeter","value":80}
INST f081238686565bf7 2016-03-23T21:12:05.500Z {"type":"good","target_tagname":"image","target_id":"progressbar","configurationSettings":"bridge-noproxy","number":2}
INST f081238686565bf7 2016-03-23T21:12:05.500Z {"type":"progresschanged","target_tagname":"progressmeter","target_id":"progressMeter","value":90}
INST f081238686565bf7 2016-03-23T21:12:05.500Z {"type":"good","target_tagname":"image","target_id":"progressbar","configurationSettings":"bridge-noproxy","number":3}
INST f081238686565bf7 2016-03-23T21:12:10.800Z {"type":"progresschanged","target_tagname":"progressmeter","target_id":"progressMeter","value":100}
INST f081238686565bf7 2016-03-23T21:12:10.800Z {"type":"good","target_tagname":"image","target_id":"progressbar","configurationSettings":"bridge-noproxy","number":4}
INST f081238686565bf7 2016-03-23T21:12:11.100Z {"type":"unload","target_id":"configuration"}
