INST 62d58d660cd484a9 2016-03-26T01:07:24.000Z {"type":"start"}
INST 62d58d660cd484a9 2016-03-26T01:07:24.900Z {"type":"select","target_tagname":"menulist","target_id":"proxyType","value":""}
INST 62d58d660cd484a9 2016-03-26T01:07:24.900Z {"type":"wizardnext","target_tagname":"wizard","target_id":"TorNetworkSettings"}
INST 62d58d660cd484a9 2016-03-26T01:07:24.900Z {"type":"pageshow","target_tagname":"wizardpage","target_id":"first"}
INST 62d58d660cd484a9 2016-03-26T01:07:25.000Z {"type":"load","target_id":"configuration"}
INST 62d58d660cd484a9 2016-03-26T01:07:25.000Z {"type":"select","target_tagname":"menulist","target_id":"defaultBridgeType","value":"obfs3"}
INST 62d58d660cd484a9 2016-03-26T01:07:28.900Z {"type":"click","target_tagname":"button","target_id":"connect_button","detail":1}
INST 62d58d660cd484a9 2016-03-26T01:07:28.900Z {"type":"pagehide","target_tagname":"wizardpage","target_id":"first"}
INST 62d58d660cd484a9 2016-03-26T01:07:28.900Z {"type":"pageadvanced","target_tagname":"wizardpage","target_id":"first"}
INST 62d58d660cd484a9 2016-03-26T01:07:28.900Z {"type":"wizardnext","target_tagname":"wizard","target_id":"TorNetworkSettings"}
INST 62d58d660cd484a9 2016-03-26T01:07:28.900Z {"type":"pageshow","target_tagname":"wizardpage","target_id":"inlineprogress"}
INST 62d58d660cd484a9 2016-03-26T01:07:28.900Z {"type":"command","target_tagname":"button","target_id":"connect_button"}
INST 62d58d660cd484a9 2016-03-26T01:07:29.500Z {"type":"progresschanged","target_tagname":"progressmeter","target_id":"progressMeter","value":5}
INST 62d58d660cd484a9 2016-03-26T01:07:29.500Z {"type":"good","target_tagname":"image","target_id":"progressbar","configurationSettings":"nobridge-noproxy","number":1}
INST 62d58d660cd484a9 2016-03-26T01:07:29.500Z {"type":"progresschanged","target_tagname":"progressmeter","target_id":"progressMeter","value":5}
INST 62d58d660cd484a9 2016-03-26T01:07:29.500Z {"type":"good","target_tagname":"image","target_id":"progressbar","configurationSettings":"nobridge-noproxy","number":1}
INST 62d58d660cd484a9 2016-03-26T01:07:29.500Z {"type":"progresschanged","target_tagname":"progressmeter","target_id":"progressMeter","value":5}
INST 62d58d660cd484a9 2016-03-26T01:07:29.500Z {"type":"good","target_tagname":"image","target_id":"progressbar","configurationSettings":"nobridge-noproxy","number":1}
INST 62d58d660cd484a9 2016-03-26T01:07:35.500Z {"type":"click","target_tagname":"wizard","target_id":"TorNetworkSettings","detail":1}
INST 62d58d660cd484a9 2016-03-26T01:07:47.200Z {"type":"click","target_tagname":"wizard","target_id":"TorNetworkSettings","detail":1}
INST 62d58d660cd484a9 2016-03-26T01:07:47.200Z {"type":"wizardcancel","target_tagname":"wizard","target_id":"TorNetworkSettings"}
INST 62d58d660cd484a9 2016-03-26T01:07:47.200Z {"type":"command","target_tagname":"wizard","target_id":"TorNetworkSettings"}
INST 62d58d660cd484a9 2016-03-26T01:07:47.200Z {"type":"unload","target_id":"configuration"}
INST c4178b8b05355296 2016-03-26T01:08:13.000Z {"type":"start"}
INST c4178b8b05355296 2016-03-26T01:08:13.700Z {"type":"select","target_tagname":"menulist","target_id":"proxyType","value":""}
INST c4178b8b05355296 2016-03-26T01:08:13.700Z {"type":"wizardnext","target_tagname":"wizard","target_id":"TorNetworkSettings"}
INST c4178b8b05355296 2016-03-26T01:08:13.700Z {"type":"pageshow","target_tagname":"wizardpage","target_id":"first"}
INST c4178b8b05355296 2016-03-26T01:08:13.700Z {"type":"load","target_id":"configuration"}
INST c4178b8b05355296 2016-03-26T01:08:13.700Z {"type":"select","target_tagname":"menulist","target_id":"defaultBridgeType","value":"obfs3"}
INST c4178b8b05355296 2016-03-26T01:09:11.900Z {"type":"click","target_tagname":"button","target_id":"configure_button","detail":1}
INST c4178b8b05355296 2016-03-26T01:09:11.900Z {"type":"pagehide","target_tagname":"wizardpage","target_id":"first"}
INST c4178b8b05355296 2016-03-26T01:09:11.900Z {"type":"pageadvanced","target_tagname":"wizardpage","target_id":"first"}
INST c4178b8b05355296 2016-03-26T01:09:11.900Z {"type":"wizardnext","target_tagname":"wizard","target_id":"TorNetworkSettings"}
INST c4178b8b05355296 2016-03-26T01:09:11.900Z {"type":"pageshow","target_tagname":"wizardpage","target_id":"proxy"}
INST c4178b8b05355296 2016-03-26T01:09:11.900Z {"type":"command","target_tagname":"button","target_id":"configure_button"}
INST c4178b8b05355296 2016-03-26T01:09:20.300Z {"type":"click","target_tagname":"wizard","target_id":"TorNetworkSettings","detail":1}
INST c4178b8b05355296 2016-03-26T01:09:20.300Z {"type":"pagehide","target_tagname":"wizardpage","target_id":"proxy"}
INST c4178b8b05355296 2016-03-26T01:09:20.300Z {"type":"pageadvanced","target_tagname":"wizardpage","target_id":"proxy"}
INST c4178b8b05355296 2016-03-26T01:09:20.300Z {"type":"wizardnext","target_tagname":"wizard","target_id":"TorNetworkSettings"}
INST c4178b8b05355296 2016-03-26T01:09:20.300Z {"type":"pageshow","target_tagname":"wizardpage","target_id":"bridges"}
INST c4178b8b05355296 2016-03-26T01:09:20.300Z {"type":"command","target_tagname":"wizard","target_id":"TorNetworkSettings"}
INST c4178b8b05355296 2016-03-26T01:09:25.500Z {"type":"click","target_tagname":"radio","target_id":"bridgeRadioDefault","detail":1}
INST c4178b8b05355296 2016-03-26T01:09:25.500Z {"type":"command","target_tagname":"radio","target_id":"bridgeRadioDefault"}
INST c4178b8b05355296 2016-03-26T01:09:27.900Z {"type":"popupshown","target_tagname":"menupopup","target_id":"defaultBridgeType_menuPopup"}
INST c4178b8b05355296 2016-03-26T01:09:28.000Z {"type":"click","target_tagname":"menulist","target_id":"defaultBridgeType","value":"obfs3","detail":1}
INST c4178b8b05355296 2016-03-26T01:09:28.400Z {"type":"popuphidden","target_tagname":"menupopup","target_id":"defaultBridgeType_menuPopup"}
INST c4178b8b05355296 2016-03-26T01:09:29.300Z {"type":"popupshown","target_tagname":"menupopup","target_id":"defaultBridgeType_menuPopup"}
INST c4178b8b05355296 2016-03-26T01:09:29.400Z {"type":"click","target_tagname":"menulist","target_id":"defaultBridgeType","value":"obfs3","detail":1}
INST c4178b8b05355296 2016-03-26T01:09:31.300Z {"type":"popuphidden","target_tagname":"menupopup","target_id":"defaultBridgeType_menuPopup"}
INST c4178b8b05355296 2016-03-26T01:09:32.900Z {"type":"click","target_tagname":"wizard","target_id":"TorNetworkSettings","detail":1}
INST c4178b8b05355296 2016-03-26T01:09:32.900Z {"type":"pagehide","target_tagname":"wizardpage","target_id":"bridges"}
INST c4178b8b05355296 2016-03-26T01:09:32.900Z {"type":"pageadvanced","target_tagname":"wizardpage","target_id":"bridges"}
INST c4178b8b05355296 2016-03-26T01:09:32.900Z {"type":"wizardnext","target_tagname":"wizard","target_id":"TorNetworkSettings"}
INST c4178b8b05355296 2016-03-26T01:09:32.900Z {"type":"pageshow","target_tagname":"wizardpage","target_id":"summary"}
INST c4178b8b05355296 2016-03-26T01:09:32.900Z {"type":"command","target_tagname":"wizard","target_id":"TorNetworkSettings"}
INST c4178b8b05355296 2016-03-26T01:09:35.900Z {"type":"pagehide","target_tagname":"wizardpage","target_id":"summary"}
INST c4178b8b05355296 2016-03-26T01:09:35.900Z {"type":"pageadvanced","target_tagname":"wizardpage","target_id":"summary"}
INST c4178b8b05355296 2016-03-26T01:09:36.000Z {"type":"wizardnext","target_tagname":"wizard","target_id":"TorNetworkSettings"}
INST c4178b8b05355296 2016-03-26T01:09:36.000Z {"type":"pageshow","target_tagname":"wizardpage","target_id":"inlineprogress"}
INST c4178b8b05355296 2016-03-26T01:09:36.000Z {"type":"click","target_tagname":"wizard","target_id":"TorNetworkSettings","detail":1}
INST c4178b8b05355296 2016-03-26T01:09:42.500Z {"type":"progresschanged","target_tagname":"progressmeter","target_id":"progressMeter","value":5}
INST c4178b8b05355296 2016-03-26T01:09:42.500Z {"type":"good","target_tagname":"image","target_id":"progressbar","configurationSettings":"bridge-noproxy","number":1}
INST c4178b8b05355296 2016-03-26T01:09:42.500Z {"type":"progresschanged","target_tagname":"progressmeter","target_id":"progressMeter","value":10}
INST c4178b8b05355296 2016-03-26T01:09:42.500Z {"type":"good","target_tagname":"image","target_id":"progressbar","configurationSettings":"bridge-noproxy","number":1}
INST c4178b8b05355296 2016-03-26T01:09:43.600Z {"type":"progresschanged","target_tagname":"progressmeter","target_id":"progressMeter","value":15}
INST c4178b8b05355296 2016-03-26T01:09:43.600Z {"type":"good","target_tagname":"image","target_id":"progressbar","configurationSettings":"bridge-noproxy","number":1}
INST c4178b8b05355296 2016-03-26T01:09:43.800Z {"type":"progresschanged","target_tagname":"progressmeter","target_id":"progressMeter","value":20}
INST c4178b8b05355296 2016-03-26T01:09:43.800Z {"type":"good","target_tagname":"image","target_id":"progressbar","configurationSettings":"bridge-noproxy","number":1}
INST c4178b8b05355296 2016-03-26T01:09:44.400Z {"type":"progresschanged","target_tagname":"progressmeter","target_id":"progressMeter","value":25}
INST c4178b8b05355296 2016-03-26T01:09:44.400Z {"type":"good","target_tagname":"image","target_id":"progressbar","configurationSettings":"bridge-noproxy","number":2}
INST c4178b8b05355296 2016-03-26T01:09:46.300Z {"type":"progresschanged","target_tagname":"progressmeter","target_id":"progressMeter","value":40}
INST c4178b8b05355296 2016-03-26T01:09:46.300Z {"type":"good","target_tagname":"image","target_id":"progressbar","configurationSettings":"bridge-noproxy","number":2}
INST c4178b8b05355296 2016-03-26T01:09:46.900Z {"type":"progresschanged","target_tagname":"progressmeter","target_id":"progressMeter","value":45}
INST c4178b8b05355296 2016-03-26T01:09:46.900Z {"type":"good","target_tagname":"image","target_id":"progressbar","configurationSettings":"bridge-noproxy","number":2}
INST c4178b8b05355296 2016-03-26T01:09:47.200Z {"type":"progresschanged","target_tagname":"progressmeter","target_id":"progressMeter","value":50}
INST c4178b8b05355296 2016-03-26T01:09:47.200Z {"type":"good","target_tagname":"image","target_id":"progressbar","configurationSettings":"bridge-noproxy","number":2}
INST c4178b8b05355296 2016-03-26T01:09:48.500Z {"type":"progresschanged","target_tagname":"progressmeter","target_id":"progressMeter","value":51}
INST c4178b8b05355296 2016-03-26T01:09:48.500Z {"type":"good","target_tagname":"image","target_id":"progressbar","configurationSettings":"bridge-noproxy","number":2}
INST c4178b8b05355296 2016-03-26T01:09:49.100Z {"type":"progresschanged","target_tagname":"progressmeter","target_id":"progressMeter","value":52}
INST c4178b8b05355296 2016-03-26T01:09:49.100Z {"type":"good","target_tagname":"image","target_id":"progressbar","configurationSettings":"bridge-noproxy","number":2}
INST c4178b8b05355296 2016-03-26T01:09:49.200Z {"type":"progresschanged","target_tagname":"progressmeter","target_id":"progressMeter","value":54}
INST c4178b8b05355296 2016-03-26T01:09:49.200Z {"type":"good","target_tagname":"image","target_id":"progressbar","configurationSettings":"bridge-noproxy","number":2}
INST c4178b8b05355296 2016-03-26T01:09:49.300Z {"type":"progresschanged","target_tagname":"progressmeter","target_id":"progressMeter","value":56}
INST c4178b8b05355296 2016-03-26T01:09:49.300Z {"type":"good","target_tagname":"image","target_id":"progressbar","configurationSettings":"bridge-noproxy","number":2}
INST c4178b8b05355296 2016-03-26T01:09:49.300Z {"type":"progresschanged","target_tagname":"progressmeter","target_id":"progressMeter","value":59}
INST c4178b8b05355296 2016-03-26T01:09:49.300Z {"type":"good","target_tagname":"image","target_id":"progressbar","configurationSettings":"bridge-noproxy","number":2}
INST c4178b8b05355296 2016-03-26T01:09:49.300Z {"type":"progresschanged","target_tagname":"progressmeter","target_id":"progressMeter","value":62}
INST c4178b8b05355296 2016-03-26T01:09:49.300Z {"type":"good","target_tagname":"image","target_id":"progressbar","configurationSettings":"bridge-noproxy","number":2}
INST c4178b8b05355296 2016-03-26T01:09:50.000Z {"type":"progresschanged","target_tagname":"progressmeter","target_id":"progressMeter","value":67}
INST c4178b8b05355296 2016-03-26T01:09:50.000Z {"type":"good","target_tagname":"image","target_id":"progressbar","configurationSettings":"bridge-noproxy","number":2}
INST c4178b8b05355296 2016-03-26T01:09:50.800Z {"type":"progresschanged","target_tagname":"progressmeter","target_id":"progressMeter","value":72}
INST c4178b8b05355296 2016-03-26T01:09:50.800Z {"type":"good","target_tagname":"image","target_id":"progressbar","configurationSettings":"bridge-noproxy","number":2}
INST c4178b8b05355296 2016-03-26T01:09:51.700Z {"type":"progresschanged","target_tagname":"progressmeter","target_id":"progressMeter","value":78}
INST c4178b8b05355296 2016-03-26T01:09:51.700Z {"type":"good","target_tagname":"image","target_id":"progressbar","configurationSettings":"bridge-noproxy","number":2}
INST c4178b8b05355296 2016-03-26T01:09:54.500Z {"type":"progresschanged","target_tagname":"progressmeter","target_id":"progressMeter","value":80}
INST c4178b8b05355296 2016-03-26T01:09:54.500Z {"type":"good","target_tagname":"image","target_id":"progressbar","configurationSettings":"bridge-noproxy","number":2}
INST c4178b8b05355296 2016-03-26T01:09:54.500Z {"type":"progresschanged","target_tagname":"progressmeter","target_id":"progressMeter","value":90}
INST c4178b8b05355296 2016-03-26T01:09:54.500Z {"type":"good","target_tagname":"image","target_id":"progressbar","configurationSettings":"bridge-noproxy","number":3}
INST c4178b8b05355296 2016-03-26T01:09:56.700Z {"type":"progresschanged","target_tagname":"progressmeter","target_id":"progressMeter","value":100}
INST c4178b8b05355296 2016-03-26T01:09:56.700Z {"type":"good","target_tagname":"image","target_id":"progressbar","configurationSettings":"bridge-noproxy","number":4}
INST c4178b8b05355296 2016-03-26T01:09:57.000Z {"type":"unload","target_id":"configuration"}
