INST d13ad6fd0caff585 2016-03-28T21:20:56.500Z {"type":"start"}
INST d13ad6fd0caff585 2016-03-28T21:20:59.500Z {"type":"select","target_tagname":"menulist","target_id":"proxyType","value":""}
INST d13ad6fd0caff585 2016-03-28T21:20:59.500Z {"type":"wizardnext","target_tagname":"wizard","target_id":"TorNetworkSettings"}
INST d13ad6fd0caff585 2016-03-28T21:20:59.500Z {"type":"pageshow","target_tagname":"wizardpage","target_id":"first"}
INST d13ad6fd0caff585 2016-03-28T21:20:59.700Z {"type":"load","target_id":"configuration"}
INST d13ad6fd0caff585 2016-03-28T21:20:59.700Z {"type":"select","target_tagname":"menulist","target_id":"defaultBridgeType","value":"obfs3"}
INST d13ad6fd0caff585 2016-03-28T21:21:03.500Z {"type":"click","target_tagname":"button","target_id":"connect_button","detail":1}
INST d13ad6fd0caff585 2016-03-28T21:21:03.500Z {"type":"pagehide","target_tagname":"wizardpage","target_id":"first"}
INST d13ad6fd0caff585 2016-03-28T21:21:03.500Z {"type":"pageadvanced","target_tagname":"wizardpage","target_id":"first"}
INST d13ad6fd0caff585 2016-03-28T21:21:03.500Z {"type":"wizardnext","target_tagname":"wizard","target_id":"TorNetworkSettings"}
INST d13ad6fd0caff585 2016-03-28T21:21:03.500Z {"type":"pageshow","target_tagname":"wizardpage","target_id":"inlineprogress"}
INST d13ad6fd0caff585 2016-03-28T21:21:03.500Z {"type":"command","target_tagname":"button","target_id":"connect_button"}
INST d13ad6fd0caff585 2016-03-28T21:21:04.100Z {"type":"progresschanged","target_tagname":"progressmeter","target_id":"progressMeter","value":5}
INST d13ad6fd0caff585 2016-03-28T21:21:04.100Z {"type":"good","target_tagname":"image","target_id":"progressbar","configurationSettings":"nobridge-noproxy","number":1}
INST d13ad6fd0caff585 2016-03-28T21:21:04.100Z {"type":"progresschanged","target_tagname":"progressmeter","target_id":"progressMeter","value":5}
INST d13ad6fd0caff585 2016-03-28T21:21:04.100Z {"type":"good","target_tagname":"image","target_id":"progressbar","configurationSettings":"nobridge-noproxy","number":1}
INST d13ad6fd0caff585 2016-03-28T21:21:04.100Z {"type":"progresschanged","target_tagname":"progressmeter","target_id":"progressMeter","value":5}
INST d13ad6fd0caff585 2016-03-28T21:21:04.100Z {"type":"good","target_tagname":"image","target_id":"progressbar","configurationSettings":"nobridge-noproxy","number":1}
INST d13ad6fd0caff585 2016-03-28T21:22:05.100Z {"type":"progresschanged","target_tagname":"progressmeter","target_id":"progressMeter","value":5}
INST d13ad6fd0caff585 2016-03-28T21:22:05.100Z {"type":"good","target_tagname":"image","target_id":"progressbar","configurationSettings":"nobridge-noproxy","number":1}
INST fa4e8a4ee54c7a0b 2016-03-28T21:25:02.300Z {"type":"start"}
INST fa4e8a4ee54c7a0b 2016-03-28T21:25:02.900Z {"type":"select","target_tagname":"menulist","target_id":"proxyType","value":""}
INST fa4e8a4ee54c7a0b 2016-03-28T21:25:02.900Z {"type":"wizardnext","target_tagname":"wizard","target_id":"TorNetworkSettings"}
INST fa4e8a4ee54c7a0b 2016-03-28T21:25:02.900Z {"type":"pageshow","target_tagname":"wizardpage","target_id":"first"}
INST fa4e8a4ee54c7a0b 2016-03-28T21:25:03.000Z {"type":"load","target_id":"configuration"}
INST fa4e8a4ee54c7a0b 2016-03-28T21:25:03.000Z {"type":"select","target_tagname":"menulist","target_id":"defaultBridgeType","value":"obfs3"}
INST fa4e8a4ee54c7a0b 2016-03-28T21:25:08.200Z {"type":"click","target_tagname":"button","target_id":"configure_button","detail":1}
INST fa4e8a4ee54c7a0b 2016-03-28T21:25:08.200Z {"type":"pagehide","target_tagname":"wizardpage","target_id":"first"}
INST fa4e8a4ee54c7a0b 2016-03-28T21:25:08.200Z {"type":"pageadvanced","target_tagname":"wizardpage","target_id":"first"}
INST fa4e8a4ee54c7a0b 2016-03-28T21:25:08.200Z {"type":"wizardnext","target_tagname":"wizard","target_id":"TorNetworkSettings"}
INST fa4e8a4ee54c7a0b 2016-03-28T21:25:08.200Z {"type":"pageshow","target_tagname":"wizardpage","target_id":"proxy"}
INST fa4e8a4ee54c7a0b 2016-03-28T21:25:08.200Z {"type":"command","target_tagname":"button","target_id":"configure_button"}
INST fa4e8a4ee54c7a0b 2016-03-28T21:25:10.800Z {"type":"click","target_tagname":"wizard","target_id":"TorNetworkSettings","detail":1}
INST fa4e8a4ee54c7a0b 2016-03-28T21:25:10.800Z {"type":"pagehide","target_tagname":"wizardpage","target_id":"proxy"}
INST fa4e8a4ee54c7a0b 2016-03-28T21:25:10.800Z {"type":"pageadvanced","target_tagname":"wizardpage","target_id":"proxy"}
INST fa4e8a4ee54c7a0b 2016-03-28T21:25:10.800Z {"type":"wizardnext","target_tagname":"wizard","target_id":"TorNetworkSettings"}
INST fa4e8a4ee54c7a0b 2016-03-28T21:25:10.800Z {"type":"pageshow","target_tagname":"wizardpage","target_id":"bridges"}
INST fa4e8a4ee54c7a0b 2016-03-28T21:25:10.800Z {"type":"command","target_tagname":"wizard","target_id":"TorNetworkSettings"}
INST fa4e8a4ee54c7a0b 2016-03-28T21:25:14.600Z {"type":"click","target_tagname":"wizard","target_id":"TorNetworkSettings","detail":1}
INST fa4e8a4ee54c7a0b 2016-03-28T21:25:14.600Z {"type":"pagehide","target_tagname":"wizardpage","target_id":"bridges"}
INST fa4e8a4ee54c7a0b 2016-03-28T21:25:14.600Z {"type":"pageadvanced","target_tagname":"wizardpage","target_id":"bridges"}
INST fa4e8a4ee54c7a0b 2016-03-28T21:25:14.600Z {"type":"wizardnext","target_tagname":"wizard","target_id":"TorNetworkSettings"}
INST fa4e8a4ee54c7a0b 2016-03-28T21:25:14.600Z {"type":"pageshow","target_tagname":"wizardpage","target_id":"summary"}
INST fa4e8a4ee54c7a0b 2016-03-28T21:25:14.600Z {"type":"command","target_tagname":"wizard","target_id":"TorNetworkSettings"}
INST fa4e8a4ee54c7a0b 2016-03-28T21:25:17.100Z {"type":"pagehide","target_tagname":"wizardpage","target_id":"summary"}
INST fa4e8a4ee54c7a0b 2016-03-28T21:25:17.100Z {"type":"pageadvanced","target_tagname":"wizardpage","target_id":"summary"}
INST fa4e8a4ee54c7a0b 2016-03-28T21:25:17.100Z {"type":"wizardnext","target_tagname":"wizard","target_id":"TorNetworkSettings"}
INST fa4e8a4ee54c7a0b 2016-03-28T21:25:17.100Z {"type":"pageshow","target_tagname":"wizardpage","target_id":"inlineprogress"}
INST fa4e8a4ee54c7a0b 2016-03-28T21:25:17.100Z {"type":"click","target_tagname":"wizard","target_id":"TorNetworkSettings","detail":1}
INST fa4e8a4ee54c7a0b 2016-03-28T21:25:17.800Z {"type":"progresschanged","target_tagname":"progressmeter","target_id":"progressMeter","value":5}
INST fa4e8a4ee54c7a0b 2016-03-28T21:25:17.800Z {"type":"good","target_tagname":"image","target_id":"progressbar","configurationSettings":"nobridge-noproxy","number":1}
INST fa4e8a4ee54c7a0b 2016-03-28T21:25:17.800Z {"type":"progresschanged","target_tagname":"progressmeter","target_id":"progressMeter","value":5}
INST fa4e8a4ee54c7a0b 2016-03-28T21:25:17.800Z {"type":"good","target_tagname":"image","target_id":"progressbar","configurationSettings":"nobridge-noproxy","number":1}
INST fa4e8a4ee54c7a0b 2016-03-28T21:25:17.800Z {"type":"progresschanged","target_tagname":"progressmeter","target_id":"progressMeter","value":5}
INST fa4e8a4ee54c7a0b 2016-03-28T21:25:17.800Z {"type":"good","target_tagname":"image","target_id":"progressbar","configurationSettings":"nobridge-noproxy","number":1}
INST fa4e8a4ee54c7a0b 2016-03-28T21:25:58.800Z {"type":"wizardcancel","target_tagname":"wizard","target_id":"TorNetworkSettings"}
INST fa4e8a4ee54c7a0b 2016-03-28T21:25:58.800Z {"type":"unload","target_id":"configuration"}
INST 9fbf99111c8c21fc 2016-03-28T21:26:00.700Z {"type":"start"}
INST 9fbf99111c8c21fc 2016-03-28T21:26:01.400Z {"type":"select","target_tagname":"menulist","target_id":"proxyType","value":""}
INST 9fbf99111c8c21fc 2016-03-28T21:26:01.400Z {"type":"wizardnext","target_tagname":"wizard","target_id":"TorNetworkSettings"}
INST 9fbf99111c8c21fc 2016-03-28T21:26:01.400Z {"type":"pageshow","target_tagname":"wizardpage","target_id":"first"}
INST 9fbf99111c8c21fc 2016-03-28T21:26:01.400Z {"type":"load","target_id":"configuration"}
INST 9fbf99111c8c21fc 2016-03-28T21:26:01.400Z {"type":"select","target_tagname":"menulist","target_id":"defaultBridgeType","value":"obfs3"}
INST 9fbf99111c8c21fc 2016-03-28T21:26:02.400Z {"type":"click","target_tagname":"button","target_id":"configure_button","detail":1}
INST 9fbf99111c8c21fc 2016-03-28T21:26:02.400Z {"type":"pagehide","target_tagname":"wizardpage","target_id":"first"}
INST 9fbf99111c8c21fc 2016-03-28T21:26:02.400Z {"type":"pageadvanced","target_tagname":"wizardpage","target_id":"first"}
INST 9fbf99111c8c21fc 2016-03-28T21:26:02.400Z {"type":"wizardnext","target_tagname":"wizard","target_id":"TorNetworkSettings"}
INST 9fbf99111c8c21fc 2016-03-28T21:26:02.400Z {"type":"pageshow","target_tagname":"wizardpage","target_id":"proxy"}
INST 9fbf99111c8c21fc 2016-03-28T21:26:02.400Z {"type":"command","target_tagname":"button","target_id":"configure_button"}
INST 9fbf99111c8c21fc 2016-03-28T21:26:03.400Z {"type":"click","target_tagname":"radio","target_id":"proxyRadioWith","detail":1}
INST 9fbf99111c8c21fc 2016-03-28T21:26:03.400Z {"type":"command","target_tagname":"radio","target_id":"proxyRadioWith"}
INST 9fbf99111c8c21fc 2016-03-28T21:26:05.200Z {"type":"click","target_tagname":"radio","target_id":"proxyRadioWithout","detail":1}
INST 9fbf99111c8c21fc 2016-03-28T21:26:05.200Z {"type":"command","target_tagname":"radio","target_id":"proxyRadioWithout"}
INST 9fbf99111c8c21fc 2016-03-28T21:26:06.300Z {"type":"click","target_tagname":"wizard","target_id":"TorNetworkSettings","detail":1}
INST 9fbf99111c8c21fc 2016-03-28T21:26:06.300Z {"type":"pagehide","target_tagname":"wizardpage","target_id":"proxy"}
INST 9fbf99111c8c21fc 2016-03-28T21:26:06.300Z {"type":"pageadvanced","target_tagname":"wizardpage","target_id":"proxy"}
INST 9fbf99111c8c21fc 2016-03-28T21:26:06.300Z {"type":"wizardnext","target_tagname":"wizard","target_id":"TorNetworkSettings"}
INST 9fbf99111c8c21fc 2016-03-28T21:26:06.300Z {"type":"pageshow","target_tagname":"wizardpage","target_id":"bridges"}
INST 9fbf99111c8c21fc 2016-03-28T21:26:06.300Z {"type":"command","target_tagname":"wizard","target_id":"TorNetworkSettings"}
INST 9fbf99111c8c21fc 2016-03-28T21:26:07.200Z {"type":"click","target_tagname":"radio","target_id":"bridgeRadioDefault","detail":1}
INST 9fbf99111c8c21fc 2016-03-28T21:26:07.200Z {"type":"command","target_tagname":"radio","target_id":"bridgeRadioDefault"}
INST 9fbf99111c8c21fc 2016-03-28T21:26:10.700Z {"type":"click","target_tagname":"wizard","target_id":"TorNetworkSettings","detail":1}
INST 9fbf99111c8c21fc 2016-03-28T21:26:10.700Z {"type":"pagehide","target_tagname":"wizardpage","target_id":"bridges"}
INST 9fbf99111c8c21fc 2016-03-28T21:26:10.700Z {"type":"pageadvanced","target_tagname":"wizardpage","target_id":"bridges"}
INST 9fbf99111c8c21fc 2016-03-28T21:26:10.800Z {"type":"wizardnext","target_tagname":"wizard","target_id":"TorNetworkSettings"}
INST 9fbf99111c8c21fc 2016-03-28T21:26:10.800Z {"type":"pageshow","target_tagname":"wizardpage","target_id":"summary"}
INST 9fbf99111c8c21fc 2016-03-28T21:26:10.800Z {"type":"command","target_tagname":"wizard","target_id":"TorNetworkSettings"}
INST 9fbf99111c8c21fc 2016-03-28T21:26:13.600Z {"type":"pagehide","target_tagname":"wizardpage","target_id":"summary"}
INST 9fbf99111c8c21fc 2016-03-28T21:26:13.600Z {"type":"pageadvanced","target_tagname":"wizardpage","target_id":"summary"}
INST 9fbf99111c8c21fc 2016-03-28T21:26:13.700Z {"type":"wizardnext","target_tagname":"wizard","target_id":"TorNetworkSettings"}
INST 9fbf99111c8c21fc 2016-03-28T21:26:13.700Z {"type":"pageshow","target_tagname":"wizardpage","target_id":"inlineprogress"}
INST 9fbf99111c8c21fc 2016-03-28T21:26:13.700Z {"type":"click","target_tagname":"wizard","target_id":"TorNetworkSettings","detail":1}
INST 9fbf99111c8c21fc 2016-03-28T21:26:21.200Z {"type":"progresschanged","target_tagname":"progressmeter","target_id":"progressMeter","value":5}
INST 9fbf99111c8c21fc 2016-03-28T21:26:21.200Z {"type":"good","target_tagname":"image","target_id":"progressbar","configurationSettings":"bridge-noproxy","number":1}
INST 9fbf99111c8c21fc 2016-03-28T21:26:21.200Z {"type":"progresschanged","target_tagname":"progressmeter","target_id":"progressMeter","value":10}
INST 9fbf99111c8c21fc 2016-03-28T21:26:21.200Z {"type":"good","target_tagname":"image","target_id":"progressbar","configurationSettings":"bridge-noproxy","number":1}
INST 9fbf99111c8c21fc 2016-03-28T21:26:22.400Z {"type":"progresschanged","target_tagname":"progressmeter","target_id":"progressMeter","value":15}
INST 9fbf99111c8c21fc 2016-03-28T21:26:22.400Z {"type":"good","target_tagname":"image","target_id":"progressbar","configurationSettings":"bridge-noproxy","number":1}
INST 9fbf99111c8c21fc 2016-03-28T21:26:22.500Z {"type":"progresschanged","target_tagname":"progressmeter","target_id":"progressMeter","value":20}
INST 9fbf99111c8c21fc 2016-03-28T21:26:22.500Z {"type":"good","target_tagname":"image","target_id":"progressbar","configurationSettings":"bridge-noproxy","number":1}
INST 9fbf99111c8c21fc 2016-03-28T21:26:23.100Z {"type":"progresschanged","target_tagname":"progressmeter","target_id":"progressMeter","value":25}
INST 9fbf99111c8c21fc 2016-03-28T21:26:23.100Z {"type":"good","target_tagname":"image","target_id":"progressbar","configurationSettings":"bridge-noproxy","number":2}
INST 9fbf99111c8c21fc 2016-03-28T21:26:25.000Z {"type":"progresschanged","target_tagname":"progressmeter","target_id":"progressMeter","value":40}
INST 9fbf99111c8c21fc 2016-03-28T21:26:25.000Z {"type":"good","target_tagname":"image","target_id":"progressbar","configurationSettings":"bridge-noproxy","number":2}
INST 9fbf99111c8c21fc 2016-03-28T21:26:25.400Z {"type":"progresschanged","target_tagname":"progressmeter","target_id":"progressMeter","value":45}
INST 9fbf99111c8c21fc 2016-03-28T21:26:25.400Z {"type":"good","target_tagname":"image","target_id":"progressbar","configurationSettings":"bridge-noproxy","number":2}
INST 9fbf99111c8c21fc 2016-03-28T21:26:25.700Z {"type":"progresschanged","target_tagname":"progressmeter","target_id":"progressMeter","value":50}
INST 9fbf99111c8c21fc 2016-03-28T21:26:25.700Z {"type":"good","target_tagname":"image","target_id":"progressbar","configurationSettings":"bridge-noproxy","number":2}
INST 9fbf99111c8c21fc 2016-03-28T21:26:26.100Z {"type":"progresschanged","target_tagname":"progressmeter","target_id":"progressMeter","value":51}
INST 9fbf99111c8c21fc 2016-03-28T21:26:26.100Z {"type":"good","target_tagname":"image","target_id":"progressbar","configurationSettings":"bridge-noproxy","number":2}
INST 9fbf99111c8c21fc 2016-03-28T21:26:26.300Z {"type":"progresschanged","target_tagname":"progressmeter","target_id":"progressMeter","value":52}
INST 9fbf99111c8c21fc 2016-03-28T21:26:26.300Z {"type":"good","target_tagname":"image","target_id":"progressbar","configurationSettings":"bridge-noproxy","number":2}
INST 9fbf99111c8c21fc 2016-03-28T21:26:26.400Z {"type":"progresschanged","target_tagname":"progressmeter","target_id":"progressMeter","value":53}
INST 9fbf99111c8c21fc 2016-03-28T21:26:26.400Z {"type":"good","target_tagname":"image","target_id":"progressbar","configurationSettings":"bridge-noproxy","number":2}
INST 9fbf99111c8c21fc 2016-03-28T21:26:26.400Z {"type":"progresschanged","target_tagname":"progressmeter","target_id":"progressMeter","value":56}
INST 9fbf99111c8c21fc 2016-03-28T21:26:26.400Z {"type":"good","target_tagname":"image","target_id":"progressbar","configurationSettings":"bridge-noproxy","number":2}
INST 9fbf99111c8c21fc 2016-03-28T21:26:26.400Z {"type":"progresschanged","target_tagname":"progressmeter","target_id":"progressMeter","value":59}
INST 9fbf99111c8c21fc 2016-03-28T21:26:26.400Z {"type":"good","target_tagname":"image","target_id":"progressbar","configurationSettings":"bridge-noproxy","number":2}
INST 9fbf99111c8c21fc 2016-03-28T21:26:26.600Z {"type":"progresschanged","target_tagname":"progressmeter","target_id":"progressMeter","value":63}
INST 9fbf99111c8c21fc 2016-03-28T21:26:26.600Z {"type":"good","target_tagname":"image","target_id":"progressbar","configurationSettings":"bridge-noproxy","number":2}
INST 9fbf99111c8c21fc 2016-03-28T21:26:26.700Z {"type":"progresschanged","target_tagname":"progressmeter","target_id":"progressMeter","value":67}
INST 9fbf99111c8c21fc 2016-03-28T21:26:26.700Z {"type":"good","target_tagname":"image","target_id":"progressbar","configurationSettings":"bridge-noproxy","number":2}
INST 9fbf99111c8c21fc 2016-03-28T21:26:26.800Z {"type":"progresschanged","target_tagname":"progressmeter","target_id":"progressMeter","value":72}
INST 9fbf99111c8c21fc 2016-03-28T21:26:26.800Z {"type":"good","target_tagname":"image","target_id":"progressbar","configurationSettings":"bridge-noproxy","number":2}
INST 9fbf99111c8c21fc 2016-03-28T21:26:27.000Z {"type":"progresschanged","target_tagname":"progressmeter","target_id":"progressMeter","value":78}
INST 9fbf99111c8c21fc 2016-03-28T21:26:27.000Z {"type":"good","target_tagname":"image","target_id":"progressbar","configurationSettings":"bridge-noproxy","number":2}
INST 9fbf99111c8c21fc 2016-03-28T21:26:27.200Z {"type":"progresschanged","target_tagname":"progressmeter","target_id":"progressMeter","value":80}
INST 9fbf99111c8c21fc 2016-03-28T21:26:27.200Z {"type":"good","target_tagname":"image","target_id":"progressbar","configurationSettings":"bridge-noproxy","number":2}
INST 9fbf99111c8c21fc 2016-03-28T21:26:27.200Z {"type":"progresschanged","target_tagname":"progressmeter","target_id":"progressMeter","value":90}
INST 9fbf99111c8c21fc 2016-03-28T21:26:27.300Z {"type":"good","target_tagname":"image","target_id":"progressbar","configurationSettings":"bridge-noproxy","number":3}
INST 9fbf99111c8c21fc 2016-03-28T21:26:31.400Z {"type":"progresschanged","target_tagname":"progressmeter","target_id":"progressMeter","value":100}
INST 9fbf99111c8c21fc 2016-03-28T21:26:31.400Z {"type":"good","target_tagname":"image","target_id":"progressbar","configurationSettings":"bridge-noproxy","number":4}
INST 9fbf99111c8c21fc 2016-03-28T21:26:31.700Z {"type":"unload","target_id":"configuration"}
