INST 86b350cd3e6e5e61 2016-03-23T21:11:54.900Z {"type":"start"}
INST 86b350cd3e6e5e61 2016-03-23T21:11:56.000Z {"type":"select","target_tagname":"menulist","target_id":"proxyType","value":""}
INST 86b350cd3e6e5e61 2016-03-23T21:11:56.000Z {"type":"wizardnext","target_tagname":"wizard","target_id":"TorNetworkSettings"}
INST 86b350cd3e6e5e61 2016-03-23T21:11:56.000Z {"type":"pageshow","target_tagname":"wizardpage","target_id":"first"}
INST 86b350cd3e6e5e61 2016-03-23T21:11:56.100Z {"type":"load","target_id":"configuration"}
INST 86b350cd3e6e5e61 2016-03-23T21:11:56.100Z {"type":"select","target_tagname":"menulist","target_id":"defaultBridgeType","value":"obfs3"}
INST 86b350cd3e6e5e61 2016-03-23T21:12:01.500Z {"type":"click","target_tagname":"button","target_id":"connect_button","detail":1}
INST 86b350cd3e6e5e61 2016-03-23T21:12:01.500Z {"type":"pagehide","target_tagname":"wizardpage","target_id":"first"}
INST 86b350cd3e6e5e61 2016-03-23T21:12:01.500Z {"type":"pageadvanced","target_tagname":"wizardpage","target_id":"first"}
INST 86b350cd3e6e5e61 2016-03-23T21:12:01.500Z {"type":"wizardnext","target_tagname":"wizard","target_id":"TorNetworkSettings"}
INST 86b350cd3e6e5e61 2016-03-23T21:12:01.500Z {"type":"pageshow","target_tagname":"wizardpage","target_id":"inlineprogress"}
INST 86b350cd3e6e5e61 2016-03-23T21:12:01.500Z {"type":"command","target_tagname":"button","target_id":"connect_button"}
INST 86b350cd3e6e5e61 2016-03-23T21:12:01.600Z {"type":"progresschanged","target_tagname":"progressmeter","target_id":"progressMeter","value":5}
INST 86b350cd3e6e5e61 2016-03-23T21:12:01.600Z {"type":"good","target_tagname":"image","target_id":"progressbar","configurationSettings":"nobridge-noproxy","number":1}
INST 86b350cd3e6e5e61 2016-03-23T21:12:01.600Z {"type":"progresschanged","target_tagname":"progressmeter","target_id":"progressMeter","value":5}
INST 86b350cd3e6e5e61 2016-03-23T21:12:01.600Z {"type":"good","target_tagname":"image","target_id":"progressbar","configurationSettings":"nobridge-noproxy","number":1}
INST 86b350cd3e6e5e61 2016-03-23T21:12:01.600Z {"type":"progresschanged","target_tagname":"progressmeter","target_id":"progressMeter","value":5}
INST 86b350cd3e6e5e61 2016-03-23T21:12:01.600Z {"type":"good","target_tagname":"image","target_id":"progressbar","configurationSettings":"nobridge-noproxy","number":1}
INST 86b350cd3e6e5e61 2016-03-23T21:13:02.600Z {"type":"progresschanged","target_tagname":"progressmeter","target_id":"progressMeter","value":5}
INST 86b350cd3e6e5e61 2016-03-23T21:13:02.600Z {"type":"good","target_tagname":"image","target_id":"progressbar","configurationSettings":"nobridge-noproxy","number":1}
INST 86b350cd3e6e5e61 2016-03-23T21:13:47.800Z {"type":"click","target_tagname":"wizardpage","target_id":"inlineprogress","detail":1}
INST 86b350cd3e6e5e61 2016-03-23T21:14:36.500Z {"type":"wizardcancel","target_tagname":"wizard","target_id":"TorNetworkSettings"}
INST 86b350cd3e6e5e61 2016-03-23T21:14:36.500Z {"type":"unload","target_id":"configuration"}
INST 6b8ef3bf275d5990 2016-03-23T21:14:38.900Z {"type":"start"}
INST 6b8ef3bf275d5990 2016-03-23T21:14:39.600Z {"type":"select","target_tagname":"menulist","target_id":"proxyType","value":""}
INST 6b8ef3bf275d5990 2016-03-23T21:14:39.600Z {"type":"wizardnext","target_tagname":"wizard","target_id":"TorNetworkSettings"}
INST 6b8ef3bf275d5990 2016-03-23T21:14:39.600Z {"type":"pageshow","target_tagname":"wizardpage","target_id":"first"}
INST 6b8ef3bf275d5990 2016-03-23T21:14:39.600Z {"type":"load","target_id":"configuration"}
INST 6b8ef3bf275d5990 2016-03-23T21:14:39.600Z {"type":"select","target_tagname":"menulist","target_id":"defaultBridgeType","value":"obfs3"}
INST 6b8ef3bf275d5990 2016-03-23T21:14:40.800Z {"type":"click","target_tagname":"button","target_id":"configure_button","detail":1}
INST 6b8ef3bf275d5990 2016-03-23T21:14:40.800Z {"type":"pagehide","target_tagname":"wizardpage","target_id":"first"}
INST 6b8ef3bf275d5990 2016-03-23T21:14:40.800Z {"type":"pageadvanced","target_tagname":"wizardpage","target_id":"first"}
INST 6b8ef3bf275d5990 2016-03-23T21:14:40.800Z {"type":"wizardnext","target_tagname":"wizard","target_id":"TorNetworkSettings"}
INST 6b8ef3bf275d5990 2016-03-23T21:14:40.800Z {"type":"pageshow","target_tagname":"wizardpage","target_id":"proxy"}
INST 6b8ef3bf275d5990 2016-03-23T21:14:40.800Z {"type":"command","target_tagname":"button","target_id":"configure_button"}
INST 6b8ef3bf275d5990 2016-03-23T21:14:44.300Z {"type":"click","target_tagname":"radio","target_id":"proxyRadioWith","detail":1}
INST 6b8ef3bf275d5990 2016-03-23T21:14:44.300Z {"type":"command","target_tagname":"radio","target_id":"proxyRadioWith"}
INST 6b8ef3bf275d5990 2016-03-23T21:14:45.400Z {"type":"popupshown","target_tagname":"menupopup","target_id":"proxyType_menuPopup"}
INST 6b8ef3bf275d5990 2016-03-23T21:14:45.400Z {"type":"click","target_tagname":"menulist","target_id":"proxyType","value":"","detail":1}
INST 6b8ef3bf275d5990 2016-03-23T21:14:45.800Z {"type":"mouseover","target_tagname":"menuitem","target_id":"","value":""}
INST 6b8ef3bf275d5990 2016-03-23T21:14:45.900Z {"type":"mouseout","target_tagname":"menuitem","target_id":"","value":""}
INST 6b8ef3bf275d5990 2016-03-23T21:14:45.900Z {"type":"mouseover","target_tagname":"menuitem","target_id":"","value":"SOCKS4"}
INST 6b8ef3bf275d5990 2016-03-23T21:14:46.800Z {"type":"mouseout","target_tagname":"menuitem","target_id":"","value":"SOCKS4"}
INST 6b8ef3bf275d5990 2016-03-23T21:14:46.800Z {"type":"mouseover","target_tagname":"menuitem","target_id":"","value":""}
INST 6b8ef3bf275d5990 2016-03-23T21:14:46.800Z {"type":"mouseout","target_tagname":"menuitem","target_id":"","value":""}
INST 6b8ef3bf275d5990 2016-03-23T21:14:47.700Z {"type":"popuphidden","target_tagname":"menupopup","target_id":"proxyType_menuPopup"}
INST 6b8ef3bf275d5990 2016-03-23T21:14:51.400Z {"type":"click","target_tagname":"radio","target_id":"proxyRadioWithout","detail":1}
INST 6b8ef3bf275d5990 2016-03-23T21:14:51.400Z {"type":"command","target_tagname":"radio","target_id":"proxyRadioWithout"}
INST 6b8ef3bf275d5990 2016-03-23T21:14:52.400Z {"type":"click","target_tagname":"wizard","target_id":"TorNetworkSettings","detail":1}
INST 6b8ef3bf275d5990 2016-03-23T21:14:52.400Z {"type":"pagehide","target_tagname":"wizardpage","target_id":"proxy"}
INST 6b8ef3bf275d5990 2016-03-23T21:14:52.400Z {"type":"pageadvanced","target_tagname":"wizardpage","target_id":"proxy"}
INST 6b8ef3bf275d5990 2016-03-23T21:14:52.400Z {"type":"wizardnext","target_tagname":"wizard","target_id":"TorNetworkSettings"}
INST 6b8ef3bf275d5990 2016-03-23T21:14:52.400Z {"type":"pageshow","target_tagname":"wizardpage","target_id":"bridges"}
INST 6b8ef3bf275d5990 2016-03-23T21:14:52.400Z {"type":"command","target_tagname":"wizard","target_id":"TorNetworkSettings"}
INST 6b8ef3bf275d5990 2016-03-23T21:14:56.700Z {"type":"click","target_tagname":"radio","target_id":"bridgeRadioDefault","detail":1}
INST 6b8ef3bf275d5990 2016-03-23T21:14:56.700Z {"type":"command","target_tagname":"radio","target_id":"bridgeRadioDefault"}
INST 6b8ef3bf275d5990 2016-03-23T21:15:03.500Z {"type":"popupshown","target_tagname":"menupopup","target_id":"defaultBridgeType_menuPopup"}
INST 6b8ef3bf275d5990 2016-03-23T21:15:03.600Z {"type":"click","target_tagname":"menulist","target_id":"defaultBridgeType","value":"obfs3","detail":1}
INST 6b8ef3bf275d5990 2016-03-23T21:15:04.800Z {"type":"popuphidden","target_tagname":"menupopup","target_id":"defaultBridgeType_menuPopup"}
INST 6b8ef3bf275d5990 2016-03-23T21:15:07.100Z {"type":"click","target_tagname":"wizard","target_id":"TorNetworkSettings","detail":1}
INST 6b8ef3bf275d5990 2016-03-23T21:15:07.100Z {"type":"pagehide","target_tagname":"wizardpage","target_id":"bridges"}
INST 6b8ef3bf275d5990 2016-03-23T21:15:07.100Z {"type":"pageadvanced","target_tagname":"wizardpage","target_id":"bridges"}
INST 6b8ef3bf275d5990 2016-03-23T21:15:07.100Z {"type":"wizardnext","target_tagname":"wizard","target_id":"TorNetworkSettings"}
INST 6b8ef3bf275d5990 2016-03-23T21:15:07.100Z {"type":"pageshow","target_tagname":"wizardpage","target_id":"summary"}
INST 6b8ef3bf275d5990 2016-03-23T21:15:07.100Z {"type":"command","target_tagname":"wizard","target_id":"TorNetworkSettings"}
INST 6b8ef3bf275d5990 2016-03-23T21:15:10.800Z {"type":"pagehide","target_tagname":"wizardpage","target_id":"summary"}
INST 6b8ef3bf275d5990 2016-03-23T21:15:10.800Z {"type":"pageadvanced","target_tagname":"wizardpage","target_id":"summary"}
INST 6b8ef3bf275d5990 2016-03-23T21:15:10.900Z {"type":"wizardnext","target_tagname":"wizard","target_id":"TorNetworkSettings"}
INST 6b8ef3bf275d5990 2016-03-23T21:15:10.900Z {"type":"pageshow","target_tagname":"wizardpage","target_id":"inlineprogress"}
INST 6b8ef3bf275d5990 2016-03-23T21:15:10.900Z {"type":"click","target_tagname":"wizard","target_id":"TorNetworkSettings","detail":1}
INST 6b8ef3bf275d5990 2016-03-23T21:15:17.400Z {"type":"progresschanged","target_tagname":"progressmeter","target_id":"progressMeter","value":5}
INST 6b8ef3bf275d5990 2016-03-23T21:15:17.400Z {"type":"good","target_tagname":"image","target_id":"progressbar","configurationSettings":"bridge-noproxy","number":1}
INST 6b8ef3bf275d5990 2016-03-23T21:15:17.400Z {"type":"progresschanged","target_tagname":"progressmeter","target_id":"progressMeter","value":10}
INST 6b8ef3bf275d5990 2016-03-23T21:15:17.400Z {"type":"good","target_tagname":"image","target_id":"progressbar","configurationSettings":"bridge-noproxy","number":1}
INST 6b8ef3bf275d5990 2016-03-23T21:15:21.500Z {"type":"progresschanged","target_tagname":"progressmeter","target_id":"progressMeter","value":15}
INST 6b8ef3bf275d5990 2016-03-23T21:15:21.500Z {"type":"good","target_tagname":"image","target_id":"progressbar","configurationSettings":"bridge-noproxy","number":1}
INST 6b8ef3bf275d5990 2016-03-23T21:15:21.700Z {"type":"progresschanged","target_tagname":"progressmeter","target_id":"progressMeter","value":20}
INST 6b8ef3bf275d5990 2016-03-23T21:15:21.700Z {"type":"good","target_tagname":"image","target_id":"progressbar","configurationSettings":"bridge-noproxy","number":1}
INST 6b8ef3bf275d5990 2016-03-23T21:15:22.300Z {"type":"progresschanged","target_tagname":"progressmeter","target_id":"progressMeter","value":25}
INST 6b8ef3bf275d5990 2016-03-23T21:15:22.300Z {"type":"good","target_tagname":"image","target_id":"progressbar","configurationSettings":"bridge-noproxy","number":2}
INST 6b8ef3bf275d5990 2016-03-23T21:15:24.100Z {"type":"progresschanged","target_tagname":"progressmeter","target_id":"progressMeter","value":40}
INST 6b8ef3bf275d5990 2016-03-23T21:15:24.100Z {"type":"good","target_tagname":"image","target_id":"progressbar","configurationSettings":"bridge-noproxy","number":2}
INST 6b8ef3bf275d5990 2016-03-23T21:15:24.700Z {"type":"progresschanged","target_tagname":"progressmeter","target_id":"progressMeter","value":45}
INST 6b8ef3bf275d5990 2016-03-23T21:15:24.700Z {"type":"good","target_tagname":"image","target_id":"progressbar","configurationSettings":"bridge-noproxy","number":2}
INST 6b8ef3bf275d5990 2016-03-23T21:15:25.000Z {"type":"progresschanged","target_tagname":"progressmeter","target_id":"progressMeter","value":50}
INST 6b8ef3bf275d5990 2016-03-23T21:15:25.000Z {"type":"good","target_tagname":"image","target_id":"progressbar","configurationSettings":"bridge-noproxy","number":2}
INST 6b8ef3bf275d5990 2016-03-23T21:15:25.700Z {"type":"progresschanged","target_tagname":"progressmeter","target_id":"progressMeter","value":51}
INST 6b8ef3bf275d5990 2016-03-23T21:15:25.700Z {"type":"good","target_tagname":"image","target_id":"progressbar","configurationSettings":"bridge-noproxy","number":2}
INST 6b8ef3bf275d5990 2016-03-23T21:15:25.900Z {"type":"progresschanged","target_tagname":"progressmeter","target_id":"progressMeter","value":52}
INST 6b8ef3bf275d5990 2016-03-23T21:15:25.900Z {"type":"good","target_tagname":"image","target_id":"progressbar","configurationSettings":"bridge-noproxy","number":2}
INST 6b8ef3bf275d5990 2016-03-23T21:15:26.100Z {"type":"progresschanged","target_tagname":"progressmeter","target_id":"progressMeter","value":54}
INST 6b8ef3bf275d5990 2016-03-23T21:15:26.100Z {"type":"good","target_tagname":"image","target_id":"progressbar","configurationSettings":"bridge-noproxy","number":2}
INST 6b8ef3bf275d5990 2016-03-23T21:15:26.100Z {"type":"progresschanged","target_tagname":"progressmeter","target_id":"progressMeter","value":56}
INST 6b8ef3bf275d5990 2016-03-23T21:15:26.100Z {"type":"good","target_tagname":"image","target_id":"progressbar","configurationSettings":"bridge-noproxy","number":2}
INST 6b8ef3bf275d5990 2016-03-23T21:15:26.800Z {"type":"progresschanged","target_tagname":"progressmeter","target_id":"progressMeter","value":59}
INST 6b8ef3bf275d5990 2016-03-23T21:15:26.800Z {"type":"good","target_tagname":"image","target_id":"progressbar","configurationSettings":"bridge-noproxy","number":2}
INST 6b8ef3bf275d5990 2016-03-23T21:15:26.800Z {"type":"progresschanged","target_tagname":"progressmeter","target_id":"progressMeter","value":63}
INST 6b8ef3bf275d5990 2016-03-23T21:15:26.800Z {"type":"good","target_tagname":"image","target_id":"progressbar","configurationSettings":"bridge-noproxy","number":2}
INST 6b8ef3bf275d5990 2016-03-23T21:15:26.800Z {"type":"progresschanged","target_tagname":"progressmeter","target_id":"progressMeter","value":67}
INST 6b8ef3bf275d5990 2016-03-23T21:15:26.800Z {"type":"good","target_tagname":"image","target_id":"progressbar","configurationSettings":"bridge-noproxy","number":2}
INST 6b8ef3bf275d5990 2016-03-23T21:15:26.900Z {"type":"progresschanged","target_tagname":"progressmeter","target_id":"progressMeter","value":73}
INST 6b8ef3bf275d5990 2016-03-23T21:15:26.900Z {"type":"good","target_tagname":"image","target_id":"progressbar","configurationSettings":"bridge-noproxy","number":2}
INST 6b8ef3bf275d5990 2016-03-23T21:15:27.100Z {"type":"progresschanged","target_tagname":"progressmeter","target_id":"progressMeter","value":80}
INST 6b8ef3bf275d5990 2016-03-23T21:15:27.100Z {"type":"good","target_tagname":"image","target_id":"progressbar","configurationSettings":"bridge-noproxy","number":2}
INST 6b8ef3bf275d5990 2016-03-23T21:15:27.500Z {"type":"progresschanged","target_tagname":"progressmeter","target_id":"progressMeter","value":90}
INST 6b8ef3bf275d5990 2016-03-23T21:15:27.500Z {"type":"good","target_tagname":"image","target_id":"progressbar","configurationSettings":"bridge-noproxy","number":3}
INST 6b8ef3bf275d5990 2016-03-23T21:15:32.700Z {"type":"progresschanged","target_tagname":"progressmeter","target_id":"progressMeter","value":100}
INST 6b8ef3bf275d5990 2016-03-23T21:15:32.700Z {"type":"good","target_tagname":"image","target_id":"progressbar","configurationSettings":"bridge-noproxy","number":4}
INST 6b8ef3bf275d5990 2016-03-23T21:15:33.000Z {"type":"unload","target_id":"configuration"}
