INST 50f7c7b9919913db 2016-03-28T21:20:03.100Z {"type":"start"}
INST 50f7c7b9919913db 2016-03-28T21:20:05.200Z {"type":"select","target_tagname":"menulist","target_id":"proxyType","value":""}
INST 50f7c7b9919913db 2016-03-28T21:20:05.200Z {"type":"wizardnext","target_tagname":"wizard","target_id":"TorNetworkSettings"}
INST 50f7c7b9919913db 2016-03-28T21:20:05.200Z {"type":"pageshow","target_tagname":"wizardpage","target_id":"first"}
INST 50f7c7b9919913db 2016-03-28T21:20:05.300Z {"type":"load","target_id":"configuration"}
INST 50f7c7b9919913db 2016-03-28T21:20:05.300Z {"type":"select","target_tagname":"menulist","target_id":"defaultBridgeType","value":"obfs3"}
INST 50f7c7b9919913db 2016-03-28T21:20:08.800Z {"type":"click","target_tagname":"button","target_id":"connect_button","detail":1}
INST 50f7c7b9919913db 2016-03-28T21:20:08.800Z {"type":"pagehide","target_tagname":"wizardpage","target_id":"first"}
INST 50f7c7b9919913db 2016-03-28T21:20:08.800Z {"type":"pageadvanced","target_tagname":"wizardpage","target_id":"first"}
INST 50f7c7b9919913db 2016-03-28T21:20:08.800Z {"type":"wizardnext","target_tagname":"wizard","target_id":"TorNetworkSettings"}
INST 50f7c7b9919913db 2016-03-28T21:20:08.800Z {"type":"pageshow","target_tagname":"wizardpage","target_id":"inlineprogress"}
INST 50f7c7b9919913db 2016-03-28T21:20:08.800Z {"type":"command","target_tagname":"button","target_id":"connect_button"}
INST 50f7c7b9919913db 2016-03-28T21:20:09.000Z {"type":"progresschanged","target_tagname":"progressmeter","target_id":"progressMeter","value":5}
INST 50f7c7b9919913db 2016-03-28T21:20:09.000Z {"type":"good","target_tagname":"image","target_id":"progressbar","configurationSettings":"nobridge-noproxy","number":1}
INST 50f7c7b9919913db 2016-03-28T21:20:09.000Z {"type":"progresschanged","target_tagname":"progressmeter","target_id":"progressMeter","value":5}
INST 50f7c7b9919913db 2016-03-28T21:20:09.000Z {"type":"good","target_tagname":"image","target_id":"progressbar","configurationSettings":"nobridge-noproxy","number":1}
INST 50f7c7b9919913db 2016-03-28T21:20:09.000Z {"type":"progresschanged","target_tagname":"progressmeter","target_id":"progressMeter","value":5}
INST 50f7c7b9919913db 2016-03-28T21:20:09.000Z {"type":"good","target_tagname":"image","target_id":"progressbar","configurationSettings":"nobridge-noproxy","number":1}
INST 50f7c7b9919913db 2016-03-28T21:20:14.300Z {"type":"click","target_tagname":"image","target_id":"progressbar","detail":1}
INST 50f7c7b9919913db 2016-03-28T21:20:39.400Z {"type":"click","target_tagname":"vbox","target_id":"","detail":1}
INST 50f7c7b9919913db 2016-03-28T21:21:10.000Z {"type":"progresschanged","target_tagname":"progressmeter","target_id":"progressMeter","value":5}
INST 50f7c7b9919913db 2016-03-28T21:21:10.000Z {"type":"good","target_tagname":"image","target_id":"progressbar","configurationSettings":"nobridge-noproxy","number":1}
INST 50f7c7b9919913db 2016-03-28T21:21:12.800Z {"type":"click","target_tagname":"vbox","target_id":"","detail":1}
INST 50f7c7b9919913db 2016-03-28T21:21:13.200Z {"type":"click","target_tagname":"image","target_id":"progressbar","detail":1}
INST 50f7c7b9919913db 2016-03-28T21:21:16.800Z {"type":"click","target_tagname":"image","target_id":"progressbar","detail":1}
INST 50f7c7b9919913db 2016-03-28T21:21:52.800Z {"type":"click","target_tagname":"vbox","target_id":"","detail":1}
INST 50f7c7b9919913db 2016-03-28T21:22:02.900Z {"type":"click","target_tagname":"vbox","target_id":"","detail":1}
INST 50f7c7b9919913db 2016-03-28T21:22:06.300Z {"type":"click","target_tagname":"wizard","target_id":"TorNetworkSettings","detail":1}
INST 50f7c7b9919913db 2016-03-28T21:22:06.300Z {"type":"wizardcancel","target_tagname":"wizard","target_id":"TorNetworkSettings"}
INST 50f7c7b9919913db 2016-03-28T21:22:06.300Z {"type":"command","target_tagname":"wizard","target_id":"TorNetworkSettings"}
INST 50f7c7b9919913db 2016-03-28T21:22:06.400Z {"type":"unload","target_id":"configuration"}
INST de5be42ded9ac824 2016-03-28T21:22:11.400Z {"type":"start"}
INST de5be42ded9ac824 2016-03-28T21:22:12.200Z {"type":"select","target_tagname":"menulist","target_id":"proxyType","value":""}
INST de5be42ded9ac824 2016-03-28T21:22:12.200Z {"type":"wizardnext","target_tagname":"wizard","target_id":"TorNetworkSettings"}
INST de5be42ded9ac824 2016-03-28T21:22:12.200Z {"type":"pageshow","target_tagname":"wizardpage","target_id":"first"}
INST de5be42ded9ac824 2016-03-28T21:22:12.300Z {"type":"load","target_id":"configuration"}
INST de5be42ded9ac824 2016-03-28T21:22:12.300Z {"type":"select","target_tagname":"menulist","target_id":"defaultBridgeType","value":"obfs3"}
INST de5be42ded9ac824 2016-03-28T21:22:14.000Z {"type":"click","target_tagname":"button","target_id":"configure_button","detail":1}
INST de5be42ded9ac824 2016-03-28T21:22:14.000Z {"type":"pagehide","target_tagname":"wizardpage","target_id":"first"}
INST de5be42ded9ac824 2016-03-28T21:22:14.000Z {"type":"pageadvanced","target_tagname":"wizardpage","target_id":"first"}
INST de5be42ded9ac824 2016-03-28T21:22:14.000Z {"type":"wizardnext","target_tagname":"wizard","target_id":"TorNetworkSettings"}
INST de5be42ded9ac824 2016-03-28T21:22:14.000Z {"type":"pageshow","target_tagname":"wizardpage","target_id":"proxy"}
INST de5be42ded9ac824 2016-03-28T21:22:14.000Z {"type":"command","target_tagname":"button","target_id":"configure_button"}
INST de5be42ded9ac824 2016-03-28T21:22:16.600Z {"type":"click","target_tagname":"radio","target_id":"proxyRadioWith","detail":1}
INST de5be42ded9ac824 2016-03-28T21:22:16.600Z {"type":"command","target_tagname":"radio","target_id":"proxyRadioWith"}
INST de5be42ded9ac824 2016-03-28T21:22:17.800Z {"type":"popupshown","target_tagname":"menupopup","target_id":"proxyType_menuPopup"}
INST de5be42ded9ac824 2016-03-28T21:22:17.900Z {"type":"click","target_tagname":"menulist","target_id":"proxyType","value":"","detail":1}
INST de5be42ded9ac824 2016-03-28T21:22:18.500Z {"type":"mouseover","target_tagname":"menuitem","target_id":"","value":""}
INST de5be42ded9ac824 2016-03-28T21:22:18.600Z {"type":"mouseout","target_tagname":"menuitem","target_id":"","value":""}
INST de5be42ded9ac824 2016-03-28T21:22:18.700Z {"type":"mouseover","target_tagname":"menuitem","target_id":"","value":"SOCKS4"}
INST de5be42ded9ac824 2016-03-28T21:22:18.800Z {"type":"mouseout","target_tagname":"menuitem","target_id":"","value":"SOCKS4"}
INST de5be42ded9ac824 2016-03-28T21:22:18.800Z {"type":"mouseover","target_tagname":"menuitem","target_id":"","value":"SOCKS5"}
INST de5be42ded9ac824 2016-03-28T21:22:19.000Z {"type":"mouseout","target_tagname":"menuitem","target_id":"","value":"SOCKS5"}
INST de5be42ded9ac824 2016-03-28T21:22:19.000Z {"type":"mouseover","target_tagname":"menuitem","target_id":"","value":"HTTP"}
INST de5be42ded9ac824 2016-03-28T21:22:19.200Z {"type":"mouseout","target_tagname":"menuitem","target_id":"","value":"HTTP"}
INST de5be42ded9ac824 2016-03-28T21:22:19.200Z {"type":"mouseover","target_tagname":"menuitem","target_id":"","value":"SOCKS5"}
INST de5be42ded9ac824 2016-03-28T21:22:19.300Z {"type":"mouseout","target_tagname":"menuitem","target_id":"","value":"SOCKS5"}
INST de5be42ded9ac824 2016-03-28T21:22:19.300Z {"type":"mouseover","target_tagname":"menuitem","target_id":"","value":"SOCKS4"}
INST de5be42ded9ac824 2016-03-28T21:22:19.300Z {"type":"mouseout","target_tagname":"menuitem","target_id":"","value":"SOCKS4"}
INST de5be42ded9ac824 2016-03-28T21:22:19.500Z {"type":"popuphidden","target_tagname":"menupopup","target_id":"proxyType_menuPopup"}
INST de5be42ded9ac824 2016-03-28T21:22:20.300Z {"type":"click","target_tagname":"radio","target_id":"proxyRadioWithout","detail":1}
INST de5be42ded9ac824 2016-03-28T21:22:20.300Z {"type":"command","target_tagname":"radio","target_id":"proxyRadioWithout"}
INST de5be42ded9ac824 2016-03-28T21:22:21.600Z {"type":"click","target_tagname":"wizard","target_id":"TorNetworkSettings","detail":1}
INST de5be42ded9ac824 2016-03-28T21:22:21.600Z {"type":"pagehide","target_tagname":"wizardpage","target_id":"proxy"}
INST de5be42ded9ac824 2016-03-28T21:22:21.600Z {"type":"pageadvanced","target_tagname":"wizardpage","target_id":"proxy"}
INST de5be42ded9ac824 2016-03-28T21:22:21.600Z {"type":"wizardnext","target_tagname":"wizard","target_id":"TorNetworkSettings"}
INST de5be42ded9ac824 2016-03-28T21:22:21.600Z {"type":"pageshow","target_tagname":"wizardpage","target_id":"bridges"}
INST de5be42ded9ac824 2016-03-28T21:22:21.600Z {"type":"command","target_tagname":"wizard","target_id":"TorNetworkSettings"}
INST de5be42ded9ac824 2016-03-28T21:22:23.900Z {"type":"click","target_tagname":"radio","target_id":"bridgeRadioDefault","detail":1}
INST de5be42ded9ac824 2016-03-28T21:22:23.900Z {"type":"command","target_tagname":"radio","target_id":"bridgeRadioDefault"}
INST de5be42ded9ac824 2016-03-28T21:22:24.600Z {"type":"popupshown","target_tagname":"menupopup","target_id":"defaultBridgeType_menuPopup"}
INST de5be42ded9ac824 2016-03-28T21:22:24.700Z {"type":"click","target_tagname":"menulist","target_id":"defaultBridgeType","value":"obfs3","detail":1}
INST de5be42ded9ac824 2016-03-28T21:22:25.700Z {"type":"popuphidden","target_tagname":"menupopup","target_id":"defaultBridgeType_menuPopup"}
INST de5be42ded9ac824 2016-03-28T21:22:26.800Z {"type":"click","target_tagname":"wizard","target_id":"TorNetworkSettings","detail":1}
INST de5be42ded9ac824 2016-03-28T21:22:26.800Z {"type":"pagehide","target_tagname":"wizardpage","target_id":"bridges"}
INST de5be42ded9ac824 2016-03-28T21:22:26.800Z {"type":"pageadvanced","target_tagname":"wizardpage","target_id":"bridges"}
INST de5be42ded9ac824 2016-03-28T21:22:26.800Z {"type":"wizardnext","target_tagname":"wizard","target_id":"TorNetworkSettings"}
INST de5be42ded9ac824 2016-03-28T21:22:26.800Z {"type":"pageshow","target_tagname":"wizardpage","target_id":"summary"}
INST de5be42ded9ac824 2016-03-28T21:22:26.800Z {"type":"command","target_tagname":"wizard","target_id":"TorNetworkSettings"}
INST de5be42ded9ac824 2016-03-28T21:22:29.600Z {"type":"pagehide","target_tagname":"wizardpage","target_id":"summary"}
INST de5be42ded9ac824 2016-03-28T21:22:29.600Z {"type":"pageadvanced","target_tagname":"wizardpage","target_id":"summary"}
INST de5be42ded9ac824 2016-03-28T21:22:29.700Z {"type":"wizardnext","target_tagname":"wizard","target_id":"TorNetworkSettings"}
INST de5be42ded9ac824 2016-03-28T21:22:29.700Z {"type":"pageshow","target_tagname":"wizardpage","target_id":"inlineprogress"}
INST de5be42ded9ac824 2016-03-28T21:22:29.700Z {"type":"click","target_tagname":"wizard","target_id":"TorNetworkSettings","detail":1}
INST de5be42ded9ac824 2016-03-28T21:22:38.200Z {"type":"progresschanged","target_tagname":"progressmeter","target_id":"progressMeter","value":5}
INST de5be42ded9ac824 2016-03-28T21:22:38.200Z {"type":"good","target_tagname":"image","target_id":"progressbar","configurationSettings":"bridge-noproxy","number":1}
INST de5be42ded9ac824 2016-03-28T21:22:38.200Z {"type":"progresschanged","target_tagname":"progressmeter","target_id":"progressMeter","value":10}
INST de5be42ded9ac824 2016-03-28T21:22:38.200Z {"type":"good","target_tagname":"image","target_id":"progressbar","configurationSettings":"bridge-noproxy","number":1}
INST de5be42ded9ac824 2016-03-28T21:22:39.400Z {"type":"progresschanged","target_tagname":"progressmeter","target_id":"progressMeter","value":15}
INST de5be42ded9ac824 2016-03-28T21:22:39.400Z {"type":"good","target_tagname":"image","target_id":"progressbar","configurationSettings":"bridge-noproxy","number":1}
INST de5be42ded9ac824 2016-03-28T21:22:39.600Z {"type":"progresschanged","target_tagname":"progressmeter","target_id":"progressMeter","value":20}
INST de5be42ded9ac824 2016-03-28T21:22:39.600Z {"type":"good","target_tagname":"image","target_id":"progressbar","configurationSettings":"bridge-noproxy","number":1}
INST de5be42ded9ac824 2016-03-28T21:22:40.200Z {"type":"progresschanged","target_tagname":"progressmeter","target_id":"progressMeter","value":25}
INST de5be42ded9ac824 2016-03-28T21:22:40.200Z {"type":"good","target_tagname":"image","target_id":"progressbar","configurationSettings":"bridge-noproxy","number":2}
INST de5be42ded9ac824 2016-03-28T21:22:42.100Z {"type":"progresschanged","target_tagname":"progressmeter","target_id":"progressMeter","value":40}
INST de5be42ded9ac824 2016-03-28T21:22:42.100Z {"type":"good","target_tagname":"image","target_id":"progressbar","configurationSettings":"bridge-noproxy","number":2}
INST de5be42ded9ac824 2016-03-28T21:22:42.700Z {"type":"progresschanged","target_tagname":"progressmeter","target_id":"progressMeter","value":45}
INST de5be42ded9ac824 2016-03-28T21:22:42.700Z {"type":"good","target_tagname":"image","target_id":"progressbar","configurationSettings":"bridge-noproxy","number":2}
INST de5be42ded9ac824 2016-03-28T21:22:43.100Z {"type":"progresschanged","target_tagname":"progressmeter","target_id":"progressMeter","value":50}
INST de5be42ded9ac824 2016-03-28T21:22:43.100Z {"type":"good","target_tagname":"image","target_id":"progressbar","configurationSettings":"bridge-noproxy","number":2}
INST de5be42ded9ac824 2016-03-28T21:22:43.800Z {"type":"progresschanged","target_tagname":"progressmeter","target_id":"progressMeter","value":51}
INST de5be42ded9ac824 2016-03-28T21:22:43.800Z {"type":"good","target_tagname":"image","target_id":"progressbar","configurationSettings":"bridge-noproxy","number":2}
INST de5be42ded9ac824 2016-03-28T21:22:44.000Z {"type":"progresschanged","target_tagname":"progressmeter","target_id":"progressMeter","value":52}
INST de5be42ded9ac824 2016-03-28T21:22:44.000Z {"type":"good","target_tagname":"image","target_id":"progressbar","configurationSettings":"bridge-noproxy","number":2}
INST de5be42ded9ac824 2016-03-28T21:22:44.000Z {"type":"progresschanged","target_tagname":"progressmeter","target_id":"progressMeter","value":53}
INST de5be42ded9ac824 2016-03-28T21:22:44.000Z {"type":"good","target_tagname":"image","target_id":"progressbar","configurationSettings":"bridge-noproxy","number":2}
INST de5be42ded9ac824 2016-03-28T21:22:44.200Z {"type":"progresschanged","target_tagname":"progressmeter","target_id":"progressMeter","value":55}
INST de5be42ded9ac824 2016-03-28T21:22:44.200Z {"type":"good","target_tagname":"image","target_id":"progressbar","configurationSettings":"bridge-noproxy","number":2}
INST de5be42ded9ac824 2016-03-28T21:22:44.600Z {"type":"progresschanged","target_tagname":"progressmeter","target_id":"progressMeter","value":58}
INST de5be42ded9ac824 2016-03-28T21:22:44.600Z {"type":"good","target_tagname":"image","target_id":"progressbar","configurationSettings":"bridge-noproxy","number":2}
INST de5be42ded9ac824 2016-03-28T21:22:44.600Z {"type":"progresschanged","target_tagname":"progressmeter","target_id":"progressMeter","value":61}
INST de5be42ded9ac824 2016-03-28T21:22:44.600Z {"type":"good","target_tagname":"image","target_id":"progressbar","configurationSettings":"bridge-noproxy","number":2}
INST de5be42ded9ac824 2016-03-28T21:22:44.800Z {"type":"progresschanged","target_tagname":"progressmeter","target_id":"progressMeter","value":65}
INST de5be42ded9ac824 2016-03-28T21:22:44.800Z {"type":"good","target_tagname":"image","target_id":"progressbar","configurationSettings":"bridge-noproxy","number":2}
INST de5be42ded9ac824 2016-03-28T21:22:44.800Z {"type":"progresschanged","target_tagname":"progressmeter","target_id":"progressMeter","value":71}
INST de5be42ded9ac824 2016-03-28T21:22:44.800Z {"type":"good","target_tagname":"image","target_id":"progressbar","configurationSettings":"bridge-noproxy","number":2}
INST de5be42ded9ac824 2016-03-28T21:22:44.800Z {"type":"progresschanged","target_tagname":"progressmeter","target_id":"progressMeter","value":77}
INST de5be42ded9ac824 2016-03-28T21:22:44.800Z {"type":"good","target_tagname":"image","target_id":"progressbar","configurationSettings":"bridge-noproxy","number":2}
INST de5be42ded9ac824 2016-03-28T21:22:45.100Z {"type":"progresschanged","target_tagname":"progressmeter","target_id":"progressMeter","value":80}
INST de5be42ded9ac824 2016-03-28T21:22:45.100Z {"type":"good","target_tagname":"image","target_id":"progressbar","configurationSettings":"bridge-noproxy","number":2}
INST de5be42ded9ac824 2016-03-28T21:22:45.100Z {"type":"progresschanged","target_tagname":"progressmeter","target_id":"progressMeter","value":90}
INST de5be42ded9ac824 2016-03-28T21:22:45.200Z {"type":"good","target_tagname":"image","target_id":"progressbar","configurationSettings":"bridge-noproxy","number":3}
INST de5be42ded9ac824 2016-03-28T21:22:48.700Z {"type":"progresschanged","target_tagname":"progressmeter","target_id":"progressMeter","value":100}
INST de5be42ded9ac824 2016-03-28T21:22:48.700Z {"type":"good","target_tagname":"image","target_id":"progressbar","configurationSettings":"bridge-noproxy","number":4}
INST de5be42ded9ac824 2016-03-28T21:22:48.900Z {"type":"unload","target_id":"configuration"}
