INST 46b0e8cc0ddbd5b1 2016-03-28T23:20:51.700Z {"type":"start"}
INST 46b0e8cc0ddbd5b1 2016-03-28T23:20:52.700Z {"type":"select","target_tagname":"menulist","target_id":"proxyType","value":""}
INST 46b0e8cc0ddbd5b1 2016-03-28T23:20:52.700Z {"type":"wizardnext","target_tagname":"wizard","target_id":"TorNetworkSettings"}
INST 46b0e8cc0ddbd5b1 2016-03-28T23:20:52.700Z {"type":"pageshow","target_tagname":"wizardpage","target_id":"first"}
INST 46b0e8cc0ddbd5b1 2016-03-28T23:20:52.700Z {"type":"load","target_id":"configuration"}
INST 46b0e8cc0ddbd5b1 2016-03-28T23:20:52.700Z {"type":"select","target_tagname":"menulist","target_id":"defaultBridgeType","value":"obfs3"}
INST 46b0e8cc0ddbd5b1 2016-03-28T23:21:06.200Z {"type":"click","target_tagname":"button","target_id":"connect_button","detail":1}
INST 46b0e8cc0ddbd5b1 2016-03-28T23:21:06.300Z {"type":"pagehide","target_tagname":"wizardpage","target_id":"first"}
INST 46b0e8cc0ddbd5b1 2016-03-28T23:21:06.300Z {"type":"pageadvanced","target_tagname":"wizardpage","target_id":"first"}
INST 46b0e8cc0ddbd5b1 2016-03-28T23:21:06.300Z {"type":"wizardnext","target_tagname":"wizard","target_id":"TorNetworkSettings"}
INST 46b0e8cc0ddbd5b1 2016-03-28T23:21:06.300Z {"type":"pageshow","target_tagname":"wizardpage","target_id":"inlineprogress"}
INST 46b0e8cc0ddbd5b1 2016-03-28T23:21:06.300Z {"type":"command","target_tagname":"button","target_id":"connect_button"}
INST 46b0e8cc0ddbd5b1 2016-03-28T23:21:07.200Z {"type":"progresschanged","target_tagname":"progressmeter","target_id":"progressMeter","value":5}
INST 46b0e8cc0ddbd5b1 2016-03-28T23:21:07.200Z {"type":"good","target_tagname":"image","target_id":"progressbar","configurationSettings":"nobridge-noproxy","number":1}
INST 46b0e8cc0ddbd5b1 2016-03-28T23:21:07.200Z {"type":"progresschanged","target_tagname":"progressmeter","target_id":"progressMeter","value":5}
INST 46b0e8cc0ddbd5b1 2016-03-28T23:21:07.200Z {"type":"good","target_tagname":"image","target_id":"progressbar","configurationSettings":"nobridge-noproxy","number":1}
INST 46b0e8cc0ddbd5b1 2016-03-28T23:21:07.200Z {"type":"progresschanged","target_tagname":"progressmeter","target_id":"progressMeter","value":5}
INST 46b0e8cc0ddbd5b1 2016-03-28T23:21:07.200Z {"type":"good","target_tagname":"image","target_id":"progressbar","configurationSettings":"nobridge-noproxy","number":1}
INST 46b0e8cc0ddbd5b1 2016-03-28T23:21:43.300Z {"type":"click","target_tagname":"image","target_id":"progressbar","detail":1}
INST 46b0e8cc0ddbd5b1 2016-03-28T23:22:01.400Z {"type":"click","target_tagname":"image","target_id":"progressbar","detail":1}
INST 46b0e8cc0ddbd5b1 2016-03-28T23:22:08.200Z {"type":"progresschanged","target_tagname":"progressmeter","target_id":"progressMeter","value":5}
INST 46b0e8cc0ddbd5b1 2016-03-28T23:22:08.200Z {"type":"good","target_tagname":"image","target_id":"progressbar","configurationSettings":"nobridge-noproxy","number":1}
INST 46b0e8cc0ddbd5b1 2016-03-28T23:22:08.600Z {"type":"click","target_tagname":"image","target_id":"progressbar","detail":1}
INST 46b0e8cc0ddbd5b1 2016-03-28T23:22:21.400Z {"type":"wizardcancel","target_tagname":"wizard","target_id":"TorNetworkSettings"}
INST 46b0e8cc0ddbd5b1 2016-03-28T23:22:21.400Z {"type":"unload","target_id":"configuration"}
INST ee6f303cfac298b9 2016-03-28T23:22:24.900Z {"type":"start"}
INST ee6f303cfac298b9 2016-03-28T23:22:25.600Z {"type":"select","target_tagname":"menulist","target_id":"proxyType","value":""}
INST ee6f303cfac298b9 2016-03-28T23:22:25.600Z {"type":"wizardnext","target_tagname":"wizard","target_id":"TorNetworkSettings"}
INST ee6f303cfac298b9 2016-03-28T23:22:25.600Z {"type":"pageshow","target_tagname":"wizardpage","target_id":"first"}
INST ee6f303cfac298b9 2016-03-28T23:22:25.600Z {"type":"load","target_id":"configuration"}
INST ee6f303cfac298b9 2016-03-28T23:22:25.600Z {"type":"select","target_tagname":"menulist","target_id":"defaultBridgeType","value":"obfs3"}
INST ee6f303cfac298b9 2016-03-28T23:22:30.400Z {"type":"click","target_tagname":"button","target_id":"configure_button","detail":1}
INST ee6f303cfac298b9 2016-03-28T23:22:30.400Z {"type":"pagehide","target_tagname":"wizardpage","target_id":"first"}
INST ee6f303cfac298b9 2016-03-28T23:22:30.400Z {"type":"pageadvanced","target_tagname":"wizardpage","target_id":"first"}
INST ee6f303cfac298b9 2016-03-28T23:22:30.400Z {"type":"wizardnext","target_tagname":"wizard","target_id":"TorNetworkSettings"}
INST ee6f303cfac298b9 2016-03-28T23:22:30.400Z {"type":"pageshow","target_tagname":"wizardpage","target_id":"proxy"}
INST ee6f303cfac298b9 2016-03-28T23:22:30.400Z {"type":"command","target_tagname":"button","target_id":"configure_button"}
INST ee6f303cfac298b9 2016-03-28T23:22:33.800Z {"type":"click","target_tagname":"wizard","target_id":"TorNetworkSettings","detail":1}
INST ee6f303cfac298b9 2016-03-28T23:22:33.800Z {"type":"pagehide","target_tagname":"wizardpage","target_id":"proxy"}
INST ee6f303cfac298b9 2016-03-28T23:22:33.800Z {"type":"pageadvanced","target_tagname":"wizardpage","target_id":"proxy"}
INST ee6f303cfac298b9 2016-03-28T23:22:33.800Z {"type":"wizardnext","target_tagname":"wizard","target_id":"TorNetworkSettings"}
INST ee6f303cfac298b9 2016-03-28T23:22:33.800Z {"type":"pageshow","target_tagname":"wizardpage","target_id":"bridges"}
INST ee6f303cfac298b9 2016-03-28T23:22:33.800Z {"type":"command","target_tagname":"wizard","target_id":"TorNetworkSettings"}
INST ee6f303cfac298b9 2016-03-28T23:22:38.300Z {"type":"click","target_tagname":"radio","target_id":"bridgeRadioDefault","detail":1}
INST ee6f303cfac298b9 2016-03-28T23:22:38.300Z {"type":"command","target_tagname":"radio","target_id":"bridgeRadioDefault"}
INST ee6f303cfac298b9 2016-03-28T23:22:40.600Z {"type":"click","target_tagname":"radio","target_id":"bridgeRadioNone","detail":1}
INST ee6f303cfac298b9 2016-03-28T23:22:40.600Z {"type":"command","target_tagname":"radio","target_id":"bridgeRadioNone"}
INST ee6f303cfac298b9 2016-03-28T23:22:41.600Z {"type":"click","target_tagname":"wizard","target_id":"TorNetworkSettings","detail":1}
INST ee6f303cfac298b9 2016-03-28T23:22:41.600Z {"type":"pagehide","target_tagname":"wizardpage","target_id":"bridges"}
INST ee6f303cfac298b9 2016-03-28T23:22:41.600Z {"type":"pageadvanced","target_tagname":"wizardpage","target_id":"bridges"}
INST ee6f303cfac298b9 2016-03-28T23:22:41.600Z {"type":"wizardnext","target_tagname":"wizard","target_id":"TorNetworkSettings"}
INST ee6f303cfac298b9 2016-03-28T23:22:41.600Z {"type":"pageshow","target_tagname":"wizardpage","target_id":"summary"}
INST ee6f303cfac298b9 2016-03-28T23:22:41.600Z {"type":"command","target_tagname":"wizard","target_id":"TorNetworkSettings"}
INST ee6f303cfac298b9 2016-03-28T23:22:43.400Z {"type":"pagehide","target_tagname":"wizardpage","target_id":"summary"}
INST ee6f303cfac298b9 2016-03-28T23:22:43.400Z {"type":"pageadvanced","target_tagname":"wizardpage","target_id":"summary"}
INST ee6f303cfac298b9 2016-03-28T23:22:43.500Z {"type":"wizardnext","target_tagname":"wizard","target_id":"TorNetworkSettings"}
INST ee6f303cfac298b9 2016-03-28T23:22:43.500Z {"type":"pageshow","target_tagname":"wizardpage","target_id":"inlineprogress"}
INST ee6f303cfac298b9 2016-03-28T23:22:43.500Z {"type":"click","target_tagname":"wizard","target_id":"TorNetworkSettings","detail":1}
INST ee6f303cfac298b9 2016-03-28T23:22:44.300Z {"type":"progresschanged","target_tagname":"progressmeter","target_id":"progressMeter","value":5}
INST ee6f303cfac298b9 2016-03-28T23:22:44.300Z {"type":"good","target_tagname":"image","target_id":"progressbar","configurationSettings":"nobridge-noproxy","number":1}
INST ee6f303cfac298b9 2016-03-28T23:22:44.300Z {"type":"progresschanged","target_tagname":"progressmeter","target_id":"progressMeter","value":5}
INST ee6f303cfac298b9 2016-03-28T23:22:44.300Z {"type":"good","target_tagname":"image","target_id":"progressbar","configurationSettings":"nobridge-noproxy","number":1}
INST ee6f303cfac298b9 2016-03-28T23:22:44.300Z {"type":"progresschanged","target_tagname":"progressmeter","target_id":"progressMeter","value":5}
INST ee6f303cfac298b9 2016-03-28T23:22:44.300Z {"type":"good","target_tagname":"image","target_id":"progressbar","configurationSettings":"nobridge-noproxy","number":1}
INST ee6f303cfac298b9 2016-03-28T23:23:45.300Z {"type":"progresschanged","target_tagname":"progressmeter","target_id":"progressMeter","value":5}
INST ee6f303cfac298b9 2016-03-28T23:23:45.300Z {"type":"good","target_tagname":"image","target_id":"progressbar","configurationSettings":"nobridge-noproxy","number":1}
INST ee6f303cfac298b9 2016-03-28T23:24:54.600Z {"type":"click","target_tagname":"wizard","target_id":"TorNetworkSettings","detail":1}
INST ee6f303cfac298b9 2016-03-28T23:24:54.600Z {"type":"wizardcancel","target_tagname":"wizard","target_id":"TorNetworkSettings"}
INST ee6f303cfac298b9 2016-03-28T23:24:54.600Z {"type":"command","target_tagname":"wizard","target_id":"TorNetworkSettings"}
INST ee6f303cfac298b9 2016-03-28T23:24:54.600Z {"type":"unload","target_id":"configuration"}
INST 83a1300076171067 2016-03-28T23:24:56.600Z {"type":"start"}
INST 83a1300076171067 2016-03-28T23:24:57.300Z {"type":"select","target_tagname":"menulist","target_id":"proxyType","value":""}
INST 83a1300076171067 2016-03-28T23:24:57.300Z {"type":"wizardnext","target_tagname":"wizard","target_id":"TorNetworkSettings"}
INST 83a1300076171067 2016-03-28T23:24:57.300Z {"type":"pageshow","target_tagname":"wizardpage","target_id":"first"}
INST 83a1300076171067 2016-03-28T23:24:57.300Z {"type":"load","target_id":"configuration"}
INST 83a1300076171067 2016-03-28T23:24:57.300Z {"type":"select","target_tagname":"menulist","target_id":"defaultBridgeType","value":"obfs3"}
INST 83a1300076171067 2016-03-28T23:24:59.500Z {"type":"click","target_tagname":"button","target_id":"configure_button","detail":1}
INST 83a1300076171067 2016-03-28T23:24:59.500Z {"type":"pagehide","target_tagname":"wizardpage","target_id":"first"}
INST 83a1300076171067 2016-03-28T23:24:59.500Z {"type":"pageadvanced","target_tagname":"wizardpage","target_id":"first"}
INST 83a1300076171067 2016-03-28T23:24:59.500Z {"type":"wizardnext","target_tagname":"wizard","target_id":"TorNetworkSettings"}
INST 83a1300076171067 2016-03-28T23:24:59.600Z {"type":"pageshow","target_tagname":"wizardpage","target_id":"proxy"}
INST 83a1300076171067 2016-03-28T23:24:59.600Z {"type":"command","target_tagname":"button","target_id":"configure_button"}
INST 83a1300076171067 2016-03-28T23:25:01.300Z {"type":"click","target_tagname":"radio","target_id":"proxyRadioWith","detail":1}
INST 83a1300076171067 2016-03-28T23:25:01.300Z {"type":"command","target_tagname":"radio","target_id":"proxyRadioWith"}
INST 83a1300076171067 2016-03-28T23:25:02.300Z {"type":"popupshown","target_tagname":"menupopup","target_id":"proxyType_menuPopup"}
INST 83a1300076171067 2016-03-28T23:25:02.400Z {"type":"click","target_tagname":"menulist","target_id":"proxyType","value":"","detail":1}
INST 83a1300076171067 2016-03-28T23:25:03.100Z {"type":"popuphidden","target_tagname":"menupopup","target_id":"proxyType_menuPopup"}
INST 83a1300076171067 2016-03-28T23:25:04.100Z {"type":"click","target_tagname":"radio","target_id":"proxyRadioWithout","detail":1}
INST 83a1300076171067 2016-03-28T23:25:04.100Z {"type":"command","target_tagname":"radio","target_id":"proxyRadioWithout"}
INST 83a1300076171067 2016-03-28T23:25:05.000Z {"type":"click","target_tagname":"wizard","target_id":"TorNetworkSettings","detail":1}
INST 83a1300076171067 2016-03-28T23:25:05.000Z {"type":"pagehide","target_tagname":"wizardpage","target_id":"proxy"}
INST 83a1300076171067 2016-03-28T23:25:05.000Z {"type":"pageadvanced","target_tagname":"wizardpage","target_id":"proxy"}
INST 83a1300076171067 2016-03-28T23:25:05.000Z {"type":"wizardnext","target_tagname":"wizard","target_id":"TorNetworkSettings"}
INST 83a1300076171067 2016-03-28T23:25:05.000Z {"type":"pageshow","target_tagname":"wizardpage","target_id":"bridges"}
INST 83a1300076171067 2016-03-28T23:25:05.000Z {"type":"command","target_tagname":"wizard","target_id":"TorNetworkSettings"}
INST 83a1300076171067 2016-03-28T23:25:07.100Z {"type":"click","target_tagname":"radio","target_id":"bridgeRadioDefault","detail":1}
INST 83a1300076171067 2016-03-28T23:25:07.100Z {"type":"command","target_tagname":"radio","target_id":"bridgeRadioDefault"}
INST 83a1300076171067 2016-03-28T23:25:08.000Z {"type":"popupshown","target_tagname":"menupopup","target_id":"defaultBridgeType_menuPopup"}
INST 83a1300076171067 2016-03-28T23:25:08.100Z {"type":"click","target_tagname":"menulist","target_id":"defaultBridgeType","value":"obfs3","detail":1}
INST 83a1300076171067 2016-03-28T23:25:09.800Z {"type":"popuphidden","target_tagname":"menupopup","target_id":"defaultBridgeType_menuPopup"}
INST 83a1300076171067 2016-03-28T23:25:11.800Z {"type":"click","target_tagname":"wizard","target_id":"TorNetworkSettings","detail":1}
INST 83a1300076171067 2016-03-28T23:25:11.800Z {"type":"pagehide","target_tagname":"wizardpage","target_id":"bridges"}
INST 83a1300076171067 2016-03-28T23:25:11.800Z {"type":"pageadvanced","target_tagname":"wizardpage","target_id":"bridges"}
INST 83a1300076171067 2016-03-28T23:25:11.800Z {"type":"wizardnext","target_tagname":"wizard","target_id":"TorNetworkSettings"}
INST 83a1300076171067 2016-03-28T23:25:11.800Z {"type":"pageshow","target_tagname":"wizardpage","target_id":"summary"}
INST 83a1300076171067 2016-03-28T23:25:11.900Z {"type":"command","target_tagname":"wizard","target_id":"TorNetworkSettings"}
INST 83a1300076171067 2016-03-28T23:25:13.400Z {"type":"pagehide","target_tagname":"wizardpage","target_id":"summary"}
INST 83a1300076171067 2016-03-28T23:25:13.400Z {"type":"pageadvanced","target_tagname":"wizardpage","target_id":"summary"}
INST 83a1300076171067 2016-03-28T23:25:13.500Z {"type":"wizardnext","target_tagname":"wizard","target_id":"TorNetworkSettings"}
INST 83a1300076171067 2016-03-28T23:25:13.500Z {"type":"pageshow","target_tagname":"wizardpage","target_id":"inlineprogress"}
INST 83a1300076171067 2016-03-28T23:25:13.500Z {"type":"click","target_tagname":"wizard","target_id":"TorNetworkSettings","detail":1}
INST 83a1300076171067 2016-03-28T23:25:20.100Z {"type":"progresschanged","target_tagname":"progressmeter","target_id":"progressMeter","value":5}
INST 83a1300076171067 2016-03-28T23:25:20.100Z {"type":"good","target_tagname":"image","target_id":"progressbar","configurationSettings":"bridge-noproxy","number":1}
INST 83a1300076171067 2016-03-28T23:25:20.100Z {"type":"progresschanged","target_tagname":"progressmeter","target_id":"progressMeter","value":10}
INST 83a1300076171067 2016-03-28T23:25:20.100Z {"type":"good","target_tagname":"image","target_id":"progressbar","configurationSettings":"bridge-noproxy","number":1}
INST 83a1300076171067 2016-03-28T23:25:20.400Z {"type":"click","target_tagname":"wizard","target_id":"TorNetworkSettings","detail":1}
INST 83a1300076171067 2016-03-28T23:25:21.200Z {"type":"progresschanged","target_tagname":"progressmeter","target_id":"progressMeter","value":15}
INST 83a1300076171067 2016-03-28T23:25:21.200Z {"type":"good","target_tagname":"image","target_id":"progressbar","configurationSettings":"bridge-noproxy","number":1}
INST 83a1300076171067 2016-03-28T23:25:21.400Z {"type":"progresschanged","target_tagname":"progressmeter","target_id":"progressMeter","value":20}
INST 83a1300076171067 2016-03-28T23:25:21.400Z {"type":"good","target_tagname":"image","target_id":"progressbar","configurationSettings":"bridge-noproxy","number":1}
INST 83a1300076171067 2016-03-28T23:25:21.500Z {"type":"click","target_tagname":"wizard","target_id":"TorNetworkSettings","detail":1}
INST 83a1300076171067 2016-03-28T23:25:21.500Z {"type":"wizardcancel","target_tagname":"wizard","target_id":"TorNetworkSettings"}
INST 83a1300076171067 2016-03-28T23:25:21.500Z {"type":"command","target_tagname":"wizard","target_id":"TorNetworkSettings"}
INST 83a1300076171067 2016-03-28T23:25:21.500Z {"type":"unload","target_id":"configuration"}
INST 844746d109114e14 2016-03-28T23:25:23.400Z {"type":"start"}
INST 844746d109114e14 2016-03-28T23:25:24.100Z {"type":"select","target_tagname":"menulist","target_id":"proxyType","value":""}
INST 844746d109114e14 2016-03-28T23:25:24.100Z {"type":"wizardnext","target_tagname":"wizard","target_id":"TorNetworkSettings"}
INST 844746d109114e14 2016-03-28T23:25:24.100Z {"type":"pageshow","target_tagname":"wizardpage","target_id":"first"}
INST 844746d109114e14 2016-03-28T23:25:24.200Z {"type":"load","target_id":"configuration"}
INST 844746d109114e14 2016-03-28T23:25:24.200Z {"type":"select","target_tagname":"menulist","target_id":"defaultBridgeType","value":"obfs3"}
INST 844746d109114e14 2016-03-28T23:25:25.700Z {"type":"click","target_tagname":"button","target_id":"connect_button","detail":1}
INST 844746d109114e14 2016-03-28T23:25:25.800Z {"type":"pagehide","target_tagname":"wizardpage","target_id":"first"}
INST 844746d109114e14 2016-03-28T23:25:25.800Z {"type":"pageadvanced","target_tagname":"wizardpage","target_id":"first"}
INST 844746d109114e14 2016-03-28T23:25:25.800Z {"type":"wizardnext","target_tagname":"wizard","target_id":"TorNetworkSettings"}
INST 844746d109114e14 2016-03-28T23:25:25.800Z {"type":"pageshow","target_tagname":"wizardpage","target_id":"inlineprogress"}
INST 844746d109114e14 2016-03-28T23:25:25.800Z {"type":"command","target_tagname":"button","target_id":"connect_button"}
INST 844746d109114e14 2016-03-28T23:25:28.400Z {"type":"click","target_tagname":"wizard","target_id":"TorNetworkSettings","detail":1}
INST 844746d109114e14 2016-03-28T23:25:28.400Z {"type":"wizardcancel","target_tagname":"wizard","target_id":"TorNetworkSettings"}
INST 844746d109114e14 2016-03-28T23:25:28.400Z {"type":"command","target_tagname":"wizard","target_id":"TorNetworkSettings"}
INST 844746d109114e14 2016-03-28T23:25:28.400Z {"type":"unload","target_id":"configuration"}
INST 62ccb21b8fd9db7e 2016-03-28T23:25:29.900Z {"type":"start"}
INST 62ccb21b8fd9db7e 2016-03-28T23:25:30.600Z {"type":"select","target_tagname":"menulist","target_id":"proxyType","value":""}
INST 62ccb21b8fd9db7e 2016-03-28T23:25:30.600Z {"type":"wizardnext","target_tagname":"wizard","target_id":"TorNetworkSettings"}
INST 62ccb21b8fd9db7e 2016-03-28T23:25:30.600Z {"type":"pageshow","target_tagname":"wizardpage","target_id":"first"}
INST 62ccb21b8fd9db7e 2016-03-28T23:25:30.700Z {"type":"load","target_id":"configuration"}
INST 62ccb21b8fd9db7e 2016-03-28T23:25:30.700Z {"type":"select","target_tagname":"menulist","target_id":"defaultBridgeType","value":"obfs3"}
INST 62ccb21b8fd9db7e 2016-03-28T23:25:31.900Z {"type":"click","target_tagname":"button","target_id":"configure_button","detail":1}
INST 62ccb21b8fd9db7e 2016-03-28T23:25:31.900Z {"type":"pagehide","target_tagname":"wizardpage","target_id":"first"}
INST 62ccb21b8fd9db7e 2016-03-28T23:25:31.900Z {"type":"pageadvanced","target_tagname":"wizardpage","target_id":"first"}
INST 62ccb21b8fd9db7e 2016-03-28T23:25:31.900Z {"type":"wizardnext","target_tagname":"wizard","target_id":"TorNetworkSettings"}
INST 62ccb21b8fd9db7e 2016-03-28T23:25:31.900Z {"type":"pageshow","target_tagname":"wizardpage","target_id":"proxy"}
INST 62ccb21b8fd9db7e 2016-03-28T23:25:31.900Z {"type":"command","target_tagname":"button","target_id":"configure_button"}
INST 62ccb21b8fd9db7e 2016-03-28T23:25:33.600Z {"type":"click","target_tagname":"wizard","target_id":"TorNetworkSettings","detail":1}
INST 62ccb21b8fd9db7e 2016-03-28T23:25:33.600Z {"type":"pagehide","target_tagname":"wizardpage","target_id":"proxy"}
INST 62ccb21b8fd9db7e 2016-03-28T23:25:33.600Z {"type":"pageadvanced","target_tagname":"wizardpage","target_id":"proxy"}
INST 62ccb21b8fd9db7e 2016-03-28T23:25:33.600Z {"type":"wizardnext","target_tagname":"wizard","target_id":"TorNetworkSettings"}
INST 62ccb21b8fd9db7e 2016-03-28T23:25:33.600Z {"type":"pageshow","target_tagname":"wizardpage","target_id":"bridges"}
INST 62ccb21b8fd9db7e 2016-03-28T23:25:33.600Z {"type":"command","target_tagname":"wizard","target_id":"TorNetworkSettings"}
INST 62ccb21b8fd9db7e 2016-03-28T23:25:34.800Z {"type":"click","target_tagname":"radio","target_id":"bridgeRadioNone","detail":1}
INST 62ccb21b8fd9db7e 2016-03-28T23:25:34.800Z {"type":"command","target_tagname":"radio","target_id":"bridgeRadioNone"}
INST 62ccb21b8fd9db7e 2016-03-28T23:25:36.600Z {"type":"click","target_tagname":"wizard","target_id":"TorNetworkSettings","detail":1}
INST 62ccb21b8fd9db7e 2016-03-28T23:25:36.600Z {"type":"pagehide","target_tagname":"wizardpage","target_id":"bridges"}
INST 62ccb21b8fd9db7e 2016-03-28T23:25:36.600Z {"type":"pageadvanced","target_tagname":"wizardpage","target_id":"bridges"}
INST 62ccb21b8fd9db7e 2016-03-28T23:25:36.600Z {"type":"wizardnext","target_tagname":"wizard","target_id":"TorNetworkSettings"}
INST 62ccb21b8fd9db7e 2016-03-28T23:25:36.600Z {"type":"pageshow","target_tagname":"wizardpage","target_id":"summary"}
INST 62ccb21b8fd9db7e 2016-03-28T23:25:36.600Z {"type":"command","target_tagname":"wizard","target_id":"TorNetworkSettings"}
INST 62ccb21b8fd9db7e 2016-03-28T23:25:38.100Z {"type":"pagehide","target_tagname":"wizardpage","target_id":"summary"}
INST 62ccb21b8fd9db7e 2016-03-28T23:25:38.100Z {"type":"pageadvanced","target_tagname":"wizardpage","target_id":"summary"}
INST 62ccb21b8fd9db7e 2016-03-28T23:25:38.100Z {"type":"wizardnext","target_tagname":"wizard","target_id":"TorNetworkSettings"}
INST 62ccb21b8fd9db7e 2016-03-28T23:25:38.200Z {"type":"pageshow","target_tagname":"wizardpage","target_id":"inlineprogress"}
INST 62ccb21b8fd9db7e 2016-03-28T23:25:38.200Z {"type":"click","target_tagname":"wizard","target_id":"TorNetworkSettings","detail":1}
INST 62ccb21b8fd9db7e 2016-03-28T23:25:38.400Z {"type":"progresschanged","target_tagname":"progressmeter","target_id":"progressMeter","value":5}
INST 62ccb21b8fd9db7e 2016-03-28T23:25:38.400Z {"type":"good","target_tagname":"image","target_id":"progressbar","configurationSettings":"nobridge-noproxy","number":1}
INST 62ccb21b8fd9db7e 2016-03-28T23:25:38.400Z {"type":"progresschanged","target_tagname":"progressmeter","target_id":"progressMeter","value":5}
INST 62ccb21b8fd9db7e 2016-03-28T23:25:38.400Z {"type":"good","target_tagname":"image","target_id":"progressbar","configurationSettings":"nobridge-noproxy","number":1}
INST 62ccb21b8fd9db7e 2016-03-28T23:25:38.400Z {"type":"progresschanged","target_tagname":"progressmeter","target_id":"progressMeter","value":5}
INST 62ccb21b8fd9db7e 2016-03-28T23:25:38.400Z {"type":"good","target_tagname":"image","target_id":"progressbar","configurationSettings":"nobridge-noproxy","number":1}
INST 62ccb21b8fd9db7e 2016-03-28T23:26:39.400Z {"type":"progresschanged","target_tagname":"progressmeter","target_id":"progressMeter","value":5}
INST 62ccb21b8fd9db7e 2016-03-28T23:26:39.400Z {"type":"good","target_tagname":"image","target_id":"progressbar","configurationSettings":"nobridge-noproxy","number":1}
INST 62ccb21b8fd9db7e 2016-03-28T23:30:17.100Z {"type":"click","target_tagname":"label","target_id":"progressBridge","detail":1}
INST 62ccb21b8fd9db7e 2016-03-28T23:31:44.400Z {"type":"progresschanged","target_tagname":"progressmeter","target_id":"progressMeter","value":5}
INST 62ccb21b8fd9db7e 2016-03-28T23:31:44.400Z {"type":"good","target_tagname":"image","target_id":"progressbar","configurationSettings":"nobridge-noproxy","number":1}
INST 62ccb21b8fd9db7e 2016-03-28T23:33:50.600Z {"type":"click","target_tagname":"image","target_id":"progressbar","detail":1}
INST 9b04f0c3fbf94796 2016-03-28T23:34:06.700Z {"type":"start"}
INST 9b04f0c3fbf94796 2016-03-28T23:34:07.400Z {"type":"select","target_tagname":"menulist","target_id":"proxyType","value":""}
INST 9b04f0c3fbf94796 2016-03-28T23:34:07.400Z {"type":"wizardnext","target_tagname":"wizard","target_id":"TorNetworkSettings"}
INST 9b04f0c3fbf94796 2016-03-28T23:34:07.400Z {"type":"pageshow","target_tagname":"wizardpage","target_id":"first"}
INST 9b04f0c3fbf94796 2016-03-28T23:34:07.400Z {"type":"load","target_id":"configuration"}
INST 9b04f0c3fbf94796 2016-03-28T23:34:07.400Z {"type":"select","target_tagname":"menulist","target_id":"defaultBridgeType","value":"obfs3"}
INST 9b04f0c3fbf94796 2016-03-28T23:34:09.000Z {"type":"click","target_tagname":"button","target_id":"configure_button","detail":1}
INST 9b04f0c3fbf94796 2016-03-28T23:34:09.000Z {"type":"pagehide","target_tagname":"wizardpage","target_id":"first"}
INST 9b04f0c3fbf94796 2016-03-28T23:34:09.000Z {"type":"pageadvanced","target_tagname":"wizardpage","target_id":"first"}
INST 9b04f0c3fbf94796 2016-03-28T23:34:09.000Z {"type":"wizardnext","target_tagname":"wizard","target_id":"TorNetworkSettings"}
INST 9b04f0c3fbf94796 2016-03-28T23:34:09.000Z {"type":"pageshow","target_tagname":"wizardpage","target_id":"proxy"}
INST 9b04f0c3fbf94796 2016-03-28T23:34:09.000Z {"type":"command","target_tagname":"button","target_id":"configure_button"}
INST 9b04f0c3fbf94796 2016-03-28T23:34:11.700Z {"type":"click","target_tagname":"radio","target_id":"proxyRadioWith","detail":1}
INST 9b04f0c3fbf94796 2016-03-28T23:34:11.700Z {"type":"command","target_tagname":"radio","target_id":"proxyRadioWith"}
INST 9b04f0c3fbf94796 2016-03-28T23:34:12.800Z {"type":"popupshown","target_tagname":"menupopup","target_id":"proxyType_menuPopup"}
INST 9b04f0c3fbf94796 2016-03-28T23:34:12.900Z {"type":"click","target_tagname":"menulist","target_id":"proxyType","value":"","detail":1}
INST 9b04f0c3fbf94796 2016-03-28T23:34:18.100Z {"type":"mouseover","target_tagname":"menuitem","target_id":"","value":"HTTP"}
INST 9b04f0c3fbf94796 2016-03-28T23:34:18.100Z {"type":"mouseout","target_tagname":"menuitem","target_id":"","value":"HTTP"}
INST 9b04f0c3fbf94796 2016-03-28T23:34:18.100Z {"type":"mouseover","target_tagname":"menuitem","target_id":"","value":"SOCKS5"}
INST 9b04f0c3fbf94796 2016-03-28T23:34:18.100Z {"type":"mouseout","target_tagname":"menuitem","target_id":"","value":"SOCKS5"}
INST 9b04f0c3fbf94796 2016-03-28T23:34:18.400Z {"type":"popuphidden","target_tagname":"menupopup","target_id":"proxyType_menuPopup"}
INST 9b04f0c3fbf94796 2016-03-28T23:34:20.900Z {"type":"select","target_tagname":"textbox","target_id":"proxyAddr"}
INST 9b04f0c3fbf94796 2016-03-28T23:34:21.000Z {"type":"click","target_tagname":"textbox","target_id":"proxyAddr","detail":1}
INST 9b04f0c3fbf94796 2016-03-28T23:34:22.600Z {"type":"click","target_tagname":"radio","target_id":"proxyRadioWithout","detail":1}
INST 9b04f0c3fbf94796 2016-03-28T23:34:22.600Z {"type":"command","target_tagname":"radio","target_id":"proxyRadioWithout"}
INST 9b04f0c3fbf94796 2016-03-28T23:34:23.400Z {"type":"click","target_tagname":"wizard","target_id":"TorNetworkSettings","detail":1}
INST 9b04f0c3fbf94796 2016-03-28T23:34:23.400Z {"type":"pagehide","target_tagname":"wizardpage","target_id":"proxy"}
INST 9b04f0c3fbf94796 2016-03-28T23:34:23.400Z {"type":"pageadvanced","target_tagname":"wizardpage","target_id":"proxy"}
INST 9b04f0c3fbf94796 2016-03-28T23:34:23.400Z {"type":"wizardnext","target_tagname":"wizard","target_id":"TorNetworkSettings"}
INST 9b04f0c3fbf94796 2016-03-28T23:34:23.400Z {"type":"pageshow","target_tagname":"wizardpage","target_id":"bridges"}
INST 9b04f0c3fbf94796 2016-03-28T23:34:23.400Z {"type":"command","target_tagname":"wizard","target_id":"TorNetworkSettings"}
INST 9b04f0c3fbf94796 2016-03-28T23:34:24.700Z {"type":"click","target_tagname":"radio","target_id":"bridgeRadioDefault","detail":1}
INST 9b04f0c3fbf94796 2016-03-28T23:34:24.700Z {"type":"command","target_tagname":"radio","target_id":"bridgeRadioDefault"}
INST 9b04f0c3fbf94796 2016-03-28T23:34:25.300Z {"type":"popupshown","target_tagname":"menupopup","target_id":"defaultBridgeType_menuPopup"}
INST 9b04f0c3fbf94796 2016-03-28T23:34:25.400Z {"type":"click","target_tagname":"menulist","target_id":"defaultBridgeType","value":"obfs3","detail":1}
INST 9b04f0c3fbf94796 2016-03-28T23:34:27.100Z {"type":"mouseover","target_tagname":"menuitem","target_id":"","value":"flashproxy"}
INST 9b04f0c3fbf94796 2016-03-28T23:34:27.100Z {"type":"mouseout","target_tagname":"menuitem","target_id":"","value":"flashproxy"}
INST 9b04f0c3fbf94796 2016-03-28T23:34:27.100Z {"type":"mouseover","target_tagname":"menuitem","target_id":"","value":"fte"}
INST 9b04f0c3fbf94796 2016-03-28T23:34:27.100Z {"type":"mouseout","target_tagname":"menuitem","target_id":"","value":"fte"}
INST 9b04f0c3fbf94796 2016-03-28T23:34:27.100Z {"type":"mouseover","target_tagname":"menuitem","target_id":"","value":"fte-ipv6"}
INST 9b04f0c3fbf94796 2016-03-28T23:34:27.200Z {"type":"mouseout","target_tagname":"menuitem","target_id":"","value":"fte-ipv6"}
INST 9b04f0c3fbf94796 2016-03-28T23:34:27.200Z {"type":"mouseover","target_tagname":"menuitem","target_id":"","value":"meek-amazon"}
INST 9b04f0c3fbf94796 2016-03-28T23:34:27.900Z {"type":"mouseout","target_tagname":"menuitem","target_id":"","value":"meek-amazon"}
INST 9b04f0c3fbf94796 2016-03-28T23:34:27.900Z {"type":"mouseover","target_tagname":"menuitem","target_id":"","value":"fte-ipv6"}
INST 9b04f0c3fbf94796 2016-03-28T23:34:27.900Z {"type":"mouseout","target_tagname":"menuitem","target_id":"","value":"fte-ipv6"}
INST 9b04f0c3fbf94796 2016-03-28T23:34:27.900Z {"type":"mouseover","target_tagname":"menuitem","target_id":"","value":"fte"}
INST 9b04f0c3fbf94796 2016-03-28T23:34:28.000Z {"type":"mouseout","target_tagname":"menuitem","target_id":"","value":"fte"}
INST 9b04f0c3fbf94796 2016-03-28T23:34:28.000Z {"type":"mouseover","target_tagname":"menuitem","target_id":"","value":"flashproxy"}
INST 9b04f0c3fbf94796 2016-03-28T23:34:28.100Z {"type":"mouseout","target_tagname":"menuitem","target_id":"","value":"flashproxy"}
INST 9b04f0c3fbf94796 2016-03-28T23:34:28.300Z {"type":"popuphidden","target_tagname":"menupopup","target_id":"defaultBridgeType_menuPopup"}
INST 9b04f0c3fbf94796 2016-03-28T23:34:29.600Z {"type":"click","target_tagname":"radio","target_id":"bridgeRadioCustom","detail":1}
INST 9b04f0c3fbf94796 2016-03-28T23:34:29.600Z {"type":"command","target_tagname":"radio","target_id":"bridgeRadioCustom"}
INST 9b04f0c3fbf94796 2016-03-28T23:34:31.500Z {"type":"click","target_tagname":"radio","target_id":"bridgeRadioDefault","detail":1}
INST 9b04f0c3fbf94796 2016-03-28T23:34:31.500Z {"type":"command","target_tagname":"radio","target_id":"bridgeRadioDefault"}
INST 9b04f0c3fbf94796 2016-03-28T23:34:32.400Z {"type":"click","target_tagname":"wizard","target_id":"TorNetworkSettings","detail":1}
INST 9b04f0c3fbf94796 2016-03-28T23:34:32.400Z {"type":"pagehide","target_tagname":"wizardpage","target_id":"bridges"}
INST 9b04f0c3fbf94796 2016-03-28T23:34:32.400Z {"type":"pageadvanced","target_tagname":"wizardpage","target_id":"bridges"}
INST 9b04f0c3fbf94796 2016-03-28T23:34:32.400Z {"type":"wizardnext","target_tagname":"wizard","target_id":"TorNetworkSettings"}
INST 9b04f0c3fbf94796 2016-03-28T23:34:32.400Z {"type":"pageshow","target_tagname":"wizardpage","target_id":"summary"}
INST 9b04f0c3fbf94796 2016-03-28T23:34:32.400Z {"type":"command","target_tagname":"wizard","target_id":"TorNetworkSettings"}
INST 9b04f0c3fbf94796 2016-03-28T23:34:33.500Z {"type":"pagehide","target_tagname":"wizardpage","target_id":"summary"}
INST 9b04f0c3fbf94796 2016-03-28T23:34:33.500Z {"type":"pageadvanced","target_tagname":"wizardpage","target_id":"summary"}
INST 9b04f0c3fbf94796 2016-03-28T23:34:33.600Z {"type":"wizardnext","target_tagname":"wizard","target_id":"TorNetworkSettings"}
INST 9b04f0c3fbf94796 2016-03-28T23:34:33.600Z {"type":"pageshow","target_tagname":"wizardpage","target_id":"inlineprogress"}
INST 9b04f0c3fbf94796 2016-03-28T23:34:33.600Z {"type":"click","target_tagname":"wizard","target_id":"TorNetworkSettings","detail":1}
INST 9b04f0c3fbf94796 2016-03-28T23:34:40.200Z {"type":"progresschanged","target_tagname":"progressmeter","target_id":"progressMeter","value":5}
INST 9b04f0c3fbf94796 2016-03-28T23:34:40.200Z {"type":"good","target_tagname":"image","target_id":"progressbar","configurationSettings":"bridge-noproxy","number":1}
INST 9b04f0c3fbf94796 2016-03-28T23:34:40.200Z {"type":"progresschanged","target_tagname":"progressmeter","target_id":"progressMeter","value":10}
INST 9b04f0c3fbf94796 2016-03-28T23:34:40.200Z {"type":"good","target_tagname":"image","target_id":"progressbar","configurationSettings":"bridge-noproxy","number":1}
INST 9b04f0c3fbf94796 2016-03-28T23:34:41.300Z {"type":"progresschanged","target_tagname":"progressmeter","target_id":"progressMeter","value":15}
INST 9b04f0c3fbf94796 2016-03-28T23:34:41.300Z {"type":"good","target_tagname":"image","target_id":"progressbar","configurationSettings":"bridge-noproxy","number":1}
INST 9b04f0c3fbf94796 2016-03-28T23:34:41.500Z {"type":"progresschanged","target_tagname":"progressmeter","target_id":"progressMeter","value":20}
INST 9b04f0c3fbf94796 2016-03-28T23:34:41.500Z {"type":"good","target_tagname":"image","target_id":"progressbar","configurationSettings":"bridge-noproxy","number":1}
INST 9b04f0c3fbf94796 2016-03-28T23:34:42.100Z {"type":"progresschanged","target_tagname":"progressmeter","target_id":"progressMeter","value":25}
INST 9b04f0c3fbf94796 2016-03-28T23:34:42.100Z {"type":"good","target_tagname":"image","target_id":"progressbar","configurationSettings":"bridge-noproxy","number":2}
INST 9b04f0c3fbf94796 2016-03-28T23:34:43.800Z {"type":"progresschanged","target_tagname":"progressmeter","target_id":"progressMeter","value":40}
INST 9b04f0c3fbf94796 2016-03-28T23:34:43.800Z {"type":"good","target_tagname":"image","target_id":"progressbar","configurationSettings":"bridge-noproxy","number":2}
INST 9b04f0c3fbf94796 2016-03-28T23:34:44.200Z {"type":"progresschanged","target_tagname":"progressmeter","target_id":"progressMeter","value":45}
INST 9b04f0c3fbf94796 2016-03-28T23:34:44.200Z {"type":"good","target_tagname":"image","target_id":"progressbar","configurationSettings":"bridge-noproxy","number":2}
INST 9b04f0c3fbf94796 2016-03-28T23:34:44.500Z {"type":"progresschanged","target_tagname":"progressmeter","target_id":"progressMeter","value":50}
INST 9b04f0c3fbf94796 2016-03-28T23:34:44.500Z {"type":"good","target_tagname":"image","target_id":"progressbar","configurationSettings":"bridge-noproxy","number":2}
INST 9b04f0c3fbf94796 2016-03-28T23:34:45.500Z {"type":"progresschanged","target_tagname":"progressmeter","target_id":"progressMeter","value":51}
INST 9b04f0c3fbf94796 2016-03-28T23:34:45.500Z {"type":"good","target_tagname":"image","target_id":"progressbar","configurationSettings":"bridge-noproxy","number":2}
INST 9b04f0c3fbf94796 2016-03-28T23:34:45.500Z {"type":"progresschanged","target_tagname":"progressmeter","target_id":"progressMeter","value":52}
INST 9b04f0c3fbf94796 2016-03-28T23:34:45.500Z {"type":"good","target_tagname":"image","target_id":"progressbar","configurationSettings":"bridge-noproxy","number":2}
INST 9b04f0c3fbf94796 2016-03-28T23:34:45.700Z {"type":"progresschanged","target_tagname":"progressmeter","target_id":"progressMeter","value":53}
INST 9b04f0c3fbf94796 2016-03-28T23:34:45.700Z {"type":"good","target_tagname":"image","target_id":"progressbar","configurationSettings":"bridge-noproxy","number":2}
INST 9b04f0c3fbf94796 2016-03-28T23:34:45.700Z {"type":"progresschanged","target_tagname":"progressmeter","target_id":"progressMeter","value":55}
INST 9b04f0c3fbf94796 2016-03-28T23:34:45.700Z {"type":"good","target_tagname":"image","target_id":"progressbar","configurationSettings":"bridge-noproxy","number":2}
INST 9b04f0c3fbf94796 2016-03-28T23:34:45.800Z {"type":"progresschanged","target_tagname":"progressmeter","target_id":"progressMeter","value":58}
INST 9b04f0c3fbf94796 2016-03-28T23:34:45.800Z {"type":"good","target_tagname":"image","target_id":"progressbar","configurationSettings":"bridge-noproxy","number":2}
INST 9b04f0c3fbf94796 2016-03-28T23:34:46.000Z {"type":"progresschanged","target_tagname":"progressmeter","target_id":"progressMeter","value":61}
INST 9b04f0c3fbf94796 2016-03-28T23:34:46.000Z {"type":"good","target_tagname":"image","target_id":"progressbar","configurationSettings":"bridge-noproxy","number":2}
INST 9b04f0c3fbf94796 2016-03-28T23:34:46.000Z {"type":"progresschanged","target_tagname":"progressmeter","target_id":"progressMeter","value":66}
INST 9b04f0c3fbf94796 2016-03-28T23:34:46.000Z {"type":"good","target_tagname":"image","target_id":"progressbar","configurationSettings":"bridge-noproxy","number":2}
INST 9b04f0c3fbf94796 2016-03-28T23:34:46.900Z {"type":"progresschanged","target_tagname":"progressmeter","target_id":"progressMeter","value":71}
INST 9b04f0c3fbf94796 2016-03-28T23:34:46.900Z {"type":"good","target_tagname":"image","target_id":"progressbar","configurationSettings":"bridge-noproxy","number":2}
INST 9b04f0c3fbf94796 2016-03-28T23:34:47.200Z {"type":"progresschanged","target_tagname":"progressmeter","target_id":"progressMeter","value":80}
INST 9b04f0c3fbf94796 2016-03-28T23:34:47.200Z {"type":"good","target_tagname":"image","target_id":"progressbar","configurationSettings":"bridge-noproxy","number":2}
INST 9b04f0c3fbf94796 2016-03-28T23:34:47.200Z {"type":"progresschanged","target_tagname":"progressmeter","target_id":"progressMeter","value":90}
INST 9b04f0c3fbf94796 2016-03-28T23:34:47.200Z {"type":"good","target_tagname":"image","target_id":"progressbar","configurationSettings":"bridge-noproxy","number":3}
INST 9b04f0c3fbf94796 2016-03-28T23:34:50.200Z {"type":"progresschanged","target_tagname":"progressmeter","target_id":"progressMeter","value":100}
INST 9b04f0c3fbf94796 2016-03-28T23:34:50.200Z {"type":"good","target_tagname":"image","target_id":"progressbar","configurationSettings":"bridge-noproxy","number":4}
INST 9b04f0c3fbf94796 2016-03-28T23:34:50.500Z {"type":"unload","target_id":"configuration"}
