INST 534117d2b7d834d2 2016-03-24T21:05:00.100Z {"type":"start"}
INST 534117d2b7d834d2 2016-03-24T21:05:07.900Z {"type":"select","target_tagname":"menulist","target_id":"proxyType","value":""}
INST 534117d2b7d834d2 2016-03-24T21:05:07.900Z {"type":"wizardnext","target_tagname":"wizard","target_id":"TorNetworkSettings"}
INST 534117d2b7d834d2 2016-03-24T21:05:07.900Z {"type":"pageshow","target_tagname":"wizardpage","target_id":"first"}
INST 534117d2b7d834d2 2016-03-24T21:05:08.000Z {"type":"load","target_id":"configuration"}
INST 534117d2b7d834d2 2016-03-24T21:05:08.000Z {"type":"select","target_tagname":"menulist","target_id":"defaultBridgeType","value":"obfs3"}
INST 534117d2b7d834d2 2016-03-24T21:05:14.100Z {"type":"click","target_tagname":"vbox","target_id":"","detail":1}
INST 534117d2b7d834d2 2016-03-24T21:05:15.900Z {"type":"click","target_tagname":"button","target_id":"connect_button","detail":1}
INST 534117d2b7d834d2 2016-03-24T21:05:16.000Z {"type":"pagehide","target_tagname":"wizardpage","target_id":"first"}
INST 534117d2b7d834d2 2016-03-24T21:05:16.000Z {"type":"pageadvanced","target_tagname":"wizardpage","target_id":"first"}
INST 534117d2b7d834d2 2016-03-24T21:05:16.000Z {"type":"wizardnext","target_tagname":"wizard","target_id":"TorNetworkSettings"}
INST 534117d2b7d834d2 2016-03-24T21:05:16.000Z {"type":"pageshow","target_tagname":"wizardpage","target_id":"inlineprogress"}
INST 534117d2b7d834d2 2016-03-24T21:05:16.000Z {"type":"command","target_tagname":"button","target_id":"connect_button"}
INST 534117d2b7d834d2 2016-03-24T21:05:16.400Z {"type":"progresschanged","target_tagname":"progressmeter","target_id":"progressMeter","value":5}
INST 534117d2b7d834d2 2016-03-24T21:05:16.400Z {"type":"good","target_tagname":"image","target_id":"progressbar","configurationSettings":"nobridge-noproxy","number":1}
INST 534117d2b7d834d2 2016-03-24T21:05:16.400Z {"type":"progresschanged","target_tagname":"progressmeter","target_id":"progressMeter","value":5}
INST 534117d2b7d834d2 2016-03-24T21:05:16.400Z {"type":"good","target_tagname":"image","target_id":"progressbar","configurationSettings":"nobridge-noproxy","number":1}
INST 534117d2b7d834d2 2016-03-24T21:05:16.400Z {"type":"progresschanged","target_tagname":"progressmeter","target_id":"progressMeter","value":5}
INST 534117d2b7d834d2 2016-03-24T21:05:16.400Z {"type":"good","target_tagname":"image","target_id":"progressbar","configurationSettings":"nobridge-noproxy","number":1}
INST 534117d2b7d834d2 2016-03-24T21:05:40.000Z {"type":"click","target_tagname":"wizard","target_id":"TorNetworkSettings","detail":1}
INST 534117d2b7d834d2 2016-03-24T21:06:09.300Z {"type":"click","target_tagname":"vbox","target_id":"","detail":1}
INST 534117d2b7d834d2 2016-03-24T21:06:17.400Z {"type":"progresschanged","target_tagname":"progressmeter","target_id":"progressMeter","value":5}
INST 534117d2b7d834d2 2016-03-24T21:06:17.400Z {"type":"good","target_tagname":"image","target_id":"progressbar","configurationSettings":"nobridge-noproxy","number":1}
INST 534117d2b7d834d2 2016-03-24T21:06:45.600Z {"type":"click","target_tagname":"wizard","target_id":"TorNetworkSettings","detail":1}
INST 534117d2b7d834d2 2016-03-24T21:06:45.600Z {"type":"wizardcancel","target_tagname":"wizard","target_id":"TorNetworkSettings"}
INST 534117d2b7d834d2 2016-03-24T21:06:45.600Z {"type":"command","target_tagname":"wizard","target_id":"TorNetworkSettings"}
INST 534117d2b7d834d2 2016-03-24T21:06:45.600Z {"type":"unload","target_id":"configuration"}
INST d53457e789c5d271 2016-03-24T21:06:53.900Z {"type":"start"}
INST d53457e789c5d271 2016-03-24T21:06:54.800Z {"type":"select","target_tagname":"menulist","target_id":"proxyType","value":""}
INST d53457e789c5d271 2016-03-24T21:06:54.800Z {"type":"wizardnext","target_tagname":"wizard","target_id":"TorNetworkSettings"}
INST d53457e789c5d271 2016-03-24T21:06:54.800Z {"type":"pageshow","target_tagname":"wizardpage","target_id":"first"}
INST d53457e789c5d271 2016-03-24T21:06:54.800Z {"type":"load","target_id":"configuration"}
INST d53457e789c5d271 2016-03-24T21:06:54.800Z {"type":"select","target_tagname":"menulist","target_id":"defaultBridgeType","value":"obfs3"}
INST d53457e789c5d271 2016-03-24T21:06:56.300Z {"type":"click","target_tagname":"button","target_id":"configure_button","detail":1}
INST d53457e789c5d271 2016-03-24T21:06:56.300Z {"type":"pagehide","target_tagname":"wizardpage","target_id":"first"}
INST d53457e789c5d271 2016-03-24T21:06:56.300Z {"type":"pageadvanced","target_tagname":"wizardpage","target_id":"first"}
INST d53457e789c5d271 2016-03-24T21:06:56.300Z {"type":"wizardnext","target_tagname":"wizard","target_id":"TorNetworkSettings"}
INST d53457e789c5d271 2016-03-24T21:06:56.300Z {"type":"pageshow","target_tagname":"wizardpage","target_id":"proxy"}
INST d53457e789c5d271 2016-03-24T21:06:56.300Z {"type":"command","target_tagname":"button","target_id":"configure_button"}
INST d53457e789c5d271 2016-03-24T21:07:02.600Z {"type":"click","target_tagname":"wizard","target_id":"TorNetworkSettings","detail":1}
INST d53457e789c5d271 2016-03-24T21:07:02.600Z {"type":"pagehide","target_tagname":"wizardpage","target_id":"proxy"}
INST d53457e789c5d271 2016-03-24T21:07:02.600Z {"type":"pageadvanced","target_tagname":"wizardpage","target_id":"proxy"}
INST d53457e789c5d271 2016-03-24T21:07:02.600Z {"type":"wizardnext","target_tagname":"wizard","target_id":"TorNetworkSettings"}
INST d53457e789c5d271 2016-03-24T21:07:02.600Z {"type":"pageshow","target_tagname":"wizardpage","target_id":"bridges"}
INST d53457e789c5d271 2016-03-24T21:07:02.600Z {"type":"command","target_tagname":"wizard","target_id":"TorNetworkSettings"}
INST d53457e789c5d271 2016-03-24T21:07:08.900Z {"type":"click","target_tagname":"radio","target_id":"bridgeRadioDefault","detail":1}
INST d53457e789c5d271 2016-03-24T21:07:08.900Z {"type":"command","target_tagname":"radio","target_id":"bridgeRadioDefault"}
INST d53457e789c5d271 2016-03-24T21:07:11.400Z {"type":"click","target_tagname":"radio","target_id":"bridgeRadioNone","detail":1}
INST d53457e789c5d271 2016-03-24T21:07:11.400Z {"type":"command","target_tagname":"radio","target_id":"bridgeRadioNone"}
INST d53457e789c5d271 2016-03-24T21:07:14.900Z {"type":"click","target_tagname":"wizard","target_id":"TorNetworkSettings","detail":1}
INST d53457e789c5d271 2016-03-24T21:07:14.900Z {"type":"pagehide","target_tagname":"wizardpage","target_id":"bridges"}
INST d53457e789c5d271 2016-03-24T21:07:14.900Z {"type":"pageadvanced","target_tagname":"wizardpage","target_id":"bridges"}
INST d53457e789c5d271 2016-03-24T21:07:14.900Z {"type":"wizardnext","target_tagname":"wizard","target_id":"TorNetworkSettings"}
INST d53457e789c5d271 2016-03-24T21:07:14.900Z {"type":"pageshow","target_tagname":"wizardpage","target_id":"summary"}
INST d53457e789c5d271 2016-03-24T21:07:14.900Z {"type":"command","target_tagname":"wizard","target_id":"TorNetworkSettings"}
INST d53457e789c5d271 2016-03-24T21:07:17.700Z {"type":"pagehide","target_tagname":"wizardpage","target_id":"summary"}
INST d53457e789c5d271 2016-03-24T21:07:17.700Z {"type":"pageadvanced","target_tagname":"wizardpage","target_id":"summary"}
INST d53457e789c5d271 2016-03-24T21:07:17.700Z {"type":"wizardnext","target_tagname":"wizard","target_id":"TorNetworkSettings"}
INST d53457e789c5d271 2016-03-24T21:07:17.700Z {"type":"pageshow","target_tagname":"wizardpage","target_id":"inlineprogress"}
INST d53457e789c5d271 2016-03-24T21:07:17.700Z {"type":"click","target_tagname":"wizard","target_id":"TorNetworkSettings","detail":1}
INST d53457e789c5d271 2016-03-24T21:07:18.700Z {"type":"progresschanged","target_tagname":"progressmeter","target_id":"progressMeter","value":5}
INST d53457e789c5d271 2016-03-24T21:07:18.700Z {"type":"good","target_tagname":"image","target_id":"progressbar","configurationSettings":"nobridge-noproxy","number":1}
INST d53457e789c5d271 2016-03-24T21:07:18.700Z {"type":"progresschanged","target_tagname":"progressmeter","target_id":"progressMeter","value":5}
INST d53457e789c5d271 2016-03-24T21:07:18.700Z {"type":"good","target_tagname":"image","target_id":"progressbar","configurationSettings":"nobridge-noproxy","number":1}
INST d53457e789c5d271 2016-03-24T21:07:18.700Z {"type":"progresschanged","target_tagname":"progressmeter","target_id":"progressMeter","value":5}
INST d53457e789c5d271 2016-03-24T21:07:18.700Z {"type":"good","target_tagname":"image","target_id":"progressbar","configurationSettings":"nobridge-noproxy","number":1}
INST d53457e789c5d271 2016-03-24T21:08:19.600Z {"type":"progresschanged","target_tagname":"progressmeter","target_id":"progressMeter","value":5}
INST d53457e789c5d271 2016-03-24T21:08:19.600Z {"type":"good","target_tagname":"image","target_id":"progressbar","configurationSettings":"nobridge-noproxy","number":1}
INST d53457e789c5d271 2016-03-24T21:08:52.900Z {"type":"click","target_tagname":"vbox","target_id":"","detail":1}
INST d53457e789c5d271 2016-03-24T21:09:07.500Z {"type":"click","target_tagname":"vbox","target_id":"","detail":1}
INST d53457e789c5d271 2016-03-24T21:09:19.200Z {"type":"click","target_tagname":"image","target_id":"progressbar","detail":1}
INST d53457e789c5d271 2016-03-24T21:09:20.300Z {"type":"click","target_tagname":"wizardpage","target_id":"inlineprogress","detail":1}
INST d53457e789c5d271 2016-03-24T21:09:21.200Z {"type":"click","target_tagname":"label","target_id":"forAssistance","detail":1}
INST d53457e789c5d271 2016-03-24T21:09:21.400Z {"type":"click","target_tagname":"label","target_id":"forAssistance","detail":2}
INST d53457e789c5d271 2016-03-24T21:09:22.100Z {"type":"click","target_tagname":"wizard","target_id":"TorNetworkSettings","detail":1}
INST d53457e789c5d271 2016-03-24T21:09:22.600Z {"type":"click","target_tagname":"label","target_id":"forAssistance","detail":1}
INST d53457e789c5d271 2016-03-24T21:09:58.300Z {"type":"click","target_tagname":"wizard","target_id":"TorNetworkSettings","detail":1}
INST d53457e789c5d271 2016-03-24T21:10:01.300Z {"type":"click","target_tagname":"vbox","target_id":"","detail":1}
INST d53457e789c5d271 2016-03-24T21:10:13.800Z {"type":"click","target_tagname":"vbox","target_id":"","detail":1}
INST d53457e789c5d271 2016-03-24T21:10:47.100Z {"type":"click","target_tagname":"vbox","target_id":"","detail":1}
INST d53457e789c5d271 2016-03-24T21:10:52.700Z {"type":"click","target_tagname":"wizard","target_id":"TorNetworkSettings","detail":1}
INST d53457e789c5d271 2016-03-24T21:10:52.700Z {"type":"wizardcancel","target_tagname":"wizard","target_id":"TorNetworkSettings"}
INST d53457e789c5d271 2016-03-24T21:10:52.700Z {"type":"command","target_tagname":"wizard","target_id":"TorNetworkSettings"}
INST d53457e789c5d271 2016-03-24T21:10:52.700Z {"type":"unload","target_id":"configuration"}
INST 3eed8b55ac25bf3a 2016-03-24T21:10:56.900Z {"type":"start"}
INST 3eed8b55ac25bf3a 2016-03-24T21:10:57.600Z {"type":"select","target_tagname":"menulist","target_id":"proxyType","value":""}
INST 3eed8b55ac25bf3a 2016-03-24T21:10:57.600Z {"type":"wizardnext","target_tagname":"wizard","target_id":"TorNetworkSettings"}
INST 3eed8b55ac25bf3a 2016-03-24T21:10:57.600Z {"type":"pageshow","target_tagname":"wizardpage","target_id":"first"}
INST 3eed8b55ac25bf3a 2016-03-24T21:10:57.600Z {"type":"load","target_id":"configuration"}
INST 3eed8b55ac25bf3a 2016-03-24T21:10:57.600Z {"type":"select","target_tagname":"menulist","target_id":"defaultBridgeType","value":"obfs3"}
INST 3eed8b55ac25bf3a 2016-03-24T21:11:00.600Z {"type":"click","target_tagname":"button","target_id":"connect_button","detail":1}
INST 3eed8b55ac25bf3a 2016-03-24T21:11:00.600Z {"type":"pagehide","target_tagname":"wizardpage","target_id":"first"}
INST 3eed8b55ac25bf3a 2016-03-24T21:11:00.600Z {"type":"pageadvanced","target_tagname":"wizardpage","target_id":"first"}
INST 3eed8b55ac25bf3a 2016-03-24T21:11:00.600Z {"type":"wizardnext","target_tagname":"wizard","target_id":"TorNetworkSettings"}
INST 3eed8b55ac25bf3a 2016-03-24T21:11:00.600Z {"type":"pageshow","target_tagname":"wizardpage","target_id":"inlineprogress"}
INST 3eed8b55ac25bf3a 2016-03-24T21:11:00.600Z {"type":"command","target_tagname":"button","target_id":"connect_button"}
INST 3eed8b55ac25bf3a 2016-03-24T21:11:01.400Z {"type":"progresschanged","target_tagname":"progressmeter","target_id":"progressMeter","value":5}
INST 3eed8b55ac25bf3a 2016-03-24T21:11:01.400Z {"type":"good","target_tagname":"image","target_id":"progressbar","configurationSettings":"nobridge-noproxy","number":1}
INST 3eed8b55ac25bf3a 2016-03-24T21:11:01.400Z {"type":"progresschanged","target_tagname":"progressmeter","target_id":"progressMeter","value":5}
INST 3eed8b55ac25bf3a 2016-03-24T21:11:01.400Z {"type":"good","target_tagname":"image","target_id":"progressbar","configurationSettings":"nobridge-noproxy","number":1}
INST 3eed8b55ac25bf3a 2016-03-24T21:11:01.400Z {"type":"progresschanged","target_tagname":"progressmeter","target_id":"progressMeter","value":5}
INST 3eed8b55ac25bf3a 2016-03-24T21:11:01.400Z {"type":"good","target_tagname":"image","target_id":"progressbar","configurationSettings":"nobridge-noproxy","number":1}
INST 3eed8b55ac25bf3a 2016-03-24T21:11:51.600Z {"type":"click","target_tagname":"vbox","target_id":"","detail":1}
INST 3eed8b55ac25bf3a 2016-03-24T21:12:02.400Z {"type":"progresschanged","target_tagname":"progressmeter","target_id":"progressMeter","value":5}
INST 3eed8b55ac25bf3a 2016-03-24T21:12:02.400Z {"type":"good","target_tagname":"image","target_id":"progressbar","configurationSettings":"nobridge-noproxy","number":1}
INST 3eed8b55ac25bf3a 2016-03-24T21:12:12.800Z {"type":"click","target_tagname":"wizard","target_id":"TorNetworkSettings","detail":1}
INST 3eed8b55ac25bf3a 2016-03-24T21:17:07.400Z {"type":"progresschanged","target_tagname":"progressmeter","target_id":"progressMeter","value":5}
INST 3eed8b55ac25bf3a 2016-03-24T21:17:07.400Z {"type":"good","target_tagname":"image","target_id":"progressbar","configurationSettings":"nobridge-noproxy","number":1}
INST 3eed8b55ac25bf3a 2016-03-24T21:27:17.400Z {"type":"progresschanged","target_tagname":"progressmeter","target_id":"progressMeter","value":5}
INST 3eed8b55ac25bf3a 2016-03-24T21:27:17.400Z {"type":"good","target_tagname":"image","target_id":"progressbar","configurationSettings":"nobridge-noproxy","number":1}
INST eb6685bf1e7e7f2b 2016-03-24T21:29:39.200Z {"type":"start"}
INST eb6685bf1e7e7f2b 2016-03-24T21:29:39.900Z {"type":"select","target_tagname":"menulist","target_id":"proxyType","value":""}
INST eb6685bf1e7e7f2b 2016-03-24T21:29:39.900Z {"type":"wizardnext","target_tagname":"wizard","target_id":"TorNetworkSettings"}
INST eb6685bf1e7e7f2b 2016-03-24T21:29:39.900Z {"type":"pageshow","target_tagname":"wizardpage","target_id":"first"}
INST eb6685bf1e7e7f2b 2016-03-24T21:29:39.900Z {"type":"load","target_id":"configuration"}
INST eb6685bf1e7e7f2b 2016-03-24T21:29:39.900Z {"type":"select","target_tagname":"menulist","target_id":"defaultBridgeType","value":"obfs3"}
INST eb6685bf1e7e7f2b 2016-03-24T21:29:45.500Z {"type":"click","target_tagname":"button","target_id":"configure_button","detail":1}
INST eb6685bf1e7e7f2b 2016-03-24T21:29:45.500Z {"type":"pagehide","target_tagname":"wizardpage","target_id":"first"}
INST eb6685bf1e7e7f2b 2016-03-24T21:29:45.500Z {"type":"pageadvanced","target_tagname":"wizardpage","target_id":"first"}
INST eb6685bf1e7e7f2b 2016-03-24T21:29:45.500Z {"type":"wizardnext","target_tagname":"wizard","target_id":"TorNetworkSettings"}
INST eb6685bf1e7e7f2b 2016-03-24T21:29:45.500Z {"type":"pageshow","target_tagname":"wizardpage","target_id":"proxy"}
INST eb6685bf1e7e7f2b 2016-03-24T21:29:45.500Z {"type":"command","target_tagname":"button","target_id":"configure_button"}
INST eb6685bf1e7e7f2b 2016-03-24T21:29:50.000Z {"type":"click","target_tagname":"wizard","target_id":"TorNetworkSettings","detail":1}
INST eb6685bf1e7e7f2b 2016-03-24T21:29:50.000Z {"type":"pagehide","target_tagname":"wizardpage","target_id":"proxy"}
INST eb6685bf1e7e7f2b 2016-03-24T21:29:50.000Z {"type":"pageadvanced","target_tagname":"wizardpage","target_id":"proxy"}
INST eb6685bf1e7e7f2b 2016-03-24T21:29:50.000Z {"type":"wizardnext","target_tagname":"wizard","target_id":"TorNetworkSettings"}
INST eb6685bf1e7e7f2b 2016-03-24T21:29:50.000Z {"type":"pageshow","target_tagname":"wizardpage","target_id":"bridges"}
INST eb6685bf1e7e7f2b 2016-03-24T21:29:50.000Z {"type":"command","target_tagname":"wizard","target_id":"TorNetworkSettings"}
INST eb6685bf1e7e7f2b 2016-03-24T21:29:55.200Z {"type":"click","target_tagname":"radio","target_id":"bridgeRadioDefault","detail":1}
INST eb6685bf1e7e7f2b 2016-03-24T21:29:55.200Z {"type":"command","target_tagname":"radio","target_id":"bridgeRadioDefault"}
INST eb6685bf1e7e7f2b 2016-03-24T21:29:57.500Z {"type":"click","target_tagname":"wizard","target_id":"TorNetworkSettings","detail":1}
INST eb6685bf1e7e7f2b 2016-03-24T21:29:57.500Z {"type":"pagehide","target_tagname":"wizardpage","target_id":"bridges"}
INST eb6685bf1e7e7f2b 2016-03-24T21:29:57.500Z {"type":"pageadvanced","target_tagname":"wizardpage","target_id":"bridges"}
INST eb6685bf1e7e7f2b 2016-03-24T21:29:57.500Z {"type":"wizardnext","target_tagname":"wizard","target_id":"TorNetworkSettings"}
INST eb6685bf1e7e7f2b 2016-03-24T21:29:57.500Z {"type":"pageshow","target_tagname":"wizardpage","target_id":"summary"}
INST eb6685bf1e7e7f2b 2016-03-24T21:29:57.500Z {"type":"command","target_tagname":"wizard","target_id":"TorNetworkSettings"}
INST eb6685bf1e7e7f2b 2016-03-24T21:30:01.400Z {"type":"pagehide","target_tagname":"wizardpage","target_id":"summary"}
INST eb6685bf1e7e7f2b 2016-03-24T21:30:01.400Z {"type":"pageadvanced","target_tagname":"wizardpage","target_id":"summary"}
INST eb6685bf1e7e7f2b 2016-03-24T21:30:01.600Z {"type":"wizardnext","target_tagname":"wizard","target_id":"TorNetworkSettings"}
INST eb6685bf1e7e7f2b 2016-03-24T21:30:01.600Z {"type":"pageshow","target_tagname":"wizardpage","target_id":"inlineprogress"}
INST eb6685bf1e7e7f2b 2016-03-24T21:30:01.600Z {"type":"click","target_tagname":"wizard","target_id":"TorNetworkSettings","detail":1}
INST eb6685bf1e7e7f2b 2016-03-24T21:30:07.700Z {"type":"progresschanged","target_tagname":"progressmeter","target_id":"progressMeter","value":5}
INST eb6685bf1e7e7f2b 2016-03-24T21:30:07.700Z {"type":"good","target_tagname":"image","target_id":"progressbar","configurationSettings":"bridge-noproxy","number":1}
INST eb6685bf1e7e7f2b 2016-03-24T21:30:07.700Z {"type":"progresschanged","target_tagname":"progressmeter","target_id":"progressMeter","value":10}
INST eb6685bf1e7e7f2b 2016-03-24T21:30:07.700Z {"type":"good","target_tagname":"image","target_id":"progressbar","configurationSettings":"bridge-noproxy","number":1}
INST eb6685bf1e7e7f2b 2016-03-24T21:30:08.800Z {"type":"progresschanged","target_tagname":"progressmeter","target_id":"progressMeter","value":15}
INST eb6685bf1e7e7f2b 2016-03-24T21:30:08.800Z {"type":"good","target_tagname":"image","target_id":"progressbar","configurationSettings":"bridge-noproxy","number":1}
INST eb6685bf1e7e7f2b 2016-03-24T21:30:09.000Z {"type":"progresschanged","target_tagname":"progressmeter","target_id":"progressMeter","value":20}
INST eb6685bf1e7e7f2b 2016-03-24T21:30:09.000Z {"type":"good","target_tagname":"image","target_id":"progressbar","configurationSettings":"bridge-noproxy","number":1}
INST eb6685bf1e7e7f2b 2016-03-24T21:30:09.600Z {"type":"progresschanged","target_tagname":"progressmeter","target_id":"progressMeter","value":25}
INST eb6685bf1e7e7f2b 2016-03-24T21:30:09.600Z {"type":"good","target_tagname":"image","target_id":"progressbar","configurationSettings":"bridge-noproxy","number":2}
INST eb6685bf1e7e7f2b 2016-03-24T21:30:11.300Z {"type":"progresschanged","target_tagname":"progressmeter","target_id":"progressMeter","value":40}
INST eb6685bf1e7e7f2b 2016-03-24T21:30:11.300Z {"type":"good","target_tagname":"image","target_id":"progressbar","configurationSettings":"bridge-noproxy","number":2}
INST eb6685bf1e7e7f2b 2016-03-24T21:30:11.900Z {"type":"progresschanged","target_tagname":"progressmeter","target_id":"progressMeter","value":45}
INST eb6685bf1e7e7f2b 2016-03-24T21:30:11.900Z {"type":"good","target_tagname":"image","target_id":"progressbar","configurationSettings":"bridge-noproxy","number":2}
INST eb6685bf1e7e7f2b 2016-03-24T21:30:12.200Z {"type":"progresschanged","target_tagname":"progressmeter","target_id":"progressMeter","value":50}
INST eb6685bf1e7e7f2b 2016-03-24T21:30:12.200Z {"type":"good","target_tagname":"image","target_id":"progressbar","configurationSettings":"bridge-noproxy","number":2}
INST eb6685bf1e7e7f2b 2016-03-24T21:30:13.100Z {"type":"progresschanged","target_tagname":"progressmeter","target_id":"progressMeter","value":51}
INST eb6685bf1e7e7f2b 2016-03-24T21:30:13.100Z {"type":"good","target_tagname":"image","target_id":"progressbar","configurationSettings":"bridge-noproxy","number":2}
INST eb6685bf1e7e7f2b 2016-03-24T21:30:13.300Z {"type":"progresschanged","target_tagname":"progressmeter","target_id":"progressMeter","value":52}
INST eb6685bf1e7e7f2b 2016-03-24T21:30:13.300Z {"type":"good","target_tagname":"image","target_id":"progressbar","configurationSettings":"bridge-noproxy","number":2}
INST eb6685bf1e7e7f2b 2016-03-24T21:30:13.300Z {"type":"progresschanged","target_tagname":"progressmeter","target_id":"progressMeter","value":54}
INST eb6685bf1e7e7f2b 2016-03-24T21:30:13.300Z {"type":"good","target_tagname":"image","target_id":"progressbar","configurationSettings":"bridge-noproxy","number":2}
INST eb6685bf1e7e7f2b 2016-03-24T21:30:13.400Z {"type":"progresschanged","target_tagname":"progressmeter","target_id":"progressMeter","value":56}
INST eb6685bf1e7e7f2b 2016-03-24T21:30:13.400Z {"type":"good","target_tagname":"image","target_id":"progressbar","configurationSettings":"bridge-noproxy","number":2}
INST eb6685bf1e7e7f2b 2016-03-24T21:30:13.400Z {"type":"progresschanged","target_tagname":"progressmeter","target_id":"progressMeter","value":59}
INST eb6685bf1e7e7f2b 2016-03-24T21:30:13.400Z {"type":"good","target_tagname":"image","target_id":"progressbar","configurationSettings":"bridge-noproxy","number":2}
INST eb6685bf1e7e7f2b 2016-03-24T21:30:13.400Z {"type":"progresschanged","target_tagname":"progressmeter","target_id":"progressMeter","value":64}
INST eb6685bf1e7e7f2b 2016-03-24T21:30:13.400Z {"type":"good","target_tagname":"image","target_id":"progressbar","configurationSettings":"bridge-noproxy","number":2}
INST eb6685bf1e7e7f2b 2016-03-24T21:30:13.500Z {"type":"progresschanged","target_tagname":"progressmeter","target_id":"progressMeter","value":69}
INST eb6685bf1e7e7f2b 2016-03-24T21:30:13.500Z {"type":"good","target_tagname":"image","target_id":"progressbar","configurationSettings":"bridge-noproxy","number":2}
INST eb6685bf1e7e7f2b 2016-03-24T21:30:13.500Z {"type":"progresschanged","target_tagname":"progressmeter","target_id":"progressMeter","value":75}
INST eb6685bf1e7e7f2b 2016-03-24T21:30:13.500Z {"type":"good","target_tagname":"image","target_id":"progressbar","configurationSettings":"bridge-noproxy","number":2}
INST eb6685bf1e7e7f2b 2016-03-24T21:30:13.800Z {"type":"progresschanged","target_tagname":"progressmeter","target_id":"progressMeter","value":80}
INST eb6685bf1e7e7f2b 2016-03-24T21:30:13.800Z {"type":"good","target_tagname":"image","target_id":"progressbar","configurationSettings":"bridge-noproxy","number":2}
INST eb6685bf1e7e7f2b 2016-03-24T21:30:13.800Z {"type":"progresschanged","target_tagname":"progressmeter","target_id":"progressMeter","value":90}
INST eb6685bf1e7e7f2b 2016-03-24T21:30:13.800Z {"type":"good","target_tagname":"image","target_id":"progressbar","configurationSettings":"bridge-noproxy","number":3}
INST eb6685bf1e7e7f2b 2016-03-24T21:30:15.800Z {"type":"progresschanged","target_tagname":"progressmeter","target_id":"progressMeter","value":100}
INST eb6685bf1e7e7f2b 2016-03-24T21:30:15.800Z {"type":"good","target_tagname":"image","target_id":"progressbar","configurationSettings":"bridge-noproxy","number":4}
INST eb6685bf1e7e7f2b 2016-03-24T21:30:16.100Z {"type":"unload","target_id":"configuration"}
