INST e831ebef827be589 2016-04-01T01:06:30.700Z {"type":"start"}
INST e831ebef827be589 2016-04-01T01:06:31.600Z {"type":"select","target_tagname":"menulist","target_id":"proxyType","value":""}
INST e831ebef827be589 2016-04-01T01:06:31.600Z {"type":"wizardnext","target_tagname":"wizard","target_id":"TorNetworkSettings"}
INST e831ebef827be589 2016-04-01T01:06:31.600Z {"type":"pageshow","target_tagname":"wizardpage","target_id":"first"}
INST e831ebef827be589 2016-04-01T01:06:31.600Z {"type":"load","target_id":"configuration"}
INST e831ebef827be589 2016-04-01T01:06:31.600Z {"type":"select","target_tagname":"menulist","target_id":"defaultBridgeType","value":"obfs3"}
INST e831ebef827be589 2016-04-01T01:06:38.300Z {"type":"click","target_tagname":"button","target_id":"connect_button","detail":1}
INST e831ebef827be589 2016-04-01T01:06:38.300Z {"type":"pagehide","target_tagname":"wizardpage","target_id":"first"}
INST e831ebef827be589 2016-04-01T01:06:38.300Z {"type":"pageadvanced","target_tagname":"wizardpage","target_id":"first"}
INST e831ebef827be589 2016-04-01T01:06:38.300Z {"type":"wizardnext","target_tagname":"wizard","target_id":"TorNetworkSettings"}
INST e831ebef827be589 2016-04-01T01:06:38.300Z {"type":"pageshow","target_tagname":"wizardpage","target_id":"inlineprogress"}
INST e831ebef827be589 2016-04-01T01:06:38.300Z {"type":"command","target_tagname":"button","target_id":"connect_button"}
INST e831ebef827be589 2016-04-01T01:06:39.300Z {"type":"progresschanged","target_tagname":"progressmeter","target_id":"progressMeter","value":5}
INST e831ebef827be589 2016-04-01T01:06:39.300Z {"type":"good","target_tagname":"image","target_id":"progressbar","configurationSettings":"nobridge-noproxy","number":1}
INST e831ebef827be589 2016-04-01T01:06:39.300Z {"type":"progresschanged","target_tagname":"progressmeter","target_id":"progressMeter","value":5}
INST e831ebef827be589 2016-04-01T01:06:39.300Z {"type":"good","target_tagname":"image","target_id":"progressbar","configurationSettings":"nobridge-noproxy","number":1}
INST e831ebef827be589 2016-04-01T01:06:39.300Z {"type":"progresschanged","target_tagname":"progressmeter","target_id":"progressMeter","value":5}
INST e831ebef827be589 2016-04-01T01:06:39.300Z {"type":"good","target_tagname":"image","target_id":"progressbar","configurationSettings":"nobridge-noproxy","number":1}
INST e831ebef827be589 2016-04-01T01:07:40.300Z {"type":"progresschanged","target_tagname":"progressmeter","target_id":"progressMeter","value":5}
INST e831ebef827be589 2016-04-01T01:07:40.300Z {"type":"good","target_tagname":"image","target_id":"progressbar","configurationSettings":"nobridge-noproxy","number":1}
INST e831ebef827be589 2016-04-01T01:10:44.900Z {"type":"click","target_tagname":"image","target_id":"progressbar","detail":1}
INST 900f59f5523ac2a1 2016-04-01T01:11:13.900Z {"type":"start"}
INST 900f59f5523ac2a1 2016-04-01T01:11:14.600Z {"type":"select","target_tagname":"menulist","target_id":"proxyType","value":""}
INST 900f59f5523ac2a1 2016-04-01T01:11:14.600Z {"type":"wizardnext","target_tagname":"wizard","target_id":"TorNetworkSettings"}
INST 900f59f5523ac2a1 2016-04-01T01:11:14.600Z {"type":"pageshow","target_tagname":"wizardpage","target_id":"first"}
INST 900f59f5523ac2a1 2016-04-01T01:11:14.700Z {"type":"load","target_id":"configuration"}
INST 900f59f5523ac2a1 2016-04-01T01:11:14.700Z {"type":"select","target_tagname":"menulist","target_id":"defaultBridgeType","value":"obfs3"}
INST 900f59f5523ac2a1 2016-04-01T01:11:19.600Z {"type":"click","target_tagname":"button","target_id":"connect_button","detail":1}
INST 900f59f5523ac2a1 2016-04-01T01:11:19.600Z {"type":"pagehide","target_tagname":"wizardpage","target_id":"first"}
INST 900f59f5523ac2a1 2016-04-01T01:11:19.600Z {"type":"pageadvanced","target_tagname":"wizardpage","target_id":"first"}
INST 900f59f5523ac2a1 2016-04-01T01:11:19.600Z {"type":"wizardnext","target_tagname":"wizard","target_id":"TorNetworkSettings"}
INST 900f59f5523ac2a1 2016-04-01T01:11:19.600Z {"type":"pageshow","target_tagname":"wizardpage","target_id":"inlineprogress"}
INST 900f59f5523ac2a1 2016-04-01T01:11:19.600Z {"type":"command","target_tagname":"button","target_id":"connect_button"}
INST 900f59f5523ac2a1 2016-04-01T01:11:20.400Z {"type":"progresschanged","target_tagname":"progressmeter","target_id":"progressMeter","value":5}
INST 900f59f5523ac2a1 2016-04-01T01:11:20.400Z {"type":"good","target_tagname":"image","target_id":"progressbar","configurationSettings":"nobridge-noproxy","number":1}
INST 900f59f5523ac2a1 2016-04-01T01:11:20.400Z {"type":"progresschanged","target_tagname":"progressmeter","target_id":"progressMeter","value":5}
INST 900f59f5523ac2a1 2016-04-01T01:11:20.400Z {"type":"good","target_tagname":"image","target_id":"progressbar","configurationSettings":"nobridge-noproxy","number":1}
INST 900f59f5523ac2a1 2016-04-01T01:11:20.400Z {"type":"progresschanged","target_tagname":"progressmeter","target_id":"progressMeter","value":5}
INST 900f59f5523ac2a1 2016-04-01T01:11:20.400Z {"type":"good","target_tagname":"image","target_id":"progressbar","configurationSettings":"nobridge-noproxy","number":1}
INST 900f59f5523ac2a1 2016-04-01T01:12:21.400Z {"type":"progresschanged","target_tagname":"progressmeter","target_id":"progressMeter","value":5}
INST 900f59f5523ac2a1 2016-04-01T01:12:21.400Z {"type":"good","target_tagname":"image","target_id":"progressbar","configurationSettings":"nobridge-noproxy","number":1}
INST 900f59f5523ac2a1 2016-04-01T01:12:35.500Z {"type":"click","target_tagname":"wizard","target_id":"TorNetworkSettings","detail":1}
INST ffac774d5bce37be 2016-04-01T01:12:51.100Z {"type":"start"}
INST ffac774d5bce37be 2016-04-01T01:12:51.800Z {"type":"select","target_tagname":"menulist","target_id":"proxyType","value":""}
INST ffac774d5bce37be 2016-04-01T01:12:51.800Z {"type":"wizardnext","target_tagname":"wizard","target_id":"TorNetworkSettings"}
INST ffac774d5bce37be 2016-04-01T01:12:51.800Z {"type":"pageshow","target_tagname":"wizardpage","target_id":"first"}
INST ffac774d5bce37be 2016-04-01T01:12:51.900Z {"type":"load","target_id":"configuration"}
INST ffac774d5bce37be 2016-04-01T01:12:51.900Z {"type":"select","target_tagname":"menulist","target_id":"defaultBridgeType","value":"obfs3"}
INST ffac774d5bce37be 2016-04-01T01:12:54.500Z {"type":"wizardcancel","target_tagname":"wizard","target_id":"TorNetworkSettings"}
INST ffac774d5bce37be 2016-04-01T01:12:54.500Z {"type":"unload","target_id":"configuration"}
INST 4dab1b3064df088b 2016-04-01T01:12:56.400Z {"type":"start"}
INST 4dab1b3064df088b 2016-04-01T01:12:57.100Z {"type":"select","target_tagname":"menulist","target_id":"proxyType","value":""}
INST 4dab1b3064df088b 2016-04-01T01:12:57.100Z {"type":"wizardnext","target_tagname":"wizard","target_id":"TorNetworkSettings"}
INST 4dab1b3064df088b 2016-04-01T01:12:57.100Z {"type":"pageshow","target_tagname":"wizardpage","target_id":"first"}
INST 4dab1b3064df088b 2016-04-01T01:12:57.100Z {"type":"load","target_id":"configuration"}
INST 4dab1b3064df088b 2016-04-01T01:12:57.100Z {"type":"select","target_tagname":"menulist","target_id":"defaultBridgeType","value":"obfs3"}
INST 4dab1b3064df088b 2016-04-01T01:12:59.600Z {"type":"click","target_tagname":"button","target_id":"connect_button","detail":1}
INST 4dab1b3064df088b 2016-04-01T01:12:59.600Z {"type":"pagehide","target_tagname":"wizardpage","target_id":"first"}
INST 4dab1b3064df088b 2016-04-01T01:12:59.600Z {"type":"pageadvanced","target_tagname":"wizardpage","target_id":"first"}
INST 4dab1b3064df088b 2016-04-01T01:12:59.600Z {"type":"wizardnext","target_tagname":"wizard","target_id":"TorNetworkSettings"}
INST 4dab1b3064df088b 2016-04-01T01:12:59.600Z {"type":"pageshow","target_tagname":"wizardpage","target_id":"inlineprogress"}
INST 4dab1b3064df088b 2016-04-01T01:12:59.600Z {"type":"command","target_tagname":"button","target_id":"connect_button"}
INST 4dab1b3064df088b 2016-04-01T01:12:59.900Z {"type":"progresschanged","target_tagname":"progressmeter","target_id":"progressMeter","value":5}
INST 4dab1b3064df088b 2016-04-01T01:12:59.900Z {"type":"good","target_tagname":"image","target_id":"progressbar","configurationSettings":"nobridge-noproxy","number":1}
INST 4dab1b3064df088b 2016-04-01T01:12:59.900Z {"type":"progresschanged","target_tagname":"progressmeter","target_id":"progressMeter","value":5}
INST 4dab1b3064df088b 2016-04-01T01:12:59.900Z {"type":"good","target_tagname":"image","target_id":"progressbar","configurationSettings":"nobridge-noproxy","number":1}
INST 4dab1b3064df088b 2016-04-01T01:12:59.900Z {"type":"progresschanged","target_tagname":"progressmeter","target_id":"progressMeter","value":5}
INST 4dab1b3064df088b 2016-04-01T01:12:59.900Z {"type":"good","target_tagname":"image","target_id":"progressbar","configurationSettings":"nobridge-noproxy","number":1}
INST 4dab1b3064df088b 2016-04-01T01:14:00.900Z {"type":"progresschanged","target_tagname":"progressmeter","target_id":"progressMeter","value":5}
INST 4dab1b3064df088b 2016-04-01T01:14:00.900Z {"type":"good","target_tagname":"image","target_id":"progressbar","configurationSettings":"nobridge-noproxy","number":1}
INST 4dab1b3064df088b 2016-04-01T01:16:06.400Z {"type":"click","target_tagname":"vbox","target_id":"","detail":1}
INST 4dab1b3064df088b 2016-04-01T01:16:06.900Z {"type":"click","target_tagname":"vbox","target_id":"","detail":1}
INST 4dab1b3064df088b 2016-04-01T01:16:07.100Z {"type":"click","target_tagname":"vbox","target_id":"","detail":2}
INST 4dab1b3064df088b 2016-04-01T01:16:07.300Z {"type":"click","target_tagname":"vbox","target_id":"","detail":3}
INST 4dab1b3064df088b 2016-04-01T01:16:07.700Z {"type":"click","target_tagname":"wizardpage","target_id":"inlineprogress","detail":1}
INST 4dab1b3064df088b 2016-04-01T01:16:07.900Z {"type":"click","target_tagname":"wizardpage","target_id":"inlineprogress","detail":1}
INST 4dab1b3064df088b 2016-04-01T01:16:08.500Z {"type":"click","target_tagname":"image","target_id":"progressbar","detail":1}
INST 4dab1b3064df088b 2016-04-01T01:16:08.700Z {"type":"click","target_tagname":"image","target_id":"progressbar","detail":2}
INST 4dab1b3064df088b 2016-04-01T01:16:09.000Z {"type":"click","target_tagname":"image","target_id":"progressbar","detail":1}
INST 4dab1b3064df088b 2016-04-01T01:16:09.300Z {"type":"click","target_tagname":"image","target_id":"progressbar","detail":1}
INST 4dab1b3064df088b 2016-04-01T01:16:09.700Z {"type":"click","target_tagname":"image","target_id":"progressbar","detail":1}
INST 4dab1b3064df088b 2016-04-01T01:16:10.100Z {"type":"click","target_tagname":"vbox","target_id":"","detail":1}
INST 4dab1b3064df088b 2016-04-01T01:16:10.300Z {"type":"click","target_tagname":"vbox","target_id":"","detail":2}
INST 4dab1b3064df088b 2016-04-01T01:16:10.500Z {"type":"click","target_tagname":"vbox","target_id":"","detail":1}
INST 4dab1b3064df088b 2016-04-01T01:16:10.700Z {"type":"click","target_tagname":"vbox","target_id":"","detail":1}
INST 4dab1b3064df088b 2016-04-01T01:16:11.000Z {"type":"click","target_tagname":"label","target_id":"progressProxy","detail":1}
INST 4dab1b3064df088b 2016-04-01T01:16:11.200Z {"type":"click","target_tagname":"label","target_id":"progressProxy","detail":2}
INST 4dab1b3064df088b 2016-04-01T01:16:11.400Z {"type":"click","target_tagname":"label","target_id":"progressProxy","detail":1}
INST 4dab1b3064df088b 2016-04-01T01:16:11.900Z {"type":"click","target_tagname":"wizardpage","target_id":"inlineprogress","detail":1}
INST 4dab1b3064df088b 2016-04-01T01:16:12.100Z {"type":"click","target_tagname":"wizard","target_id":"TorNetworkSettings","detail":1}
INST 399338d814911ae0 2016-04-01T01:16:27.300Z {"type":"start"}
INST 399338d814911ae0 2016-04-01T01:16:27.400Z {"type":"select","target_tagname":"menulist","target_id":"proxyType","value":""}
INST 399338d814911ae0 2016-04-01T01:16:27.400Z {"type":"wizardnext","target_tagname":"wizard","target_id":"TorNetworkSettings"}
INST 399338d814911ae0 2016-04-01T01:16:27.400Z {"type":"pageshow","target_tagname":"wizardpage","target_id":"first"}
INST 399338d814911ae0 2016-04-01T01:16:28.000Z {"type":"load","target_id":"configuration"}
INST 399338d814911ae0 2016-04-01T01:16:28.000Z {"type":"select","target_tagname":"menulist","target_id":"defaultBridgeType","value":"obfs3"}
INST 399338d814911ae0 2016-04-01T01:16:29.500Z {"type":"click","target_tagname":"button","target_id":"configure_button","detail":1}
INST 399338d814911ae0 2016-04-01T01:16:29.500Z {"type":"pagehide","target_tagname":"wizardpage","target_id":"first"}
INST 399338d814911ae0 2016-04-01T01:16:29.500Z {"type":"pageadvanced","target_tagname":"wizardpage","target_id":"first"}
INST 399338d814911ae0 2016-04-01T01:16:29.500Z {"type":"wizardnext","target_tagname":"wizard","target_id":"TorNetworkSettings"}
INST 399338d814911ae0 2016-04-01T01:16:29.500Z {"type":"pageshow","target_tagname":"wizardpage","target_id":"proxy"}
INST 399338d814911ae0 2016-04-01T01:16:29.500Z {"type":"command","target_tagname":"button","target_id":"configure_button"}
INST 399338d814911ae0 2016-04-01T01:16:33.000Z {"type":"click","target_tagname":"wizard","target_id":"TorNetworkSettings","detail":1}
INST 399338d814911ae0 2016-04-01T01:16:33.000Z {"type":"pagehide","target_tagname":"wizardpage","target_id":"proxy"}
INST 399338d814911ae0 2016-04-01T01:16:33.000Z {"type":"pageadvanced","target_tagname":"wizardpage","target_id":"proxy"}
INST 399338d814911ae0 2016-04-01T01:16:33.000Z {"type":"wizardnext","target_tagname":"wizard","target_id":"TorNetworkSettings"}
INST 399338d814911ae0 2016-04-01T01:16:33.000Z {"type":"pageshow","target_tagname":"wizardpage","target_id":"bridges"}
INST 399338d814911ae0 2016-04-01T01:16:33.000Z {"type":"command","target_tagname":"wizard","target_id":"TorNetworkSettings"}
INST 399338d814911ae0 2016-04-01T01:16:34.300Z {"type":"click","target_tagname":"wizard","target_id":"TorNetworkSettings","detail":1}
INST 399338d814911ae0 2016-04-01T01:16:34.300Z {"type":"pagehide","target_tagname":"wizardpage","target_id":"bridges"}
INST 399338d814911ae0 2016-04-01T01:16:34.300Z {"type":"pageadvanced","target_tagname":"wizardpage","target_id":"bridges"}
INST 399338d814911ae0 2016-04-01T01:16:34.300Z {"type":"wizardnext","target_tagname":"wizard","target_id":"TorNetworkSettings"}
INST 399338d814911ae0 2016-04-01T01:16:34.300Z {"type":"pageshow","target_tagname":"wizardpage","target_id":"summary"}
INST 399338d814911ae0 2016-04-01T01:16:34.300Z {"type":"command","target_tagname":"wizard","target_id":"TorNetworkSettings"}
INST 399338d814911ae0 2016-04-01T01:16:37.200Z {"type":"pagehide","target_tagname":"wizardpage","target_id":"summary"}
INST 399338d814911ae0 2016-04-01T01:16:37.200Z {"type":"pageadvanced","target_tagname":"wizardpage","target_id":"summary"}
INST 399338d814911ae0 2016-04-01T01:16:37.200Z {"type":"wizardnext","target_tagname":"wizard","target_id":"TorNetworkSettings"}
INST 399338d814911ae0 2016-04-01T01:16:37.200Z {"type":"pageshow","target_tagname":"wizardpage","target_id":"inlineprogress"}
INST 399338d814911ae0 2016-04-01T01:16:37.200Z {"type":"click","target_tagname":"wizard","target_id":"TorNetworkSettings","detail":1}
INST 399338d814911ae0 2016-04-01T01:16:37.800Z {"type":"progresschanged","target_tagname":"progressmeter","target_id":"progressMeter","value":5}
INST 399338d814911ae0 2016-04-01T01:16:37.800Z {"type":"good","target_tagname":"image","target_id":"progressbar","configurationSettings":"nobridge-noproxy","number":1}
INST 399338d814911ae0 2016-04-01T01:16:37.800Z {"type":"progresschanged","target_tagname":"progressmeter","target_id":"progressMeter","value":5}
INST 399338d814911ae0 2016-04-01T01:16:37.800Z {"type":"good","target_tagname":"image","target_id":"progressbar","configurationSettings":"nobridge-noproxy","number":1}
INST 399338d814911ae0 2016-04-01T01:16:37.800Z {"type":"progresschanged","target_tagname":"progressmeter","target_id":"progressMeter","value":5}
INST 399338d814911ae0 2016-04-01T01:16:37.800Z {"type":"good","target_tagname":"image","target_id":"progressbar","configurationSettings":"nobridge-noproxy","number":1}
INST 399338d814911ae0 2016-04-01T01:17:38.800Z {"type":"progresschanged","target_tagname":"progressmeter","target_id":"progressMeter","value":5}
INST 399338d814911ae0 2016-04-01T01:17:38.800Z {"type":"good","target_tagname":"image","target_id":"progressbar","configurationSettings":"nobridge-noproxy","number":1}
INST 399338d814911ae0 2016-04-01T01:18:06.800Z {"type":"click","target_tagname":"vbox","target_id":"","detail":1}
INST 399338d814911ae0 2016-04-01T01:18:07.000Z {"type":"click","target_tagname":"vbox","target_id":"","detail":2}
INST 399338d814911ae0 2016-04-01T01:18:07.300Z {"type":"click","target_tagname":"wizardpage","target_id":"inlineprogress","detail":2}
INST 399338d814911ae0 2016-04-01T01:18:07.500Z {"type":"click","target_tagname":"wizardpage","target_id":"inlineprogress","detail":3}
INST 5fbf6bfb98d72c1e 2016-04-01T01:18:20.300Z {"type":"start"}
INST 5fbf6bfb98d72c1e 2016-04-01T01:18:21.000Z {"type":"select","target_tagname":"menulist","target_id":"proxyType","value":""}
INST 5fbf6bfb98d72c1e 2016-04-01T01:18:21.000Z {"type":"wizardnext","target_tagname":"wizard","target_id":"TorNetworkSettings"}
INST 5fbf6bfb98d72c1e 2016-04-01T01:18:21.000Z {"type":"pageshow","target_tagname":"wizardpage","target_id":"first"}
INST 5fbf6bfb98d72c1e 2016-04-01T01:18:21.000Z {"type":"load","target_id":"configuration"}
INST 5fbf6bfb98d72c1e 2016-04-01T01:18:21.000Z {"type":"select","target_tagname":"menulist","target_id":"defaultBridgeType","value":"obfs3"}
INST 5fbf6bfb98d72c1e 2016-04-01T01:18:22.400Z {"type":"click","target_tagname":"button","target_id":"configure_button","detail":1}
INST 5fbf6bfb98d72c1e 2016-04-01T01:18:22.400Z {"type":"pagehide","target_tagname":"wizardpage","target_id":"first"}
INST 5fbf6bfb98d72c1e 2016-04-01T01:18:22.400Z {"type":"pageadvanced","target_tagname":"wizardpage","target_id":"first"}
INST 5fbf6bfb98d72c1e 2016-04-01T01:18:22.400Z {"type":"wizardnext","target_tagname":"wizard","target_id":"TorNetworkSettings"}
INST 5fbf6bfb98d72c1e 2016-04-01T01:18:22.400Z {"type":"pageshow","target_tagname":"wizardpage","target_id":"proxy"}
INST 5fbf6bfb98d72c1e 2016-04-01T01:18:22.400Z {"type":"command","target_tagname":"button","target_id":"configure_button"}
INST 5fbf6bfb98d72c1e 2016-04-01T01:18:24.400Z {"type":"click","target_tagname":"radio","target_id":"proxyRadioWith","detail":1}
INST 5fbf6bfb98d72c1e 2016-04-01T01:18:24.400Z {"type":"command","target_tagname":"radio","target_id":"proxyRadioWith"}
INST 5fbf6bfb98d72c1e 2016-04-01T01:18:26.000Z {"type":"click","target_tagname":"radio","target_id":"proxyRadioWithout","detail":1}
INST 5fbf6bfb98d72c1e 2016-04-01T01:18:26.000Z {"type":"command","target_tagname":"radio","target_id":"proxyRadioWithout"}
INST 5fbf6bfb98d72c1e 2016-04-01T01:18:27.700Z {"type":"click","target_tagname":"wizard","target_id":"TorNetworkSettings","detail":1}
INST 5fbf6bfb98d72c1e 2016-04-01T01:18:27.700Z {"type":"pagehide","target_tagname":"wizardpage","target_id":"proxy"}
INST 5fbf6bfb98d72c1e 2016-04-01T01:18:27.700Z {"type":"pageadvanced","target_tagname":"wizardpage","target_id":"proxy"}
INST 5fbf6bfb98d72c1e 2016-04-01T01:18:27.700Z {"type":"wizardnext","target_tagname":"wizard","target_id":"TorNetworkSettings"}
INST 5fbf6bfb98d72c1e 2016-04-01T01:18:27.700Z {"type":"pageshow","target_tagname":"wizardpage","target_id":"bridges"}
INST 5fbf6bfb98d72c1e 2016-04-01T01:18:27.700Z {"type":"command","target_tagname":"wizard","target_id":"TorNetworkSettings"}
INST 5fbf6bfb98d72c1e 2016-04-01T01:18:30.600Z {"type":"click","target_tagname":"radio","target_id":"bridgeRadioDefault","detail":1}
INST 5fbf6bfb98d72c1e 2016-04-01T01:18:30.600Z {"type":"command","target_tagname":"radio","target_id":"bridgeRadioDefault"}
INST 5fbf6bfb98d72c1e 2016-04-01T01:18:34.900Z {"type":"click","target_tagname":"wizard","target_id":"TorNetworkSettings","detail":1}
INST 5fbf6bfb98d72c1e 2016-04-01T01:18:34.900Z {"type":"pagehide","target_tagname":"wizardpage","target_id":"bridges"}
INST 5fbf6bfb98d72c1e 2016-04-01T01:18:34.900Z {"type":"pageadvanced","target_tagname":"wizardpage","target_id":"bridges"}
INST 5fbf6bfb98d72c1e 2016-04-01T01:18:34.900Z {"type":"wizardnext","target_tagname":"wizard","target_id":"TorNetworkSettings"}
INST 5fbf6bfb98d72c1e 2016-04-01T01:18:34.900Z {"type":"pageshow","target_tagname":"wizardpage","target_id":"summary"}
INST 5fbf6bfb98d72c1e 2016-04-01T01:18:34.900Z {"type":"command","target_tagname":"wizard","target_id":"TorNetworkSettings"}
INST 5fbf6bfb98d72c1e 2016-04-01T01:18:37.300Z {"type":"pagehide","target_tagname":"wizardpage","target_id":"summary"}
INST 5fbf6bfb98d72c1e 2016-04-01T01:18:37.300Z {"type":"pageadvanced","target_tagname":"wizardpage","target_id":"summary"}
INST 5fbf6bfb98d72c1e 2016-04-01T01:18:37.400Z {"type":"wizardnext","target_tagname":"wizard","target_id":"TorNetworkSettings"}
INST 5fbf6bfb98d72c1e 2016-04-01T01:18:37.400Z {"type":"pageshow","target_tagname":"wizardpage","target_id":"inlineprogress"}
INST 5fbf6bfb98d72c1e 2016-04-01T01:18:37.400Z {"type":"click","target_tagname":"wizard","target_id":"TorNetworkSettings","detail":1}
INST 5fbf6bfb98d72c1e 2016-04-01T01:18:43.800Z {"type":"progresschanged","target_tagname":"progressmeter","target_id":"progressMeter","value":5}
INST 5fbf6bfb98d72c1e 2016-04-01T01:18:43.800Z {"type":"good","target_tagname":"image","target_id":"progressbar","configurationSettings":"bridge-noproxy","number":1}
INST 5fbf6bfb98d72c1e 2016-04-01T01:18:43.800Z {"type":"progresschanged","target_tagname":"progressmeter","target_id":"progressMeter","value":10}
INST 5fbf6bfb98d72c1e 2016-04-01T01:18:43.800Z {"type":"good","target_tagname":"image","target_id":"progressbar","configurationSettings":"bridge-noproxy","number":1}
INST 5fbf6bfb98d72c1e 2016-04-01T01:18:46.100Z {"type":"progresschanged","target_tagname":"progressmeter","target_id":"progressMeter","value":15}
INST 5fbf6bfb98d72c1e 2016-04-01T01:18:46.100Z {"type":"good","target_tagname":"image","target_id":"progressbar","configurationSettings":"bridge-noproxy","number":1}
INST 5fbf6bfb98d72c1e 2016-04-01T01:18:46.400Z {"type":"progresschanged","target_tagname":"progressmeter","target_id":"progressMeter","value":20}
INST 5fbf6bfb98d72c1e 2016-04-01T01:18:46.400Z {"type":"good","target_tagname":"image","target_id":"progressbar","configurationSettings":"bridge-noproxy","number":1}
INST 5fbf6bfb98d72c1e 2016-04-01T01:18:48.000Z {"type":"progresschanged","target_tagname":"progressmeter","target_id":"progressMeter","value":25}
INST 5fbf6bfb98d72c1e 2016-04-01T01:18:48.000Z {"type":"good","target_tagname":"image","target_id":"progressbar","configurationSettings":"bridge-noproxy","number":2}
INST 5fbf6bfb98d72c1e 2016-04-01T01:18:56.200Z {"type":"progresschanged","target_tagname":"progressmeter","target_id":"progressMeter","value":40}
INST 5fbf6bfb98d72c1e 2016-04-01T01:18:56.200Z {"type":"good","target_tagname":"image","target_id":"progressbar","configurationSettings":"bridge-noproxy","number":2}
INST 5fbf6bfb98d72c1e 2016-04-01T01:18:56.900Z {"type":"progresschanged","target_tagname":"progressmeter","target_id":"progressMeter","value":45}
INST 5fbf6bfb98d72c1e 2016-04-01T01:18:56.900Z {"type":"good","target_tagname":"image","target_id":"progressbar","configurationSettings":"bridge-noproxy","number":2}
INST 5fbf6bfb98d72c1e 2016-04-01T01:18:57.100Z {"type":"progresschanged","target_tagname":"progressmeter","target_id":"progressMeter","value":50}
INST 5fbf6bfb98d72c1e 2016-04-01T01:18:57.100Z {"type":"good","target_tagname":"image","target_id":"progressbar","configurationSettings":"bridge-noproxy","number":2}
INST 5fbf6bfb98d72c1e 2016-04-01T01:18:58.100Z {"type":"progresschanged","target_tagname":"progressmeter","target_id":"progressMeter","value":51}
INST 5fbf6bfb98d72c1e 2016-04-01T01:18:58.100Z {"type":"good","target_tagname":"image","target_id":"progressbar","configurationSettings":"bridge-noproxy","number":2}
INST 5fbf6bfb98d72c1e 2016-04-01T01:18:58.100Z {"type":"progresschanged","target_tagname":"progressmeter","target_id":"progressMeter","value":52}
INST 5fbf6bfb98d72c1e 2016-04-01T01:18:58.100Z {"type":"good","target_tagname":"image","target_id":"progressbar","configurationSettings":"bridge-noproxy","number":2}
INST 5fbf6bfb98d72c1e 2016-04-01T01:18:58.200Z {"type":"progresschanged","target_tagname":"progressmeter","target_id":"progressMeter","value":54}
INST 5fbf6bfb98d72c1e 2016-04-01T01:18:58.200Z {"type":"good","target_tagname":"image","target_id":"progressbar","configurationSettings":"bridge-noproxy","number":2}
INST 5fbf6bfb98d72c1e 2016-04-01T01:18:58.200Z {"type":"progresschanged","target_tagname":"progressmeter","target_id":"progressMeter","value":56}
INST 5fbf6bfb98d72c1e 2016-04-01T01:18:58.200Z {"type":"good","target_tagname":"image","target_id":"progressbar","configurationSettings":"bridge-noproxy","number":2}
INST 5fbf6bfb98d72c1e 2016-04-01T01:18:58.400Z {"type":"progresschanged","target_tagname":"progressmeter","target_id":"progressMeter","value":59}
INST 5fbf6bfb98d72c1e 2016-04-01T01:18:58.400Z {"type":"good","target_tagname":"image","target_id":"progressbar","configurationSettings":"bridge-noproxy","number":2}
INST 5fbf6bfb98d72c1e 2016-04-01T01:18:58.600Z {"type":"progresschanged","target_tagname":"progressmeter","target_id":"progressMeter","value":63}
INST 5fbf6bfb98d72c1e 2016-04-01T01:18:58.600Z {"type":"good","target_tagname":"image","target_id":"progressbar","configurationSettings":"bridge-noproxy","number":2}
INST 5fbf6bfb98d72c1e 2016-04-01T01:18:59.100Z {"type":"progresschanged","target_tagname":"progressmeter","target_id":"progressMeter","value":67}
INST 5fbf6bfb98d72c1e 2016-04-01T01:18:59.100Z {"type":"good","target_tagname":"image","target_id":"progressbar","configurationSettings":"bridge-noproxy","number":2}
INST 5fbf6bfb98d72c1e 2016-04-01T01:19:00.400Z {"type":"progresschanged","target_tagname":"progressmeter","target_id":"progressMeter","value":73}
INST 5fbf6bfb98d72c1e 2016-04-01T01:19:00.400Z {"type":"good","target_tagname":"image","target_id":"progressbar","configurationSettings":"bridge-noproxy","number":2}
INST 5fbf6bfb98d72c1e 2016-04-01T01:19:00.700Z {"type":"progresschanged","target_tagname":"progressmeter","target_id":"progressMeter","value":74}
INST 5fbf6bfb98d72c1e 2016-04-01T01:19:00.700Z {"type":"good","target_tagname":"image","target_id":"progressbar","configurationSettings":"bridge-noproxy","number":2}
INST 5fbf6bfb98d72c1e 2016-04-01T01:19:00.900Z {"type":"progresschanged","target_tagname":"progressmeter","target_id":"progressMeter","value":80}
INST 5fbf6bfb98d72c1e 2016-04-01T01:19:00.900Z {"type":"good","target_tagname":"image","target_id":"progressbar","configurationSettings":"bridge-noproxy","number":2}
INST 5fbf6bfb98d72c1e 2016-04-01T01:19:00.900Z {"type":"progresschanged","target_tagname":"progressmeter","target_id":"progressMeter","value":90}
INST 5fbf6bfb98d72c1e 2016-04-01T01:19:00.900Z {"type":"good","target_tagname":"image","target_id":"progressbar","configurationSettings":"bridge-noproxy","number":3}
INST 5fbf6bfb98d72c1e 2016-04-01T01:19:02.800Z {"type":"progresschanged","target_tagname":"progressmeter","target_id":"progressMeter","value":100}
INST 5fbf6bfb98d72c1e 2016-04-01T01:19:02.800Z {"type":"good","target_tagname":"image","target_id":"progressbar","configurationSettings":"bridge-noproxy","number":4}
INST 5fbf6bfb98d72c1e 2016-04-01T01:19:03.000Z {"type":"unload","target_id":"configuration"}
