INST a452d9347dde6a28 2016-03-28T23:23:13.700Z {"type":"start"}
INST a452d9347dde6a28 2016-03-28T23:23:14.800Z {"type":"select","target_tagname":"menulist","target_id":"proxyType","value":""}
INST a452d9347dde6a28 2016-03-28T23:23:14.800Z {"type":"wizardnext","target_tagname":"wizard","target_id":"TorNetworkSettings"}
INST a452d9347dde6a28 2016-03-28T23:23:14.800Z {"type":"pageshow","target_tagname":"wizardpage","target_id":"first"}
INST a452d9347dde6a28 2016-03-28T23:23:14.800Z {"type":"load","target_id":"configuration"}
INST a452d9347dde6a28 2016-03-28T23:23:14.800Z {"type":"select","target_tagname":"menulist","target_id":"defaultBridgeType","value":"obfs3"}
INST a452d9347dde6a28 2016-03-28T23:23:19.900Z {"type":"click","target_tagname":"button","target_id":"connect_button","detail":1}
INST a452d9347dde6a28 2016-03-28T23:23:20.000Z {"type":"pagehide","target_tagname":"wizardpage","target_id":"first"}
INST a452d9347dde6a28 2016-03-28T23:23:20.000Z {"type":"pageadvanced","target_tagname":"wizardpage","target_id":"first"}
INST a452d9347dde6a28 2016-03-28T23:23:20.000Z {"type":"wizardnext","target_tagname":"wizard","target_id":"TorNetworkSettings"}
INST a452d9347dde6a28 2016-03-28T23:23:20.000Z {"type":"pageshow","target_tagname":"wizardpage","target_id":"inlineprogress"}
INST a452d9347dde6a28 2016-03-28T23:23:20.000Z {"type":"command","target_tagname":"button","target_id":"connect_button"}
INST a452d9347dde6a28 2016-03-28T23:23:20.200Z {"type":"progresschanged","target_tagname":"progressmeter","target_id":"progressMeter","value":5}
INST a452d9347dde6a28 2016-03-28T23:23:20.300Z {"type":"good","target_tagname":"image","target_id":"progressbar","configurationSettings":"nobridge-noproxy","number":1}
INST a452d9347dde6a28 2016-03-28T23:23:20.300Z {"type":"progresschanged","target_tagname":"progressmeter","target_id":"progressMeter","value":5}
INST a452d9347dde6a28 2016-03-28T23:23:20.300Z {"type":"good","target_tagname":"image","target_id":"progressbar","configurationSettings":"nobridge-noproxy","number":1}
INST a452d9347dde6a28 2016-03-28T23:23:20.300Z {"type":"progresschanged","target_tagname":"progressmeter","target_id":"progressMeter","value":5}
INST a452d9347dde6a28 2016-03-28T23:23:20.300Z {"type":"good","target_tagname":"image","target_id":"progressbar","configurationSettings":"nobridge-noproxy","number":1}
INST a452d9347dde6a28 2016-03-28T23:24:21.200Z {"type":"progresschanged","target_tagname":"progressmeter","target_id":"progressMeter","value":5}
INST a452d9347dde6a28 2016-03-28T23:24:21.200Z {"type":"good","target_tagname":"image","target_id":"progressbar","configurationSettings":"nobridge-noproxy","number":1}
INST a452d9347dde6a28 2016-03-28T23:24:56.300Z {"type":"click","target_tagname":"wizard","target_id":"TorNetworkSettings","detail":1}
INST a452d9347dde6a28 2016-03-28T23:24:56.300Z {"type":"wizardcancel","target_tagname":"wizard","target_id":"TorNetworkSettings"}
INST a452d9347dde6a28 2016-03-28T23:24:56.300Z {"type":"command","target_tagname":"wizard","target_id":"TorNetworkSettings"}
INST a452d9347dde6a28 2016-03-28T23:24:56.300Z {"type":"unload","target_id":"configuration"}
INST 74377c7e456a01a6 2016-03-28T23:24:58.500Z {"type":"start"}
INST 74377c7e456a01a6 2016-03-28T23:24:59.200Z {"type":"select","target_tagname":"menulist","target_id":"proxyType","value":""}
INST 74377c7e456a01a6 2016-03-28T23:24:59.200Z {"type":"wizardnext","target_tagname":"wizard","target_id":"TorNetworkSettings"}
INST 74377c7e456a01a6 2016-03-28T23:24:59.200Z {"type":"pageshow","target_tagname":"wizardpage","target_id":"first"}
INST 74377c7e456a01a6 2016-03-28T23:24:59.300Z {"type":"load","target_id":"configuration"}
INST 74377c7e456a01a6 2016-03-28T23:24:59.300Z {"type":"select","target_tagname":"menulist","target_id":"defaultBridgeType","value":"obfs3"}
INST 74377c7e456a01a6 2016-03-28T23:25:00.300Z {"type":"click","target_tagname":"button","target_id":"configure_button","detail":1}
INST 74377c7e456a01a6 2016-03-28T23:25:00.300Z {"type":"pagehide","target_tagname":"wizardpage","target_id":"first"}
INST 74377c7e456a01a6 2016-03-28T23:25:00.300Z {"type":"pageadvanced","target_tagname":"wizardpage","target_id":"first"}
INST 74377c7e456a01a6 2016-03-28T23:25:00.300Z {"type":"wizardnext","target_tagname":"wizard","target_id":"TorNetworkSettings"}
INST 74377c7e456a01a6 2016-03-28T23:25:00.300Z {"type":"pageshow","target_tagname":"wizardpage","target_id":"proxy"}
INST 74377c7e456a01a6 2016-03-28T23:25:00.300Z {"type":"command","target_tagname":"button","target_id":"configure_button"}
INST 74377c7e456a01a6 2016-03-28T23:25:04.200Z {"type":"click","target_tagname":"wizard","target_id":"TorNetworkSettings","detail":1}
INST 74377c7e456a01a6 2016-03-28T23:25:04.200Z {"type":"pagehide","target_tagname":"wizardpage","target_id":"proxy"}
INST 74377c7e456a01a6 2016-03-28T23:25:04.200Z {"type":"pageadvanced","target_tagname":"wizardpage","target_id":"proxy"}
INST 74377c7e456a01a6 2016-03-28T23:25:04.200Z {"type":"wizardnext","target_tagname":"wizard","target_id":"TorNetworkSettings"}
INST 74377c7e456a01a6 2016-03-28T23:25:04.200Z {"type":"pageshow","target_tagname":"wizardpage","target_id":"bridges"}
INST 74377c7e456a01a6 2016-03-28T23:25:04.200Z {"type":"command","target_tagname":"wizard","target_id":"TorNetworkSettings"}
INST 74377c7e456a01a6 2016-03-28T23:25:06.800Z {"type":"click","target_tagname":"radio","target_id":"bridgeRadioDefault","detail":1}
INST 74377c7e456a01a6 2016-03-28T23:25:06.800Z {"type":"command","target_tagname":"radio","target_id":"bridgeRadioDefault"}
INST 74377c7e456a01a6 2016-03-28T23:25:07.600Z {"type":"popupshown","target_tagname":"menupopup","target_id":"defaultBridgeType_menuPopup"}
INST 74377c7e456a01a6 2016-03-28T23:25:07.700Z {"type":"click","target_tagname":"menulist","target_id":"defaultBridgeType","value":"obfs3","detail":1}
INST 74377c7e456a01a6 2016-03-28T23:25:08.500Z {"type":"popuphidden","target_tagname":"menupopup","target_id":"defaultBridgeType_menuPopup"}
INST 74377c7e456a01a6 2016-03-28T23:25:10.300Z {"type":"click","target_tagname":"radio","target_id":"bridgeRadioNone","detail":1}
INST 74377c7e456a01a6 2016-03-28T23:25:10.300Z {"type":"command","target_tagname":"radio","target_id":"bridgeRadioNone"}
INST 74377c7e456a01a6 2016-03-28T23:25:11.700Z {"type":"click","target_tagname":"wizard","target_id":"TorNetworkSettings","detail":1}
INST 74377c7e456a01a6 2016-03-28T23:25:11.700Z {"type":"pagehide","target_tagname":"wizardpage","target_id":"bridges"}
INST 74377c7e456a01a6 2016-03-28T23:25:11.700Z {"type":"pageadvanced","target_tagname":"wizardpage","target_id":"bridges"}
INST 74377c7e456a01a6 2016-03-28T23:25:11.700Z {"type":"wizardnext","target_tagname":"wizard","target_id":"TorNetworkSettings"}
INST 74377c7e456a01a6 2016-03-28T23:25:11.700Z {"type":"pageshow","target_tagname":"wizardpage","target_id":"summary"}
INST 74377c7e456a01a6 2016-03-28T23:25:11.700Z {"type":"command","target_tagname":"wizard","target_id":"TorNetworkSettings"}
INST 74377c7e456a01a6 2016-03-28T23:25:12.800Z {"type":"click","target_tagname":"wizard","target_id":"TorNetworkSettings","detail":1}
INST 74377c7e456a01a6 2016-03-28T23:25:13.100Z {"type":"click","target_tagname":"wizard","target_id":"TorNetworkSettings","detail":1}
INST 74377c7e456a01a6 2016-03-28T23:25:13.100Z {"type":"pagehide","target_tagname":"wizardpage","target_id":"summary"}
INST 74377c7e456a01a6 2016-03-28T23:25:13.100Z {"type":"pagerewound","target_tagname":"wizardpage","target_id":"summary"}
INST 74377c7e456a01a6 2016-03-28T23:25:13.100Z {"type":"wizardback","target_tagname":"wizard","target_id":"TorNetworkSettings"}
INST 74377c7e456a01a6 2016-03-28T23:25:13.100Z {"type":"pageshow","target_tagname":"wizardpage","target_id":"bridges"}
INST 74377c7e456a01a6 2016-03-28T23:25:13.100Z {"type":"command","target_tagname":"wizard","target_id":"TorNetworkSettings"}
INST 74377c7e456a01a6 2016-03-28T23:25:13.400Z {"type":"click","target_tagname":"wizard","target_id":"TorNetworkSettings","detail":2}
INST 74377c7e456a01a6 2016-03-28T23:25:13.400Z {"type":"pagehide","target_tagname":"wizardpage","target_id":"bridges"}
INST 74377c7e456a01a6 2016-03-28T23:25:13.400Z {"type":"pagerewound","target_tagname":"wizardpage","target_id":"bridges"}
INST 74377c7e456a01a6 2016-03-28T23:25:13.400Z {"type":"wizardback","target_tagname":"wizard","target_id":"TorNetworkSettings"}
INST 74377c7e456a01a6 2016-03-28T23:25:13.400Z {"type":"pageshow","target_tagname":"wizardpage","target_id":"proxy"}
INST 74377c7e456a01a6 2016-03-28T23:25:13.400Z {"type":"command","target_tagname":"wizard","target_id":"TorNetworkSettings"}
INST 74377c7e456a01a6 2016-03-28T23:25:14.200Z {"type":"click","target_tagname":"radio","target_id":"proxyRadioWith","detail":1}
INST 74377c7e456a01a6 2016-03-28T23:25:14.200Z {"type":"command","target_tagname":"radio","target_id":"proxyRadioWith"}
INST 74377c7e456a01a6 2016-03-28T23:25:15.100Z {"type":"popupshown","target_tagname":"menupopup","target_id":"proxyType_menuPopup"}
INST 74377c7e456a01a6 2016-03-28T23:25:15.200Z {"type":"click","target_tagname":"menulist","target_id":"proxyType","value":"","detail":1}
INST 74377c7e456a01a6 2016-03-28T23:25:15.500Z {"type":"mouseover","target_tagname":"menuitem","target_id":"","value":""}
INST 74377c7e456a01a6 2016-03-28T23:25:15.500Z {"type":"mouseout","target_tagname":"menuitem","target_id":"","value":""}
INST 74377c7e456a01a6 2016-03-28T23:25:15.500Z {"type":"mouseover","target_tagname":"menuitem","target_id":"","value":"SOCKS4"}
INST 74377c7e456a01a6 2016-03-28T23:25:16.200Z {"type":"mouseout","target_tagname":"menuitem","target_id":"","value":"SOCKS4"}
INST 74377c7e456a01a6 2016-03-28T23:25:16.200Z {"type":"mouseover","target_tagname":"menuitem","target_id":"","value":"SOCKS5"}
INST 74377c7e456a01a6 2016-03-28T23:25:16.300Z {"type":"mouseout","target_tagname":"menuitem","target_id":"","value":"SOCKS5"}
INST 74377c7e456a01a6 2016-03-28T23:25:16.300Z {"type":"mouseover","target_tagname":"menuitem","target_id":"","value":"HTTP"}
INST 74377c7e456a01a6 2016-03-28T23:25:16.700Z {"type":"click","target_tagname":"menuitem","target_id":"","value":"HTTP","detail":1}
INST 74377c7e456a01a6 2016-03-28T23:25:16.700Z {"type":"select","target_tagname":"menulist","target_id":"proxyType","value":"HTTP"}
INST 74377c7e456a01a6 2016-03-28T23:25:16.700Z {"type":"command","target_tagname":"menuitem","target_id":"","value":"HTTP"}
INST 74377c7e456a01a6 2016-03-28T23:25:16.700Z {"type":"popuphidden","target_tagname":"menupopup","target_id":"proxyType_menuPopup"}
INST 74377c7e456a01a6 2016-03-28T23:25:16.700Z {"type":"mouseout","target_tagname":"menuitem","target_id":"","value":"HTTP"}
INST 74377c7e456a01a6 2016-03-28T23:25:17.200Z {"type":"select","target_tagname":"textbox","target_id":"proxyAddr"}
INST 74377c7e456a01a6 2016-03-28T23:25:17.300Z {"type":"click","target_tagname":"textbox","target_id":"proxyAddr","detail":1}
INST 74377c7e456a01a6 2016-03-28T23:25:19.200Z {"type":"click","target_tagname":"radiogroup","target_id":"proxyRadioGroup","detail":1}
INST 74377c7e456a01a6 2016-03-28T23:25:19.600Z {"type":"click","target_tagname":"radio","target_id":"proxyRadioWithout","detail":1}
INST 74377c7e456a01a6 2016-03-28T23:25:19.600Z {"type":"command","target_tagname":"radio","target_id":"proxyRadioWithout"}
INST 74377c7e456a01a6 2016-03-28T23:25:20.600Z {"type":"click","target_tagname":"wizard","target_id":"TorNetworkSettings","detail":1}
INST 74377c7e456a01a6 2016-03-28T23:25:20.600Z {"type":"pagehide","target_tagname":"wizardpage","target_id":"proxy"}
INST 74377c7e456a01a6 2016-03-28T23:25:20.600Z {"type":"pageadvanced","target_tagname":"wizardpage","target_id":"proxy"}
INST 74377c7e456a01a6 2016-03-28T23:25:20.600Z {"type":"wizardnext","target_tagname":"wizard","target_id":"TorNetworkSettings"}
INST 74377c7e456a01a6 2016-03-28T23:25:20.600Z {"type":"pageshow","target_tagname":"wizardpage","target_id":"bridges"}
INST 74377c7e456a01a6 2016-03-28T23:25:20.600Z {"type":"command","target_tagname":"wizard","target_id":"TorNetworkSettings"}
INST 74377c7e456a01a6 2016-03-28T23:25:22.700Z {"type":"click","target_tagname":"radio","target_id":"bridgeRadioDefault","detail":1}
INST 74377c7e456a01a6 2016-03-28T23:25:22.700Z {"type":"command","target_tagname":"radio","target_id":"bridgeRadioDefault"}
INST 74377c7e456a01a6 2016-03-28T23:25:23.300Z {"type":"popupshown","target_tagname":"menupopup","target_id":"defaultBridgeType_menuPopup"}
INST 74377c7e456a01a6 2016-03-28T23:25:23.400Z {"type":"click","target_tagname":"menulist","target_id":"defaultBridgeType","value":"obfs3","detail":1}
INST 74377c7e456a01a6 2016-03-28T23:25:23.900Z {"type":"popuphidden","target_tagname":"menupopup","target_id":"defaultBridgeType_menuPopup"}
INST 74377c7e456a01a6 2016-03-28T23:25:24.600Z {"type":"click","target_tagname":"wizard","target_id":"TorNetworkSettings","detail":1}
INST 74377c7e456a01a6 2016-03-28T23:25:24.600Z {"type":"pagehide","target_tagname":"wizardpage","target_id":"bridges"}
INST 74377c7e456a01a6 2016-03-28T23:25:24.600Z {"type":"pageadvanced","target_tagname":"wizardpage","target_id":"bridges"}
INST 74377c7e456a01a6 2016-03-28T23:25:24.600Z {"type":"wizardnext","target_tagname":"wizard","target_id":"TorNetworkSettings"}
INST 74377c7e456a01a6 2016-03-28T23:25:24.600Z {"type":"pageshow","target_tagname":"wizardpage","target_id":"summary"}
INST 74377c7e456a01a6 2016-03-28T23:25:24.600Z {"type":"command","target_tagname":"wizard","target_id":"TorNetworkSettings"}
INST 74377c7e456a01a6 2016-03-28T23:25:26.700Z {"type":"pagehide","target_tagname":"wizardpage","target_id":"summary"}
INST 74377c7e456a01a6 2016-03-28T23:25:26.700Z {"type":"pageadvanced","target_tagname":"wizardpage","target_id":"summary"}
INST 74377c7e456a01a6 2016-03-28T23:25:26.800Z {"type":"wizardnext","target_tagname":"wizard","target_id":"TorNetworkSettings"}
INST 74377c7e456a01a6 2016-03-28T23:25:26.800Z {"type":"pageshow","target_tagname":"wizardpage","target_id":"inlineprogress"}
INST 74377c7e456a01a6 2016-03-28T23:25:26.800Z {"type":"click","target_tagname":"wizard","target_id":"TorNetworkSettings","detail":1}
INST 74377c7e456a01a6 2016-03-28T23:25:33.100Z {"type":"progresschanged","target_tagname":"progressmeter","target_id":"progressMeter","value":5}
INST 74377c7e456a01a6 2016-03-28T23:25:33.100Z {"type":"good","target_tagname":"image","target_id":"progressbar","configurationSettings":"bridge-noproxy","number":1}
INST 74377c7e456a01a6 2016-03-28T23:25:33.100Z {"type":"progresschanged","target_tagname":"progressmeter","target_id":"progressMeter","value":10}
INST 74377c7e456a01a6 2016-03-28T23:25:33.100Z {"type":"good","target_tagname":"image","target_id":"progressbar","configurationSettings":"bridge-noproxy","number":1}
INST 74377c7e456a01a6 2016-03-28T23:25:34.200Z {"type":"progresschanged","target_tagname":"progressmeter","target_id":"progressMeter","value":15}
INST 74377c7e456a01a6 2016-03-28T23:25:34.200Z {"type":"good","target_tagname":"image","target_id":"progressbar","configurationSettings":"bridge-noproxy","number":1}
INST 74377c7e456a01a6 2016-03-28T23:25:34.400Z {"type":"progresschanged","target_tagname":"progressmeter","target_id":"progressMeter","value":20}
INST 74377c7e456a01a6 2016-03-28T23:25:34.400Z {"type":"good","target_tagname":"image","target_id":"progressbar","configurationSettings":"bridge-noproxy","number":1}
INST 74377c7e456a01a6 2016-03-28T23:25:35.100Z {"type":"progresschanged","target_tagname":"progressmeter","target_id":"progressMeter","value":25}
INST 74377c7e456a01a6 2016-03-28T23:25:35.100Z {"type":"good","target_tagname":"image","target_id":"progressbar","configurationSettings":"bridge-noproxy","number":2}
INST 74377c7e456a01a6 2016-03-28T23:25:36.800Z {"type":"progresschanged","target_tagname":"progressmeter","target_id":"progressMeter","value":40}
INST 74377c7e456a01a6 2016-03-28T23:25:36.800Z {"type":"good","target_tagname":"image","target_id":"progressbar","configurationSettings":"bridge-noproxy","number":2}
INST 74377c7e456a01a6 2016-03-28T23:25:37.200Z {"type":"progresschanged","target_tagname":"progressmeter","target_id":"progressMeter","value":45}
INST 74377c7e456a01a6 2016-03-28T23:25:37.200Z {"type":"good","target_tagname":"image","target_id":"progressbar","configurationSettings":"bridge-noproxy","number":2}
INST 74377c7e456a01a6 2016-03-28T23:25:37.500Z {"type":"progresschanged","target_tagname":"progressmeter","target_id":"progressMeter","value":50}
INST 74377c7e456a01a6 2016-03-28T23:25:37.500Z {"type":"good","target_tagname":"image","target_id":"progressbar","configurationSettings":"bridge-noproxy","number":2}
INST 74377c7e456a01a6 2016-03-28T23:25:38.300Z {"type":"progresschanged","target_tagname":"progressmeter","target_id":"progressMeter","value":51}
INST 74377c7e456a01a6 2016-03-28T23:25:38.300Z {"type":"good","target_tagname":"image","target_id":"progressbar","configurationSettings":"bridge-noproxy","number":2}
INST 74377c7e456a01a6 2016-03-28T23:25:38.400Z {"type":"progresschanged","target_tagname":"progressmeter","target_id":"progressMeter","value":52}
INST 74377c7e456a01a6 2016-03-28T23:25:38.400Z {"type":"good","target_tagname":"image","target_id":"progressbar","configurationSettings":"bridge-noproxy","number":2}
INST 74377c7e456a01a6 2016-03-28T23:25:38.500Z {"type":"progresschanged","target_tagname":"progressmeter","target_id":"progressMeter","value":53}
INST 74377c7e456a01a6 2016-03-28T23:25:38.500Z {"type":"good","target_tagname":"image","target_id":"progressbar","configurationSettings":"bridge-noproxy","number":2}
INST 74377c7e456a01a6 2016-03-28T23:25:38.600Z {"type":"progresschanged","target_tagname":"progressmeter","target_id":"progressMeter","value":56}
INST 74377c7e456a01a6 2016-03-28T23:25:38.600Z {"type":"good","target_tagname":"image","target_id":"progressbar","configurationSettings":"bridge-noproxy","number":2}
INST 74377c7e456a01a6 2016-03-28T23:25:38.600Z {"type":"progresschanged","target_tagname":"progressmeter","target_id":"progressMeter","value":58}
INST 74377c7e456a01a6 2016-03-28T23:25:38.600Z {"type":"good","target_tagname":"image","target_id":"progressbar","configurationSettings":"bridge-noproxy","number":2}
INST 74377c7e456a01a6 2016-03-28T23:25:38.600Z {"type":"progresschanged","target_tagname":"progressmeter","target_id":"progressMeter","value":62}
INST 74377c7e456a01a6 2016-03-28T23:25:38.600Z {"type":"good","target_tagname":"image","target_id":"progressbar","configurationSettings":"bridge-noproxy","number":2}
INST 74377c7e456a01a6 2016-03-28T23:25:38.600Z {"type":"progresschanged","target_tagname":"progressmeter","target_id":"progressMeter","value":68}
INST 74377c7e456a01a6 2016-03-28T23:25:38.600Z {"type":"good","target_tagname":"image","target_id":"progressbar","configurationSettings":"bridge-noproxy","number":2}
INST 74377c7e456a01a6 2016-03-28T23:25:38.700Z {"type":"progresschanged","target_tagname":"progressmeter","target_id":"progressMeter","value":74}
INST 74377c7e456a01a6 2016-03-28T23:25:38.700Z {"type":"good","target_tagname":"image","target_id":"progressbar","configurationSettings":"bridge-noproxy","number":2}
INST 74377c7e456a01a6 2016-03-28T23:25:39.100Z {"type":"progresschanged","target_tagname":"progressmeter","target_id":"progressMeter","value":80}
INST 74377c7e456a01a6 2016-03-28T23:25:39.100Z {"type":"good","target_tagname":"image","target_id":"progressbar","configurationSettings":"bridge-noproxy","number":2}
INST 74377c7e456a01a6 2016-03-28T23:25:39.100Z {"type":"progresschanged","target_tagname":"progressmeter","target_id":"progressMeter","value":90}
INST 74377c7e456a01a6 2016-03-28T23:25:39.100Z {"type":"good","target_tagname":"image","target_id":"progressbar","configurationSettings":"bridge-noproxy","number":3}
INST 74377c7e456a01a6 2016-03-28T23:25:42.600Z {"type":"progresschanged","target_tagname":"progressmeter","target_id":"progressMeter","value":100}
INST 74377c7e456a01a6 2016-03-28T23:25:42.600Z {"type":"good","target_tagname":"image","target_id":"progressbar","configurationSettings":"bridge-noproxy","number":4}
INST 74377c7e456a01a6 2016-03-28T23:25:42.800Z {"type":"unload","target_id":"configuration"}
