INST 5ef0a878c3f98988 2016-03-23T21:10:42.800Z {"type":"start"}
INST 5ef0a878c3f98988 2016-03-23T21:10:46.200Z {"type":"select","target_tagname":"menulist","target_id":"proxyType","value":""}
INST 5ef0a878c3f98988 2016-03-23T21:10:46.200Z {"type":"wizardnext","target_tagname":"wizard","target_id":"TorNetworkSettings"}
INST 5ef0a878c3f98988 2016-03-23T21:10:46.200Z {"type":"pageshow","target_tagname":"wizardpage","target_id":"first"}
INST 5ef0a878c3f98988 2016-03-23T21:10:46.200Z {"type":"load","target_id":"configuration"}
INST 5ef0a878c3f98988 2016-03-23T21:10:46.300Z {"type":"select","target_tagname":"menulist","target_id":"defaultBridgeType","value":"obfs3"}
INST 5ef0a878c3f98988 2016-03-23T21:10:54.800Z {"type":"click","target_tagname":"button","target_id":"connect_button","detail":1}
INST 5ef0a878c3f98988 2016-03-23T21:10:55.200Z {"type":"load","target_id":"progress_bar"}
INST 5ef0a878c3f98988 2016-03-23T21:10:55.800Z {"type":"progresschanged","target_tagname":"progressmeter","target_id":"progressMeter","value":"5"}
INST 5ef0a878c3f98988 2016-03-23T21:10:55.800Z {"type":"progresschanged","target_tagname":"progressmeter","target_id":"progressMeter","value":"5"}
INST 5ef0a878c3f98988 2016-03-23T21:10:55.800Z {"type":"progresschanged","target_tagname":"progressmeter","target_id":"progressMeter","value":"5"}
INST 5ef0a878c3f98988 2016-03-23T21:11:26.800Z {"type":"dialogcancel","target_tagname":"dialog","target_id":"TorProgress"}
INST 5ef0a878c3f98988 2016-03-23T21:11:26.800Z {"type":"command","target_tagname":"button","target_id":"connect_button"}
INST 5ef0a878c3f98988 2016-03-23T21:11:27.900Z {"type":"click","target_tagname":"button","target_id":"configure_button","detail":1}
INST 5ef0a878c3f98988 2016-03-23T21:11:27.900Z {"type":"pagehide","target_tagname":"wizardpage","target_id":"first"}
INST 5ef0a878c3f98988 2016-03-23T21:11:27.900Z {"type":"pageadvanced","target_tagname":"wizardpage","target_id":"first"}
INST 5ef0a878c3f98988 2016-03-23T21:11:27.900Z {"type":"wizardnext","target_tagname":"wizard","target_id":"TorNetworkSettings"}
INST 5ef0a878c3f98988 2016-03-23T21:11:27.900Z {"type":"pageshow","target_tagname":"wizardpage","target_id":"bridges"}
INST 5ef0a878c3f98988 2016-03-23T21:11:27.900Z {"type":"command","target_tagname":"button","target_id":"configure_button"}
INST 5ef0a878c3f98988 2016-03-23T21:11:32.800Z {"type":"click","target_tagname":"radio","target_id":"bridgesRadioYes","detail":1}
INST 5ef0a878c3f98988 2016-03-23T21:11:32.800Z {"type":"command","target_tagname":"radio","target_id":"bridgesRadioYes"}
INST 5ef0a878c3f98988 2016-03-23T21:11:35.300Z {"type":"click","target_tagname":"wizard","target_id":"TorNetworkSettings","detail":1}
INST 5ef0a878c3f98988 2016-03-23T21:11:35.300Z {"type":"pagehide","target_tagname":"wizardpage","target_id":"bridges"}
INST 5ef0a878c3f98988 2016-03-23T21:11:35.300Z {"type":"pageadvanced","target_tagname":"wizardpage","target_id":"bridges"}
INST 5ef0a878c3f98988 2016-03-23T21:11:35.300Z {"type":"wizardnext","target_tagname":"wizard","target_id":"TorNetworkSettings"}
INST 5ef0a878c3f98988 2016-03-23T21:11:35.300Z {"type":"pageshow","target_tagname":"wizardpage","target_id":"bridgeSettings"}
INST 5ef0a878c3f98988 2016-03-23T21:11:35.300Z {"type":"command","target_tagname":"wizard","target_id":"TorNetworkSettings"}
INST 5ef0a878c3f98988 2016-03-23T21:11:37.900Z {"type":"popupshown","target_tagname":"menupopup","target_id":"defaultBridgeType_menuPopup"}
INST 5ef0a878c3f98988 2016-03-23T21:11:38.000Z {"type":"click","target_tagname":"menulist","target_id":"defaultBridgeType","value":"obfs3","detail":1}
INST 5ef0a878c3f98988 2016-03-23T21:11:38.400Z {"type":"mouseover","target_tagname":"menuitem","target_id":"","value":"meek-amazon"}
INST 5ef0a878c3f98988 2016-03-23T21:11:38.500Z {"type":"mouseout","target_tagname":"menuitem","target_id":"","value":"meek-amazon"}
INST 5ef0a878c3f98988 2016-03-23T21:11:38.500Z {"type":"mouseover","target_tagname":"menuitem","target_id":"","value":"meek-azure"}
INST 5ef0a878c3f98988 2016-03-23T21:11:38.600Z {"type":"mouseout","target_tagname":"menuitem","target_id":"","value":"meek-azure"}
INST 5ef0a878c3f98988 2016-03-23T21:11:38.600Z {"type":"mouseover","target_tagname":"menuitem","target_id":"","value":"meek-google"}
INST 5ef0a878c3f98988 2016-03-23T21:11:38.800Z {"type":"mouseout","target_tagname":"menuitem","target_id":"","value":"meek-google"}
INST 5ef0a878c3f98988 2016-03-23T21:11:38.800Z {"type":"mouseover","target_tagname":"menuitem","target_id":"","value":"obfs3"}
INST 5ef0a878c3f98988 2016-03-23T21:11:39.100Z {"type":"click","target_tagname":"menuitem","target_id":"","value":"obfs3","detail":1}
INST 5ef0a878c3f98988 2016-03-23T21:11:39.100Z {"type":"command","target_tagname":"menuitem","target_id":"","value":"obfs3"}
INST 5ef0a878c3f98988 2016-03-23T21:11:39.100Z {"type":"popuphidden","target_tagname":"menupopup","target_id":"defaultBridgeType_menuPopup"}
INST 5ef0a878c3f98988 2016-03-23T21:11:39.100Z {"type":"mouseout","target_tagname":"menuitem","target_id":"","value":"obfs3"}
INST 5ef0a878c3f98988 2016-03-23T21:11:39.800Z {"type":"click","target_tagname":"wizardpage","target_id":"bridgeSettings","detail":1}
INST 5ef0a878c3f98988 2016-03-23T21:11:40.700Z {"type":"click","target_tagname":"wizard","target_id":"TorNetworkSettings","detail":1}
INST 5ef0a878c3f98988 2016-03-23T21:11:40.700Z {"type":"pagehide","target_tagname":"wizardpage","target_id":"bridgeSettings"}
INST 5ef0a878c3f98988 2016-03-23T21:11:40.700Z {"type":"pageadvanced","target_tagname":"wizardpage","target_id":"bridgeSettings"}
INST 5ef0a878c3f98988 2016-03-23T21:11:40.700Z {"type":"wizardnext","target_tagname":"wizard","target_id":"TorNetworkSettings"}
INST 5ef0a878c3f98988 2016-03-23T21:11:40.700Z {"type":"pageshow","target_tagname":"wizardpage","target_id":"proxy"}
INST 5ef0a878c3f98988 2016-03-23T21:11:40.700Z {"type":"command","target_tagname":"wizard","target_id":"TorNetworkSettings"}
INST 5ef0a878c3f98988 2016-03-23T21:11:45.000Z {"type":"click","target_tagname":"wizard","target_id":"TorNetworkSettings","detail":1}
INST 5ef0a878c3f98988 2016-03-23T21:11:45.000Z {"type":"pagehide","target_tagname":"wizardpage","target_id":"proxy"}
INST 5ef0a878c3f98988 2016-03-23T21:11:45.000Z {"type":"pageadvanced","target_tagname":"wizardpage","target_id":"proxy"}
INST 5ef0a878c3f98988 2016-03-23T21:11:45.000Z {"type":"wizardfinish","target_tagname":"wizard","target_id":"TorNetworkSettings"}
INST 5ef0a878c3f98988 2016-03-23T21:11:46.000Z {"type":"load","target_id":"progress_bar"}
INST 5ef0a878c3f98988 2016-03-23T21:11:52.800Z {"type":"progresschanged","target_tagname":"progressmeter","target_id":"progressMeter","value":"10"}
INST 5ef0a878c3f98988 2016-03-23T21:11:53.900Z {"type":"progresschanged","target_tagname":"progressmeter","target_id":"progressMeter","value":"15"}
INST 5ef0a878c3f98988 2016-03-23T21:11:54.100Z {"type":"progresschanged","target_tagname":"progressmeter","target_id":"progressMeter","value":"20"}
INST 5ef0a878c3f98988 2016-03-23T21:11:54.600Z {"type":"progresschanged","target_tagname":"progressmeter","target_id":"progressMeter","value":"25"}
INST 5ef0a878c3f98988 2016-03-23T21:11:56.500Z {"type":"progresschanged","target_tagname":"progressmeter","target_id":"progressMeter","value":"40"}
INST 5ef0a878c3f98988 2016-03-23T21:11:56.900Z {"type":"progresschanged","target_tagname":"progressmeter","target_id":"progressMeter","value":"45"}
INST 5ef0a878c3f98988 2016-03-23T21:11:57.200Z {"type":"progresschanged","target_tagname":"progressmeter","target_id":"progressMeter","value":"50"}
INST 5ef0a878c3f98988 2016-03-23T21:11:57.600Z {"type":"progresschanged","target_tagname":"progressmeter","target_id":"progressMeter","value":"50"}
INST 5ef0a878c3f98988 2016-03-23T21:11:58.100Z {"type":"progresschanged","target_tagname":"progressmeter","target_id":"progressMeter","value":"50"}
INST 5ef0a878c3f98988 2016-03-23T21:11:58.300Z {"type":"progresschanged","target_tagname":"progressmeter","target_id":"progressMeter","value":"54"}
INST 5ef0a878c3f98988 2016-03-23T21:11:58.500Z {"type":"progresschanged","target_tagname":"progressmeter","target_id":"progressMeter","value":"54"}
INST 5ef0a878c3f98988 2016-03-23T21:11:58.600Z {"type":"progresschanged","target_tagname":"progressmeter","target_id":"progressMeter","value":"60"}
INST 5ef0a878c3f98988 2016-03-23T21:11:58.900Z {"type":"progresschanged","target_tagname":"progressmeter","target_id":"progressMeter","value":"64"}
INST 5ef0a878c3f98988 2016-03-23T21:11:59.000Z {"type":"progresschanged","target_tagname":"progressmeter","target_id":"progressMeter","value":"68"}
INST 5ef0a878c3f98988 2016-03-23T21:11:59.100Z {"type":"progresschanged","target_tagname":"progressmeter","target_id":"progressMeter","value":"74"}
INST 5ef0a878c3f98988 2016-03-23T21:11:59.700Z {"type":"progresschanged","target_tagname":"progressmeter","target_id":"progressMeter","value":"80"}
INST 5ef0a878c3f98988 2016-03-23T21:11:59.800Z {"type":"progresschanged","target_tagname":"progressmeter","target_id":"progressMeter","value":"90"}
INST 5ef0a878c3f98988 2016-03-23T21:12:05.400Z {"type":"progresschanged","target_tagname":"progressmeter","target_id":"progressMeter","value":"100"}
INST 5ef0a878c3f98988 2016-03-23T21:12:05.600Z {"type":"unload","target_id":"progress_bar"}
INST 5ef0a878c3f98988 2016-03-23T21:12:05.700Z {"type":"command","target_tagname":"wizard","target_id":"TorNetworkSettings"}
INST 5ef0a878c3f98988 2016-03-23T21:12:05.700Z {"type":"unload","target_id":"configuration"}
