INST fefd4b585552db56 2016-03-31T23:09:42.600Z {"type":"start"}
INST fefd4b585552db56 2016-03-31T23:09:45.900Z {"type":"select","target_tagname":"menulist","target_id":"proxyType","value":""}
INST fefd4b585552db56 2016-03-31T23:09:45.900Z {"type":"wizardnext","target_tagname":"wizard","target_id":"TorNetworkSettings"}
INST fefd4b585552db56 2016-03-31T23:09:45.900Z {"type":"pageshow","target_tagname":"wizardpage","target_id":"first"}
INST fefd4b585552db56 2016-03-31T23:09:45.900Z {"type":"load","target_id":"configuration"}
INST fefd4b585552db56 2016-03-31T23:09:46.000Z {"type":"select","target_tagname":"menulist","target_id":"defaultBridgeType","value":"obfs3"}
INST fefd4b585552db56 2016-03-31T23:09:56.100Z {"type":"click","target_tagname":"button","target_id":"configure_button","detail":1}
INST fefd4b585552db56 2016-03-31T23:09:56.100Z {"type":"pagehide","target_tagname":"wizardpage","target_id":"first"}
INST fefd4b585552db56 2016-03-31T23:09:56.100Z {"type":"pageadvanced","target_tagname":"wizardpage","target_id":"first"}
INST fefd4b585552db56 2016-03-31T23:09:56.100Z {"type":"wizardnext","target_tagname":"wizard","target_id":"TorNetworkSettings"}
INST fefd4b585552db56 2016-03-31T23:09:56.100Z {"type":"pageshow","target_tagname":"wizardpage","target_id":"bridges"}
INST fefd4b585552db56 2016-03-31T23:09:56.100Z {"type":"command","target_tagname":"button","target_id":"configure_button"}
INST fefd4b585552db56 2016-03-31T23:10:02.300Z {"type":"click","target_tagname":"radio","target_id":"bridgesRadioYes","detail":1}
INST fefd4b585552db56 2016-03-31T23:10:02.300Z {"type":"command","target_tagname":"radio","target_id":"bridgesRadioYes"}
INST fefd4b585552db56 2016-03-31T23:10:09.200Z {"type":"click","target_tagname":"wizard","target_id":"TorNetworkSettings","detail":1}
INST fefd4b585552db56 2016-03-31T23:10:09.200Z {"type":"pagehide","target_tagname":"wizardpage","target_id":"bridges"}
INST fefd4b585552db56 2016-03-31T23:10:09.200Z {"type":"pageadvanced","target_tagname":"wizardpage","target_id":"bridges"}
INST fefd4b585552db56 2016-03-31T23:10:09.200Z {"type":"wizardnext","target_tagname":"wizard","target_id":"TorNetworkSettings"}
INST fefd4b585552db56 2016-03-31T23:10:09.200Z {"type":"pageshow","target_tagname":"wizardpage","target_id":"bridgeSettings"}
INST fefd4b585552db56 2016-03-31T23:10:09.200Z {"type":"command","target_tagname":"wizard","target_id":"TorNetworkSettings"}
INST fefd4b585552db56 2016-03-31T23:10:14.000Z {"type":"click","target_tagname":"wizard","target_id":"TorNetworkSettings","detail":1}
INST fefd4b585552db56 2016-03-31T23:10:14.000Z {"type":"pagehide","target_tagname":"wizardpage","target_id":"bridgeSettings"}
INST fefd4b585552db56 2016-03-31T23:10:14.000Z {"type":"pageadvanced","target_tagname":"wizardpage","target_id":"bridgeSettings"}
INST fefd4b585552db56 2016-03-31T23:10:14.000Z {"type":"wizardnext","target_tagname":"wizard","target_id":"TorNetworkSettings"}
INST fefd4b585552db56 2016-03-31T23:10:14.000Z {"type":"pageshow","target_tagname":"wizardpage","target_id":"proxy"}
INST fefd4b585552db56 2016-03-31T23:10:14.000Z {"type":"command","target_tagname":"wizard","target_id":"TorNetworkSettings"}
INST fefd4b585552db56 2016-03-31T23:10:24.200Z {"type":"click","target_tagname":"radio","target_id":"proxyRadioYes","detail":1}
INST fefd4b585552db56 2016-03-31T23:10:24.200Z {"type":"command","target_tagname":"radio","target_id":"proxyRadioYes"}
INST fefd4b585552db56 2016-03-31T23:10:26.700Z {"type":"click","target_tagname":"radio","target_id":"proxyRadioNo","detail":1}
INST fefd4b585552db56 2016-03-31T23:10:26.700Z {"type":"command","target_tagname":"radio","target_id":"proxyRadioNo"}
INST fefd4b585552db56 2016-03-31T23:10:28.000Z {"type":"click","target_tagname":"wizard","target_id":"TorNetworkSettings","detail":1}
INST fefd4b585552db56 2016-03-31T23:10:28.000Z {"type":"pagehide","target_tagname":"wizardpage","target_id":"proxy"}
INST fefd4b585552db56 2016-03-31T23:10:28.000Z {"type":"pageadvanced","target_tagname":"wizardpage","target_id":"proxy"}
INST fefd4b585552db56 2016-03-31T23:10:28.000Z {"type":"wizardfinish","target_tagname":"wizard","target_id":"TorNetworkSettings"}
INST fefd4b585552db56 2016-03-31T23:10:28.200Z {"type":"load","target_id":"progress_bar"}
INST fefd4b585552db56 2016-03-31T23:10:35.500Z {"type":"progresschanged","target_tagname":"progressmeter","target_id":"progressMeter","value":"5"}
INST fefd4b585552db56 2016-03-31T23:10:35.500Z {"type":"progresschanged","target_tagname":"progressmeter","target_id":"progressMeter","value":"10"}
INST fefd4b585552db56 2016-03-31T23:10:38.200Z {"type":"progresschanged","target_tagname":"progressmeter","target_id":"progressMeter","value":"15"}
INST fefd4b585552db56 2016-03-31T23:10:38.700Z {"type":"progresschanged","target_tagname":"progressmeter","target_id":"progressMeter","value":"20"}
INST fefd4b585552db56 2016-03-31T23:10:40.400Z {"type":"progresschanged","target_tagname":"progressmeter","target_id":"progressMeter","value":"25"}
INST fefd4b585552db56 2016-03-31T23:10:42.200Z {"type":"progresschanged","target_tagname":"progressmeter","target_id":"progressMeter","value":"40"}
INST fefd4b585552db56 2016-03-31T23:10:42.800Z {"type":"progresschanged","target_tagname":"progressmeter","target_id":"progressMeter","value":"45"}
INST fefd4b585552db56 2016-03-31T23:10:43.000Z {"type":"progresschanged","target_tagname":"progressmeter","target_id":"progressMeter","value":"50"}
INST fefd4b585552db56 2016-03-31T23:10:44.300Z {"type":"progresschanged","target_tagname":"progressmeter","target_id":"progressMeter","value":"50"}
INST fefd4b585552db56 2016-03-31T23:10:44.800Z {"type":"progresschanged","target_tagname":"progressmeter","target_id":"progressMeter","value":"50"}
INST fefd4b585552db56 2016-03-31T23:10:45.000Z {"type":"progresschanged","target_tagname":"progressmeter","target_id":"progressMeter","value":"54"}
INST fefd4b585552db56 2016-03-31T23:10:45.800Z {"type":"progresschanged","target_tagname":"progressmeter","target_id":"progressMeter","value":"54"}
INST fefd4b585552db56 2016-03-31T23:10:46.600Z {"type":"progresschanged","target_tagname":"progressmeter","target_id":"progressMeter","value":"59"}
INST fefd4b585552db56 2016-03-31T23:10:46.700Z {"type":"progresschanged","target_tagname":"progressmeter","target_id":"progressMeter","value":"63"}
INST fefd4b585552db56 2016-03-31T23:10:46.800Z {"type":"progresschanged","target_tagname":"progressmeter","target_id":"progressMeter","value":"68"}
INST fefd4b585552db56 2016-03-31T23:10:48.100Z {"type":"progresschanged","target_tagname":"progressmeter","target_id":"progressMeter","value":"74"}
INST fefd4b585552db56 2016-03-31T23:10:50.500Z {"type":"progresschanged","target_tagname":"progressmeter","target_id":"progressMeter","value":"80"}
INST fefd4b585552db56 2016-03-31T23:10:50.500Z {"type":"progresschanged","target_tagname":"progressmeter","target_id":"progressMeter","value":"90"}
INST fefd4b585552db56 2016-03-31T23:11:01.300Z {"type":"progresschanged","target_tagname":"progressmeter","target_id":"progressMeter","value":"100"}
INST fefd4b585552db56 2016-03-31T23:11:01.500Z {"type":"unload","target_id":"progress_bar"}
INST fefd4b585552db56 2016-03-31T23:11:01.600Z {"type":"command","target_tagname":"wizard","target_id":"TorNetworkSettings"}
INST fefd4b585552db56 2016-03-31T23:11:01.600Z {"type":"unload","target_id":"configuration"}
