INST de50b003617897cd 2016-03-28T23:16:54.300Z {"type":"start"}
INST de50b003617897cd 2016-03-28T23:16:55.200Z {"type":"select","target_tagname":"menulist","target_id":"proxyType","value":""}
INST de50b003617897cd 2016-03-28T23:16:55.200Z {"type":"wizardnext","target_tagname":"wizard","target_id":"TorNetworkSettings"}
INST de50b003617897cd 2016-03-28T23:16:55.200Z {"type":"pageshow","target_tagname":"wizardpage","target_id":"first"}
INST de50b003617897cd 2016-03-28T23:16:55.200Z {"type":"load","target_id":"configuration"}
INST de50b003617897cd 2016-03-28T23:16:55.300Z {"type":"select","target_tagname":"menulist","target_id":"defaultBridgeType","value":"obfs3"}
INST de50b003617897cd 2016-03-28T23:17:01.700Z {"type":"click","target_tagname":"button","target_id":"configure_button","detail":1}
INST de50b003617897cd 2016-03-28T23:17:01.700Z {"type":"pagehide","target_tagname":"wizardpage","target_id":"first"}
INST de50b003617897cd 2016-03-28T23:17:01.700Z {"type":"pageadvanced","target_tagname":"wizardpage","target_id":"first"}
INST de50b003617897cd 2016-03-28T23:17:01.700Z {"type":"wizardnext","target_tagname":"wizard","target_id":"TorNetworkSettings"}
INST de50b003617897cd 2016-03-28T23:17:01.700Z {"type":"pageshow","target_tagname":"wizardpage","target_id":"bridges"}
INST de50b003617897cd 2016-03-28T23:17:01.700Z {"type":"command","target_tagname":"button","target_id":"configure_button"}
INST de50b003617897cd 2016-03-28T23:17:39.000Z {"type":"click","target_tagname":"wizard","target_id":"TorNetworkSettings","detail":1}
INST de50b003617897cd 2016-03-28T23:17:39.000Z {"type":"pagehide","target_tagname":"wizardpage","target_id":"bridges"}
INST de50b003617897cd 2016-03-28T23:17:39.000Z {"type":"pageadvanced","target_tagname":"wizardpage","target_id":"bridges"}
INST de50b003617897cd 2016-03-28T23:17:39.000Z {"type":"wizardnext","target_tagname":"wizard","target_id":"TorNetworkSettings"}
INST de50b003617897cd 2016-03-28T23:17:39.000Z {"type":"pageshow","target_tagname":"wizardpage","target_id":"proxy"}
INST de50b003617897cd 2016-03-28T23:17:39.000Z {"type":"command","target_tagname":"wizard","target_id":"TorNetworkSettings"}
INST de50b003617897cd 2016-03-28T23:18:46.600Z {"type":"wizardcancel","target_tagname":"wizard","target_id":"TorNetworkSettings"}
INST de50b003617897cd 2016-03-28T23:18:46.600Z {"type":"unload","target_id":"configuration"}
INST 82d393d4e07c96b1 2016-03-28T23:20:50.800Z {"type":"start"}
INST 82d393d4e07c96b1 2016-03-28T23:20:51.400Z {"type":"select","target_tagname":"menulist","target_id":"proxyType","value":""}
INST 82d393d4e07c96b1 2016-03-28T23:20:51.400Z {"type":"wizardnext","target_tagname":"wizard","target_id":"TorNetworkSettings"}
INST 82d393d4e07c96b1 2016-03-28T23:20:51.400Z {"type":"pageshow","target_tagname":"wizardpage","target_id":"first"}
INST 82d393d4e07c96b1 2016-03-28T23:20:51.500Z {"type":"load","target_id":"configuration"}
INST 82d393d4e07c96b1 2016-03-28T23:20:51.500Z {"type":"select","target_tagname":"menulist","target_id":"defaultBridgeType","value":"obfs3"}
INST 82d393d4e07c96b1 2016-03-28T23:20:54.600Z {"type":"click","target_tagname":"button","target_id":"configure_button","detail":1}
INST 82d393d4e07c96b1 2016-03-28T23:20:54.600Z {"type":"pagehide","target_tagname":"wizardpage","target_id":"first"}
INST 82d393d4e07c96b1 2016-03-28T23:20:54.600Z {"type":"pageadvanced","target_tagname":"wizardpage","target_id":"first"}
INST 82d393d4e07c96b1 2016-03-28T23:20:54.600Z {"type":"wizardnext","target_tagname":"wizard","target_id":"TorNetworkSettings"}
INST 82d393d4e07c96b1 2016-03-28T23:20:54.600Z {"type":"pageshow","target_tagname":"wizardpage","target_id":"bridges"}
INST 82d393d4e07c96b1 2016-03-28T23:20:54.600Z {"type":"command","target_tagname":"button","target_id":"configure_button"}
INST 82d393d4e07c96b1 2016-03-28T23:21:04.800Z {"type":"click","target_tagname":"radio","target_id":"bridgesRadioYes","detail":1}
INST 82d393d4e07c96b1 2016-03-28T23:21:04.800Z {"type":"command","target_tagname":"radio","target_id":"bridgesRadioYes"}
INST 82d393d4e07c96b1 2016-03-28T23:21:08.100Z {"type":"click","target_tagname":"wizard","target_id":"TorNetworkSettings","detail":1}
INST 82d393d4e07c96b1 2016-03-28T23:21:08.100Z {"type":"pagehide","target_tagname":"wizardpage","target_id":"bridges"}
INST 82d393d4e07c96b1 2016-03-28T23:21:08.100Z {"type":"pageadvanced","target_tagname":"wizardpage","target_id":"bridges"}
INST 82d393d4e07c96b1 2016-03-28T23:21:08.100Z {"type":"wizardnext","target_tagname":"wizard","target_id":"TorNetworkSettings"}
INST 82d393d4e07c96b1 2016-03-28T23:21:08.100Z {"type":"pageshow","target_tagname":"wizardpage","target_id":"bridgeSettings"}
INST 82d393d4e07c96b1 2016-03-28T23:21:08.100Z {"type":"command","target_tagname":"wizard","target_id":"TorNetworkSettings"}
INST 82d393d4e07c96b1 2016-03-28T23:21:12.500Z {"type":"click","target_tagname":"wizard","target_id":"TorNetworkSettings","detail":1}
INST 82d393d4e07c96b1 2016-03-28T23:21:12.500Z {"type":"pagehide","target_tagname":"wizardpage","target_id":"bridgeSettings"}
INST 82d393d4e07c96b1 2016-03-28T23:21:12.500Z {"type":"pageadvanced","target_tagname":"wizardpage","target_id":"bridgeSettings"}
INST 82d393d4e07c96b1 2016-03-28T23:21:12.500Z {"type":"wizardnext","target_tagname":"wizard","target_id":"TorNetworkSettings"}
INST 82d393d4e07c96b1 2016-03-28T23:21:12.500Z {"type":"pageshow","target_tagname":"wizardpage","target_id":"proxy"}
INST 82d393d4e07c96b1 2016-03-28T23:21:12.500Z {"type":"command","target_tagname":"wizard","target_id":"TorNetworkSettings"}
INST 82d393d4e07c96b1 2016-03-28T23:22:42.400Z {"type":"click","target_tagname":"wizard","target_id":"TorNetworkSettings","detail":1}
INST 82d393d4e07c96b1 2016-03-28T23:23:06.000Z {"type":"click","target_tagname":"radio","target_id":"proxyRadioYes","detail":1}
INST 82d393d4e07c96b1 2016-03-28T23:23:06.000Z {"type":"command","target_tagname":"radio","target_id":"proxyRadioYes"}
INST 82d393d4e07c96b1 2016-03-28T23:23:07.200Z {"type":"click","target_tagname":"wizard","target_id":"TorNetworkSettings","detail":1}
INST 82d393d4e07c96b1 2016-03-28T23:23:07.200Z {"type":"pagehide","target_tagname":"wizardpage","target_id":"proxy"}
INST 82d393d4e07c96b1 2016-03-28T23:23:07.200Z {"type":"pageadvanced","target_tagname":"wizardpage","target_id":"proxy"}
INST 82d393d4e07c96b1 2016-03-28T23:23:07.200Z {"type":"wizardnext","target_tagname":"wizard","target_id":"TorNetworkSettings"}
INST 82d393d4e07c96b1 2016-03-28T23:23:07.200Z {"type":"pageshow","target_tagname":"wizardpage","target_id":"proxyYES"}
INST 82d393d4e07c96b1 2016-03-28T23:23:07.200Z {"type":"command","target_tagname":"wizard","target_id":"TorNetworkSettings"}
INST 82d393d4e07c96b1 2016-03-28T23:23:08.900Z {"type":"popupshown","target_tagname":"menupopup","target_id":"proxyType_menuPopup"}
INST 82d393d4e07c96b1 2016-03-28T23:23:08.900Z {"type":"click","target_tagname":"menulist","target_id":"proxyType","value":"","detail":1}
INST 82d393d4e07c96b1 2016-03-28T23:23:10.100Z {"type":"popuphidden","target_tagname":"menupopup","target_id":"proxyType_menuPopup"}
INST 82d393d4e07c96b1 2016-03-28T23:23:12.000Z {"type":"click","target_tagname":"wizardpage","target_id":"proxyYES","detail":1}
INST 82d393d4e07c96b1 2016-03-28T23:23:31.000Z {"type":"popupshown","target_tagname":"menupopup","target_id":"proxyType_menuPopup"}
INST 82d393d4e07c96b1 2016-03-28T23:23:31.100Z {"type":"click","target_tagname":"menulist","target_id":"proxyType","value":"","detail":1}
INST 82d393d4e07c96b1 2016-03-28T23:23:31.900Z {"type":"popuphidden","target_tagname":"menupopup","target_id":"proxyType_menuPopup"}
INST 82d393d4e07c96b1 2016-03-28T23:23:33.100Z {"type":"click","target_tagname":"wizardpage","target_id":"proxyYES","detail":1}
INST 82d393d4e07c96b1 2016-03-28T23:23:34.900Z {"type":"click","target_tagname":"wizardpage","target_id":"proxyYES","detail":1}
INST 82d393d4e07c96b1 2016-03-28T23:25:03.000Z {"type":"popupshown","target_tagname":"menupopup","target_id":"proxyType_menuPopup"}
INST 82d393d4e07c96b1 2016-03-28T23:25:03.000Z {"type":"click","target_tagname":"menulist","target_id":"proxyType","value":"","detail":1}
INST 82d393d4e07c96b1 2016-03-28T23:25:03.300Z {"type":"mouseover","target_tagname":"menuitem","target_id":"","value":""}
INST 82d393d4e07c96b1 2016-03-28T23:25:03.300Z {"type":"mouseout","target_tagname":"menuitem","target_id":"","value":""}
INST 82d393d4e07c96b1 2016-03-28T23:25:03.300Z {"type":"mouseover","target_tagname":"menuitem","target_id":"","value":"SOCKS4"}
INST 82d393d4e07c96b1 2016-03-28T23:25:03.400Z {"type":"mouseout","target_tagname":"menuitem","target_id":"","value":"SOCKS4"}
INST 82d393d4e07c96b1 2016-03-28T23:25:03.400Z {"type":"mouseover","target_tagname":"menuitem","target_id":"","value":"SOCKS5"}
INST 82d393d4e07c96b1 2016-03-28T23:25:03.400Z {"type":"mouseout","target_tagname":"menuitem","target_id":"","value":"SOCKS5"}
INST 82d393d4e07c96b1 2016-03-28T23:25:03.400Z {"type":"mouseover","target_tagname":"menuitem","target_id":"","value":"HTTP"}
INST 82d393d4e07c96b1 2016-03-28T23:25:03.400Z {"type":"mouseout","target_tagname":"menuitem","target_id":"","value":"HTTP"}
INST 82d393d4e07c96b1 2016-03-28T23:25:03.500Z {"type":"mouseover","target_tagname":"menuitem","target_id":"","value":"HTTP"}
INST 82d393d4e07c96b1 2016-03-28T23:25:05.100Z {"type":"click","target_tagname":"menuitem","target_id":"","value":"HTTP","detail":1}
INST 82d393d4e07c96b1 2016-03-28T23:25:05.200Z {"type":"select","target_tagname":"menulist","target_id":"proxyType","value":"HTTP"}
INST 82d393d4e07c96b1 2016-03-28T23:25:05.200Z {"type":"command","target_tagname":"menuitem","target_id":"","value":"HTTP"}
INST 82d393d4e07c96b1 2016-03-28T23:25:05.200Z {"type":"popuphidden","target_tagname":"menupopup","target_id":"proxyType_menuPopup"}
INST 82d393d4e07c96b1 2016-03-28T23:25:05.200Z {"type":"mouseout","target_tagname":"menuitem","target_id":"","value":"HTTP"}
INST 82d393d4e07c96b1 2016-03-28T23:27:38.700Z {"type":"click","target_tagname":"label","target_id":"","detail":1}
INST 82d393d4e07c96b1 2016-03-28T23:27:39.700Z {"type":"click","target_tagname":"wizard","target_id":"TorNetworkSettings","detail":1}
INST 82d393d4e07c96b1 2016-03-28T23:27:39.700Z {"type":"pagehide","target_tagname":"wizardpage","target_id":"proxyYES"}
INST 82d393d4e07c96b1 2016-03-28T23:27:39.700Z {"type":"pagerewound","target_tagname":"wizardpage","target_id":"proxyYES"}
INST 82d393d4e07c96b1 2016-03-28T23:27:39.700Z {"type":"wizardback","target_tagname":"wizard","target_id":"TorNetworkSettings"}
INST 82d393d4e07c96b1 2016-03-28T23:27:39.700Z {"type":"pageshow","target_tagname":"wizardpage","target_id":"proxy"}
INST 82d393d4e07c96b1 2016-03-28T23:27:39.700Z {"type":"command","target_tagname":"wizard","target_id":"TorNetworkSettings"}
INST 82d393d4e07c96b1 2016-03-28T23:27:41.600Z {"type":"click","target_tagname":"radio","target_id":"proxyRadioNo","detail":1}
INST 82d393d4e07c96b1 2016-03-28T23:27:41.600Z {"type":"command","target_tagname":"radio","target_id":"proxyRadioNo"}
INST 82d393d4e07c96b1 2016-03-28T23:27:44.000Z {"type":"click","target_tagname":"wizard","target_id":"TorNetworkSettings","detail":1}
INST 82d393d4e07c96b1 2016-03-28T23:27:44.000Z {"type":"pagehide","target_tagname":"wizardpage","target_id":"proxy"}
INST 82d393d4e07c96b1 2016-03-28T23:27:44.000Z {"type":"pageadvanced","target_tagname":"wizardpage","target_id":"proxy"}
INST 82d393d4e07c96b1 2016-03-28T23:27:44.000Z {"type":"wizardfinish","target_tagname":"wizard","target_id":"TorNetworkSettings"}
INST 82d393d4e07c96b1 2016-03-28T23:27:44.300Z {"type":"load","target_id":"progress_bar"}
INST 82d393d4e07c96b1 2016-03-28T23:27:51.300Z {"type":"progresschanged","target_tagname":"progressmeter","target_id":"progressMeter","value":"5"}
INST 82d393d4e07c96b1 2016-03-28T23:27:51.300Z {"type":"progresschanged","target_tagname":"progressmeter","target_id":"progressMeter","value":"10"}
INST 82d393d4e07c96b1 2016-03-28T23:27:52.400Z {"type":"progresschanged","target_tagname":"progressmeter","target_id":"progressMeter","value":"15"}
INST 82d393d4e07c96b1 2016-03-28T23:27:52.600Z {"type":"progresschanged","target_tagname":"progressmeter","target_id":"progressMeter","value":"20"}
INST 82d393d4e07c96b1 2016-03-28T23:27:53.100Z {"type":"progresschanged","target_tagname":"progressmeter","target_id":"progressMeter","value":"25"}
INST 82d393d4e07c96b1 2016-03-28T23:27:54.800Z {"type":"progresschanged","target_tagname":"progressmeter","target_id":"progressMeter","value":"40"}
INST 82d393d4e07c96b1 2016-03-28T23:27:55.600Z {"type":"progresschanged","target_tagname":"progressmeter","target_id":"progressMeter","value":"45"}
INST 82d393d4e07c96b1 2016-03-28T23:27:55.800Z {"type":"progresschanged","target_tagname":"progressmeter","target_id":"progressMeter","value":"50"}
INST 82d393d4e07c96b1 2016-03-28T23:27:56.800Z {"type":"progresschanged","target_tagname":"progressmeter","target_id":"progressMeter","value":"50"}
INST 82d393d4e07c96b1 2016-03-28T23:27:56.900Z {"type":"progresschanged","target_tagname":"progressmeter","target_id":"progressMeter","value":"50"}
INST 82d393d4e07c96b1 2016-03-28T23:27:57.000Z {"type":"progresschanged","target_tagname":"progressmeter","target_id":"progressMeter","value":"56"}
INST 82d393d4e07c96b1 2016-03-28T23:27:57.100Z {"type":"progresschanged","target_tagname":"progressmeter","target_id":"progressMeter","value":"60"}
INST 82d393d4e07c96b1 2016-03-28T23:27:57.100Z {"type":"progresschanged","target_tagname":"progressmeter","target_id":"progressMeter","value":"64"}
INST 82d393d4e07c96b1 2016-03-28T23:27:57.300Z {"type":"progresschanged","target_tagname":"progressmeter","target_id":"progressMeter","value":"68"}
INST 82d393d4e07c96b1 2016-03-28T23:27:57.600Z {"type":"progresschanged","target_tagname":"progressmeter","target_id":"progressMeter","value":"73"}
INST 82d393d4e07c96b1 2016-03-28T23:27:59.300Z {"type":"progresschanged","target_tagname":"progressmeter","target_id":"progressMeter","value":"80"}
INST 82d393d4e07c96b1 2016-03-28T23:27:59.300Z {"type":"progresschanged","target_tagname":"progressmeter","target_id":"progressMeter","value":"90"}
INST 82d393d4e07c96b1 2016-03-28T23:28:03.400Z {"type":"progresschanged","target_tagname":"progressmeter","target_id":"progressMeter","value":"100"}
INST 82d393d4e07c96b1 2016-03-28T23:28:03.700Z {"type":"unload","target_id":"progress_bar"}
INST 82d393d4e07c96b1 2016-03-28T23:28:03.700Z {"type":"command","target_tagname":"wizard","target_id":"TorNetworkSettings"}
INST 82d393d4e07c96b1 2016-03-28T23:28:03.700Z {"type":"unload","target_id":"configuration"}
