INST 8f04a68d40eb44ee 2016-03-28T23:20:50.100Z {"type":"start"}
INST 8f04a68d40eb44ee 2016-03-28T23:20:51.200Z {"type":"select","target_tagname":"menulist","target_id":"proxyType","value":""}
INST 8f04a68d40eb44ee 2016-03-28T23:20:51.200Z {"type":"wizardnext","target_tagname":"wizard","target_id":"TorNetworkSettings"}
INST 8f04a68d40eb44ee 2016-03-28T23:20:51.200Z {"type":"pageshow","target_tagname":"wizardpage","target_id":"first"}
INST 8f04a68d40eb44ee 2016-03-28T23:20:51.200Z {"type":"load","target_id":"configuration"}
INST 8f04a68d40eb44ee 2016-03-28T23:20:51.200Z {"type":"select","target_tagname":"menulist","target_id":"defaultBridgeType","value":"obfs3"}
INST 8f04a68d40eb44ee 2016-03-28T23:21:01.800Z {"type":"click","target_tagname":"button","target_id":"connect_button","detail":1}
INST 8f04a68d40eb44ee 2016-03-28T23:21:01.900Z {"type":"load","target_id":"progress_bar"}
INST 8f04a68d40eb44ee 2016-03-28T23:21:02.700Z {"type":"progresschanged","target_tagname":"progressmeter","target_id":"progressMeter","value":"5"}
INST 8f04a68d40eb44ee 2016-03-28T23:21:02.700Z {"type":"progresschanged","target_tagname":"progressmeter","target_id":"progressMeter","value":"5"}
INST 8f04a68d40eb44ee 2016-03-28T23:21:02.700Z {"type":"progresschanged","target_tagname":"progressmeter","target_id":"progressMeter","value":"5"}
INST 8f04a68d40eb44ee 2016-03-28T23:21:29.400Z {"type":"click","target_tagname":"dialog","target_id":"TorProgress","detail":1}
INST 8f04a68d40eb44ee 2016-03-28T23:21:29.500Z {"type":"dialogcancel","target_tagname":"dialog","target_id":"TorProgress"}
INST 8f04a68d40eb44ee 2016-03-28T23:21:29.500Z {"type":"command","target_tagname":"dialog","target_id":"TorProgress"}
INST 8f04a68d40eb44ee 2016-03-28T23:21:29.500Z {"type":"command","target_tagname":"button","target_id":"connect_button"}
INST 8f04a68d40eb44ee 2016-03-28T23:21:30.400Z {"type":"click","target_tagname":"button","target_id":"configure_button","detail":1}
INST 8f04a68d40eb44ee 2016-03-28T23:21:30.400Z {"type":"pagehide","target_tagname":"wizardpage","target_id":"first"}
INST 8f04a68d40eb44ee 2016-03-28T23:21:30.400Z {"type":"pageadvanced","target_tagname":"wizardpage","target_id":"first"}
INST 8f04a68d40eb44ee 2016-03-28T23:21:30.400Z {"type":"wizardnext","target_tagname":"wizard","target_id":"TorNetworkSettings"}
INST 8f04a68d40eb44ee 2016-03-28T23:21:30.400Z {"type":"pageshow","target_tagname":"wizardpage","target_id":"bridges"}
INST 8f04a68d40eb44ee 2016-03-28T23:21:30.400Z {"type":"command","target_tagname":"button","target_id":"configure_button"}
INST 8f04a68d40eb44ee 2016-03-28T23:21:33.300Z {"type":"click","target_tagname":"radio","target_id":"bridgesRadioYes","detail":1}
INST 8f04a68d40eb44ee 2016-03-28T23:21:33.300Z {"type":"command","target_tagname":"radio","target_id":"bridgesRadioYes"}
INST 8f04a68d40eb44ee 2016-03-28T23:21:39.600Z {"type":"click","target_tagname":"wizard","target_id":"TorNetworkSettings","detail":1}
INST 8f04a68d40eb44ee 2016-03-28T23:21:39.600Z {"type":"pagehide","target_tagname":"wizardpage","target_id":"bridges"}
INST 8f04a68d40eb44ee 2016-03-28T23:21:39.600Z {"type":"pageadvanced","target_tagname":"wizardpage","target_id":"bridges"}
INST 8f04a68d40eb44ee 2016-03-28T23:21:39.600Z {"type":"wizardnext","target_tagname":"wizard","target_id":"TorNetworkSettings"}
INST 8f04a68d40eb44ee 2016-03-28T23:21:39.600Z {"type":"pageshow","target_tagname":"wizardpage","target_id":"bridgeSettings"}
INST 8f04a68d40eb44ee 2016-03-28T23:21:39.600Z {"type":"command","target_tagname":"wizard","target_id":"TorNetworkSettings"}
INST 8f04a68d40eb44ee 2016-03-28T23:21:42.200Z {"type":"popupshown","target_tagname":"menupopup","target_id":"defaultBridgeType_menuPopup"}
INST 8f04a68d40eb44ee 2016-03-28T23:21:42.300Z {"type":"click","target_tagname":"menulist","target_id":"defaultBridgeType","value":"obfs3","detail":1}
INST 8f04a68d40eb44ee 2016-03-28T23:21:42.800Z {"type":"mouseover","target_tagname":"menuitem","target_id":"","value":"flashproxy"}
INST 8f04a68d40eb44ee 2016-03-28T23:21:42.800Z {"type":"mouseout","target_tagname":"menuitem","target_id":"","value":"flashproxy"}
INST 8f04a68d40eb44ee 2016-03-28T23:21:42.800Z {"type":"mouseover","target_tagname":"menuitem","target_id":"","value":"fte"}
INST 8f04a68d40eb44ee 2016-03-28T23:21:42.800Z {"type":"mouseout","target_tagname":"menuitem","target_id":"","value":"fte"}
INST 8f04a68d40eb44ee 2016-03-28T23:21:42.800Z {"type":"mouseover","target_tagname":"menuitem","target_id":"","value":"fte-ipv6"}
INST 8f04a68d40eb44ee 2016-03-28T23:21:42.900Z {"type":"mouseout","target_tagname":"menuitem","target_id":"","value":"fte-ipv6"}
INST 8f04a68d40eb44ee 2016-03-28T23:21:42.900Z {"type":"mouseover","target_tagname":"menuitem","target_id":"","value":"meek-amazon"}
INST 8f04a68d40eb44ee 2016-03-28T23:21:42.900Z {"type":"mouseout","target_tagname":"menuitem","target_id":"","value":"meek-amazon"}
INST 8f04a68d40eb44ee 2016-03-28T23:21:43.400Z {"type":"popuphidden","target_tagname":"menupopup","target_id":"defaultBridgeType_menuPopup"}
INST 8f04a68d40eb44ee 2016-03-28T23:21:44.300Z {"type":"click","target_tagname":"wizard","target_id":"TorNetworkSettings","detail":1}
INST 8f04a68d40eb44ee 2016-03-28T23:21:44.300Z {"type":"pagehide","target_tagname":"wizardpage","target_id":"bridgeSettings"}
INST 8f04a68d40eb44ee 2016-03-28T23:21:44.300Z {"type":"pageadvanced","target_tagname":"wizardpage","target_id":"bridgeSettings"}
INST 8f04a68d40eb44ee 2016-03-28T23:21:44.300Z {"type":"wizardnext","target_tagname":"wizard","target_id":"TorNetworkSettings"}
INST 8f04a68d40eb44ee 2016-03-28T23:21:44.300Z {"type":"pageshow","target_tagname":"wizardpage","target_id":"proxy"}
INST 8f04a68d40eb44ee 2016-03-28T23:21:44.300Z {"type":"command","target_tagname":"wizard","target_id":"TorNetworkSettings"}
INST 8f04a68d40eb44ee 2016-03-28T23:21:49.200Z {"type":"click","target_tagname":"radio","target_id":"proxyRadioYes","detail":1}
INST 8f04a68d40eb44ee 2016-03-28T23:21:49.200Z {"type":"command","target_tagname":"radio","target_id":"proxyRadioYes"}
INST 8f04a68d40eb44ee 2016-03-28T23:21:50.000Z {"type":"click","target_tagname":"wizard","target_id":"TorNetworkSettings","detail":1}
INST 8f04a68d40eb44ee 2016-03-28T23:21:50.000Z {"type":"pagehide","target_tagname":"wizardpage","target_id":"proxy"}
INST 8f04a68d40eb44ee 2016-03-28T23:21:50.000Z {"type":"pageadvanced","target_tagname":"wizardpage","target_id":"proxy"}
INST 8f04a68d40eb44ee 2016-03-28T23:21:50.000Z {"type":"wizardnext","target_tagname":"wizard","target_id":"TorNetworkSettings"}
INST 8f04a68d40eb44ee 2016-03-28T23:21:50.100Z {"type":"pageshow","target_tagname":"wizardpage","target_id":"proxyYES"}
INST 8f04a68d40eb44ee 2016-03-28T23:21:50.100Z {"type":"command","target_tagname":"wizard","target_id":"TorNetworkSettings"}
INST 8f04a68d40eb44ee 2016-03-28T23:21:57.400Z {"type":"select","target_tagname":"textbox","target_id":"proxyAddr"}
INST 8f04a68d40eb44ee 2016-03-28T23:21:57.500Z {"type":"click","target_tagname":"textbox","target_id":"proxyAddr","detail":1}
INST 8f04a68d40eb44ee 2016-03-28T23:21:57.500Z {"type":"popupshown","target_tagname":"textbox","target_id":"proxyAddr"}
INST 8f04a68d40eb44ee 2016-03-28T23:21:58.300Z {"type":"popuphidden","target_tagname":"textbox","target_id":"proxyAddr"}
INST 8f04a68d40eb44ee 2016-03-28T23:22:00.800Z {"type":"popupshown","target_tagname":"menupopup","target_id":"proxyType_menuPopup"}
INST 8f04a68d40eb44ee 2016-03-28T23:22:00.900Z {"type":"click","target_tagname":"menulist","target_id":"proxyType","value":"","detail":1}
INST 8f04a68d40eb44ee 2016-03-28T23:22:01.100Z {"type":"mouseover","target_tagname":"menuitem","target_id":"","value":""}
INST 8f04a68d40eb44ee 2016-03-28T23:22:01.200Z {"type":"mouseout","target_tagname":"menuitem","target_id":"","value":""}
INST 8f04a68d40eb44ee 2016-03-28T23:22:01.200Z {"type":"mouseover","target_tagname":"menuitem","target_id":"","value":"SOCKS4"}
INST 8f04a68d40eb44ee 2016-03-28T23:22:01.800Z {"type":"mouseout","target_tagname":"menuitem","target_id":"","value":"SOCKS4"}
INST 8f04a68d40eb44ee 2016-03-28T23:22:01.900Z {"type":"popuphidden","target_tagname":"menupopup","target_id":"proxyType_menuPopup"}
INST 8f04a68d40eb44ee 2016-03-28T23:22:02.700Z {"type":"wizardcancel","target_tagname":"wizard","target_id":"TorNetworkSettings"}
INST 8f04a68d40eb44ee 2016-03-28T23:22:02.700Z {"type":"unload","target_id":"configuration"}
INST 6381166f3b3c1d36 2016-03-28T23:22:35.500Z {"type":"start"}
INST 6381166f3b3c1d36 2016-03-28T23:22:36.200Z {"type":"select","target_tagname":"menulist","target_id":"proxyType","value":""}
INST 6381166f3b3c1d36 2016-03-28T23:22:36.200Z {"type":"wizardnext","target_tagname":"wizard","target_id":"TorNetworkSettings"}
INST 6381166f3b3c1d36 2016-03-28T23:22:36.200Z {"type":"pageshow","target_tagname":"wizardpage","target_id":"first"}
INST 6381166f3b3c1d36 2016-03-28T23:22:36.300Z {"type":"load","target_id":"configuration"}
INST 6381166f3b3c1d36 2016-03-28T23:22:36.300Z {"type":"select","target_tagname":"menulist","target_id":"defaultBridgeType","value":"obfs3"}
INST 6381166f3b3c1d36 2016-03-28T23:22:43.400Z {"type":"click","target_tagname":"button","target_id":"configure_button","detail":1}
INST 6381166f3b3c1d36 2016-03-28T23:22:43.400Z {"type":"pagehide","target_tagname":"wizardpage","target_id":"first"}
INST 6381166f3b3c1d36 2016-03-28T23:22:43.400Z {"type":"pageadvanced","target_tagname":"wizardpage","target_id":"first"}
INST 6381166f3b3c1d36 2016-03-28T23:22:43.400Z {"type":"wizardnext","target_tagname":"wizard","target_id":"TorNetworkSettings"}
INST 6381166f3b3c1d36 2016-03-28T23:22:43.400Z {"type":"pageshow","target_tagname":"wizardpage","target_id":"bridges"}
INST 6381166f3b3c1d36 2016-03-28T23:22:43.400Z {"type":"command","target_tagname":"button","target_id":"configure_button"}
INST 6381166f3b3c1d36 2016-03-28T23:22:45.000Z {"type":"click","target_tagname":"radio","target_id":"bridgesRadioYes","detail":1}
INST 6381166f3b3c1d36 2016-03-28T23:22:45.000Z {"type":"command","target_tagname":"radio","target_id":"bridgesRadioYes"}
INST 6381166f3b3c1d36 2016-03-28T23:22:47.100Z {"type":"click","target_tagname":"wizard","target_id":"TorNetworkSettings","detail":1}
INST 6381166f3b3c1d36 2016-03-28T23:22:47.100Z {"type":"pagehide","target_tagname":"wizardpage","target_id":"bridges"}
INST 6381166f3b3c1d36 2016-03-28T23:22:47.100Z {"type":"pageadvanced","target_tagname":"wizardpage","target_id":"bridges"}
INST 6381166f3b3c1d36 2016-03-28T23:22:47.100Z {"type":"wizardnext","target_tagname":"wizard","target_id":"TorNetworkSettings"}
INST 6381166f3b3c1d36 2016-03-28T23:22:47.100Z {"type":"pageshow","target_tagname":"wizardpage","target_id":"bridgeSettings"}
INST 6381166f3b3c1d36 2016-03-28T23:22:47.100Z {"type":"command","target_tagname":"wizard","target_id":"TorNetworkSettings"}
INST 6381166f3b3c1d36 2016-03-28T23:22:49.600Z {"type":"click","target_tagname":"wizard","target_id":"TorNetworkSettings","detail":1}
INST 6381166f3b3c1d36 2016-03-28T23:22:49.600Z {"type":"pagehide","target_tagname":"wizardpage","target_id":"bridgeSettings"}
INST 6381166f3b3c1d36 2016-03-28T23:22:49.600Z {"type":"pageadvanced","target_tagname":"wizardpage","target_id":"bridgeSettings"}
INST 6381166f3b3c1d36 2016-03-28T23:22:49.600Z {"type":"wizardnext","target_tagname":"wizard","target_id":"TorNetworkSettings"}
INST 6381166f3b3c1d36 2016-03-28T23:22:49.700Z {"type":"pageshow","target_tagname":"wizardpage","target_id":"proxy"}
INST 6381166f3b3c1d36 2016-03-28T23:22:49.700Z {"type":"command","target_tagname":"wizard","target_id":"TorNetworkSettings"}
INST 6381166f3b3c1d36 2016-03-28T23:23:31.800Z {"type":"click","target_tagname":"radio","target_id":"proxyRadioYes","detail":1}
INST 6381166f3b3c1d36 2016-03-28T23:23:31.800Z {"type":"command","target_tagname":"radio","target_id":"proxyRadioYes"}
INST 6381166f3b3c1d36 2016-03-28T23:23:32.900Z {"type":"click","target_tagname":"wizard","target_id":"TorNetworkSettings","detail":1}
INST 6381166f3b3c1d36 2016-03-28T23:23:32.900Z {"type":"pagehide","target_tagname":"wizardpage","target_id":"proxy"}
INST 6381166f3b3c1d36 2016-03-28T23:23:32.900Z {"type":"pageadvanced","target_tagname":"wizardpage","target_id":"proxy"}
INST 6381166f3b3c1d36 2016-03-28T23:23:32.900Z {"type":"wizardnext","target_tagname":"wizard","target_id":"TorNetworkSettings"}
INST 6381166f3b3c1d36 2016-03-28T23:23:32.900Z {"type":"pageshow","target_tagname":"wizardpage","target_id":"proxyYES"}
INST 6381166f3b3c1d36 2016-03-28T23:23:32.900Z {"type":"command","target_tagname":"wizard","target_id":"TorNetworkSettings"}
INST 6381166f3b3c1d36 2016-03-28T23:23:34.800Z {"type":"popupshown","target_tagname":"menupopup","target_id":"proxyType_menuPopup"}
INST 6381166f3b3c1d36 2016-03-28T23:23:34.800Z {"type":"click","target_tagname":"menulist","target_id":"proxyType","value":"","detail":1}
INST 6381166f3b3c1d36 2016-03-28T23:23:35.100Z {"type":"mouseover","target_tagname":"menuitem","target_id":"","value":""}
INST 6381166f3b3c1d36 2016-03-28T23:23:35.200Z {"type":"mouseout","target_tagname":"menuitem","target_id":"","value":""}
INST 6381166f3b3c1d36 2016-03-28T23:23:35.200Z {"type":"mouseover","target_tagname":"menuitem","target_id":"","value":"SOCKS4"}
INST 6381166f3b3c1d36 2016-03-28T23:23:35.400Z {"type":"mouseout","target_tagname":"menuitem","target_id":"","value":"SOCKS4"}
INST 6381166f3b3c1d36 2016-03-28T23:23:35.400Z {"type":"mouseover","target_tagname":"menuitem","target_id":"","value":""}
INST 6381166f3b3c1d36 2016-03-28T23:23:35.400Z {"type":"mouseout","target_tagname":"menuitem","target_id":"","value":""}
INST 6381166f3b3c1d36 2016-03-28T23:23:36.200Z {"type":"popuphidden","target_tagname":"menupopup","target_id":"proxyType_menuPopup"}
INST 6381166f3b3c1d36 2016-03-28T23:24:32.800Z {"type":"popupshown","target_tagname":"menupopup","target_id":"proxyType_menuPopup"}
INST 6381166f3b3c1d36 2016-03-28T23:24:32.800Z {"type":"click","target_tagname":"menulist","target_id":"proxyType","value":"","detail":1}
INST 6381166f3b3c1d36 2016-03-28T23:24:33.000Z {"type":"mouseover","target_tagname":"menuitem","target_id":"","value":""}
INST 6381166f3b3c1d36 2016-03-28T23:24:33.200Z {"type":"mouseout","target_tagname":"menuitem","target_id":"","value":""}
INST 6381166f3b3c1d36 2016-03-28T23:24:33.200Z {"type":"mouseover","target_tagname":"menuitem","target_id":"","value":"SOCKS4"}
INST 6381166f3b3c1d36 2016-03-28T23:24:33.400Z {"type":"mouseout","target_tagname":"menuitem","target_id":"","value":"SOCKS4"}
INST 6381166f3b3c1d36 2016-03-28T23:24:33.400Z {"type":"mouseover","target_tagname":"menuitem","target_id":"","value":"SOCKS5"}
INST 6381166f3b3c1d36 2016-03-28T23:24:33.500Z {"type":"mouseout","target_tagname":"menuitem","target_id":"","value":"SOCKS5"}
INST 6381166f3b3c1d36 2016-03-28T23:24:33.500Z {"type":"mouseover","target_tagname":"menuitem","target_id":"","value":"HTTP"}
INST 6381166f3b3c1d36 2016-03-28T23:24:33.800Z {"type":"click","target_tagname":"menuitem","target_id":"","value":"HTTP","detail":1}
INST 6381166f3b3c1d36 2016-03-28T23:24:33.800Z {"type":"select","target_tagname":"menulist","target_id":"proxyType","value":"HTTP"}
INST 6381166f3b3c1d36 2016-03-28T23:24:33.800Z {"type":"command","target_tagname":"menuitem","target_id":"","value":"HTTP"}
INST 6381166f3b3c1d36 2016-03-28T23:24:33.800Z {"type":"popuphidden","target_tagname":"menupopup","target_id":"proxyType_menuPopup"}
INST 6381166f3b3c1d36 2016-03-28T23:24:33.800Z {"type":"mouseout","target_tagname":"menuitem","target_id":"","value":"HTTP"}
INST 6381166f3b3c1d36 2016-03-28T23:24:34.100Z {"type":"select","target_tagname":"textbox","target_id":"proxyAddr"}
INST 6381166f3b3c1d36 2016-03-28T23:24:34.200Z {"type":"click","target_tagname":"textbox","target_id":"proxyAddr","detail":1}
INST 6381166f3b3c1d36 2016-03-28T23:26:27.100Z {"type":"click","target_tagname":"image","target_id":"","detail":1}
INST 6381166f3b3c1d36 2016-03-28T23:26:27.900Z {"type":"click","detail":1}
INST 6381166f3b3c1d36 2016-03-28T23:26:38.800Z {"type":"click","target_tagname":"textbox","target_id":"proxyAddr","detail":1}
INST 6381166f3b3c1d36 2016-03-28T23:26:44.500Z {"type":"change","target_tagname":"textbox","target_id":"proxyAddr","value":"128.32.229.23"}
INST 6381166f3b3c1d36 2016-03-28T23:26:44.500Z {"type":"select","target_tagname":"textbox","target_id":"proxyUsername"}
INST 6381166f3b3c1d36 2016-03-28T23:26:44.600Z {"type":"click","target_tagname":"textbox","target_id":"proxyUsername","detail":1}
INST 6381166f3b3c1d36 2016-03-28T23:26:45.400Z {"type":"click","target_tagname":"wizard","target_id":"TorNetworkSettings","detail":1}
INST 6381166f3b3c1d36 2016-03-28T23:26:45.400Z {"type":"pagehide","target_tagname":"wizardpage","target_id":"proxyYES"}
INST 6381166f3b3c1d36 2016-03-28T23:26:45.400Z {"type":"pageadvanced","target_tagname":"wizardpage","target_id":"proxyYES"}
INST 6381166f3b3c1d36 2016-03-28T23:26:45.400Z {"type":"wizardfinish","target_tagname":"wizard","target_id":"TorNetworkSettings"}
INST 6381166f3b3c1d36 2016-03-28T23:26:45.500Z {"type":"load","target_id":"progress_bar"}
INST 6381166f3b3c1d36 2016-03-28T23:26:53.000Z {"type":"progresschanged","target_tagname":"progressmeter","target_id":"progressMeter","value":"5"}
INST 6381166f3b3c1d36 2016-03-28T23:26:53.000Z {"type":"progresschanged","target_tagname":"progressmeter","target_id":"progressMeter","value":"10"}
INST 6381166f3b3c1d36 2016-03-28T23:29:23.200Z {"type":"dialogcancel","target_tagname":"dialog","target_id":"TorProgress"}
INST 6381166f3b3c1d36 2016-03-28T23:29:23.200Z {"type":"command","target_tagname":"wizard","target_id":"TorNetworkSettings"}
INST 6381166f3b3c1d36 2016-03-28T23:29:24.500Z {"type":"click","target_tagname":"hbox","target_id":"","detail":1}
INST 6381166f3b3c1d36 2016-03-28T23:29:24.800Z {"type":"click","target_tagname":"hbox","target_id":"","detail":1}
INST 6381166f3b3c1d36 2016-03-28T23:29:24.900Z {"type":"popupshown","target_tagname":"menupopup","target_id":"proxyType_menuPopup"}
INST 6381166f3b3c1d36 2016-03-28T23:29:25.000Z {"type":"click","target_tagname":"menulist","target_id":"proxyType","value":"HTTP","detail":1}
INST 6381166f3b3c1d36 2016-03-28T23:29:25.100Z {"type":"mouseover","target_tagname":"menuitem","target_id":"","value":""}
INST 6381166f3b3c1d36 2016-03-28T23:29:25.300Z {"type":"mouseout","target_tagname":"menuitem","target_id":"","value":""}
INST 6381166f3b3c1d36 2016-03-28T23:29:25.300Z {"type":"mouseover","target_tagname":"menuitem","target_id":"","value":"SOCKS4"}
INST 6381166f3b3c1d36 2016-03-28T23:29:25.600Z {"type":"click","target_tagname":"menuitem","target_id":"","value":"SOCKS4","detail":1}
INST 6381166f3b3c1d36 2016-03-28T23:29:25.600Z {"type":"select","target_tagname":"menulist","target_id":"proxyType","value":"SOCKS4"}
INST 6381166f3b3c1d36 2016-03-28T23:29:25.600Z {"type":"command","target_tagname":"menuitem","target_id":"","value":"SOCKS4"}
INST 6381166f3b3c1d36 2016-03-28T23:29:25.600Z {"type":"popuphidden","target_tagname":"menupopup","target_id":"proxyType_menuPopup"}
INST 6381166f3b3c1d36 2016-03-28T23:29:25.600Z {"type":"mouseout","target_tagname":"menuitem","target_id":"","value":"SOCKS4"}
INST 6381166f3b3c1d36 2016-03-28T23:29:26.300Z {"type":"popupshown","target_tagname":"menupopup","target_id":"proxyType_menuPopup"}
INST 6381166f3b3c1d36 2016-03-28T23:29:26.300Z {"type":"click","target_tagname":"menulist","target_id":"proxyType","value":"SOCKS4","detail":1}
INST 6381166f3b3c1d36 2016-03-28T23:29:26.400Z {"type":"mouseover","target_tagname":"menuitem","target_id":"","value":""}
INST 6381166f3b3c1d36 2016-03-28T23:29:26.600Z {"type":"mouseout","target_tagname":"menuitem","target_id":"","value":""}
INST 6381166f3b3c1d36 2016-03-28T23:29:26.600Z {"type":"mouseover","target_tagname":"menuitem","target_id":"","value":"SOCKS4"}
INST 6381166f3b3c1d36 2016-03-28T23:29:26.900Z {"type":"mouseout","target_tagname":"menuitem","target_id":"","value":"SOCKS4"}
INST 6381166f3b3c1d36 2016-03-28T23:29:26.900Z {"type":"mouseover","target_tagname":"menuitem","target_id":"","value":"SOCKS5"}
INST 6381166f3b3c1d36 2016-03-28T23:29:27.100Z {"type":"click","target_tagname":"menuitem","target_id":"","value":"SOCKS5","detail":1}
INST 6381166f3b3c1d36 2016-03-28T23:29:27.100Z {"type":"select","target_tagname":"menulist","target_id":"proxyType","value":"SOCKS5"}
INST 6381166f3b3c1d36 2016-03-28T23:29:27.100Z {"type":"command","target_tagname":"menuitem","target_id":"","value":"SOCKS5"}
INST 6381166f3b3c1d36 2016-03-28T23:29:27.100Z {"type":"popuphidden","target_tagname":"menupopup","target_id":"proxyType_menuPopup"}
INST 6381166f3b3c1d36 2016-03-28T23:29:27.100Z {"type":"mouseout","target_tagname":"menuitem","target_id":"","value":"SOCKS5"}
INST 6381166f3b3c1d36 2016-03-28T23:29:27.600Z {"type":"popupshown","target_tagname":"menupopup","target_id":"proxyType_menuPopup"}
INST 6381166f3b3c1d36 2016-03-28T23:29:27.600Z {"type":"click","target_tagname":"menulist","target_id":"proxyType","value":"SOCKS5","detail":1}
INST 6381166f3b3c1d36 2016-03-28T23:29:27.700Z {"type":"mouseover","target_tagname":"menuitem","target_id":"","value":""}
INST 6381166f3b3c1d36 2016-03-28T23:29:28.100Z {"type":"click","target_tagname":"menuitem","target_id":"","value":"","detail":1}
INST 6381166f3b3c1d36 2016-03-28T23:29:28.100Z {"type":"select","target_tagname":"menulist","target_id":"proxyType","value":""}
INST 6381166f3b3c1d36 2016-03-28T23:29:28.100Z {"type":"command","target_tagname":"menuitem","target_id":"","value":""}
INST 6381166f3b3c1d36 2016-03-28T23:29:28.100Z {"type":"popuphidden","target_tagname":"menupopup","target_id":"proxyType_menuPopup"}
INST 6381166f3b3c1d36 2016-03-28T23:29:28.200Z {"type":"mouseout","target_tagname":"menuitem","target_id":"","value":""}
INST 6381166f3b3c1d36 2016-03-28T23:29:28.700Z {"type":"select","target_tagname":"textbox","target_id":"proxyUsername"}
INST 6381166f3b3c1d36 2016-03-28T23:29:28.800Z {"type":"click","target_tagname":"textbox","target_id":"proxyUsername","detail":1}
INST 6381166f3b3c1d36 2016-03-28T23:35:32.400Z {"type":"click","target_tagname":"wizard","target_id":"TorNetworkSettings","detail":1}
INST 6381166f3b3c1d36 2016-03-28T23:35:32.400Z {"type":"pagehide","target_tagname":"wizardpage","target_id":"proxyYES"}
INST 6381166f3b3c1d36 2016-03-28T23:35:32.400Z {"type":"pagerewound","target_tagname":"wizardpage","target_id":"proxyYES"}
INST 6381166f3b3c1d36 2016-03-28T23:35:32.400Z {"type":"wizardback","target_tagname":"wizard","target_id":"TorNetworkSettings"}
INST 6381166f3b3c1d36 2016-03-28T23:35:32.400Z {"type":"pageshow","target_tagname":"wizardpage","target_id":"proxy"}
INST 6381166f3b3c1d36 2016-03-28T23:35:32.400Z {"type":"command","target_tagname":"wizard","target_id":"TorNetworkSettings"}
INST 6381166f3b3c1d36 2016-03-28T23:35:33.600Z {"type":"click","target_tagname":"vbox","target_id":"","detail":1}
INST 6381166f3b3c1d36 2016-03-28T23:35:33.900Z {"type":"click","target_tagname":"radio","target_id":"proxyRadioNo","detail":1}
INST 6381166f3b3c1d36 2016-03-28T23:35:33.900Z {"type":"command","target_tagname":"radio","target_id":"proxyRadioNo"}
INST 6381166f3b3c1d36 2016-03-28T23:35:35.500Z {"type":"click","target_tagname":"wizard","target_id":"TorNetworkSettings","detail":1}
INST 6381166f3b3c1d36 2016-03-28T23:35:35.500Z {"type":"pagehide","target_tagname":"wizardpage","target_id":"proxy"}
INST 6381166f3b3c1d36 2016-03-28T23:35:35.500Z {"type":"pageadvanced","target_tagname":"wizardpage","target_id":"proxy"}
INST 6381166f3b3c1d36 2016-03-28T23:35:35.500Z {"type":"wizardfinish","target_tagname":"wizard","target_id":"TorNetworkSettings"}
INST 6381166f3b3c1d36 2016-03-28T23:35:35.600Z {"type":"load","target_id":"progress_bar"}
INST 6381166f3b3c1d36 2016-03-28T23:35:43.100Z {"type":"progresschanged","target_tagname":"progressmeter","target_id":"progressMeter","value":"15"}
INST 6381166f3b3c1d36 2016-03-28T23:35:43.300Z {"type":"progresschanged","target_tagname":"progressmeter","target_id":"progressMeter","value":"20"}
INST 6381166f3b3c1d36 2016-03-28T23:35:43.900Z {"type":"progresschanged","target_tagname":"progressmeter","target_id":"progressMeter","value":"25"}
INST 6381166f3b3c1d36 2016-03-28T23:35:45.500Z {"type":"progresschanged","target_tagname":"progressmeter","target_id":"progressMeter","value":"40"}
INST 6381166f3b3c1d36 2016-03-28T23:35:46.100Z {"type":"progresschanged","target_tagname":"progressmeter","target_id":"progressMeter","value":"45"}
INST 6381166f3b3c1d36 2016-03-28T23:35:46.400Z {"type":"progresschanged","target_tagname":"progressmeter","target_id":"progressMeter","value":"50"}
INST 6381166f3b3c1d36 2016-03-28T23:35:47.700Z {"type":"progresschanged","target_tagname":"progressmeter","target_id":"progressMeter","value":"50"}
INST 6381166f3b3c1d36 2016-03-28T23:35:48.600Z {"type":"progresschanged","target_tagname":"progressmeter","target_id":"progressMeter","value":"50"}
INST 6381166f3b3c1d36 2016-03-28T23:35:48.600Z {"type":"progresschanged","target_tagname":"progressmeter","target_id":"progressMeter","value":"50"}
INST 6381166f3b3c1d36 2016-03-28T23:35:48.600Z {"type":"progresschanged","target_tagname":"progressmeter","target_id":"progressMeter","value":"55"}
INST 6381166f3b3c1d36 2016-03-28T23:35:49.100Z {"type":"progresschanged","target_tagname":"progressmeter","target_id":"progressMeter","value":"55"}
INST 6381166f3b3c1d36 2016-03-28T23:35:49.200Z {"type":"progresschanged","target_tagname":"progressmeter","target_id":"progressMeter","value":"61"}
INST 6381166f3b3c1d36 2016-03-28T23:35:49.500Z {"type":"progresschanged","target_tagname":"progressmeter","target_id":"progressMeter","value":"66"}
INST 6381166f3b3c1d36 2016-03-28T23:35:49.700Z {"type":"progresschanged","target_tagname":"progressmeter","target_id":"progressMeter","value":"71"}
INST 6381166f3b3c1d36 2016-03-28T23:35:50.400Z {"type":"progresschanged","target_tagname":"progressmeter","target_id":"progressMeter","value":"77"}
INST 6381166f3b3c1d36 2016-03-28T23:35:52.000Z {"type":"progresschanged","target_tagname":"progressmeter","target_id":"progressMeter","value":"77"}
INST 6381166f3b3c1d36 2016-03-28T23:35:52.000Z {"type":"progresschanged","target_tagname":"progressmeter","target_id":"progressMeter","value":"90"}
INST 6381166f3b3c1d36 2016-03-28T23:35:54.200Z {"type":"progresschanged","target_tagname":"progressmeter","target_id":"progressMeter","value":"100"}
INST 6381166f3b3c1d36 2016-03-28T23:35:54.500Z {"type":"unload","target_id":"progress_bar"}
INST 6381166f3b3c1d36 2016-03-28T23:35:54.500Z {"type":"command","target_tagname":"wizard","target_id":"TorNetworkSettings"}
INST 6381166f3b3c1d36 2016-03-28T23:35:54.500Z {"type":"unload","target_id":"configuration"}
