INST 2c23e80c51e91839 2016-03-28T21:20:22.600Z {"type":"start"}
INST 2c23e80c51e91839 2016-03-28T21:20:25.800Z {"type":"select","target_tagname":"menulist","target_id":"proxyType","value":""}
INST 2c23e80c51e91839 2016-03-28T21:20:25.800Z {"type":"wizardnext","target_tagname":"wizard","target_id":"TorNetworkSettings"}
INST 2c23e80c51e91839 2016-03-28T21:20:25.800Z {"type":"pageshow","target_tagname":"wizardpage","target_id":"first"}
INST 2c23e80c51e91839 2016-03-28T21:20:26.000Z {"type":"load","target_id":"configuration"}
INST 2c23e80c51e91839 2016-03-28T21:20:26.000Z {"type":"select","target_tagname":"menulist","target_id":"defaultBridgeType","value":"obfs3"}
INST 2c23e80c51e91839 2016-03-28T21:20:33.800Z {"type":"click","target_tagname":"button","target_id":"connect_button","detail":1}
INST 2c23e80c51e91839 2016-03-28T21:20:33.900Z {"type":"load","target_id":"progress_bar"}
INST 2c23e80c51e91839 2016-03-28T21:20:34.000Z {"type":"progresschanged","target_tagname":"progressmeter","target_id":"progressMeter","value":"5"}
INST 2c23e80c51e91839 2016-03-28T21:20:34.000Z {"type":"progresschanged","target_tagname":"progressmeter","target_id":"progressMeter","value":"5"}
INST 2c23e80c51e91839 2016-03-28T21:20:34.000Z {"type":"progresschanged","target_tagname":"progressmeter","target_id":"progressMeter","value":"5"}
INST 2c23e80c51e91839 2016-03-28T21:21:35.000Z {"type":"progresschanged","target_tagname":"progressmeter","target_id":"progressMeter","value":"5"}
INST 2c23e80c51e91839 2016-03-28T21:22:02.800Z {"type":"dialogcancel","target_tagname":"dialog","target_id":"TorProgress"}
INST 2c23e80c51e91839 2016-03-28T21:22:02.800Z {"type":"command","target_tagname":"button","target_id":"connect_button"}
INST 2c23e80c51e91839 2016-03-28T21:22:03.900Z {"type":"wizardcancel","target_tagname":"wizard","target_id":"TorNetworkSettings"}
INST 2c23e80c51e91839 2016-03-28T21:22:03.900Z {"type":"unload","target_id":"configuration"}
INST cb4f68f5408761d4 2016-03-28T21:23:17.200Z {"type":"start"}
INST cb4f68f5408761d4 2016-03-28T21:23:18.100Z {"type":"select","target_tagname":"menulist","target_id":"proxyType","value":""}
INST cb4f68f5408761d4 2016-03-28T21:23:18.100Z {"type":"wizardnext","target_tagname":"wizard","target_id":"TorNetworkSettings"}
INST cb4f68f5408761d4 2016-03-28T21:23:18.100Z {"type":"pageshow","target_tagname":"wizardpage","target_id":"first"}
INST cb4f68f5408761d4 2016-03-28T21:23:18.100Z {"type":"load","target_id":"configuration"}
INST cb4f68f5408761d4 2016-03-28T21:23:18.100Z {"type":"select","target_tagname":"menulist","target_id":"defaultBridgeType","value":"obfs3"}
INST cb4f68f5408761d4 2016-03-28T21:23:22.600Z {"type":"click","target_tagname":"button","target_id":"configure_button","detail":1}
INST cb4f68f5408761d4 2016-03-28T21:23:22.600Z {"type":"pagehide","target_tagname":"wizardpage","target_id":"first"}
INST cb4f68f5408761d4 2016-03-28T21:23:22.600Z {"type":"pageadvanced","target_tagname":"wizardpage","target_id":"first"}
INST cb4f68f5408761d4 2016-03-28T21:23:22.600Z {"type":"wizardnext","target_tagname":"wizard","target_id":"TorNetworkSettings"}
INST cb4f68f5408761d4 2016-03-28T21:23:22.600Z {"type":"pageshow","target_tagname":"wizardpage","target_id":"bridges"}
INST cb4f68f5408761d4 2016-03-28T21:23:22.600Z {"type":"command","target_tagname":"button","target_id":"configure_button"}
INST cb4f68f5408761d4 2016-03-28T21:23:27.200Z {"type":"click","target_tagname":"radio","target_id":"bridgesRadioYes","detail":1}
INST cb4f68f5408761d4 2016-03-28T21:23:27.200Z {"type":"command","target_tagname":"radio","target_id":"bridgesRadioYes"}
INST cb4f68f5408761d4 2016-03-28T21:23:34.100Z {"type":"click","target_tagname":"wizard","target_id":"TorNetworkSettings","detail":1}
INST cb4f68f5408761d4 2016-03-28T21:23:34.100Z {"type":"pagehide","target_tagname":"wizardpage","target_id":"bridges"}
INST cb4f68f5408761d4 2016-03-28T21:23:34.100Z {"type":"pageadvanced","target_tagname":"wizardpage","target_id":"bridges"}
INST cb4f68f5408761d4 2016-03-28T21:23:34.100Z {"type":"wizardnext","target_tagname":"wizard","target_id":"TorNetworkSettings"}
INST cb4f68f5408761d4 2016-03-28T21:23:34.100Z {"type":"pageshow","target_tagname":"wizardpage","target_id":"bridgeSettings"}
INST cb4f68f5408761d4 2016-03-28T21:23:34.100Z {"type":"command","target_tagname":"wizard","target_id":"TorNetworkSettings"}
INST cb4f68f5408761d4 2016-03-28T21:23:35.600Z {"type":"popupshown","target_tagname":"menupopup","target_id":"defaultBridgeType_menuPopup"}
INST cb4f68f5408761d4 2016-03-28T21:23:35.700Z {"type":"click","target_tagname":"menulist","target_id":"defaultBridgeType","value":"obfs3","detail":1}
INST cb4f68f5408761d4 2016-03-28T21:23:36.800Z {"type":"mouseover","target_tagname":"menuitem","target_id":"","value":"flashproxy"}
INST cb4f68f5408761d4 2016-03-28T21:23:36.900Z {"type":"mouseout","target_tagname":"menuitem","target_id":"","value":"flashproxy"}
INST cb4f68f5408761d4 2016-03-28T21:23:36.900Z {"type":"mouseover","target_tagname":"menuitem","target_id":"","value":"fte"}
INST cb4f68f5408761d4 2016-03-28T21:23:36.900Z {"type":"mouseout","target_tagname":"menuitem","target_id":"","value":"fte"}
INST cb4f68f5408761d4 2016-03-28T21:23:36.900Z {"type":"mouseover","target_tagname":"menuitem","target_id":"","value":"fte-ipv6"}
INST cb4f68f5408761d4 2016-03-28T21:23:36.900Z {"type":"mouseout","target_tagname":"menuitem","target_id":"","value":"fte-ipv6"}
INST cb4f68f5408761d4 2016-03-28T21:23:36.900Z {"type":"mouseover","target_tagname":"menuitem","target_id":"","value":"meek-amazon"}
INST cb4f68f5408761d4 2016-03-28T21:23:37.000Z {"type":"mouseout","target_tagname":"menuitem","target_id":"","value":"meek-amazon"}
INST cb4f68f5408761d4 2016-03-28T21:23:37.000Z {"type":"mouseover","target_tagname":"menuitem","target_id":"","value":"meek-azure"}
INST cb4f68f5408761d4 2016-03-28T21:23:38.000Z {"type":"mouseout","target_tagname":"menuitem","target_id":"","value":"meek-azure"}
INST cb4f68f5408761d4 2016-03-28T21:23:38.000Z {"type":"mouseover","target_tagname":"menuitem","target_id":"","value":"meek-google"}
INST cb4f68f5408761d4 2016-03-28T21:23:38.100Z {"type":"mouseout","target_tagname":"menuitem","target_id":"","value":"meek-google"}
INST cb4f68f5408761d4 2016-03-28T21:23:38.100Z {"type":"mouseover","target_tagname":"menuitem","target_id":"","value":"obfs3"}
INST cb4f68f5408761d4 2016-03-28T21:23:38.900Z {"type":"click","target_tagname":"menuitem","target_id":"","value":"obfs3","detail":1}
INST cb4f68f5408761d4 2016-03-28T21:23:38.900Z {"type":"command","target_tagname":"menuitem","target_id":"","value":"obfs3"}
INST cb4f68f5408761d4 2016-03-28T21:23:38.900Z {"type":"popuphidden","target_tagname":"menupopup","target_id":"defaultBridgeType_menuPopup"}
INST cb4f68f5408761d4 2016-03-28T21:23:38.900Z {"type":"mouseout","target_tagname":"menuitem","target_id":"","value":"obfs3"}
INST cb4f68f5408761d4 2016-03-28T21:23:44.500Z {"type":"click","target_tagname":"wizard","target_id":"TorNetworkSettings","detail":1}
INST cb4f68f5408761d4 2016-03-28T21:23:44.500Z {"type":"pagehide","target_tagname":"wizardpage","target_id":"bridgeSettings"}
INST cb4f68f5408761d4 2016-03-28T21:23:44.500Z {"type":"pageadvanced","target_tagname":"wizardpage","target_id":"bridgeSettings"}
INST cb4f68f5408761d4 2016-03-28T21:23:44.500Z {"type":"wizardnext","target_tagname":"wizard","target_id":"TorNetworkSettings"}
INST cb4f68f5408761d4 2016-03-28T21:23:44.500Z {"type":"pageshow","target_tagname":"wizardpage","target_id":"proxy"}
INST cb4f68f5408761d4 2016-03-28T21:23:44.500Z {"type":"command","target_tagname":"wizard","target_id":"TorNetworkSettings"}
INST cb4f68f5408761d4 2016-03-28T21:25:55.800Z {"type":"click","target_tagname":"wizard","target_id":"TorNetworkSettings","detail":1}
INST cb4f68f5408761d4 2016-03-28T21:25:55.800Z {"type":"pagehide","target_tagname":"wizardpage","target_id":"proxy"}
INST cb4f68f5408761d4 2016-03-28T21:25:55.800Z {"type":"pageadvanced","target_tagname":"wizardpage","target_id":"proxy"}
INST cb4f68f5408761d4 2016-03-28T21:25:55.800Z {"type":"wizardfinish","target_tagname":"wizard","target_id":"TorNetworkSettings"}
INST cb4f68f5408761d4 2016-03-28T21:25:55.900Z {"type":"load","target_id":"progress_bar"}
INST cb4f68f5408761d4 2016-03-28T21:26:05.000Z {"type":"progresschanged","target_tagname":"progressmeter","target_id":"progressMeter","value":"5"}
INST cb4f68f5408761d4 2016-03-28T21:26:05.000Z {"type":"progresschanged","target_tagname":"progressmeter","target_id":"progressMeter","value":"10"}
INST cb4f68f5408761d4 2016-03-28T21:26:06.100Z {"type":"progresschanged","target_tagname":"progressmeter","target_id":"progressMeter","value":"15"}
INST cb4f68f5408761d4 2016-03-28T21:26:06.300Z {"type":"progresschanged","target_tagname":"progressmeter","target_id":"progressMeter","value":"20"}
INST cb4f68f5408761d4 2016-03-28T21:26:07.000Z {"type":"progresschanged","target_tagname":"progressmeter","target_id":"progressMeter","value":"25"}
INST cb4f68f5408761d4 2016-03-28T21:26:08.700Z {"type":"progresschanged","target_tagname":"progressmeter","target_id":"progressMeter","value":"40"}
INST cb4f68f5408761d4 2016-03-28T21:26:09.100Z {"type":"progresschanged","target_tagname":"progressmeter","target_id":"progressMeter","value":"45"}
INST cb4f68f5408761d4 2016-03-28T21:26:09.500Z {"type":"progresschanged","target_tagname":"progressmeter","target_id":"progressMeter","value":"50"}
INST cb4f68f5408761d4 2016-03-28T21:26:10.400Z {"type":"progresschanged","target_tagname":"progressmeter","target_id":"progressMeter","value":"50"}
INST cb4f68f5408761d4 2016-03-28T21:26:10.600Z {"type":"progresschanged","target_tagname":"progressmeter","target_id":"progressMeter","value":"50"}
INST cb4f68f5408761d4 2016-03-28T21:26:10.800Z {"type":"progresschanged","target_tagname":"progressmeter","target_id":"progressMeter","value":"50"}
INST cb4f68f5408761d4 2016-03-28T21:26:10.900Z {"type":"progresschanged","target_tagname":"progressmeter","target_id":"progressMeter","value":"55"}
INST cb4f68f5408761d4 2016-03-28T21:26:10.900Z {"type":"progresschanged","target_tagname":"progressmeter","target_id":"progressMeter","value":"55"}
INST cb4f68f5408761d4 2016-03-28T21:26:10.900Z {"type":"progresschanged","target_tagname":"progressmeter","target_id":"progressMeter","value":"61"}
INST cb4f68f5408761d4 2016-03-28T21:26:11.100Z {"type":"progresschanged","target_tagname":"progressmeter","target_id":"progressMeter","value":"66"}
INST cb4f68f5408761d4 2016-03-28T21:26:11.100Z {"type":"progresschanged","target_tagname":"progressmeter","target_id":"progressMeter","value":"72"}
INST cb4f68f5408761d4 2016-03-28T21:26:11.200Z {"type":"progresschanged","target_tagname":"progressmeter","target_id":"progressMeter","value":"80"}
INST cb4f68f5408761d4 2016-03-28T21:26:12.000Z {"type":"progresschanged","target_tagname":"progressmeter","target_id":"progressMeter","value":"90"}
INST cb4f68f5408761d4 2016-03-28T21:26:14.800Z {"type":"progresschanged","target_tagname":"progressmeter","target_id":"progressMeter","value":"100"}
INST cb4f68f5408761d4 2016-03-28T21:26:15.100Z {"type":"unload","target_id":"progress_bar"}
INST cb4f68f5408761d4 2016-03-28T21:26:15.100Z {"type":"command","target_tagname":"wizard","target_id":"TorNetworkSettings"}
INST cb4f68f5408761d4 2016-03-28T21:26:15.100Z {"type":"unload","target_id":"configuration"}
