INST 7f478d7785082179 2016-03-28T21:19:41.700Z {"type":"start"}
INST 7f478d7785082179 2016-03-28T21:19:42.900Z {"type":"select","target_tagname":"menulist","target_id":"proxyType","value":""}
INST 7f478d7785082179 2016-03-28T21:19:42.900Z {"type":"wizardnext","target_tagname":"wizard","target_id":"TorNetworkSettings"}
INST 7f478d7785082179 2016-03-28T21:19:42.900Z {"type":"pageshow","target_tagname":"wizardpage","target_id":"first"}
INST 7f478d7785082179 2016-03-28T21:19:42.900Z {"type":"load","target_id":"configuration"}
INST 7f478d7785082179 2016-03-28T21:19:42.900Z {"type":"select","target_tagname":"menulist","target_id":"defaultBridgeType","value":"obfs3"}
INST 7f478d7785082179 2016-03-28T21:19:50.100Z {"type":"click","target_tagname":"button","target_id":"configure_button","detail":1}
INST 7f478d7785082179 2016-03-28T21:19:50.100Z {"type":"pagehide","target_tagname":"wizardpage","target_id":"first"}
INST 7f478d7785082179 2016-03-28T21:19:50.100Z {"type":"pageadvanced","target_tagname":"wizardpage","target_id":"first"}
INST 7f478d7785082179 2016-03-28T21:19:50.100Z {"type":"wizardnext","target_tagname":"wizard","target_id":"TorNetworkSettings"}
INST 7f478d7785082179 2016-03-28T21:19:50.100Z {"type":"pageshow","target_tagname":"wizardpage","target_id":"bridges"}
INST 7f478d7785082179 2016-03-28T21:19:50.100Z {"type":"command","target_tagname":"button","target_id":"configure_button"}
INST 7f478d7785082179 2016-03-28T21:19:57.300Z {"type":"click","target_tagname":"wizard","target_id":"TorNetworkSettings","detail":1}
INST 7f478d7785082179 2016-03-28T21:19:57.300Z {"type":"pagehide","target_tagname":"wizardpage","target_id":"bridges"}
INST 7f478d7785082179 2016-03-28T21:19:57.300Z {"type":"pageadvanced","target_tagname":"wizardpage","target_id":"bridges"}
INST 7f478d7785082179 2016-03-28T21:19:57.300Z {"type":"wizardnext","target_tagname":"wizard","target_id":"TorNetworkSettings"}
INST 7f478d7785082179 2016-03-28T21:19:57.300Z {"type":"pageshow","target_tagname":"wizardpage","target_id":"proxy"}
INST 7f478d7785082179 2016-03-28T21:19:57.300Z {"type":"command","target_tagname":"wizard","target_id":"TorNetworkSettings"}
INST 7f478d7785082179 2016-03-28T21:20:43.800Z {"type":"click","target_tagname":"wizard","target_id":"TorNetworkSettings","detail":1}
INST 7f478d7785082179 2016-03-28T21:20:43.800Z {"type":"pagehide","target_tagname":"wizardpage","target_id":"proxy"}
INST 7f478d7785082179 2016-03-28T21:20:43.800Z {"type":"pageadvanced","target_tagname":"wizardpage","target_id":"proxy"}
INST 7f478d7785082179 2016-03-28T21:20:43.800Z {"type":"wizardfinish","target_tagname":"wizard","target_id":"TorNetworkSettings"}
INST 7f478d7785082179 2016-03-28T21:20:43.800Z {"type":"load","target_id":"progress_bar"}
INST 7f478d7785082179 2016-03-28T21:20:44.300Z {"type":"progresschanged","target_tagname":"progressmeter","target_id":"progressMeter","value":"5"}
INST 7f478d7785082179 2016-03-28T21:20:44.300Z {"type":"progresschanged","target_tagname":"progressmeter","target_id":"progressMeter","value":"5"}
INST 7f478d7785082179 2016-03-28T21:20:44.300Z {"type":"progresschanged","target_tagname":"progressmeter","target_id":"progressMeter","value":"5"}
INST 7f478d7785082179 2016-03-28T21:21:45.300Z {"type":"progresschanged","target_tagname":"progressmeter","target_id":"progressMeter","value":"5"}
INST 7f478d7785082179 2016-03-28T21:24:03.800Z {"type":"dialogcancel","target_tagname":"dialog","target_id":"TorProgress"}
INST 7f478d7785082179 2016-03-28T21:24:03.800Z {"type":"command","target_tagname":"wizard","target_id":"TorNetworkSettings"}
INST 7f478d7785082179 2016-03-28T21:24:04.800Z {"type":"click","target_tagname":"radio","target_id":"proxyRadioYes","detail":1}
INST 7f478d7785082179 2016-03-28T21:24:04.800Z {"type":"command","target_tagname":"radio","target_id":"proxyRadioYes"}
INST 7f478d7785082179 2016-03-28T21:24:06.200Z {"type":"click","target_tagname":"wizard","target_id":"TorNetworkSettings","detail":1}
INST 7f478d7785082179 2016-03-28T21:24:06.200Z {"type":"pagehide","target_tagname":"wizardpage","target_id":"proxy"}
INST 7f478d7785082179 2016-03-28T21:24:06.200Z {"type":"pageadvanced","target_tagname":"wizardpage","target_id":"proxy"}
INST 7f478d7785082179 2016-03-28T21:24:06.200Z {"type":"wizardnext","target_tagname":"wizard","target_id":"TorNetworkSettings"}
INST 7f478d7785082179 2016-03-28T21:24:06.200Z {"type":"pageshow","target_tagname":"wizardpage","target_id":"proxyYES"}
INST 7f478d7785082179 2016-03-28T21:24:06.200Z {"type":"command","target_tagname":"wizard","target_id":"TorNetworkSettings"}
INST 7f478d7785082179 2016-03-28T21:25:12.900Z {"type":"popupshown","target_tagname":"menupopup","target_id":"proxyType_menuPopup"}
INST 7f478d7785082179 2016-03-28T21:25:13.000Z {"type":"click","target_tagname":"menulist","target_id":"proxyType","value":"","detail":1}
INST 7f478d7785082179 2016-03-28T21:25:14.300Z {"type":"popuphidden","target_tagname":"menupopup","target_id":"proxyType_menuPopup"}
INST 7f478d7785082179 2016-03-28T21:25:24.600Z {"type":"select","target_tagname":"textbox","target_id":"proxyAddr"}
INST 7f478d7785082179 2016-03-28T21:25:24.600Z {"type":"click","target_tagname":"textbox","target_id":"proxyAddr","detail":1}
INST 7f478d7785082179 2016-03-28T21:25:28.300Z {"type":"change","target_tagname":"textbox","target_id":"proxyAddr","value":"128.32.229.23"}
INST 7f478d7785082179 2016-03-28T21:26:58.400Z {"type":"popupshown","target_tagname":"menupopup","target_id":"proxyType_menuPopup"}
INST 7f478d7785082179 2016-03-28T21:26:58.500Z {"type":"click","target_tagname":"menulist","target_id":"proxyType","value":"","detail":1}
INST 7f478d7785082179 2016-03-28T21:26:58.800Z {"type":"mouseover","target_tagname":"menuitem","target_id":"","value":""}
INST 7f478d7785082179 2016-03-28T21:26:58.800Z {"type":"mouseout","target_tagname":"menuitem","target_id":"","value":""}
INST 7f478d7785082179 2016-03-28T21:26:58.800Z {"type":"mouseover","target_tagname":"menuitem","target_id":"","value":"SOCKS4"}
INST 7f478d7785082179 2016-03-28T21:26:59.000Z {"type":"mouseout","target_tagname":"menuitem","target_id":"","value":"SOCKS4"}
INST 7f478d7785082179 2016-03-28T21:26:59.000Z {"type":"mouseover","target_tagname":"menuitem","target_id":"","value":"SOCKS5"}
INST 7f478d7785082179 2016-03-28T21:26:59.200Z {"type":"click","target_tagname":"menuitem","target_id":"","value":"SOCKS5","detail":1}
INST 7f478d7785082179 2016-03-28T21:26:59.200Z {"type":"select","target_tagname":"menulist","target_id":"proxyType","value":"SOCKS5"}
INST 7f478d7785082179 2016-03-28T21:26:59.200Z {"type":"command","target_tagname":"menuitem","target_id":"","value":"SOCKS5"}
INST 7f478d7785082179 2016-03-28T21:26:59.200Z {"type":"popuphidden","target_tagname":"menupopup","target_id":"proxyType_menuPopup"}
INST 7f478d7785082179 2016-03-28T21:26:59.200Z {"type":"mouseout","target_tagname":"menuitem","target_id":"","value":"SOCKS5"}
INST 7f478d7785082179 2016-03-28T21:27:01.000Z {"type":"select","target_tagname":"textbox","target_id":"proxyPort"}
INST 7f478d7785082179 2016-03-28T21:27:01.100Z {"type":"click","target_tagname":"textbox","target_id":"proxyPort","detail":1}
INST 7f478d7785082179 2016-03-28T21:31:20.300Z {"type":"change","target_tagname":"textbox","target_id":"proxyPort","value":"8080"}
INST 7f478d7785082179 2016-03-28T21:31:20.300Z {"type":"click","target_tagname":"wizard","target_id":"TorNetworkSettings","detail":1}
INST 7f478d7785082179 2016-03-28T21:31:20.300Z {"type":"pagehide","target_tagname":"wizardpage","target_id":"proxyYES"}
INST 7f478d7785082179 2016-03-28T21:31:20.300Z {"type":"pageadvanced","target_tagname":"wizardpage","target_id":"proxyYES"}
INST 7f478d7785082179 2016-03-28T21:31:20.300Z {"type":"wizardfinish","target_tagname":"wizard","target_id":"TorNetworkSettings"}
INST 7f478d7785082179 2016-03-28T21:31:20.400Z {"type":"load","target_id":"progress_bar"}
INST 7f478d7785082179 2016-03-28T21:31:22.300Z {"type":"progresschanged","target_tagname":"progressmeter","target_id":"progressMeter","value":"5"}
INST 7f478d7785082179 2016-03-28T21:37:41.500Z {"type":"dialogcancel","target_tagname":"dialog","target_id":"TorProgress"}
INST 7f478d7785082179 2016-03-28T21:37:41.600Z {"type":"command","target_tagname":"wizard","target_id":"TorNetworkSettings"}
INST 7f478d7785082179 2016-03-28T21:37:42.200Z {"type":"popupshown","target_tagname":"menupopup","target_id":"proxyType_menuPopup"}
INST 7f478d7785082179 2016-03-28T21:37:42.300Z {"type":"click","target_tagname":"menulist","target_id":"proxyType","value":"SOCKS5","detail":1}
INST 7f478d7785082179 2016-03-28T21:37:42.500Z {"type":"mouseover","target_tagname":"menuitem","target_id":"","value":""}
INST 7f478d7785082179 2016-03-28T21:37:42.600Z {"type":"mouseout","target_tagname":"menuitem","target_id":"","value":""}
INST 7f478d7785082179 2016-03-28T21:37:42.600Z {"type":"mouseover","target_tagname":"menuitem","target_id":"","value":"SOCKS4"}
INST 7f478d7785082179 2016-03-28T21:37:42.800Z {"type":"mouseout","target_tagname":"menuitem","target_id":"","value":"SOCKS4"}
INST 7f478d7785082179 2016-03-28T21:37:42.800Z {"type":"mouseover","target_tagname":"menuitem","target_id":"","value":"SOCKS5"}
INST 7f478d7785082179 2016-03-28T21:37:42.900Z {"type":"mouseout","target_tagname":"menuitem","target_id":"","value":"SOCKS5"}
INST 7f478d7785082179 2016-03-28T21:37:42.900Z {"type":"mouseover","target_tagname":"menuitem","target_id":"","value":"HTTP"}
INST 7f478d7785082179 2016-03-28T21:37:43.300Z {"type":"click","target_tagname":"menuitem","target_id":"","value":"HTTP","detail":1}
INST 7f478d7785082179 2016-03-28T21:37:43.300Z {"type":"select","target_tagname":"menulist","target_id":"proxyType","value":"HTTP"}
INST 7f478d7785082179 2016-03-28T21:37:43.300Z {"type":"command","target_tagname":"menuitem","target_id":"","value":"HTTP"}
INST 7f478d7785082179 2016-03-28T21:37:43.300Z {"type":"popuphidden","target_tagname":"menupopup","target_id":"proxyType_menuPopup"}
INST 7f478d7785082179 2016-03-28T21:37:43.300Z {"type":"mouseout","target_tagname":"menuitem","target_id":"","value":"HTTP"}
INST 7f478d7785082179 2016-03-28T21:37:46.000Z {"type":"click","target_tagname":"wizard","target_id":"TorNetworkSettings","detail":1}
INST 7f478d7785082179 2016-03-28T21:37:46.000Z {"type":"pagehide","target_tagname":"wizardpage","target_id":"proxyYES"}
INST 7f478d7785082179 2016-03-28T21:37:46.000Z {"type":"pageadvanced","target_tagname":"wizardpage","target_id":"proxyYES"}
INST 7f478d7785082179 2016-03-28T21:37:46.000Z {"type":"wizardfinish","target_tagname":"wizard","target_id":"TorNetworkSettings"}
INST 7f478d7785082179 2016-03-28T21:37:46.100Z {"type":"load","target_id":"progress_bar"}
INST 9ad3cf2ed33c7fa0 2016-03-28T21:38:24.800Z {"type":"start"}
INST 9ad3cf2ed33c7fa0 2016-03-28T21:38:25.500Z {"type":"select","target_tagname":"menulist","target_id":"proxyType","value":""}
INST 9ad3cf2ed33c7fa0 2016-03-28T21:38:25.500Z {"type":"wizardnext","target_tagname":"wizard","target_id":"TorNetworkSettings"}
INST 9ad3cf2ed33c7fa0 2016-03-28T21:38:25.500Z {"type":"pageshow","target_tagname":"wizardpage","target_id":"first"}
INST 9ad3cf2ed33c7fa0 2016-03-28T21:38:25.500Z {"type":"load","target_id":"configuration"}
INST 9ad3cf2ed33c7fa0 2016-03-28T21:38:25.500Z {"type":"select","target_tagname":"menulist","target_id":"defaultBridgeType","value":"obfs3"}
INST 9ad3cf2ed33c7fa0 2016-03-28T21:38:25.500Z {"type":"select","target_tagname":"menulist","target_id":"proxyType","value":"HTTP"}
INST 9ad3cf2ed33c7fa0 2016-03-28T21:38:30.200Z {"type":"click","target_tagname":"button","target_id":"connect_button","detail":1}
INST 9ad3cf2ed33c7fa0 2016-03-28T21:38:30.300Z {"type":"load","target_id":"progress_bar"}
INST 9ad3cf2ed33c7fa0 2016-03-28T21:38:30.300Z {"type":"progresschanged","target_tagname":"progressmeter","target_id":"progressMeter","value":"5"}
INST 9ad3cf2ed33c7fa0 2016-03-28T21:38:31.300Z {"type":"progresschanged","target_tagname":"progressmeter","target_id":"progressMeter","value":"5"}
INST 234de3924bd1888b 2016-03-28T21:38:33.000Z {"type":"start"}
INST 234de3924bd1888b 2016-03-28T21:38:33.700Z {"type":"select","target_tagname":"menulist","target_id":"proxyType","value":""}
INST 234de3924bd1888b 2016-03-28T21:38:33.700Z {"type":"wizardnext","target_tagname":"wizard","target_id":"TorNetworkSettings"}
INST 234de3924bd1888b 2016-03-28T21:38:33.700Z {"type":"pageshow","target_tagname":"wizardpage","target_id":"first"}
INST 234de3924bd1888b 2016-03-28T21:38:33.700Z {"type":"load","target_id":"configuration"}
INST 234de3924bd1888b 2016-03-28T21:38:33.700Z {"type":"select","target_tagname":"menulist","target_id":"defaultBridgeType","value":"obfs3"}
INST 234de3924bd1888b 2016-03-28T21:38:33.800Z {"type":"select","target_tagname":"menulist","target_id":"proxyType","value":"HTTP"}
INST 234de3924bd1888b 2016-03-28T21:38:36.200Z {"type":"click","target_tagname":"button","target_id":"connect_button","detail":1}
INST 234de3924bd1888b 2016-03-28T21:38:36.200Z {"type":"load","target_id":"progress_bar"}
INST 234de3924bd1888b 2016-03-28T21:38:36.500Z {"type":"progresschanged","target_tagname":"progressmeter","target_id":"progressMeter","value":"5"}
INST 234de3924bd1888b 2016-03-28T21:38:37.500Z {"type":"progresschanged","target_tagname":"progressmeter","target_id":"progressMeter","value":"5"}
INST 234de3924bd1888b 2016-03-28T21:38:38.500Z {"type":"progresschanged","target_tagname":"progressmeter","target_id":"progressMeter","value":"5"}
INST 25632512374b27b4 2016-03-28T21:38:42.600Z {"type":"start"}
INST 25632512374b27b4 2016-03-28T21:38:43.300Z {"type":"select","target_tagname":"menulist","target_id":"proxyType","value":""}
INST 25632512374b27b4 2016-03-28T21:38:43.300Z {"type":"wizardnext","target_tagname":"wizard","target_id":"TorNetworkSettings"}
INST 25632512374b27b4 2016-03-28T21:38:43.300Z {"type":"pageshow","target_tagname":"wizardpage","target_id":"first"}
INST 25632512374b27b4 2016-03-28T21:38:43.300Z {"type":"load","target_id":"configuration"}
INST 25632512374b27b4 2016-03-28T21:38:43.300Z {"type":"select","target_tagname":"menulist","target_id":"defaultBridgeType","value":"obfs3"}
INST 25632512374b27b4 2016-03-28T21:38:43.400Z {"type":"select","target_tagname":"menulist","target_id":"proxyType","value":"HTTP"}
INST 25632512374b27b4 2016-03-28T21:38:48.700Z {"type":"click","target_tagname":"button","target_id":"configure_button","detail":1}
INST 25632512374b27b4 2016-03-28T21:38:48.700Z {"type":"pagehide","target_tagname":"wizardpage","target_id":"first"}
INST 25632512374b27b4 2016-03-28T21:38:48.700Z {"type":"pageadvanced","target_tagname":"wizardpage","target_id":"first"}
INST 25632512374b27b4 2016-03-28T21:38:48.700Z {"type":"wizardnext","target_tagname":"wizard","target_id":"TorNetworkSettings"}
INST 25632512374b27b4 2016-03-28T21:38:48.700Z {"type":"pageshow","target_tagname":"wizardpage","target_id":"bridges"}
INST 25632512374b27b4 2016-03-28T21:38:48.700Z {"type":"command","target_tagname":"button","target_id":"configure_button"}
INST 25632512374b27b4 2016-03-28T21:38:55.100Z {"type":"click","target_tagname":"radio","target_id":"bridgesRadioYes","detail":1}
INST 25632512374b27b4 2016-03-28T21:38:55.100Z {"type":"command","target_tagname":"radio","target_id":"bridgesRadioYes"}
INST 25632512374b27b4 2016-03-28T21:38:56.200Z {"type":"click","target_tagname":"wizard","target_id":"TorNetworkSettings","detail":1}
INST 25632512374b27b4 2016-03-28T21:38:56.200Z {"type":"pagehide","target_tagname":"wizardpage","target_id":"bridges"}
INST 25632512374b27b4 2016-03-28T21:38:56.200Z {"type":"pageadvanced","target_tagname":"wizardpage","target_id":"bridges"}
INST 25632512374b27b4 2016-03-28T21:38:56.200Z {"type":"wizardnext","target_tagname":"wizard","target_id":"TorNetworkSettings"}
INST 25632512374b27b4 2016-03-28T21:38:56.200Z {"type":"pageshow","target_tagname":"wizardpage","target_id":"bridgeSettings"}
INST 25632512374b27b4 2016-03-28T21:38:56.200Z {"type":"command","target_tagname":"wizard","target_id":"TorNetworkSettings"}
INST 25632512374b27b4 2016-03-28T21:38:57.800Z {"type":"popupshown","target_tagname":"menupopup","target_id":"defaultBridgeType_menuPopup"}
INST 25632512374b27b4 2016-03-28T21:38:57.800Z {"type":"click","target_tagname":"menulist","target_id":"defaultBridgeType","value":"obfs3","detail":1}
INST 25632512374b27b4 2016-03-28T21:38:59.600Z {"type":"popuphidden","target_tagname":"menupopup","target_id":"defaultBridgeType_menuPopup"}
INST 25632512374b27b4 2016-03-28T21:39:01.700Z {"type":"click","target_tagname":"wizard","target_id":"TorNetworkSettings","detail":1}
INST 25632512374b27b4 2016-03-28T21:39:01.700Z {"type":"pagehide","target_tagname":"wizardpage","target_id":"bridgeSettings"}
INST 25632512374b27b4 2016-03-28T21:39:01.700Z {"type":"pageadvanced","target_tagname":"wizardpage","target_id":"bridgeSettings"}
INST 25632512374b27b4 2016-03-28T21:39:01.700Z {"type":"wizardnext","target_tagname":"wizard","target_id":"TorNetworkSettings"}
INST 25632512374b27b4 2016-03-28T21:39:01.700Z {"type":"pageshow","target_tagname":"wizardpage","target_id":"proxy"}
INST 25632512374b27b4 2016-03-28T21:39:01.700Z {"type":"command","target_tagname":"wizard","target_id":"TorNetworkSettings"}
INST 25632512374b27b4 2016-03-28T21:39:04.900Z {"type":"click","target_tagname":"wizard","target_id":"TorNetworkSettings","detail":1}
INST 25632512374b27b4 2016-03-28T21:39:04.900Z {"type":"pagehide","target_tagname":"wizardpage","target_id":"proxy"}
INST 25632512374b27b4 2016-03-28T21:39:04.900Z {"type":"pageadvanced","target_tagname":"wizardpage","target_id":"proxy"}
INST 25632512374b27b4 2016-03-28T21:39:04.900Z {"type":"wizardnext","target_tagname":"wizard","target_id":"TorNetworkSettings"}
INST 25632512374b27b4 2016-03-28T21:39:04.900Z {"type":"pageshow","target_tagname":"wizardpage","target_id":"proxyYES"}
INST 25632512374b27b4 2016-03-28T21:39:04.900Z {"type":"command","target_tagname":"wizard","target_id":"TorNetworkSettings"}
INST 25632512374b27b4 2016-03-28T21:39:06.700Z {"type":"click","target_tagname":"wizard","target_id":"TorNetworkSettings","detail":1}
INST 25632512374b27b4 2016-03-28T21:39:06.700Z {"type":"pagehide","target_tagname":"wizardpage","target_id":"proxyYES"}
INST 25632512374b27b4 2016-03-28T21:39:06.700Z {"type":"pageadvanced","target_tagname":"wizardpage","target_id":"proxyYES"}
INST 25632512374b27b4 2016-03-28T21:39:06.700Z {"type":"wizardfinish","target_tagname":"wizard","target_id":"TorNetworkSettings"}
INST 25632512374b27b4 2016-03-28T21:39:06.800Z {"type":"load","target_id":"progress_bar"}
INST 25632512374b27b4 2016-03-28T21:39:14.200Z {"type":"progresschanged","target_tagname":"progressmeter","target_id":"progressMeter","value":"5"}
INST 25632512374b27b4 2016-03-28T21:39:14.200Z {"type":"progresschanged","target_tagname":"progressmeter","target_id":"progressMeter","value":"10"}
INST 25632512374b27b4 2016-03-28T21:41:17.900Z {"type":"dialogcancel","target_tagname":"dialog","target_id":"TorProgress"}
INST 25632512374b27b4 2016-03-28T21:41:18.000Z {"type":"command","target_tagname":"wizard","target_id":"TorNetworkSettings"}
INST 25632512374b27b4 2016-03-28T21:41:21.200Z {"type":"click","target_tagname":"wizard","target_id":"TorNetworkSettings","detail":1}
INST 25632512374b27b4 2016-03-28T21:41:21.200Z {"type":"wizardcancel","target_tagname":"wizard","target_id":"TorNetworkSettings"}
INST 25632512374b27b4 2016-03-28T21:41:21.200Z {"type":"command","target_tagname":"wizard","target_id":"TorNetworkSettings"}
INST 25632512374b27b4 2016-03-28T21:41:21.200Z {"type":"unload","target_id":"configuration"}
INST 0cf143d3ec6404fe 2016-03-28T21:41:24.300Z {"type":"start"}
INST 0cf143d3ec6404fe 2016-03-28T21:41:25.000Z {"type":"select","target_tagname":"menulist","target_id":"proxyType","value":""}
INST 0cf143d3ec6404fe 2016-03-28T21:41:25.000Z {"type":"wizardnext","target_tagname":"wizard","target_id":"TorNetworkSettings"}
INST 0cf143d3ec6404fe 2016-03-28T21:41:25.000Z {"type":"pageshow","target_tagname":"wizardpage","target_id":"first"}
INST 0cf143d3ec6404fe 2016-03-28T21:41:25.000Z {"type":"load","target_id":"configuration"}
INST 0cf143d3ec6404fe 2016-03-28T21:41:25.000Z {"type":"select","target_tagname":"menulist","target_id":"defaultBridgeType","value":"obfs3"}
INST 0cf143d3ec6404fe 2016-03-28T21:41:25.100Z {"type":"select","target_tagname":"menulist","target_id":"proxyType","value":"HTTP"}
INST 0cf143d3ec6404fe 2016-03-28T21:41:27.300Z {"type":"click","target_tagname":"button","target_id":"configure_button","detail":1}
INST 0cf143d3ec6404fe 2016-03-28T21:41:27.300Z {"type":"pagehide","target_tagname":"wizardpage","target_id":"first"}
INST 0cf143d3ec6404fe 2016-03-28T21:41:27.300Z {"type":"pageadvanced","target_tagname":"wizardpage","target_id":"first"}
INST 0cf143d3ec6404fe 2016-03-28T21:41:27.300Z {"type":"wizardnext","target_tagname":"wizard","target_id":"TorNetworkSettings"}
INST 0cf143d3ec6404fe 2016-03-28T21:41:27.300Z {"type":"pageshow","target_tagname":"wizardpage","target_id":"bridges"}
INST 0cf143d3ec6404fe 2016-03-28T21:41:27.300Z {"type":"command","target_tagname":"button","target_id":"configure_button"}
INST 0cf143d3ec6404fe 2016-03-28T21:41:29.800Z {"type":"click","target_tagname":"wizard","target_id":"TorNetworkSettings","detail":1}
INST 0cf143d3ec6404fe 2016-03-28T21:41:29.800Z {"type":"pagehide","target_tagname":"wizardpage","target_id":"bridges"}
INST 0cf143d3ec6404fe 2016-03-28T21:41:29.800Z {"type":"pageadvanced","target_tagname":"wizardpage","target_id":"bridges"}
INST 0cf143d3ec6404fe 2016-03-28T21:41:29.800Z {"type":"wizardnext","target_tagname":"wizard","target_id":"TorNetworkSettings"}
INST 0cf143d3ec6404fe 2016-03-28T21:41:29.800Z {"type":"pageshow","target_tagname":"wizardpage","target_id":"bridgeSettings"}
INST 0cf143d3ec6404fe 2016-03-28T21:41:29.800Z {"type":"command","target_tagname":"wizard","target_id":"TorNetworkSettings"}
INST 0cf143d3ec6404fe 2016-03-28T21:41:34.600Z {"type":"click","target_tagname":"wizard","target_id":"TorNetworkSettings","detail":1}
INST 0cf143d3ec6404fe 2016-03-28T21:41:34.600Z {"type":"pagehide","target_tagname":"wizardpage","target_id":"bridgeSettings"}
INST 0cf143d3ec6404fe 2016-03-28T21:41:34.600Z {"type":"pageadvanced","target_tagname":"wizardpage","target_id":"bridgeSettings"}
INST 0cf143d3ec6404fe 2016-03-28T21:41:34.600Z {"type":"wizardnext","target_tagname":"wizard","target_id":"TorNetworkSettings"}
INST 0cf143d3ec6404fe 2016-03-28T21:41:34.600Z {"type":"pageshow","target_tagname":"wizardpage","target_id":"proxy"}
INST 0cf143d3ec6404fe 2016-03-28T21:41:34.600Z {"type":"command","target_tagname":"wizard","target_id":"TorNetworkSettings"}
INST 0cf143d3ec6404fe 2016-03-28T21:41:40.000Z {"type":"click","target_tagname":"wizard","target_id":"TorNetworkSettings","detail":1}
INST 0cf143d3ec6404fe 2016-03-28T21:41:40.000Z {"type":"pagehide","target_tagname":"wizardpage","target_id":"proxy"}
INST 0cf143d3ec6404fe 2016-03-28T21:41:40.000Z {"type":"pageadvanced","target_tagname":"wizardpage","target_id":"proxy"}
INST 0cf143d3ec6404fe 2016-03-28T21:41:40.000Z {"type":"wizardnext","target_tagname":"wizard","target_id":"TorNetworkSettings"}
INST 0cf143d3ec6404fe 2016-03-28T21:41:40.000Z {"type":"pageshow","target_tagname":"wizardpage","target_id":"proxyYES"}
INST 0cf143d3ec6404fe 2016-03-28T21:41:40.000Z {"type":"command","target_tagname":"wizard","target_id":"TorNetworkSettings"}
INST 0cf143d3ec6404fe 2016-03-28T21:41:41.100Z {"type":"popupshown","target_tagname":"menupopup","target_id":"proxyType_menuPopup"}
INST 0cf143d3ec6404fe 2016-03-28T21:41:41.100Z {"type":"click","target_tagname":"menulist","target_id":"proxyType","value":"HTTP","detail":1}
INST 0cf143d3ec6404fe 2016-03-28T21:41:41.300Z {"type":"mouseover","target_tagname":"menuitem","target_id":"","value":""}
INST 0cf143d3ec6404fe 2016-03-28T21:41:41.300Z {"type":"mouseout","target_tagname":"menuitem","target_id":"","value":""}
INST 0cf143d3ec6404fe 2016-03-28T21:41:41.300Z {"type":"mouseover","target_tagname":"menuitem","target_id":"","value":"SOCKS4"}
INST 0cf143d3ec6404fe 2016-03-28T21:41:41.700Z {"type":"click","target_tagname":"menuitem","target_id":"","value":"SOCKS4","detail":1}
INST 0cf143d3ec6404fe 2016-03-28T21:41:41.700Z {"type":"select","target_tagname":"menulist","target_id":"proxyType","value":"SOCKS4"}
INST 0cf143d3ec6404fe 2016-03-28T21:41:41.700Z {"type":"command","target_tagname":"menuitem","target_id":"","value":"SOCKS4"}
INST 0cf143d3ec6404fe 2016-03-28T21:41:41.700Z {"type":"popuphidden","target_tagname":"menupopup","target_id":"proxyType_menuPopup"}
INST 0cf143d3ec6404fe 2016-03-28T21:41:41.800Z {"type":"mouseout","target_tagname":"menuitem","target_id":"","value":"SOCKS4"}
INST 0cf143d3ec6404fe 2016-03-28T21:41:43.100Z {"type":"click","target_tagname":"wizard","target_id":"TorNetworkSettings","detail":1}
INST 0cf143d3ec6404fe 2016-03-28T21:41:43.100Z {"type":"pagehide","target_tagname":"wizardpage","target_id":"proxyYES"}
INST 0cf143d3ec6404fe 2016-03-28T21:41:43.100Z {"type":"pageadvanced","target_tagname":"wizardpage","target_id":"proxyYES"}
INST 0cf143d3ec6404fe 2016-03-28T21:41:43.100Z {"type":"wizardfinish","target_tagname":"wizard","target_id":"TorNetworkSettings"}
INST 0cf143d3ec6404fe 2016-03-28T21:41:43.200Z {"type":"load","target_id":"progress_bar"}
INST 0cf143d3ec6404fe 2016-03-28T21:41:50.800Z {"type":"progresschanged","target_tagname":"progressmeter","target_id":"progressMeter","value":"5"}
INST 0cf143d3ec6404fe 2016-03-28T21:41:50.800Z {"type":"progresschanged","target_tagname":"progressmeter","target_id":"progressMeter","value":"10"}
INST 0cf143d3ec6404fe 2016-03-28T21:50:02.100Z {"type":"dialogcancel","target_tagname":"dialog","target_id":"TorProgress"}
INST 0cf143d3ec6404fe 2016-03-28T21:50:02.100Z {"type":"command","target_tagname":"wizard","target_id":"TorNetworkSettings"}
INST 0cf143d3ec6404fe 2016-03-28T21:50:03.000Z {"type":"select","target_tagname":"textbox","target_id":"proxyAddr"}
INST 0cf143d3ec6404fe 2016-03-28T21:50:03.100Z {"type":"click","target_tagname":"textbox","target_id":"proxyAddr","detail":1}
INST 0cf143d3ec6404fe 2016-03-28T21:50:07.200Z {"type":"popupshown","target_tagname":"menupopup","target_id":"proxyType_menuPopup"}
INST 0cf143d3ec6404fe 2016-03-28T21:50:07.200Z {"type":"click","target_tagname":"menulist","target_id":"proxyType","value":"SOCKS4","detail":1}
INST 0cf143d3ec6404fe 2016-03-28T21:50:07.900Z {"type":"mouseover","target_tagname":"menuitem","target_id":"","value":""}
INST 0cf143d3ec6404fe 2016-03-28T21:50:08.600Z {"type":"mouseout","target_tagname":"menuitem","target_id":"","value":""}
INST 0cf143d3ec6404fe 2016-03-28T21:50:08.600Z {"type":"mouseover","target_tagname":"menuitem","target_id":"","value":"SOCKS4"}
INST 0cf143d3ec6404fe 2016-03-28T21:50:08.700Z {"type":"mouseout","target_tagname":"menuitem","target_id":"","value":"SOCKS4"}
INST 0cf143d3ec6404fe 2016-03-28T21:50:08.700Z {"type":"mouseover","target_tagname":"menuitem","target_id":"","value":""}
INST 0cf143d3ec6404fe 2016-03-28T21:50:09.000Z {"type":"click","target_tagname":"menuitem","target_id":"","value":"","detail":1}
INST 0cf143d3ec6404fe 2016-03-28T21:50:09.000Z {"type":"select","target_tagname":"menulist","target_id":"proxyType","value":""}
INST 0cf143d3ec6404fe 2016-03-28T21:50:09.000Z {"type":"command","target_tagname":"menuitem","target_id":"","value":""}
INST 0cf143d3ec6404fe 2016-03-28T21:50:09.000Z {"type":"popuphidden","target_tagname":"menupopup","target_id":"proxyType_menuPopup"}
INST 0cf143d3ec6404fe 2016-03-28T21:50:09.000Z {"type":"mouseout","target_tagname":"menuitem","target_id":"","value":""}
INST 0cf143d3ec6404fe 2016-03-28T21:50:11.300Z {"type":"click","target_tagname":"wizard","target_id":"TorNetworkSettings","detail":1}
INST 0cf143d3ec6404fe 2016-03-28T21:50:11.300Z {"type":"pagehide","target_tagname":"wizardpage","target_id":"proxyYES"}
INST 0cf143d3ec6404fe 2016-03-28T21:50:11.300Z {"type":"pageadvanced","target_tagname":"wizardpage","target_id":"proxyYES"}
INST 0cf143d3ec6404fe 2016-03-28T21:50:11.300Z {"type":"alert_show","target_id":"failed_to_save_settings","value":"Unable to save Tor settings.\n\nYou must select the proxy type."}
INST 0cf143d3ec6404fe 2016-03-28T21:50:12.700Z {"type":"alert_exit","target_id":"failed_to_save_settings","value":"Unable to save Tor settings.\n\nYou must select the proxy type."}
INST 0cf143d3ec6404fe 2016-03-28T21:50:12.700Z {"type":"command","target_tagname":"wizard","target_id":"TorNetworkSettings"}
INST 0cf143d3ec6404fe 2016-03-28T21:50:13.300Z {"type":"popupshown","target_tagname":"menupopup","target_id":"proxyType_menuPopup"}
INST 0cf143d3ec6404fe 2016-03-28T21:50:13.400Z {"type":"click","target_tagname":"menulist","target_id":"proxyType","value":"","detail":1}
INST 0cf143d3ec6404fe 2016-03-28T21:50:13.500Z {"type":"mouseover","target_tagname":"menuitem","target_id":"","value":""}
INST 0cf143d3ec6404fe 2016-03-28T21:50:13.600Z {"type":"mouseout","target_tagname":"menuitem","target_id":"","value":""}
INST 0cf143d3ec6404fe 2016-03-28T21:50:13.600Z {"type":"mouseover","target_tagname":"menuitem","target_id":"","value":"SOCKS4"}
INST 0cf143d3ec6404fe 2016-03-28T21:50:13.900Z {"type":"click","target_tagname":"menuitem","target_id":"","value":"SOCKS4","detail":1}
INST 0cf143d3ec6404fe 2016-03-28T21:50:13.900Z {"type":"select","target_tagname":"menulist","target_id":"proxyType","value":"SOCKS4"}
INST 0cf143d3ec6404fe 2016-03-28T21:50:13.900Z {"type":"command","target_tagname":"menuitem","target_id":"","value":"SOCKS4"}
INST 0cf143d3ec6404fe 2016-03-28T21:50:13.900Z {"type":"popuphidden","target_tagname":"menupopup","target_id":"proxyType_menuPopup"}
INST 0cf143d3ec6404fe 2016-03-28T21:50:13.900Z {"type":"mouseout","target_tagname":"menuitem","target_id":"","value":"SOCKS4"}
INST 0cf143d3ec6404fe 2016-03-28T21:50:16.000Z {"type":"popupshown","target_tagname":"menupopup","target_id":"proxyType_menuPopup"}
INST 0cf143d3ec6404fe 2016-03-28T21:50:16.100Z {"type":"click","target_tagname":"menulist","target_id":"proxyType","value":"SOCKS4","detail":1}
INST 0cf143d3ec6404fe 2016-03-28T21:50:16.200Z {"type":"mouseover","target_tagname":"menuitem","target_id":"","value":""}
INST 0cf143d3ec6404fe 2016-03-28T21:50:16.300Z {"type":"mouseout","target_tagname":"menuitem","target_id":"","value":""}
INST 0cf143d3ec6404fe 2016-03-28T21:50:16.300Z {"type":"mouseover","target_tagname":"menuitem","target_id":"","value":"SOCKS4"}
INST 0cf143d3ec6404fe 2016-03-28T21:50:16.500Z {"type":"mouseout","target_tagname":"menuitem","target_id":"","value":"SOCKS4"}
INST 0cf143d3ec6404fe 2016-03-28T21:50:16.500Z {"type":"mouseover","target_tagname":"menuitem","target_id":"","value":"SOCKS5"}
INST 0cf143d3ec6404fe 2016-03-28T21:50:17.100Z {"type":"click","target_tagname":"menuitem","target_id":"","value":"SOCKS5","detail":1}
INST 0cf143d3ec6404fe 2016-03-28T21:50:17.100Z {"type":"select","target_tagname":"menulist","target_id":"proxyType","value":"SOCKS5"}
INST 0cf143d3ec6404fe 2016-03-28T21:50:17.100Z {"type":"command","target_tagname":"menuitem","target_id":"","value":"SOCKS5"}
INST 0cf143d3ec6404fe 2016-03-28T21:50:17.100Z {"type":"popuphidden","target_tagname":"menupopup","target_id":"proxyType_menuPopup"}
INST 0cf143d3ec6404fe 2016-03-28T21:50:17.200Z {"type":"mouseout","target_tagname":"menuitem","target_id":"","value":"SOCKS5"}
INST 0cf143d3ec6404fe 2016-03-28T21:50:33.200Z {"type":"click","target_tagname":"wizard","target_id":"TorNetworkSettings","detail":1}
INST 0cf143d3ec6404fe 2016-03-28T21:50:33.200Z {"type":"pagehide","target_tagname":"wizardpage","target_id":"proxyYES"}
INST 0cf143d3ec6404fe 2016-03-28T21:50:33.200Z {"type":"pageadvanced","target_tagname":"wizardpage","target_id":"proxyYES"}
INST 0cf143d3ec6404fe 2016-03-28T21:50:33.200Z {"type":"wizardfinish","target_tagname":"wizard","target_id":"TorNetworkSettings"}
INST 0cf143d3ec6404fe 2016-03-28T21:50:33.300Z {"type":"load","target_id":"progress_bar"}
INST 0cf143d3ec6404fe 2016-03-28T21:58:41.800Z {"type":"click","target_tagname":"dialog","target_id":"TorProgress","detail":1}
INST 0cf143d3ec6404fe 2016-03-28T21:58:41.800Z {"type":"dialogcancel","target_tagname":"dialog","target_id":"TorProgress"}
INST 0cf143d3ec6404fe 2016-03-28T21:58:41.800Z {"type":"command","target_tagname":"dialog","target_id":"TorProgress"}
INST 0cf143d3ec6404fe 2016-03-28T21:58:41.800Z {"type":"command","target_tagname":"wizard","target_id":"TorNetworkSettings"}
INST 0cf143d3ec6404fe 2016-03-28T21:58:42.900Z {"type":"click","target_tagname":"wizard","target_id":"TorNetworkSettings","detail":1}
INST 0cf143d3ec6404fe 2016-03-28T21:58:42.900Z {"type":"wizardcancel","target_tagname":"wizard","target_id":"TorNetworkSettings"}
INST 0cf143d3ec6404fe 2016-03-28T21:58:42.900Z {"type":"command","target_tagname":"wizard","target_id":"TorNetworkSettings"}
INST 0cf143d3ec6404fe 2016-03-28T21:58:42.900Z {"type":"unload","target_id":"configuration"}
INST fdea9018f2186f3b 2016-03-28T21:58:45.100Z {"type":"start"}
INST fdea9018f2186f3b 2016-03-28T21:58:45.200Z {"type":"select","target_tagname":"menulist","target_id":"proxyType","value":""}
INST fdea9018f2186f3b 2016-03-28T21:58:45.200Z {"type":"wizardnext","target_tagname":"wizard","target_id":"TorNetworkSettings"}
INST fdea9018f2186f3b 2016-03-28T21:58:45.200Z {"type":"pageshow","target_tagname":"wizardpage","target_id":"first"}
INST fdea9018f2186f3b 2016-03-28T21:58:46.300Z {"type":"load","target_id":"configuration"}
INST fdea9018f2186f3b 2016-03-28T21:58:46.300Z {"type":"select","target_tagname":"menulist","target_id":"defaultBridgeType","value":"obfs3"}
INST fdea9018f2186f3b 2016-03-28T21:58:46.300Z {"type":"pageshow","target_tagname":"wizardpage","target_id":"errorPanel"}
INST fdea9018f2186f3b 2016-03-28T21:58:53.200Z {"type":"click","target_tagname":"button","target_id":"restartTorButton","detail":1}
INST fdea9018f2186f3b 2016-03-28T21:58:53.300Z {"type":"pageshow","target_tagname":"wizardpage","target_id":"startingTor"}
INST fdea9018f2186f3b 2016-03-28T21:58:53.300Z {"type":"command","target_tagname":"button","target_id":"restartTorButton"}
INST fdea9018f2186f3b 2016-03-28T21:58:54.300Z {"type":"pageshow","target_tagname":"wizardpage","target_id":"errorPanel"}
INST fdea9018f2186f3b 2016-03-28T21:58:55.400Z {"type":"click","target_tagname":"button","target_id":"restartTorButton","detail":1}
INST fdea9018f2186f3b 2016-03-28T21:58:55.500Z {"type":"pageshow","target_tagname":"wizardpage","target_id":"startingTor"}
INST fdea9018f2186f3b 2016-03-28T21:58:55.500Z {"type":"command","target_tagname":"button","target_id":"restartTorButton"}
INST fdea9018f2186f3b 2016-03-28T21:58:56.500Z {"type":"pageshow","target_tagname":"wizardpage","target_id":"errorPanel"}
INST fdea9018f2186f3b 2016-03-28T21:58:57.000Z {"type":"click","target_tagname":"button","target_id":"restartTorButton","detail":1}
INST fdea9018f2186f3b 2016-03-28T21:58:57.100Z {"type":"pageshow","target_tagname":"wizardpage","target_id":"startingTor"}
INST fdea9018f2186f3b 2016-03-28T21:58:57.100Z {"type":"command","target_tagname":"button","target_id":"restartTorButton"}
INST fdea9018f2186f3b 2016-03-28T21:58:58.100Z {"type":"pageshow","target_tagname":"wizardpage","target_id":"errorPanel"}
INST fdea9018f2186f3b 2016-03-28T21:58:58.600Z {"type":"click","target_tagname":"button","target_id":"restartTorButton","detail":1}
INST fdea9018f2186f3b 2016-03-28T21:58:58.600Z {"type":"pageshow","target_tagname":"wizardpage","target_id":"startingTor"}
INST fdea9018f2186f3b 2016-03-28T21:58:58.600Z {"type":"command","target_tagname":"button","target_id":"restartTorButton"}
INST fdea9018f2186f3b 2016-03-28T21:58:59.700Z {"type":"pageshow","target_tagname":"wizardpage","target_id":"errorPanel"}
INST fdea9018f2186f3b 2016-03-28T21:59:01.100Z {"type":"wizardcancel","target_tagname":"wizard","target_id":"TorNetworkSettings"}
INST fdea9018f2186f3b 2016-03-28T21:59:01.100Z {"type":"unload","target_id":"configuration"}
INST 1293361374e675bb 2016-03-28T21:59:26.500Z {"type":"start"}
INST 1293361374e675bb 2016-03-28T21:59:26.600Z {"type":"select","target_tagname":"menulist","target_id":"proxyType","value":""}
INST 1293361374e675bb 2016-03-28T21:59:26.600Z {"type":"wizardnext","target_tagname":"wizard","target_id":"TorNetworkSettings"}
INST 1293361374e675bb 2016-03-28T21:59:26.600Z {"type":"pageshow","target_tagname":"wizardpage","target_id":"first"}
INST 1293361374e675bb 2016-03-28T21:59:27.200Z {"type":"load","target_id":"configuration"}
INST 1293361374e675bb 2016-03-28T21:59:27.200Z {"type":"select","target_tagname":"menulist","target_id":"defaultBridgeType","value":"obfs3"}
INST 1293361374e675bb 2016-03-28T21:59:27.300Z {"type":"select","target_tagname":"menulist","target_id":"proxyType","value":"SOCKS5"}
INST 1293361374e675bb 2016-03-28T21:59:30.200Z {"type":"click","target_tagname":"button","target_id":"configure_button","detail":1}
INST 1293361374e675bb 2016-03-28T21:59:30.200Z {"type":"pagehide","target_tagname":"wizardpage","target_id":"first"}
INST 1293361374e675bb 2016-03-28T21:59:30.200Z {"type":"pageadvanced","target_tagname":"wizardpage","target_id":"first"}
INST 1293361374e675bb 2016-03-28T21:59:30.200Z {"type":"wizardnext","target_tagname":"wizard","target_id":"TorNetworkSettings"}
INST 1293361374e675bb 2016-03-28T21:59:30.200Z {"type":"pageshow","target_tagname":"wizardpage","target_id":"bridges"}
INST 1293361374e675bb 2016-03-28T21:59:30.200Z {"type":"command","target_tagname":"button","target_id":"configure_button"}
INST 1293361374e675bb 2016-03-28T21:59:32.300Z {"type":"click","target_tagname":"wizard","target_id":"TorNetworkSettings","detail":1}
INST 1293361374e675bb 2016-03-28T21:59:32.300Z {"type":"pagehide","target_tagname":"wizardpage","target_id":"bridges"}
INST 1293361374e675bb 2016-03-28T21:59:32.300Z {"type":"pageadvanced","target_tagname":"wizardpage","target_id":"bridges"}
INST 1293361374e675bb 2016-03-28T21:59:32.300Z {"type":"wizardnext","target_tagname":"wizard","target_id":"TorNetworkSettings"}
INST 1293361374e675bb 2016-03-28T21:59:32.300Z {"type":"pageshow","target_tagname":"wizardpage","target_id":"bridgeSettings"}
INST 1293361374e675bb 2016-03-28T21:59:32.300Z {"type":"command","target_tagname":"wizard","target_id":"TorNetworkSettings"}
INST 1293361374e675bb 2016-03-28T21:59:35.600Z {"type":"popupshown","target_tagname":"menupopup","target_id":"defaultBridgeType_menuPopup"}
INST 1293361374e675bb 2016-03-28T21:59:35.700Z {"type":"click","target_tagname":"menulist","target_id":"defaultBridgeType","value":"obfs3","detail":1}
INST 1293361374e675bb 2016-03-28T21:59:36.600Z {"type":"popuphidden","target_tagname":"menupopup","target_id":"defaultBridgeType_menuPopup"}
INST 1293361374e675bb 2016-03-28T21:59:37.900Z {"type":"click","target_tagname":"wizard","target_id":"TorNetworkSettings","detail":1}
INST 1293361374e675bb 2016-03-28T21:59:37.900Z {"type":"pagehide","target_tagname":"wizardpage","target_id":"bridgeSettings"}
INST 1293361374e675bb 2016-03-28T21:59:37.900Z {"type":"pageadvanced","target_tagname":"wizardpage","target_id":"bridgeSettings"}
INST 1293361374e675bb 2016-03-28T21:59:37.900Z {"type":"wizardnext","target_tagname":"wizard","target_id":"TorNetworkSettings"}
INST 1293361374e675bb 2016-03-28T21:59:37.900Z {"type":"pageshow","target_tagname":"wizardpage","target_id":"proxy"}
INST 1293361374e675bb 2016-03-28T21:59:37.900Z {"type":"command","target_tagname":"wizard","target_id":"TorNetworkSettings"}
INST 1293361374e675bb 2016-03-28T21:59:39.300Z {"type":"click","target_tagname":"wizard","target_id":"TorNetworkSettings","detail":1}
INST 1293361374e675bb 2016-03-28T21:59:39.300Z {"type":"pagehide","target_tagname":"wizardpage","target_id":"proxy"}
INST 1293361374e675bb 2016-03-28T21:59:39.300Z {"type":"pageadvanced","target_tagname":"wizardpage","target_id":"proxy"}
INST 1293361374e675bb 2016-03-28T21:59:39.300Z {"type":"wizardnext","target_tagname":"wizard","target_id":"TorNetworkSettings"}
INST 1293361374e675bb 2016-03-28T21:59:39.300Z {"type":"pageshow","target_tagname":"wizardpage","target_id":"proxyYES"}
INST 1293361374e675bb 2016-03-28T21:59:39.300Z {"type":"command","target_tagname":"wizard","target_id":"TorNetworkSettings"}
INST 1293361374e675bb 2016-03-28T21:59:42.400Z {"type":"click","target_tagname":"wizard","target_id":"TorNetworkSettings","detail":1}
INST 1293361374e675bb 2016-03-28T21:59:42.400Z {"type":"pagehide","target_tagname":"wizardpage","target_id":"proxyYES"}
INST 1293361374e675bb 2016-03-28T21:59:42.400Z {"type":"pageadvanced","target_tagname":"wizardpage","target_id":"proxyYES"}
INST 1293361374e675bb 2016-03-28T21:59:42.400Z {"type":"wizardfinish","target_tagname":"wizard","target_id":"TorNetworkSettings"}
INST 1293361374e675bb 2016-03-28T21:59:42.500Z {"type":"load","target_id":"progress_bar"}
INST 1293361374e675bb 2016-03-28T21:59:50.000Z {"type":"progresschanged","target_tagname":"progressmeter","target_id":"progressMeter","value":"5"}
INST 1293361374e675bb 2016-03-28T21:59:50.000Z {"type":"progresschanged","target_tagname":"progressmeter","target_id":"progressMeter","value":"10"}
INST 1293361374e675bb 2016-03-28T22:05:54.200Z {"type":"click","target_tagname":"description","target_id":"progressDesc","detail":1}
INST 1293361374e675bb 2016-03-28T22:05:54.800Z {"type":"dialogcancel","target_tagname":"dialog","target_id":"TorProgress"}
INST 1293361374e675bb 2016-03-28T22:05:54.800Z {"type":"command","target_tagname":"wizard","target_id":"TorNetworkSettings"}
INST 1293361374e675bb 2016-03-28T22:05:55.600Z {"type":"click","target_tagname":"wizardpage","target_id":"proxyYES","detail":1}
INST 1293361374e675bb 2016-03-28T22:05:55.700Z {"type":"wizardcancel","target_tagname":"wizard","target_id":"TorNetworkSettings"}
INST 1293361374e675bb 2016-03-28T22:05:55.700Z {"type":"unload","target_id":"configuration"}
