INST 459d3f1cd9ff5c2d 2016-03-28T23:22:09.800Z {"type":"start"}
INST 459d3f1cd9ff5c2d 2016-03-28T23:22:10.800Z {"type":"select","target_tagname":"menulist","target_id":"proxyType","value":""}
INST 459d3f1cd9ff5c2d 2016-03-28T23:22:10.800Z {"type":"wizardnext","target_tagname":"wizard","target_id":"TorNetworkSettings"}
INST 459d3f1cd9ff5c2d 2016-03-28T23:22:10.800Z {"type":"pageshow","target_tagname":"wizardpage","target_id":"first"}
INST 459d3f1cd9ff5c2d 2016-03-28T23:22:10.900Z {"type":"load","target_id":"configuration"}
INST 459d3f1cd9ff5c2d 2016-03-28T23:22:10.900Z {"type":"select","target_tagname":"menulist","target_id":"defaultBridgeType","value":"obfs3"}
INST 459d3f1cd9ff5c2d 2016-03-28T23:22:21.800Z {"type":"click","target_tagname":"button","target_id":"configure_button","detail":1}
INST 459d3f1cd9ff5c2d 2016-03-28T23:22:21.800Z {"type":"pagehide","target_tagname":"wizardpage","target_id":"first"}
INST 459d3f1cd9ff5c2d 2016-03-28T23:22:21.800Z {"type":"pageadvanced","target_tagname":"wizardpage","target_id":"first"}
INST 459d3f1cd9ff5c2d 2016-03-28T23:22:21.800Z {"type":"wizardnext","target_tagname":"wizard","target_id":"TorNetworkSettings"}
INST 459d3f1cd9ff5c2d 2016-03-28T23:22:21.800Z {"type":"pageshow","target_tagname":"wizardpage","target_id":"bridges"}
INST 459d3f1cd9ff5c2d 2016-03-28T23:22:21.800Z {"type":"command","target_tagname":"button","target_id":"configure_button"}
INST 459d3f1cd9ff5c2d 2016-03-28T23:22:25.100Z {"type":"click","target_tagname":"radio","target_id":"bridgesRadioYes","detail":1}
INST 459d3f1cd9ff5c2d 2016-03-28T23:22:25.100Z {"type":"command","target_tagname":"radio","target_id":"bridgesRadioYes"}
INST 459d3f1cd9ff5c2d 2016-03-28T23:22:28.100Z {"type":"click","target_tagname":"wizard","target_id":"TorNetworkSettings","detail":1}
INST 459d3f1cd9ff5c2d 2016-03-28T23:22:28.100Z {"type":"pagehide","target_tagname":"wizardpage","target_id":"bridges"}
INST 459d3f1cd9ff5c2d 2016-03-28T23:22:28.100Z {"type":"pageadvanced","target_tagname":"wizardpage","target_id":"bridges"}
INST 459d3f1cd9ff5c2d 2016-03-28T23:22:28.100Z {"type":"wizardnext","target_tagname":"wizard","target_id":"TorNetworkSettings"}
INST 459d3f1cd9ff5c2d 2016-03-28T23:22:28.100Z {"type":"pageshow","target_tagname":"wizardpage","target_id":"bridgeSettings"}
INST 459d3f1cd9ff5c2d 2016-03-28T23:22:28.100Z {"type":"command","target_tagname":"wizard","target_id":"TorNetworkSettings"}
INST 459d3f1cd9ff5c2d 2016-03-28T23:22:29.500Z {"type":"popupshown","target_tagname":"menupopup","target_id":"defaultBridgeType_menuPopup"}
INST 459d3f1cd9ff5c2d 2016-03-28T23:22:29.600Z {"type":"click","target_tagname":"menulist","target_id":"defaultBridgeType","value":"obfs3","detail":1}
INST 459d3f1cd9ff5c2d 2016-03-28T23:22:30.100Z {"type":"popuphidden","target_tagname":"menupopup","target_id":"defaultBridgeType_menuPopup"}
INST 459d3f1cd9ff5c2d 2016-03-28T23:22:32.100Z {"type":"click","target_tagname":"hbox","target_id":"bridgeDefaultEntry","detail":1}
INST 459d3f1cd9ff5c2d 2016-03-28T23:22:34.700Z {"type":"click","target_tagname":"wizard","target_id":"TorNetworkSettings","detail":1}
INST 459d3f1cd9ff5c2d 2016-03-28T23:22:34.700Z {"type":"pagehide","target_tagname":"wizardpage","target_id":"bridgeSettings"}
INST 459d3f1cd9ff5c2d 2016-03-28T23:22:34.700Z {"type":"pageadvanced","target_tagname":"wizardpage","target_id":"bridgeSettings"}
INST 459d3f1cd9ff5c2d 2016-03-28T23:22:34.700Z {"type":"wizardnext","target_tagname":"wizard","target_id":"TorNetworkSettings"}
INST 459d3f1cd9ff5c2d 2016-03-28T23:22:34.700Z {"type":"pageshow","target_tagname":"wizardpage","target_id":"proxy"}
INST 459d3f1cd9ff5c2d 2016-03-28T23:22:34.700Z {"type":"command","target_tagname":"wizard","target_id":"TorNetworkSettings"}
INST 459d3f1cd9ff5c2d 2016-03-28T23:22:45.400Z {"type":"click","target_tagname":"wizard","target_id":"TorNetworkSettings","detail":1}
INST 459d3f1cd9ff5c2d 2016-03-28T23:23:19.100Z {"type":"click","detail":1}
INST 459d3f1cd9ff5c2d 2016-03-28T23:23:22.500Z {"type":"click","target_tagname":"radio","target_id":"proxyRadioYes","detail":1}
INST 459d3f1cd9ff5c2d 2016-03-28T23:23:22.500Z {"type":"command","target_tagname":"radio","target_id":"proxyRadioYes"}
INST 459d3f1cd9ff5c2d 2016-03-28T23:23:28.400Z {"type":"click","target_tagname":"wizard","target_id":"TorNetworkSettings","detail":1}
INST 459d3f1cd9ff5c2d 2016-03-28T23:23:28.400Z {"type":"pagehide","target_tagname":"wizardpage","target_id":"proxy"}
INST 459d3f1cd9ff5c2d 2016-03-28T23:23:28.400Z {"type":"pageadvanced","target_tagname":"wizardpage","target_id":"proxy"}
INST 459d3f1cd9ff5c2d 2016-03-28T23:23:28.400Z {"type":"wizardnext","target_tagname":"wizard","target_id":"TorNetworkSettings"}
INST 459d3f1cd9ff5c2d 2016-03-28T23:23:28.400Z {"type":"pageshow","target_tagname":"wizardpage","target_id":"proxyYES"}
INST 459d3f1cd9ff5c2d 2016-03-28T23:23:28.400Z {"type":"command","target_tagname":"wizard","target_id":"TorNetworkSettings"}
INST 459d3f1cd9ff5c2d 2016-03-28T23:23:30.600Z {"type":"popupshown","target_tagname":"menupopup","target_id":"proxyType_menuPopup"}
INST 459d3f1cd9ff5c2d 2016-03-28T23:23:30.700Z {"type":"click","target_tagname":"menulist","target_id":"proxyType","value":"","detail":1}
INST 459d3f1cd9ff5c2d 2016-03-28T23:23:31.800Z {"type":"popuphidden","target_tagname":"menupopup","target_id":"proxyType_menuPopup"}
INST 459d3f1cd9ff5c2d 2016-03-28T23:23:42.100Z {"type":"click","target_tagname":"label","target_id":"","detail":1}
INST 459d3f1cd9ff5c2d 2016-03-28T23:23:43.300Z {"type":"click","target_tagname":"wizard","target_id":"TorNetworkSettings","detail":1}
INST 459d3f1cd9ff5c2d 2016-03-28T23:23:43.300Z {"type":"pagehide","target_tagname":"wizardpage","target_id":"proxyYES"}
INST 459d3f1cd9ff5c2d 2016-03-28T23:23:43.300Z {"type":"pagerewound","target_tagname":"wizardpage","target_id":"proxyYES"}
INST 459d3f1cd9ff5c2d 2016-03-28T23:23:43.300Z {"type":"wizardback","target_tagname":"wizard","target_id":"TorNetworkSettings"}
INST 459d3f1cd9ff5c2d 2016-03-28T23:23:43.300Z {"type":"pageshow","target_tagname":"wizardpage","target_id":"proxy"}
INST 459d3f1cd9ff5c2d 2016-03-28T23:23:43.300Z {"type":"command","target_tagname":"wizard","target_id":"TorNetworkSettings"}
INST 459d3f1cd9ff5c2d 2016-03-28T23:23:44.200Z {"type":"click","target_tagname":"radio","target_id":"proxyRadioNo","detail":1}
INST 459d3f1cd9ff5c2d 2016-03-28T23:23:44.200Z {"type":"command","target_tagname":"radio","target_id":"proxyRadioNo"}
INST 459d3f1cd9ff5c2d 2016-03-28T23:23:45.100Z {"type":"click","target_tagname":"wizard","target_id":"TorNetworkSettings","detail":1}
INST 459d3f1cd9ff5c2d 2016-03-28T23:23:45.100Z {"type":"pagehide","target_tagname":"wizardpage","target_id":"proxy"}
INST 459d3f1cd9ff5c2d 2016-03-28T23:23:45.100Z {"type":"pageadvanced","target_tagname":"wizardpage","target_id":"proxy"}
INST 459d3f1cd9ff5c2d 2016-03-28T23:23:45.100Z {"type":"wizardfinish","target_tagname":"wizard","target_id":"TorNetworkSettings"}
INST 459d3f1cd9ff5c2d 2016-03-28T23:23:45.200Z {"type":"load","target_id":"progress_bar"}
INST 459d3f1cd9ff5c2d 2016-03-28T23:23:51.400Z {"type":"progresschanged","target_tagname":"progressmeter","target_id":"progressMeter","value":"5"}
INST 459d3f1cd9ff5c2d 2016-03-28T23:23:51.400Z {"type":"progresschanged","target_tagname":"progressmeter","target_id":"progressMeter","value":"10"}
INST 459d3f1cd9ff5c2d 2016-03-28T23:23:52.500Z {"type":"progresschanged","target_tagname":"progressmeter","target_id":"progressMeter","value":"15"}
INST 459d3f1cd9ff5c2d 2016-03-28T23:23:52.700Z {"type":"progresschanged","target_tagname":"progressmeter","target_id":"progressMeter","value":"20"}
INST 459d3f1cd9ff5c2d 2016-03-28T23:23:53.300Z {"type":"progresschanged","target_tagname":"progressmeter","target_id":"progressMeter","value":"25"}
INST 459d3f1cd9ff5c2d 2016-03-28T23:23:55.100Z {"type":"progresschanged","target_tagname":"progressmeter","target_id":"progressMeter","value":"40"}
INST 459d3f1cd9ff5c2d 2016-03-28T23:23:55.700Z {"type":"progresschanged","target_tagname":"progressmeter","target_id":"progressMeter","value":"45"}
INST 459d3f1cd9ff5c2d 2016-03-28T23:23:55.900Z {"type":"progresschanged","target_tagname":"progressmeter","target_id":"progressMeter","value":"50"}
INST 459d3f1cd9ff5c2d 2016-03-28T23:23:57.000Z {"type":"progresschanged","target_tagname":"progressmeter","target_id":"progressMeter","value":"50"}
INST 459d3f1cd9ff5c2d 2016-03-28T23:23:57.700Z {"type":"progresschanged","target_tagname":"progressmeter","target_id":"progressMeter","value":"50"}
INST 459d3f1cd9ff5c2d 2016-03-28T23:23:57.900Z {"type":"progresschanged","target_tagname":"progressmeter","target_id":"progressMeter","value":"50"}
INST 459d3f1cd9ff5c2d 2016-03-28T23:23:58.800Z {"type":"progresschanged","target_tagname":"progressmeter","target_id":"progressMeter","value":"55"}
INST 459d3f1cd9ff5c2d 2016-03-28T23:23:58.900Z {"type":"progresschanged","target_tagname":"progressmeter","target_id":"progressMeter","value":"55"}
INST 459d3f1cd9ff5c2d 2016-03-28T23:23:59.000Z {"type":"progresschanged","target_tagname":"progressmeter","target_id":"progressMeter","value":"61"}
INST 459d3f1cd9ff5c2d 2016-03-28T23:24:00.300Z {"type":"progresschanged","target_tagname":"progressmeter","target_id":"progressMeter","value":"66"}
INST 459d3f1cd9ff5c2d 2016-03-28T23:24:00.300Z {"type":"progresschanged","target_tagname":"progressmeter","target_id":"progressMeter","value":"72"}
INST 459d3f1cd9ff5c2d 2016-03-28T23:24:01.000Z {"type":"progresschanged","target_tagname":"progressmeter","target_id":"progressMeter","value":"78"}
INST 459d3f1cd9ff5c2d 2016-03-28T23:24:01.400Z {"type":"progresschanged","target_tagname":"progressmeter","target_id":"progressMeter","value":"78"}
INST 459d3f1cd9ff5c2d 2016-03-28T23:24:01.400Z {"type":"progresschanged","target_tagname":"progressmeter","target_id":"progressMeter","value":"90"}
INST 459d3f1cd9ff5c2d 2016-03-28T23:24:03.600Z {"type":"progresschanged","target_tagname":"progressmeter","target_id":"progressMeter","value":"100"}
INST 459d3f1cd9ff5c2d 2016-03-28T23:24:03.800Z {"type":"unload","target_id":"progress_bar"}
INST 459d3f1cd9ff5c2d 2016-03-28T23:24:03.800Z {"type":"command","target_tagname":"wizard","target_id":"TorNetworkSettings"}
INST 459d3f1cd9ff5c2d 2016-03-28T23:24:03.800Z {"type":"unload","target_id":"configuration"}
INST 170bbfe09341eea2 2016-03-28T23:41:26.400Z {"type":"start"}
INST 170bbfe09341eea2 2016-03-28T23:41:27.300Z {"type":"load","target_id":"progress_bar"}
INST 170bbfe09341eea2 2016-03-28T23:41:34.200Z {"type":"progresschanged","target_tagname":"progressmeter","target_id":"progressMeter","value":"5"}
INST 170bbfe09341eea2 2016-03-28T23:41:34.200Z {"type":"progresschanged","target_tagname":"progressmeter","target_id":"progressMeter","value":"10"}
INST 170bbfe09341eea2 2016-03-28T23:41:35.300Z {"type":"progresschanged","target_tagname":"progressmeter","target_id":"progressMeter","value":"15"}
INST 170bbfe09341eea2 2016-03-28T23:41:35.500Z {"type":"progresschanged","target_tagname":"progressmeter","target_id":"progressMeter","value":"20"}
INST 170bbfe09341eea2 2016-03-28T23:41:37.800Z {"type":"progresschanged","target_tagname":"progressmeter","target_id":"progressMeter","value":"25"}
INST 170bbfe09341eea2 2016-03-28T23:41:41.500Z {"type":"progresschanged","target_tagname":"progressmeter","target_id":"progressMeter","value":"80"}
INST 170bbfe09341eea2 2016-03-28T23:41:42.200Z {"type":"progresschanged","target_tagname":"progressmeter","target_id":"progressMeter","value":"90"}
INST 170bbfe09341eea2 2016-03-28T23:41:44.600Z {"type":"progresschanged","target_tagname":"progressmeter","target_id":"progressMeter","value":"100"}
INST 170bbfe09341eea2 2016-03-28T23:41:44.900Z {"type":"unload","target_id":"progress_bar"}
