INST 0faf6576290bc7d3 2016-03-24T21:05:02.200Z {"type":"start"}
INST 0faf6576290bc7d3 2016-03-24T21:05:06.700Z {"type":"select","target_tagname":"menulist","target_id":"proxyType","value":""}
INST 0faf6576290bc7d3 2016-03-24T21:05:06.700Z {"type":"wizardnext","target_tagname":"wizard","target_id":"TorNetworkSettings"}
INST 0faf6576290bc7d3 2016-03-24T21:05:06.700Z {"type":"pageshow","target_tagname":"wizardpage","target_id":"first"}
INST 0faf6576290bc7d3 2016-03-24T21:05:06.800Z {"type":"load","target_id":"configuration"}
INST 0faf6576290bc7d3 2016-03-24T21:05:06.800Z {"type":"select","target_tagname":"menulist","target_id":"defaultBridgeType","value":"obfs3"}
INST 0faf6576290bc7d3 2016-03-24T21:05:26.400Z {"type":"click","target_tagname":"button","target_id":"connect_button","detail":1}
INST 0faf6576290bc7d3 2016-03-24T21:05:26.500Z {"type":"load","target_id":"progress_bar"}
INST 0faf6576290bc7d3 2016-03-24T21:05:26.900Z {"type":"progresschanged","target_tagname":"progressmeter","target_id":"progressMeter","value":"5"}
INST 0faf6576290bc7d3 2016-03-24T21:05:26.900Z {"type":"progresschanged","target_tagname":"progressmeter","target_id":"progressMeter","value":"5"}
INST 0faf6576290bc7d3 2016-03-24T21:05:26.900Z {"type":"progresschanged","target_tagname":"progressmeter","target_id":"progressMeter","value":"5"}
INST 0faf6576290bc7d3 2016-03-24T21:06:27.900Z {"type":"progresschanged","target_tagname":"progressmeter","target_id":"progressMeter","value":"5"}
INST 0faf6576290bc7d3 2016-03-24T21:06:49.400Z {"type":"click","target_tagname":"dialog","target_id":"TorProgress","detail":1}
INST 0faf6576290bc7d3 2016-03-24T21:06:49.400Z {"type":"dialogcancel","target_tagname":"dialog","target_id":"TorProgress"}
INST 0faf6576290bc7d3 2016-03-24T21:06:49.400Z {"type":"command","target_tagname":"dialog","target_id":"TorProgress"}
INST 0faf6576290bc7d3 2016-03-24T21:06:49.400Z {"type":"command","target_tagname":"button","target_id":"connect_button"}
INST 0faf6576290bc7d3 2016-03-24T21:06:50.400Z {"type":"click","target_tagname":"button","target_id":"connect_button","detail":1}
INST 0faf6576290bc7d3 2016-03-24T21:06:50.400Z {"type":"load","target_id":"progress_bar"}
INST 0faf6576290bc7d3 2016-03-24T21:07:37.300Z {"type":"click","target_tagname":"dialog","target_id":"TorProgress","detail":1}
INST 0faf6576290bc7d3 2016-03-24T21:07:37.300Z {"type":"dialogcancel","target_tagname":"dialog","target_id":"TorProgress"}
INST 0faf6576290bc7d3 2016-03-24T21:07:37.300Z {"type":"command","target_tagname":"dialog","target_id":"TorProgress"}
INST 0faf6576290bc7d3 2016-03-24T21:07:37.300Z {"type":"command","target_tagname":"button","target_id":"connect_button"}
INST 0faf6576290bc7d3 2016-03-24T21:07:38.200Z {"type":"click","target_tagname":"button","target_id":"configure_button","detail":1}
INST 0faf6576290bc7d3 2016-03-24T21:07:38.200Z {"type":"pagehide","target_tagname":"wizardpage","target_id":"first"}
INST 0faf6576290bc7d3 2016-03-24T21:07:38.200Z {"type":"pageadvanced","target_tagname":"wizardpage","target_id":"first"}
INST 0faf6576290bc7d3 2016-03-24T21:07:38.200Z {"type":"wizardnext","target_tagname":"wizard","target_id":"TorNetworkSettings"}
INST 0faf6576290bc7d3 2016-03-24T21:07:38.200Z {"type":"pageshow","target_tagname":"wizardpage","target_id":"bridges"}
INST 0faf6576290bc7d3 2016-03-24T21:07:38.200Z {"type":"command","target_tagname":"button","target_id":"configure_button"}
INST 0faf6576290bc7d3 2016-03-24T21:07:41.500Z {"type":"click","target_tagname":"radio","target_id":"bridgesRadioYes","detail":1}
INST 0faf6576290bc7d3 2016-03-24T21:07:41.500Z {"type":"command","target_tagname":"radio","target_id":"bridgesRadioYes"}
INST 0faf6576290bc7d3 2016-03-24T21:07:47.700Z {"type":"click","target_tagname":"wizard","target_id":"TorNetworkSettings","detail":1}
INST 0faf6576290bc7d3 2016-03-24T21:07:47.700Z {"type":"pagehide","target_tagname":"wizardpage","target_id":"bridges"}
INST 0faf6576290bc7d3 2016-03-24T21:07:47.700Z {"type":"pageadvanced","target_tagname":"wizardpage","target_id":"bridges"}
INST 0faf6576290bc7d3 2016-03-24T21:07:47.700Z {"type":"wizardnext","target_tagname":"wizard","target_id":"TorNetworkSettings"}
INST 0faf6576290bc7d3 2016-03-24T21:07:47.700Z {"type":"pageshow","target_tagname":"wizardpage","target_id":"bridgeSettings"}
INST 0faf6576290bc7d3 2016-03-24T21:07:47.700Z {"type":"command","target_tagname":"wizard","target_id":"TorNetworkSettings"}
INST 0faf6576290bc7d3 2016-03-24T21:07:51.500Z {"type":"click","target_tagname":"wizard","target_id":"TorNetworkSettings","detail":1}
INST 0faf6576290bc7d3 2016-03-24T21:07:51.500Z {"type":"pagehide","target_tagname":"wizardpage","target_id":"bridgeSettings"}
INST 0faf6576290bc7d3 2016-03-24T21:07:51.500Z {"type":"pageadvanced","target_tagname":"wizardpage","target_id":"bridgeSettings"}
INST 0faf6576290bc7d3 2016-03-24T21:07:51.500Z {"type":"wizardnext","target_tagname":"wizard","target_id":"TorNetworkSettings"}
INST 0faf6576290bc7d3 2016-03-24T21:07:51.500Z {"type":"pageshow","target_tagname":"wizardpage","target_id":"proxy"}
INST 0faf6576290bc7d3 2016-03-24T21:07:51.500Z {"type":"command","target_tagname":"wizard","target_id":"TorNetworkSettings"}
INST 0faf6576290bc7d3 2016-03-24T21:07:58.300Z {"type":"click","target_tagname":"wizard","target_id":"TorNetworkSettings","detail":1}
INST 0faf6576290bc7d3 2016-03-24T21:07:58.300Z {"type":"pagehide","target_tagname":"wizardpage","target_id":"proxy"}
INST 0faf6576290bc7d3 2016-03-24T21:07:58.300Z {"type":"pageadvanced","target_tagname":"wizardpage","target_id":"proxy"}
INST 0faf6576290bc7d3 2016-03-24T21:07:58.300Z {"type":"wizardfinish","target_tagname":"wizard","target_id":"TorNetworkSettings"}
INST 0faf6576290bc7d3 2016-03-24T21:07:58.500Z {"type":"load","target_id":"progress_bar"}
INST 0faf6576290bc7d3 2016-03-24T21:08:04.900Z {"type":"progresschanged","target_tagname":"progressmeter","target_id":"progressMeter","value":"10"}
INST 0faf6576290bc7d3 2016-03-24T21:08:05.900Z {"type":"progresschanged","target_tagname":"progressmeter","target_id":"progressMeter","value":"15"}
INST 0faf6576290bc7d3 2016-03-24T21:08:06.100Z {"type":"progresschanged","target_tagname":"progressmeter","target_id":"progressMeter","value":"20"}
INST 0faf6576290bc7d3 2016-03-24T21:08:06.700Z {"type":"progresschanged","target_tagname":"progressmeter","target_id":"progressMeter","value":"25"}
INST 0faf6576290bc7d3 2016-03-24T21:08:08.400Z {"type":"progresschanged","target_tagname":"progressmeter","target_id":"progressMeter","value":"40"}
INST 0faf6576290bc7d3 2016-03-24T21:08:08.800Z {"type":"progresschanged","target_tagname":"progressmeter","target_id":"progressMeter","value":"45"}
INST 0faf6576290bc7d3 2016-03-24T21:08:09.100Z {"type":"progresschanged","target_tagname":"progressmeter","target_id":"progressMeter","value":"50"}
INST 0faf6576290bc7d3 2016-03-24T21:08:09.900Z {"type":"progresschanged","target_tagname":"progressmeter","target_id":"progressMeter","value":"50"}
INST 0faf6576290bc7d3 2016-03-24T21:08:10.100Z {"type":"progresschanged","target_tagname":"progressmeter","target_id":"progressMeter","value":"50"}
INST 0faf6576290bc7d3 2016-03-24T21:08:10.100Z {"type":"progresschanged","target_tagname":"progressmeter","target_id":"progressMeter","value":"54"}
INST 0faf6576290bc7d3 2016-03-24T21:08:10.300Z {"type":"progresschanged","target_tagname":"progressmeter","target_id":"progressMeter","value":"54"}
INST 0faf6576290bc7d3 2016-03-24T21:08:10.300Z {"type":"progresschanged","target_tagname":"progressmeter","target_id":"progressMeter","value":"58"}
INST 0faf6576290bc7d3 2016-03-24T21:08:10.300Z {"type":"progresschanged","target_tagname":"progressmeter","target_id":"progressMeter","value":"62"}
INST 0faf6576290bc7d3 2016-03-24T21:08:11.400Z {"type":"progresschanged","target_tagname":"progressmeter","target_id":"progressMeter","value":"67"}
INST 0faf6576290bc7d3 2016-03-24T21:08:11.500Z {"type":"progresschanged","target_tagname":"progressmeter","target_id":"progressMeter","value":"73"}
INST 0faf6576290bc7d3 2016-03-24T21:08:11.900Z {"type":"progresschanged","target_tagname":"progressmeter","target_id":"progressMeter","value":"80"}
INST 0faf6576290bc7d3 2016-03-24T21:08:11.900Z {"type":"progresschanged","target_tagname":"progressmeter","target_id":"progressMeter","value":"90"}
INST 0faf6576290bc7d3 2016-03-24T21:08:15.300Z {"type":"progresschanged","target_tagname":"progressmeter","target_id":"progressMeter","value":"100"}
INST 0faf6576290bc7d3 2016-03-24T21:08:15.600Z {"type":"unload","target_id":"progress_bar"}
INST 0faf6576290bc7d3 2016-03-24T21:08:15.600Z {"type":"command","target_tagname":"wizard","target_id":"TorNetworkSettings"}
INST 0faf6576290bc7d3 2016-03-24T21:08:15.600Z {"type":"unload","target_id":"configuration"}
