INST 555d00b4ee524944 2016-03-28T21:19:00.400Z {"type":"start"}
INST 555d00b4ee524944 2016-03-28T21:19:01.400Z {"type":"select","target_tagname":"menulist","target_id":"proxyType","value":""}
INST 555d00b4ee524944 2016-03-28T21:19:01.400Z {"type":"wizardnext","target_tagname":"wizard","target_id":"TorNetworkSettings"}
INST 555d00b4ee524944 2016-03-28T21:19:01.400Z {"type":"pageshow","target_tagname":"wizardpage","target_id":"first"}
INST 555d00b4ee524944 2016-03-28T21:19:01.500Z {"type":"load","target_id":"configuration"}
INST 555d00b4ee524944 2016-03-28T21:19:01.500Z {"type":"select","target_tagname":"menulist","target_id":"defaultBridgeType","value":"obfs3"}
INST 555d00b4ee524944 2016-03-28T21:19:18.300Z {"type":"click","target_tagname":"button","target_id":"connect_button","detail":1}
INST 555d00b4ee524944 2016-03-28T21:19:18.400Z {"type":"load","target_id":"progress_bar"}
INST 555d00b4ee524944 2016-03-28T21:19:18.900Z {"type":"progresschanged","target_tagname":"progressmeter","target_id":"progressMeter","value":"5"}
INST 555d00b4ee524944 2016-03-28T21:19:18.900Z {"type":"progresschanged","target_tagname":"progressmeter","target_id":"progressMeter","value":"5"}
INST 555d00b4ee524944 2016-03-28T21:19:18.900Z {"type":"progresschanged","target_tagname":"progressmeter","target_id":"progressMeter","value":"5"}
INST 555d00b4ee524944 2016-03-28T21:20:19.900Z {"type":"progresschanged","target_tagname":"progressmeter","target_id":"progressMeter","value":"5"}
INST 555d00b4ee524944 2016-03-28T21:20:21.200Z {"type":"click","target_tagname":"dialog","target_id":"TorProgress","detail":1}
INST 555d00b4ee524944 2016-03-28T21:20:21.200Z {"type":"dialogcancel","target_tagname":"dialog","target_id":"TorProgress"}
INST 555d00b4ee524944 2016-03-28T21:20:21.200Z {"type":"command","target_tagname":"dialog","target_id":"TorProgress"}
INST 555d00b4ee524944 2016-03-28T21:20:21.200Z {"type":"command","target_tagname":"button","target_id":"connect_button"}
INST 555d00b4ee524944 2016-03-28T21:20:22.000Z {"type":"click","target_tagname":"vbox","target_id":"","detail":1}
INST 555d00b4ee524944 2016-03-28T21:20:22.400Z {"type":"click","target_tagname":"button","target_id":"configure_button","detail":1}
INST 555d00b4ee524944 2016-03-28T21:20:22.400Z {"type":"pagehide","target_tagname":"wizardpage","target_id":"first"}
INST 555d00b4ee524944 2016-03-28T21:20:22.400Z {"type":"pageadvanced","target_tagname":"wizardpage","target_id":"first"}
INST 555d00b4ee524944 2016-03-28T21:20:22.400Z {"type":"wizardnext","target_tagname":"wizard","target_id":"TorNetworkSettings"}
INST 555d00b4ee524944 2016-03-28T21:20:22.400Z {"type":"pageshow","target_tagname":"wizardpage","target_id":"bridges"}
INST 555d00b4ee524944 2016-03-28T21:20:22.400Z {"type":"command","target_tagname":"button","target_id":"configure_button"}
INST 555d00b4ee524944 2016-03-28T21:20:27.300Z {"type":"click","target_tagname":"wizard","target_id":"TorNetworkSettings","detail":1}
INST 555d00b4ee524944 2016-03-28T21:20:27.400Z {"type":"pagehide","target_tagname":"wizardpage","target_id":"bridges"}
INST 555d00b4ee524944 2016-03-28T21:20:27.400Z {"type":"pageadvanced","target_tagname":"wizardpage","target_id":"bridges"}
INST 555d00b4ee524944 2016-03-28T21:20:27.400Z {"type":"wizardnext","target_tagname":"wizard","target_id":"TorNetworkSettings"}
INST 555d00b4ee524944 2016-03-28T21:20:27.400Z {"type":"pageshow","target_tagname":"wizardpage","target_id":"proxy"}
INST 555d00b4ee524944 2016-03-28T21:20:27.400Z {"type":"command","target_tagname":"wizard","target_id":"TorNetworkSettings"}
INST 555d00b4ee524944 2016-03-28T21:20:29.500Z {"type":"click","target_tagname":"wizard","target_id":"TorNetworkSettings","detail":1}
INST 555d00b4ee524944 2016-03-28T21:20:29.500Z {"type":"pagehide","target_tagname":"wizardpage","target_id":"proxy"}
INST 555d00b4ee524944 2016-03-28T21:20:29.500Z {"type":"pageadvanced","target_tagname":"wizardpage","target_id":"proxy"}
INST 555d00b4ee524944 2016-03-28T21:20:29.500Z {"type":"wizardfinish","target_tagname":"wizard","target_id":"TorNetworkSettings"}
INST 555d00b4ee524944 2016-03-28T21:20:29.600Z {"type":"load","target_id":"progress_bar"}
INST 555d00b4ee524944 2016-03-28T21:20:32.400Z {"type":"click","target_tagname":"dialog","target_id":"TorProgress","detail":1}
INST 555d00b4ee524944 2016-03-28T21:20:32.400Z {"type":"dialogcancel","target_tagname":"dialog","target_id":"TorProgress"}
INST 555d00b4ee524944 2016-03-28T21:20:32.400Z {"type":"command","target_tagname":"dialog","target_id":"TorProgress"}
INST 555d00b4ee524944 2016-03-28T21:20:32.400Z {"type":"command","target_tagname":"wizard","target_id":"TorNetworkSettings"}
INST 555d00b4ee524944 2016-03-28T21:20:33.400Z {"type":"click","target_tagname":"wizard","target_id":"TorNetworkSettings","detail":1}
INST 555d00b4ee524944 2016-03-28T21:20:33.400Z {"type":"pagehide","target_tagname":"wizardpage","target_id":"proxy"}
INST 555d00b4ee524944 2016-03-28T21:20:33.400Z {"type":"pagerewound","target_tagname":"wizardpage","target_id":"proxy"}
INST 555d00b4ee524944 2016-03-28T21:20:33.400Z {"type":"wizardback","target_tagname":"wizard","target_id":"TorNetworkSettings"}
INST 555d00b4ee524944 2016-03-28T21:20:33.500Z {"type":"pageshow","target_tagname":"wizardpage","target_id":"bridges"}
INST 555d00b4ee524944 2016-03-28T21:20:33.500Z {"type":"command","target_tagname":"wizard","target_id":"TorNetworkSettings"}
INST 555d00b4ee524944 2016-03-28T21:20:34.000Z {"type":"click","target_tagname":"wizard","target_id":"TorNetworkSettings","detail":1}
INST 555d00b4ee524944 2016-03-28T21:20:34.000Z {"type":"pagehide","target_tagname":"wizardpage","target_id":"bridges"}
INST 555d00b4ee524944 2016-03-28T21:20:34.000Z {"type":"pagerewound","target_tagname":"wizardpage","target_id":"bridges"}
INST 555d00b4ee524944 2016-03-28T21:20:34.000Z {"type":"wizardback","target_tagname":"wizard","target_id":"TorNetworkSettings"}
INST 555d00b4ee524944 2016-03-28T21:20:34.000Z {"type":"pageshow","target_tagname":"wizardpage","target_id":"first"}
INST 555d00b4ee524944 2016-03-28T21:20:34.000Z {"type":"command","target_tagname":"wizard","target_id":"TorNetworkSettings"}
INST 555d00b4ee524944 2016-03-28T21:20:34.400Z {"type":"click","target_tagname":"wizard","target_id":"TorNetworkSettings","detail":2}
INST 555d00b4ee524944 2016-03-28T21:20:35.500Z {"type":"click","target_tagname":"button","target_id":"connect_button","detail":1}
INST 555d00b4ee524944 2016-03-28T21:20:35.500Z {"type":"load","target_id":"progress_bar"}
INST 555d00b4ee524944 2016-03-28T21:21:11.500Z {"type":"click","target_tagname":"dialog","target_id":"TorProgress","detail":1}
INST 555d00b4ee524944 2016-03-28T21:21:11.500Z {"type":"dialogcancel","target_tagname":"dialog","target_id":"TorProgress"}
INST 555d00b4ee524944 2016-03-28T21:21:11.600Z {"type":"command","target_tagname":"dialog","target_id":"TorProgress"}
INST 555d00b4ee524944 2016-03-28T21:21:11.600Z {"type":"command","target_tagname":"button","target_id":"connect_button"}
INST 555d00b4ee524944 2016-03-28T21:21:12.700Z {"type":"click","target_tagname":"wizard","target_id":"TorNetworkSettings","detail":1}
INST 555d00b4ee524944 2016-03-28T21:21:12.700Z {"type":"wizardcancel","target_tagname":"wizard","target_id":"TorNetworkSettings"}
INST 555d00b4ee524944 2016-03-28T21:21:12.700Z {"type":"command","target_tagname":"wizard","target_id":"TorNetworkSettings"}
INST 555d00b4ee524944 2016-03-28T21:21:12.700Z {"type":"unload","target_id":"configuration"}
INST 6a86cfd1df627787 2016-03-28T21:21:15.200Z {"type":"start"}
INST 6a86cfd1df627787 2016-03-28T21:21:15.900Z {"type":"select","target_tagname":"menulist","target_id":"proxyType","value":""}
INST 6a86cfd1df627787 2016-03-28T21:21:15.900Z {"type":"wizardnext","target_tagname":"wizard","target_id":"TorNetworkSettings"}
INST 6a86cfd1df627787 2016-03-28T21:21:15.900Z {"type":"pageshow","target_tagname":"wizardpage","target_id":"first"}
INST 6a86cfd1df627787 2016-03-28T21:21:15.900Z {"type":"load","target_id":"configuration"}
INST 6a86cfd1df627787 2016-03-28T21:21:15.900Z {"type":"select","target_tagname":"menulist","target_id":"defaultBridgeType","value":"obfs3"}
INST 6a86cfd1df627787 2016-03-28T21:21:19.700Z {"type":"click","target_tagname":"button","target_id":"configure_button","detail":1}
INST 6a86cfd1df627787 2016-03-28T21:21:19.700Z {"type":"pagehide","target_tagname":"wizardpage","target_id":"first"}
INST 6a86cfd1df627787 2016-03-28T21:21:19.700Z {"type":"pageadvanced","target_tagname":"wizardpage","target_id":"first"}
INST 6a86cfd1df627787 2016-03-28T21:21:19.700Z {"type":"wizardnext","target_tagname":"wizard","target_id":"TorNetworkSettings"}
INST 6a86cfd1df627787 2016-03-28T21:21:19.700Z {"type":"pageshow","target_tagname":"wizardpage","target_id":"bridges"}
INST 6a86cfd1df627787 2016-03-28T21:21:19.700Z {"type":"command","target_tagname":"button","target_id":"configure_button"}
INST 6a86cfd1df627787 2016-03-28T21:21:23.400Z {"type":"click","target_tagname":"radio","target_id":"bridgesRadioYes","detail":1}
INST 6a86cfd1df627787 2016-03-28T21:21:23.400Z {"type":"command","target_tagname":"radio","target_id":"bridgesRadioYes"}
INST 6a86cfd1df627787 2016-03-28T21:21:24.700Z {"type":"click","target_tagname":"wizard","target_id":"TorNetworkSettings","detail":1}
INST 6a86cfd1df627787 2016-03-28T21:21:24.700Z {"type":"pagehide","target_tagname":"wizardpage","target_id":"bridges"}
INST 6a86cfd1df627787 2016-03-28T21:21:24.700Z {"type":"pageadvanced","target_tagname":"wizardpage","target_id":"bridges"}
INST 6a86cfd1df627787 2016-03-28T21:21:24.700Z {"type":"wizardnext","target_tagname":"wizard","target_id":"TorNetworkSettings"}
INST 6a86cfd1df627787 2016-03-28T21:21:24.700Z {"type":"pageshow","target_tagname":"wizardpage","target_id":"bridgeSettings"}
INST 6a86cfd1df627787 2016-03-28T21:21:24.700Z {"type":"command","target_tagname":"wizard","target_id":"TorNetworkSettings"}
INST 6a86cfd1df627787 2016-03-28T21:21:28.500Z {"type":"click","target_tagname":"wizard","target_id":"TorNetworkSettings","detail":1}
INST 6a86cfd1df627787 2016-03-28T21:21:28.500Z {"type":"pagehide","target_tagname":"wizardpage","target_id":"bridgeSettings"}
INST 6a86cfd1df627787 2016-03-28T21:21:28.500Z {"type":"pageadvanced","target_tagname":"wizardpage","target_id":"bridgeSettings"}
INST 6a86cfd1df627787 2016-03-28T21:21:28.500Z {"type":"wizardnext","target_tagname":"wizard","target_id":"TorNetworkSettings"}
INST 6a86cfd1df627787 2016-03-28T21:21:28.500Z {"type":"pageshow","target_tagname":"wizardpage","target_id":"proxy"}
INST 6a86cfd1df627787 2016-03-28T21:21:28.500Z {"type":"command","target_tagname":"wizard","target_id":"TorNetworkSettings"}
INST 6a86cfd1df627787 2016-03-28T21:21:30.700Z {"type":"click","target_tagname":"radio","target_id":"proxyRadioYes","detail":1}
INST 6a86cfd1df627787 2016-03-28T21:21:30.700Z {"type":"command","target_tagname":"radio","target_id":"proxyRadioYes"}
INST 6a86cfd1df627787 2016-03-28T21:21:33.100Z {"type":"click","target_tagname":"wizard","target_id":"TorNetworkSettings","detail":1}
INST 6a86cfd1df627787 2016-03-28T21:21:33.100Z {"type":"pagehide","target_tagname":"wizardpage","target_id":"proxy"}
INST 6a86cfd1df627787 2016-03-28T21:21:33.100Z {"type":"pageadvanced","target_tagname":"wizardpage","target_id":"proxy"}
INST 6a86cfd1df627787 2016-03-28T21:21:33.100Z {"type":"wizardnext","target_tagname":"wizard","target_id":"TorNetworkSettings"}
INST 6a86cfd1df627787 2016-03-28T21:21:33.100Z {"type":"pageshow","target_tagname":"wizardpage","target_id":"proxyYES"}
INST 6a86cfd1df627787 2016-03-28T21:21:33.100Z {"type":"command","target_tagname":"wizard","target_id":"TorNetworkSettings"}
INST 6a86cfd1df627787 2016-03-28T21:21:35.000Z {"type":"click","target_tagname":"wizard","target_id":"TorNetworkSettings","detail":1}
INST 6a86cfd1df627787 2016-03-28T21:21:35.000Z {"type":"pagehide","target_tagname":"wizardpage","target_id":"proxyYES"}
INST 6a86cfd1df627787 2016-03-28T21:21:35.000Z {"type":"pageadvanced","target_tagname":"wizardpage","target_id":"proxyYES"}
INST 6a86cfd1df627787 2016-03-28T21:21:35.000Z {"type":"alert_show","target_id":"failed_to_save_settings","value":"Unable to save Tor settings.\n\nYou must specify both an IP address or hostname and a port number to configure Tor to use a proxy to access the Internet."}
INST 6a86cfd1df627787 2016-03-28T21:21:39.100Z {"type":"alert_exit","target_id":"failed_to_save_settings","value":"Unable to save Tor settings.\n\nYou must specify both an IP address or hostname and a port number to configure Tor to use a proxy to access the Internet."}
INST 6a86cfd1df627787 2016-03-28T21:21:39.100Z {"type":"command","target_tagname":"wizard","target_id":"TorNetworkSettings"}
INST 6a86cfd1df627787 2016-03-28T21:21:40.400Z {"type":"click","target_tagname":"wizard","target_id":"TorNetworkSettings","detail":1}
INST 6a86cfd1df627787 2016-03-28T21:21:40.400Z {"type":"wizardcancel","target_tagname":"wizard","target_id":"TorNetworkSettings"}
INST 6a86cfd1df627787 2016-03-28T21:21:40.400Z {"type":"command","target_tagname":"wizard","target_id":"TorNetworkSettings"}
INST 6a86cfd1df627787 2016-03-28T21:21:40.400Z {"type":"unload","target_id":"configuration"}
INST a97f7c6898923e48 2016-03-28T21:21:45.300Z {"type":"start"}
INST a97f7c6898923e48 2016-03-28T21:21:46.000Z {"type":"select","target_tagname":"menulist","target_id":"proxyType","value":""}
INST a97f7c6898923e48 2016-03-28T21:21:46.100Z {"type":"wizardnext","target_tagname":"wizard","target_id":"TorNetworkSettings"}
INST a97f7c6898923e48 2016-03-28T21:21:46.100Z {"type":"pageshow","target_tagname":"wizardpage","target_id":"first"}
INST a97f7c6898923e48 2016-03-28T21:21:46.100Z {"type":"load","target_id":"configuration"}
INST a97f7c6898923e48 2016-03-28T21:21:46.100Z {"type":"select","target_tagname":"menulist","target_id":"defaultBridgeType","value":"obfs3"}
INST a97f7c6898923e48 2016-03-28T21:22:00.300Z {"type":"click","target_tagname":"button","target_id":"configure_button","detail":1}
INST a97f7c6898923e48 2016-03-28T21:22:00.300Z {"type":"pagehide","target_tagname":"wizardpage","target_id":"first"}
INST a97f7c6898923e48 2016-03-28T21:22:00.300Z {"type":"pageadvanced","target_tagname":"wizardpage","target_id":"first"}
INST a97f7c6898923e48 2016-03-28T21:22:00.300Z {"type":"wizardnext","target_tagname":"wizard","target_id":"TorNetworkSettings"}
INST a97f7c6898923e48 2016-03-28T21:22:00.300Z {"type":"pageshow","target_tagname":"wizardpage","target_id":"bridges"}
INST a97f7c6898923e48 2016-03-28T21:22:00.300Z {"type":"command","target_tagname":"button","target_id":"configure_button"}
INST a97f7c6898923e48 2016-03-28T21:22:09.300Z {"type":"click","target_tagname":"radio","target_id":"bridgesRadioYes","detail":1}
INST a97f7c6898923e48 2016-03-28T21:22:09.300Z {"type":"command","target_tagname":"radio","target_id":"bridgesRadioYes"}
INST a97f7c6898923e48 2016-03-28T21:22:10.800Z {"type":"click","target_tagname":"wizard","target_id":"TorNetworkSettings","detail":1}
INST a97f7c6898923e48 2016-03-28T21:22:10.800Z {"type":"pagehide","target_tagname":"wizardpage","target_id":"bridges"}
INST a97f7c6898923e48 2016-03-28T21:22:10.800Z {"type":"pageadvanced","target_tagname":"wizardpage","target_id":"bridges"}
INST a97f7c6898923e48 2016-03-28T21:22:10.800Z {"type":"wizardnext","target_tagname":"wizard","target_id":"TorNetworkSettings"}
INST a97f7c6898923e48 2016-03-28T21:22:10.800Z {"type":"pageshow","target_tagname":"wizardpage","target_id":"bridgeSettings"}
INST a97f7c6898923e48 2016-03-28T21:22:10.800Z {"type":"command","target_tagname":"wizard","target_id":"TorNetworkSettings"}
INST a97f7c6898923e48 2016-03-28T21:22:14.900Z {"type":"popupshown","target_tagname":"menupopup","target_id":"defaultBridgeType_menuPopup"}
INST a97f7c6898923e48 2016-03-28T21:22:15.000Z {"type":"click","target_tagname":"menulist","target_id":"defaultBridgeType","value":"obfs3","detail":1}
INST a97f7c6898923e48 2016-03-28T21:22:16.800Z {"type":"mouseover","target_tagname":"menuitem","target_id":"","value":"flashproxy"}
INST a97f7c6898923e48 2016-03-28T21:22:16.900Z {"type":"mouseout","target_tagname":"menuitem","target_id":"","value":"flashproxy"}
INST a97f7c6898923e48 2016-03-28T21:22:16.900Z {"type":"mouseover","target_tagname":"menuitem","target_id":"","value":"fte"}
INST a97f7c6898923e48 2016-03-28T21:22:17.200Z {"type":"mouseout","target_tagname":"menuitem","target_id":"","value":"fte"}
INST a97f7c6898923e48 2016-03-28T21:22:17.200Z {"type":"mouseover","target_tagname":"menuitem","target_id":"","value":"fte-ipv6"}
INST a97f7c6898923e48 2016-03-28T21:22:17.200Z {"type":"mouseout","target_tagname":"menuitem","target_id":"","value":"fte-ipv6"}
INST a97f7c6898923e48 2016-03-28T21:22:17.200Z {"type":"mouseover","target_tagname":"menuitem","target_id":"","value":"meek-amazon"}
INST a97f7c6898923e48 2016-03-28T21:22:17.300Z {"type":"mouseout","target_tagname":"menuitem","target_id":"","value":"meek-amazon"}
INST a97f7c6898923e48 2016-03-28T21:22:17.300Z {"type":"mouseover","target_tagname":"menuitem","target_id":"","value":"meek-azure"}
INST a97f7c6898923e48 2016-03-28T21:22:17.300Z {"type":"mouseout","target_tagname":"menuitem","target_id":"","value":"meek-azure"}
INST a97f7c6898923e48 2016-03-28T21:22:17.300Z {"type":"mouseover","target_tagname":"menuitem","target_id":"","value":"meek-google"}
INST a97f7c6898923e48 2016-03-28T21:22:17.600Z {"type":"mouseout","target_tagname":"menuitem","target_id":"","value":"meek-google"}
INST a97f7c6898923e48 2016-03-28T21:22:17.600Z {"type":"mouseover","target_tagname":"menuitem","target_id":"","value":"obfs3"}
INST a97f7c6898923e48 2016-03-28T21:22:18.000Z {"type":"click","target_tagname":"menuitem","target_id":"","value":"obfs3","detail":1}
INST a97f7c6898923e48 2016-03-28T21:22:18.000Z {"type":"command","target_tagname":"menuitem","target_id":"","value":"obfs3"}
INST a97f7c6898923e48 2016-03-28T21:22:18.000Z {"type":"popuphidden","target_tagname":"menupopup","target_id":"defaultBridgeType_menuPopup"}
INST a97f7c6898923e48 2016-03-28T21:22:18.000Z {"type":"mouseout","target_tagname":"menuitem","target_id":"","value":"obfs3"}
INST a97f7c6898923e48 2016-03-28T21:22:19.700Z {"type":"click","target_tagname":"hbox","target_id":"","detail":1}
INST a97f7c6898923e48 2016-03-28T21:22:20.600Z {"type":"click","target_tagname":"button","target_id":"bridgeHelpButton","detail":1}
INST a97f7c6898923e48 2016-03-28T21:22:20.600Z {"type":"pageshow","target_tagname":"wizardpage","target_id":"bridgeHelp"}
INST a97f7c6898923e48 2016-03-28T21:22:20.600Z {"type":"command","target_tagname":"button","target_id":"bridgeHelpButton"}
INST a97f7c6898923e48 2016-03-28T21:23:43.800Z {"type":"click","target_tagname":"wizard","target_id":"TorNetworkSettings","detail":1}
INST a97f7c6898923e48 2016-03-28T21:23:43.800Z {"type":"pagehide","target_tagname":"wizardpage","target_id":"bridgeHelp"}
INST a97f7c6898923e48 2016-03-28T21:23:43.800Z {"type":"pageadvanced","target_tagname":"wizardpage","target_id":"bridgeHelp"}
INST a97f7c6898923e48 2016-03-28T21:23:43.800Z {"type":"pageshow","target_tagname":"wizardpage","target_id":"bridgeSettings"}
INST a97f7c6898923e48 2016-03-28T21:23:43.800Z {"type":"command","target_tagname":"wizard","target_id":"TorNetworkSettings"}
INST a97f7c6898923e48 2016-03-28T21:23:47.000Z {"type":"click","target_tagname":"wizard","target_id":"TorNetworkSettings","detail":1}
INST a97f7c6898923e48 2016-03-28T21:23:47.000Z {"type":"pagehide","target_tagname":"wizardpage","target_id":"bridgeSettings"}
INST a97f7c6898923e48 2016-03-28T21:23:47.000Z {"type":"pageadvanced","target_tagname":"wizardpage","target_id":"bridgeSettings"}
INST a97f7c6898923e48 2016-03-28T21:23:47.000Z {"type":"wizardnext","target_tagname":"wizard","target_id":"TorNetworkSettings"}
INST a97f7c6898923e48 2016-03-28T21:23:47.000Z {"type":"pageshow","target_tagname":"wizardpage","target_id":"proxy"}
INST a97f7c6898923e48 2016-03-28T21:23:47.000Z {"type":"command","target_tagname":"wizard","target_id":"TorNetworkSettings"}
INST a97f7c6898923e48 2016-03-28T21:23:55.600Z {"type":"click","target_tagname":"wizard","target_id":"TorNetworkSettings","detail":1}
INST a97f7c6898923e48 2016-03-28T21:23:55.600Z {"type":"pagehide","target_tagname":"wizardpage","target_id":"proxy"}
INST a97f7c6898923e48 2016-03-28T21:23:55.600Z {"type":"pageadvanced","target_tagname":"wizardpage","target_id":"proxy"}
INST a97f7c6898923e48 2016-03-28T21:23:55.600Z {"type":"wizardfinish","target_tagname":"wizard","target_id":"TorNetworkSettings"}
INST a97f7c6898923e48 2016-03-28T21:23:55.700Z {"type":"load","target_id":"progress_bar"}
INST a97f7c6898923e48 2016-03-28T21:24:02.800Z {"type":"progresschanged","target_tagname":"progressmeter","target_id":"progressMeter","value":"5"}
INST a97f7c6898923e48 2016-03-28T21:24:02.800Z {"type":"progresschanged","target_tagname":"progressmeter","target_id":"progressMeter","value":"10"}
INST a97f7c6898923e48 2016-03-28T21:24:03.900Z {"type":"progresschanged","target_tagname":"progressmeter","target_id":"progressMeter","value":"15"}
INST a97f7c6898923e48 2016-03-28T21:24:04.100Z {"type":"progresschanged","target_tagname":"progressmeter","target_id":"progressMeter","value":"20"}
INST a97f7c6898923e48 2016-03-28T21:24:04.700Z {"type":"progresschanged","target_tagname":"progressmeter","target_id":"progressMeter","value":"25"}
INST a97f7c6898923e48 2016-03-28T21:24:06.400Z {"type":"progresschanged","target_tagname":"progressmeter","target_id":"progressMeter","value":"40"}
INST a97f7c6898923e48 2016-03-28T21:24:07.200Z {"type":"progresschanged","target_tagname":"progressmeter","target_id":"progressMeter","value":"45"}
INST a97f7c6898923e48 2016-03-28T21:24:07.500Z {"type":"progresschanged","target_tagname":"progressmeter","target_id":"progressMeter","value":"50"}
INST a97f7c6898923e48 2016-03-28T21:24:08.400Z {"type":"progresschanged","target_tagname":"progressmeter","target_id":"progressMeter","value":"50"}
INST a97f7c6898923e48 2016-03-28T21:24:08.500Z {"type":"progresschanged","target_tagname":"progressmeter","target_id":"progressMeter","value":"50"}
INST a97f7c6898923e48 2016-03-28T21:24:08.500Z {"type":"progresschanged","target_tagname":"progressmeter","target_id":"progressMeter","value":"54"}
INST a97f7c6898923e48 2016-03-28T21:24:08.600Z {"type":"progresschanged","target_tagname":"progressmeter","target_id":"progressMeter","value":"54"}
INST a97f7c6898923e48 2016-03-28T21:24:08.600Z {"type":"progresschanged","target_tagname":"progressmeter","target_id":"progressMeter","value":"60"}
INST a97f7c6898923e48 2016-03-28T21:24:08.600Z {"type":"progresschanged","target_tagname":"progressmeter","target_id":"progressMeter","value":"60"}
INST a97f7c6898923e48 2016-03-28T21:24:08.700Z {"type":"progresschanged","target_tagname":"progressmeter","target_id":"progressMeter","value":"67"}
INST a97f7c6898923e48 2016-03-28T21:24:08.900Z {"type":"progresschanged","target_tagname":"progressmeter","target_id":"progressMeter","value":"72"}
INST a97f7c6898923e48 2016-03-28T21:24:09.800Z {"type":"progresschanged","target_tagname":"progressmeter","target_id":"progressMeter","value":"80"}
INST a97f7c6898923e48 2016-03-28T21:24:09.800Z {"type":"progresschanged","target_tagname":"progressmeter","target_id":"progressMeter","value":"90"}
INST a97f7c6898923e48 2016-03-28T21:24:14.000Z {"type":"progresschanged","target_tagname":"progressmeter","target_id":"progressMeter","value":"100"}
INST a97f7c6898923e48 2016-03-28T21:24:14.300Z {"type":"unload","target_id":"progress_bar"}
INST a97f7c6898923e48 2016-03-28T21:24:14.300Z {"type":"command","target_tagname":"wizard","target_id":"TorNetworkSettings"}
INST a97f7c6898923e48 2016-03-28T21:24:14.300Z {"type":"unload","target_id":"configuration"}
