INST e914a72397401888 2016-03-28T23:22:14.500Z {"type":"start"}
INST e914a72397401888 2016-03-28T23:22:15.600Z {"type":"select","target_tagname":"menulist","target_id":"proxyType","value":""}
INST e914a72397401888 2016-03-28T23:22:15.600Z {"type":"wizardnext","target_tagname":"wizard","target_id":"TorNetworkSettings"}
INST e914a72397401888 2016-03-28T23:22:15.600Z {"type":"pageshow","target_tagname":"wizardpage","target_id":"first"}
INST e914a72397401888 2016-03-28T23:22:15.600Z {"type":"load","target_id":"configuration"}
INST e914a72397401888 2016-03-28T23:22:15.600Z {"type":"select","target_tagname":"menulist","target_id":"defaultBridgeType","value":"obfs3"}
INST e914a72397401888 2016-03-28T23:22:31.800Z {"type":"click","target_tagname":"button","target_id":"connect_button","detail":1}
INST e914a72397401888 2016-03-28T23:22:31.900Z {"type":"load","target_id":"progress_bar"}
INST e914a72397401888 2016-03-28T23:22:32.000Z {"type":"progresschanged","target_tagname":"progressmeter","target_id":"progressMeter","value":"5"}
INST e914a72397401888 2016-03-28T23:22:32.000Z {"type":"progresschanged","target_tagname":"progressmeter","target_id":"progressMeter","value":"5"}
INST e914a72397401888 2016-03-28T23:22:32.000Z {"type":"progresschanged","target_tagname":"progressmeter","target_id":"progressMeter","value":"5"}
INST e914a72397401888 2016-03-28T23:23:19.700Z {"type":"click","target_tagname":"dialog","target_id":"TorProgress","detail":1}
INST e914a72397401888 2016-03-28T23:23:19.700Z {"type":"dialogcancel","target_tagname":"dialog","target_id":"TorProgress"}
INST e914a72397401888 2016-03-28T23:23:19.800Z {"type":"command","target_tagname":"dialog","target_id":"TorProgress"}
INST e914a72397401888 2016-03-28T23:23:19.800Z {"type":"command","target_tagname":"button","target_id":"connect_button"}
INST e914a72397401888 2016-03-28T23:23:20.700Z {"type":"click","target_tagname":"button","target_id":"configure_button","detail":1}
INST e914a72397401888 2016-03-28T23:23:20.700Z {"type":"pagehide","target_tagname":"wizardpage","target_id":"first"}
INST e914a72397401888 2016-03-28T23:23:20.700Z {"type":"pageadvanced","target_tagname":"wizardpage","target_id":"first"}
INST e914a72397401888 2016-03-28T23:23:20.700Z {"type":"wizardnext","target_tagname":"wizard","target_id":"TorNetworkSettings"}
INST e914a72397401888 2016-03-28T23:23:20.700Z {"type":"pageshow","target_tagname":"wizardpage","target_id":"bridges"}
INST e914a72397401888 2016-03-28T23:23:20.700Z {"type":"command","target_tagname":"button","target_id":"configure_button"}
INST e914a72397401888 2016-03-28T23:23:29.100Z {"type":"click","target_tagname":"wizard","target_id":"TorNetworkSettings","detail":1}
INST e914a72397401888 2016-03-28T23:23:29.100Z {"type":"pagehide","target_tagname":"wizardpage","target_id":"bridges"}
INST e914a72397401888 2016-03-28T23:23:29.100Z {"type":"pageadvanced","target_tagname":"wizardpage","target_id":"bridges"}
INST e914a72397401888 2016-03-28T23:23:29.100Z {"type":"wizardnext","target_tagname":"wizard","target_id":"TorNetworkSettings"}
INST e914a72397401888 2016-03-28T23:23:29.100Z {"type":"pageshow","target_tagname":"wizardpage","target_id":"proxy"}
INST e914a72397401888 2016-03-28T23:23:29.100Z {"type":"command","target_tagname":"wizard","target_id":"TorNetworkSettings"}
INST e914a72397401888 2016-03-28T23:23:47.200Z {"type":"click","target_tagname":"wizard","target_id":"TorNetworkSettings","detail":1}
INST e914a72397401888 2016-03-28T23:23:47.200Z {"type":"pagehide","target_tagname":"wizardpage","target_id":"proxy"}
INST e914a72397401888 2016-03-28T23:23:47.200Z {"type":"pageadvanced","target_tagname":"wizardpage","target_id":"proxy"}
INST e914a72397401888 2016-03-28T23:23:47.200Z {"type":"wizardfinish","target_tagname":"wizard","target_id":"TorNetworkSettings"}
INST e914a72397401888 2016-03-28T23:23:47.300Z {"type":"load","target_id":"progress_bar"}
INST e914a72397401888 2016-03-28T23:23:48.000Z {"type":"progresschanged","target_tagname":"progressmeter","target_id":"progressMeter","value":"5"}
INST e914a72397401888 2016-03-28T23:25:02.100Z {"type":"click","target_tagname":"description","target_id":"progressDesc","detail":1}
INST e914a72397401888 2016-03-28T23:25:09.600Z {"type":"click","target_tagname":"dialog","target_id":"TorProgress","detail":1}
INST e914a72397401888 2016-03-28T23:25:09.600Z {"type":"dialogcancel","target_tagname":"dialog","target_id":"TorProgress"}
INST e914a72397401888 2016-03-28T23:25:09.600Z {"type":"command","target_tagname":"dialog","target_id":"TorProgress"}
INST e914a72397401888 2016-03-28T23:25:09.600Z {"type":"command","target_tagname":"wizard","target_id":"TorNetworkSettings"}
INST e914a72397401888 2016-03-28T23:25:12.500Z {"type":"click","target_tagname":"radio","target_id":"proxyRadioYes","detail":1}
INST e914a72397401888 2016-03-28T23:25:12.500Z {"type":"command","target_tagname":"radio","target_id":"proxyRadioYes"}
INST e914a72397401888 2016-03-28T23:25:13.600Z {"type":"click","target_tagname":"wizard","target_id":"TorNetworkSettings","detail":1}
INST e914a72397401888 2016-03-28T23:25:13.600Z {"type":"pagehide","target_tagname":"wizardpage","target_id":"proxy"}
INST e914a72397401888 2016-03-28T23:25:13.600Z {"type":"pageadvanced","target_tagname":"wizardpage","target_id":"proxy"}
INST e914a72397401888 2016-03-28T23:25:13.600Z {"type":"wizardnext","target_tagname":"wizard","target_id":"TorNetworkSettings"}
INST e914a72397401888 2016-03-28T23:25:13.600Z {"type":"pageshow","target_tagname":"wizardpage","target_id":"proxyYES"}
INST e914a72397401888 2016-03-28T23:25:13.600Z {"type":"command","target_tagname":"wizard","target_id":"TorNetworkSettings"}
INST e914a72397401888 2016-03-28T23:25:15.700Z {"type":"popupshown","target_tagname":"menupopup","target_id":"proxyType_menuPopup"}
INST e914a72397401888 2016-03-28T23:25:15.800Z {"type":"click","target_tagname":"menulist","target_id":"proxyType","value":"","detail":1}
INST e914a72397401888 2016-03-28T23:25:17.000Z {"type":"mouseover","target_tagname":"menuitem","target_id":"","value":""}
INST e914a72397401888 2016-03-28T23:25:17.000Z {"type":"mouseout","target_tagname":"menuitem","target_id":"","value":""}
INST e914a72397401888 2016-03-28T23:25:17.000Z {"type":"mouseover","target_tagname":"menuitem","target_id":"","value":"SOCKS4"}
INST e914a72397401888 2016-03-28T23:25:17.100Z {"type":"mouseout","target_tagname":"menuitem","target_id":"","value":"SOCKS4"}
INST e914a72397401888 2016-03-28T23:25:17.100Z {"type":"mouseover","target_tagname":"menuitem","target_id":"","value":"SOCKS5"}
INST e914a72397401888 2016-03-28T23:25:17.300Z {"type":"mouseout","target_tagname":"menuitem","target_id":"","value":"SOCKS5"}
INST e914a72397401888 2016-03-28T23:25:17.300Z {"type":"mouseover","target_tagname":"menuitem","target_id":"","value":"HTTP"}
INST e914a72397401888 2016-03-28T23:25:17.800Z {"type":"click","target_tagname":"menuitem","target_id":"","value":"HTTP","detail":1}
INST e914a72397401888 2016-03-28T23:25:17.800Z {"type":"select","target_tagname":"menulist","target_id":"proxyType","value":"HTTP"}
INST e914a72397401888 2016-03-28T23:25:17.800Z {"type":"command","target_tagname":"menuitem","target_id":"","value":"HTTP"}
INST e914a72397401888 2016-03-28T23:25:17.800Z {"type":"popuphidden","target_tagname":"menupopup","target_id":"proxyType_menuPopup"}
INST e914a72397401888 2016-03-28T23:25:17.800Z {"type":"mouseout","target_tagname":"menuitem","target_id":"","value":"HTTP"}
INST e914a72397401888 2016-03-28T23:25:20.700Z {"type":"click","target_tagname":"wizard","target_id":"TorNetworkSettings","detail":1}
INST e914a72397401888 2016-03-28T23:25:20.700Z {"type":"pagehide","target_tagname":"wizardpage","target_id":"proxyYES"}
INST e914a72397401888 2016-03-28T23:25:20.700Z {"type":"pageadvanced","target_tagname":"wizardpage","target_id":"proxyYES"}
INST e914a72397401888 2016-03-28T23:25:20.700Z {"type":"alert_show","target_id":"failed_to_save_settings","value":"Unable to save Tor settings.\n\nYou must specify both an IP address or hostname and a port number to configure Tor to use a proxy to access the Internet."}
INST e914a72397401888 2016-03-28T23:25:22.100Z {"type":"alert_exit","target_id":"failed_to_save_settings","value":"Unable to save Tor settings.\n\nYou must specify both an IP address or hostname and a port number to configure Tor to use a proxy to access the Internet."}
INST e914a72397401888 2016-03-28T23:25:22.100Z {"type":"command","target_tagname":"wizard","target_id":"TorNetworkSettings"}
INST e914a72397401888 2016-03-28T23:25:37.300Z {"type":"click","target_tagname":"separator","target_id":"","detail":1}
INST e914a72397401888 2016-03-28T23:25:39.500Z {"type":"click","target_tagname":"wizard","target_id":"TorNetworkSettings","detail":1}
INST e914a72397401888 2016-03-28T23:25:39.500Z {"type":"pagehide","target_tagname":"wizardpage","target_id":"proxyYES"}
INST e914a72397401888 2016-03-28T23:25:39.500Z {"type":"pagerewound","target_tagname":"wizardpage","target_id":"proxyYES"}
INST e914a72397401888 2016-03-28T23:25:39.500Z {"type":"wizardback","target_tagname":"wizard","target_id":"TorNetworkSettings"}
INST e914a72397401888 2016-03-28T23:25:39.500Z {"type":"pageshow","target_tagname":"wizardpage","target_id":"proxy"}
INST e914a72397401888 2016-03-28T23:25:39.600Z {"type":"command","target_tagname":"wizard","target_id":"TorNetworkSettings"}
INST e914a72397401888 2016-03-28T23:25:41.400Z {"type":"click","target_tagname":"radio","target_id":"proxyRadioNo","detail":1}
INST e914a72397401888 2016-03-28T23:25:41.400Z {"type":"command","target_tagname":"radio","target_id":"proxyRadioNo"}
INST e914a72397401888 2016-03-28T23:25:42.800Z {"type":"click","target_tagname":"wizard","target_id":"TorNetworkSettings","detail":1}
INST e914a72397401888 2016-03-28T23:25:42.800Z {"type":"wizardcancel","target_tagname":"wizard","target_id":"TorNetworkSettings"}
INST e914a72397401888 2016-03-28T23:25:42.800Z {"type":"command","target_tagname":"wizard","target_id":"TorNetworkSettings"}
INST e914a72397401888 2016-03-28T23:25:42.800Z {"type":"unload","target_id":"configuration"}
INST 7c18109923a499e0 2016-03-28T23:25:48.700Z {"type":"start"}
INST 7c18109923a499e0 2016-03-28T23:25:49.300Z {"type":"select","target_tagname":"menulist","target_id":"proxyType","value":""}
INST 7c18109923a499e0 2016-03-28T23:25:49.300Z {"type":"wizardnext","target_tagname":"wizard","target_id":"TorNetworkSettings"}
INST 7c18109923a499e0 2016-03-28T23:25:49.300Z {"type":"pageshow","target_tagname":"wizardpage","target_id":"first"}
INST 7c18109923a499e0 2016-03-28T23:25:49.300Z {"type":"load","target_id":"configuration"}
INST 7c18109923a499e0 2016-03-28T23:25:49.300Z {"type":"select","target_tagname":"menulist","target_id":"defaultBridgeType","value":"obfs3"}
INST 7c18109923a499e0 2016-03-28T23:25:52.800Z {"type":"click","target_tagname":"button","target_id":"connect_button","detail":1}
INST 7c18109923a499e0 2016-03-28T23:25:52.800Z {"type":"load","target_id":"progress_bar"}
INST 7c18109923a499e0 2016-03-28T23:25:53.200Z {"type":"progresschanged","target_tagname":"progressmeter","target_id":"progressMeter","value":"5"}
INST 7c18109923a499e0 2016-03-28T23:25:53.200Z {"type":"progresschanged","target_tagname":"progressmeter","target_id":"progressMeter","value":"5"}
INST 7c18109923a499e0 2016-03-28T23:25:53.200Z {"type":"progresschanged","target_tagname":"progressmeter","target_id":"progressMeter","value":"5"}
INST 7c18109923a499e0 2016-03-28T23:26:33.800Z {"type":"click","target_tagname":"dialog","target_id":"TorProgress","detail":1}
INST 7c18109923a499e0 2016-03-28T23:26:33.800Z {"type":"dialogcancel","target_tagname":"dialog","target_id":"TorProgress"}
INST 7c18109923a499e0 2016-03-28T23:26:33.800Z {"type":"command","target_tagname":"dialog","target_id":"TorProgress"}
INST 7c18109923a499e0 2016-03-28T23:26:33.800Z {"type":"command","target_tagname":"button","target_id":"connect_button"}
INST 7c18109923a499e0 2016-03-28T23:26:35.400Z {"type":"click","target_tagname":"wizard","target_id":"TorNetworkSettings","detail":1}
INST 7c18109923a499e0 2016-03-28T23:26:35.400Z {"type":"wizardcancel","target_tagname":"wizard","target_id":"TorNetworkSettings"}
INST 7c18109923a499e0 2016-03-28T23:26:35.400Z {"type":"command","target_tagname":"wizard","target_id":"TorNetworkSettings"}
INST 7c18109923a499e0 2016-03-28T23:26:35.400Z {"type":"unload","target_id":"configuration"}
INST 1be0ecce27d32952 2016-03-28T23:28:49.000Z {"type":"start"}
INST 1be0ecce27d32952 2016-03-28T23:28:49.600Z {"type":"select","target_tagname":"menulist","target_id":"proxyType","value":""}
INST 1be0ecce27d32952 2016-03-28T23:28:49.700Z {"type":"wizardnext","target_tagname":"wizard","target_id":"TorNetworkSettings"}
INST 1be0ecce27d32952 2016-03-28T23:28:49.700Z {"type":"pageshow","target_tagname":"wizardpage","target_id":"first"}
INST 1be0ecce27d32952 2016-03-28T23:28:49.700Z {"type":"load","target_id":"configuration"}
INST 1be0ecce27d32952 2016-03-28T23:28:49.700Z {"type":"select","target_tagname":"menulist","target_id":"defaultBridgeType","value":"obfs3"}
INST 1be0ecce27d32952 2016-03-28T23:28:58.600Z {"type":"click","target_tagname":"button","target_id":"configure_button","detail":1}
INST 1be0ecce27d32952 2016-03-28T23:28:58.600Z {"type":"pagehide","target_tagname":"wizardpage","target_id":"first"}
INST 1be0ecce27d32952 2016-03-28T23:28:58.600Z {"type":"pageadvanced","target_tagname":"wizardpage","target_id":"first"}
INST 1be0ecce27d32952 2016-03-28T23:28:58.600Z {"type":"wizardnext","target_tagname":"wizard","target_id":"TorNetworkSettings"}
INST 1be0ecce27d32952 2016-03-28T23:28:58.600Z {"type":"pageshow","target_tagname":"wizardpage","target_id":"bridges"}
INST 1be0ecce27d32952 2016-03-28T23:28:58.600Z {"type":"command","target_tagname":"button","target_id":"configure_button"}
INST 1be0ecce27d32952 2016-03-28T23:29:05.100Z {"type":"click","target_tagname":"radio","target_id":"bridgesRadioYes","detail":1}
INST 1be0ecce27d32952 2016-03-28T23:29:05.100Z {"type":"command","target_tagname":"radio","target_id":"bridgesRadioYes"}
INST 1be0ecce27d32952 2016-03-28T23:29:06.600Z {"type":"click","target_tagname":"wizard","target_id":"TorNetworkSettings","detail":1}
INST 1be0ecce27d32952 2016-03-28T23:29:06.600Z {"type":"pagehide","target_tagname":"wizardpage","target_id":"bridges"}
INST 1be0ecce27d32952 2016-03-28T23:29:06.600Z {"type":"pageadvanced","target_tagname":"wizardpage","target_id":"bridges"}
INST 1be0ecce27d32952 2016-03-28T23:29:06.600Z {"type":"wizardnext","target_tagname":"wizard","target_id":"TorNetworkSettings"}
INST 1be0ecce27d32952 2016-03-28T23:29:06.600Z {"type":"pageshow","target_tagname":"wizardpage","target_id":"bridgeSettings"}
INST 1be0ecce27d32952 2016-03-28T23:29:06.600Z {"type":"command","target_tagname":"wizard","target_id":"TorNetworkSettings"}
INST 1be0ecce27d32952 2016-03-28T23:29:11.000Z {"type":"popupshown","target_tagname":"menupopup","target_id":"defaultBridgeType_menuPopup"}
INST 1be0ecce27d32952 2016-03-28T23:29:11.200Z {"type":"click","target_tagname":"menulist","target_id":"defaultBridgeType","value":"obfs3","detail":1}
INST 1be0ecce27d32952 2016-03-28T23:29:15.100Z {"type":"popuphidden","target_tagname":"menupopup","target_id":"defaultBridgeType_menuPopup"}
INST 1be0ecce27d32952 2016-03-28T23:29:18.200Z {"type":"click","target_tagname":"wizard","target_id":"TorNetworkSettings","detail":1}
INST 1be0ecce27d32952 2016-03-28T23:29:18.200Z {"type":"pagehide","target_tagname":"wizardpage","target_id":"bridgeSettings"}
INST 1be0ecce27d32952 2016-03-28T23:29:18.200Z {"type":"pageadvanced","target_tagname":"wizardpage","target_id":"bridgeSettings"}
INST 1be0ecce27d32952 2016-03-28T23:29:18.200Z {"type":"wizardnext","target_tagname":"wizard","target_id":"TorNetworkSettings"}
INST 1be0ecce27d32952 2016-03-28T23:29:18.200Z {"type":"pageshow","target_tagname":"wizardpage","target_id":"proxy"}
INST 1be0ecce27d32952 2016-03-28T23:29:18.200Z {"type":"command","target_tagname":"wizard","target_id":"TorNetworkSettings"}
INST 1be0ecce27d32952 2016-03-28T23:29:30.600Z {"type":"click","target_tagname":"wizardpage","target_id":"proxy","detail":1}
INST 1be0ecce27d32952 2016-03-28T23:29:31.900Z {"type":"click","target_tagname":"wizard","target_id":"TorNetworkSettings","detail":1}
INST 1be0ecce27d32952 2016-03-28T23:29:31.900Z {"type":"pagehide","target_tagname":"wizardpage","target_id":"proxy"}
INST 1be0ecce27d32952 2016-03-28T23:29:31.900Z {"type":"pageadvanced","target_tagname":"wizardpage","target_id":"proxy"}
INST 1be0ecce27d32952 2016-03-28T23:29:31.900Z {"type":"wizardfinish","target_tagname":"wizard","target_id":"TorNetworkSettings"}
INST 1be0ecce27d32952 2016-03-28T23:29:32.000Z {"type":"load","target_id":"progress_bar"}
INST 1be0ecce27d32952 2016-03-28T23:29:38.500Z {"type":"progresschanged","target_tagname":"progressmeter","target_id":"progressMeter","value":"5"}
INST 1be0ecce27d32952 2016-03-28T23:29:38.500Z {"type":"progresschanged","target_tagname":"progressmeter","target_id":"progressMeter","value":"10"}
INST 1be0ecce27d32952 2016-03-28T23:29:39.600Z {"type":"progresschanged","target_tagname":"progressmeter","target_id":"progressMeter","value":"15"}
INST 1be0ecce27d32952 2016-03-28T23:29:39.800Z {"type":"progresschanged","target_tagname":"progressmeter","target_id":"progressMeter","value":"20"}
INST 1be0ecce27d32952 2016-03-28T23:29:40.400Z {"type":"progresschanged","target_tagname":"progressmeter","target_id":"progressMeter","value":"25"}
INST 1be0ecce27d32952 2016-03-28T23:29:42.100Z {"type":"progresschanged","target_tagname":"progressmeter","target_id":"progressMeter","value":"40"}
INST 1be0ecce27d32952 2016-03-28T23:29:42.700Z {"type":"progresschanged","target_tagname":"progressmeter","target_id":"progressMeter","value":"45"}
INST 1be0ecce27d32952 2016-03-28T23:29:43.100Z {"type":"progresschanged","target_tagname":"progressmeter","target_id":"progressMeter","value":"50"}
INST 1be0ecce27d32952 2016-03-28T23:29:43.800Z {"type":"progresschanged","target_tagname":"progressmeter","target_id":"progressMeter","value":"50"}
INST 1be0ecce27d32952 2016-03-28T23:29:43.800Z {"type":"progresschanged","target_tagname":"progressmeter","target_id":"progressMeter","value":"50"}
INST 1be0ecce27d32952 2016-03-28T23:29:43.800Z {"type":"progresschanged","target_tagname":"progressmeter","target_id":"progressMeter","value":"54"}
INST 1be0ecce27d32952 2016-03-28T23:29:43.900Z {"type":"progresschanged","target_tagname":"progressmeter","target_id":"progressMeter","value":"54"}
INST 1be0ecce27d32952 2016-03-28T23:29:44.000Z {"type":"progresschanged","target_tagname":"progressmeter","target_id":"progressMeter","value":"59"}
INST 1be0ecce27d32952 2016-03-28T23:29:44.200Z {"type":"progresschanged","target_tagname":"progressmeter","target_id":"progressMeter","value":"63"}
INST 1be0ecce27d32952 2016-03-28T23:29:44.400Z {"type":"progresschanged","target_tagname":"progressmeter","target_id":"progressMeter","value":"68"}
INST 1be0ecce27d32952 2016-03-28T23:29:44.600Z {"type":"progresschanged","target_tagname":"progressmeter","target_id":"progressMeter","value":"72"}
INST 1be0ecce27d32952 2016-03-28T23:29:44.600Z {"type":"progresschanged","target_tagname":"progressmeter","target_id":"progressMeter","value":"80"}
INST 1be0ecce27d32952 2016-03-28T23:29:44.600Z {"type":"progresschanged","target_tagname":"progressmeter","target_id":"progressMeter","value":"90"}
INST 1be0ecce27d32952 2016-03-28T23:29:47.100Z {"type":"progresschanged","target_tagname":"progressmeter","target_id":"progressMeter","value":"100"}
INST 1be0ecce27d32952 2016-03-28T23:29:47.400Z {"type":"unload","target_id":"progress_bar"}
INST 1be0ecce27d32952 2016-03-28T23:29:47.400Z {"type":"command","target_tagname":"wizard","target_id":"TorNetworkSettings"}
INST 1be0ecce27d32952 2016-03-28T23:29:47.400Z {"type":"unload","target_id":"configuration"}
