INST 9d1193242243f91f 2016-03-28T21:19:02.100Z {"type":"start"}
INST 9d1193242243f91f 2016-03-28T21:19:03.700Z {"type":"select","target_tagname":"menulist","target_id":"proxyType","value":""}
INST 9d1193242243f91f 2016-03-28T21:19:03.700Z {"type":"wizardnext","target_tagname":"wizard","target_id":"TorNetworkSettings"}
INST 9d1193242243f91f 2016-03-28T21:19:03.700Z {"type":"pageshow","target_tagname":"wizardpage","target_id":"first"}
INST 9d1193242243f91f 2016-03-28T21:19:03.700Z {"type":"load","target_id":"configuration"}
INST 9d1193242243f91f 2016-03-28T21:19:03.700Z {"type":"select","target_tagname":"menulist","target_id":"defaultBridgeType","value":"obfs3"}
INST 9d1193242243f91f 2016-03-28T21:19:10.800Z {"type":"click","target_tagname":"button","target_id":"configure_button","detail":1}
INST 9d1193242243f91f 2016-03-28T21:19:10.800Z {"type":"pagehide","target_tagname":"wizardpage","target_id":"first"}
INST 9d1193242243f91f 2016-03-28T21:19:10.800Z {"type":"pageadvanced","target_tagname":"wizardpage","target_id":"first"}
INST 9d1193242243f91f 2016-03-28T21:19:10.800Z {"type":"wizardnext","target_tagname":"wizard","target_id":"TorNetworkSettings"}
INST 9d1193242243f91f 2016-03-28T21:19:10.800Z {"type":"pageshow","target_tagname":"wizardpage","target_id":"bridges"}
INST 9d1193242243f91f 2016-03-28T21:19:10.800Z {"type":"command","target_tagname":"button","target_id":"configure_button"}
INST 9d1193242243f91f 2016-03-28T21:19:31.200Z {"type":"click","target_tagname":"wizard","target_id":"TorNetworkSettings","detail":1}
INST 9d1193242243f91f 2016-03-28T21:19:31.200Z {"type":"pagehide","target_tagname":"wizardpage","target_id":"bridges"}
INST 9d1193242243f91f 2016-03-28T21:19:31.200Z {"type":"pageadvanced","target_tagname":"wizardpage","target_id":"bridges"}
INST 9d1193242243f91f 2016-03-28T21:19:31.200Z {"type":"wizardnext","target_tagname":"wizard","target_id":"TorNetworkSettings"}
INST 9d1193242243f91f 2016-03-28T21:19:31.200Z {"type":"pageshow","target_tagname":"wizardpage","target_id":"proxy"}
INST 9d1193242243f91f 2016-03-28T21:19:31.200Z {"type":"command","target_tagname":"wizard","target_id":"TorNetworkSettings"}
INST 9d1193242243f91f 2016-03-28T21:19:37.100Z {"type":"click","target_tagname":"wizard","target_id":"TorNetworkSettings","detail":1}
INST 9d1193242243f91f 2016-03-28T21:19:37.100Z {"type":"pagehide","target_tagname":"wizardpage","target_id":"proxy"}
INST 9d1193242243f91f 2016-03-28T21:19:37.200Z {"type":"pageadvanced","target_tagname":"wizardpage","target_id":"proxy"}
INST 9d1193242243f91f 2016-03-28T21:19:37.200Z {"type":"wizardfinish","target_tagname":"wizard","target_id":"TorNetworkSettings"}
INST 9d1193242243f91f 2016-03-28T21:19:37.200Z {"type":"load","target_id":"progress_bar"}
INST 9d1193242243f91f 2016-03-28T21:19:38.000Z {"type":"progresschanged","target_tagname":"progressmeter","target_id":"progressMeter","value":"5"}
INST 9d1193242243f91f 2016-03-28T21:19:38.000Z {"type":"progresschanged","target_tagname":"progressmeter","target_id":"progressMeter","value":"5"}
INST 9d1193242243f91f 2016-03-28T21:19:38.000Z {"type":"progresschanged","target_tagname":"progressmeter","target_id":"progressMeter","value":"5"}
INST 9d1193242243f91f 2016-03-28T21:20:39.000Z {"type":"progresschanged","target_tagname":"progressmeter","target_id":"progressMeter","value":"5"}
INST 9d1193242243f91f 2016-03-28T21:23:20.500Z {"type":"click","target_tagname":"dialog","target_id":"TorProgress","detail":1}
INST 9d1193242243f91f 2016-03-28T21:23:23.900Z {"type":"click","target_tagname":"dialog","target_id":"TorProgress","detail":1}
INST 9d1193242243f91f 2016-03-28T21:23:23.900Z {"type":"dialogcancel","target_tagname":"dialog","target_id":"TorProgress"}
INST 9d1193242243f91f 2016-03-28T21:23:23.900Z {"type":"command","target_tagname":"dialog","target_id":"TorProgress"}
INST 9d1193242243f91f 2016-03-28T21:23:24.000Z {"type":"command","target_tagname":"wizard","target_id":"TorNetworkSettings"}
INST 9d1193242243f91f 2016-03-28T21:23:25.600Z {"type":"click","target_tagname":"radio","target_id":"proxyRadioYes","detail":1}
INST 9d1193242243f91f 2016-03-28T21:23:25.600Z {"type":"command","target_tagname":"radio","target_id":"proxyRadioYes"}
INST 9d1193242243f91f 2016-03-28T21:23:27.900Z {"type":"click","target_tagname":"wizard","target_id":"TorNetworkSettings","detail":1}
INST 9d1193242243f91f 2016-03-28T21:23:27.900Z {"type":"pagehide","target_tagname":"wizardpage","target_id":"proxy"}
INST 9d1193242243f91f 2016-03-28T21:23:27.900Z {"type":"pageadvanced","target_tagname":"wizardpage","target_id":"proxy"}
INST 9d1193242243f91f 2016-03-28T21:23:27.900Z {"type":"wizardnext","target_tagname":"wizard","target_id":"TorNetworkSettings"}
INST 9d1193242243f91f 2016-03-28T21:23:27.900Z {"type":"pageshow","target_tagname":"wizardpage","target_id":"proxyYES"}
INST 9d1193242243f91f 2016-03-28T21:23:27.900Z {"type":"command","target_tagname":"wizard","target_id":"TorNetworkSettings"}
INST 9d1193242243f91f 2016-03-28T21:23:32.800Z {"type":"click","target_tagname":"wizard","target_id":"TorNetworkSettings","detail":1}
INST 9d1193242243f91f 2016-03-28T21:23:32.800Z {"type":"pagehide","target_tagname":"wizardpage","target_id":"proxyYES"}
INST 9d1193242243f91f 2016-03-28T21:23:32.800Z {"type":"pagerewound","target_tagname":"wizardpage","target_id":"proxyYES"}
INST 9d1193242243f91f 2016-03-28T21:23:32.800Z {"type":"wizardback","target_tagname":"wizard","target_id":"TorNetworkSettings"}
INST 9d1193242243f91f 2016-03-28T21:23:32.800Z {"type":"pageshow","target_tagname":"wizardpage","target_id":"proxy"}
INST 9d1193242243f91f 2016-03-28T21:23:32.800Z {"type":"command","target_tagname":"wizard","target_id":"TorNetworkSettings"}
INST 9d1193242243f91f 2016-03-28T21:24:30.000Z {"type":"click","target_tagname":"wizardpage","target_id":"proxy","detail":1}
INST 9d1193242243f91f 2016-03-28T21:24:53.800Z {"type":"click","target_tagname":"wizardpage","target_id":"proxy","detail":1}
INST 9d1193242243f91f 2016-03-28T21:25:01.400Z {"type":"click","target_tagname":"radio","target_id":"proxyRadioNo","detail":1}
INST 9d1193242243f91f 2016-03-28T21:25:01.400Z {"type":"command","target_tagname":"radio","target_id":"proxyRadioNo"}
INST 9d1193242243f91f 2016-03-28T21:25:25.600Z {"type":"click","target_tagname":"wizardpage","target_id":"proxy","detail":1}
INST 9d1193242243f91f 2016-03-28T21:25:28.000Z {"type":"click","target_tagname":"wizard","target_id":"TorNetworkSettings","detail":1}
INST 9d1193242243f91f 2016-03-28T21:25:28.000Z {"type":"pagehide","target_tagname":"wizardpage","target_id":"proxy"}
INST 9d1193242243f91f 2016-03-28T21:25:28.000Z {"type":"pageadvanced","target_tagname":"wizardpage","target_id":"proxy"}
INST 9d1193242243f91f 2016-03-28T21:25:28.000Z {"type":"wizardfinish","target_tagname":"wizard","target_id":"TorNetworkSettings"}
INST 9d1193242243f91f 2016-03-28T21:25:28.100Z {"type":"load","target_id":"progress_bar"}
INST 9d1193242243f91f 2016-03-28T21:26:30.000Z {"type":"progresschanged","target_tagname":"progressmeter","target_id":"progressMeter","value":"5"}
INST 9d1193242243f91f 2016-03-28T21:26:36.500Z {"type":"click","target_tagname":"vbox","target_id":"","detail":1}
INST 9d1193242243f91f 2016-03-28T21:26:37.600Z {"type":"click","detail":1}
INST 9d1193242243f91f 2016-03-28T21:26:46.100Z {"type":"click","target_tagname":"dialog","target_id":"TorProgress","detail":1}
INST 9d1193242243f91f 2016-03-28T21:26:46.100Z {"type":"dialogcancel","target_tagname":"dialog","target_id":"TorProgress"}
INST 9d1193242243f91f 2016-03-28T21:26:46.100Z {"type":"command","target_tagname":"dialog","target_id":"TorProgress"}
INST 9d1193242243f91f 2016-03-28T21:26:46.100Z {"type":"command","target_tagname":"wizard","target_id":"TorNetworkSettings"}
INST 9d1193242243f91f 2016-03-28T21:27:25.800Z {"type":"click","target_tagname":"description","target_id":"","detail":1}
INST 9d1193242243f91f 2016-03-28T21:27:33.500Z {"type":"click","target_tagname":"radio","target_id":"proxyRadioYes","detail":1}
INST 9d1193242243f91f 2016-03-28T21:27:33.500Z {"type":"command","target_tagname":"radio","target_id":"proxyRadioYes"}
INST 9d1193242243f91f 2016-03-28T21:27:35.800Z {"type":"click","target_tagname":"wizard","target_id":"TorNetworkSettings","detail":1}
INST 9d1193242243f91f 2016-03-28T21:27:35.800Z {"type":"pagehide","target_tagname":"wizardpage","target_id":"proxy"}
INST 9d1193242243f91f 2016-03-28T21:27:35.800Z {"type":"pageadvanced","target_tagname":"wizardpage","target_id":"proxy"}
INST 9d1193242243f91f 2016-03-28T21:27:35.800Z {"type":"wizardnext","target_tagname":"wizard","target_id":"TorNetworkSettings"}
INST 9d1193242243f91f 2016-03-28T21:27:35.800Z {"type":"pageshow","target_tagname":"wizardpage","target_id":"proxyYES"}
INST 9d1193242243f91f 2016-03-28T21:27:35.800Z {"type":"command","target_tagname":"wizard","target_id":"TorNetworkSettings"}
INST 9d1193242243f91f 2016-03-28T21:28:05.800Z {"type":"click","target_tagname":"wizardpage","target_id":"proxyYES","detail":1}
INST 9d1193242243f91f 2016-03-28T21:28:06.500Z {"type":"click","target_tagname":"wizard","target_id":"TorNetworkSettings","detail":1}
INST 9d1193242243f91f 2016-03-28T21:28:06.500Z {"type":"pagehide","target_tagname":"wizardpage","target_id":"proxyYES"}
INST 9d1193242243f91f 2016-03-28T21:28:06.500Z {"type":"pagerewound","target_tagname":"wizardpage","target_id":"proxyYES"}
INST 9d1193242243f91f 2016-03-28T21:28:06.500Z {"type":"wizardback","target_tagname":"wizard","target_id":"TorNetworkSettings"}
INST 9d1193242243f91f 2016-03-28T21:28:06.500Z {"type":"pageshow","target_tagname":"wizardpage","target_id":"proxy"}
INST 9d1193242243f91f 2016-03-28T21:28:06.500Z {"type":"command","target_tagname":"wizard","target_id":"TorNetworkSettings"}
INST 9d1193242243f91f 2016-03-28T21:28:08.000Z {"type":"click","target_tagname":"radio","target_id":"proxyRadioNo","detail":1}
INST 9d1193242243f91f 2016-03-28T21:28:08.000Z {"type":"command","target_tagname":"radio","target_id":"proxyRadioNo"}
INST 9d1193242243f91f 2016-03-28T21:28:09.900Z {"type":"click","target_tagname":"wizard","target_id":"TorNetworkSettings","detail":1}
INST 9d1193242243f91f 2016-03-28T21:28:09.900Z {"type":"pagehide","target_tagname":"wizardpage","target_id":"proxy"}
INST 9d1193242243f91f 2016-03-28T21:28:09.900Z {"type":"pageadvanced","target_tagname":"wizardpage","target_id":"proxy"}
INST 9d1193242243f91f 2016-03-28T21:28:09.900Z {"type":"wizardfinish","target_tagname":"wizard","target_id":"TorNetworkSettings"}
INST 9d1193242243f91f 2016-03-28T21:28:10.000Z {"type":"load","target_id":"progress_bar"}
INST 9d1193242243f91f 2016-03-28T21:29:06.800Z {"type":"click","target_tagname":"description","target_id":"progressDesc","detail":1}
INST 9d1193242243f91f 2016-03-28T21:29:07.400Z {"type":"click","target_tagname":"dialog","target_id":"TorProgress","detail":1}
INST 9d1193242243f91f 2016-03-28T21:29:07.400Z {"type":"dialogcancel","target_tagname":"dialog","target_id":"TorProgress"}
INST 9d1193242243f91f 2016-03-28T21:29:07.500Z {"type":"command","target_tagname":"dialog","target_id":"TorProgress"}
INST 9d1193242243f91f 2016-03-28T21:29:07.500Z {"type":"command","target_tagname":"wizard","target_id":"TorNetworkSettings"}
INST 9d1193242243f91f 2016-03-28T21:29:08.100Z {"type":"click","target_tagname":"wizard","target_id":"TorNetworkSettings","detail":1}
INST 9d1193242243f91f 2016-03-28T21:29:08.100Z {"type":"pagehide","target_tagname":"wizardpage","target_id":"proxy"}
INST 9d1193242243f91f 2016-03-28T21:29:08.100Z {"type":"pageadvanced","target_tagname":"wizardpage","target_id":"proxy"}
INST 9d1193242243f91f 2016-03-28T21:29:08.100Z {"type":"wizardfinish","target_tagname":"wizard","target_id":"TorNetworkSettings"}
INST 9d1193242243f91f 2016-03-28T21:29:08.200Z {"type":"load","target_id":"progress_bar"}
INST 9d1193242243f91f 2016-03-28T21:29:30.600Z {"type":"click","target_tagname":"dialog","target_id":"TorProgress","detail":1}
INST 9d1193242243f91f 2016-03-28T21:29:30.600Z {"type":"dialogcancel","target_tagname":"dialog","target_id":"TorProgress"}
INST 9d1193242243f91f 2016-03-28T21:29:30.600Z {"type":"command","target_tagname":"dialog","target_id":"TorProgress"}
INST 9d1193242243f91f 2016-03-28T21:29:30.600Z {"type":"command","target_tagname":"wizard","target_id":"TorNetworkSettings"}
INST 9d1193242243f91f 2016-03-28T21:29:32.700Z {"type":"click","target_tagname":"wizard","target_id":"TorNetworkSettings","detail":1}
INST 9d1193242243f91f 2016-03-28T21:29:32.700Z {"type":"pagehide","target_tagname":"wizardpage","target_id":"proxy"}
INST 9d1193242243f91f 2016-03-28T21:29:32.700Z {"type":"pagerewound","target_tagname":"wizardpage","target_id":"proxy"}
INST 9d1193242243f91f 2016-03-28T21:29:32.700Z {"type":"wizardback","target_tagname":"wizard","target_id":"TorNetworkSettings"}
INST 9d1193242243f91f 2016-03-28T21:29:32.700Z {"type":"pageshow","target_tagname":"wizardpage","target_id":"bridges"}
INST 9d1193242243f91f 2016-03-28T21:29:32.700Z {"type":"command","target_tagname":"wizard","target_id":"TorNetworkSettings"}
INST 9d1193242243f91f 2016-03-28T21:29:49.500Z {"type":"click","target_tagname":"wizard","target_id":"TorNetworkSettings","detail":1}
INST 9d1193242243f91f 2016-03-28T21:29:49.500Z {"type":"pagehide","target_tagname":"wizardpage","target_id":"bridges"}
INST 9d1193242243f91f 2016-03-28T21:29:49.500Z {"type":"pageadvanced","target_tagname":"wizardpage","target_id":"bridges"}
INST 9d1193242243f91f 2016-03-28T21:29:49.500Z {"type":"wizardnext","target_tagname":"wizard","target_id":"TorNetworkSettings"}
INST 9d1193242243f91f 2016-03-28T21:29:49.500Z {"type":"pageshow","target_tagname":"wizardpage","target_id":"proxy"}
INST 9d1193242243f91f 2016-03-28T21:29:49.500Z {"type":"command","target_tagname":"wizard","target_id":"TorNetworkSettings"}
INST 9d1193242243f91f 2016-03-28T21:30:07.300Z {"type":"click","target_tagname":"wizardpage","target_id":"proxy","detail":1}
INST 9d1193242243f91f 2016-03-28T21:30:08.200Z {"type":"click","target_tagname":"wizard","target_id":"TorNetworkSettings","detail":1}
INST 9d1193242243f91f 2016-03-28T21:30:08.200Z {"type":"pagehide","target_tagname":"wizardpage","target_id":"proxy"}
INST 9d1193242243f91f 2016-03-28T21:30:08.200Z {"type":"pageadvanced","target_tagname":"wizardpage","target_id":"proxy"}
INST 9d1193242243f91f 2016-03-28T21:30:08.200Z {"type":"wizardfinish","target_tagname":"wizard","target_id":"TorNetworkSettings"}
INST 9d1193242243f91f 2016-03-28T21:30:08.300Z {"type":"load","target_id":"progress_bar"}
INST 9d1193242243f91f 2016-03-28T21:30:54.500Z {"type":"click","target_tagname":"dialog","target_id":"TorProgress","detail":1}
INST 9d1193242243f91f 2016-03-28T21:30:54.500Z {"type":"dialogcancel","target_tagname":"dialog","target_id":"TorProgress"}
INST 9d1193242243f91f 2016-03-28T21:30:54.500Z {"type":"command","target_tagname":"dialog","target_id":"TorProgress"}
INST 9d1193242243f91f 2016-03-28T21:30:54.600Z {"type":"command","target_tagname":"wizard","target_id":"TorNetworkSettings"}
INST 9d1193242243f91f 2016-03-28T21:30:58.800Z {"type":"click","target_tagname":"wizard","target_id":"TorNetworkSettings","detail":1}
INST 9d1193242243f91f 2016-03-28T21:30:59.400Z {"type":"click","target_tagname":"wizard","target_id":"TorNetworkSettings","detail":1}
INST 9d1193242243f91f 2016-03-28T21:30:59.400Z {"type":"pagehide","target_tagname":"wizardpage","target_id":"proxy"}
INST 9d1193242243f91f 2016-03-28T21:30:59.400Z {"type":"pageadvanced","target_tagname":"wizardpage","target_id":"proxy"}
INST 9d1193242243f91f 2016-03-28T21:30:59.400Z {"type":"wizardfinish","target_tagname":"wizard","target_id":"TorNetworkSettings"}
INST 9d1193242243f91f 2016-03-28T21:30:59.400Z {"type":"load","target_id":"progress_bar"}
INST 9d1193242243f91f 2016-03-28T21:31:37.800Z {"type":"click","target_tagname":"dialog","target_id":"TorProgress","detail":1}
INST 9d1193242243f91f 2016-03-28T21:31:38.300Z {"type":"click","target_tagname":"dialog","target_id":"TorProgress","detail":1}
INST 9d1193242243f91f 2016-03-28T21:31:38.300Z {"type":"dialogcancel","target_tagname":"dialog","target_id":"TorProgress"}
INST 9d1193242243f91f 2016-03-28T21:31:38.300Z {"type":"command","target_tagname":"dialog","target_id":"TorProgress"}
INST 9d1193242243f91f 2016-03-28T21:31:38.300Z {"type":"command","target_tagname":"wizard","target_id":"TorNetworkSettings"}
INST 9d1193242243f91f 2016-03-28T21:31:43.200Z {"type":"click","target_tagname":"wizard","target_id":"TorNetworkSettings","detail":1}
INST 9d1193242243f91f 2016-03-28T21:31:43.200Z {"type":"pagehide","target_tagname":"wizardpage","target_id":"proxy"}
INST 9d1193242243f91f 2016-03-28T21:31:43.200Z {"type":"pageadvanced","target_tagname":"wizardpage","target_id":"proxy"}
INST 9d1193242243f91f 2016-03-28T21:31:43.200Z {"type":"wizardfinish","target_tagname":"wizard","target_id":"TorNetworkSettings"}
INST 9d1193242243f91f 2016-03-28T21:31:43.300Z {"type":"load","target_id":"progress_bar"}
INST 9d1193242243f91f 2016-03-28T21:32:09.100Z {"type":"click","target_tagname":"dialog","target_id":"TorProgress","detail":1}
INST 9d1193242243f91f 2016-03-28T21:32:09.100Z {"type":"dialogcancel","target_tagname":"dialog","target_id":"TorProgress"}
INST 9d1193242243f91f 2016-03-28T21:32:09.100Z {"type":"command","target_tagname":"dialog","target_id":"TorProgress"}
INST 9d1193242243f91f 2016-03-28T21:32:09.100Z {"type":"command","target_tagname":"wizard","target_id":"TorNetworkSettings"}
INST 9d1193242243f91f 2016-03-28T21:32:21.200Z {"type":"click","target_tagname":"vbox","target_id":"","detail":1}
INST 9d1193242243f91f 2016-03-28T21:32:24.600Z {"type":"click","target_tagname":"radio","target_id":"proxyRadioYes","detail":1}
INST 9d1193242243f91f 2016-03-28T21:32:24.600Z {"type":"command","target_tagname":"radio","target_id":"proxyRadioYes"}
INST 9d1193242243f91f 2016-03-28T21:32:25.400Z {"type":"click","target_tagname":"wizard","target_id":"TorNetworkSettings","detail":1}
INST 9d1193242243f91f 2016-03-28T21:32:25.400Z {"type":"pagehide","target_tagname":"wizardpage","target_id":"proxy"}
INST 9d1193242243f91f 2016-03-28T21:32:25.400Z {"type":"pageadvanced","target_tagname":"wizardpage","target_id":"proxy"}
INST 9d1193242243f91f 2016-03-28T21:32:25.400Z {"type":"wizardnext","target_tagname":"wizard","target_id":"TorNetworkSettings"}
INST 9d1193242243f91f 2016-03-28T21:32:25.400Z {"type":"pageshow","target_tagname":"wizardpage","target_id":"proxyYES"}
INST 9d1193242243f91f 2016-03-28T21:32:25.400Z {"type":"command","target_tagname":"wizard","target_id":"TorNetworkSettings"}
INST 9d1193242243f91f 2016-03-28T21:32:26.900Z {"type":"popupshown","target_tagname":"menupopup","target_id":"proxyType_menuPopup"}
INST 9d1193242243f91f 2016-03-28T21:32:27.000Z {"type":"click","target_tagname":"menulist","target_id":"proxyType","value":"","detail":1}
INST 9d1193242243f91f 2016-03-28T21:32:29.800Z {"type":"mouseover","target_tagname":"menuitem","target_id":"","value":""}
INST 9d1193242243f91f 2016-03-28T21:32:29.900Z {"type":"mouseout","target_tagname":"menuitem","target_id":"","value":""}
INST 9d1193242243f91f 2016-03-28T21:32:29.900Z {"type":"mouseover","target_tagname":"menuitem","target_id":"","value":"SOCKS4"}
INST 9d1193242243f91f 2016-03-28T21:32:31.300Z {"type":"click","target_tagname":"menuitem","target_id":"","value":"SOCKS4","detail":1}
INST 9d1193242243f91f 2016-03-28T21:32:31.300Z {"type":"select","target_tagname":"menulist","target_id":"proxyType","value":"SOCKS4"}
INST 9d1193242243f91f 2016-03-28T21:32:31.300Z {"type":"command","target_tagname":"menuitem","target_id":"","value":"SOCKS4"}
INST 9d1193242243f91f 2016-03-28T21:32:31.300Z {"type":"popuphidden","target_tagname":"menupopup","target_id":"proxyType_menuPopup"}
INST 9d1193242243f91f 2016-03-28T21:32:31.300Z {"type":"mouseout","target_tagname":"menuitem","target_id":"","value":"SOCKS4"}
INST 9d1193242243f91f 2016-03-28T21:32:37.700Z {"type":"select","target_tagname":"textbox","target_id":"proxyAddr"}
INST 9d1193242243f91f 2016-03-28T21:32:37.800Z {"type":"click","target_tagname":"textbox","target_id":"proxyAddr","detail":1}
INST 9d1193242243f91f 2016-03-28T21:32:49.500Z {"type":"popupshown","target_tagname":"menupopup","target_id":"proxyType_menuPopup"}
INST 9d1193242243f91f 2016-03-28T21:32:49.600Z {"type":"click","target_tagname":"menulist","target_id":"proxyType","value":"SOCKS4","detail":1}
INST 9d1193242243f91f 2016-03-28T21:32:49.700Z {"type":"mouseover","target_tagname":"menuitem","target_id":"","value":""}
INST 9d1193242243f91f 2016-03-28T21:32:49.800Z {"type":"mouseout","target_tagname":"menuitem","target_id":"","value":""}
INST 9d1193242243f91f 2016-03-28T21:32:49.800Z {"type":"mouseover","target_tagname":"menuitem","target_id":"","value":"SOCKS4"}
INST 9d1193242243f91f 2016-03-28T21:32:49.900Z {"type":"mouseout","target_tagname":"menuitem","target_id":"","value":"SOCKS4"}
INST 9d1193242243f91f 2016-03-28T21:32:49.900Z {"type":"mouseover","target_tagname":"menuitem","target_id":"","value":"SOCKS5"}
INST 9d1193242243f91f 2016-03-28T21:32:52.000Z {"type":"mouseout","target_tagname":"menuitem","target_id":"","value":"SOCKS5"}
INST 9d1193242243f91f 2016-03-28T21:32:52.000Z {"type":"mouseover","target_tagname":"menuitem","target_id":"","value":"SOCKS4"}
INST 9d1193242243f91f 2016-03-28T21:32:53.000Z {"type":"click","target_tagname":"menuitem","target_id":"","value":"SOCKS4","detail":1}
INST 9d1193242243f91f 2016-03-28T21:32:53.000Z {"type":"command","target_tagname":"menuitem","target_id":"","value":"SOCKS4"}
INST 9d1193242243f91f 2016-03-28T21:32:53.000Z {"type":"popuphidden","target_tagname":"menupopup","target_id":"proxyType_menuPopup"}
INST 9d1193242243f91f 2016-03-28T21:32:53.000Z {"type":"mouseout","target_tagname":"menuitem","target_id":"","value":"SOCKS4"}
INST 9d1193242243f91f 2016-03-28T21:32:55.000Z {"type":"click","target_tagname":"wizard","target_id":"TorNetworkSettings","detail":1}
INST 9d1193242243f91f 2016-03-28T21:32:55.000Z {"type":"pagehide","target_tagname":"wizardpage","target_id":"proxyYES"}
INST 9d1193242243f91f 2016-03-28T21:32:55.000Z {"type":"pageadvanced","target_tagname":"wizardpage","target_id":"proxyYES"}
INST 9d1193242243f91f 2016-03-28T21:32:55.000Z {"type":"alert_show","target_id":"failed_to_save_settings","value":"Unable to save Tor settings.\n\nYou must specify both an IP address or hostname and a port number to configure Tor to use a proxy to access the Internet."}
INST 9d1193242243f91f 2016-03-28T21:33:00.400Z {"type":"alert_exit","target_id":"failed_to_save_settings","value":"Unable to save Tor settings.\n\nYou must specify both an IP address or hostname and a port number to configure Tor to use a proxy to access the Internet."}
INST 9d1193242243f91f 2016-03-28T21:33:00.400Z {"type":"command","target_tagname":"wizard","target_id":"TorNetworkSettings"}
INST 9d1193242243f91f 2016-03-28T21:33:18.800Z {"type":"click","target_tagname":"wizard","target_id":"TorNetworkSettings","detail":1}
INST 9d1193242243f91f 2016-03-28T21:33:18.800Z {"type":"extra2","target_tagname":"wizardpage","target_id":"proxyYES"}
INST 9d1193242243f91f 2016-03-28T21:33:18.900Z {"type":"command","target_tagname":"wizard","target_id":"TorNetworkSettings"}
INST 9d1193242243f91f 2016-03-28T21:33:19.000Z {"type":"popupshown","target_tagname":"panel","target_id":"copyLogFeedbackPanel"}
INST 9d1193242243f91f 2016-03-28T21:33:23.100Z {"type":"popuphidden","target_tagname":"panel","target_id":"copyLogFeedbackPanel"}
INST 9d1193242243f91f 2016-03-28T21:33:25.800Z {"type":"popupshown","target_tagname":"menupopup","target_id":"proxyType_menuPopup"}
INST 9d1193242243f91f 2016-03-28T21:33:25.800Z {"type":"click","target_tagname":"menulist","target_id":"proxyType","value":"SOCKS4","detail":1}
INST 9d1193242243f91f 2016-03-28T21:33:26.900Z {"type":"mouseover","target_tagname":"menuitem","target_id":"","value":""}
INST 9d1193242243f91f 2016-03-28T21:33:27.100Z {"type":"mouseout","target_tagname":"menuitem","target_id":"","value":""}
INST 9d1193242243f91f 2016-03-28T21:33:27.100Z {"type":"mouseover","target_tagname":"menuitem","target_id":"","value":"SOCKS4"}
INST 9d1193242243f91f 2016-03-28T21:33:27.500Z {"type":"click","target_tagname":"menuitem","target_id":"","value":"SOCKS4","detail":1}
INST 9d1193242243f91f 2016-03-28T21:33:27.500Z {"type":"command","target_tagname":"menuitem","target_id":"","value":"SOCKS4"}
INST 9d1193242243f91f 2016-03-28T21:33:27.500Z {"type":"popuphidden","target_tagname":"menupopup","target_id":"proxyType_menuPopup"}
INST 9d1193242243f91f 2016-03-28T21:33:27.500Z {"type":"mouseout","target_tagname":"menuitem","target_id":"","value":"SOCKS4"}
INST 9d1193242243f91f 2016-03-28T21:33:28.100Z {"type":"popupshown","target_tagname":"menupopup","target_id":"proxyType_menuPopup"}
INST 9d1193242243f91f 2016-03-28T21:33:28.200Z {"type":"click","target_tagname":"menulist","target_id":"proxyType","value":"SOCKS4","detail":1}
INST 9d1193242243f91f 2016-03-28T21:33:28.200Z {"type":"mouseover","target_tagname":"menuitem","target_id":"","value":""}
INST 9d1193242243f91f 2016-03-28T21:33:28.300Z {"type":"mouseout","target_tagname":"menuitem","target_id":"","value":""}
INST 9d1193242243f91f 2016-03-28T21:33:28.300Z {"type":"mouseover","target_tagname":"menuitem","target_id":"","value":"SOCKS4"}
INST 9d1193242243f91f 2016-03-28T21:33:28.500Z {"type":"mouseout","target_tagname":"menuitem","target_id":"","value":"SOCKS4"}
INST 9d1193242243f91f 2016-03-28T21:33:28.500Z {"type":"mouseover","target_tagname":"menuitem","target_id":"","value":"SOCKS5"}
INST 9d1193242243f91f 2016-03-28T21:33:28.800Z {"type":"click","target_tagname":"menuitem","target_id":"","value":"SOCKS5","detail":1}
INST 9d1193242243f91f 2016-03-28T21:33:28.800Z {"type":"select","target_tagname":"menulist","target_id":"proxyType","value":"SOCKS5"}
INST 9d1193242243f91f 2016-03-28T21:33:28.800Z {"type":"command","target_tagname":"menuitem","target_id":"","value":"SOCKS5"}
INST 9d1193242243f91f 2016-03-28T21:33:28.800Z {"type":"popuphidden","target_tagname":"menupopup","target_id":"proxyType_menuPopup"}
INST 9d1193242243f91f 2016-03-28T21:33:28.900Z {"type":"mouseout","target_tagname":"menuitem","target_id":"","value":"SOCKS5"}
INST 9d1193242243f91f 2016-03-28T21:33:30.100Z {"type":"popupshown","target_tagname":"menupopup","target_id":"proxyType_menuPopup"}
INST 9d1193242243f91f 2016-03-28T21:33:30.200Z {"type":"click","target_tagname":"menulist","target_id":"proxyType","value":"SOCKS5","detail":1}
INST 9d1193242243f91f 2016-03-28T21:33:30.300Z {"type":"mouseover","target_tagname":"menuitem","target_id":"","value":""}
INST 9d1193242243f91f 2016-03-28T21:33:30.300Z {"type":"mouseout","target_tagname":"menuitem","target_id":"","value":""}
INST 9d1193242243f91f 2016-03-28T21:33:30.300Z {"type":"mouseover","target_tagname":"menuitem","target_id":"","value":"SOCKS4"}
INST 9d1193242243f91f 2016-03-28T21:33:30.400Z {"type":"mouseout","target_tagname":"menuitem","target_id":"","value":"SOCKS4"}
INST 9d1193242243f91f 2016-03-28T21:33:30.400Z {"type":"mouseover","target_tagname":"menuitem","target_id":"","value":"SOCKS5"}
INST 9d1193242243f91f 2016-03-28T21:33:30.500Z {"type":"mouseout","target_tagname":"menuitem","target_id":"","value":"SOCKS5"}
INST 9d1193242243f91f 2016-03-28T21:33:30.500Z {"type":"mouseover","target_tagname":"menuitem","target_id":"","value":"HTTP"}
INST 9d1193242243f91f 2016-03-28T21:33:30.800Z {"type":"click","target_tagname":"menuitem","target_id":"","value":"HTTP","detail":1}
INST 9d1193242243f91f 2016-03-28T21:33:30.800Z {"type":"select","target_tagname":"menulist","target_id":"proxyType","value":"HTTP"}
INST 9d1193242243f91f 2016-03-28T21:33:30.800Z {"type":"command","target_tagname":"menuitem","target_id":"","value":"HTTP"}
INST 9d1193242243f91f 2016-03-28T21:33:30.800Z {"type":"popuphidden","target_tagname":"menupopup","target_id":"proxyType_menuPopup"}
INST 9d1193242243f91f 2016-03-28T21:33:30.800Z {"type":"mouseout","target_tagname":"menuitem","target_id":"","value":"HTTP"}
INST 9d1193242243f91f 2016-03-28T21:33:32.400Z {"type":"click","target_tagname":"wizard","target_id":"TorNetworkSettings","detail":1}
INST 9d1193242243f91f 2016-03-28T21:33:32.400Z {"type":"pagehide","target_tagname":"wizardpage","target_id":"proxyYES"}
INST 9d1193242243f91f 2016-03-28T21:33:32.400Z {"type":"pageadvanced","target_tagname":"wizardpage","target_id":"proxyYES"}
INST 9d1193242243f91f 2016-03-28T21:33:32.400Z {"type":"alert_show","target_id":"failed_to_save_settings","value":"Unable to save Tor settings.\n\nYou must specify both an IP address or hostname and a port number to configure Tor to use a proxy to access the Internet."}
INST 9d1193242243f91f 2016-03-28T21:33:34.300Z {"type":"alert_exit","target_id":"failed_to_save_settings","value":"Unable to save Tor settings.\n\nYou must specify both an IP address or hostname and a port number to configure Tor to use a proxy to access the Internet."}
INST 9d1193242243f91f 2016-03-28T21:33:34.300Z {"type":"command","target_tagname":"wizard","target_id":"TorNetworkSettings"}
INST 9d1193242243f91f 2016-03-28T21:33:35.400Z {"type":"popupshown","target_tagname":"menupopup","target_id":"proxyType_menuPopup"}
INST 9d1193242243f91f 2016-03-28T21:33:35.500Z {"type":"click","target_tagname":"menulist","target_id":"proxyType","value":"HTTP","detail":1}
INST 9d1193242243f91f 2016-03-28T21:33:35.700Z {"type":"mouseover","target_tagname":"menuitem","target_id":"","value":""}
INST 9d1193242243f91f 2016-03-28T21:33:35.900Z {"type":"mouseout","target_tagname":"menuitem","target_id":"","value":""}
INST 9d1193242243f91f 2016-03-28T21:33:35.900Z {"type":"mouseover","target_tagname":"menuitem","target_id":"","value":"SOCKS4"}
INST 9d1193242243f91f 2016-03-28T21:33:36.600Z {"type":"mouseout","target_tagname":"menuitem","target_id":"","value":"SOCKS4"}
INST 9d1193242243f91f 2016-03-28T21:33:36.600Z {"type":"mouseover","target_tagname":"menuitem","target_id":"","value":""}
INST 9d1193242243f91f 2016-03-28T21:33:37.100Z {"type":"mouseout","target_tagname":"menuitem","target_id":"","value":""}
INST 9d1193242243f91f 2016-03-28T21:33:37.100Z {"type":"mouseover","target_tagname":"menuitem","target_id":"","value":"SOCKS4"}
INST 9d1193242243f91f 2016-03-28T21:33:37.400Z {"type":"click","target_tagname":"menuitem","target_id":"","value":"SOCKS4","detail":1}
INST 9d1193242243f91f 2016-03-28T21:33:37.400Z {"type":"select","target_tagname":"menulist","target_id":"proxyType","value":"SOCKS4"}
INST 9d1193242243f91f 2016-03-28T21:33:37.400Z {"type":"command","target_tagname":"menuitem","target_id":"","value":"SOCKS4"}
INST 9d1193242243f91f 2016-03-28T21:33:37.400Z {"type":"popuphidden","target_tagname":"menupopup","target_id":"proxyType_menuPopup"}
INST 9d1193242243f91f 2016-03-28T21:33:37.500Z {"type":"mouseout","target_tagname":"menuitem","target_id":"","value":"SOCKS4"}
INST 9d1193242243f91f 2016-03-28T21:34:21.900Z {"type":"click","target_tagname":"wizardpage","target_id":"proxyYES","detail":1}
INST 9d1193242243f91f 2016-03-28T21:34:22.300Z {"type":"click","target_tagname":"wizard","target_id":"TorNetworkSettings","detail":1}
INST 9d1193242243f91f 2016-03-28T21:34:22.300Z {"type":"pagehide","target_tagname":"wizardpage","target_id":"proxyYES"}
INST 9d1193242243f91f 2016-03-28T21:34:22.300Z {"type":"pagerewound","target_tagname":"wizardpage","target_id":"proxyYES"}
INST 9d1193242243f91f 2016-03-28T21:34:22.300Z {"type":"wizardback","target_tagname":"wizard","target_id":"TorNetworkSettings"}
INST 9d1193242243f91f 2016-03-28T21:34:22.300Z {"type":"pageshow","target_tagname":"wizardpage","target_id":"proxy"}
INST 9d1193242243f91f 2016-03-28T21:34:22.300Z {"type":"command","target_tagname":"wizard","target_id":"TorNetworkSettings"}
INST 9d1193242243f91f 2016-03-28T21:34:27.300Z {"type":"click","target_tagname":"wizard","target_id":"TorNetworkSettings","detail":1}
INST 9d1193242243f91f 2016-03-28T21:34:27.300Z {"type":"pagehide","target_tagname":"wizardpage","target_id":"proxy"}
INST 9d1193242243f91f 2016-03-28T21:34:27.300Z {"type":"pageadvanced","target_tagname":"wizardpage","target_id":"proxy"}
INST 9d1193242243f91f 2016-03-28T21:34:27.300Z {"type":"wizardnext","target_tagname":"wizard","target_id":"TorNetworkSettings"}
INST 9d1193242243f91f 2016-03-28T21:34:27.300Z {"type":"pageshow","target_tagname":"wizardpage","target_id":"proxyYES"}
INST 9d1193242243f91f 2016-03-28T21:34:27.300Z {"type":"command","target_tagname":"wizard","target_id":"TorNetworkSettings"}
INST 9d1193242243f91f 2016-03-28T21:34:30.600Z {"type":"popupshown","target_tagname":"menupopup","target_id":"proxyType_menuPopup"}
INST 9d1193242243f91f 2016-03-28T21:34:30.700Z {"type":"click","target_tagname":"menulist","target_id":"proxyType","value":"SOCKS4","detail":1}
INST 9d1193242243f91f 2016-03-28T21:34:31.100Z {"type":"mouseover","target_tagname":"menuitem","target_id":"","value":""}
INST 9d1193242243f91f 2016-03-28T21:34:31.200Z {"type":"mouseout","target_tagname":"menuitem","target_id":"","value":""}
INST 9d1193242243f91f 2016-03-28T21:34:31.200Z {"type":"mouseover","target_tagname":"menuitem","target_id":"","value":"SOCKS4"}
INST 9d1193242243f91f 2016-03-28T21:34:32.200Z {"type":"mouseout","target_tagname":"menuitem","target_id":"","value":"SOCKS4"}
INST 9d1193242243f91f 2016-03-28T21:34:32.200Z {"type":"mouseover","target_tagname":"menuitem","target_id":"","value":""}
INST 9d1193242243f91f 2016-03-28T21:34:32.500Z {"type":"click","target_tagname":"menuitem","target_id":"","value":"","detail":1}
INST 9d1193242243f91f 2016-03-28T21:34:32.500Z {"type":"select","target_tagname":"menulist","target_id":"proxyType","value":""}
INST 9d1193242243f91f 2016-03-28T21:34:32.500Z {"type":"command","target_tagname":"menuitem","target_id":"","value":""}
INST 9d1193242243f91f 2016-03-28T21:34:32.500Z {"type":"popuphidden","target_tagname":"menupopup","target_id":"proxyType_menuPopup"}
INST 9d1193242243f91f 2016-03-28T21:34:32.500Z {"type":"mouseout","target_tagname":"menuitem","target_id":"","value":""}
INST 9d1193242243f91f 2016-03-28T21:34:33.200Z {"type":"select","target_tagname":"textbox","target_id":"proxyAddr"}
INST 9d1193242243f91f 2016-03-28T21:34:33.300Z {"type":"click","target_tagname":"textbox","target_id":"proxyAddr","detail":1}
INST 9d1193242243f91f 2016-03-28T21:34:55.300Z {"type":"click","target_tagname":"wizard","target_id":"TorNetworkSettings","detail":1}
INST 9d1193242243f91f 2016-03-28T21:34:55.300Z {"type":"pagehide","target_tagname":"wizardpage","target_id":"proxyYES"}
INST 9d1193242243f91f 2016-03-28T21:34:55.300Z {"type":"pagerewound","target_tagname":"wizardpage","target_id":"proxyYES"}
INST 9d1193242243f91f 2016-03-28T21:34:55.300Z {"type":"wizardback","target_tagname":"wizard","target_id":"TorNetworkSettings"}
INST 9d1193242243f91f 2016-03-28T21:34:55.300Z {"type":"pageshow","target_tagname":"wizardpage","target_id":"proxy"}
INST 9d1193242243f91f 2016-03-28T21:34:55.300Z {"type":"command","target_tagname":"wizard","target_id":"TorNetworkSettings"}
INST 9d1193242243f91f 2016-03-28T21:35:03.000Z {"type":"click","target_tagname":"wizard","target_id":"TorNetworkSettings","detail":1}
INST 9d1193242243f91f 2016-03-28T21:35:03.000Z {"type":"pagehide","target_tagname":"wizardpage","target_id":"proxy"}
INST 9d1193242243f91f 2016-03-28T21:35:03.000Z {"type":"pageadvanced","target_tagname":"wizardpage","target_id":"proxy"}
INST 9d1193242243f91f 2016-03-28T21:35:03.000Z {"type":"wizardnext","target_tagname":"wizard","target_id":"TorNetworkSettings"}
INST 9d1193242243f91f 2016-03-28T21:35:03.000Z {"type":"pageshow","target_tagname":"wizardpage","target_id":"proxyYES"}
INST 9d1193242243f91f 2016-03-28T21:35:03.000Z {"type":"command","target_tagname":"wizard","target_id":"TorNetworkSettings"}
INST 9d1193242243f91f 2016-03-28T21:35:06.400Z {"type":"popupshown","target_tagname":"menupopup","target_id":"proxyType_menuPopup"}
INST 9d1193242243f91f 2016-03-28T21:35:06.500Z {"type":"click","target_tagname":"menulist","target_id":"proxyType","value":"","detail":1}
INST 9d1193242243f91f 2016-03-28T21:35:06.600Z {"type":"mouseover","target_tagname":"menuitem","target_id":"","value":""}
INST 9d1193242243f91f 2016-03-28T21:35:06.700Z {"type":"mouseout","target_tagname":"menuitem","target_id":"","value":""}
INST 9d1193242243f91f 2016-03-28T21:35:06.700Z {"type":"mouseover","target_tagname":"menuitem","target_id":"","value":"SOCKS4"}
INST 9d1193242243f91f 2016-03-28T21:35:06.900Z {"type":"mouseout","target_tagname":"menuitem","target_id":"","value":"SOCKS4"}
INST 9d1193242243f91f 2016-03-28T21:35:06.900Z {"type":"mouseover","target_tagname":"menuitem","target_id":"","value":"SOCKS5"}
INST 9d1193242243f91f 2016-03-28T21:35:07.000Z {"type":"mouseout","target_tagname":"menuitem","target_id":"","value":"SOCKS5"}
INST 9d1193242243f91f 2016-03-28T21:35:07.000Z {"type":"mouseover","target_tagname":"menuitem","target_id":"","value":"HTTP"}
INST 9d1193242243f91f 2016-03-28T21:35:07.300Z {"type":"click","target_tagname":"menuitem","target_id":"","value":"HTTP","detail":1}
INST 9d1193242243f91f 2016-03-28T21:35:07.300Z {"type":"select","target_tagname":"menulist","target_id":"proxyType","value":"HTTP"}
INST 9d1193242243f91f 2016-03-28T21:35:07.300Z {"type":"command","target_tagname":"menuitem","target_id":"","value":"HTTP"}
INST 9d1193242243f91f 2016-03-28T21:35:07.300Z {"type":"popuphidden","target_tagname":"menupopup","target_id":"proxyType_menuPopup"}
INST 9d1193242243f91f 2016-03-28T21:35:07.300Z {"type":"mouseout","target_tagname":"menuitem","target_id":"","value":"HTTP"}
INST 9d1193242243f91f 2016-03-28T21:35:25.500Z {"type":"popupshown","target_tagname":"menupopup","target_id":"proxyType_menuPopup"}
INST 9d1193242243f91f 2016-03-28T21:35:25.600Z {"type":"click","target_tagname":"menulist","target_id":"proxyType","value":"HTTP","detail":1}
INST 9d1193242243f91f 2016-03-28T21:35:25.700Z {"type":"mouseover","target_tagname":"menuitem","target_id":"","value":""}
INST 9d1193242243f91f 2016-03-28T21:35:26.100Z {"type":"mouseout","target_tagname":"menuitem","target_id":"","value":""}
INST 9d1193242243f91f 2016-03-28T21:35:26.100Z {"type":"mouseover","target_tagname":"menuitem","target_id":"","value":"SOCKS4"}
INST 9d1193242243f91f 2016-03-28T21:35:26.400Z {"type":"click","target_tagname":"menuitem","target_id":"","value":"SOCKS4","detail":1}
INST 9d1193242243f91f 2016-03-28T21:35:26.400Z {"type":"select","target_tagname":"menulist","target_id":"proxyType","value":"SOCKS4"}
INST 9d1193242243f91f 2016-03-28T21:35:26.400Z {"type":"command","target_tagname":"menuitem","target_id":"","value":"SOCKS4"}
INST 9d1193242243f91f 2016-03-28T21:35:26.400Z {"type":"popuphidden","target_tagname":"menupopup","target_id":"proxyType_menuPopup"}
INST 9d1193242243f91f 2016-03-28T21:35:26.400Z {"type":"mouseout","target_tagname":"menuitem","target_id":"","value":"SOCKS4"}
INST 9d1193242243f91f 2016-03-28T21:35:52.200Z {"type":"popupshown","target_tagname":"menupopup","target_id":"proxyType_menuPopup"}
INST 9d1193242243f91f 2016-03-28T21:35:52.300Z {"type":"click","target_tagname":"menulist","target_id":"proxyType","value":"SOCKS4","detail":1}
INST 9d1193242243f91f 2016-03-28T21:35:53.200Z {"type":"mouseover","target_tagname":"menuitem","target_id":"","value":""}
INST 9d1193242243f91f 2016-03-28T21:35:53.600Z {"type":"click","target_tagname":"menuitem","target_id":"","value":"","detail":1}
INST 9d1193242243f91f 2016-03-28T21:35:53.600Z {"type":"select","target_tagname":"menulist","target_id":"proxyType","value":""}
INST 9d1193242243f91f 2016-03-28T21:35:53.600Z {"type":"command","target_tagname":"menuitem","target_id":"","value":""}
INST 9d1193242243f91f 2016-03-28T21:35:53.600Z {"type":"popuphidden","target_tagname":"menupopup","target_id":"proxyType_menuPopup"}
INST 9d1193242243f91f 2016-03-28T21:35:53.700Z {"type":"mouseout","target_tagname":"menuitem","target_id":"","value":""}
INST 9d1193242243f91f 2016-03-28T21:35:54.500Z {"type":"click","target_tagname":"wizard","target_id":"TorNetworkSettings","detail":1}
INST 9d1193242243f91f 2016-03-28T21:35:54.500Z {"type":"pagehide","target_tagname":"wizardpage","target_id":"proxyYES"}
INST 9d1193242243f91f 2016-03-28T21:35:54.500Z {"type":"pagerewound","target_tagname":"wizardpage","target_id":"proxyYES"}
INST 9d1193242243f91f 2016-03-28T21:35:54.500Z {"type":"wizardback","target_tagname":"wizard","target_id":"TorNetworkSettings"}
INST 9d1193242243f91f 2016-03-28T21:35:54.500Z {"type":"pageshow","target_tagname":"wizardpage","target_id":"proxy"}
INST 9d1193242243f91f 2016-03-28T21:35:54.500Z {"type":"command","target_tagname":"wizard","target_id":"TorNetworkSettings"}
INST 9d1193242243f91f 2016-03-28T21:35:57.300Z {"type":"click","target_tagname":"radio","target_id":"proxyRadioNo","detail":1}
INST 9d1193242243f91f 2016-03-28T21:35:57.300Z {"type":"command","target_tagname":"radio","target_id":"proxyRadioNo"}
INST 9d1193242243f91f 2016-03-28T21:36:01.100Z {"type":"click","target_tagname":"wizard","target_id":"TorNetworkSettings","detail":1}
INST 9d1193242243f91f 2016-03-28T21:36:01.100Z {"type":"pagehide","target_tagname":"wizardpage","target_id":"proxy"}
INST 9d1193242243f91f 2016-03-28T21:36:01.100Z {"type":"pageadvanced","target_tagname":"wizardpage","target_id":"proxy"}
INST 9d1193242243f91f 2016-03-28T21:36:01.100Z {"type":"wizardfinish","target_tagname":"wizard","target_id":"TorNetworkSettings"}
INST 9d1193242243f91f 2016-03-28T21:36:01.200Z {"type":"load","target_id":"progress_bar"}
INST 9d1193242243f91f 2016-03-28T21:37:03.000Z {"type":"progresschanged","target_tagname":"progressmeter","target_id":"progressMeter","value":"5"}
INST 9d1193242243f91f 2016-03-28T21:37:49.200Z {"type":"click","target_tagname":"description","target_id":"progressDesc","detail":1}
INST 9d1193242243f91f 2016-03-28T21:38:36.800Z {"type":"click","target_tagname":"dialog","target_id":"TorProgress","detail":1}
INST 9d1193242243f91f 2016-03-28T21:38:36.800Z {"type":"dialogcancel","target_tagname":"dialog","target_id":"TorProgress"}
INST 9d1193242243f91f 2016-03-28T21:38:36.900Z {"type":"command","target_tagname":"dialog","target_id":"TorProgress"}
INST 9d1193242243f91f 2016-03-28T21:38:36.900Z {"type":"command","target_tagname":"wizard","target_id":"TorNetworkSettings"}
INST 9d1193242243f91f 2016-03-28T21:38:38.100Z {"type":"click","target_tagname":"wizard","target_id":"TorNetworkSettings","detail":1}
INST 9d1193242243f91f 2016-03-28T21:38:38.100Z {"type":"pagehide","target_tagname":"wizardpage","target_id":"proxy"}
INST 9d1193242243f91f 2016-03-28T21:38:38.100Z {"type":"pageadvanced","target_tagname":"wizardpage","target_id":"proxy"}
INST 9d1193242243f91f 2016-03-28T21:38:38.100Z {"type":"wizardfinish","target_tagname":"wizard","target_id":"TorNetworkSettings"}
INST 9d1193242243f91f 2016-03-28T21:38:38.100Z {"type":"load","target_id":"progress_bar"}
INST 9d1193242243f91f 2016-03-28T21:38:47.700Z {"type":"click","target_tagname":"dialog","target_id":"TorProgress","detail":1}
INST 9d1193242243f91f 2016-03-28T21:38:47.700Z {"type":"dialogcancel","target_tagname":"dialog","target_id":"TorProgress"}
INST 9d1193242243f91f 2016-03-28T21:38:47.700Z {"type":"command","target_tagname":"dialog","target_id":"TorProgress"}
INST 9d1193242243f91f 2016-03-28T21:38:47.700Z {"type":"command","target_tagname":"wizard","target_id":"TorNetworkSettings"}
INST 9d1193242243f91f 2016-03-28T21:39:11.900Z {"type":"click","target_tagname":"wizard","target_id":"TorNetworkSettings","detail":1}
INST 9d1193242243f91f 2016-03-28T21:39:11.900Z {"type":"pagehide","target_tagname":"wizardpage","target_id":"proxy"}
INST 9d1193242243f91f 2016-03-28T21:39:11.900Z {"type":"pageadvanced","target_tagname":"wizardpage","target_id":"proxy"}
INST 9d1193242243f91f 2016-03-28T21:39:11.900Z {"type":"wizardfinish","target_tagname":"wizard","target_id":"TorNetworkSettings"}
INST 9d1193242243f91f 2016-03-28T21:39:12.000Z {"type":"load","target_id":"progress_bar"}
INST 9d1193242243f91f 2016-03-28T21:39:18.700Z {"type":"click","target_tagname":"dialog","target_id":"TorProgress","detail":1}
INST 9d1193242243f91f 2016-03-28T21:39:18.700Z {"type":"dialogcancel","target_tagname":"dialog","target_id":"TorProgress"}
INST 9d1193242243f91f 2016-03-28T21:39:18.700Z {"type":"command","target_tagname":"dialog","target_id":"TorProgress"}
INST 9d1193242243f91f 2016-03-28T21:39:18.700Z {"type":"command","target_tagname":"wizard","target_id":"TorNetworkSettings"}
INST 9d1193242243f91f 2016-03-28T21:39:41.600Z {"type":"click","target_tagname":"wizardpage","target_id":"proxy","detail":1}
INST 9d1193242243f91f 2016-03-28T21:39:44.100Z {"type":"click","target_tagname":"wizard","target_id":"TorNetworkSettings","detail":1}
INST 9d1193242243f91f 2016-03-28T21:39:44.100Z {"type":"pagehide","target_tagname":"wizardpage","target_id":"proxy"}
INST 9d1193242243f91f 2016-03-28T21:39:44.100Z {"type":"pageadvanced","target_tagname":"wizardpage","target_id":"proxy"}
INST 9d1193242243f91f 2016-03-28T21:39:44.100Z {"type":"wizardfinish","target_tagname":"wizard","target_id":"TorNetworkSettings"}
INST 9d1193242243f91f 2016-03-28T21:39:44.200Z {"type":"load","target_id":"progress_bar"}
INST 9d1193242243f91f 2016-03-28T21:40:24.000Z {"type":"click","target_tagname":"dialog","target_id":"TorProgress","detail":1}
INST 9d1193242243f91f 2016-03-28T21:40:24.000Z {"type":"dialogcancel","target_tagname":"dialog","target_id":"TorProgress"}
INST 9d1193242243f91f 2016-03-28T21:40:24.000Z {"type":"command","target_tagname":"dialog","target_id":"TorProgress"}
INST 9d1193242243f91f 2016-03-28T21:40:24.000Z {"type":"command","target_tagname":"wizard","target_id":"TorNetworkSettings"}
INST 9d1193242243f91f 2016-03-28T21:41:07.200Z {"type":"click","target_tagname":"wizardpage","target_id":"proxy","detail":1}
INST 9d1193242243f91f 2016-03-28T21:41:15.900Z {"type":"click","target_tagname":"radio","target_id":"proxyRadioYes","detail":1}
INST 9d1193242243f91f 2016-03-28T21:41:15.900Z {"type":"command","target_tagname":"radio","target_id":"proxyRadioYes"}
INST 9d1193242243f91f 2016-03-28T21:41:16.800Z {"type":"click","target_tagname":"wizard","target_id":"TorNetworkSettings","detail":1}
INST 9d1193242243f91f 2016-03-28T21:41:16.800Z {"type":"pagehide","target_tagname":"wizardpage","target_id":"proxy"}
INST 9d1193242243f91f 2016-03-28T21:41:16.800Z {"type":"pageadvanced","target_tagname":"wizardpage","target_id":"proxy"}
INST 9d1193242243f91f 2016-03-28T21:41:16.800Z {"type":"wizardnext","target_tagname":"wizard","target_id":"TorNetworkSettings"}
INST 9d1193242243f91f 2016-03-28T21:41:16.800Z {"type":"pageshow","target_tagname":"wizardpage","target_id":"proxyYES"}
INST 9d1193242243f91f 2016-03-28T21:41:16.800Z {"type":"command","target_tagname":"wizard","target_id":"TorNetworkSettings"}
INST 9d1193242243f91f 2016-03-28T21:41:22.000Z {"type":"popupshown","target_tagname":"menupopup","target_id":"proxyType_menuPopup"}
INST 9d1193242243f91f 2016-03-28T21:41:22.100Z {"type":"click","target_tagname":"menulist","target_id":"proxyType","value":"","detail":1}
INST 9d1193242243f91f 2016-03-28T21:41:22.400Z {"type":"mouseover","target_tagname":"menuitem","target_id":"","value":""}
INST 9d1193242243f91f 2016-03-28T21:41:22.500Z {"type":"mouseout","target_tagname":"menuitem","target_id":"","value":""}
INST 9d1193242243f91f 2016-03-28T21:41:22.500Z {"type":"mouseover","target_tagname":"menuitem","target_id":"","value":"SOCKS4"}
INST 9d1193242243f91f 2016-03-28T21:41:22.500Z {"type":"mouseout","target_tagname":"menuitem","target_id":"","value":"SOCKS4"}
INST 9d1193242243f91f 2016-03-28T21:41:22.500Z {"type":"mouseover","target_tagname":"menuitem","target_id":"","value":"SOCKS5"}
INST 9d1193242243f91f 2016-03-28T21:41:22.600Z {"type":"mouseout","target_tagname":"menuitem","target_id":"","value":"SOCKS5"}
INST 9d1193242243f91f 2016-03-28T21:41:22.600Z {"type":"mouseover","target_tagname":"menuitem","target_id":"","value":"HTTP"}
INST 9d1193242243f91f 2016-03-28T21:41:22.800Z {"type":"mouseout","target_tagname":"menuitem","target_id":"","value":"HTTP"}
INST 9d1193242243f91f 2016-03-28T21:41:22.800Z {"type":"mouseover","target_tagname":"menuitem","target_id":"","value":"SOCKS5"}
INST 9d1193242243f91f 2016-03-28T21:41:22.900Z {"type":"mouseout","target_tagname":"menuitem","target_id":"","value":"SOCKS5"}
INST 9d1193242243f91f 2016-03-28T21:41:22.900Z {"type":"mouseover","target_tagname":"menuitem","target_id":"","value":"SOCKS4"}
INST 9d1193242243f91f 2016-03-28T21:41:23.500Z {"type":"click","target_tagname":"menuitem","target_id":"","value":"SOCKS4","detail":1}
INST 9d1193242243f91f 2016-03-28T21:41:23.500Z {"type":"select","target_tagname":"menulist","target_id":"proxyType","value":"SOCKS4"}
INST 9d1193242243f91f 2016-03-28T21:41:23.500Z {"type":"command","target_tagname":"menuitem","target_id":"","value":"SOCKS4"}
INST 9d1193242243f91f 2016-03-28T21:41:23.500Z {"type":"popuphidden","target_tagname":"menupopup","target_id":"proxyType_menuPopup"}
INST 9d1193242243f91f 2016-03-28T21:41:23.500Z {"type":"mouseout","target_tagname":"menuitem","target_id":"","value":"SOCKS4"}
INST 9d1193242243f91f 2016-03-28T21:41:35.300Z {"type":"select","target_tagname":"textbox","target_id":"proxyAddr"}
INST 9d1193242243f91f 2016-03-28T21:41:35.400Z {"type":"click","target_tagname":"textbox","target_id":"proxyAddr","detail":1}
INST 9d1193242243f91f 2016-03-28T21:41:47.500Z {"type":"change","target_tagname":"textbox","target_id":"proxyAddr","value":"localhost"}
INST 9d1193242243f91f 2016-03-28T21:41:47.500Z {"type":"select","target_tagname":"textbox","target_id":"proxyPort"}
INST 9d1193242243f91f 2016-03-28T21:41:47.600Z {"type":"click","target_tagname":"textbox","target_id":"proxyPort","detail":1}
INST 9d1193242243f91f 2016-03-28T21:42:00.700Z {"type":"change","target_tagname":"textbox","target_id":"proxyPort","value":"127.0.0.1"}
INST 9d1193242243f91f 2016-03-28T21:42:00.800Z {"type":"click","target_tagname":"wizard","target_id":"TorNetworkSettings","detail":1}
INST 9d1193242243f91f 2016-03-28T21:42:00.800Z {"type":"pagehide","target_tagname":"wizardpage","target_id":"proxyYES"}
INST 9d1193242243f91f 2016-03-28T21:42:00.800Z {"type":"pageadvanced","target_tagname":"wizardpage","target_id":"proxyYES"}
INST 9d1193242243f91f 2016-03-28T21:42:00.800Z {"type":"wizardfinish","target_tagname":"wizard","target_id":"TorNetworkSettings"}
INST 9d1193242243f91f 2016-03-28T21:42:00.900Z {"type":"alert_show","target_id":"failed_to_save_settings","value":"Unable to save Tor settings.\n\nUnacceptable option value: Socks4Proxy failed to parse or resolve. Please fix."}
INST 9d1193242243f91f 2016-03-28T21:42:04.900Z {"type":"alert_exit","target_id":"failed_to_save_settings","value":"Unable to save Tor settings.\n\nUnacceptable option value: Socks4Proxy failed to parse or resolve. Please fix."}
INST 9d1193242243f91f 2016-03-28T21:42:04.900Z {"type":"command","target_tagname":"wizard","target_id":"TorNetworkSettings"}
INST 9d1193242243f91f 2016-03-28T21:42:07.300Z {"type":"popupshown","target_tagname":"menupopup","target_id":"proxyType_menuPopup"}
INST 9d1193242243f91f 2016-03-28T21:42:07.400Z {"type":"click","target_tagname":"menulist","target_id":"proxyType","value":"SOCKS4","detail":1}
INST 9d1193242243f91f 2016-03-28T21:42:07.700Z {"type":"mouseover","target_tagname":"menuitem","target_id":"","value":""}
INST 9d1193242243f91f 2016-03-28T21:42:07.800Z {"type":"mouseout","target_tagname":"menuitem","target_id":"","value":""}
INST 9d1193242243f91f 2016-03-28T21:42:07.800Z {"type":"mouseover","target_tagname":"menuitem","target_id":"","value":"SOCKS4"}
INST 9d1193242243f91f 2016-03-28T21:42:08.000Z {"type":"mouseout","target_tagname":"menuitem","target_id":"","value":"SOCKS4"}
INST 9d1193242243f91f 2016-03-28T21:42:08.000Z {"type":"mouseover","target_tagname":"menuitem","target_id":"","value":"SOCKS5"}
INST 9d1193242243f91f 2016-03-28T21:42:08.200Z {"type":"mouseout","target_tagname":"menuitem","target_id":"","value":"SOCKS5"}
INST 9d1193242243f91f 2016-03-28T21:42:08.200Z {"type":"mouseover","target_tagname":"menuitem","target_id":"","value":"HTTP"}
INST 9d1193242243f91f 2016-03-28T21:42:08.400Z {"type":"click","target_tagname":"menuitem","target_id":"","value":"HTTP","detail":1}
INST 9d1193242243f91f 2016-03-28T21:42:08.400Z {"type":"select","target_tagname":"menulist","target_id":"proxyType","value":"HTTP"}
INST 9d1193242243f91f 2016-03-28T21:42:08.400Z {"type":"command","target_tagname":"menuitem","target_id":"","value":"HTTP"}
INST 9d1193242243f91f 2016-03-28T21:42:08.400Z {"type":"popuphidden","target_tagname":"menupopup","target_id":"proxyType_menuPopup"}
INST 9d1193242243f91f 2016-03-28T21:42:08.500Z {"type":"mouseout","target_tagname":"menuitem","target_id":"","value":"HTTP"}
INST 9d1193242243f91f 2016-03-28T21:42:09.800Z {"type":"click","target_tagname":"wizard","target_id":"TorNetworkSettings","detail":1}
INST 9d1193242243f91f 2016-03-28T21:42:09.800Z {"type":"pagehide","target_tagname":"wizardpage","target_id":"proxyYES"}
INST 9d1193242243f91f 2016-03-28T21:42:09.800Z {"type":"pageadvanced","target_tagname":"wizardpage","target_id":"proxyYES"}
INST 9d1193242243f91f 2016-03-28T21:42:09.800Z {"type":"wizardfinish","target_tagname":"wizard","target_id":"TorNetworkSettings"}
INST 9d1193242243f91f 2016-03-28T21:42:09.800Z {"type":"alert_show","target_id":"failed_to_save_settings","value":"Unable to save Tor settings.\n\nUnacceptable option value: HTTPSProxy failed to parse or resolve. Please fix."}
INST 9d1193242243f91f 2016-03-28T21:42:11.300Z {"type":"alert_exit","target_id":"failed_to_save_settings","value":"Unable to save Tor settings.\n\nUnacceptable option value: HTTPSProxy failed to parse or resolve. Please fix."}
INST 9d1193242243f91f 2016-03-28T21:42:11.300Z {"type":"command","target_tagname":"wizard","target_id":"TorNetworkSettings"}
INST 9d1193242243f91f 2016-03-28T21:42:11.700Z {"type":"popupshown","target_tagname":"menupopup","target_id":"proxyType_menuPopup"}
INST 9d1193242243f91f 2016-03-28T21:42:11.800Z {"type":"click","target_tagname":"menulist","target_id":"proxyType","value":"HTTP","detail":1}
INST 9d1193242243f91f 2016-03-28T21:42:11.900Z {"type":"mouseover","target_tagname":"menuitem","target_id":"","value":""}
INST 9d1193242243f91f 2016-03-28T21:42:12.000Z {"type":"mouseout","target_tagname":"menuitem","target_id":"","value":""}
INST 9d1193242243f91f 2016-03-28T21:42:12.000Z {"type":"mouseover","target_tagname":"menuitem","target_id":"","value":"SOCKS4"}
INST 9d1193242243f91f 2016-03-28T21:42:12.100Z {"type":"mouseout","target_tagname":"menuitem","target_id":"","value":"SOCKS4"}
INST 9d1193242243f91f 2016-03-28T21:42:12.100Z {"type":"mouseover","target_tagname":"menuitem","target_id":"","value":"SOCKS5"}
INST 9d1193242243f91f 2016-03-28T21:42:12.200Z {"type":"mouseout","target_tagname":"menuitem","target_id":"","value":"SOCKS5"}
INST 9d1193242243f91f 2016-03-28T21:42:12.200Z {"type":"mouseover","target_tagname":"menuitem","target_id":"","value":"HTTP"}
INST 9d1193242243f91f 2016-03-28T21:42:12.500Z {"type":"mouseout","target_tagname":"menuitem","target_id":"","value":"HTTP"}
INST 9d1193242243f91f 2016-03-28T21:42:12.500Z {"type":"mouseover","target_tagname":"menuitem","target_id":"","value":"SOCKS5"}
INST 9d1193242243f91f 2016-03-28T21:42:12.800Z {"type":"click","target_tagname":"menuitem","target_id":"","value":"SOCKS5","detail":1}
INST 9d1193242243f91f 2016-03-28T21:42:12.800Z {"type":"select","target_tagname":"menulist","target_id":"proxyType","value":"SOCKS5"}
INST 9d1193242243f91f 2016-03-28T21:42:12.800Z {"type":"command","target_tagname":"menuitem","target_id":"","value":"SOCKS5"}
INST 9d1193242243f91f 2016-03-28T21:42:12.800Z {"type":"popuphidden","target_tagname":"menupopup","target_id":"proxyType_menuPopup"}
INST 9d1193242243f91f 2016-03-28T21:42:12.800Z {"type":"mouseout","target_tagname":"menuitem","target_id":"","value":"SOCKS5"}
INST 9d1193242243f91f 2016-03-28T21:42:13.500Z {"type":"click","target_tagname":"wizard","target_id":"TorNetworkSettings","detail":1}
INST 9d1193242243f91f 2016-03-28T21:42:13.500Z {"type":"pagehide","target_tagname":"wizardpage","target_id":"proxyYES"}
INST 9d1193242243f91f 2016-03-28T21:42:13.500Z {"type":"pageadvanced","target_tagname":"wizardpage","target_id":"proxyYES"}
INST 9d1193242243f91f 2016-03-28T21:42:13.500Z {"type":"wizardfinish","target_tagname":"wizard","target_id":"TorNetworkSettings"}
INST 9d1193242243f91f 2016-03-28T21:42:13.600Z {"type":"alert_show","target_id":"failed_to_save_settings","value":"Unable to save Tor settings.\n\nUnacceptable option value: Socks5Proxy failed to parse or resolve. Please fix."}
INST 9d1193242243f91f 2016-03-28T21:42:14.300Z {"type":"alert_exit","target_id":"failed_to_save_settings","value":"Unable to save Tor settings.\n\nUnacceptable option value: Socks5Proxy failed to parse or resolve. Please fix."}
INST 9d1193242243f91f 2016-03-28T21:42:14.300Z {"type":"command","target_tagname":"wizard","target_id":"TorNetworkSettings"}
INST 9d1193242243f91f 2016-03-28T21:42:14.800Z {"type":"popupshown","target_tagname":"menupopup","target_id":"proxyType_menuPopup"}
INST 9d1193242243f91f 2016-03-28T21:42:14.900Z {"type":"click","target_tagname":"menulist","target_id":"proxyType","value":"SOCKS5","detail":1}
INST 9d1193242243f91f 2016-03-28T21:42:15.100Z {"type":"mouseover","target_tagname":"menuitem","target_id":"","value":""}
INST 9d1193242243f91f 2016-03-28T21:42:15.500Z {"type":"click","target_tagname":"menuitem","target_id":"","value":"","detail":1}
INST 9d1193242243f91f 2016-03-28T21:42:15.500Z {"type":"select","target_tagname":"menulist","target_id":"proxyType","value":""}
INST 9d1193242243f91f 2016-03-28T21:42:15.500Z {"type":"command","target_tagname":"menuitem","target_id":"","value":""}
INST 9d1193242243f91f 2016-03-28T21:42:15.500Z {"type":"popuphidden","target_tagname":"menupopup","target_id":"proxyType_menuPopup"}
INST 9d1193242243f91f 2016-03-28T21:42:15.500Z {"type":"mouseout","target_tagname":"menuitem","target_id":"","value":""}
INST 9d1193242243f91f 2016-03-28T21:42:16.500Z {"type":"click","target_tagname":"wizard","target_id":"TorNetworkSettings","detail":1}
INST 9d1193242243f91f 2016-03-28T21:42:16.500Z {"type":"pagehide","target_tagname":"wizardpage","target_id":"proxyYES"}
INST 9d1193242243f91f 2016-03-28T21:42:16.500Z {"type":"pageadvanced","target_tagname":"wizardpage","target_id":"proxyYES"}
INST 9d1193242243f91f 2016-03-28T21:42:16.500Z {"type":"alert_show","target_id":"failed_to_save_settings","value":"Unable to save Tor settings.\n\nYou must select the proxy type."}
INST 9d1193242243f91f 2016-03-28T21:42:17.900Z {"type":"alert_exit","target_id":"failed_to_save_settings","value":"Unable to save Tor settings.\n\nYou must select the proxy type."}
INST 9d1193242243f91f 2016-03-28T21:42:17.900Z {"type":"command","target_tagname":"wizard","target_id":"TorNetworkSettings"}
INST 9d1193242243f91f 2016-03-28T21:42:19.400Z {"type":"click","target_tagname":"wizard","target_id":"TorNetworkSettings","detail":1}
INST 9d1193242243f91f 2016-03-28T21:42:19.400Z {"type":"pagehide","target_tagname":"wizardpage","target_id":"proxyYES"}
INST 9d1193242243f91f 2016-03-28T21:42:19.400Z {"type":"pagerewound","target_tagname":"wizardpage","target_id":"proxyYES"}
INST 9d1193242243f91f 2016-03-28T21:42:19.400Z {"type":"wizardback","target_tagname":"wizard","target_id":"TorNetworkSettings"}
INST 9d1193242243f91f 2016-03-28T21:42:19.400Z {"type":"pageshow","target_tagname":"wizardpage","target_id":"proxy"}
INST 9d1193242243f91f 2016-03-28T21:42:19.400Z {"type":"command","target_tagname":"wizard","target_id":"TorNetworkSettings"}
INST 9d1193242243f91f 2016-03-28T21:42:21.400Z {"type":"click","target_tagname":"radio","target_id":"proxyRadioNo","detail":1}
INST 9d1193242243f91f 2016-03-28T21:42:21.400Z {"type":"command","target_tagname":"radio","target_id":"proxyRadioNo"}
INST 9d1193242243f91f 2016-03-28T21:42:30.000Z {"type":"click","target_tagname":"wizardpage","target_id":"proxy","detail":1}
INST 9d1193242243f91f 2016-03-28T21:42:31.000Z {"type":"click","target_tagname":"wizard","target_id":"TorNetworkSettings","detail":1}
INST 9d1193242243f91f 2016-03-28T21:42:31.000Z {"type":"wizardcancel","target_tagname":"wizard","target_id":"TorNetworkSettings"}
INST 9d1193242243f91f 2016-03-28T21:42:31.000Z {"type":"command","target_tagname":"wizard","target_id":"TorNetworkSettings"}
INST 9d1193242243f91f 2016-03-28T21:42:31.000Z {"type":"unload","target_id":"configuration"}
INST 6efa4a3b6d73d516 2016-03-28T21:42:34.100Z {"type":"start"}
INST 6efa4a3b6d73d516 2016-03-28T21:42:34.800Z {"type":"select","target_tagname":"menulist","target_id":"proxyType","value":""}
INST 6efa4a3b6d73d516 2016-03-28T21:42:34.800Z {"type":"wizardnext","target_tagname":"wizard","target_id":"TorNetworkSettings"}
INST 6efa4a3b6d73d516 2016-03-28T21:42:34.800Z {"type":"pageshow","target_tagname":"wizardpage","target_id":"first"}
INST 6efa4a3b6d73d516 2016-03-28T21:42:34.800Z {"type":"load","target_id":"configuration"}
INST 6efa4a3b6d73d516 2016-03-28T21:42:34.800Z {"type":"select","target_tagname":"menulist","target_id":"defaultBridgeType","value":"obfs3"}
INST 6efa4a3b6d73d516 2016-03-28T21:42:40.600Z {"type":"click","target_tagname":"button","target_id":"configure_button","detail":1}
INST 6efa4a3b6d73d516 2016-03-28T21:42:40.600Z {"type":"pagehide","target_tagname":"wizardpage","target_id":"first"}
INST 6efa4a3b6d73d516 2016-03-28T21:42:40.600Z {"type":"pageadvanced","target_tagname":"wizardpage","target_id":"first"}
INST 6efa4a3b6d73d516 2016-03-28T21:42:40.600Z {"type":"wizardnext","target_tagname":"wizard","target_id":"TorNetworkSettings"}
INST 6efa4a3b6d73d516 2016-03-28T21:42:40.600Z {"type":"pageshow","target_tagname":"wizardpage","target_id":"bridges"}
INST 6efa4a3b6d73d516 2016-03-28T21:42:40.600Z {"type":"command","target_tagname":"button","target_id":"configure_button"}
INST 6efa4a3b6d73d516 2016-03-28T21:42:41.800Z {"type":"click","target_tagname":"wizard","target_id":"TorNetworkSettings","detail":1}
INST 6efa4a3b6d73d516 2016-03-28T21:42:41.800Z {"type":"pagehide","target_tagname":"wizardpage","target_id":"bridges"}
INST 6efa4a3b6d73d516 2016-03-28T21:42:41.800Z {"type":"pagerewound","target_tagname":"wizardpage","target_id":"bridges"}
INST 6efa4a3b6d73d516 2016-03-28T21:42:41.800Z {"type":"wizardback","target_tagname":"wizard","target_id":"TorNetworkSettings"}
INST 6efa4a3b6d73d516 2016-03-28T21:42:41.800Z {"type":"pageshow","target_tagname":"wizardpage","target_id":"first"}
INST 6efa4a3b6d73d516 2016-03-28T21:42:41.800Z {"type":"command","target_tagname":"wizard","target_id":"TorNetworkSettings"}
INST 6efa4a3b6d73d516 2016-03-28T21:42:42.400Z {"type":"click","target_tagname":"button","target_id":"connect_button","detail":1}
INST 6efa4a3b6d73d516 2016-03-28T21:42:42.500Z {"type":"load","target_id":"progress_bar"}
INST 6efa4a3b6d73d516 2016-03-28T21:42:42.600Z {"type":"progresschanged","target_tagname":"progressmeter","target_id":"progressMeter","value":"5"}
INST 6efa4a3b6d73d516 2016-03-28T21:42:42.600Z {"type":"progresschanged","target_tagname":"progressmeter","target_id":"progressMeter","value":"5"}
INST 6efa4a3b6d73d516 2016-03-28T21:42:42.600Z {"type":"progresschanged","target_tagname":"progressmeter","target_id":"progressMeter","value":"5"}
INST 6efa4a3b6d73d516 2016-03-28T21:43:20.100Z {"type":"click","target_tagname":"dialog","target_id":"TorProgress","detail":1}
INST 6efa4a3b6d73d516 2016-03-28T21:43:20.100Z {"type":"dialogcancel","target_tagname":"dialog","target_id":"TorProgress"}
INST 6efa4a3b6d73d516 2016-03-28T21:43:20.100Z {"type":"command","target_tagname":"dialog","target_id":"TorProgress"}
INST 6efa4a3b6d73d516 2016-03-28T21:43:20.100Z {"type":"command","target_tagname":"button","target_id":"connect_button"}
INST 6efa4a3b6d73d516 2016-03-28T21:43:21.000Z {"type":"click","target_tagname":"wizard","target_id":"TorNetworkSettings","detail":1}
INST 6efa4a3b6d73d516 2016-03-28T21:43:21.000Z {"type":"wizardcancel","target_tagname":"wizard","target_id":"TorNetworkSettings"}
INST 6efa4a3b6d73d516 2016-03-28T21:43:21.000Z {"type":"command","target_tagname":"wizard","target_id":"TorNetworkSettings"}
INST 6efa4a3b6d73d516 2016-03-28T21:43:21.000Z {"type":"unload","target_id":"configuration"}
INST 3c3407c91072ff7b 2016-03-28T21:44:08.600Z {"type":"start"}
INST 3c3407c91072ff7b 2016-03-28T21:44:09.200Z {"type":"select","target_tagname":"menulist","target_id":"proxyType","value":""}
INST 3c3407c91072ff7b 2016-03-28T21:44:09.200Z {"type":"wizardnext","target_tagname":"wizard","target_id":"TorNetworkSettings"}
INST 3c3407c91072ff7b 2016-03-28T21:44:09.200Z {"type":"pageshow","target_tagname":"wizardpage","target_id":"first"}
INST 3c3407c91072ff7b 2016-03-28T21:44:09.300Z {"type":"load","target_id":"configuration"}
INST 3c3407c91072ff7b 2016-03-28T21:44:09.300Z {"type":"select","target_tagname":"menulist","target_id":"defaultBridgeType","value":"obfs3"}
INST 3c3407c91072ff7b 2016-03-28T21:47:00.100Z {"type":"click","target_tagname":"wizard","target_id":"TorNetworkSettings","detail":1}
INST 3c3407c91072ff7b 2016-03-28T21:47:11.300Z {"type":"click","target_tagname":"button","target_id":"connect_button","detail":1}
INST 3c3407c91072ff7b 2016-03-28T21:47:11.300Z {"type":"load","target_id":"progress_bar"}
INST 3c3407c91072ff7b 2016-03-28T21:47:12.000Z {"type":"progresschanged","target_tagname":"progressmeter","target_id":"progressMeter","value":"5"}
INST 3c3407c91072ff7b 2016-03-28T21:47:12.100Z {"type":"progresschanged","target_tagname":"progressmeter","target_id":"progressMeter","value":"5"}
INST 3c3407c91072ff7b 2016-03-28T21:47:12.100Z {"type":"progresschanged","target_tagname":"progressmeter","target_id":"progressMeter","value":"5"}
INST 3c3407c91072ff7b 2016-03-28T21:48:13.000Z {"type":"progresschanged","target_tagname":"progressmeter","target_id":"progressMeter","value":"5"}
INST 3c3407c91072ff7b 2016-03-28T21:49:52.500Z {"type":"dialogcancel","target_tagname":"dialog","target_id":"TorProgress"}
INST 3c3407c91072ff7b 2016-03-28T21:49:52.500Z {"type":"command","target_tagname":"button","target_id":"connect_button"}
INST 3c3407c91072ff7b 2016-03-28T21:49:54.400Z {"type":"click","target_tagname":"button","target_id":"configure_button","detail":1}
INST 3c3407c91072ff7b 2016-03-28T21:49:54.400Z {"type":"pagehide","target_tagname":"wizardpage","target_id":"first"}
INST 3c3407c91072ff7b 2016-03-28T21:49:54.400Z {"type":"pageadvanced","target_tagname":"wizardpage","target_id":"first"}
INST 3c3407c91072ff7b 2016-03-28T21:49:54.400Z {"type":"wizardnext","target_tagname":"wizard","target_id":"TorNetworkSettings"}
INST 3c3407c91072ff7b 2016-03-28T21:49:54.400Z {"type":"pageshow","target_tagname":"wizardpage","target_id":"bridges"}
INST 3c3407c91072ff7b 2016-03-28T21:49:54.400Z {"type":"command","target_tagname":"button","target_id":"configure_button"}
INST 3c3407c91072ff7b 2016-03-28T21:50:00.300Z {"type":"click","target_tagname":"radio","target_id":"bridgesRadioYes","detail":1}
INST 3c3407c91072ff7b 2016-03-28T21:50:00.300Z {"type":"command","target_tagname":"radio","target_id":"bridgesRadioYes"}
INST 3c3407c91072ff7b 2016-03-28T21:50:07.600Z {"type":"click","target_tagname":"wizard","target_id":"TorNetworkSettings","detail":1}
INST 3c3407c91072ff7b 2016-03-28T21:50:07.600Z {"type":"pagehide","target_tagname":"wizardpage","target_id":"bridges"}
INST 3c3407c91072ff7b 2016-03-28T21:50:07.600Z {"type":"pageadvanced","target_tagname":"wizardpage","target_id":"bridges"}
INST 3c3407c91072ff7b 2016-03-28T21:50:07.600Z {"type":"wizardnext","target_tagname":"wizard","target_id":"TorNetworkSettings"}
INST 3c3407c91072ff7b 2016-03-28T21:50:07.600Z {"type":"pageshow","target_tagname":"wizardpage","target_id":"bridgeSettings"}
INST 3c3407c91072ff7b 2016-03-28T21:50:07.600Z {"type":"command","target_tagname":"wizard","target_id":"TorNetworkSettings"}
INST 3c3407c91072ff7b 2016-03-28T21:50:17.400Z {"type":"click","target_tagname":"wizard","target_id":"TorNetworkSettings","detail":1}
INST 3c3407c91072ff7b 2016-03-28T21:50:17.400Z {"type":"pagehide","target_tagname":"wizardpage","target_id":"bridgeSettings"}
INST 3c3407c91072ff7b 2016-03-28T21:50:17.400Z {"type":"pageadvanced","target_tagname":"wizardpage","target_id":"bridgeSettings"}
INST 3c3407c91072ff7b 2016-03-28T21:50:17.400Z {"type":"wizardnext","target_tagname":"wizard","target_id":"TorNetworkSettings"}
INST 3c3407c91072ff7b 2016-03-28T21:50:17.400Z {"type":"pageshow","target_tagname":"wizardpage","target_id":"proxy"}
INST 3c3407c91072ff7b 2016-03-28T21:50:17.400Z {"type":"command","target_tagname":"wizard","target_id":"TorNetworkSettings"}
INST 3c3407c91072ff7b 2016-03-28T21:50:21.500Z {"type":"click","target_tagname":"wizard","target_id":"TorNetworkSettings","detail":1}
INST 3c3407c91072ff7b 2016-03-28T21:50:21.500Z {"type":"pagehide","target_tagname":"wizardpage","target_id":"proxy"}
INST 3c3407c91072ff7b 2016-03-28T21:50:21.500Z {"type":"pageadvanced","target_tagname":"wizardpage","target_id":"proxy"}
INST 3c3407c91072ff7b 2016-03-28T21:50:21.500Z {"type":"wizardfinish","target_tagname":"wizard","target_id":"TorNetworkSettings"}
INST 3c3407c91072ff7b 2016-03-28T21:50:21.500Z {"type":"load","target_id":"progress_bar"}
INST 3c3407c91072ff7b 2016-03-28T21:50:28.100Z {"type":"progresschanged","target_tagname":"progressmeter","target_id":"progressMeter","value":"10"}
INST 3c3407c91072ff7b 2016-03-28T21:50:29.200Z {"type":"progresschanged","target_tagname":"progressmeter","target_id":"progressMeter","value":"15"}
INST 3c3407c91072ff7b 2016-03-28T21:50:29.300Z {"type":"progresschanged","target_tagname":"progressmeter","target_id":"progressMeter","value":"20"}
INST 3c3407c91072ff7b 2016-03-28T21:50:29.900Z {"type":"progresschanged","target_tagname":"progressmeter","target_id":"progressMeter","value":"25"}
INST 3c3407c91072ff7b 2016-03-28T21:50:31.600Z {"type":"progresschanged","target_tagname":"progressmeter","target_id":"progressMeter","value":"40"}
INST 3c3407c91072ff7b 2016-03-28T21:50:32.200Z {"type":"progresschanged","target_tagname":"progressmeter","target_id":"progressMeter","value":"45"}
INST 3c3407c91072ff7b 2016-03-28T21:50:32.500Z {"type":"progresschanged","target_tagname":"progressmeter","target_id":"progressMeter","value":"50"}
INST 3c3407c91072ff7b 2016-03-28T21:50:32.900Z {"type":"progresschanged","target_tagname":"progressmeter","target_id":"progressMeter","value":"50"}
INST 3c3407c91072ff7b 2016-03-28T21:50:33.000Z {"type":"progresschanged","target_tagname":"progressmeter","target_id":"progressMeter","value":"50"}
INST 3c3407c91072ff7b 2016-03-28T21:50:33.100Z {"type":"progresschanged","target_tagname":"progressmeter","target_id":"progressMeter","value":"54"}
INST 3c3407c91072ff7b 2016-03-28T21:50:33.300Z {"type":"progresschanged","target_tagname":"progressmeter","target_id":"progressMeter","value":"54"}
INST 3c3407c91072ff7b 2016-03-28T21:50:33.500Z {"type":"progresschanged","target_tagname":"progressmeter","target_id":"progressMeter","value":"60"}
INST 3c3407c91072ff7b 2016-03-28T21:50:33.700Z {"type":"progresschanged","target_tagname":"progressmeter","target_id":"progressMeter","value":"64"}
INST 3c3407c91072ff7b 2016-03-28T21:50:34.700Z {"type":"progresschanged","target_tagname":"progressmeter","target_id":"progressMeter","value":"68"}
INST 3c3407c91072ff7b 2016-03-28T21:50:34.800Z {"type":"progresschanged","target_tagname":"progressmeter","target_id":"progressMeter","value":"74"}
INST 3c3407c91072ff7b 2016-03-28T21:50:35.000Z {"type":"progresschanged","target_tagname":"progressmeter","target_id":"progressMeter","value":"80"}
INST 3c3407c91072ff7b 2016-03-28T21:50:35.000Z {"type":"progresschanged","target_tagname":"progressmeter","target_id":"progressMeter","value":"90"}
INST 3c3407c91072ff7b 2016-03-28T21:50:40.500Z {"type":"progresschanged","target_tagname":"progressmeter","target_id":"progressMeter","value":"100"}
INST 3c3407c91072ff7b 2016-03-28T21:50:40.700Z {"type":"unload","target_id":"progress_bar"}
INST 3c3407c91072ff7b 2016-03-28T21:50:40.700Z {"type":"command","target_tagname":"wizard","target_id":"TorNetworkSettings"}
INST 3c3407c91072ff7b 2016-03-28T21:50:40.700Z {"type":"unload","target_id":"configuration"}
