INST 844076d0efdcb201 2016-03-28T23:21:20.300Z {"type":"start"}
INST 844076d0efdcb201 2016-03-28T23:21:21.300Z {"type":"select","target_tagname":"menulist","target_id":"proxyType","value":""}
INST 844076d0efdcb201 2016-03-28T23:21:21.400Z {"type":"wizardnext","target_tagname":"wizard","target_id":"TorNetworkSettings"}
INST 844076d0efdcb201 2016-03-28T23:21:21.400Z {"type":"pageshow","target_tagname":"wizardpage","target_id":"first"}
INST 844076d0efdcb201 2016-03-28T23:21:21.400Z {"type":"load","target_id":"configuration"}
INST 844076d0efdcb201 2016-03-28T23:21:21.400Z {"type":"select","target_tagname":"menulist","target_id":"defaultBridgeType","value":"obfs3"}
INST 844076d0efdcb201 2016-03-28T23:21:32.000Z {"type":"click","target_tagname":"button","target_id":"connect_button","detail":1}
INST 844076d0efdcb201 2016-03-28T23:21:32.100Z {"type":"load","target_id":"progress_bar"}
INST 844076d0efdcb201 2016-03-28T23:21:32.800Z {"type":"progresschanged","target_tagname":"progressmeter","target_id":"progressMeter","value":"5"}
INST 844076d0efdcb201 2016-03-28T23:21:32.800Z {"type":"progresschanged","target_tagname":"progressmeter","target_id":"progressMeter","value":"5"}
INST 844076d0efdcb201 2016-03-28T23:21:32.800Z {"type":"progresschanged","target_tagname":"progressmeter","target_id":"progressMeter","value":"5"}
INST 844076d0efdcb201 2016-03-28T23:22:32.300Z {"type":"click","target_tagname":"dialog","target_id":"TorProgress","detail":1}
INST 844076d0efdcb201 2016-03-28T23:22:32.300Z {"type":"dialogcancel","target_tagname":"dialog","target_id":"TorProgress"}
INST 844076d0efdcb201 2016-03-28T23:22:32.400Z {"type":"command","target_tagname":"dialog","target_id":"TorProgress"}
INST 844076d0efdcb201 2016-03-28T23:22:32.400Z {"type":"command","target_tagname":"button","target_id":"connect_button"}
INST 844076d0efdcb201 2016-03-28T23:22:33.200Z {"type":"click","target_tagname":"button","target_id":"configure_button","detail":1}
INST 844076d0efdcb201 2016-03-28T23:22:33.200Z {"type":"pagehide","target_tagname":"wizardpage","target_id":"first"}
INST 844076d0efdcb201 2016-03-28T23:22:33.200Z {"type":"pageadvanced","target_tagname":"wizardpage","target_id":"first"}
INST 844076d0efdcb201 2016-03-28T23:22:33.200Z {"type":"wizardnext","target_tagname":"wizard","target_id":"TorNetworkSettings"}
INST 844076d0efdcb201 2016-03-28T23:22:33.200Z {"type":"pageshow","target_tagname":"wizardpage","target_id":"bridges"}
INST 844076d0efdcb201 2016-03-28T23:22:33.200Z {"type":"command","target_tagname":"button","target_id":"configure_button"}
INST 844076d0efdcb201 2016-03-28T23:22:33.400Z {"type":"click","target_tagname":"wizardpage","target_id":"bridges","detail":2}
INST 844076d0efdcb201 2016-03-28T23:22:38.200Z {"type":"click","target_tagname":"radio","target_id":"bridgesRadioYes","detail":1}
INST 844076d0efdcb201 2016-03-28T23:22:38.200Z {"type":"command","target_tagname":"radio","target_id":"bridgesRadioYes"}
INST 844076d0efdcb201 2016-03-28T23:22:39.500Z {"type":"click","target_tagname":"wizard","target_id":"TorNetworkSettings","detail":1}
INST 844076d0efdcb201 2016-03-28T23:22:39.500Z {"type":"pagehide","target_tagname":"wizardpage","target_id":"bridges"}
INST 844076d0efdcb201 2016-03-28T23:22:39.500Z {"type":"pageadvanced","target_tagname":"wizardpage","target_id":"bridges"}
INST 844076d0efdcb201 2016-03-28T23:22:39.500Z {"type":"wizardnext","target_tagname":"wizard","target_id":"TorNetworkSettings"}
INST 844076d0efdcb201 2016-03-28T23:22:39.500Z {"type":"pageshow","target_tagname":"wizardpage","target_id":"bridgeSettings"}
INST 844076d0efdcb201 2016-03-28T23:22:39.500Z {"type":"command","target_tagname":"wizard","target_id":"TorNetworkSettings"}
INST 844076d0efdcb201 2016-03-28T23:22:44.000Z {"type":"popupshown","target_tagname":"menupopup","target_id":"defaultBridgeType_menuPopup"}
INST 844076d0efdcb201 2016-03-28T23:22:44.100Z {"type":"click","target_tagname":"menulist","target_id":"defaultBridgeType","value":"obfs3","detail":1}
INST 844076d0efdcb201 2016-03-28T23:22:46.500Z {"type":"popuphidden","target_tagname":"menupopup","target_id":"defaultBridgeType_menuPopup"}
INST 844076d0efdcb201 2016-03-28T23:22:48.700Z {"type":"click","target_tagname":"wizard","target_id":"TorNetworkSettings","detail":1}
INST 844076d0efdcb201 2016-03-28T23:22:48.700Z {"type":"pagehide","target_tagname":"wizardpage","target_id":"bridgeSettings"}
INST 844076d0efdcb201 2016-03-28T23:22:48.700Z {"type":"pageadvanced","target_tagname":"wizardpage","target_id":"bridgeSettings"}
INST 844076d0efdcb201 2016-03-28T23:22:48.700Z {"type":"wizardnext","target_tagname":"wizard","target_id":"TorNetworkSettings"}
INST 844076d0efdcb201 2016-03-28T23:22:48.700Z {"type":"pageshow","target_tagname":"wizardpage","target_id":"proxy"}
INST 844076d0efdcb201 2016-03-28T23:22:48.700Z {"type":"command","target_tagname":"wizard","target_id":"TorNetworkSettings"}
INST 844076d0efdcb201 2016-03-28T23:23:33.000Z {"type":"click","target_tagname":"wizardpage","target_id":"proxy","detail":1}
INST 844076d0efdcb201 2016-03-28T23:23:35.600Z {"type":"click","target_tagname":"wizard","target_id":"TorNetworkSettings","detail":1}
INST 844076d0efdcb201 2016-03-28T23:23:35.600Z {"type":"pagehide","target_tagname":"wizardpage","target_id":"proxy"}
INST 844076d0efdcb201 2016-03-28T23:23:35.600Z {"type":"pageadvanced","target_tagname":"wizardpage","target_id":"proxy"}
INST 844076d0efdcb201 2016-03-28T23:23:35.600Z {"type":"wizardfinish","target_tagname":"wizard","target_id":"TorNetworkSettings"}
INST 844076d0efdcb201 2016-03-28T23:23:35.700Z {"type":"load","target_id":"progress_bar"}
INST 844076d0efdcb201 2016-03-28T23:23:41.900Z {"type":"progresschanged","target_tagname":"progressmeter","target_id":"progressMeter","value":"10"}
INST 844076d0efdcb201 2016-03-28T23:23:43.000Z {"type":"progresschanged","target_tagname":"progressmeter","target_id":"progressMeter","value":"15"}
INST 844076d0efdcb201 2016-03-28T23:23:43.200Z {"type":"progresschanged","target_tagname":"progressmeter","target_id":"progressMeter","value":"20"}
INST 844076d0efdcb201 2016-03-28T23:23:43.800Z {"type":"progresschanged","target_tagname":"progressmeter","target_id":"progressMeter","value":"25"}
INST 844076d0efdcb201 2016-03-28T23:23:45.500Z {"type":"progresschanged","target_tagname":"progressmeter","target_id":"progressMeter","value":"40"}
INST 844076d0efdcb201 2016-03-28T23:23:46.100Z {"type":"progresschanged","target_tagname":"progressmeter","target_id":"progressMeter","value":"45"}
INST 844076d0efdcb201 2016-03-28T23:23:46.500Z {"type":"progresschanged","target_tagname":"progressmeter","target_id":"progressMeter","value":"50"}
INST 844076d0efdcb201 2016-03-28T23:23:47.200Z {"type":"progresschanged","target_tagname":"progressmeter","target_id":"progressMeter","value":"50"}
INST 844076d0efdcb201 2016-03-28T23:23:47.400Z {"type":"progresschanged","target_tagname":"progressmeter","target_id":"progressMeter","value":"50"}
INST 844076d0efdcb201 2016-03-28T23:23:47.600Z {"type":"progresschanged","target_tagname":"progressmeter","target_id":"progressMeter","value":"50"}
INST 844076d0efdcb201 2016-03-28T23:23:48.000Z {"type":"progresschanged","target_tagname":"progressmeter","target_id":"progressMeter","value":"56"}
INST 844076d0efdcb201 2016-03-28T23:23:48.100Z {"type":"progresschanged","target_tagname":"progressmeter","target_id":"progressMeter","value":"56"}
INST 844076d0efdcb201 2016-03-28T23:23:49.200Z {"type":"progresschanged","target_tagname":"progressmeter","target_id":"progressMeter","value":"62"}
INST 844076d0efdcb201 2016-03-28T23:23:50.300Z {"type":"progresschanged","target_tagname":"progressmeter","target_id":"progressMeter","value":"67"}
INST 844076d0efdcb201 2016-03-28T23:23:51.500Z {"type":"progresschanged","target_tagname":"progressmeter","target_id":"progressMeter","value":"73"}
INST 844076d0efdcb201 2016-03-28T23:23:53.900Z {"type":"progresschanged","target_tagname":"progressmeter","target_id":"progressMeter","value":"80"}
INST 844076d0efdcb201 2016-03-28T23:23:53.900Z {"type":"progresschanged","target_tagname":"progressmeter","target_id":"progressMeter","value":"90"}
INST 844076d0efdcb201 2016-03-28T23:23:56.800Z {"type":"progresschanged","target_tagname":"progressmeter","target_id":"progressMeter","value":"100"}
INST 844076d0efdcb201 2016-03-28T23:23:57.000Z {"type":"unload","target_id":"progress_bar"}
INST 844076d0efdcb201 2016-03-28T23:23:57.000Z {"type":"command","target_tagname":"wizard","target_id":"TorNetworkSettings"}
INST 844076d0efdcb201 2016-03-28T23:23:57.100Z {"type":"unload","target_id":"configuration"}
