INST 5555254d42949cd9 2016-03-30T23:42:42.200Z {"type":"start"}
INST 5555254d42949cd9 2016-03-30T23:42:43.200Z {"type":"select","target_tagname":"menulist","target_id":"proxyType","value":""}
INST 5555254d42949cd9 2016-03-30T23:42:43.200Z {"type":"wizardnext","target_tagname":"wizard","target_id":"TorNetworkSettings"}
INST 5555254d42949cd9 2016-03-30T23:42:43.200Z {"type":"pageshow","target_tagname":"wizardpage","target_id":"first"}
INST 5555254d42949cd9 2016-03-30T23:42:43.200Z {"type":"load","target_id":"configuration"}
INST 5555254d42949cd9 2016-03-30T23:42:43.200Z {"type":"select","target_tagname":"menulist","target_id":"defaultBridgeType","value":"obfs3"}
INST 5555254d42949cd9 2016-03-30T23:42:57.000Z {"type":"click","target_tagname":"button","target_id":"connect_button","detail":1}
INST 5555254d42949cd9 2016-03-30T23:42:57.000Z {"type":"load","target_id":"progress_bar"}
INST 5555254d42949cd9 2016-03-30T23:42:57.800Z {"type":"progresschanged","target_tagname":"progressmeter","target_id":"progressMeter","value":"5"}
INST 5555254d42949cd9 2016-03-30T23:42:57.800Z {"type":"progresschanged","target_tagname":"progressmeter","target_id":"progressMeter","value":"5"}
INST 5555254d42949cd9 2016-03-30T23:42:57.800Z {"type":"progresschanged","target_tagname":"progressmeter","target_id":"progressMeter","value":"5"}
INST 5555254d42949cd9 2016-03-30T23:43:58.800Z {"type":"progresschanged","target_tagname":"progressmeter","target_id":"progressMeter","value":"5"}
INST 5555254d42949cd9 2016-03-30T23:44:26.200Z {"type":"click","target_tagname":"dialog","target_id":"TorProgress","detail":1}
INST 5555254d42949cd9 2016-03-30T23:44:26.200Z {"type":"dialogcancel","target_tagname":"dialog","target_id":"TorProgress"}
INST 5555254d42949cd9 2016-03-30T23:44:26.200Z {"type":"command","target_tagname":"dialog","target_id":"TorProgress"}
INST 5555254d42949cd9 2016-03-30T23:44:26.300Z {"type":"command","target_tagname":"button","target_id":"connect_button"}
INST 5555254d42949cd9 2016-03-30T23:44:27.700Z {"type":"click","target_tagname":"button","target_id":"configure_button","detail":1}
INST 5555254d42949cd9 2016-03-30T23:44:27.700Z {"type":"pagehide","target_tagname":"wizardpage","target_id":"first"}
INST 5555254d42949cd9 2016-03-30T23:44:27.700Z {"type":"pageadvanced","target_tagname":"wizardpage","target_id":"first"}
INST 5555254d42949cd9 2016-03-30T23:44:27.700Z {"type":"wizardnext","target_tagname":"wizard","target_id":"TorNetworkSettings"}
INST 5555254d42949cd9 2016-03-30T23:44:27.700Z {"type":"pageshow","target_tagname":"wizardpage","target_id":"bridges"}
INST 5555254d42949cd9 2016-03-30T23:44:27.700Z {"type":"command","target_tagname":"button","target_id":"configure_button"}
INST 5555254d42949cd9 2016-03-30T23:44:33.400Z {"type":"click","target_tagname":"radio","target_id":"bridgesRadioYes","detail":1}
INST 5555254d42949cd9 2016-03-30T23:44:33.400Z {"type":"command","target_tagname":"radio","target_id":"bridgesRadioYes"}
INST 5555254d42949cd9 2016-03-30T23:44:36.900Z {"type":"click","target_tagname":"wizard","target_id":"TorNetworkSettings","detail":1}
INST 5555254d42949cd9 2016-03-30T23:44:36.900Z {"type":"pagehide","target_tagname":"wizardpage","target_id":"bridges"}
INST 5555254d42949cd9 2016-03-30T23:44:36.900Z {"type":"pageadvanced","target_tagname":"wizardpage","target_id":"bridges"}
INST 5555254d42949cd9 2016-03-30T23:44:36.900Z {"type":"wizardnext","target_tagname":"wizard","target_id":"TorNetworkSettings"}
INST 5555254d42949cd9 2016-03-30T23:44:36.900Z {"type":"pageshow","target_tagname":"wizardpage","target_id":"bridgeSettings"}
INST 5555254d42949cd9 2016-03-30T23:44:36.900Z {"type":"command","target_tagname":"wizard","target_id":"TorNetworkSettings"}
INST 5555254d42949cd9 2016-03-30T23:44:44.800Z {"type":"click","target_tagname":"wizard","target_id":"TorNetworkSettings","detail":1}
INST 5555254d42949cd9 2016-03-30T23:44:44.800Z {"type":"pagehide","target_tagname":"wizardpage","target_id":"bridgeSettings"}
INST 5555254d42949cd9 2016-03-30T23:44:44.800Z {"type":"pageadvanced","target_tagname":"wizardpage","target_id":"bridgeSettings"}
INST 5555254d42949cd9 2016-03-30T23:44:44.800Z {"type":"wizardnext","target_tagname":"wizard","target_id":"TorNetworkSettings"}
INST 5555254d42949cd9 2016-03-30T23:44:44.800Z {"type":"pageshow","target_tagname":"wizardpage","target_id":"proxy"}
INST 5555254d42949cd9 2016-03-30T23:44:44.800Z {"type":"command","target_tagname":"wizard","target_id":"TorNetworkSettings"}
INST 5555254d42949cd9 2016-03-30T23:47:05.400Z {"type":"click","target_tagname":"hbox","target_id":"","detail":1}
INST 5555254d42949cd9 2016-03-30T23:47:10.800Z {"type":"click","target_tagname":"wizard","target_id":"TorNetworkSettings","detail":1}
INST 5555254d42949cd9 2016-03-30T23:47:10.800Z {"type":"pagehide","target_tagname":"wizardpage","target_id":"proxy"}
INST 5555254d42949cd9 2016-03-30T23:47:10.800Z {"type":"pageadvanced","target_tagname":"wizardpage","target_id":"proxy"}
INST 5555254d42949cd9 2016-03-30T23:47:10.800Z {"type":"wizardfinish","target_tagname":"wizard","target_id":"TorNetworkSettings"}
INST 5555254d42949cd9 2016-03-30T23:47:10.900Z {"type":"load","target_id":"progress_bar"}
INST 5555254d42949cd9 2016-03-30T23:47:17.800Z {"type":"progresschanged","target_tagname":"progressmeter","target_id":"progressMeter","value":"10"}
INST 5555254d42949cd9 2016-03-30T23:47:18.900Z {"type":"progresschanged","target_tagname":"progressmeter","target_id":"progressMeter","value":"15"}
INST 5555254d42949cd9 2016-03-30T23:47:19.100Z {"type":"progresschanged","target_tagname":"progressmeter","target_id":"progressMeter","value":"20"}
INST 5555254d42949cd9 2016-03-30T23:47:19.700Z {"type":"progresschanged","target_tagname":"progressmeter","target_id":"progressMeter","value":"25"}
INST 5555254d42949cd9 2016-03-30T23:47:21.700Z {"type":"progresschanged","target_tagname":"progressmeter","target_id":"progressMeter","value":"40"}
INST 5555254d42949cd9 2016-03-30T23:47:22.200Z {"type":"progresschanged","target_tagname":"progressmeter","target_id":"progressMeter","value":"45"}
INST 5555254d42949cd9 2016-03-30T23:47:22.600Z {"type":"progresschanged","target_tagname":"progressmeter","target_id":"progressMeter","value":"50"}
INST 5555254d42949cd9 2016-03-30T23:47:23.300Z {"type":"progresschanged","target_tagname":"progressmeter","target_id":"progressMeter","value":"50"}
INST 5555254d42949cd9 2016-03-30T23:47:23.400Z {"type":"progresschanged","target_tagname":"progressmeter","target_id":"progressMeter","value":"50"}
INST 5555254d42949cd9 2016-03-30T23:47:23.500Z {"type":"progresschanged","target_tagname":"progressmeter","target_id":"progressMeter","value":"54"}
INST 5555254d42949cd9 2016-03-30T23:47:23.700Z {"type":"progresschanged","target_tagname":"progressmeter","target_id":"progressMeter","value":"54"}
INST 5555254d42949cd9 2016-03-30T23:47:23.800Z {"type":"progresschanged","target_tagname":"progressmeter","target_id":"progressMeter","value":"58"}
INST 5555254d42949cd9 2016-03-30T23:47:25.100Z {"type":"progresschanged","target_tagname":"progressmeter","target_id":"progressMeter","value":"58"}
INST 5555254d42949cd9 2016-03-30T23:47:25.400Z {"type":"progresschanged","target_tagname":"progressmeter","target_id":"progressMeter","value":"66"}
INST 5555254d42949cd9 2016-03-30T23:47:25.400Z {"type":"progresschanged","target_tagname":"progressmeter","target_id":"progressMeter","value":"71"}
INST 5555254d42949cd9 2016-03-30T23:47:25.800Z {"type":"progresschanged","target_tagname":"progressmeter","target_id":"progressMeter","value":"80"}
INST 5555254d42949cd9 2016-03-30T23:47:25.800Z {"type":"progresschanged","target_tagname":"progressmeter","target_id":"progressMeter","value":"90"}
INST 5555254d42949cd9 2016-03-30T23:47:29.800Z {"type":"progresschanged","target_tagname":"progressmeter","target_id":"progressMeter","value":"100"}
INST 5555254d42949cd9 2016-03-30T23:47:30.100Z {"type":"unload","target_id":"progress_bar"}
INST 5555254d42949cd9 2016-03-30T23:47:30.100Z {"type":"command","target_tagname":"wizard","target_id":"TorNetworkSettings"}
INST 5555254d42949cd9 2016-03-30T23:47:30.100Z {"type":"unload","target_id":"configuration"}
