INST 92353b4cb2dee0a5 2016-03-24T23:15:24.800Z {"type":"start"}
INST 92353b4cb2dee0a5 2016-03-24T23:15:26.200Z {"type":"select","target_tagname":"menulist","target_id":"proxyType","value":""}
INST 92353b4cb2dee0a5 2016-03-24T23:15:26.200Z {"type":"wizardnext","target_tagname":"wizard","target_id":"TorNetworkSettings"}
INST 92353b4cb2dee0a5 2016-03-24T23:15:26.200Z {"type":"pageshow","target_tagname":"wizardpage","target_id":"first"}
INST 92353b4cb2dee0a5 2016-03-24T23:15:26.200Z {"type":"load","target_id":"configuration"}
INST 92353b4cb2dee0a5 2016-03-24T23:15:26.200Z {"type":"select","target_tagname":"menulist","target_id":"defaultBridgeType","value":"obfs3"}
INST 92353b4cb2dee0a5 2016-03-24T23:15:36.400Z {"type":"click","target_tagname":"button","target_id":"connect_button","detail":1}
INST 92353b4cb2dee0a5 2016-03-24T23:15:36.400Z {"type":"load","target_id":"progress_bar"}
INST 92353b4cb2dee0a5 2016-03-24T23:15:36.500Z {"type":"progresschanged","target_tagname":"progressmeter","target_id":"progressMeter","value":"5"}
INST 92353b4cb2dee0a5 2016-03-24T23:15:36.500Z {"type":"progresschanged","target_tagname":"progressmeter","target_id":"progressMeter","value":"5"}
INST 92353b4cb2dee0a5 2016-03-24T23:15:36.500Z {"type":"progresschanged","target_tagname":"progressmeter","target_id":"progressMeter","value":"5"}
INST 92353b4cb2dee0a5 2016-03-24T23:16:37.500Z {"type":"progresschanged","target_tagname":"progressmeter","target_id":"progressMeter","value":"5"}
INST 92353b4cb2dee0a5 2016-03-24T23:17:38.400Z {"type":"click","target_tagname":"dialog","target_id":"TorProgress","detail":1}
INST 92353b4cb2dee0a5 2016-03-24T23:17:38.400Z {"type":"dialogcancel","target_tagname":"dialog","target_id":"TorProgress"}
INST 92353b4cb2dee0a5 2016-03-24T23:17:38.400Z {"type":"command","target_tagname":"dialog","target_id":"TorProgress"}
INST 92353b4cb2dee0a5 2016-03-24T23:17:38.400Z {"type":"command","target_tagname":"button","target_id":"connect_button"}
INST 92353b4cb2dee0a5 2016-03-24T23:17:39.600Z {"type":"click","target_tagname":"button","target_id":"configure_button","detail":1}
INST 92353b4cb2dee0a5 2016-03-24T23:17:39.600Z {"type":"pagehide","target_tagname":"wizardpage","target_id":"first"}
INST 92353b4cb2dee0a5 2016-03-24T23:17:39.600Z {"type":"pageadvanced","target_tagname":"wizardpage","target_id":"first"}
INST 92353b4cb2dee0a5 2016-03-24T23:17:39.600Z {"type":"wizardnext","target_tagname":"wizard","target_id":"TorNetworkSettings"}
INST 92353b4cb2dee0a5 2016-03-24T23:17:39.600Z {"type":"pageshow","target_tagname":"wizardpage","target_id":"bridges"}
INST 92353b4cb2dee0a5 2016-03-24T23:17:39.600Z {"type":"command","target_tagname":"button","target_id":"configure_button"}
INST 92353b4cb2dee0a5 2016-03-24T23:17:49.100Z {"type":"click","target_tagname":"radio","target_id":"bridgesRadioYes","detail":1}
INST 92353b4cb2dee0a5 2016-03-24T23:17:49.100Z {"type":"command","target_tagname":"radio","target_id":"bridgesRadioYes"}
INST 92353b4cb2dee0a5 2016-03-24T23:17:50.100Z {"type":"click","target_tagname":"wizard","target_id":"TorNetworkSettings","detail":1}
INST 92353b4cb2dee0a5 2016-03-24T23:17:50.100Z {"type":"pagehide","target_tagname":"wizardpage","target_id":"bridges"}
INST 92353b4cb2dee0a5 2016-03-24T23:17:50.100Z {"type":"pageadvanced","target_tagname":"wizardpage","target_id":"bridges"}
INST 92353b4cb2dee0a5 2016-03-24T23:17:50.100Z {"type":"wizardnext","target_tagname":"wizard","target_id":"TorNetworkSettings"}
INST 92353b4cb2dee0a5 2016-03-24T23:17:50.100Z {"type":"pageshow","target_tagname":"wizardpage","target_id":"bridgeSettings"}
INST 92353b4cb2dee0a5 2016-03-24T23:17:50.100Z {"type":"command","target_tagname":"wizard","target_id":"TorNetworkSettings"}
INST 92353b4cb2dee0a5 2016-03-24T23:17:53.500Z {"type":"click","target_tagname":"wizard","target_id":"TorNetworkSettings","detail":1}
INST 92353b4cb2dee0a5 2016-03-24T23:17:53.500Z {"type":"pagehide","target_tagname":"wizardpage","target_id":"bridgeSettings"}
INST 92353b4cb2dee0a5 2016-03-24T23:17:53.500Z {"type":"pageadvanced","target_tagname":"wizardpage","target_id":"bridgeSettings"}
INST 92353b4cb2dee0a5 2016-03-24T23:17:53.500Z {"type":"wizardnext","target_tagname":"wizard","target_id":"TorNetworkSettings"}
INST 92353b4cb2dee0a5 2016-03-24T23:17:53.500Z {"type":"pageshow","target_tagname":"wizardpage","target_id":"proxy"}
INST 92353b4cb2dee0a5 2016-03-24T23:17:53.500Z {"type":"command","target_tagname":"wizard","target_id":"TorNetworkSettings"}
INST 92353b4cb2dee0a5 2016-03-24T23:17:58.600Z {"type":"click","target_tagname":"wizard","target_id":"TorNetworkSettings","detail":1}
INST 92353b4cb2dee0a5 2016-03-24T23:17:58.600Z {"type":"pagehide","target_tagname":"wizardpage","target_id":"proxy"}
INST 92353b4cb2dee0a5 2016-03-24T23:17:58.600Z {"type":"pageadvanced","target_tagname":"wizardpage","target_id":"proxy"}
INST 92353b4cb2dee0a5 2016-03-24T23:17:58.600Z {"type":"wizardfinish","target_tagname":"wizard","target_id":"TorNetworkSettings"}
INST 92353b4cb2dee0a5 2016-03-24T23:17:58.700Z {"type":"load","target_id":"progress_bar"}
INST 92353b4cb2dee0a5 2016-03-24T23:18:05.600Z {"type":"progresschanged","target_tagname":"progressmeter","target_id":"progressMeter","value":"10"}
INST 92353b4cb2dee0a5 2016-03-24T23:18:06.600Z {"type":"progresschanged","target_tagname":"progressmeter","target_id":"progressMeter","value":"15"}
INST 92353b4cb2dee0a5 2016-03-24T23:18:06.800Z {"type":"progresschanged","target_tagname":"progressmeter","target_id":"progressMeter","value":"20"}
INST 92353b4cb2dee0a5 2016-03-24T23:18:07.400Z {"type":"progresschanged","target_tagname":"progressmeter","target_id":"progressMeter","value":"25"}
INST 92353b4cb2dee0a5 2016-03-24T23:18:09.100Z {"type":"progresschanged","target_tagname":"progressmeter","target_id":"progressMeter","value":"40"}
INST 92353b4cb2dee0a5 2016-03-24T23:18:09.500Z {"type":"progresschanged","target_tagname":"progressmeter","target_id":"progressMeter","value":"45"}
INST 92353b4cb2dee0a5 2016-03-24T23:18:09.800Z {"type":"progresschanged","target_tagname":"progressmeter","target_id":"progressMeter","value":"50"}
INST 92353b4cb2dee0a5 2016-03-24T23:18:10.600Z {"type":"progresschanged","target_tagname":"progressmeter","target_id":"progressMeter","value":"50"}
INST 92353b4cb2dee0a5 2016-03-24T23:18:10.600Z {"type":"progresschanged","target_tagname":"progressmeter","target_id":"progressMeter","value":"50"}
INST 92353b4cb2dee0a5 2016-03-24T23:18:10.800Z {"type":"progresschanged","target_tagname":"progressmeter","target_id":"progressMeter","value":"54"}
INST 92353b4cb2dee0a5 2016-03-24T23:18:10.900Z {"type":"progresschanged","target_tagname":"progressmeter","target_id":"progressMeter","value":"54"}
INST 92353b4cb2dee0a5 2016-03-24T23:18:11.000Z {"type":"progresschanged","target_tagname":"progressmeter","target_id":"progressMeter","value":"59"}
INST 92353b4cb2dee0a5 2016-03-24T23:18:11.100Z {"type":"progresschanged","target_tagname":"progressmeter","target_id":"progressMeter","value":"63"}
INST 92353b4cb2dee0a5 2016-03-24T23:18:11.100Z {"type":"progresschanged","target_tagname":"progressmeter","target_id":"progressMeter","value":"68"}
INST 92353b4cb2dee0a5 2016-03-24T23:18:11.200Z {"type":"progresschanged","target_tagname":"progressmeter","target_id":"progressMeter","value":"73"}
INST 92353b4cb2dee0a5 2016-03-24T23:18:11.500Z {"type":"progresschanged","target_tagname":"progressmeter","target_id":"progressMeter","value":"80"}
INST 92353b4cb2dee0a5 2016-03-24T23:18:11.500Z {"type":"progresschanged","target_tagname":"progressmeter","target_id":"progressMeter","value":"90"}
INST 92353b4cb2dee0a5 2016-03-24T23:18:17.400Z {"type":"progresschanged","target_tagname":"progressmeter","target_id":"progressMeter","value":"100"}
INST 92353b4cb2dee0a5 2016-03-24T23:18:17.700Z {"type":"unload","target_id":"progress_bar"}
INST 92353b4cb2dee0a5 2016-03-24T23:18:17.700Z {"type":"command","target_tagname":"wizard","target_id":"TorNetworkSettings"}
INST 92353b4cb2dee0a5 2016-03-24T23:18:17.700Z {"type":"unload","target_id":"configuration"}
