INST 7bccf0d70659639b 2016-03-31T01:44:56.200Z {"type":"start"}
INST 7bccf0d70659639b 2016-03-31T01:44:57.100Z {"type":"select","target_tagname":"menulist","target_id":"proxyType","value":""}
INST 7bccf0d70659639b 2016-03-31T01:44:57.100Z {"type":"wizardnext","target_tagname":"wizard","target_id":"TorNetworkSettings"}
INST 7bccf0d70659639b 2016-03-31T01:44:57.100Z {"type":"pageshow","target_tagname":"wizardpage","target_id":"first"}
INST 7bccf0d70659639b 2016-03-31T01:44:57.200Z {"type":"load","target_id":"configuration"}
INST 7bccf0d70659639b 2016-03-31T01:44:57.200Z {"type":"select","target_tagname":"menulist","target_id":"defaultBridgeType","value":"obfs3"}
INST 7bccf0d70659639b 2016-03-31T01:45:07.700Z {"type":"click","target_tagname":"button","target_id":"connect_button","detail":1}
INST 7bccf0d70659639b 2016-03-31T01:45:07.700Z {"type":"load","target_id":"progress_bar"}
INST 7bccf0d70659639b 2016-03-31T01:46:08.700Z {"type":"progresschanged","target_tagname":"progressmeter","target_id":"progressMeter","value":"5"}
INST 7bccf0d70659639b 2016-03-31T01:51:13.700Z {"type":"progresschanged","target_tagname":"progressmeter","target_id":"progressMeter","value":"5"}
INST 7bccf0d70659639b 2016-03-31T02:01:23.700Z {"type":"progresschanged","target_tagname":"progressmeter","target_id":"progressMeter","value":"5"}
INST 7bccf0d70659639b 2016-03-31T02:09:25.500Z {"type":"click","target_tagname":"dialog","target_id":"TorProgress","detail":1}
INST 7bccf0d70659639b 2016-03-31T02:09:25.500Z {"type":"dialogcancel","target_tagname":"dialog","target_id":"TorProgress"}
INST 7bccf0d70659639b 2016-03-31T02:09:25.500Z {"type":"command","target_tagname":"dialog","target_id":"TorProgress"}
INST 7bccf0d70659639b 2016-03-31T02:09:25.500Z {"type":"command","target_tagname":"button","target_id":"connect_button"}
INST 7bccf0d70659639b 2016-03-31T02:09:27.300Z {"type":"click","target_tagname":"button","target_id":"connect_button","detail":1}
INST 7bccf0d70659639b 2016-03-31T02:09:27.300Z {"type":"load","target_id":"progress_bar"}
INST 7bccf0d70659639b 2016-03-31T02:17:17.000Z {"type":"click","target_tagname":"dialog","target_id":"TorProgress","detail":1}
INST 7bccf0d70659639b 2016-03-31T02:17:17.000Z {"type":"dialogcancel","target_tagname":"dialog","target_id":"TorProgress"}
INST 7bccf0d70659639b 2016-03-31T02:17:17.000Z {"type":"command","target_tagname":"dialog","target_id":"TorProgress"}
INST 7bccf0d70659639b 2016-03-31T02:17:17.000Z {"type":"command","target_tagname":"button","target_id":"connect_button"}
INST 7bccf0d70659639b 2016-03-31T02:17:18.200Z {"type":"click","target_tagname":"wizard","target_id":"TorNetworkSettings","detail":1}
INST 7bccf0d70659639b 2016-03-31T02:17:18.200Z {"type":"wizardcancel","target_tagname":"wizard","target_id":"TorNetworkSettings"}
INST 7bccf0d70659639b 2016-03-31T02:17:18.200Z {"type":"command","target_tagname":"wizard","target_id":"TorNetworkSettings"}
INST 7bccf0d70659639b 2016-03-31T02:17:18.200Z {"type":"unload","target_id":"configuration"}
INST 032213f1affd4dca 2016-03-31T02:17:26.000Z {"type":"start"}
INST 032213f1affd4dca 2016-03-31T02:17:26.600Z {"type":"select","target_tagname":"menulist","target_id":"proxyType","value":""}
INST 032213f1affd4dca 2016-03-31T02:17:26.600Z {"type":"wizardnext","target_tagname":"wizard","target_id":"TorNetworkSettings"}
INST 032213f1affd4dca 2016-03-31T02:17:26.600Z {"type":"pageshow","target_tagname":"wizardpage","target_id":"first"}
INST 032213f1affd4dca 2016-03-31T02:17:26.700Z {"type":"load","target_id":"configuration"}
INST 032213f1affd4dca 2016-03-31T02:17:26.700Z {"type":"select","target_tagname":"menulist","target_id":"defaultBridgeType","value":"obfs3"}
INST 032213f1affd4dca 2016-03-31T02:17:27.700Z {"type":"click","target_tagname":"button","target_id":"connect_button","detail":1}
INST 032213f1affd4dca 2016-03-31T02:17:27.700Z {"type":"load","target_id":"progress_bar"}
INST 032213f1affd4dca 2016-03-31T02:17:27.900Z {"type":"progresschanged","target_tagname":"progressmeter","target_id":"progressMeter","value":"5"}
INST 032213f1affd4dca 2016-03-31T02:17:27.900Z {"type":"progresschanged","target_tagname":"progressmeter","target_id":"progressMeter","value":"5"}
INST 032213f1affd4dca 2016-03-31T02:17:28.000Z {"type":"progresschanged","target_tagname":"progressmeter","target_id":"progressMeter","value":"5"}
INST 032213f1affd4dca 2016-03-31T02:18:29.400Z {"type":"progresschanged","target_tagname":"progressmeter","target_id":"progressMeter","value":"5"}
INST 032213f1affd4dca 2016-03-31T02:23:34.400Z {"type":"progresschanged","target_tagname":"progressmeter","target_id":"progressMeter","value":"5"}
INST 032213f1affd4dca 2016-03-31T02:24:13.700Z {"type":"click","target_tagname":"vbox","target_id":"","detail":1}
INST 032213f1affd4dca 2016-03-31T02:24:14.000Z {"type":"click","target_tagname":"dialog","target_id":"TorProgress","detail":1}
INST 032213f1affd4dca 2016-03-31T02:24:14.000Z {"type":"dialogcancel","target_tagname":"dialog","target_id":"TorProgress"}
INST 032213f1affd4dca 2016-03-31T02:24:14.000Z {"type":"command","target_tagname":"dialog","target_id":"TorProgress"}
INST 032213f1affd4dca 2016-03-31T02:24:14.000Z {"type":"command","target_tagname":"button","target_id":"connect_button"}
INST 032213f1affd4dca 2016-03-31T02:24:15.700Z {"type":"wizardcancel","target_tagname":"wizard","target_id":"TorNetworkSettings"}
INST 032213f1affd4dca 2016-03-31T02:24:15.700Z {"type":"unload","target_id":"configuration"}
