INST f6c5779ec9051f2f 2016-03-31T01:44:52.900Z {"type":"start"}
INST f6c5779ec9051f2f 2016-03-31T01:44:53.900Z {"type":"select","target_tagname":"menulist","target_id":"proxyType","value":""}
INST f6c5779ec9051f2f 2016-03-31T01:44:53.900Z {"type":"wizardnext","target_tagname":"wizard","target_id":"TorNetworkSettings"}
INST f6c5779ec9051f2f 2016-03-31T01:44:53.900Z {"type":"pageshow","target_tagname":"wizardpage","target_id":"first"}
INST f6c5779ec9051f2f 2016-03-31T01:44:53.900Z {"type":"load","target_id":"configuration"}
INST f6c5779ec9051f2f 2016-03-31T01:44:53.900Z {"type":"select","target_tagname":"menulist","target_id":"defaultBridgeType","value":"obfs3"}
INST f6c5779ec9051f2f 2016-03-31T01:45:08.200Z {"type":"click","target_tagname":"button","target_id":"connect_button","detail":1}
INST f6c5779ec9051f2f 2016-03-31T01:45:08.300Z {"type":"load","target_id":"progress_bar"}
INST f6c5779ec9051f2f 2016-03-31T01:45:08.400Z {"type":"progresschanged","target_tagname":"progressmeter","target_id":"progressMeter","value":"5"}
INST f6c5779ec9051f2f 2016-03-31T01:45:08.400Z {"type":"progresschanged","target_tagname":"progressmeter","target_id":"progressMeter","value":"5"}
INST f6c5779ec9051f2f 2016-03-31T01:45:08.400Z {"type":"progresschanged","target_tagname":"progressmeter","target_id":"progressMeter","value":"5"}
INST f6c5779ec9051f2f 2016-03-31T01:46:09.400Z {"type":"progresschanged","target_tagname":"progressmeter","target_id":"progressMeter","value":"5"}
INST f6c5779ec9051f2f 2016-03-31T01:46:17.500Z {"type":"click","target_tagname":"dialog","target_id":"TorProgress","detail":1}
INST f6c5779ec9051f2f 2016-03-31T01:46:17.500Z {"type":"dialogcancel","target_tagname":"dialog","target_id":"TorProgress"}
INST f6c5779ec9051f2f 2016-03-31T01:46:17.500Z {"type":"command","target_tagname":"dialog","target_id":"TorProgress"}
INST f6c5779ec9051f2f 2016-03-31T01:46:17.500Z {"type":"command","target_tagname":"button","target_id":"connect_button"}
INST f6c5779ec9051f2f 2016-03-31T01:46:20.100Z {"type":"click","target_tagname":"button","target_id":"configure_button","detail":1}
INST f6c5779ec9051f2f 2016-03-31T01:46:20.100Z {"type":"pagehide","target_tagname":"wizardpage","target_id":"first"}
INST f6c5779ec9051f2f 2016-03-31T01:46:20.100Z {"type":"pageadvanced","target_tagname":"wizardpage","target_id":"first"}
INST f6c5779ec9051f2f 2016-03-31T01:46:20.100Z {"type":"wizardnext","target_tagname":"wizard","target_id":"TorNetworkSettings"}
INST f6c5779ec9051f2f 2016-03-31T01:46:20.100Z {"type":"pageshow","target_tagname":"wizardpage","target_id":"bridges"}
INST f6c5779ec9051f2f 2016-03-31T01:46:20.100Z {"type":"command","target_tagname":"button","target_id":"configure_button"}
INST f6c5779ec9051f2f 2016-03-31T01:46:24.400Z {"type":"click","target_tagname":"radio","target_id":"bridgesRadioYes","detail":1}
INST f6c5779ec9051f2f 2016-03-31T01:46:24.400Z {"type":"command","target_tagname":"radio","target_id":"bridgesRadioYes"}
INST f6c5779ec9051f2f 2016-03-31T01:46:26.000Z {"type":"click","target_tagname":"wizard","target_id":"TorNetworkSettings","detail":1}
INST f6c5779ec9051f2f 2016-03-31T01:46:26.000Z {"type":"pagehide","target_tagname":"wizardpage","target_id":"bridges"}
INST f6c5779ec9051f2f 2016-03-31T01:46:26.000Z {"type":"pageadvanced","target_tagname":"wizardpage","target_id":"bridges"}
INST f6c5779ec9051f2f 2016-03-31T01:46:26.000Z {"type":"wizardnext","target_tagname":"wizard","target_id":"TorNetworkSettings"}
INST f6c5779ec9051f2f 2016-03-31T01:46:26.000Z {"type":"pageshow","target_tagname":"wizardpage","target_id":"bridgeSettings"}
INST f6c5779ec9051f2f 2016-03-31T01:46:26.000Z {"type":"command","target_tagname":"wizard","target_id":"TorNetworkSettings"}
INST f6c5779ec9051f2f 2016-03-31T01:46:30.300Z {"type":"click","target_tagname":"wizard","target_id":"TorNetworkSettings","detail":1}
INST f6c5779ec9051f2f 2016-03-31T01:46:30.300Z {"type":"pagehide","target_tagname":"wizardpage","target_id":"bridgeSettings"}
INST f6c5779ec9051f2f 2016-03-31T01:46:30.300Z {"type":"pageadvanced","target_tagname":"wizardpage","target_id":"bridgeSettings"}
INST f6c5779ec9051f2f 2016-03-31T01:46:30.300Z {"type":"wizardnext","target_tagname":"wizard","target_id":"TorNetworkSettings"}
INST f6c5779ec9051f2f 2016-03-31T01:46:30.300Z {"type":"pageshow","target_tagname":"wizardpage","target_id":"proxy"}
INST f6c5779ec9051f2f 2016-03-31T01:46:30.300Z {"type":"command","target_tagname":"wizard","target_id":"TorNetworkSettings"}
INST f6c5779ec9051f2f 2016-03-31T01:46:35.400Z {"type":"click","target_tagname":"wizard","target_id":"TorNetworkSettings","detail":1}
INST f6c5779ec9051f2f 2016-03-31T01:46:35.400Z {"type":"pagehide","target_tagname":"wizardpage","target_id":"proxy"}
INST f6c5779ec9051f2f 2016-03-31T01:46:35.400Z {"type":"pageadvanced","target_tagname":"wizardpage","target_id":"proxy"}
INST f6c5779ec9051f2f 2016-03-31T01:46:35.400Z {"type":"wizardfinish","target_tagname":"wizard","target_id":"TorNetworkSettings"}
INST f6c5779ec9051f2f 2016-03-31T01:46:35.500Z {"type":"load","target_id":"progress_bar"}
INST f6c5779ec9051f2f 2016-03-31T01:46:42.400Z {"type":"progresschanged","target_tagname":"progressmeter","target_id":"progressMeter","value":"10"}
INST f6c5779ec9051f2f 2016-03-31T01:46:43.500Z {"type":"progresschanged","target_tagname":"progressmeter","target_id":"progressMeter","value":"15"}
INST f6c5779ec9051f2f 2016-03-31T01:46:43.600Z {"type":"progresschanged","target_tagname":"progressmeter","target_id":"progressMeter","value":"20"}
INST f6c5779ec9051f2f 2016-03-31T01:46:44.300Z {"type":"progresschanged","target_tagname":"progressmeter","target_id":"progressMeter","value":"25"}
INST f6c5779ec9051f2f 2016-03-31T01:46:45.900Z {"type":"progresschanged","target_tagname":"progressmeter","target_id":"progressMeter","value":"40"}
INST f6c5779ec9051f2f 2016-03-31T01:46:46.500Z {"type":"progresschanged","target_tagname":"progressmeter","target_id":"progressMeter","value":"45"}
INST f6c5779ec9051f2f 2016-03-31T01:46:46.700Z {"type":"progresschanged","target_tagname":"progressmeter","target_id":"progressMeter","value":"50"}
INST f6c5779ec9051f2f 2016-03-31T01:46:47.700Z {"type":"progresschanged","target_tagname":"progressmeter","target_id":"progressMeter","value":"50"}
INST f6c5779ec9051f2f 2016-03-31T01:46:47.900Z {"type":"progresschanged","target_tagname":"progressmeter","target_id":"progressMeter","value":"50"}
INST f6c5779ec9051f2f 2016-03-31T01:46:47.900Z {"type":"progresschanged","target_tagname":"progressmeter","target_id":"progressMeter","value":"54"}
INST f6c5779ec9051f2f 2016-03-31T01:46:48.100Z {"type":"progresschanged","target_tagname":"progressmeter","target_id":"progressMeter","value":"54"}
INST f6c5779ec9051f2f 2016-03-31T01:46:48.300Z {"type":"progresschanged","target_tagname":"progressmeter","target_id":"progressMeter","value":"58"}
INST f6c5779ec9051f2f 2016-03-31T01:46:48.300Z {"type":"progresschanged","target_tagname":"progressmeter","target_id":"progressMeter","value":"62"}
INST f6c5779ec9051f2f 2016-03-31T01:46:48.500Z {"type":"progresschanged","target_tagname":"progressmeter","target_id":"progressMeter","value":"67"}
INST f6c5779ec9051f2f 2016-03-31T01:46:49.100Z {"type":"progresschanged","target_tagname":"progressmeter","target_id":"progressMeter","value":"75"}
INST f6c5779ec9051f2f 2016-03-31T01:46:50.400Z {"type":"progresschanged","target_tagname":"progressmeter","target_id":"progressMeter","value":"80"}
INST f6c5779ec9051f2f 2016-03-31T01:46:50.400Z {"type":"progresschanged","target_tagname":"progressmeter","target_id":"progressMeter","value":"90"}
INST f6c5779ec9051f2f 2016-03-31T01:46:52.300Z {"type":"progresschanged","target_tagname":"progressmeter","target_id":"progressMeter","value":"100"}
INST f6c5779ec9051f2f 2016-03-31T01:46:52.500Z {"type":"unload","target_id":"progress_bar"}
INST f6c5779ec9051f2f 2016-03-31T01:46:52.500Z {"type":"command","target_tagname":"wizard","target_id":"TorNetworkSettings"}
INST f6c5779ec9051f2f 2016-03-31T01:46:52.600Z {"type":"unload","target_id":"configuration"}
