INST b0f03bbbd739a796 2016-03-30T23:41:52.200Z {"type":"start"}
INST b0f03bbbd739a796 2016-03-30T23:41:53.100Z {"type":"select","target_tagname":"menulist","target_id":"proxyType","value":""}
INST b0f03bbbd739a796 2016-03-30T23:41:53.100Z {"type":"wizardnext","target_tagname":"wizard","target_id":"TorNetworkSettings"}
INST b0f03bbbd739a796 2016-03-30T23:41:53.100Z {"type":"pageshow","target_tagname":"wizardpage","target_id":"first"}
INST b0f03bbbd739a796 2016-03-30T23:41:53.200Z {"type":"load","target_id":"configuration"}
INST b0f03bbbd739a796 2016-03-30T23:41:53.200Z {"type":"select","target_tagname":"menulist","target_id":"defaultBridgeType","value":"obfs3"}
INST b0f03bbbd739a796 2016-03-30T23:42:13.900Z {"type":"click","target_tagname":"button","target_id":"configure_button","detail":1}
INST b0f03bbbd739a796 2016-03-30T23:42:13.900Z {"type":"pagehide","target_tagname":"wizardpage","target_id":"first"}
INST b0f03bbbd739a796 2016-03-30T23:42:13.900Z {"type":"pageadvanced","target_tagname":"wizardpage","target_id":"first"}
INST b0f03bbbd739a796 2016-03-30T23:42:13.900Z {"type":"wizardnext","target_tagname":"wizard","target_id":"TorNetworkSettings"}
INST b0f03bbbd739a796 2016-03-30T23:42:13.900Z {"type":"pageshow","target_tagname":"wizardpage","target_id":"bridges"}
INST b0f03bbbd739a796 2016-03-30T23:42:13.900Z {"type":"command","target_tagname":"button","target_id":"configure_button"}
INST b0f03bbbd739a796 2016-03-30T23:42:20.300Z {"type":"click","target_tagname":"radio","target_id":"bridgesRadioYes","detail":1}
INST b0f03bbbd739a796 2016-03-30T23:42:20.300Z {"type":"command","target_tagname":"radio","target_id":"bridgesRadioYes"}
INST b0f03bbbd739a796 2016-03-30T23:42:38.100Z {"type":"click","target_tagname":"wizard","target_id":"TorNetworkSettings","detail":1}
INST b0f03bbbd739a796 2016-03-30T23:42:38.100Z {"type":"pagehide","target_tagname":"wizardpage","target_id":"bridges"}
INST b0f03bbbd739a796 2016-03-30T23:42:38.100Z {"type":"pageadvanced","target_tagname":"wizardpage","target_id":"bridges"}
INST b0f03bbbd739a796 2016-03-30T23:42:38.100Z {"type":"wizardnext","target_tagname":"wizard","target_id":"TorNetworkSettings"}
INST b0f03bbbd739a796 2016-03-30T23:42:38.100Z {"type":"pageshow","target_tagname":"wizardpage","target_id":"bridgeSettings"}
INST b0f03bbbd739a796 2016-03-30T23:42:38.100Z {"type":"command","target_tagname":"wizard","target_id":"TorNetworkSettings"}
INST b0f03bbbd739a796 2016-03-30T23:42:59.400Z {"type":"click","target_tagname":"wizard","target_id":"TorNetworkSettings","detail":1}
INST b0f03bbbd739a796 2016-03-30T23:42:59.400Z {"type":"pagehide","target_tagname":"wizardpage","target_id":"bridgeSettings"}
INST b0f03bbbd739a796 2016-03-30T23:42:59.400Z {"type":"pageadvanced","target_tagname":"wizardpage","target_id":"bridgeSettings"}
INST b0f03bbbd739a796 2016-03-30T23:42:59.400Z {"type":"wizardnext","target_tagname":"wizard","target_id":"TorNetworkSettings"}
INST b0f03bbbd739a796 2016-03-30T23:42:59.400Z {"type":"pageshow","target_tagname":"wizardpage","target_id":"proxy"}
INST b0f03bbbd739a796 2016-03-30T23:42:59.400Z {"type":"command","target_tagname":"wizard","target_id":"TorNetworkSettings"}
INST b0f03bbbd739a796 2016-03-30T23:44:01.700Z {"type":"click","target_tagname":"wizard","target_id":"TorNetworkSettings","detail":1}
INST b0f03bbbd739a796 2016-03-30T23:44:01.700Z {"type":"pagehide","target_tagname":"wizardpage","target_id":"proxy"}
INST b0f03bbbd739a796 2016-03-30T23:44:01.700Z {"type":"pageadvanced","target_tagname":"wizardpage","target_id":"proxy"}
INST b0f03bbbd739a796 2016-03-30T23:44:01.700Z {"type":"wizardfinish","target_tagname":"wizard","target_id":"TorNetworkSettings"}
INST b0f03bbbd739a796 2016-03-30T23:44:01.800Z {"type":"load","target_id":"progress_bar"}
INST b0f03bbbd739a796 2016-03-30T23:44:08.700Z {"type":"progresschanged","target_tagname":"progressmeter","target_id":"progressMeter","value":"5"}
INST b0f03bbbd739a796 2016-03-30T23:44:08.800Z {"type":"progresschanged","target_tagname":"progressmeter","target_id":"progressMeter","value":"10"}
INST b0f03bbbd739a796 2016-03-30T23:44:09.900Z {"type":"progresschanged","target_tagname":"progressmeter","target_id":"progressMeter","value":"15"}
INST b0f03bbbd739a796 2016-03-30T23:44:10.100Z {"type":"progresschanged","target_tagname":"progressmeter","target_id":"progressMeter","value":"20"}
INST b0f03bbbd739a796 2016-03-30T23:44:10.700Z {"type":"progresschanged","target_tagname":"progressmeter","target_id":"progressMeter","value":"25"}
INST b0f03bbbd739a796 2016-03-30T23:44:12.500Z {"type":"progresschanged","target_tagname":"progressmeter","target_id":"progressMeter","value":"40"}
INST b0f03bbbd739a796 2016-03-30T23:44:13.400Z {"type":"progresschanged","target_tagname":"progressmeter","target_id":"progressMeter","value":"45"}
INST b0f03bbbd739a796 2016-03-30T23:44:13.800Z {"type":"progresschanged","target_tagname":"progressmeter","target_id":"progressMeter","value":"50"}
INST b0f03bbbd739a796 2016-03-30T23:44:14.600Z {"type":"progresschanged","target_tagname":"progressmeter","target_id":"progressMeter","value":"50"}
INST b0f03bbbd739a796 2016-03-30T23:44:14.600Z {"type":"progresschanged","target_tagname":"progressmeter","target_id":"progressMeter","value":"50"}
INST b0f03bbbd739a796 2016-03-30T23:44:14.700Z {"type":"progresschanged","target_tagname":"progressmeter","target_id":"progressMeter","value":"54"}
INST b0f03bbbd739a796 2016-03-30T23:44:14.900Z {"type":"progresschanged","target_tagname":"progressmeter","target_id":"progressMeter","value":"54"}
INST b0f03bbbd739a796 2016-03-30T23:44:14.900Z {"type":"progresschanged","target_tagname":"progressmeter","target_id":"progressMeter","value":"59"}
INST b0f03bbbd739a796 2016-03-30T23:44:15.600Z {"type":"progresschanged","target_tagname":"progressmeter","target_id":"progressMeter","value":"63"}
INST b0f03bbbd739a796 2016-03-30T23:44:15.700Z {"type":"progresschanged","target_tagname":"progressmeter","target_id":"progressMeter","value":"68"}
INST b0f03bbbd739a796 2016-03-30T23:44:15.700Z {"type":"progresschanged","target_tagname":"progressmeter","target_id":"progressMeter","value":"74"}
INST b0f03bbbd739a796 2016-03-30T23:44:15.700Z {"type":"progresschanged","target_tagname":"progressmeter","target_id":"progressMeter","value":"80"}
INST b0f03bbbd739a796 2016-03-30T23:44:15.700Z {"type":"progresschanged","target_tagname":"progressmeter","target_id":"progressMeter","value":"90"}
INST b0f03bbbd739a796 2016-03-30T23:44:17.700Z {"type":"progresschanged","target_tagname":"progressmeter","target_id":"progressMeter","value":"100"}
INST b0f03bbbd739a796 2016-03-30T23:44:17.900Z {"type":"unload","target_id":"progress_bar"}
INST b0f03bbbd739a796 2016-03-30T23:44:18.000Z {"type":"command","target_tagname":"wizard","target_id":"TorNetworkSettings"}
INST b0f03bbbd739a796 2016-03-30T23:44:18.000Z {"type":"unload","target_id":"configuration"}
