INST ba090038881a0f38 2016-03-31T23:10:30.500Z {"type":"start"}
INST ba090038881a0f38 2016-03-31T23:10:33.700Z {"type":"select","target_tagname":"menulist","target_id":"proxyType","value":""}
INST ba090038881a0f38 2016-03-31T23:10:33.700Z {"type":"wizardnext","target_tagname":"wizard","target_id":"TorNetworkSettings"}
INST ba090038881a0f38 2016-03-31T23:10:33.700Z {"type":"pageshow","target_tagname":"wizardpage","target_id":"first"}
INST ba090038881a0f38 2016-03-31T23:10:33.800Z {"type":"load","target_id":"configuration"}
INST ba090038881a0f38 2016-03-31T23:10:33.800Z {"type":"select","target_tagname":"menulist","target_id":"defaultBridgeType","value":"obfs3"}
INST ba090038881a0f38 2016-03-31T23:10:45.100Z {"type":"click","target_tagname":"button","target_id":"connect_button","detail":1}
INST ba090038881a0f38 2016-03-31T23:10:45.200Z {"type":"load","target_id":"progress_bar"}
INST ba090038881a0f38 2016-03-31T23:11:46.200Z {"type":"progresschanged","target_tagname":"progressmeter","target_id":"progressMeter","value":"5"}
INST ba090038881a0f38 2016-03-31T23:12:20.200Z {"type":"click","target_tagname":"vbox","target_id":"","detail":1}
INST ba090038881a0f38 2016-03-31T23:13:43.400Z {"type":"dialogcancel","target_tagname":"dialog","target_id":"TorProgress"}
INST ba090038881a0f38 2016-03-31T23:13:43.500Z {"type":"command","target_tagname":"dialog","target_id":"TorProgress"}
INST ba090038881a0f38 2016-03-31T23:13:43.700Z {"type":"command","target_tagname":"button","target_id":"connect_button"}
INST ba090038881a0f38 2016-03-31T23:13:46.700Z {"type":"click","target_tagname":"button","target_id":"connect_button","detail":1}
INST ba090038881a0f38 2016-03-31T23:13:46.700Z {"type":"load","target_id":"progress_bar"}
INST ba090038881a0f38 2016-03-31T23:15:09.900Z {"type":"dialogcancel","target_tagname":"dialog","target_id":"TorProgress"}
INST ba090038881a0f38 2016-03-31T23:15:09.900Z {"type":"command","target_tagname":"dialog","target_id":"TorProgress"}
INST ba090038881a0f38 2016-03-31T23:15:10.000Z {"type":"command","target_tagname":"button","target_id":"connect_button"}
INST ba090038881a0f38 2016-03-31T23:15:22.500Z {"type":"click","target_tagname":"button","target_id":"connect_button","detail":1}
INST ba090038881a0f38 2016-03-31T23:15:22.500Z {"type":"load","target_id":"progress_bar"}
INST ba090038881a0f38 2016-03-31T23:15:22.900Z {"type":"click","target_tagname":"dialog","target_id":"TorProgress","detail":1}
INST ba090038881a0f38 2016-03-31T23:16:51.200Z {"type":"progresschanged","target_tagname":"progressmeter","target_id":"progressMeter","value":"5"}
INST ba090038881a0f38 2016-03-31T23:27:01.200Z {"type":"progresschanged","target_tagname":"progressmeter","target_id":"progressMeter","value":"5"}
INST ba090038881a0f38 2016-03-31T23:48:27.800Z {"type":"click","target_tagname":"dialog","target_id":"TorProgress","detail":1}
INST ba090038881a0f38 2016-03-31T23:48:27.800Z {"type":"dialogcancel","target_tagname":"dialog","target_id":"TorProgress"}
INST ba090038881a0f38 2016-03-31T23:48:27.800Z {"type":"command","target_tagname":"dialog","target_id":"TorProgress"}
INST ba090038881a0f38 2016-03-31T23:48:27.800Z {"type":"command","target_tagname":"button","target_id":"connect_button"}
INST ba090038881a0f38 2016-03-31T23:48:29.700Z {"type":"click","target_tagname":"button","target_id":"configure_button","detail":1}
INST ba090038881a0f38 2016-03-31T23:48:29.700Z {"type":"pagehide","target_tagname":"wizardpage","target_id":"first"}
INST ba090038881a0f38 2016-03-31T23:48:29.700Z {"type":"pageadvanced","target_tagname":"wizardpage","target_id":"first"}
INST ba090038881a0f38 2016-03-31T23:48:29.700Z {"type":"wizardnext","target_tagname":"wizard","target_id":"TorNetworkSettings"}
INST ba090038881a0f38 2016-03-31T23:48:29.700Z {"type":"pageshow","target_tagname":"wizardpage","target_id":"bridges"}
INST ba090038881a0f38 2016-03-31T23:48:29.700Z {"type":"command","target_tagname":"button","target_id":"configure_button"}
INST ba090038881a0f38 2016-03-31T23:48:48.800Z {"type":"click","target_tagname":"wizard","target_id":"TorNetworkSettings","detail":1}
INST ba090038881a0f38 2016-03-31T23:48:48.800Z {"type":"pagehide","target_tagname":"wizardpage","target_id":"bridges"}
INST ba090038881a0f38 2016-03-31T23:48:48.800Z {"type":"pageadvanced","target_tagname":"wizardpage","target_id":"bridges"}
INST ba090038881a0f38 2016-03-31T23:48:48.800Z {"type":"wizardnext","target_tagname":"wizard","target_id":"TorNetworkSettings"}
INST ba090038881a0f38 2016-03-31T23:48:48.800Z {"type":"pageshow","target_tagname":"wizardpage","target_id":"proxy"}
INST ba090038881a0f38 2016-03-31T23:48:48.800Z {"type":"command","target_tagname":"wizard","target_id":"TorNetworkSettings"}
INST ba090038881a0f38 2016-03-31T23:49:04.500Z {"type":"click","target_tagname":"wizard","target_id":"TorNetworkSettings","detail":1}
INST ba090038881a0f38 2016-03-31T23:49:04.500Z {"type":"wizardcancel","target_tagname":"wizard","target_id":"TorNetworkSettings"}
INST ba090038881a0f38 2016-03-31T23:49:04.500Z {"type":"command","target_tagname":"wizard","target_id":"TorNetworkSettings"}
INST ba090038881a0f38 2016-03-31T23:49:04.500Z {"type":"unload","target_id":"configuration"}
INST 1e53bd07a05b3474 2016-03-31T23:49:30.600Z {"type":"start"}
INST 1e53bd07a05b3474 2016-03-31T23:49:31.300Z {"type":"select","target_tagname":"menulist","target_id":"proxyType","value":""}
INST 1e53bd07a05b3474 2016-03-31T23:49:31.300Z {"type":"wizardnext","target_tagname":"wizard","target_id":"TorNetworkSettings"}
INST 1e53bd07a05b3474 2016-03-31T23:49:31.300Z {"type":"pageshow","target_tagname":"wizardpage","target_id":"first"}
INST 1e53bd07a05b3474 2016-03-31T23:49:31.300Z {"type":"load","target_id":"configuration"}
INST 1e53bd07a05b3474 2016-03-31T23:49:31.300Z {"type":"select","target_tagname":"menulist","target_id":"defaultBridgeType","value":"obfs3"}
INST 1e53bd07a05b3474 2016-03-31T23:50:29.900Z {"type":"click","target_tagname":"button","target_id":"connect_button","detail":1}
INST 1e53bd07a05b3474 2016-03-31T23:50:29.900Z {"type":"load","target_id":"progress_bar"}
INST 1e53bd07a05b3474 2016-03-31T23:50:30.100Z {"type":"progresschanged","target_tagname":"progressmeter","target_id":"progressMeter","value":"5"}
INST 1e53bd07a05b3474 2016-03-31T23:50:30.100Z {"type":"progresschanged","target_tagname":"progressmeter","target_id":"progressMeter","value":"5"}
INST 1e53bd07a05b3474 2016-03-31T23:50:30.100Z {"type":"progresschanged","target_tagname":"progressmeter","target_id":"progressMeter","value":"5"}
INST 1e53bd07a05b3474 2016-03-31T23:50:33.400Z {"type":"click","target_tagname":"dialog","target_id":"TorProgress","detail":1}
INST 1e53bd07a05b3474 2016-03-31T23:50:33.400Z {"type":"dialogcancel","target_tagname":"dialog","target_id":"TorProgress"}
INST 1e53bd07a05b3474 2016-03-31T23:50:33.400Z {"type":"command","target_tagname":"dialog","target_id":"TorProgress"}
INST 1e53bd07a05b3474 2016-03-31T23:50:33.400Z {"type":"command","target_tagname":"button","target_id":"connect_button"}
INST 1e53bd07a05b3474 2016-03-31T23:50:38.000Z {"type":"click","target_tagname":"button","target_id":"configure_button","detail":1}
INST 1e53bd07a05b3474 2016-03-31T23:50:38.000Z {"type":"pagehide","target_tagname":"wizardpage","target_id":"first"}
INST 1e53bd07a05b3474 2016-03-31T23:50:38.000Z {"type":"pageadvanced","target_tagname":"wizardpage","target_id":"first"}
INST 1e53bd07a05b3474 2016-03-31T23:50:38.000Z {"type":"wizardnext","target_tagname":"wizard","target_id":"TorNetworkSettings"}
INST 1e53bd07a05b3474 2016-03-31T23:50:38.000Z {"type":"pageshow","target_tagname":"wizardpage","target_id":"bridges"}
INST 1e53bd07a05b3474 2016-03-31T23:50:38.000Z {"type":"command","target_tagname":"button","target_id":"configure_button"}
INST 1e53bd07a05b3474 2016-03-31T23:50:41.100Z {"type":"click","target_tagname":"wizard","target_id":"TorNetworkSettings","detail":1}
INST 1e53bd07a05b3474 2016-03-31T23:50:41.100Z {"type":"pagehide","target_tagname":"wizardpage","target_id":"bridges"}
INST 1e53bd07a05b3474 2016-03-31T23:50:41.100Z {"type":"pageadvanced","target_tagname":"wizardpage","target_id":"bridges"}
INST 1e53bd07a05b3474 2016-03-31T23:50:41.100Z {"type":"wizardnext","target_tagname":"wizard","target_id":"TorNetworkSettings"}
INST 1e53bd07a05b3474 2016-03-31T23:50:41.100Z {"type":"pageshow","target_tagname":"wizardpage","target_id":"proxy"}
INST 1e53bd07a05b3474 2016-03-31T23:50:41.100Z {"type":"command","target_tagname":"wizard","target_id":"TorNetworkSettings"}
INST 1e53bd07a05b3474 2016-03-31T23:50:43.300Z {"type":"click","target_tagname":"wizard","target_id":"TorNetworkSettings","detail":1}
INST 1e53bd07a05b3474 2016-03-31T23:50:43.300Z {"type":"pagehide","target_tagname":"wizardpage","target_id":"proxy"}
INST 1e53bd07a05b3474 2016-03-31T23:50:43.300Z {"type":"pageadvanced","target_tagname":"wizardpage","target_id":"proxy"}
INST 1e53bd07a05b3474 2016-03-31T23:50:43.300Z {"type":"wizardfinish","target_tagname":"wizard","target_id":"TorNetworkSettings"}
INST 1e53bd07a05b3474 2016-03-31T23:50:43.400Z {"type":"load","target_id":"progress_bar"}
INST 1e53bd07a05b3474 2016-03-31T23:51:31.100Z {"type":"progresschanged","target_tagname":"progressmeter","target_id":"progressMeter","value":"5"}
INST 1e53bd07a05b3474 2016-03-31T23:56:36.100Z {"type":"progresschanged","target_tagname":"progressmeter","target_id":"progressMeter","value":"5"}
INST 1e53bd07a05b3474 2016-04-01T00:06:46.100Z {"type":"progresschanged","target_tagname":"progressmeter","target_id":"progressMeter","value":"5"}
