INST 481b941578f2899f 2016-03-23T21:11:45.500Z {"type":"start"}
INST 481b941578f2899f 2016-03-23T21:11:47.000Z {"type":"select","target_tagname":"menulist","target_id":"proxyType","value":""}
INST 481b941578f2899f 2016-03-23T21:11:47.000Z {"type":"wizardnext","target_tagname":"wizard","target_id":"TorNetworkSettings"}
INST 481b941578f2899f 2016-03-23T21:11:47.000Z {"type":"pageshow","target_tagname":"wizardpage","target_id":"first"}
INST 481b941578f2899f 2016-03-23T21:11:47.000Z {"type":"load","target_id":"configuration"}
INST 481b941578f2899f 2016-03-23T21:11:47.000Z {"type":"select","target_tagname":"menulist","target_id":"defaultBridgeType","value":"obfs3"}
INST 5aa7ec9303a3f8c1 2016-03-23T21:11:57.500Z {"type":"start"}
INST 5aa7ec9303a3f8c1 2016-03-23T21:11:58.200Z {"type":"select","target_tagname":"menulist","target_id":"proxyType","value":""}
INST 5aa7ec9303a3f8c1 2016-03-23T21:11:58.200Z {"type":"wizardnext","target_tagname":"wizard","target_id":"TorNetworkSettings"}
INST 5aa7ec9303a3f8c1 2016-03-23T21:11:58.200Z {"type":"pageshow","target_tagname":"wizardpage","target_id":"first"}
INST 5aa7ec9303a3f8c1 2016-03-23T21:11:58.200Z {"type":"load","target_id":"configuration"}
INST 5aa7ec9303a3f8c1 2016-03-23T21:11:58.200Z {"type":"select","target_tagname":"menulist","target_id":"defaultBridgeType","value":"obfs3"}
INST 5aa7ec9303a3f8c1 2016-03-23T21:12:03.600Z {"type":"click","target_tagname":"button","target_id":"connect_button","detail":1}
INST 5aa7ec9303a3f8c1 2016-03-23T21:12:03.700Z {"type":"load","target_id":"progress_bar"}
INST 5aa7ec9303a3f8c1 2016-03-23T21:12:04.100Z {"type":"progresschanged","target_tagname":"progressmeter","target_id":"progressMeter","value":"5"}
INST 5aa7ec9303a3f8c1 2016-03-23T21:12:04.100Z {"type":"progresschanged","target_tagname":"progressmeter","target_id":"progressMeter","value":"5"}
INST 5aa7ec9303a3f8c1 2016-03-23T21:12:04.100Z {"type":"progresschanged","target_tagname":"progressmeter","target_id":"progressMeter","value":"5"}
INST 5aa7ec9303a3f8c1 2016-03-23T21:12:06.200Z {"type":"click","target_tagname":"dialog","target_id":"TorProgress","detail":1}
INST 5aa7ec9303a3f8c1 2016-03-23T21:12:06.200Z {"type":"dialogcancel","target_tagname":"dialog","target_id":"TorProgress"}
INST 5aa7ec9303a3f8c1 2016-03-23T21:12:06.200Z {"type":"command","target_tagname":"dialog","target_id":"TorProgress"}
INST 5aa7ec9303a3f8c1 2016-03-23T21:12:06.200Z {"type":"command","target_tagname":"button","target_id":"connect_button"}
INST 5aa7ec9303a3f8c1 2016-03-23T21:12:07.200Z {"type":"click","target_tagname":"button","target_id":"configure_button","detail":1}
INST 5aa7ec9303a3f8c1 2016-03-23T21:12:07.200Z {"type":"pagehide","target_tagname":"wizardpage","target_id":"first"}
INST 5aa7ec9303a3f8c1 2016-03-23T21:12:07.200Z {"type":"pageadvanced","target_tagname":"wizardpage","target_id":"first"}
INST 5aa7ec9303a3f8c1 2016-03-23T21:12:07.200Z {"type":"wizardnext","target_tagname":"wizard","target_id":"TorNetworkSettings"}
INST 5aa7ec9303a3f8c1 2016-03-23T21:12:07.200Z {"type":"pageshow","target_tagname":"wizardpage","target_id":"bridges"}
INST 5aa7ec9303a3f8c1 2016-03-23T21:12:07.200Z {"type":"command","target_tagname":"button","target_id":"configure_button"}
INST 5aa7ec9303a3f8c1 2016-03-23T21:12:09.900Z {"type":"click","target_tagname":"radio","target_id":"bridgesRadioYes","detail":1}
INST 5aa7ec9303a3f8c1 2016-03-23T21:12:09.900Z {"type":"command","target_tagname":"radio","target_id":"bridgesRadioYes"}
INST 5aa7ec9303a3f8c1 2016-03-23T21:12:11.700Z {"type":"click","target_tagname":"wizard","target_id":"TorNetworkSettings","detail":1}
INST 5aa7ec9303a3f8c1 2016-03-23T21:12:11.700Z {"type":"pagehide","target_tagname":"wizardpage","target_id":"bridges"}
INST 5aa7ec9303a3f8c1 2016-03-23T21:12:11.700Z {"type":"pageadvanced","target_tagname":"wizardpage","target_id":"bridges"}
INST 5aa7ec9303a3f8c1 2016-03-23T21:12:11.700Z {"type":"wizardnext","target_tagname":"wizard","target_id":"TorNetworkSettings"}
INST 5aa7ec9303a3f8c1 2016-03-23T21:12:11.700Z {"type":"pageshow","target_tagname":"wizardpage","target_id":"bridgeSettings"}
INST 5aa7ec9303a3f8c1 2016-03-23T21:12:11.700Z {"type":"command","target_tagname":"wizard","target_id":"TorNetworkSettings"}
INST 5aa7ec9303a3f8c1 2016-03-23T21:12:13.700Z {"type":"click","target_tagname":"wizard","target_id":"TorNetworkSettings","detail":1}
INST 5aa7ec9303a3f8c1 2016-03-23T21:12:13.700Z {"type":"pagehide","target_tagname":"wizardpage","target_id":"bridgeSettings"}
INST 5aa7ec9303a3f8c1 2016-03-23T21:12:13.700Z {"type":"pageadvanced","target_tagname":"wizardpage","target_id":"bridgeSettings"}
INST 5aa7ec9303a3f8c1 2016-03-23T21:12:13.700Z {"type":"wizardnext","target_tagname":"wizard","target_id":"TorNetworkSettings"}
INST 5aa7ec9303a3f8c1 2016-03-23T21:12:13.700Z {"type":"pageshow","target_tagname":"wizardpage","target_id":"proxy"}
INST 5aa7ec9303a3f8c1 2016-03-23T21:12:13.700Z {"type":"command","target_tagname":"wizard","target_id":"TorNetworkSettings"}
INST 5aa7ec9303a3f8c1 2016-03-23T21:12:15.200Z {"type":"click","target_tagname":"wizard","target_id":"TorNetworkSettings","detail":1}
INST 5aa7ec9303a3f8c1 2016-03-23T21:12:15.200Z {"type":"pagehide","target_tagname":"wizardpage","target_id":"proxy"}
INST 5aa7ec9303a3f8c1 2016-03-23T21:12:15.200Z {"type":"pageadvanced","target_tagname":"wizardpage","target_id":"proxy"}
INST 5aa7ec9303a3f8c1 2016-03-23T21:12:15.200Z {"type":"wizardfinish","target_tagname":"wizard","target_id":"TorNetworkSettings"}
INST 5aa7ec9303a3f8c1 2016-03-23T21:12:15.300Z {"type":"load","target_id":"progress_bar"}
INST 5aa7ec9303a3f8c1 2016-03-23T21:12:18.600Z {"type":"click","target_tagname":"dialog","target_id":"TorProgress","detail":1}
INST 5aa7ec9303a3f8c1 2016-03-23T21:12:18.600Z {"type":"dialogcancel","target_tagname":"dialog","target_id":"TorProgress"}
INST 5aa7ec9303a3f8c1 2016-03-23T21:12:18.600Z {"type":"command","target_tagname":"dialog","target_id":"TorProgress"}
INST 5aa7ec9303a3f8c1 2016-03-23T21:12:18.600Z {"type":"command","target_tagname":"wizard","target_id":"TorNetworkSettings"}
INST 5aa7ec9303a3f8c1 2016-03-23T21:12:20.900Z {"type":"click","target_tagname":"wizard","target_id":"TorNetworkSettings","detail":1}
INST 5aa7ec9303a3f8c1 2016-03-23T21:12:20.900Z {"type":"pagehide","target_tagname":"wizardpage","target_id":"proxy"}
INST 5aa7ec9303a3f8c1 2016-03-23T21:12:20.900Z {"type":"pagerewound","target_tagname":"wizardpage","target_id":"proxy"}
INST 5aa7ec9303a3f8c1 2016-03-23T21:12:20.900Z {"type":"wizardback","target_tagname":"wizard","target_id":"TorNetworkSettings"}
INST 5aa7ec9303a3f8c1 2016-03-23T21:12:20.900Z {"type":"pageshow","target_tagname":"wizardpage","target_id":"bridgeSettings"}
INST 5aa7ec9303a3f8c1 2016-03-23T21:12:20.900Z {"type":"command","target_tagname":"wizard","target_id":"TorNetworkSettings"}
INST 5aa7ec9303a3f8c1 2016-03-23T21:12:21.400Z {"type":"click","target_tagname":"wizard","target_id":"TorNetworkSettings","detail":2}
INST 5aa7ec9303a3f8c1 2016-03-23T21:12:21.400Z {"type":"pagehide","target_tagname":"wizardpage","target_id":"bridgeSettings"}
INST 5aa7ec9303a3f8c1 2016-03-23T21:12:21.400Z {"type":"pagerewound","target_tagname":"wizardpage","target_id":"bridgeSettings"}
INST 5aa7ec9303a3f8c1 2016-03-23T21:12:21.400Z {"type":"wizardback","target_tagname":"wizard","target_id":"TorNetworkSettings"}
INST 5aa7ec9303a3f8c1 2016-03-23T21:12:21.400Z {"type":"pageshow","target_tagname":"wizardpage","target_id":"bridges"}
INST 5aa7ec9303a3f8c1 2016-03-23T21:12:21.400Z {"type":"command","target_tagname":"wizard","target_id":"TorNetworkSettings"}
INST 5aa7ec9303a3f8c1 2016-03-23T21:12:22.000Z {"type":"click","target_tagname":"wizard","target_id":"TorNetworkSettings","detail":1}
INST 5aa7ec9303a3f8c1 2016-03-23T21:12:22.000Z {"type":"pagehide","target_tagname":"wizardpage","target_id":"bridges"}
INST 5aa7ec9303a3f8c1 2016-03-23T21:12:22.000Z {"type":"pagerewound","target_tagname":"wizardpage","target_id":"bridges"}
INST 5aa7ec9303a3f8c1 2016-03-23T21:12:22.000Z {"type":"wizardback","target_tagname":"wizard","target_id":"TorNetworkSettings"}
INST 5aa7ec9303a3f8c1 2016-03-23T21:12:22.000Z {"type":"pageshow","target_tagname":"wizardpage","target_id":"first"}
INST 5aa7ec9303a3f8c1 2016-03-23T21:12:22.000Z {"type":"command","target_tagname":"wizard","target_id":"TorNetworkSettings"}
INST 5aa7ec9303a3f8c1 2016-03-23T21:12:23.500Z {"type":"click","target_tagname":"button","target_id":"connect_button","detail":1}
INST 5aa7ec9303a3f8c1 2016-03-23T21:12:23.500Z {"type":"load","target_id":"progress_bar"}
INST 5aa7ec9303a3f8c1 2016-03-23T21:12:30.100Z {"type":"progresschanged","target_tagname":"progressmeter","target_id":"progressMeter","value":"10"}
INST 5aa7ec9303a3f8c1 2016-03-23T21:12:31.100Z {"type":"progresschanged","target_tagname":"progressmeter","target_id":"progressMeter","value":"15"}
INST 5aa7ec9303a3f8c1 2016-03-23T21:12:31.300Z {"type":"progresschanged","target_tagname":"progressmeter","target_id":"progressMeter","value":"20"}
INST 5aa7ec9303a3f8c1 2016-03-23T21:12:31.900Z {"type":"progresschanged","target_tagname":"progressmeter","target_id":"progressMeter","value":"25"}
INST 5aa7ec9303a3f8c1 2016-03-23T21:12:33.600Z {"type":"progresschanged","target_tagname":"progressmeter","target_id":"progressMeter","value":"40"}
INST 5aa7ec9303a3f8c1 2016-03-23T21:12:34.000Z {"type":"progresschanged","target_tagname":"progressmeter","target_id":"progressMeter","value":"45"}
INST 5aa7ec9303a3f8c1 2016-03-23T21:12:34.300Z {"type":"progresschanged","target_tagname":"progressmeter","target_id":"progressMeter","value":"50"}
INST 5aa7ec9303a3f8c1 2016-03-23T21:12:34.800Z {"type":"progresschanged","target_tagname":"progressmeter","target_id":"progressMeter","value":"50"}
INST 5aa7ec9303a3f8c1 2016-03-23T21:12:34.900Z {"type":"progresschanged","target_tagname":"progressmeter","target_id":"progressMeter","value":"50"}
INST 5aa7ec9303a3f8c1 2016-03-23T21:12:35.300Z {"type":"progresschanged","target_tagname":"progressmeter","target_id":"progressMeter","value":"55"}
INST 5aa7ec9303a3f8c1 2016-03-23T21:12:35.400Z {"type":"progresschanged","target_tagname":"progressmeter","target_id":"progressMeter","value":"55"}
INST 5aa7ec9303a3f8c1 2016-03-23T21:12:35.600Z {"type":"progresschanged","target_tagname":"progressmeter","target_id":"progressMeter","value":"62"}
INST 5aa7ec9303a3f8c1 2016-03-23T21:12:35.700Z {"type":"progresschanged","target_tagname":"progressmeter","target_id":"progressMeter","value":"67"}
INST 5aa7ec9303a3f8c1 2016-03-23T21:12:36.700Z {"type":"progresschanged","target_tagname":"progressmeter","target_id":"progressMeter","value":"72"}
INST 5aa7ec9303a3f8c1 2016-03-23T21:12:37.100Z {"type":"progresschanged","target_tagname":"progressmeter","target_id":"progressMeter","value":"80"}
INST 5aa7ec9303a3f8c1 2016-03-23T21:12:37.100Z {"type":"progresschanged","target_tagname":"progressmeter","target_id":"progressMeter","value":"90"}
INST 5aa7ec9303a3f8c1 2016-03-23T21:12:43.000Z {"type":"progresschanged","target_tagname":"progressmeter","target_id":"progressMeter","value":"100"}
INST 5aa7ec9303a3f8c1 2016-03-23T21:12:43.200Z {"type":"unload","target_id":"progress_bar"}
INST 5aa7ec9303a3f8c1 2016-03-23T21:12:43.200Z {"type":"command","target_tagname":"button","target_id":"connect_button"}
INST 5aa7ec9303a3f8c1 2016-03-23T21:12:43.200Z {"type":"unload","target_id":"configuration"}
