INST c982909802d2e6ef 2016-03-31T23:09:53.000Z {"type":"start"}
INST c982909802d2e6ef 2016-03-31T23:09:54.000Z {"type":"select","target_tagname":"menulist","target_id":"proxyType","value":""}
INST c982909802d2e6ef 2016-03-31T23:09:54.000Z {"type":"wizardnext","target_tagname":"wizard","target_id":"TorNetworkSettings"}
INST c982909802d2e6ef 2016-03-31T23:09:54.000Z {"type":"pageshow","target_tagname":"wizardpage","target_id":"first"}
INST c982909802d2e6ef 2016-03-31T23:09:54.000Z {"type":"load","target_id":"configuration"}
INST c982909802d2e6ef 2016-03-31T23:09:54.000Z {"type":"select","target_tagname":"menulist","target_id":"defaultBridgeType","value":"obfs3"}
INST c982909802d2e6ef 2016-03-31T23:10:01.400Z {"type":"click","target_tagname":"button","target_id":"connect_button","detail":1}
INST c982909802d2e6ef 2016-03-31T23:10:01.500Z {"type":"load","target_id":"progress_bar"}
INST c982909802d2e6ef 2016-03-31T23:10:01.600Z {"type":"progresschanged","target_tagname":"progressmeter","target_id":"progressMeter","value":"5"}
INST c982909802d2e6ef 2016-03-31T23:10:01.600Z {"type":"progresschanged","target_tagname":"progressmeter","target_id":"progressMeter","value":"5"}
INST c982909802d2e6ef 2016-03-31T23:10:01.600Z {"type":"progresschanged","target_tagname":"progressmeter","target_id":"progressMeter","value":"5"}
INST c982909802d2e6ef 2016-03-31T23:11:02.600Z {"type":"progresschanged","target_tagname":"progressmeter","target_id":"progressMeter","value":"5"}
INST c982909802d2e6ef 2016-03-31T23:11:35.000Z {"type":"click","target_tagname":"dialog","target_id":"TorProgress","detail":1}
INST c982909802d2e6ef 2016-03-31T23:11:35.000Z {"type":"dialogcancel","target_tagname":"dialog","target_id":"TorProgress"}
INST c982909802d2e6ef 2016-03-31T23:11:35.000Z {"type":"command","target_tagname":"dialog","target_id":"TorProgress"}
INST c982909802d2e6ef 2016-03-31T23:11:35.100Z {"type":"command","target_tagname":"button","target_id":"connect_button"}
INST c982909802d2e6ef 2016-03-31T23:11:41.700Z {"type":"click","target_tagname":"button","target_id":"configure_button","detail":1}
INST c982909802d2e6ef 2016-03-31T23:11:41.700Z {"type":"pagehide","target_tagname":"wizardpage","target_id":"first"}
INST c982909802d2e6ef 2016-03-31T23:11:41.700Z {"type":"pageadvanced","target_tagname":"wizardpage","target_id":"first"}
INST c982909802d2e6ef 2016-03-31T23:11:41.700Z {"type":"wizardnext","target_tagname":"wizard","target_id":"TorNetworkSettings"}
INST c982909802d2e6ef 2016-03-31T23:11:41.700Z {"type":"pageshow","target_tagname":"wizardpage","target_id":"bridges"}
INST c982909802d2e6ef 2016-03-31T23:11:41.700Z {"type":"command","target_tagname":"button","target_id":"configure_button"}
INST c982909802d2e6ef 2016-03-31T23:11:46.500Z {"type":"click","target_tagname":"radio","target_id":"bridgesRadioYes","detail":1}
INST c982909802d2e6ef 2016-03-31T23:11:46.500Z {"type":"command","target_tagname":"radio","target_id":"bridgesRadioYes"}
INST c982909802d2e6ef 2016-03-31T23:11:48.200Z {"type":"click","target_tagname":"wizard","target_id":"TorNetworkSettings","detail":1}
INST c982909802d2e6ef 2016-03-31T23:11:48.200Z {"type":"pagehide","target_tagname":"wizardpage","target_id":"bridges"}
INST c982909802d2e6ef 2016-03-31T23:11:48.200Z {"type":"pageadvanced","target_tagname":"wizardpage","target_id":"bridges"}
INST c982909802d2e6ef 2016-03-31T23:11:48.200Z {"type":"wizardnext","target_tagname":"wizard","target_id":"TorNetworkSettings"}
INST c982909802d2e6ef 2016-03-31T23:11:48.300Z {"type":"pageshow","target_tagname":"wizardpage","target_id":"bridgeSettings"}
INST c982909802d2e6ef 2016-03-31T23:11:48.300Z {"type":"command","target_tagname":"wizard","target_id":"TorNetworkSettings"}
INST c982909802d2e6ef 2016-03-31T23:11:58.600Z {"type":"popupshown","target_tagname":"menupopup","target_id":"defaultBridgeType_menuPopup"}
INST c982909802d2e6ef 2016-03-31T23:11:58.600Z {"type":"click","target_tagname":"menulist","target_id":"defaultBridgeType","value":"obfs3","detail":1}
INST c982909802d2e6ef 2016-03-31T23:12:00.100Z {"type":"mouseover","target_tagname":"menuitem","target_id":"","value":"flashproxy"}
INST c982909802d2e6ef 2016-03-31T23:12:00.200Z {"type":"mouseout","target_tagname":"menuitem","target_id":"","value":"flashproxy"}
INST c982909802d2e6ef 2016-03-31T23:12:00.200Z {"type":"mouseover","target_tagname":"menuitem","target_id":"","value":"fte"}
INST c982909802d2e6ef 2016-03-31T23:12:00.200Z {"type":"mouseout","target_tagname":"menuitem","target_id":"","value":"fte"}
INST c982909802d2e6ef 2016-03-31T23:12:00.200Z {"type":"mouseover","target_tagname":"menuitem","target_id":"","value":"fte-ipv6"}
INST c982909802d2e6ef 2016-03-31T23:12:00.400Z {"type":"mouseout","target_tagname":"menuitem","target_id":"","value":"fte-ipv6"}
INST c982909802d2e6ef 2016-03-31T23:12:00.400Z {"type":"mouseover","target_tagname":"menuitem","target_id":"","value":"meek-amazon"}
INST c982909802d2e6ef 2016-03-31T23:12:00.600Z {"type":"mouseout","target_tagname":"menuitem","target_id":"","value":"meek-amazon"}
INST c982909802d2e6ef 2016-03-31T23:12:00.600Z {"type":"mouseover","target_tagname":"menuitem","target_id":"","value":"meek-azure"}
INST c982909802d2e6ef 2016-03-31T23:12:01.000Z {"type":"mouseout","target_tagname":"menuitem","target_id":"","value":"meek-azure"}
INST c982909802d2e6ef 2016-03-31T23:12:01.400Z {"type":"mouseover","target_tagname":"menuitem","target_id":"","value":"fte"}
INST c982909802d2e6ef 2016-03-31T23:12:01.400Z {"type":"mouseout","target_tagname":"menuitem","target_id":"","value":"fte"}
INST c982909802d2e6ef 2016-03-31T23:12:01.400Z {"type":"mouseover","target_tagname":"menuitem","target_id":"","value":"fte-ipv6"}
INST c982909802d2e6ef 2016-03-31T23:12:01.500Z {"type":"mouseout","target_tagname":"menuitem","target_id":"","value":"fte-ipv6"}
INST c982909802d2e6ef 2016-03-31T23:12:04.000Z {"type":"popuphidden","target_tagname":"menupopup","target_id":"defaultBridgeType_menuPopup"}
INST c982909802d2e6ef 2016-03-31T23:12:06.400Z {"type":"click","target_tagname":"wizard","target_id":"TorNetworkSettings","detail":1}
INST c982909802d2e6ef 2016-03-31T23:12:06.400Z {"type":"pagehide","target_tagname":"wizardpage","target_id":"bridgeSettings"}
INST c982909802d2e6ef 2016-03-31T23:12:06.400Z {"type":"pageadvanced","target_tagname":"wizardpage","target_id":"bridgeSettings"}
INST c982909802d2e6ef 2016-03-31T23:12:06.400Z {"type":"wizardnext","target_tagname":"wizard","target_id":"TorNetworkSettings"}
INST c982909802d2e6ef 2016-03-31T23:12:06.400Z {"type":"pageshow","target_tagname":"wizardpage","target_id":"proxy"}
INST c982909802d2e6ef 2016-03-31T23:12:06.400Z {"type":"command","target_tagname":"wizard","target_id":"TorNetworkSettings"}
INST c982909802d2e6ef 2016-03-31T23:12:21.900Z {"type":"wizardcancel","target_tagname":"wizard","target_id":"TorNetworkSettings"}
INST c982909802d2e6ef 2016-03-31T23:12:21.900Z {"type":"unload","target_id":"configuration"}
INST 06f93527107855f4 2016-03-31T23:12:28.000Z {"type":"start"}
INST 06f93527107855f4 2016-03-31T23:12:28.700Z {"type":"select","target_tagname":"menulist","target_id":"proxyType","value":""}
INST 06f93527107855f4 2016-03-31T23:12:28.700Z {"type":"wizardnext","target_tagname":"wizard","target_id":"TorNetworkSettings"}
INST 06f93527107855f4 2016-03-31T23:12:28.700Z {"type":"pageshow","target_tagname":"wizardpage","target_id":"first"}
INST 06f93527107855f4 2016-03-31T23:12:28.700Z {"type":"load","target_id":"configuration"}
INST 06f93527107855f4 2016-03-31T23:12:28.800Z {"type":"select","target_tagname":"menulist","target_id":"defaultBridgeType","value":"obfs3"}
INST 06f93527107855f4 2016-03-31T23:12:30.600Z {"type":"click","target_tagname":"button","target_id":"connect_button","detail":1}
INST 06f93527107855f4 2016-03-31T23:12:30.600Z {"type":"load","target_id":"progress_bar"}
INST 06f93527107855f4 2016-03-31T23:12:31.500Z {"type":"progresschanged","target_tagname":"progressmeter","target_id":"progressMeter","value":"5"}
INST 06f93527107855f4 2016-03-31T23:12:31.500Z {"type":"progresschanged","target_tagname":"progressmeter","target_id":"progressMeter","value":"5"}
INST 06f93527107855f4 2016-03-31T23:12:31.500Z {"type":"progresschanged","target_tagname":"progressmeter","target_id":"progressMeter","value":"5"}
INST 06f93527107855f4 2016-03-31T23:12:46.700Z {"type":"click","target_tagname":"dialog","target_id":"TorProgress","detail":1}
INST 06f93527107855f4 2016-03-31T23:12:46.700Z {"type":"dialogcancel","target_tagname":"dialog","target_id":"TorProgress"}
INST 06f93527107855f4 2016-03-31T23:12:46.700Z {"type":"command","target_tagname":"dialog","target_id":"TorProgress"}
INST 06f93527107855f4 2016-03-31T23:12:46.700Z {"type":"command","target_tagname":"button","target_id":"connect_button"}
INST 06f93527107855f4 2016-03-31T23:12:47.600Z {"type":"click","target_tagname":"button","target_id":"configure_button","detail":1}
INST 06f93527107855f4 2016-03-31T23:12:47.600Z {"type":"pagehide","target_tagname":"wizardpage","target_id":"first"}
INST 06f93527107855f4 2016-03-31T23:12:47.600Z {"type":"pageadvanced","target_tagname":"wizardpage","target_id":"first"}
INST 06f93527107855f4 2016-03-31T23:12:47.600Z {"type":"wizardnext","target_tagname":"wizard","target_id":"TorNetworkSettings"}
INST 06f93527107855f4 2016-03-31T23:12:47.600Z {"type":"pageshow","target_tagname":"wizardpage","target_id":"bridges"}
INST 06f93527107855f4 2016-03-31T23:12:47.600Z {"type":"command","target_tagname":"button","target_id":"configure_button"}
INST 06f93527107855f4 2016-03-31T23:12:52.400Z {"type":"click","target_tagname":"radio","target_id":"bridgesRadioYes","detail":1}
INST 06f93527107855f4 2016-03-31T23:12:52.400Z {"type":"command","target_tagname":"radio","target_id":"bridgesRadioYes"}
INST 06f93527107855f4 2016-03-31T23:12:54.000Z {"type":"click","target_tagname":"wizard","target_id":"TorNetworkSettings","detail":1}
INST 06f93527107855f4 2016-03-31T23:12:54.100Z {"type":"pagehide","target_tagname":"wizardpage","target_id":"bridges"}
INST 06f93527107855f4 2016-03-31T23:12:54.100Z {"type":"pageadvanced","target_tagname":"wizardpage","target_id":"bridges"}
INST 06f93527107855f4 2016-03-31T23:12:54.100Z {"type":"wizardnext","target_tagname":"wizard","target_id":"TorNetworkSettings"}
INST 06f93527107855f4 2016-03-31T23:12:54.100Z {"type":"pageshow","target_tagname":"wizardpage","target_id":"bridgeSettings"}
INST 06f93527107855f4 2016-03-31T23:12:54.100Z {"type":"command","target_tagname":"wizard","target_id":"TorNetworkSettings"}
INST 06f93527107855f4 2016-03-31T23:12:58.400Z {"type":"click","target_tagname":"wizard","target_id":"TorNetworkSettings","detail":1}
INST 06f93527107855f4 2016-03-31T23:12:58.400Z {"type":"pagehide","target_tagname":"wizardpage","target_id":"bridgeSettings"}
INST 06f93527107855f4 2016-03-31T23:12:58.400Z {"type":"pageadvanced","target_tagname":"wizardpage","target_id":"bridgeSettings"}
INST 06f93527107855f4 2016-03-31T23:12:58.400Z {"type":"wizardnext","target_tagname":"wizard","target_id":"TorNetworkSettings"}
INST 06f93527107855f4 2016-03-31T23:12:58.400Z {"type":"pageshow","target_tagname":"wizardpage","target_id":"proxy"}
INST 06f93527107855f4 2016-03-31T23:12:58.400Z {"type":"command","target_tagname":"wizard","target_id":"TorNetworkSettings"}
INST 06f93527107855f4 2016-03-31T23:14:34.300Z {"type":"click","target_tagname":"wizardpage","target_id":"proxy","detail":1}
INST 06f93527107855f4 2016-03-31T23:14:37.300Z {"type":"click","target_tagname":"wizard","target_id":"TorNetworkSettings","detail":1}
INST 06f93527107855f4 2016-03-31T23:14:37.300Z {"type":"pagehide","target_tagname":"wizardpage","target_id":"proxy"}
INST 06f93527107855f4 2016-03-31T23:14:37.300Z {"type":"pageadvanced","target_tagname":"wizardpage","target_id":"proxy"}
INST 06f93527107855f4 2016-03-31T23:14:37.300Z {"type":"wizardfinish","target_tagname":"wizard","target_id":"TorNetworkSettings"}
INST 06f93527107855f4 2016-03-31T23:14:37.400Z {"type":"load","target_id":"progress_bar"}
INST 06f93527107855f4 2016-03-31T23:14:43.500Z {"type":"progresschanged","target_tagname":"progressmeter","target_id":"progressMeter","value":"10"}
INST 06f93527107855f4 2016-03-31T23:14:44.600Z {"type":"progresschanged","target_tagname":"progressmeter","target_id":"progressMeter","value":"15"}
INST 06f93527107855f4 2016-03-31T23:14:44.800Z {"type":"progresschanged","target_tagname":"progressmeter","target_id":"progressMeter","value":"20"}
INST 06f93527107855f4 2016-03-31T23:14:45.400Z {"type":"progresschanged","target_tagname":"progressmeter","target_id":"progressMeter","value":"25"}
INST 06f93527107855f4 2016-03-31T23:14:47.100Z {"type":"progresschanged","target_tagname":"progressmeter","target_id":"progressMeter","value":"40"}
INST 06f93527107855f4 2016-03-31T23:14:47.500Z {"type":"progresschanged","target_tagname":"progressmeter","target_id":"progressMeter","value":"45"}
INST 06f93527107855f4 2016-03-31T23:14:47.800Z {"type":"progresschanged","target_tagname":"progressmeter","target_id":"progressMeter","value":"50"}
INST 06f93527107855f4 2016-03-31T23:14:48.700Z {"type":"progresschanged","target_tagname":"progressmeter","target_id":"progressMeter","value":"50"}
INST 06f93527107855f4 2016-03-31T23:14:48.700Z {"type":"progresschanged","target_tagname":"progressmeter","target_id":"progressMeter","value":"50"}
INST 06f93527107855f4 2016-03-31T23:14:48.900Z {"type":"progresschanged","target_tagname":"progressmeter","target_id":"progressMeter","value":"50"}
INST 06f93527107855f4 2016-03-31T23:14:49.100Z {"type":"progresschanged","target_tagname":"progressmeter","target_id":"progressMeter","value":"55"}
INST 06f93527107855f4 2016-03-31T23:14:49.800Z {"type":"progresschanged","target_tagname":"progressmeter","target_id":"progressMeter","value":"55"}
INST 06f93527107855f4 2016-03-31T23:14:49.800Z {"type":"progresschanged","target_tagname":"progressmeter","target_id":"progressMeter","value":"61"}
INST 06f93527107855f4 2016-03-31T23:14:50.000Z {"type":"progresschanged","target_tagname":"progressmeter","target_id":"progressMeter","value":"65"}
INST 06f93527107855f4 2016-03-31T23:14:50.000Z {"type":"progresschanged","target_tagname":"progressmeter","target_id":"progressMeter","value":"71"}
INST 06f93527107855f4 2016-03-31T23:14:50.500Z {"type":"progresschanged","target_tagname":"progressmeter","target_id":"progressMeter","value":"80"}
INST 06f93527107855f4 2016-03-31T23:14:50.500Z {"type":"progresschanged","target_tagname":"progressmeter","target_id":"progressMeter","value":"90"}
INST 06f93527107855f4 2016-03-31T23:14:53.100Z {"type":"progresschanged","target_tagname":"progressmeter","target_id":"progressMeter","value":"100"}
INST 06f93527107855f4 2016-03-31T23:14:53.400Z {"type":"unload","target_id":"progress_bar"}
INST 06f93527107855f4 2016-03-31T23:14:53.400Z {"type":"command","target_tagname":"wizard","target_id":"TorNetworkSettings"}
INST 06f93527107855f4 2016-03-31T23:14:53.400Z {"type":"unload","target_id":"configuration"}
