INST 7d94fb4a3c8d7785 2016-03-30T23:41:33.500Z {"type":"start"}
INST 7d94fb4a3c8d7785 2016-03-30T23:41:34.500Z {"type":"select","target_tagname":"menulist","target_id":"proxyType","value":""}
INST 7d94fb4a3c8d7785 2016-03-30T23:41:34.500Z {"type":"wizardnext","target_tagname":"wizard","target_id":"TorNetworkSettings"}
INST 7d94fb4a3c8d7785 2016-03-30T23:41:34.500Z {"type":"pageshow","target_tagname":"wizardpage","target_id":"first"}
INST 7d94fb4a3c8d7785 2016-03-30T23:41:34.500Z {"type":"load","target_id":"configuration"}
INST 7d94fb4a3c8d7785 2016-03-30T23:41:34.500Z {"type":"select","target_tagname":"menulist","target_id":"defaultBridgeType","value":"obfs3"}
INST 7d94fb4a3c8d7785 2016-03-30T23:41:41.900Z {"type":"click","target_tagname":"button","target_id":"connect_button","detail":1}
INST 7d94fb4a3c8d7785 2016-03-30T23:41:42.000Z {"type":"pagehide","target_tagname":"wizardpage","target_id":"first"}
INST 7d94fb4a3c8d7785 2016-03-30T23:41:42.000Z {"type":"pageadvanced","target_tagname":"wizardpage","target_id":"first"}
INST 7d94fb4a3c8d7785 2016-03-30T23:41:42.000Z {"type":"wizardnext","target_tagname":"wizard","target_id":"TorNetworkSettings"}
INST 7d94fb4a3c8d7785 2016-03-30T23:41:42.000Z {"type":"pageshow","target_tagname":"wizardpage","target_id":"inlineprogress"}
INST 7d94fb4a3c8d7785 2016-03-30T23:41:42.000Z {"type":"command","target_tagname":"button","target_id":"connect_button"}
INST 7d94fb4a3c8d7785 2016-03-30T23:41:42.100Z {"type":"progresschanged","target_tagname":"progressmeter","target_id":"progressMeter","value":5}
INST 7d94fb4a3c8d7785 2016-03-30T23:41:42.100Z {"type":"good","target_tagname":"image","target_id":"progressbar","configurationSettings":"nobridge-noproxy","number":1}
INST 7d94fb4a3c8d7785 2016-03-30T23:41:42.100Z {"type":"progresschanged","target_tagname":"progressmeter","target_id":"progressMeter","value":5}
INST 7d94fb4a3c8d7785 2016-03-30T23:41:42.100Z {"type":"good","target_tagname":"image","target_id":"progressbar","configurationSettings":"nobridge-noproxy","number":1}
INST 7d94fb4a3c8d7785 2016-03-30T23:41:42.100Z {"type":"progresschanged","target_tagname":"progressmeter","target_id":"progressMeter","value":5}
INST 7d94fb4a3c8d7785 2016-03-30T23:41:42.100Z {"type":"good","target_tagname":"image","target_id":"progressbar","configurationSettings":"nobridge-noproxy","number":1}
INST 7d94fb4a3c8d7785 2016-03-30T23:42:43.100Z {"type":"progresschanged","target_tagname":"progressmeter","target_id":"progressMeter","value":5}
INST 7d94fb4a3c8d7785 2016-03-30T23:42:43.100Z {"type":"good","target_tagname":"image","target_id":"progressbar","configurationSettings":"nobridge-noproxy","number":1}
INST 7d94fb4a3c8d7785 2016-03-30T23:43:25.900Z {"type":"click","target_tagname":"wizard","target_id":"TorNetworkSettings","detail":1}
INST 7d94fb4a3c8d7785 2016-03-30T23:43:26.400Z {"type":"click","target_tagname":"wizard","target_id":"TorNetworkSettings","detail":1}
INST 7d94fb4a3c8d7785 2016-03-30T23:43:26.400Z {"type":"wizardcancel","target_tagname":"wizard","target_id":"TorNetworkSettings"}
INST 7d94fb4a3c8d7785 2016-03-30T23:43:26.400Z {"type":"command","target_tagname":"wizard","target_id":"TorNetworkSettings"}
INST 7d94fb4a3c8d7785 2016-03-30T23:43:26.400Z {"type":"unload","target_id":"configuration"}
INST da3981d41baa952c 2016-03-30T23:43:28.600Z {"type":"start"}
INST da3981d41baa952c 2016-03-30T23:43:29.300Z {"type":"select","target_tagname":"menulist","target_id":"proxyType","value":""}
INST da3981d41baa952c 2016-03-30T23:43:29.400Z {"type":"wizardnext","target_tagname":"wizard","target_id":"TorNetworkSettings"}
INST da3981d41baa952c 2016-03-30T23:43:29.400Z {"type":"pageshow","target_tagname":"wizardpage","target_id":"first"}
INST da3981d41baa952c 2016-03-30T23:43:29.400Z {"type":"load","target_id":"configuration"}
INST da3981d41baa952c 2016-03-30T23:43:29.400Z {"type":"select","target_tagname":"menulist","target_id":"defaultBridgeType","value":"obfs3"}
INST da3981d41baa952c 2016-03-30T23:43:34.400Z {"type":"click","target_tagname":"button","target_id":"configure_button","detail":1}
INST da3981d41baa952c 2016-03-30T23:43:34.400Z {"type":"pagehide","target_tagname":"wizardpage","target_id":"first"}
INST da3981d41baa952c 2016-03-30T23:43:34.400Z {"type":"pageadvanced","target_tagname":"wizardpage","target_id":"first"}
INST da3981d41baa952c 2016-03-30T23:43:34.400Z {"type":"wizardnext","target_tagname":"wizard","target_id":"TorNetworkSettings"}
INST da3981d41baa952c 2016-03-30T23:43:34.400Z {"type":"pageshow","target_tagname":"wizardpage","target_id":"proxy"}
INST da3981d41baa952c 2016-03-30T23:43:34.400Z {"type":"command","target_tagname":"button","target_id":"configure_button"}
INST da3981d41baa952c 2016-03-30T23:43:37.600Z {"type":"click","target_tagname":"wizard","target_id":"TorNetworkSettings","detail":1}
INST da3981d41baa952c 2016-03-30T23:43:37.600Z {"type":"pagehide","target_tagname":"wizardpage","target_id":"proxy"}
INST da3981d41baa952c 2016-03-30T23:43:37.600Z {"type":"pageadvanced","target_tagname":"wizardpage","target_id":"proxy"}
INST da3981d41baa952c 2016-03-30T23:43:37.600Z {"type":"wizardnext","target_tagname":"wizard","target_id":"TorNetworkSettings"}
INST da3981d41baa952c 2016-03-30T23:43:37.600Z {"type":"pageshow","target_tagname":"wizardpage","target_id":"bridges"}
INST da3981d41baa952c 2016-03-30T23:43:37.600Z {"type":"command","target_tagname":"wizard","target_id":"TorNetworkSettings"}
INST da3981d41baa952c 2016-03-30T23:43:40.900Z {"type":"click","target_tagname":"wizard","target_id":"TorNetworkSettings","detail":1}
INST da3981d41baa952c 2016-03-30T23:43:40.900Z {"type":"pagehide","target_tagname":"wizardpage","target_id":"bridges"}
INST da3981d41baa952c 2016-03-30T23:43:40.900Z {"type":"pageadvanced","target_tagname":"wizardpage","target_id":"bridges"}
INST da3981d41baa952c 2016-03-30T23:43:40.900Z {"type":"wizardnext","target_tagname":"wizard","target_id":"TorNetworkSettings"}
INST da3981d41baa952c 2016-03-30T23:43:40.900Z {"type":"pageshow","target_tagname":"wizardpage","target_id":"summary"}
INST da3981d41baa952c 2016-03-30T23:43:40.900Z {"type":"command","target_tagname":"wizard","target_id":"TorNetworkSettings"}
INST da3981d41baa952c 2016-03-30T23:43:42.100Z {"type":"pagehide","target_tagname":"wizardpage","target_id":"summary"}
INST da3981d41baa952c 2016-03-30T23:43:42.100Z {"type":"pageadvanced","target_tagname":"wizardpage","target_id":"summary"}
INST da3981d41baa952c 2016-03-30T23:43:42.200Z {"type":"wizardnext","target_tagname":"wizard","target_id":"TorNetworkSettings"}
INST da3981d41baa952c 2016-03-30T23:43:42.200Z {"type":"pageshow","target_tagname":"wizardpage","target_id":"inlineprogress"}
INST da3981d41baa952c 2016-03-30T23:43:42.200Z {"type":"click","target_tagname":"wizard","target_id":"TorNetworkSettings","detail":1}
INST da3981d41baa952c 2016-03-30T23:43:42.200Z {"type":"progresschanged","target_tagname":"progressmeter","target_id":"progressMeter","value":5}
INST da3981d41baa952c 2016-03-30T23:43:42.200Z {"type":"good","target_tagname":"image","target_id":"progressbar","configurationSettings":"nobridge-noproxy","number":1}
INST da3981d41baa952c 2016-03-30T23:43:42.200Z {"type":"progresschanged","target_tagname":"progressmeter","target_id":"progressMeter","value":5}
INST da3981d41baa952c 2016-03-30T23:43:42.200Z {"type":"good","target_tagname":"image","target_id":"progressbar","configurationSettings":"nobridge-noproxy","number":1}
INST da3981d41baa952c 2016-03-30T23:43:42.200Z {"type":"progresschanged","target_tagname":"progressmeter","target_id":"progressMeter","value":5}
INST da3981d41baa952c 2016-03-30T23:43:42.200Z {"type":"good","target_tagname":"image","target_id":"progressbar","configurationSettings":"nobridge-noproxy","number":1}
INST da3981d41baa952c 2016-03-30T23:44:43.200Z {"type":"progresschanged","target_tagname":"progressmeter","target_id":"progressMeter","value":5}
INST da3981d41baa952c 2016-03-30T23:44:43.200Z {"type":"good","target_tagname":"image","target_id":"progressbar","configurationSettings":"nobridge-noproxy","number":1}
INST da3981d41baa952c 2016-03-30T23:45:28.600Z {"type":"click","target_tagname":"wizard","target_id":"TorNetworkSettings","detail":1}
INST da3981d41baa952c 2016-03-30T23:45:30.200Z {"type":"click","detail":1}
INST da3981d41baa952c 2016-03-30T23:47:07.500Z {"type":"click","target_tagname":"wizard","target_id":"TorNetworkSettings","detail":1}
INST da3981d41baa952c 2016-03-30T23:47:07.500Z {"type":"wizardcancel","target_tagname":"wizard","target_id":"TorNetworkSettings"}
INST da3981d41baa952c 2016-03-30T23:47:07.500Z {"type":"command","target_tagname":"wizard","target_id":"TorNetworkSettings"}
INST da3981d41baa952c 2016-03-30T23:47:07.500Z {"type":"unload","target_id":"configuration"}
INST 66df8b408ebe3bd9 2016-03-30T23:47:14.800Z {"type":"start"}
INST 66df8b408ebe3bd9 2016-03-30T23:47:15.500Z {"type":"select","target_tagname":"menulist","target_id":"proxyType","value":""}
INST 66df8b408ebe3bd9 2016-03-30T23:47:15.500Z {"type":"wizardnext","target_tagname":"wizard","target_id":"TorNetworkSettings"}
INST 66df8b408ebe3bd9 2016-03-30T23:47:15.500Z {"type":"pageshow","target_tagname":"wizardpage","target_id":"first"}
INST 66df8b408ebe3bd9 2016-03-30T23:47:15.500Z {"type":"load","target_id":"configuration"}
INST 66df8b408ebe3bd9 2016-03-30T23:47:15.500Z {"type":"select","target_tagname":"menulist","target_id":"defaultBridgeType","value":"obfs3"}
INST 66df8b408ebe3bd9 2016-03-30T23:47:21.900Z {"type":"click","target_tagname":"button","target_id":"configure_button","detail":1}
INST 66df8b408ebe3bd9 2016-03-30T23:47:21.900Z {"type":"pagehide","target_tagname":"wizardpage","target_id":"first"}
INST 66df8b408ebe3bd9 2016-03-30T23:47:21.900Z {"type":"pageadvanced","target_tagname":"wizardpage","target_id":"first"}
INST 66df8b408ebe3bd9 2016-03-30T23:47:21.900Z {"type":"wizardnext","target_tagname":"wizard","target_id":"TorNetworkSettings"}
INST 66df8b408ebe3bd9 2016-03-30T23:47:21.900Z {"type":"pageshow","target_tagname":"wizardpage","target_id":"proxy"}
INST 66df8b408ebe3bd9 2016-03-30T23:47:21.900Z {"type":"command","target_tagname":"button","target_id":"configure_button"}
INST 66df8b408ebe3bd9 2016-03-30T23:47:23.300Z {"type":"click","target_tagname":"radio","target_id":"proxyRadioWith","detail":1}
INST 66df8b408ebe3bd9 2016-03-30T23:47:23.300Z {"type":"command","target_tagname":"radio","target_id":"proxyRadioWith"}
INST 66df8b408ebe3bd9 2016-03-30T23:47:26.200Z {"type":"click","target_tagname":"radio","target_id":"proxyRadioWithout","detail":1}
INST 66df8b408ebe3bd9 2016-03-30T23:47:26.200Z {"type":"command","target_tagname":"radio","target_id":"proxyRadioWithout"}
INST 66df8b408ebe3bd9 2016-03-30T23:47:27.300Z {"type":"click","target_tagname":"wizard","target_id":"TorNetworkSettings","detail":1}
INST 66df8b408ebe3bd9 2016-03-30T23:47:27.300Z {"type":"pagehide","target_tagname":"wizardpage","target_id":"proxy"}
INST 66df8b408ebe3bd9 2016-03-30T23:47:27.300Z {"type":"pageadvanced","target_tagname":"wizardpage","target_id":"proxy"}
INST 66df8b408ebe3bd9 2016-03-30T23:47:27.300Z {"type":"wizardnext","target_tagname":"wizard","target_id":"TorNetworkSettings"}
INST 66df8b408ebe3bd9 2016-03-30T23:47:27.300Z {"type":"pageshow","target_tagname":"wizardpage","target_id":"bridges"}
INST 66df8b408ebe3bd9 2016-03-30T23:47:27.300Z {"type":"command","target_tagname":"wizard","target_id":"TorNetworkSettings"}
INST 66df8b408ebe3bd9 2016-03-30T23:47:28.600Z {"type":"click","target_tagname":"radio","target_id":"bridgeRadioDefault","detail":1}
INST 66df8b408ebe3bd9 2016-03-30T23:47:28.600Z {"type":"command","target_tagname":"radio","target_id":"bridgeRadioDefault"}
INST 66df8b408ebe3bd9 2016-03-30T23:47:32.500Z {"type":"popupshown","target_tagname":"menupopup","target_id":"defaultBridgeType_menuPopup"}
INST 66df8b408ebe3bd9 2016-03-30T23:47:32.600Z {"type":"click","target_tagname":"menulist","target_id":"defaultBridgeType","value":"obfs3","detail":1}
INST 66df8b408ebe3bd9 2016-03-30T23:47:33.800Z {"type":"popuphidden","target_tagname":"menupopup","target_id":"defaultBridgeType_menuPopup"}
INST 66df8b408ebe3bd9 2016-03-30T23:47:35.100Z {"type":"click","target_tagname":"wizard","target_id":"TorNetworkSettings","detail":1}
INST 66df8b408ebe3bd9 2016-03-30T23:47:35.100Z {"type":"pagehide","target_tagname":"wizardpage","target_id":"bridges"}
INST 66df8b408ebe3bd9 2016-03-30T23:47:35.100Z {"type":"pageadvanced","target_tagname":"wizardpage","target_id":"bridges"}
INST 66df8b408ebe3bd9 2016-03-30T23:47:35.100Z {"type":"wizardnext","target_tagname":"wizard","target_id":"TorNetworkSettings"}
INST 66df8b408ebe3bd9 2016-03-30T23:47:35.100Z {"type":"pageshow","target_tagname":"wizardpage","target_id":"summary"}
INST 66df8b408ebe3bd9 2016-03-30T23:47:35.100Z {"type":"command","target_tagname":"wizard","target_id":"TorNetworkSettings"}
INST 66df8b408ebe3bd9 2016-03-30T23:47:37.200Z {"type":"pagehide","target_tagname":"wizardpage","target_id":"summary"}
INST 66df8b408ebe3bd9 2016-03-30T23:47:37.200Z {"type":"pageadvanced","target_tagname":"wizardpage","target_id":"summary"}
INST 66df8b408ebe3bd9 2016-03-30T23:47:37.200Z {"type":"wizardnext","target_tagname":"wizard","target_id":"TorNetworkSettings"}
INST 66df8b408ebe3bd9 2016-03-30T23:47:37.200Z {"type":"pageshow","target_tagname":"wizardpage","target_id":"inlineprogress"}
INST 66df8b408ebe3bd9 2016-03-30T23:47:37.200Z {"type":"click","target_tagname":"wizard","target_id":"TorNetworkSettings","detail":1}
INST 66df8b408ebe3bd9 2016-03-30T23:47:44.300Z {"type":"progresschanged","target_tagname":"progressmeter","target_id":"progressMeter","value":5}
INST 66df8b408ebe3bd9 2016-03-30T23:47:44.300Z {"type":"good","target_tagname":"image","target_id":"progressbar","configurationSettings":"bridge-noproxy","number":1}
INST 66df8b408ebe3bd9 2016-03-30T23:47:44.300Z {"type":"progresschanged","target_tagname":"progressmeter","target_id":"progressMeter","value":10}
INST 66df8b408ebe3bd9 2016-03-30T23:47:44.300Z {"type":"good","target_tagname":"image","target_id":"progressbar","configurationSettings":"bridge-noproxy","number":1}
INST 66df8b408ebe3bd9 2016-03-30T23:47:48.300Z {"type":"click","target_tagname":"wizard","target_id":"TorNetworkSettings","detail":1}
INST 66df8b408ebe3bd9 2016-03-30T23:47:50.800Z {"type":"click","target_tagname":"wizard","target_id":"TorNetworkSettings","detail":1}
INST 66df8b408ebe3bd9 2016-03-30T23:47:51.300Z {"type":"click","target_tagname":"wizard","target_id":"TorNetworkSettings","detail":1}
INST 66df8b408ebe3bd9 2016-03-30T23:47:51.300Z {"type":"extra2","target_tagname":"wizardpage","target_id":"inlineprogress"}
INST 66df8b408ebe3bd9 2016-03-30T23:47:51.300Z {"type":"command","target_tagname":"wizard","target_id":"TorNetworkSettings"}
INST 66df8b408ebe3bd9 2016-03-30T23:47:51.500Z {"type":"popupshown","target_tagname":"panel","target_id":"copyLogFeedbackPanel"}
INST 66df8b408ebe3bd9 2016-03-30T23:47:54.300Z {"type":"click","target_tagname":"panel","target_id":"copyLogFeedbackPanel","detail":1}
INST 66df8b408ebe3bd9 2016-03-30T23:47:54.500Z {"type":"popuphidden","target_tagname":"panel","target_id":"copyLogFeedbackPanel"}
INST 66df8b408ebe3bd9 2016-03-30T23:49:28.700Z {"type":"click","target_tagname":"wizardpage","target_id":"inlineprogress","detail":1}
INST 66df8b408ebe3bd9 2016-03-30T23:49:56.700Z {"type":"click","target_tagname":"vbox","target_id":"","detail":1}
INST 66df8b408ebe3bd9 2016-03-30T23:50:07.400Z {"type":"click","target_tagname":"wizardpage","target_id":"inlineprogress","detail":1}
INST 66df8b408ebe3bd9 2016-03-30T23:50:19.700Z {"type":"click","target_tagname":"wizard","target_id":"TorNetworkSettings","detail":1}
INST 66df8b408ebe3bd9 2016-03-30T23:50:19.700Z {"type":"wizardcancel","target_tagname":"wizard","target_id":"TorNetworkSettings"}
INST 66df8b408ebe3bd9 2016-03-30T23:50:19.700Z {"type":"command","target_tagname":"wizard","target_id":"TorNetworkSettings"}
INST 66df8b408ebe3bd9 2016-03-30T23:50:19.700Z {"type":"unload","target_id":"configuration"}
