INST 8a98798a3703d789 2016-03-24T23:15:19.700Z {"type":"start"}
INST 8a98798a3703d789 2016-03-24T23:15:20.900Z {"type":"select","target_tagname":"menulist","target_id":"proxyType","value":""}
INST 8a98798a3703d789 2016-03-24T23:15:20.900Z {"type":"wizardnext","target_tagname":"wizard","target_id":"TorNetworkSettings"}
INST 8a98798a3703d789 2016-03-24T23:15:20.900Z {"type":"pageshow","target_tagname":"wizardpage","target_id":"first"}
INST 8a98798a3703d789 2016-03-24T23:15:20.900Z {"type":"load","target_id":"configuration"}
INST 8a98798a3703d789 2016-03-24T23:15:20.900Z {"type":"select","target_tagname":"menulist","target_id":"defaultBridgeType","value":"obfs3"}
INST 8a98798a3703d789 2016-03-24T23:15:27.200Z {"type":"click","target_tagname":"button","target_id":"connect_button","detail":1}
INST 8a98798a3703d789 2016-03-24T23:15:27.200Z {"type":"pagehide","target_tagname":"wizardpage","target_id":"first"}
INST 8a98798a3703d789 2016-03-24T23:15:27.200Z {"type":"pageadvanced","target_tagname":"wizardpage","target_id":"first"}
INST 8a98798a3703d789 2016-03-24T23:15:27.200Z {"type":"wizardnext","target_tagname":"wizard","target_id":"TorNetworkSettings"}
INST 8a98798a3703d789 2016-03-24T23:15:27.200Z {"type":"pageshow","target_tagname":"wizardpage","target_id":"inlineprogress"}
INST 8a98798a3703d789 2016-03-24T23:15:27.200Z {"type":"command","target_tagname":"button","target_id":"connect_button"}
INST 8a98798a3703d789 2016-03-24T23:15:27.400Z {"type":"progresschanged","target_tagname":"progressmeter","target_id":"progressMeter","value":5}
INST 8a98798a3703d789 2016-03-24T23:15:27.400Z {"type":"good","target_tagname":"image","target_id":"progressbar","configurationSettings":"nobridge-noproxy","number":1}
INST 8a98798a3703d789 2016-03-24T23:15:27.400Z {"type":"progresschanged","target_tagname":"progressmeter","target_id":"progressMeter","value":5}
INST 8a98798a3703d789 2016-03-24T23:15:27.400Z {"type":"good","target_tagname":"image","target_id":"progressbar","configurationSettings":"nobridge-noproxy","number":1}
INST 8a98798a3703d789 2016-03-24T23:15:27.400Z {"type":"progresschanged","target_tagname":"progressmeter","target_id":"progressMeter","value":5}
INST 8a98798a3703d789 2016-03-24T23:15:27.400Z {"type":"good","target_tagname":"image","target_id":"progressbar","configurationSettings":"nobridge-noproxy","number":1}
INST 8a98798a3703d789 2016-03-24T23:16:28.400Z {"type":"progresschanged","target_tagname":"progressmeter","target_id":"progressMeter","value":5}
INST 8a98798a3703d789 2016-03-24T23:16:28.400Z {"type":"good","target_tagname":"image","target_id":"progressbar","configurationSettings":"nobridge-noproxy","number":1}
INST 8a98798a3703d789 2016-03-24T23:16:29.600Z {"type":"wizardcancel","target_tagname":"wizard","target_id":"TorNetworkSettings"}
INST 8a98798a3703d789 2016-03-24T23:16:29.600Z {"type":"unload","target_id":"configuration"}
INST d183f1c2ad6e3266 2016-03-24T23:16:36.300Z {"type":"start"}
INST d183f1c2ad6e3266 2016-03-24T23:16:37.000Z {"type":"select","target_tagname":"menulist","target_id":"proxyType","value":""}
INST d183f1c2ad6e3266 2016-03-24T23:16:37.000Z {"type":"wizardnext","target_tagname":"wizard","target_id":"TorNetworkSettings"}
INST d183f1c2ad6e3266 2016-03-24T23:16:37.000Z {"type":"pageshow","target_tagname":"wizardpage","target_id":"first"}
INST d183f1c2ad6e3266 2016-03-24T23:16:37.100Z {"type":"load","target_id":"configuration"}
INST d183f1c2ad6e3266 2016-03-24T23:16:37.100Z {"type":"select","target_tagname":"menulist","target_id":"defaultBridgeType","value":"obfs3"}
INST d183f1c2ad6e3266 2016-03-24T23:16:40.400Z {"type":"click","target_tagname":"button","target_id":"connect_button","detail":1}
INST d183f1c2ad6e3266 2016-03-24T23:16:40.400Z {"type":"pagehide","target_tagname":"wizardpage","target_id":"first"}
INST d183f1c2ad6e3266 2016-03-24T23:16:40.400Z {"type":"pageadvanced","target_tagname":"wizardpage","target_id":"first"}
INST d183f1c2ad6e3266 2016-03-24T23:16:40.400Z {"type":"wizardnext","target_tagname":"wizard","target_id":"TorNetworkSettings"}
INST d183f1c2ad6e3266 2016-03-24T23:16:40.400Z {"type":"pageshow","target_tagname":"wizardpage","target_id":"inlineprogress"}
INST d183f1c2ad6e3266 2016-03-24T23:16:40.400Z {"type":"command","target_tagname":"button","target_id":"connect_button"}
INST d183f1c2ad6e3266 2016-03-24T23:16:40.900Z {"type":"progresschanged","target_tagname":"progressmeter","target_id":"progressMeter","value":5}
INST d183f1c2ad6e3266 2016-03-24T23:16:40.900Z {"type":"good","target_tagname":"image","target_id":"progressbar","configurationSettings":"nobridge-noproxy","number":1}
INST d183f1c2ad6e3266 2016-03-24T23:16:40.900Z {"type":"progresschanged","target_tagname":"progressmeter","target_id":"progressMeter","value":5}
INST d183f1c2ad6e3266 2016-03-24T23:16:40.900Z {"type":"good","target_tagname":"image","target_id":"progressbar","configurationSettings":"nobridge-noproxy","number":1}
INST d183f1c2ad6e3266 2016-03-24T23:16:40.900Z {"type":"progresschanged","target_tagname":"progressmeter","target_id":"progressMeter","value":5}
INST d183f1c2ad6e3266 2016-03-24T23:16:40.900Z {"type":"good","target_tagname":"image","target_id":"progressbar","configurationSettings":"nobridge-noproxy","number":1}
INST 5e7d040ffda230ae 2016-03-24T23:17:31.800Z {"type":"start"}
INST 5e7d040ffda230ae 2016-03-24T23:17:32.500Z {"type":"select","target_tagname":"menulist","target_id":"proxyType","value":""}
INST 5e7d040ffda230ae 2016-03-24T23:17:32.500Z {"type":"wizardnext","target_tagname":"wizard","target_id":"TorNetworkSettings"}
INST 5e7d040ffda230ae 2016-03-24T23:17:32.500Z {"type":"pageshow","target_tagname":"wizardpage","target_id":"first"}
INST 5e7d040ffda230ae 2016-03-24T23:17:32.500Z {"type":"load","target_id":"configuration"}
INST 5e7d040ffda230ae 2016-03-24T23:17:32.500Z {"type":"select","target_tagname":"menulist","target_id":"defaultBridgeType","value":"obfs3"}
INST 5e7d040ffda230ae 2016-03-24T23:17:35.100Z {"type":"click","target_tagname":"button","target_id":"configure_button","detail":1}
INST 5e7d040ffda230ae 2016-03-24T23:17:35.100Z {"type":"pagehide","target_tagname":"wizardpage","target_id":"first"}
INST 5e7d040ffda230ae 2016-03-24T23:17:35.100Z {"type":"pageadvanced","target_tagname":"wizardpage","target_id":"first"}
INST 5e7d040ffda230ae 2016-03-24T23:17:35.100Z {"type":"wizardnext","target_tagname":"wizard","target_id":"TorNetworkSettings"}
INST 5e7d040ffda230ae 2016-03-24T23:17:35.100Z {"type":"pageshow","target_tagname":"wizardpage","target_id":"proxy"}
INST 5e7d040ffda230ae 2016-03-24T23:17:35.100Z {"type":"command","target_tagname":"button","target_id":"configure_button"}
INST 5e7d040ffda230ae 2016-03-24T23:17:38.700Z {"type":"click","target_tagname":"radio","target_id":"proxyRadioWith","detail":1}
INST 5e7d040ffda230ae 2016-03-24T23:17:38.700Z {"type":"command","target_tagname":"radio","target_id":"proxyRadioWith"}
INST 5e7d040ffda230ae 2016-03-24T23:17:40.300Z {"type":"popupshown","target_tagname":"menupopup","target_id":"proxyType_menuPopup"}
INST 5e7d040ffda230ae 2016-03-24T23:17:40.300Z {"type":"click","target_tagname":"menulist","target_id":"proxyType","value":"","detail":1}
INST 5e7d040ffda230ae 2016-03-24T23:17:40.800Z {"type":"mouseover","target_tagname":"menuitem","target_id":"","value":""}
INST 5e7d040ffda230ae 2016-03-24T23:17:41.100Z {"type":"mouseout","target_tagname":"menuitem","target_id":"","value":""}
INST 5e7d040ffda230ae 2016-03-24T23:17:41.100Z {"type":"mouseover","target_tagname":"menuitem","target_id":"","value":"SOCKS4"}
INST 5e7d040ffda230ae 2016-03-24T23:17:41.600Z {"type":"click","target_tagname":"menuitem","target_id":"","value":"SOCKS4","detail":1}
INST 5e7d040ffda230ae 2016-03-24T23:17:41.600Z {"type":"select","target_tagname":"menulist","target_id":"proxyType","value":"SOCKS4"}
INST 5e7d040ffda230ae 2016-03-24T23:17:41.600Z {"type":"command","target_tagname":"menuitem","target_id":"","value":"SOCKS4"}
INST 5e7d040ffda230ae 2016-03-24T23:17:41.600Z {"type":"popuphidden","target_tagname":"menupopup","target_id":"proxyType_menuPopup"}
INST 5e7d040ffda230ae 2016-03-24T23:17:41.700Z {"type":"mouseout","target_tagname":"menuitem","target_id":"","value":"SOCKS4"}
INST 5e7d040ffda230ae 2016-03-24T23:17:42.400Z {"type":"popupshown","target_tagname":"menupopup","target_id":"proxyType_menuPopup"}
INST 5e7d040ffda230ae 2016-03-24T23:17:42.500Z {"type":"click","target_tagname":"menulist","target_id":"proxyType","value":"SOCKS4","detail":1}
INST 5e7d040ffda230ae 2016-03-24T23:17:42.700Z {"type":"mouseover","target_tagname":"menuitem","target_id":"","value":""}
INST 5e7d040ffda230ae 2016-03-24T23:17:42.800Z {"type":"mouseout","target_tagname":"menuitem","target_id":"","value":""}
INST 5e7d040ffda230ae 2016-03-24T23:17:42.800Z {"type":"mouseover","target_tagname":"menuitem","target_id":"","value":"SOCKS4"}
INST 5e7d040ffda230ae 2016-03-24T23:17:42.800Z {"type":"mouseout","target_tagname":"menuitem","target_id":"","value":"SOCKS4"}
INST 5e7d040ffda230ae 2016-03-24T23:17:42.800Z {"type":"mouseover","target_tagname":"menuitem","target_id":"","value":"SOCKS5"}
INST 5e7d040ffda230ae 2016-03-24T23:17:43.200Z {"type":"mouseout","target_tagname":"menuitem","target_id":"","value":"SOCKS5"}
INST 5e7d040ffda230ae 2016-03-24T23:17:43.200Z {"type":"mouseover","target_tagname":"menuitem","target_id":"","value":"HTTP"}
INST 5e7d040ffda230ae 2016-03-24T23:17:43.600Z {"type":"click","target_tagname":"menuitem","target_id":"","value":"HTTP","detail":1}
INST 5e7d040ffda230ae 2016-03-24T23:17:43.600Z {"type":"select","target_tagname":"menulist","target_id":"proxyType","value":"HTTP"}
INST 5e7d040ffda230ae 2016-03-24T23:17:43.600Z {"type":"command","target_tagname":"menuitem","target_id":"","value":"HTTP"}
INST 5e7d040ffda230ae 2016-03-24T23:17:43.600Z {"type":"popuphidden","target_tagname":"menupopup","target_id":"proxyType_menuPopup"}
INST 5e7d040ffda230ae 2016-03-24T23:17:43.700Z {"type":"mouseout","target_tagname":"menuitem","target_id":"","value":"HTTP"}
INST 5e7d040ffda230ae 2016-03-24T23:17:53.100Z {"type":"select","target_tagname":"textbox","target_id":"proxyAddr"}
INST 5e7d040ffda230ae 2016-03-24T23:17:53.200Z {"type":"click","target_tagname":"textbox","target_id":"proxyAddr","detail":1}
INST 5e7d040ffda230ae 2016-03-24T23:18:31.400Z {"type":"click","target_tagname":"wizardpage","target_id":"proxy","detail":1}
INST 5e7d040ffda230ae 2016-03-24T23:18:38.500Z {"type":"click","target_tagname":"textbox","target_id":"proxyAddr","detail":1}
INST 5e7d040ffda230ae 2016-03-24T23:18:38.600Z {"type":"popupshown","target_tagname":"textbox","target_id":"proxyAddr"}
INST 5e7d040ffda230ae 2016-03-24T23:18:39.600Z {"type":"click","target_tagname":"textbox","target_id":"proxyAddr","detail":1}
INST 5e7d040ffda230ae 2016-03-24T23:18:39.600Z {"type":"popuphidden","target_tagname":"textbox","target_id":"proxyAddr"}
INST 5e7d040ffda230ae 2016-03-24T23:18:41.100Z {"type":"click","target_tagname":"textbox","target_id":"proxyAddr","detail":1}
INST 5e7d040ffda230ae 2016-03-24T23:18:41.200Z {"type":"popupshown","target_tagname":"textbox","target_id":"proxyAddr"}
INST 5e7d040ffda230ae 2016-03-24T23:18:41.800Z {"type":"click","target_tagname":"textbox","target_id":"proxyAddr","detail":1}
INST 5e7d040ffda230ae 2016-03-24T23:18:41.800Z {"type":"popuphidden","target_tagname":"textbox","target_id":"proxyAddr"}
INST 5e7d040ffda230ae 2016-03-24T23:18:42.600Z {"type":"click","target_tagname":"textbox","target_id":"proxyAddr","detail":1}
INST 5e7d040ffda230ae 2016-03-24T23:18:42.600Z {"type":"popupshown","target_tagname":"textbox","target_id":"proxyAddr"}
INST 5e7d040ffda230ae 2016-03-24T23:18:43.600Z {"type":"popuphidden","target_tagname":"textbox","target_id":"proxyAddr"}
INST 5e7d040ffda230ae 2016-03-24T23:19:11.500Z {"type":"change","target_tagname":"textbox","target_id":"proxyAddr","value":"wikipedia.com"}
INST 5e7d040ffda230ae 2016-03-24T23:19:11.600Z {"type":"click","target_tagname":"wizard","target_id":"TorNetworkSettings","detail":1}
INST 5e7d040ffda230ae 2016-03-24T23:19:11.600Z {"type":"pagehide","target_tagname":"wizardpage","target_id":"proxy"}
INST 5e7d040ffda230ae 2016-03-24T23:19:11.600Z {"type":"pageadvanced","target_tagname":"wizardpage","target_id":"proxy"}
INST 5e7d040ffda230ae 2016-03-24T23:19:11.700Z {"type":"wizardnext","target_tagname":"wizard","target_id":"TorNetworkSettings"}
INST 5e7d040ffda230ae 2016-03-24T23:19:11.700Z {"type":"pageshow","target_tagname":"wizardpage","target_id":"bridges"}
INST 5e7d040ffda230ae 2016-03-24T23:19:11.700Z {"type":"command","target_tagname":"wizard","target_id":"TorNetworkSettings"}
INST 5e7d040ffda230ae 2016-03-24T23:19:15.600Z {"type":"click","target_tagname":"radio","target_id":"bridgeRadioDefault","detail":1}
INST 5e7d040ffda230ae 2016-03-24T23:19:15.600Z {"type":"command","target_tagname":"radio","target_id":"bridgeRadioDefault"}
INST 5e7d040ffda230ae 2016-03-24T23:19:18.500Z {"type":"click","target_tagname":"wizard","target_id":"TorNetworkSettings","detail":1}
INST 5e7d040ffda230ae 2016-03-24T23:19:18.500Z {"type":"pagehide","target_tagname":"wizardpage","target_id":"bridges"}
INST 5e7d040ffda230ae 2016-03-24T23:19:18.500Z {"type":"pageadvanced","target_tagname":"wizardpage","target_id":"bridges"}
INST 5e7d040ffda230ae 2016-03-24T23:19:18.500Z {"type":"wizardnext","target_tagname":"wizard","target_id":"TorNetworkSettings"}
INST 5e7d040ffda230ae 2016-03-24T23:19:18.500Z {"type":"pageshow","target_tagname":"wizardpage","target_id":"summary"}
INST 5e7d040ffda230ae 2016-03-24T23:19:18.500Z {"type":"command","target_tagname":"wizard","target_id":"TorNetworkSettings"}
INST 5e7d040ffda230ae 2016-03-24T23:19:22.500Z {"type":"pagehide","target_tagname":"wizardpage","target_id":"summary"}
INST 5e7d040ffda230ae 2016-03-24T23:19:22.500Z {"type":"pageadvanced","target_tagname":"wizardpage","target_id":"summary"}
INST 5e7d040ffda230ae 2016-03-24T23:19:22.500Z {"type":"wizardnext","target_tagname":"wizard","target_id":"TorNetworkSettings"}
INST 5e7d040ffda230ae 2016-03-24T23:19:22.500Z {"type":"pageshow","target_tagname":"wizardpage","target_id":"inlineprogress"}
INST 5e7d040ffda230ae 2016-03-24T23:19:22.500Z {"type":"click","target_tagname":"wizard","target_id":"TorNetworkSettings","detail":1}
INST 5e7d040ffda230ae 2016-03-24T23:19:30.300Z {"type":"progresschanged","target_tagname":"progressmeter","target_id":"progressMeter","value":5}
INST 5e7d040ffda230ae 2016-03-24T23:19:30.300Z {"type":"good","target_tagname":"image","target_id":"progressbar","configurationSettings":"bridge-proxy","number":1}
INST 5e7d040ffda230ae 2016-03-24T23:19:30.300Z {"type":"progresschanged","target_tagname":"progressmeter","target_id":"progressMeter","value":10}
INST 5e7d040ffda230ae 2016-03-24T23:19:30.300Z {"type":"good","target_tagname":"image","target_id":"progressbar","configurationSettings":"bridge-proxy","number":1}
INST 5e7d040ffda230ae 2016-03-24T23:19:37.200Z {"type":"click","target_tagname":"wizard","target_id":"TorNetworkSettings","detail":1}
INST 5e7d040ffda230ae 2016-03-24T23:19:37.200Z {"type":"extra2","target_tagname":"wizardpage","target_id":"inlineprogress"}
INST 5e7d040ffda230ae 2016-03-24T23:19:37.200Z {"type":"command","target_tagname":"wizard","target_id":"TorNetworkSettings"}
INST 5e7d040ffda230ae 2016-03-24T23:19:37.400Z {"type":"popupshown","target_tagname":"panel","target_id":"copyLogFeedbackPanel"}
INST 5e7d040ffda230ae 2016-03-24T23:19:41.400Z {"type":"popuphidden","target_tagname":"panel","target_id":"copyLogFeedbackPanel"}
INST 5e7d040ffda230ae 2016-03-24T23:19:42.400Z {"type":"click","target_tagname":"wizard","target_id":"TorNetworkSettings","detail":1}
INST 5e7d040ffda230ae 2016-03-24T23:19:42.400Z {"type":"extra2","target_tagname":"wizardpage","target_id":"inlineprogress"}
INST 5e7d040ffda230ae 2016-03-24T23:19:42.400Z {"type":"command","target_tagname":"wizard","target_id":"TorNetworkSettings"}
INST 5e7d040ffda230ae 2016-03-24T23:19:42.600Z {"type":"popupshown","target_tagname":"panel","target_id":"copyLogFeedbackPanel"}
INST 5e7d040ffda230ae 2016-03-24T23:19:46.600Z {"type":"popuphidden","target_tagname":"panel","target_id":"copyLogFeedbackPanel"}
INST 5e7d040ffda230ae 2016-03-24T23:19:53.900Z {"type":"click","target_tagname":"wizard","target_id":"TorNetworkSettings","detail":1}
INST 5e7d040ffda230ae 2016-03-24T23:19:53.900Z {"type":"wizardcancel","target_tagname":"wizard","target_id":"TorNetworkSettings"}
INST 5e7d040ffda230ae 2016-03-24T23:19:53.900Z {"type":"command","target_tagname":"wizard","target_id":"TorNetworkSettings"}
INST 5e7d040ffda230ae 2016-03-24T23:19:53.900Z {"type":"unload","target_id":"configuration"}
INST 0cfbf56fcec03f06 2016-03-24T23:22:45.700Z {"type":"start"}
INST 0cfbf56fcec03f06 2016-03-24T23:22:46.400Z {"type":"select","target_tagname":"menulist","target_id":"proxyType","value":""}
INST 0cfbf56fcec03f06 2016-03-24T23:22:46.400Z {"type":"wizardnext","target_tagname":"wizard","target_id":"TorNetworkSettings"}
INST 0cfbf56fcec03f06 2016-03-24T23:22:46.400Z {"type":"pageshow","target_tagname":"wizardpage","target_id":"first"}
INST 0cfbf56fcec03f06 2016-03-24T23:22:46.500Z {"type":"load","target_id":"configuration"}
INST 0cfbf56fcec03f06 2016-03-24T23:22:46.500Z {"type":"select","target_tagname":"menulist","target_id":"defaultBridgeType","value":"obfs3"}
INST 0cfbf56fcec03f06 2016-03-24T23:22:46.500Z {"type":"select","target_tagname":"menulist","target_id":"proxyType","value":"HTTP"}
INST 0cfbf56fcec03f06 2016-03-24T23:22:48.500Z {"type":"click","target_tagname":"button","target_id":"connect_button","detail":1}
INST 0cfbf56fcec03f06 2016-03-24T23:22:48.600Z {"type":"pagehide","target_tagname":"wizardpage","target_id":"first"}
INST 0cfbf56fcec03f06 2016-03-24T23:22:48.600Z {"type":"pageadvanced","target_tagname":"wizardpage","target_id":"first"}
INST 0cfbf56fcec03f06 2016-03-24T23:22:48.600Z {"type":"wizardnext","target_tagname":"wizard","target_id":"TorNetworkSettings"}
INST 0cfbf56fcec03f06 2016-03-24T23:22:48.600Z {"type":"pageshow","target_tagname":"wizardpage","target_id":"inlineprogress"}
INST 0cfbf56fcec03f06 2016-03-24T23:22:48.600Z {"type":"command","target_tagname":"button","target_id":"connect_button"}
INST 0cfbf56fcec03f06 2016-03-24T23:22:56.300Z {"type":"progresschanged","target_tagname":"progressmeter","target_id":"progressMeter","value":5}
INST 0cfbf56fcec03f06 2016-03-24T23:22:56.300Z {"type":"good","target_tagname":"image","target_id":"progressbar","configurationSettings":"bridge-noproxy","number":1}
INST 0cfbf56fcec03f06 2016-03-24T23:22:56.300Z {"type":"progresschanged","target_tagname":"progressmeter","target_id":"progressMeter","value":10}
INST 0cfbf56fcec03f06 2016-03-24T23:22:56.300Z {"type":"good","target_tagname":"image","target_id":"progressbar","configurationSettings":"bridge-noproxy","number":1}
INST 0cfbf56fcec03f06 2016-03-24T23:24:24.300Z {"type":"click","target_tagname":"image","target_id":"progressbar","detail":1}
INST 0cfbf56fcec03f06 2016-03-24T23:25:30.400Z {"type":"click","target_tagname":"wizard","target_id":"TorNetworkSettings","detail":1}
INST 0cfbf56fcec03f06 2016-03-24T23:25:30.400Z {"type":"extra2","target_tagname":"wizardpage","target_id":"inlineprogress"}
INST 0cfbf56fcec03f06 2016-03-24T23:25:30.400Z {"type":"command","target_tagname":"wizard","target_id":"TorNetworkSettings"}
INST 0cfbf56fcec03f06 2016-03-24T23:25:30.600Z {"type":"popupshown","target_tagname":"panel","target_id":"copyLogFeedbackPanel"}
INST 0cfbf56fcec03f06 2016-03-24T23:25:34.600Z {"type":"popuphidden","target_tagname":"panel","target_id":"copyLogFeedbackPanel"}
INST 0cfbf56fcec03f06 2016-03-24T23:25:35.400Z {"type":"click","target_tagname":"wizard","target_id":"TorNetworkSettings","detail":1}
INST 0cfbf56fcec03f06 2016-03-24T23:25:35.400Z {"type":"extra2","target_tagname":"wizardpage","target_id":"inlineprogress"}
INST 0cfbf56fcec03f06 2016-03-24T23:25:35.400Z {"type":"command","target_tagname":"wizard","target_id":"TorNetworkSettings"}
INST 0cfbf56fcec03f06 2016-03-24T23:25:35.600Z {"type":"popupshown","target_tagname":"panel","target_id":"copyLogFeedbackPanel"}
INST 0cfbf56fcec03f06 2016-03-24T23:25:39.600Z {"type":"popuphidden","target_tagname":"panel","target_id":"copyLogFeedbackPanel"}
INST 0cfbf56fcec03f06 2016-03-24T23:27:34.300Z {"type":"wizardcancel","target_tagname":"wizard","target_id":"TorNetworkSettings"}
INST 0cfbf56fcec03f06 2016-03-24T23:27:34.300Z {"type":"unload","target_id":"configuration"}
INST 172f1da92e322c73 2016-03-24T23:33:03.200Z {"type":"start"}
INST 172f1da92e322c73 2016-03-24T23:33:03.900Z {"type":"select","target_tagname":"menulist","target_id":"proxyType","value":""}
INST 172f1da92e322c73 2016-03-24T23:33:03.900Z {"type":"wizardnext","target_tagname":"wizard","target_id":"TorNetworkSettings"}
INST 172f1da92e322c73 2016-03-24T23:33:03.900Z {"type":"pageshow","target_tagname":"wizardpage","target_id":"first"}
INST 172f1da92e322c73 2016-03-24T23:33:04.000Z {"type":"load","target_id":"configuration"}
INST 172f1da92e322c73 2016-03-24T23:33:04.000Z {"type":"select","target_tagname":"menulist","target_id":"defaultBridgeType","value":"obfs3"}
INST 172f1da92e322c73 2016-03-24T23:33:04.000Z {"type":"select","target_tagname":"menulist","target_id":"proxyType","value":"HTTP"}
INST 172f1da92e322c73 2016-03-24T23:33:06.500Z {"type":"click","target_tagname":"button","target_id":"connect_button","detail":1}
INST 172f1da92e322c73 2016-03-24T23:33:06.500Z {"type":"pagehide","target_tagname":"wizardpage","target_id":"first"}
INST 172f1da92e322c73 2016-03-24T23:33:06.500Z {"type":"pageadvanced","target_tagname":"wizardpage","target_id":"first"}
INST 172f1da92e322c73 2016-03-24T23:33:06.500Z {"type":"wizardnext","target_tagname":"wizard","target_id":"TorNetworkSettings"}
INST 172f1da92e322c73 2016-03-24T23:33:06.500Z {"type":"pageshow","target_tagname":"wizardpage","target_id":"inlineprogress"}
INST 172f1da92e322c73 2016-03-24T23:33:06.500Z {"type":"command","target_tagname":"button","target_id":"connect_button"}
INST 172f1da92e322c73 2016-03-24T23:33:11.600Z {"type":"click","target_tagname":"wizard","target_id":"TorNetworkSettings","detail":1}
INST 172f1da92e322c73 2016-03-24T23:33:11.600Z {"type":"wizardcancel","target_tagname":"wizard","target_id":"TorNetworkSettings"}
INST 172f1da92e322c73 2016-03-24T23:33:11.600Z {"type":"command","target_tagname":"wizard","target_id":"TorNetworkSettings"}
INST 172f1da92e322c73 2016-03-24T23:33:11.600Z {"type":"unload","target_id":"configuration"}
INST 53f2567ad89031c0 2016-03-24T23:33:16.900Z {"type":"start"}
INST 53f2567ad89031c0 2016-03-24T23:33:17.600Z {"type":"select","target_tagname":"menulist","target_id":"proxyType","value":""}
INST 53f2567ad89031c0 2016-03-24T23:33:17.600Z {"type":"wizardnext","target_tagname":"wizard","target_id":"TorNetworkSettings"}
INST 53f2567ad89031c0 2016-03-24T23:33:17.600Z {"type":"pageshow","target_tagname":"wizardpage","target_id":"first"}
INST 53f2567ad89031c0 2016-03-24T23:33:17.600Z {"type":"load","target_id":"configuration"}
INST 53f2567ad89031c0 2016-03-24T23:33:17.600Z {"type":"select","target_tagname":"menulist","target_id":"defaultBridgeType","value":"obfs3"}
INST 53f2567ad89031c0 2016-03-24T23:33:17.600Z {"type":"select","target_tagname":"menulist","target_id":"proxyType","value":"HTTP"}
INST 53f2567ad89031c0 2016-03-24T23:33:19.200Z {"type":"click","target_tagname":"button","target_id":"configure_button","detail":1}
INST 53f2567ad89031c0 2016-03-24T23:33:19.200Z {"type":"pagehide","target_tagname":"wizardpage","target_id":"first"}
INST 53f2567ad89031c0 2016-03-24T23:33:19.200Z {"type":"pageadvanced","target_tagname":"wizardpage","target_id":"first"}
INST 53f2567ad89031c0 2016-03-24T23:33:19.200Z {"type":"wizardnext","target_tagname":"wizard","target_id":"TorNetworkSettings"}
INST 53f2567ad89031c0 2016-03-24T23:33:19.200Z {"type":"pageshow","target_tagname":"wizardpage","target_id":"proxy"}
INST 53f2567ad89031c0 2016-03-24T23:33:19.200Z {"type":"command","target_tagname":"button","target_id":"configure_button"}
INST 53f2567ad89031c0 2016-03-24T23:33:24.200Z {"type":"click","target_tagname":"wizard","target_id":"TorNetworkSettings","detail":1}
INST 53f2567ad89031c0 2016-03-24T23:33:24.200Z {"type":"pagehide","target_tagname":"wizardpage","target_id":"proxy"}
INST 53f2567ad89031c0 2016-03-24T23:33:24.200Z {"type":"pageadvanced","target_tagname":"wizardpage","target_id":"proxy"}
INST 53f2567ad89031c0 2016-03-24T23:33:24.200Z {"type":"wizardnext","target_tagname":"wizard","target_id":"TorNetworkSettings"}
INST 53f2567ad89031c0 2016-03-24T23:33:24.200Z {"type":"pageshow","target_tagname":"wizardpage","target_id":"bridges"}
INST 53f2567ad89031c0 2016-03-24T23:33:24.200Z {"type":"command","target_tagname":"wizard","target_id":"TorNetworkSettings"}
INST 53f2567ad89031c0 2016-03-24T23:33:27.000Z {"type":"click","target_tagname":"radio","target_id":"bridgeRadioNone","detail":1}
INST 53f2567ad89031c0 2016-03-24T23:33:27.000Z {"type":"command","target_tagname":"radio","target_id":"bridgeRadioNone"}
INST 53f2567ad89031c0 2016-03-24T23:33:30.600Z {"type":"click","target_tagname":"button","target_id":"bridgeHelpButton","detail":1}
INST 53f2567ad89031c0 2016-03-24T23:33:30.600Z {"type":"pageshow","target_tagname":"wizardpage","target_id":"bridgeHelp"}
INST 53f2567ad89031c0 2016-03-24T23:33:30.600Z {"type":"command","target_tagname":"button","target_id":"bridgeHelpButton"}
INST 53f2567ad89031c0 2016-03-24T23:34:00.300Z {"type":"click","target_tagname":"wizard","target_id":"TorNetworkSettings","detail":1}
INST 53f2567ad89031c0 2016-03-24T23:34:00.300Z {"type":"pagehide","target_tagname":"wizardpage","target_id":"bridgeHelp"}
INST 53f2567ad89031c0 2016-03-24T23:34:00.300Z {"type":"pageadvanced","target_tagname":"wizardpage","target_id":"bridgeHelp"}
INST 53f2567ad89031c0 2016-03-24T23:34:00.300Z {"type":"pageshow","target_tagname":"wizardpage","target_id":"bridges"}
INST 53f2567ad89031c0 2016-03-24T23:34:00.300Z {"type":"command","target_tagname":"wizard","target_id":"TorNetworkSettings"}
INST 53f2567ad89031c0 2016-03-24T23:34:02.600Z {"type":"click","target_tagname":"wizard","target_id":"TorNetworkSettings","detail":1}
INST 53f2567ad89031c0 2016-03-24T23:34:02.600Z {"type":"pagehide","target_tagname":"wizardpage","target_id":"bridges"}
INST 53f2567ad89031c0 2016-03-24T23:34:02.600Z {"type":"pageadvanced","target_tagname":"wizardpage","target_id":"bridges"}
INST 53f2567ad89031c0 2016-03-24T23:34:02.600Z {"type":"wizardnext","target_tagname":"wizard","target_id":"TorNetworkSettings"}
INST 53f2567ad89031c0 2016-03-24T23:34:02.600Z {"type":"pageshow","target_tagname":"wizardpage","target_id":"summary"}
INST 53f2567ad89031c0 2016-03-24T23:34:02.600Z {"type":"command","target_tagname":"wizard","target_id":"TorNetworkSettings"}
INST 53f2567ad89031c0 2016-03-24T23:34:06.100Z {"type":"pagehide","target_tagname":"wizardpage","target_id":"summary"}
INST 53f2567ad89031c0 2016-03-24T23:34:06.100Z {"type":"pageadvanced","target_tagname":"wizardpage","target_id":"summary"}
INST 53f2567ad89031c0 2016-03-24T23:34:06.100Z {"type":"wizardnext","target_tagname":"wizard","target_id":"TorNetworkSettings"}
INST 53f2567ad89031c0 2016-03-24T23:34:06.100Z {"type":"pageshow","target_tagname":"wizardpage","target_id":"inlineprogress"}
INST 53f2567ad89031c0 2016-03-24T23:34:06.100Z {"type":"click","target_tagname":"wizard","target_id":"TorNetworkSettings","detail":1}
INST 53f2567ad89031c0 2016-03-24T23:34:06.500Z {"type":"progresschanged","target_tagname":"progressmeter","target_id":"progressMeter","value":5}
INST 53f2567ad89031c0 2016-03-24T23:34:06.500Z {"type":"good","target_tagname":"image","target_id":"progressbar","configurationSettings":"nobridge-noproxy","number":1}
INST 53f2567ad89031c0 2016-03-24T23:34:06.500Z {"type":"progresschanged","target_tagname":"progressmeter","target_id":"progressMeter","value":5}
INST 53f2567ad89031c0 2016-03-24T23:34:06.500Z {"type":"good","target_tagname":"image","target_id":"progressbar","configurationSettings":"nobridge-noproxy","number":1}
INST 53f2567ad89031c0 2016-03-24T23:34:06.500Z {"type":"progresschanged","target_tagname":"progressmeter","target_id":"progressMeter","value":5}
INST 53f2567ad89031c0 2016-03-24T23:34:06.500Z {"type":"good","target_tagname":"image","target_id":"progressbar","configurationSettings":"nobridge-noproxy","number":1}
INST 53f2567ad89031c0 2016-03-24T23:34:21.200Z {"type":"click","target_tagname":"wizard","target_id":"TorNetworkSettings","detail":1}
INST 53f2567ad89031c0 2016-03-24T23:34:21.200Z {"type":"wizardcancel","target_tagname":"wizard","target_id":"TorNetworkSettings"}
INST 53f2567ad89031c0 2016-03-24T23:34:21.200Z {"type":"command","target_tagname":"wizard","target_id":"TorNetworkSettings"}
INST 53f2567ad89031c0 2016-03-24T23:34:21.200Z {"type":"unload","target_id":"configuration"}
INST 91aa09bafe19725b 2016-03-24T23:34:24.400Z {"type":"start"}
INST 91aa09bafe19725b 2016-03-24T23:34:25.000Z {"type":"select","target_tagname":"menulist","target_id":"proxyType","value":""}
INST 91aa09bafe19725b 2016-03-24T23:34:25.000Z {"type":"wizardnext","target_tagname":"wizard","target_id":"TorNetworkSettings"}
INST 91aa09bafe19725b 2016-03-24T23:34:25.000Z {"type":"pageshow","target_tagname":"wizardpage","target_id":"first"}
INST 91aa09bafe19725b 2016-03-24T23:34:25.000Z {"type":"load","target_id":"configuration"}
INST 91aa09bafe19725b 2016-03-24T23:34:25.000Z {"type":"select","target_tagname":"menulist","target_id":"defaultBridgeType","value":"obfs3"}
INST 91aa09bafe19725b 2016-03-24T23:34:26.600Z {"type":"click","target_tagname":"button","target_id":"configure_button","detail":1}
INST 91aa09bafe19725b 2016-03-24T23:34:26.600Z {"type":"pagehide","target_tagname":"wizardpage","target_id":"first"}
INST 91aa09bafe19725b 2016-03-24T23:34:26.600Z {"type":"pageadvanced","target_tagname":"wizardpage","target_id":"first"}
INST 91aa09bafe19725b 2016-03-24T23:34:26.600Z {"type":"wizardnext","target_tagname":"wizard","target_id":"TorNetworkSettings"}
INST 91aa09bafe19725b 2016-03-24T23:34:26.600Z {"type":"pageshow","target_tagname":"wizardpage","target_id":"proxy"}
INST 91aa09bafe19725b 2016-03-24T23:34:26.600Z {"type":"command","target_tagname":"button","target_id":"configure_button"}
INST 91aa09bafe19725b 2016-03-24T23:34:32.500Z {"type":"click","target_tagname":"wizard","target_id":"TorNetworkSettings","detail":1}
INST 91aa09bafe19725b 2016-03-24T23:34:32.500Z {"type":"pagehide","target_tagname":"wizardpage","target_id":"proxy"}
INST 91aa09bafe19725b 2016-03-24T23:34:32.500Z {"type":"pageadvanced","target_tagname":"wizardpage","target_id":"proxy"}
INST 91aa09bafe19725b 2016-03-24T23:34:32.500Z {"type":"wizardnext","target_tagname":"wizard","target_id":"TorNetworkSettings"}
INST 91aa09bafe19725b 2016-03-24T23:34:32.600Z {"type":"pageshow","target_tagname":"wizardpage","target_id":"bridges"}
INST 91aa09bafe19725b 2016-03-24T23:34:32.600Z {"type":"command","target_tagname":"wizard","target_id":"TorNetworkSettings"}
INST 91aa09bafe19725b 2016-03-24T23:34:38.900Z {"type":"click","target_tagname":"radio","target_id":"bridgeRadioDefault","detail":1}
INST 91aa09bafe19725b 2016-03-24T23:34:38.900Z {"type":"command","target_tagname":"radio","target_id":"bridgeRadioDefault"}
INST 91aa09bafe19725b 2016-03-24T23:34:41.800Z {"type":"click","target_tagname":"wizard","target_id":"TorNetworkSettings","detail":1}
INST 91aa09bafe19725b 2016-03-24T23:34:41.800Z {"type":"pagehide","target_tagname":"wizardpage","target_id":"bridges"}
INST 91aa09bafe19725b 2016-03-24T23:34:41.800Z {"type":"pageadvanced","target_tagname":"wizardpage","target_id":"bridges"}
INST 91aa09bafe19725b 2016-03-24T23:34:41.800Z {"type":"wizardnext","target_tagname":"wizard","target_id":"TorNetworkSettings"}
INST 91aa09bafe19725b 2016-03-24T23:34:41.800Z {"type":"pageshow","target_tagname":"wizardpage","target_id":"summary"}
INST 91aa09bafe19725b 2016-03-24T23:34:41.800Z {"type":"command","target_tagname":"wizard","target_id":"TorNetworkSettings"}
INST 91aa09bafe19725b 2016-03-24T23:34:47.600Z {"type":"pagehide","target_tagname":"wizardpage","target_id":"summary"}
INST 91aa09bafe19725b 2016-03-24T23:34:47.600Z {"type":"pageadvanced","target_tagname":"wizardpage","target_id":"summary"}
INST 91aa09bafe19725b 2016-03-24T23:34:47.600Z {"type":"wizardnext","target_tagname":"wizard","target_id":"TorNetworkSettings"}
INST 91aa09bafe19725b 2016-03-24T23:34:47.600Z {"type":"pageshow","target_tagname":"wizardpage","target_id":"inlineprogress"}
INST 91aa09bafe19725b 2016-03-24T23:34:47.600Z {"type":"click","target_tagname":"wizard","target_id":"TorNetworkSettings","detail":1}
INST 91aa09bafe19725b 2016-03-24T23:34:53.900Z {"type":"progresschanged","target_tagname":"progressmeter","target_id":"progressMeter","value":5}
INST 91aa09bafe19725b 2016-03-24T23:34:53.900Z {"type":"good","target_tagname":"image","target_id":"progressbar","configurationSettings":"bridge-noproxy","number":1}
INST 91aa09bafe19725b 2016-03-24T23:34:53.900Z {"type":"progresschanged","target_tagname":"progressmeter","target_id":"progressMeter","value":10}
INST 91aa09bafe19725b 2016-03-24T23:34:53.900Z {"type":"good","target_tagname":"image","target_id":"progressbar","configurationSettings":"bridge-noproxy","number":1}
INST 91aa09bafe19725b 2016-03-24T23:35:02.700Z {"type":"click","target_tagname":"wizard","target_id":"TorNetworkSettings","detail":1}
INST 91aa09bafe19725b 2016-03-24T23:35:02.700Z {"type":"extra2","target_tagname":"wizardpage","target_id":"inlineprogress"}
INST 91aa09bafe19725b 2016-03-24T23:35:02.800Z {"type":"command","target_tagname":"wizard","target_id":"TorNetworkSettings"}
INST 91aa09bafe19725b 2016-03-24T23:35:02.900Z {"type":"popupshown","target_tagname":"panel","target_id":"copyLogFeedbackPanel"}
INST 91aa09bafe19725b 2016-03-24T23:35:06.900Z {"type":"popuphidden","target_tagname":"panel","target_id":"copyLogFeedbackPanel"}
INST 91aa09bafe19725b 2016-03-24T23:36:12.200Z {"type":"click","target_tagname":"wizard","target_id":"TorNetworkSettings","detail":1}
INST 91aa09bafe19725b 2016-03-24T23:36:12.200Z {"type":"wizardcancel","target_tagname":"wizard","target_id":"TorNetworkSettings"}
INST 91aa09bafe19725b 2016-03-24T23:36:12.200Z {"type":"command","target_tagname":"wizard","target_id":"TorNetworkSettings"}
INST 91aa09bafe19725b 2016-03-24T23:36:12.200Z {"type":"unload","target_id":"configuration"}
INST 7ed2d2197e4f9779 2016-03-24T23:36:14.600Z {"type":"start"}
INST 7ed2d2197e4f9779 2016-03-24T23:36:15.300Z {"type":"select","target_tagname":"menulist","target_id":"proxyType","value":""}
INST 7ed2d2197e4f9779 2016-03-24T23:36:15.300Z {"type":"wizardnext","target_tagname":"wizard","target_id":"TorNetworkSettings"}
INST 7ed2d2197e4f9779 2016-03-24T23:36:15.300Z {"type":"pageshow","target_tagname":"wizardpage","target_id":"first"}
INST 7ed2d2197e4f9779 2016-03-24T23:36:15.300Z {"type":"load","target_id":"configuration"}
INST 7ed2d2197e4f9779 2016-03-24T23:36:15.300Z {"type":"select","target_tagname":"menulist","target_id":"defaultBridgeType","value":"obfs3"}
INST 7ed2d2197e4f9779 2016-03-24T23:36:16.700Z {"type":"click","target_tagname":"button","target_id":"configure_button","detail":1}
INST 7ed2d2197e4f9779 2016-03-24T23:36:16.700Z {"type":"pagehide","target_tagname":"wizardpage","target_id":"first"}
INST 7ed2d2197e4f9779 2016-03-24T23:36:16.700Z {"type":"pageadvanced","target_tagname":"wizardpage","target_id":"first"}
INST 7ed2d2197e4f9779 2016-03-24T23:36:16.700Z {"type":"wizardnext","target_tagname":"wizard","target_id":"TorNetworkSettings"}
INST 7ed2d2197e4f9779 2016-03-24T23:36:16.700Z {"type":"pageshow","target_tagname":"wizardpage","target_id":"proxy"}
INST 7ed2d2197e4f9779 2016-03-24T23:36:16.700Z {"type":"command","target_tagname":"button","target_id":"configure_button"}
INST 7ed2d2197e4f9779 2016-03-24T23:36:19.800Z {"type":"click","target_tagname":"wizard","target_id":"TorNetworkSettings","detail":1}
INST 7ed2d2197e4f9779 2016-03-24T23:36:19.800Z {"type":"pagehide","target_tagname":"wizardpage","target_id":"proxy"}
INST 7ed2d2197e4f9779 2016-03-24T23:36:19.800Z {"type":"pageadvanced","target_tagname":"wizardpage","target_id":"proxy"}
INST 7ed2d2197e4f9779 2016-03-24T23:36:19.800Z {"type":"wizardnext","target_tagname":"wizard","target_id":"TorNetworkSettings"}
INST 7ed2d2197e4f9779 2016-03-24T23:36:19.800Z {"type":"pageshow","target_tagname":"wizardpage","target_id":"bridges"}
INST 7ed2d2197e4f9779 2016-03-24T23:36:19.800Z {"type":"command","target_tagname":"wizard","target_id":"TorNetworkSettings"}
INST 7ed2d2197e4f9779 2016-03-24T23:36:30.500Z {"type":"popupshown","target_tagname":"menupopup","target_id":"defaultBridgeType_menuPopup"}
INST 7ed2d2197e4f9779 2016-03-24T23:36:30.600Z {"type":"click","target_tagname":"menulist","target_id":"defaultBridgeType","value":"obfs3","detail":1}
INST 7ed2d2197e4f9779 2016-03-24T23:36:32.500Z {"type":"mouseover","target_tagname":"menuitem","target_id":"","value":"flashproxy"}
INST 7ed2d2197e4f9779 2016-03-24T23:36:32.600Z {"type":"mouseout","target_tagname":"menuitem","target_id":"","value":"flashproxy"}
INST 7ed2d2197e4f9779 2016-03-24T23:36:32.600Z {"type":"mouseover","target_tagname":"menuitem","target_id":"","value":"fte"}
INST 7ed2d2197e4f9779 2016-03-24T23:36:32.700Z {"type":"mouseout","target_tagname":"menuitem","target_id":"","value":"fte"}
INST 7ed2d2197e4f9779 2016-03-24T23:36:32.700Z {"type":"mouseover","target_tagname":"menuitem","target_id":"","value":"fte-ipv6"}
INST 7ed2d2197e4f9779 2016-03-24T23:36:32.700Z {"type":"mouseout","target_tagname":"menuitem","target_id":"","value":"fte-ipv6"}
INST 7ed2d2197e4f9779 2016-03-24T23:36:32.700Z {"type":"mouseover","target_tagname":"menuitem","target_id":"","value":"meek-amazon"}
INST 7ed2d2197e4f9779 2016-03-24T23:36:32.900Z {"type":"mouseout","target_tagname":"menuitem","target_id":"","value":"meek-amazon"}
INST 7ed2d2197e4f9779 2016-03-24T23:36:32.900Z {"type":"mouseover","target_tagname":"menuitem","target_id":"","value":"meek-azure"}
INST 7ed2d2197e4f9779 2016-03-24T23:36:33.100Z {"type":"mouseout","target_tagname":"menuitem","target_id":"","value":"meek-azure"}
INST 7ed2d2197e4f9779 2016-03-24T23:36:33.100Z {"type":"mouseover","target_tagname":"menuitem","target_id":"","value":"meek-google"}
INST 7ed2d2197e4f9779 2016-03-24T23:36:35.500Z {"type":"click","target_tagname":"menuitem","target_id":"","value":"meek-google","detail":1}
INST 7ed2d2197e4f9779 2016-03-24T23:36:35.500Z {"type":"select","target_tagname":"menulist","target_id":"defaultBridgeType","value":"meek-google"}
INST 7ed2d2197e4f9779 2016-03-24T23:36:35.500Z {"type":"command","target_tagname":"menuitem","target_id":"","value":"meek-google"}
INST 7ed2d2197e4f9779 2016-03-24T23:36:35.500Z {"type":"popuphidden","target_tagname":"menupopup","target_id":"defaultBridgeType_menuPopup"}
INST 7ed2d2197e4f9779 2016-03-24T23:36:35.500Z {"type":"mouseout","target_tagname":"menuitem","target_id":"","value":"meek-google"}
INST 7ed2d2197e4f9779 2016-03-24T23:36:37.600Z {"type":"click","target_tagname":"wizard","target_id":"TorNetworkSettings","detail":1}
INST 7ed2d2197e4f9779 2016-03-24T23:36:37.600Z {"type":"pagehide","target_tagname":"wizardpage","target_id":"bridges"}
INST 7ed2d2197e4f9779 2016-03-24T23:36:37.600Z {"type":"pageadvanced","target_tagname":"wizardpage","target_id":"bridges"}
INST 7ed2d2197e4f9779 2016-03-24T23:36:37.600Z {"type":"wizardnext","target_tagname":"wizard","target_id":"TorNetworkSettings"}
INST 7ed2d2197e4f9779 2016-03-24T23:36:37.600Z {"type":"pageshow","target_tagname":"wizardpage","target_id":"summary"}
INST 7ed2d2197e4f9779 2016-03-24T23:36:37.600Z {"type":"command","target_tagname":"wizard","target_id":"TorNetworkSettings"}
INST 7ed2d2197e4f9779 2016-03-24T23:36:40.700Z {"type":"pagehide","target_tagname":"wizardpage","target_id":"summary"}
INST 7ed2d2197e4f9779 2016-03-24T23:36:40.700Z {"type":"pageadvanced","target_tagname":"wizardpage","target_id":"summary"}
INST 7ed2d2197e4f9779 2016-03-24T23:36:40.700Z {"type":"wizardnext","target_tagname":"wizard","target_id":"TorNetworkSettings"}
INST 7ed2d2197e4f9779 2016-03-24T23:36:40.700Z {"type":"pageshow","target_tagname":"wizardpage","target_id":"inlineprogress"}
INST 7ed2d2197e4f9779 2016-03-24T23:36:40.700Z {"type":"click","target_tagname":"wizard","target_id":"TorNetworkSettings","detail":1}
INST 7ed2d2197e4f9779 2016-03-24T23:36:45.200Z {"type":"progresschanged","target_tagname":"progressmeter","target_id":"progressMeter","value":5}
INST 7ed2d2197e4f9779 2016-03-24T23:36:45.200Z {"type":"good","target_tagname":"image","target_id":"progressbar","configurationSettings":"bridge-noproxy","number":1}
INST 7ed2d2197e4f9779 2016-03-24T23:36:45.200Z {"type":"progresschanged","target_tagname":"progressmeter","target_id":"progressMeter","value":10}
INST 7ed2d2197e4f9779 2016-03-24T23:36:45.200Z {"type":"good","target_tagname":"image","target_id":"progressbar","configurationSettings":"bridge-noproxy","number":1}
INST 7ed2d2197e4f9779 2016-03-24T23:37:44.200Z {"type":"click","target_tagname":"wizard","target_id":"TorNetworkSettings","detail":1}
INST 7ed2d2197e4f9779 2016-03-24T23:37:44.200Z {"type":"wizardcancel","target_tagname":"wizard","target_id":"TorNetworkSettings"}
INST 7ed2d2197e4f9779 2016-03-24T23:37:44.200Z {"type":"command","target_tagname":"wizard","target_id":"TorNetworkSettings"}
INST 7ed2d2197e4f9779 2016-03-24T23:37:44.200Z {"type":"unload","target_id":"configuration"}
INST 8ef4cd2c9d19af1c 2016-03-24T23:37:46.400Z {"type":"start"}
INST 8ef4cd2c9d19af1c 2016-03-24T23:37:47.000Z {"type":"select","target_tagname":"menulist","target_id":"proxyType","value":""}
INST 8ef4cd2c9d19af1c 2016-03-24T23:37:47.000Z {"type":"wizardnext","target_tagname":"wizard","target_id":"TorNetworkSettings"}
INST 8ef4cd2c9d19af1c 2016-03-24T23:37:47.000Z {"type":"pageshow","target_tagname":"wizardpage","target_id":"first"}
INST 8ef4cd2c9d19af1c 2016-03-24T23:37:47.100Z {"type":"load","target_id":"configuration"}
INST 8ef4cd2c9d19af1c 2016-03-24T23:37:47.100Z {"type":"select","target_tagname":"menulist","target_id":"defaultBridgeType","value":"meek-google"}
INST 8ef4cd2c9d19af1c 2016-03-24T23:37:48.100Z {"type":"click","target_tagname":"button","target_id":"configure_button","detail":1}
INST 8ef4cd2c9d19af1c 2016-03-24T23:37:48.100Z {"type":"pagehide","target_tagname":"wizardpage","target_id":"first"}
INST 8ef4cd2c9d19af1c 2016-03-24T23:37:48.100Z {"type":"pageadvanced","target_tagname":"wizardpage","target_id":"first"}
INST 8ef4cd2c9d19af1c 2016-03-24T23:37:48.100Z {"type":"wizardnext","target_tagname":"wizard","target_id":"TorNetworkSettings"}
INST 8ef4cd2c9d19af1c 2016-03-24T23:37:48.100Z {"type":"pageshow","target_tagname":"wizardpage","target_id":"proxy"}
INST 8ef4cd2c9d19af1c 2016-03-24T23:37:48.100Z {"type":"command","target_tagname":"button","target_id":"configure_button"}
INST 8ef4cd2c9d19af1c 2016-03-24T23:37:49.600Z {"type":"click","target_tagname":"wizard","target_id":"TorNetworkSettings","detail":1}
INST 8ef4cd2c9d19af1c 2016-03-24T23:37:49.600Z {"type":"pagehide","target_tagname":"wizardpage","target_id":"proxy"}
INST 8ef4cd2c9d19af1c 2016-03-24T23:37:49.600Z {"type":"pageadvanced","target_tagname":"wizardpage","target_id":"proxy"}
INST 8ef4cd2c9d19af1c 2016-03-24T23:37:49.600Z {"type":"wizardnext","target_tagname":"wizard","target_id":"TorNetworkSettings"}
INST 8ef4cd2c9d19af1c 2016-03-24T23:37:49.600Z {"type":"pageshow","target_tagname":"wizardpage","target_id":"bridges"}
INST 8ef4cd2c9d19af1c 2016-03-24T23:37:49.600Z {"type":"command","target_tagname":"wizard","target_id":"TorNetworkSettings"}
INST 8ef4cd2c9d19af1c 2016-03-24T23:37:50.800Z {"type":"popupshown","target_tagname":"menupopup","target_id":"defaultBridgeType_menuPopup"}
INST 8ef4cd2c9d19af1c 2016-03-24T23:37:50.900Z {"type":"click","target_tagname":"menulist","target_id":"defaultBridgeType","value":"meek-google","detail":1}
INST 8ef4cd2c9d19af1c 2016-03-24T23:37:51.200Z {"type":"mouseover","target_tagname":"menuitem","target_id":"","value":"flashproxy"}
INST 8ef4cd2c9d19af1c 2016-03-24T23:37:51.200Z {"type":"mouseout","target_tagname":"menuitem","target_id":"","value":"flashproxy"}
INST 8ef4cd2c9d19af1c 2016-03-24T23:37:51.200Z {"type":"mouseover","target_tagname":"menuitem","target_id":"","value":"fte"}
INST 8ef4cd2c9d19af1c 2016-03-24T23:37:51.500Z {"type":"mouseout","target_tagname":"menuitem","target_id":"","value":"fte"}
INST 8ef4cd2c9d19af1c 2016-03-24T23:37:51.500Z {"type":"mouseover","target_tagname":"menuitem","target_id":"","value":"fte-ipv6"}
INST 8ef4cd2c9d19af1c 2016-03-24T23:37:53.400Z {"type":"mouseout","target_tagname":"menuitem","target_id":"","value":"fte-ipv6"}
INST 8ef4cd2c9d19af1c 2016-03-24T23:37:53.400Z {"type":"mouseover","target_tagname":"menuitem","target_id":"","value":"meek-amazon"}
INST 8ef4cd2c9d19af1c 2016-03-24T23:37:53.900Z {"type":"mouseout","target_tagname":"menuitem","target_id":"","value":"meek-amazon"}
INST 8ef4cd2c9d19af1c 2016-03-24T23:37:53.900Z {"type":"mouseover","target_tagname":"menuitem","target_id":"","value":"meek-azure"}
INST 8ef4cd2c9d19af1c 2016-03-24T23:37:55.300Z {"type":"mouseout","target_tagname":"menuitem","target_id":"","value":"meek-azure"}
INST 8ef4cd2c9d19af1c 2016-03-24T23:37:55.300Z {"type":"mouseover","target_tagname":"menuitem","target_id":"","value":"meek-amazon"}
INST 8ef4cd2c9d19af1c 2016-03-24T23:37:57.700Z {"type":"click","target_tagname":"menuitem","target_id":"","value":"meek-amazon","detail":1}
INST 8ef4cd2c9d19af1c 2016-03-24T23:37:57.700Z {"type":"select","target_tagname":"menulist","target_id":"defaultBridgeType","value":"meek-amazon"}
INST 8ef4cd2c9d19af1c 2016-03-24T23:37:57.700Z {"type":"command","target_tagname":"menuitem","target_id":"","value":"meek-amazon"}
INST 8ef4cd2c9d19af1c 2016-03-24T23:37:57.700Z {"type":"popuphidden","target_tagname":"menupopup","target_id":"defaultBridgeType_menuPopup"}
INST 8ef4cd2c9d19af1c 2016-03-24T23:37:57.700Z {"type":"mouseout","target_tagname":"menuitem","target_id":"","value":"meek-amazon"}
INST 8ef4cd2c9d19af1c 2016-03-24T23:37:59.400Z {"type":"click","target_tagname":"wizard","target_id":"TorNetworkSettings","detail":1}
INST 8ef4cd2c9d19af1c 2016-03-24T23:37:59.400Z {"type":"pagehide","target_tagname":"wizardpage","target_id":"bridges"}
INST 8ef4cd2c9d19af1c 2016-03-24T23:37:59.400Z {"type":"pageadvanced","target_tagname":"wizardpage","target_id":"bridges"}
INST 8ef4cd2c9d19af1c 2016-03-24T23:37:59.400Z {"type":"wizardnext","target_tagname":"wizard","target_id":"TorNetworkSettings"}
INST 8ef4cd2c9d19af1c 2016-03-24T23:37:59.400Z {"type":"pageshow","target_tagname":"wizardpage","target_id":"summary"}
INST 8ef4cd2c9d19af1c 2016-03-24T23:37:59.400Z {"type":"command","target_tagname":"wizard","target_id":"TorNetworkSettings"}
INST 8ef4cd2c9d19af1c 2016-03-24T23:38:00.700Z {"type":"pagehide","target_tagname":"wizardpage","target_id":"summary"}
INST 8ef4cd2c9d19af1c 2016-03-24T23:38:00.700Z {"type":"pageadvanced","target_tagname":"wizardpage","target_id":"summary"}
INST 8ef4cd2c9d19af1c 2016-03-24T23:38:00.800Z {"type":"wizardnext","target_tagname":"wizard","target_id":"TorNetworkSettings"}
INST 8ef4cd2c9d19af1c 2016-03-24T23:38:00.800Z {"type":"pageshow","target_tagname":"wizardpage","target_id":"inlineprogress"}
INST 8ef4cd2c9d19af1c 2016-03-24T23:38:00.800Z {"type":"click","target_tagname":"wizard","target_id":"TorNetworkSettings","detail":1}
INST 8ef4cd2c9d19af1c 2016-03-24T23:38:04.900Z {"type":"progresschanged","target_tagname":"progressmeter","target_id":"progressMeter","value":5}
INST 8ef4cd2c9d19af1c 2016-03-24T23:38:04.900Z {"type":"good","target_tagname":"image","target_id":"progressbar","configurationSettings":"bridge-noproxy","number":1}
INST 8ef4cd2c9d19af1c 2016-03-24T23:38:04.900Z {"type":"progresschanged","target_tagname":"progressmeter","target_id":"progressMeter","value":10}
INST 8ef4cd2c9d19af1c 2016-03-24T23:38:04.900Z {"type":"good","target_tagname":"image","target_id":"progressbar","configurationSettings":"bridge-noproxy","number":1}
INST 8ef4cd2c9d19af1c 2016-03-24T23:38:06.000Z {"type":"progresschanged","target_tagname":"progressmeter","target_id":"progressMeter","value":15}
INST 8ef4cd2c9d19af1c 2016-03-24T23:38:06.000Z {"type":"good","target_tagname":"image","target_id":"progressbar","configurationSettings":"bridge-noproxy","number":1}
INST 8ef4cd2c9d19af1c 2016-03-24T23:38:06.300Z {"type":"progresschanged","target_tagname":"progressmeter","target_id":"progressMeter","value":20}
INST 8ef4cd2c9d19af1c 2016-03-24T23:38:06.300Z {"type":"good","target_tagname":"image","target_id":"progressbar","configurationSettings":"bridge-noproxy","number":1}
INST 8ef4cd2c9d19af1c 2016-03-24T23:38:07.500Z {"type":"progresschanged","target_tagname":"progressmeter","target_id":"progressMeter","value":25}
INST 8ef4cd2c9d19af1c 2016-03-24T23:38:07.500Z {"type":"good","target_tagname":"image","target_id":"progressbar","configurationSettings":"bridge-noproxy","number":2}
INST 8ef4cd2c9d19af1c 2016-03-24T23:38:13.700Z {"type":"progresschanged","target_tagname":"progressmeter","target_id":"progressMeter","value":40}
INST 8ef4cd2c9d19af1c 2016-03-24T23:38:13.700Z {"type":"good","target_tagname":"image","target_id":"progressbar","configurationSettings":"bridge-noproxy","number":2}
INST 8ef4cd2c9d19af1c 2016-03-24T23:38:14.500Z {"type":"progresschanged","target_tagname":"progressmeter","target_id":"progressMeter","value":45}
INST 8ef4cd2c9d19af1c 2016-03-24T23:38:14.500Z {"type":"good","target_tagname":"image","target_id":"progressbar","configurationSettings":"bridge-noproxy","number":2}
INST 8ef4cd2c9d19af1c 2016-03-24T23:38:14.700Z {"type":"progresschanged","target_tagname":"progressmeter","target_id":"progressMeter","value":50}
INST 8ef4cd2c9d19af1c 2016-03-24T23:38:14.700Z {"type":"good","target_tagname":"image","target_id":"progressbar","configurationSettings":"bridge-noproxy","number":2}
INST 8ef4cd2c9d19af1c 2016-03-24T23:38:26.300Z {"type":"progresschanged","target_tagname":"progressmeter","target_id":"progressMeter","value":51}
INST 8ef4cd2c9d19af1c 2016-03-24T23:38:26.300Z {"type":"good","target_tagname":"image","target_id":"progressbar","configurationSettings":"bridge-noproxy","number":2}
INST 8ef4cd2c9d19af1c 2016-03-24T23:38:29.000Z {"type":"progresschanged","target_tagname":"progressmeter","target_id":"progressMeter","value":52}
INST 8ef4cd2c9d19af1c 2016-03-24T23:38:29.000Z {"type":"good","target_tagname":"image","target_id":"progressbar","configurationSettings":"bridge-noproxy","number":2}
INST 8ef4cd2c9d19af1c 2016-03-24T23:38:29.300Z {"type":"progresschanged","target_tagname":"progressmeter","target_id":"progressMeter","value":54}
INST 8ef4cd2c9d19af1c 2016-03-24T23:38:29.300Z {"type":"good","target_tagname":"image","target_id":"progressbar","configurationSettings":"bridge-noproxy","number":2}
INST 8ef4cd2c9d19af1c 2016-03-24T23:38:29.300Z {"type":"progresschanged","target_tagname":"progressmeter","target_id":"progressMeter","value":56}
INST 8ef4cd2c9d19af1c 2016-03-24T23:38:29.300Z {"type":"good","target_tagname":"image","target_id":"progressbar","configurationSettings":"bridge-noproxy","number":2}
INST 8ef4cd2c9d19af1c 2016-03-24T23:38:29.300Z {"type":"progresschanged","target_tagname":"progressmeter","target_id":"progressMeter","value":59}
INST 8ef4cd2c9d19af1c 2016-03-24T23:38:29.300Z {"type":"good","target_tagname":"image","target_id":"progressbar","configurationSettings":"bridge-noproxy","number":2}
INST 8ef4cd2c9d19af1c 2016-03-24T23:38:29.300Z {"type":"progresschanged","target_tagname":"progressmeter","target_id":"progressMeter","value":64}
INST 8ef4cd2c9d19af1c 2016-03-24T23:38:29.300Z {"type":"good","target_tagname":"image","target_id":"progressbar","configurationSettings":"bridge-noproxy","number":2}
INST 8ef4cd2c9d19af1c 2016-03-24T23:38:29.300Z {"type":"progresschanged","target_tagname":"progressmeter","target_id":"progressMeter","value":69}
INST 8ef4cd2c9d19af1c 2016-03-24T23:38:29.300Z {"type":"good","target_tagname":"image","target_id":"progressbar","configurationSettings":"bridge-noproxy","number":2}
INST 8ef4cd2c9d19af1c 2016-03-24T23:38:29.300Z {"type":"progresschanged","target_tagname":"progressmeter","target_id":"progressMeter","value":76}
INST 8ef4cd2c9d19af1c 2016-03-24T23:38:29.300Z {"type":"good","target_tagname":"image","target_id":"progressbar","configurationSettings":"bridge-noproxy","number":2}
INST 8ef4cd2c9d19af1c 2016-03-24T23:38:29.900Z {"type":"progresschanged","target_tagname":"progressmeter","target_id":"progressMeter","value":80}
INST 8ef4cd2c9d19af1c 2016-03-24T23:38:29.900Z {"type":"good","target_tagname":"image","target_id":"progressbar","configurationSettings":"bridge-noproxy","number":2}
INST 8ef4cd2c9d19af1c 2016-03-24T23:38:29.900Z {"type":"progresschanged","target_tagname":"progressmeter","target_id":"progressMeter","value":90}
INST 8ef4cd2c9d19af1c 2016-03-24T23:38:29.900Z {"type":"good","target_tagname":"image","target_id":"progressbar","configurationSettings":"bridge-noproxy","number":3}
INST 8ef4cd2c9d19af1c 2016-03-24T23:38:31.200Z {"type":"progresschanged","target_tagname":"progressmeter","target_id":"progressMeter","value":100}
INST 8ef4cd2c9d19af1c 2016-03-24T23:38:31.200Z {"type":"good","target_tagname":"image","target_id":"progressbar","configurationSettings":"bridge-noproxy","number":4}
INST 8ef4cd2c9d19af1c 2016-03-24T23:38:31.400Z {"type":"unload","target_id":"configuration"}
