INST 473fccc014dd629c 2016-03-23T21:22:59.900Z {"type":"start"}
INST 473fccc014dd629c 2016-03-23T21:23:01.100Z {"type":"select","target_tagname":"menulist","target_id":"proxyType","value":""}
INST 473fccc014dd629c 2016-03-23T21:23:01.100Z {"type":"wizardnext","target_tagname":"wizard","target_id":"TorNetworkSettings"}
INST 473fccc014dd629c 2016-03-23T21:23:01.100Z {"type":"pageshow","target_tagname":"wizardpage","target_id":"first"}
INST 473fccc014dd629c 2016-03-23T21:23:01.100Z {"type":"load","target_id":"configuration"}
INST 473fccc014dd629c 2016-03-23T21:23:01.100Z {"type":"select","target_tagname":"menulist","target_id":"defaultBridgeType","value":"obfs3"}
INST 473fccc014dd629c 2016-03-23T21:23:10.000Z {"type":"click","target_tagname":"button","target_id":"connect_button","detail":1}
INST 473fccc014dd629c 2016-03-23T21:23:10.000Z {"type":"pagehide","target_tagname":"wizardpage","target_id":"first"}
INST 473fccc014dd629c 2016-03-23T21:23:10.000Z {"type":"pageadvanced","target_tagname":"wizardpage","target_id":"first"}
INST 473fccc014dd629c 2016-03-23T21:23:10.000Z {"type":"wizardnext","target_tagname":"wizard","target_id":"TorNetworkSettings"}
INST 473fccc014dd629c 2016-03-23T21:23:10.000Z {"type":"pageshow","target_tagname":"wizardpage","target_id":"inlineprogress"}
INST 473fccc014dd629c 2016-03-23T21:23:10.000Z {"type":"command","target_tagname":"button","target_id":"connect_button"}
INST 473fccc014dd629c 2016-03-23T21:23:10.200Z {"type":"click","target_tagname":"image","target_id":"progressbar","detail":2}
INST 473fccc014dd629c 2016-03-23T21:23:10.500Z {"type":"progresschanged","target_tagname":"progressmeter","target_id":"progressMeter","value":5}
INST 473fccc014dd629c 2016-03-23T21:23:10.500Z {"type":"good","target_tagname":"image","target_id":"progressbar","configurationSettings":"nobridge-noproxy","number":1}
INST 473fccc014dd629c 2016-03-23T21:23:10.500Z {"type":"progresschanged","target_tagname":"progressmeter","target_id":"progressMeter","value":5}
INST 473fccc014dd629c 2016-03-23T21:23:10.500Z {"type":"good","target_tagname":"image","target_id":"progressbar","configurationSettings":"nobridge-noproxy","number":1}
INST 473fccc014dd629c 2016-03-23T21:23:10.500Z {"type":"progresschanged","target_tagname":"progressmeter","target_id":"progressMeter","value":5}
INST 473fccc014dd629c 2016-03-23T21:23:10.500Z {"type":"good","target_tagname":"image","target_id":"progressbar","configurationSettings":"nobridge-noproxy","number":1}
INST 473fccc014dd629c 2016-03-23T21:24:11.500Z {"type":"progresschanged","target_tagname":"progressmeter","target_id":"progressMeter","value":5}
INST 473fccc014dd629c 2016-03-23T21:24:11.500Z {"type":"good","target_tagname":"image","target_id":"progressbar","configurationSettings":"nobridge-noproxy","number":1}
INST 473fccc014dd629c 2016-03-23T21:29:16.500Z {"type":"progresschanged","target_tagname":"progressmeter","target_id":"progressMeter","value":5}
INST 473fccc014dd629c 2016-03-23T21:29:16.500Z {"type":"good","target_tagname":"image","target_id":"progressbar","configurationSettings":"nobridge-noproxy","number":1}
INST 473fccc014dd629c 2016-03-23T21:38:16.800Z {"type":"click","target_tagname":"image","target_id":"progressbar","detail":1}
INST 473fccc014dd629c 2016-03-23T21:38:17.300Z {"type":"click","target_tagname":"image","target_id":"progressbar","detail":1}
INST 473fccc014dd629c 2016-03-23T21:38:17.700Z {"type":"click","target_tagname":"image","target_id":"progressbar","detail":2}
INST 473fccc014dd629c 2016-03-23T21:38:18.000Z {"type":"click","target_tagname":"image","target_id":"progressbar","detail":3}
INST 473fccc014dd629c 2016-03-23T21:38:19.100Z {"type":"click","target_tagname":"image","target_id":"progressbar","detail":1}
INST 473fccc014dd629c 2016-03-23T21:38:19.500Z {"type":"click","target_tagname":"image","target_id":"progressbar","detail":1}
INST 473fccc014dd629c 2016-03-23T21:38:20.000Z {"type":"click","target_tagname":"image","target_id":"progressbar","detail":1}
INST 473fccc014dd629c 2016-03-23T21:39:26.500Z {"type":"progresschanged","target_tagname":"progressmeter","target_id":"progressMeter","value":5}
INST 473fccc014dd629c 2016-03-23T21:39:26.500Z {"type":"good","target_tagname":"image","target_id":"progressbar","configurationSettings":"nobridge-noproxy","number":1}
INST 473fccc014dd629c 2016-03-23T21:44:00.500Z {"type":"click","target_tagname":"image","target_id":"progressbar","detail":1}
INST 473fccc014dd629c 2016-03-23T21:44:00.800Z {"type":"click","target_tagname":"image","target_id":"progressbar","detail":2}
INST 473fccc014dd629c 2016-03-23T21:44:01.000Z {"type":"click","target_tagname":"image","target_id":"progressbar","detail":3}
INST 473fccc014dd629c 2016-03-23T21:45:04.800Z {"type":"click","target_tagname":"image","target_id":"progressbar","detail":1}
INST 473fccc014dd629c 2016-03-23T21:45:05.000Z {"type":"click","target_tagname":"image","target_id":"progressbar","detail":1}
INST 473fccc014dd629c 2016-03-23T21:45:05.200Z {"type":"click","target_tagname":"image","target_id":"progressbar","detail":2}
INST 473fccc014dd629c 2016-03-23T21:45:06.200Z {"type":"click","target_tagname":"image","target_id":"progressbar","detail":1}
INST 473fccc014dd629c 2016-03-23T21:45:06.500Z {"type":"click","target_tagname":"image","target_id":"progressbar","detail":2}
INST 473fccc014dd629c 2016-03-23T21:45:06.700Z {"type":"click","target_tagname":"image","target_id":"progressbar","detail":2}
INST 473fccc014dd629c 2016-03-23T21:45:06.900Z {"type":"click","target_tagname":"image","target_id":"progressbar","detail":1}
INST 473fccc014dd629c 2016-03-23T21:45:15.100Z {"type":"wizardcancel","target_tagname":"wizard","target_id":"TorNetworkSettings"}
INST 473fccc014dd629c 2016-03-23T21:45:15.100Z {"type":"unload","target_id":"configuration"}
INST 4189895e00997efa 2016-03-23T21:45:19.200Z {"type":"start"}
INST 4189895e00997efa 2016-03-23T21:45:19.900Z {"type":"select","target_tagname":"menulist","target_id":"proxyType","value":""}
INST 4189895e00997efa 2016-03-23T21:45:19.900Z {"type":"wizardnext","target_tagname":"wizard","target_id":"TorNetworkSettings"}
INST 4189895e00997efa 2016-03-23T21:45:19.900Z {"type":"pageshow","target_tagname":"wizardpage","target_id":"first"}
INST 4189895e00997efa 2016-03-23T21:45:19.900Z {"type":"load","target_id":"configuration"}
INST 4189895e00997efa 2016-03-23T21:45:19.900Z {"type":"select","target_tagname":"menulist","target_id":"defaultBridgeType","value":"obfs3"}
INST 4189895e00997efa 2016-03-23T21:45:23.600Z {"type":"click","target_tagname":"button","target_id":"connect_button","detail":1}
INST 4189895e00997efa 2016-03-23T21:45:23.600Z {"type":"pagehide","target_tagname":"wizardpage","target_id":"first"}
INST 4189895e00997efa 2016-03-23T21:45:23.600Z {"type":"pageadvanced","target_tagname":"wizardpage","target_id":"first"}
INST 4189895e00997efa 2016-03-23T21:45:23.600Z {"type":"wizardnext","target_tagname":"wizard","target_id":"TorNetworkSettings"}
INST 4189895e00997efa 2016-03-23T21:45:23.600Z {"type":"pageshow","target_tagname":"wizardpage","target_id":"inlineprogress"}
INST 4189895e00997efa 2016-03-23T21:45:23.600Z {"type":"command","target_tagname":"button","target_id":"connect_button"}
INST 4189895e00997efa 2016-03-23T21:45:23.800Z {"type":"progresschanged","target_tagname":"progressmeter","target_id":"progressMeter","value":5}
INST 4189895e00997efa 2016-03-23T21:45:23.800Z {"type":"good","target_tagname":"image","target_id":"progressbar","configurationSettings":"nobridge-noproxy","number":1}
INST 4189895e00997efa 2016-03-23T21:45:23.800Z {"type":"progresschanged","target_tagname":"progressmeter","target_id":"progressMeter","value":5}
INST 4189895e00997efa 2016-03-23T21:45:23.800Z {"type":"good","target_tagname":"image","target_id":"progressbar","configurationSettings":"nobridge-noproxy","number":1}
INST 4189895e00997efa 2016-03-23T21:45:23.800Z {"type":"progresschanged","target_tagname":"progressmeter","target_id":"progressMeter","value":5}
INST 4189895e00997efa 2016-03-23T21:45:23.800Z {"type":"good","target_tagname":"image","target_id":"progressbar","configurationSettings":"nobridge-noproxy","number":1}
INST 4189895e00997efa 2016-03-23T21:46:24.800Z {"type":"progresschanged","target_tagname":"progressmeter","target_id":"progressMeter","value":5}
INST 4189895e00997efa 2016-03-23T21:46:24.800Z {"type":"good","target_tagname":"image","target_id":"progressbar","configurationSettings":"nobridge-noproxy","number":1}
INST 4189895e00997efa 2016-03-23T21:47:18.200Z {"type":"wizardcancel","target_tagname":"wizard","target_id":"TorNetworkSettings"}
INST 4189895e00997efa 2016-03-23T21:47:18.200Z {"type":"unload","target_id":"configuration"}
INST 9c8c1e4baf84618c 2016-03-23T21:47:49.700Z {"type":"start"}
INST 9c8c1e4baf84618c 2016-03-23T21:47:50.400Z {"type":"select","target_tagname":"menulist","target_id":"proxyType","value":""}
INST 9c8c1e4baf84618c 2016-03-23T21:47:50.400Z {"type":"wizardnext","target_tagname":"wizard","target_id":"TorNetworkSettings"}
INST 9c8c1e4baf84618c 2016-03-23T21:47:50.400Z {"type":"pageshow","target_tagname":"wizardpage","target_id":"first"}
INST 9c8c1e4baf84618c 2016-03-23T21:47:50.500Z {"type":"load","target_id":"configuration"}
INST 9c8c1e4baf84618c 2016-03-23T21:47:50.500Z {"type":"select","target_tagname":"menulist","target_id":"defaultBridgeType","value":"obfs3"}
INST 9c8c1e4baf84618c 2016-03-23T21:47:57.100Z {"type":"click","target_tagname":"button","target_id":"connect_button","detail":1}
INST 9c8c1e4baf84618c 2016-03-23T21:47:57.100Z {"type":"pagehide","target_tagname":"wizardpage","target_id":"first"}
INST 9c8c1e4baf84618c 2016-03-23T21:47:57.100Z {"type":"pageadvanced","target_tagname":"wizardpage","target_id":"first"}
INST 9c8c1e4baf84618c 2016-03-23T21:47:57.100Z {"type":"wizardnext","target_tagname":"wizard","target_id":"TorNetworkSettings"}
INST 9c8c1e4baf84618c 2016-03-23T21:47:57.100Z {"type":"pageshow","target_tagname":"wizardpage","target_id":"inlineprogress"}
INST 9c8c1e4baf84618c 2016-03-23T21:47:57.100Z {"type":"command","target_tagname":"button","target_id":"connect_button"}
INST 9c8c1e4baf84618c 2016-03-23T21:47:57.200Z {"type":"progresschanged","target_tagname":"progressmeter","target_id":"progressMeter","value":5}
INST 9c8c1e4baf84618c 2016-03-23T21:47:57.200Z {"type":"good","target_tagname":"image","target_id":"progressbar","configurationSettings":"nobridge-noproxy","number":1}
INST 9c8c1e4baf84618c 2016-03-23T21:47:57.200Z {"type":"progresschanged","target_tagname":"progressmeter","target_id":"progressMeter","value":5}
INST 9c8c1e4baf84618c 2016-03-23T21:47:57.200Z {"type":"good","target_tagname":"image","target_id":"progressbar","configurationSettings":"nobridge-noproxy","number":1}
INST 9c8c1e4baf84618c 2016-03-23T21:47:57.300Z {"type":"progresschanged","target_tagname":"progressmeter","target_id":"progressMeter","value":5}
INST 9c8c1e4baf84618c 2016-03-23T21:47:57.300Z {"type":"good","target_tagname":"image","target_id":"progressbar","configurationSettings":"nobridge-noproxy","number":1}
INST 9c8c1e4baf84618c 2016-03-23T21:48:58.200Z {"type":"progresschanged","target_tagname":"progressmeter","target_id":"progressMeter","value":5}
INST 9c8c1e4baf84618c 2016-03-23T21:48:58.200Z {"type":"good","target_tagname":"image","target_id":"progressbar","configurationSettings":"nobridge-noproxy","number":1}
INST 9c8c1e4baf84618c 2016-03-23T21:54:03.200Z {"type":"progresschanged","target_tagname":"progressmeter","target_id":"progressMeter","value":5}
INST 9c8c1e4baf84618c 2016-03-23T21:54:03.200Z {"type":"good","target_tagname":"image","target_id":"progressbar","configurationSettings":"nobridge-noproxy","number":1}
INST 9c8c1e4baf84618c 2016-03-23T22:04:13.200Z {"type":"progresschanged","target_tagname":"progressmeter","target_id":"progressMeter","value":5}
INST 9c8c1e4baf84618c 2016-03-23T22:04:13.200Z {"type":"good","target_tagname":"image","target_id":"progressbar","configurationSettings":"nobridge-noproxy","number":1}
