INST 8d5ad5554ecb0037 2016-03-28T21:18:59.800Z {"type":"start"}
INST 8d5ad5554ecb0037 2016-03-28T21:19:00.900Z {"type":"select","target_tagname":"menulist","target_id":"proxyType","value":""}
INST 8d5ad5554ecb0037 2016-03-28T21:19:00.900Z {"type":"wizardnext","target_tagname":"wizard","target_id":"TorNetworkSettings"}
INST 8d5ad5554ecb0037 2016-03-28T21:19:00.900Z {"type":"pageshow","target_tagname":"wizardpage","target_id":"first"}
INST 8d5ad5554ecb0037 2016-03-28T21:19:00.900Z {"type":"load","target_id":"configuration"}
INST 8d5ad5554ecb0037 2016-03-28T21:19:00.900Z {"type":"select","target_tagname":"menulist","target_id":"defaultBridgeType","value":"obfs3"}
INST 8d5ad5554ecb0037 2016-03-28T21:19:06.800Z {"type":"click","target_tagname":"button","target_id":"connect_button","detail":1}
INST 8d5ad5554ecb0037 2016-03-28T21:19:06.800Z {"type":"pagehide","target_tagname":"wizardpage","target_id":"first"}
INST 8d5ad5554ecb0037 2016-03-28T21:19:06.800Z {"type":"pageadvanced","target_tagname":"wizardpage","target_id":"first"}
INST 8d5ad5554ecb0037 2016-03-28T21:19:06.800Z {"type":"wizardnext","target_tagname":"wizard","target_id":"TorNetworkSettings"}
INST 8d5ad5554ecb0037 2016-03-28T21:19:06.800Z {"type":"pageshow","target_tagname":"wizardpage","target_id":"inlineprogress"}
INST 8d5ad5554ecb0037 2016-03-28T21:19:06.800Z {"type":"command","target_tagname":"button","target_id":"connect_button"}
INST 8d5ad5554ecb0037 2016-03-28T21:19:07.400Z {"type":"progresschanged","target_tagname":"progressmeter","target_id":"progressMeter","value":5}
INST 8d5ad5554ecb0037 2016-03-28T21:19:07.400Z {"type":"good","target_tagname":"image","target_id":"progressbar","configurationSettings":"nobridge-noproxy","number":1}
INST 8d5ad5554ecb0037 2016-03-28T21:19:07.400Z {"type":"progresschanged","target_tagname":"progressmeter","target_id":"progressMeter","value":5}
INST 8d5ad5554ecb0037 2016-03-28T21:19:07.400Z {"type":"good","target_tagname":"image","target_id":"progressbar","configurationSettings":"nobridge-noproxy","number":1}
INST 8d5ad5554ecb0037 2016-03-28T21:19:07.400Z {"type":"progresschanged","target_tagname":"progressmeter","target_id":"progressMeter","value":5}
INST 8d5ad5554ecb0037 2016-03-28T21:19:07.400Z {"type":"good","target_tagname":"image","target_id":"progressbar","configurationSettings":"nobridge-noproxy","number":1}
INST 8d5ad5554ecb0037 2016-03-28T21:20:08.400Z {"type":"progresschanged","target_tagname":"progressmeter","target_id":"progressMeter","value":5}
INST 8d5ad5554ecb0037 2016-03-28T21:20:08.400Z {"type":"good","target_tagname":"image","target_id":"progressbar","configurationSettings":"nobridge-noproxy","number":1}
INST 8d5ad5554ecb0037 2016-03-28T21:21:59.800Z {"type":"click","target_tagname":"label","target_id":"progressBridge","detail":1}
INST 8d5ad5554ecb0037 2016-03-28T21:22:00.300Z {"type":"click","target_tagname":"label","target_id":"progressProxy","detail":1}
INST 690c8e8e32f040de 2016-03-28T21:22:57.400Z {"type":"start"}
INST 690c8e8e32f040de 2016-03-28T21:22:58.100Z {"type":"select","target_tagname":"menulist","target_id":"proxyType","value":""}
INST 690c8e8e32f040de 2016-03-28T21:22:58.100Z {"type":"wizardnext","target_tagname":"wizard","target_id":"TorNetworkSettings"}
INST 690c8e8e32f040de 2016-03-28T21:22:58.100Z {"type":"pageshow","target_tagname":"wizardpage","target_id":"first"}
INST 690c8e8e32f040de 2016-03-28T21:22:58.200Z {"type":"load","target_id":"configuration"}
INST 690c8e8e32f040de 2016-03-28T21:22:58.200Z {"type":"select","target_tagname":"menulist","target_id":"defaultBridgeType","value":"obfs3"}
INST 690c8e8e32f040de 2016-03-28T21:23:02.100Z {"type":"click","target_tagname":"button","target_id":"connect_button","detail":1}
INST 690c8e8e32f040de 2016-03-28T21:23:02.200Z {"type":"pagehide","target_tagname":"wizardpage","target_id":"first"}
INST 690c8e8e32f040de 2016-03-28T21:23:02.200Z {"type":"pageadvanced","target_tagname":"wizardpage","target_id":"first"}
INST 690c8e8e32f040de 2016-03-28T21:23:02.200Z {"type":"wizardnext","target_tagname":"wizard","target_id":"TorNetworkSettings"}
INST 690c8e8e32f040de 2016-03-28T21:23:02.200Z {"type":"pageshow","target_tagname":"wizardpage","target_id":"inlineprogress"}
INST 690c8e8e32f040de 2016-03-28T21:23:02.200Z {"type":"command","target_tagname":"button","target_id":"connect_button"}
INST 690c8e8e32f040de 2016-03-28T21:23:02.900Z {"type":"progresschanged","target_tagname":"progressmeter","target_id":"progressMeter","value":5}
INST 690c8e8e32f040de 2016-03-28T21:23:02.900Z {"type":"good","target_tagname":"image","target_id":"progressbar","configurationSettings":"nobridge-noproxy","number":1}
INST 690c8e8e32f040de 2016-03-28T21:23:02.900Z {"type":"progresschanged","target_tagname":"progressmeter","target_id":"progressMeter","value":5}
INST 690c8e8e32f040de 2016-03-28T21:23:02.900Z {"type":"good","target_tagname":"image","target_id":"progressbar","configurationSettings":"nobridge-noproxy","number":1}
INST 690c8e8e32f040de 2016-03-28T21:23:02.900Z {"type":"progresschanged","target_tagname":"progressmeter","target_id":"progressMeter","value":5}
INST 690c8e8e32f040de 2016-03-28T21:23:02.900Z {"type":"good","target_tagname":"image","target_id":"progressbar","configurationSettings":"nobridge-noproxy","number":1}
INST 690c8e8e32f040de 2016-03-28T21:24:03.900Z {"type":"progresschanged","target_tagname":"progressmeter","target_id":"progressMeter","value":5}
INST 690c8e8e32f040de 2016-03-28T21:24:03.900Z {"type":"good","target_tagname":"image","target_id":"progressbar","configurationSettings":"nobridge-noproxy","number":1}
INST 690c8e8e32f040de 2016-03-28T21:24:20.700Z {"type":"click","target_tagname":"wizard","target_id":"TorNetworkSettings","detail":1}
INST 690c8e8e32f040de 2016-03-28T21:24:20.700Z {"type":"wizardcancel","target_tagname":"wizard","target_id":"TorNetworkSettings"}
INST 690c8e8e32f040de 2016-03-28T21:24:20.700Z {"type":"command","target_tagname":"wizard","target_id":"TorNetworkSettings"}
INST 690c8e8e32f040de 2016-03-28T21:24:20.700Z {"type":"unload","target_id":"configuration"}
INST 51fa37d9b4cff3d6 2016-03-28T21:24:22.800Z {"type":"start"}
INST 51fa37d9b4cff3d6 2016-03-28T21:24:23.500Z {"type":"select","target_tagname":"menulist","target_id":"proxyType","value":""}
INST 51fa37d9b4cff3d6 2016-03-28T21:24:23.500Z {"type":"wizardnext","target_tagname":"wizard","target_id":"TorNetworkSettings"}
INST 51fa37d9b4cff3d6 2016-03-28T21:24:23.500Z {"type":"pageshow","target_tagname":"wizardpage","target_id":"first"}
INST 51fa37d9b4cff3d6 2016-03-28T21:24:23.500Z {"type":"load","target_id":"configuration"}
INST 51fa37d9b4cff3d6 2016-03-28T21:24:23.500Z {"type":"select","target_tagname":"menulist","target_id":"defaultBridgeType","value":"obfs3"}
INST 51fa37d9b4cff3d6 2016-03-28T21:24:24.700Z {"type":"click","target_tagname":"button","target_id":"configure_button","detail":1}
INST 51fa37d9b4cff3d6 2016-03-28T21:24:24.700Z {"type":"pagehide","target_tagname":"wizardpage","target_id":"first"}
INST 51fa37d9b4cff3d6 2016-03-28T21:24:24.700Z {"type":"pageadvanced","target_tagname":"wizardpage","target_id":"first"}
INST 51fa37d9b4cff3d6 2016-03-28T21:24:24.700Z {"type":"wizardnext","target_tagname":"wizard","target_id":"TorNetworkSettings"}
INST 51fa37d9b4cff3d6 2016-03-28T21:24:24.700Z {"type":"pageshow","target_tagname":"wizardpage","target_id":"proxy"}
INST 51fa37d9b4cff3d6 2016-03-28T21:24:24.700Z {"type":"command","target_tagname":"button","target_id":"configure_button"}
INST 51fa37d9b4cff3d6 2016-03-28T21:24:29.700Z {"type":"click","target_tagname":"wizard","target_id":"TorNetworkSettings","detail":1}
INST 51fa37d9b4cff3d6 2016-03-28T21:24:29.700Z {"type":"pagehide","target_tagname":"wizardpage","target_id":"proxy"}
INST 51fa37d9b4cff3d6 2016-03-28T21:24:29.700Z {"type":"pageadvanced","target_tagname":"wizardpage","target_id":"proxy"}
INST 51fa37d9b4cff3d6 2016-03-28T21:24:29.700Z {"type":"wizardnext","target_tagname":"wizard","target_id":"TorNetworkSettings"}
INST 51fa37d9b4cff3d6 2016-03-28T21:24:29.700Z {"type":"pageshow","target_tagname":"wizardpage","target_id":"bridges"}
INST 51fa37d9b4cff3d6 2016-03-28T21:24:29.700Z {"type":"command","target_tagname":"wizard","target_id":"TorNetworkSettings"}
INST 51fa37d9b4cff3d6 2016-03-28T21:24:35.700Z {"type":"click","target_tagname":"radio","target_id":"bridgeRadioDefault","detail":1}
INST 51fa37d9b4cff3d6 2016-03-28T21:24:35.700Z {"type":"command","target_tagname":"radio","target_id":"bridgeRadioDefault"}
INST 51fa37d9b4cff3d6 2016-03-28T21:24:36.700Z {"type":"popupshown","target_tagname":"menupopup","target_id":"defaultBridgeType_menuPopup"}
INST 51fa37d9b4cff3d6 2016-03-28T21:24:36.700Z {"type":"click","target_tagname":"menulist","target_id":"defaultBridgeType","value":"obfs3","detail":1}
INST 51fa37d9b4cff3d6 2016-03-28T21:24:39.000Z {"type":"popuphidden","target_tagname":"menupopup","target_id":"defaultBridgeType_menuPopup"}
INST 51fa37d9b4cff3d6 2016-03-28T21:24:41.200Z {"type":"click","target_tagname":"hbox","target_id":"bridgeDefaultEntry","detail":1}
INST 51fa37d9b4cff3d6 2016-03-28T21:24:44.300Z {"type":"click","target_tagname":"wizard","target_id":"TorNetworkSettings","detail":1}
INST 51fa37d9b4cff3d6 2016-03-28T21:24:44.300Z {"type":"pagehide","target_tagname":"wizardpage","target_id":"bridges"}
INST 51fa37d9b4cff3d6 2016-03-28T21:24:44.300Z {"type":"pageadvanced","target_tagname":"wizardpage","target_id":"bridges"}
INST 51fa37d9b4cff3d6 2016-03-28T21:24:44.300Z {"type":"wizardnext","target_tagname":"wizard","target_id":"TorNetworkSettings"}
INST 51fa37d9b4cff3d6 2016-03-28T21:24:44.300Z {"type":"pageshow","target_tagname":"wizardpage","target_id":"summary"}
INST 51fa37d9b4cff3d6 2016-03-28T21:24:44.300Z {"type":"command","target_tagname":"wizard","target_id":"TorNetworkSettings"}
INST 51fa37d9b4cff3d6 2016-03-28T21:24:47.000Z {"type":"pagehide","target_tagname":"wizardpage","target_id":"summary"}
INST 51fa37d9b4cff3d6 2016-03-28T21:24:47.000Z {"type":"pageadvanced","target_tagname":"wizardpage","target_id":"summary"}
INST 51fa37d9b4cff3d6 2016-03-28T21:24:47.200Z {"type":"wizardnext","target_tagname":"wizard","target_id":"TorNetworkSettings"}
INST 51fa37d9b4cff3d6 2016-03-28T21:24:47.200Z {"type":"pageshow","target_tagname":"wizardpage","target_id":"inlineprogress"}
INST 51fa37d9b4cff3d6 2016-03-28T21:24:47.200Z {"type":"click","target_tagname":"wizard","target_id":"TorNetworkSettings","detail":1}
INST 51fa37d9b4cff3d6 2016-03-28T21:24:53.300Z {"type":"progresschanged","target_tagname":"progressmeter","target_id":"progressMeter","value":5}
INST 51fa37d9b4cff3d6 2016-03-28T21:24:53.300Z {"type":"good","target_tagname":"image","target_id":"progressbar","configurationSettings":"bridge-noproxy","number":1}
INST 51fa37d9b4cff3d6 2016-03-28T21:24:53.300Z {"type":"progresschanged","target_tagname":"progressmeter","target_id":"progressMeter","value":10}
INST 51fa37d9b4cff3d6 2016-03-28T21:24:53.300Z {"type":"good","target_tagname":"image","target_id":"progressbar","configurationSettings":"bridge-noproxy","number":1}
INST 6890721dff518cea 2016-03-28T21:27:52.100Z {"type":"start"}
INST 6890721dff518cea 2016-03-28T21:27:52.700Z {"type":"select","target_tagname":"menulist","target_id":"proxyType","value":""}
INST 6890721dff518cea 2016-03-28T21:27:52.700Z {"type":"wizardnext","target_tagname":"wizard","target_id":"TorNetworkSettings"}
INST 6890721dff518cea 2016-03-28T21:27:52.700Z {"type":"pageshow","target_tagname":"wizardpage","target_id":"first"}
INST 6890721dff518cea 2016-03-28T21:27:52.800Z {"type":"load","target_id":"configuration"}
INST 6890721dff518cea 2016-03-28T21:27:52.800Z {"type":"select","target_tagname":"menulist","target_id":"defaultBridgeType","value":"obfs3"}
INST 6890721dff518cea 2016-03-28T21:27:58.700Z {"type":"click","target_tagname":"button","target_id":"configure_button","detail":1}
INST 6890721dff518cea 2016-03-28T21:27:58.700Z {"type":"pagehide","target_tagname":"wizardpage","target_id":"first"}
INST 6890721dff518cea 2016-03-28T21:27:58.700Z {"type":"pageadvanced","target_tagname":"wizardpage","target_id":"first"}
INST 6890721dff518cea 2016-03-28T21:27:58.700Z {"type":"wizardnext","target_tagname":"wizard","target_id":"TorNetworkSettings"}
INST 6890721dff518cea 2016-03-28T21:27:58.700Z {"type":"pageshow","target_tagname":"wizardpage","target_id":"proxy"}
INST 6890721dff518cea 2016-03-28T21:27:58.700Z {"type":"command","target_tagname":"button","target_id":"configure_button"}
INST 6890721dff518cea 2016-03-28T21:28:02.800Z {"type":"click","target_tagname":"radio","target_id":"proxyRadioWith","detail":1}
INST 6890721dff518cea 2016-03-28T21:28:02.800Z {"type":"command","target_tagname":"radio","target_id":"proxyRadioWith"}
INST 6890721dff518cea 2016-03-28T21:28:03.900Z {"type":"popupshown","target_tagname":"menupopup","target_id":"proxyType_menuPopup"}
INST 6890721dff518cea 2016-03-28T21:28:03.900Z {"type":"click","target_tagname":"menulist","target_id":"proxyType","value":"","detail":1}
INST 6890721dff518cea 2016-03-28T21:28:15.800Z {"type":"mouseover","target_tagname":"menuitem","target_id":"","value":""}
INST 6890721dff518cea 2016-03-28T21:28:15.900Z {"type":"mouseout","target_tagname":"menuitem","target_id":"","value":""}
INST 6890721dff518cea 2016-03-28T21:28:15.900Z {"type":"mouseover","target_tagname":"menuitem","target_id":"","value":"SOCKS4"}
INST 6890721dff518cea 2016-03-28T21:28:16.000Z {"type":"mouseout","target_tagname":"menuitem","target_id":"","value":"SOCKS4"}
INST 6890721dff518cea 2016-03-28T21:28:16.000Z {"type":"mouseover","target_tagname":"menuitem","target_id":"","value":"SOCKS5"}
INST 6890721dff518cea 2016-03-28T21:28:16.200Z {"type":"mouseout","target_tagname":"menuitem","target_id":"","value":"SOCKS5"}
INST 6890721dff518cea 2016-03-28T21:28:16.200Z {"type":"mouseover","target_tagname":"menuitem","target_id":"","value":"HTTP"}
INST 6890721dff518cea 2016-03-28T21:28:16.600Z {"type":"click","target_tagname":"menuitem","target_id":"","value":"HTTP","detail":1}
INST 6890721dff518cea 2016-03-28T21:28:16.600Z {"type":"select","target_tagname":"menulist","target_id":"proxyType","value":"HTTP"}
INST 6890721dff518cea 2016-03-28T21:28:16.600Z {"type":"command","target_tagname":"menuitem","target_id":"","value":"HTTP"}
INST 6890721dff518cea 2016-03-28T21:28:16.600Z {"type":"popuphidden","target_tagname":"menupopup","target_id":"proxyType_menuPopup"}
INST 6890721dff518cea 2016-03-28T21:28:16.600Z {"type":"mouseout","target_tagname":"menuitem","target_id":"","value":"HTTP"}
INST 6890721dff518cea 2016-03-28T21:28:17.500Z {"type":"select","target_tagname":"textbox","target_id":"proxyAddr"}
INST 6890721dff518cea 2016-03-28T21:28:17.600Z {"type":"click","target_tagname":"textbox","target_id":"proxyAddr","detail":1}
INST 6890721dff518cea 2016-03-28T21:28:43.100Z {"type":"click","target_tagname":"wizardpage","target_id":"proxy","detail":1}
INST 6890721dff518cea 2016-03-28T21:28:44.400Z {"type":"change","target_tagname":"textbox","target_id":"proxyAddr","value":"https://en.wikipedia.org/wiki/Main_Page"}
INST 6890721dff518cea 2016-03-28T21:28:44.400Z {"type":"click","target_tagname":"wizard","target_id":"TorNetworkSettings","detail":1}
INST 6890721dff518cea 2016-03-28T21:28:44.400Z {"type":"pagehide","target_tagname":"wizardpage","target_id":"proxy"}
INST 6890721dff518cea 2016-03-28T21:28:44.400Z {"type":"pageadvanced","target_tagname":"wizardpage","target_id":"proxy"}
INST 6890721dff518cea 2016-03-28T21:28:44.400Z {"type":"wizardnext","target_tagname":"wizard","target_id":"TorNetworkSettings"}
INST 6890721dff518cea 2016-03-28T21:28:44.400Z {"type":"pageshow","target_tagname":"wizardpage","target_id":"bridges"}
INST 6890721dff518cea 2016-03-28T21:28:44.400Z {"type":"command","target_tagname":"wizard","target_id":"TorNetworkSettings"}
INST 6890721dff518cea 2016-03-28T21:28:53.500Z {"type":"select","target_tagname":"textbox","target_id":"bridgeList"}
INST 6890721dff518cea 2016-03-28T21:28:56.800Z {"type":"click","target_tagname":"wizard","target_id":"TorNetworkSettings","detail":1}
INST 6890721dff518cea 2016-03-28T21:28:56.800Z {"type":"pagehide","target_tagname":"wizardpage","target_id":"bridges"}
INST 6890721dff518cea 2016-03-28T21:28:56.800Z {"type":"pageadvanced","target_tagname":"wizardpage","target_id":"bridges"}
INST 6890721dff518cea 2016-03-28T21:28:56.800Z {"type":"wizardnext","target_tagname":"wizard","target_id":"TorNetworkSettings"}
INST 6890721dff518cea 2016-03-28T21:28:56.800Z {"type":"pageshow","target_tagname":"wizardpage","target_id":"summary"}
INST 6890721dff518cea 2016-03-28T21:28:56.800Z {"type":"command","target_tagname":"wizard","target_id":"TorNetworkSettings"}
INST 6890721dff518cea 2016-03-28T21:28:59.800Z {"type":"pagehide","target_tagname":"wizardpage","target_id":"summary"}
INST 6890721dff518cea 2016-03-28T21:28:59.800Z {"type":"pageadvanced","target_tagname":"wizardpage","target_id":"summary"}
INST 6890721dff518cea 2016-03-28T21:29:02.400Z {"type":"pagehide","target_tagname":"wizardpage","target_id":"summary"}
INST 6890721dff518cea 2016-03-28T21:29:02.400Z {"type":"pagerewound","target_tagname":"wizardpage","target_id":"summary"}
INST 6890721dff518cea 2016-03-28T21:29:02.400Z {"type":"wizardback","target_tagname":"wizard","target_id":"TorNetworkSettings"}
INST 6890721dff518cea 2016-03-28T21:29:02.400Z {"type":"pageshow","target_tagname":"wizardpage","target_id":"bridges"}
INST 6890721dff518cea 2016-03-28T21:29:02.400Z {"type":"pagehide","target_tagname":"wizardpage","target_id":"bridges"}
INST 6890721dff518cea 2016-03-28T21:29:02.400Z {"type":"pagerewound","target_tagname":"wizardpage","target_id":"bridges"}
INST 6890721dff518cea 2016-03-28T21:29:02.400Z {"type":"wizardback","target_tagname":"wizard","target_id":"TorNetworkSettings"}
INST 6890721dff518cea 2016-03-28T21:29:02.400Z {"type":"pageshow","target_tagname":"wizardpage","target_id":"proxy"}
INST 6890721dff518cea 2016-03-28T21:29:02.400Z {"type":"pagehide","target_tagname":"wizardpage","target_id":"proxy"}
INST 6890721dff518cea 2016-03-28T21:29:02.400Z {"type":"pagerewound","target_tagname":"wizardpage","target_id":"proxy"}
INST 6890721dff518cea 2016-03-28T21:29:02.400Z {"type":"wizardback","target_tagname":"wizard","target_id":"TorNetworkSettings"}
INST 6890721dff518cea 2016-03-28T21:29:02.400Z {"type":"pageshow","target_tagname":"wizardpage","target_id":"first"}
INST 6890721dff518cea 2016-03-28T21:29:02.400Z {"type":"alert_show","target_id":"failed_to_save_settings","value":"Unable to save Tor settings.\n\nUnacceptable option value: HTTPSProxy failed to parse or resolve. Please fix."}
INST 6890721dff518cea 2016-03-28T21:29:05.800Z {"type":"alert_exit","target_id":"failed_to_save_settings","value":"Unable to save Tor settings.\n\nUnacceptable option value: HTTPSProxy failed to parse or resolve. Please fix."}
INST 6890721dff518cea 2016-03-28T21:29:05.800Z {"type":"click","target_tagname":"wizard","target_id":"TorNetworkSettings","detail":1}
INST 6890721dff518cea 2016-03-28T21:29:06.900Z {"type":"click","target_tagname":"button","target_id":"configure_button","detail":1}
INST 6890721dff518cea 2016-03-28T21:29:06.900Z {"type":"pagehide","target_tagname":"wizardpage","target_id":"first"}
INST 6890721dff518cea 2016-03-28T21:29:06.900Z {"type":"pageadvanced","target_tagname":"wizardpage","target_id":"first"}
INST 6890721dff518cea 2016-03-28T21:29:06.900Z {"type":"wizardnext","target_tagname":"wizard","target_id":"TorNetworkSettings"}
INST 6890721dff518cea 2016-03-28T21:29:06.900Z {"type":"pageshow","target_tagname":"wizardpage","target_id":"proxy"}
INST 6890721dff518cea 2016-03-28T21:29:06.900Z {"type":"command","target_tagname":"button","target_id":"configure_button"}
INST 6890721dff518cea 2016-03-28T21:29:09.000Z {"type":"click","target_tagname":"wizard","target_id":"TorNetworkSettings","detail":1}
INST 6890721dff518cea 2016-03-28T21:29:09.000Z {"type":"pagehide","target_tagname":"wizardpage","target_id":"proxy"}
INST 6890721dff518cea 2016-03-28T21:29:09.000Z {"type":"pageadvanced","target_tagname":"wizardpage","target_id":"proxy"}
INST 6890721dff518cea 2016-03-28T21:29:09.000Z {"type":"wizardnext","target_tagname":"wizard","target_id":"TorNetworkSettings"}
INST 6890721dff518cea 2016-03-28T21:29:09.000Z {"type":"pageshow","target_tagname":"wizardpage","target_id":"bridges"}
INST 6890721dff518cea 2016-03-28T21:29:09.000Z {"type":"command","target_tagname":"wizard","target_id":"TorNetworkSettings"}
INST 6890721dff518cea 2016-03-28T21:29:13.700Z {"type":"click","target_tagname":"wizard","target_id":"TorNetworkSettings","detail":1}
INST 6890721dff518cea 2016-03-28T21:29:13.700Z {"type":"pagehide","target_tagname":"wizardpage","target_id":"bridges"}
INST 6890721dff518cea 2016-03-28T21:29:13.700Z {"type":"pageadvanced","target_tagname":"wizardpage","target_id":"bridges"}
INST 6890721dff518cea 2016-03-28T21:29:13.700Z {"type":"wizardnext","target_tagname":"wizard","target_id":"TorNetworkSettings"}
INST 6890721dff518cea 2016-03-28T21:29:13.700Z {"type":"pageshow","target_tagname":"wizardpage","target_id":"summary"}
INST 6890721dff518cea 2016-03-28T21:29:13.700Z {"type":"command","target_tagname":"wizard","target_id":"TorNetworkSettings"}
INST 6890721dff518cea 2016-03-28T21:29:18.000Z {"type":"click","target_tagname":"wizard","target_id":"TorNetworkSettings","detail":1}
INST 6890721dff518cea 2016-03-28T21:29:18.000Z {"type":"pagehide","target_tagname":"wizardpage","target_id":"summary"}
INST 6890721dff518cea 2016-03-28T21:29:18.000Z {"type":"pagerewound","target_tagname":"wizardpage","target_id":"summary"}
INST 6890721dff518cea 2016-03-28T21:29:18.000Z {"type":"wizardback","target_tagname":"wizard","target_id":"TorNetworkSettings"}
INST 6890721dff518cea 2016-03-28T21:29:18.000Z {"type":"pageshow","target_tagname":"wizardpage","target_id":"bridges"}
INST 6890721dff518cea 2016-03-28T21:29:18.000Z {"type":"command","target_tagname":"wizard","target_id":"TorNetworkSettings"}
INST 6890721dff518cea 2016-03-28T21:29:21.100Z {"type":"click","target_tagname":"radio","target_id":"bridgeRadioDefault","detail":1}
INST 6890721dff518cea 2016-03-28T21:29:21.100Z {"type":"command","target_tagname":"radio","target_id":"bridgeRadioDefault"}
INST 6890721dff518cea 2016-03-28T21:29:21.800Z {"type":"popupshown","target_tagname":"menupopup","target_id":"defaultBridgeType_menuPopup"}
INST 6890721dff518cea 2016-03-28T21:29:21.900Z {"type":"click","target_tagname":"menulist","target_id":"defaultBridgeType","value":"obfs3","detail":1}
INST 6890721dff518cea 2016-03-28T21:29:28.100Z {"type":"popuphidden","target_tagname":"menupopup","target_id":"defaultBridgeType_menuPopup"}
INST 6890721dff518cea 2016-03-28T21:29:30.800Z {"type":"popupshown","target_tagname":"menupopup","target_id":"defaultBridgeType_menuPopup"}
INST 6890721dff518cea 2016-03-28T21:29:30.900Z {"type":"click","target_tagname":"menulist","target_id":"defaultBridgeType","value":"obfs3","detail":1}
INST 6890721dff518cea 2016-03-28T21:29:31.600Z {"type":"mouseover","target_tagname":"menuitem","target_id":"","value":"flashproxy"}
INST 6890721dff518cea 2016-03-28T21:29:31.700Z {"type":"mouseout","target_tagname":"menuitem","target_id":"","value":"flashproxy"}
INST 6890721dff518cea 2016-03-28T21:29:31.700Z {"type":"mouseover","target_tagname":"menuitem","target_id":"","value":"fte"}
INST 6890721dff518cea 2016-03-28T21:29:31.700Z {"type":"mouseout","target_tagname":"menuitem","target_id":"","value":"fte"}
INST 6890721dff518cea 2016-03-28T21:29:31.700Z {"type":"mouseover","target_tagname":"menuitem","target_id":"","value":"fte-ipv6"}
INST 6890721dff518cea 2016-03-28T21:29:31.800Z {"type":"mouseout","target_tagname":"menuitem","target_id":"","value":"fte-ipv6"}
INST 6890721dff518cea 2016-03-28T21:29:31.800Z {"type":"mouseover","target_tagname":"menuitem","target_id":"","value":"meek-amazon"}
INST 6890721dff518cea 2016-03-28T21:29:32.100Z {"type":"mouseout","target_tagname":"menuitem","target_id":"","value":"meek-amazon"}
INST 6890721dff518cea 2016-03-28T21:29:32.100Z {"type":"mouseover","target_tagname":"menuitem","target_id":"","value":"meek-azure"}
INST 6890721dff518cea 2016-03-28T21:29:32.400Z {"type":"mouseout","target_tagname":"menuitem","target_id":"","value":"meek-azure"}
INST 6890721dff518cea 2016-03-28T21:29:32.400Z {"type":"mouseover","target_tagname":"menuitem","target_id":"","value":"meek-google"}
INST 6890721dff518cea 2016-03-28T21:29:32.600Z {"type":"mouseout","target_tagname":"menuitem","target_id":"","value":"meek-google"}
INST 6890721dff518cea 2016-03-28T21:29:32.600Z {"type":"mouseover","target_tagname":"menuitem","target_id":"","value":"obfs3"}
INST 6890721dff518cea 2016-03-28T21:29:33.100Z {"type":"mouseout","target_tagname":"menuitem","target_id":"","value":"obfs3"}
INST 6890721dff518cea 2016-03-28T21:29:33.100Z {"type":"mouseover","target_tagname":"menuitem","target_id":"","value":"meek-google"}
INST 6890721dff518cea 2016-03-28T21:29:33.200Z {"type":"mouseout","target_tagname":"menuitem","target_id":"","value":"meek-google"}
INST 6890721dff518cea 2016-03-28T21:29:33.200Z {"type":"mouseover","target_tagname":"menuitem","target_id":"","value":"meek-azure"}
INST 6890721dff518cea 2016-03-28T21:29:33.300Z {"type":"mouseout","target_tagname":"menuitem","target_id":"","value":"meek-azure"}
INST 6890721dff518cea 2016-03-28T21:29:33.300Z {"type":"mouseover","target_tagname":"menuitem","target_id":"","value":"meek-google"}
INST 6890721dff518cea 2016-03-28T21:29:33.800Z {"type":"click","target_tagname":"menuitem","target_id":"","value":"meek-google","detail":1}
INST 6890721dff518cea 2016-03-28T21:29:33.800Z {"type":"select","target_tagname":"menulist","target_id":"defaultBridgeType","value":"meek-google"}
INST 6890721dff518cea 2016-03-28T21:29:33.800Z {"type":"command","target_tagname":"menuitem","target_id":"","value":"meek-google"}
INST 6890721dff518cea 2016-03-28T21:29:33.800Z {"type":"popuphidden","target_tagname":"menupopup","target_id":"defaultBridgeType_menuPopup"}
INST 6890721dff518cea 2016-03-28T21:29:33.800Z {"type":"mouseout","target_tagname":"menuitem","target_id":"","value":"meek-google"}
INST 6890721dff518cea 2016-03-28T21:29:34.300Z {"type":"click","target_tagname":"wizardpage","target_id":"bridges","detail":1}
INST 6890721dff518cea 2016-03-28T21:29:36.300Z {"type":"click","target_tagname":"wizard","target_id":"TorNetworkSettings","detail":1}
INST 6890721dff518cea 2016-03-28T21:29:36.300Z {"type":"pagehide","target_tagname":"wizardpage","target_id":"bridges"}
INST 6890721dff518cea 2016-03-28T21:29:36.300Z {"type":"pageadvanced","target_tagname":"wizardpage","target_id":"bridges"}
INST 6890721dff518cea 2016-03-28T21:29:36.300Z {"type":"wizardnext","target_tagname":"wizard","target_id":"TorNetworkSettings"}
INST 6890721dff518cea 2016-03-28T21:29:36.300Z {"type":"pageshow","target_tagname":"wizardpage","target_id":"summary"}
INST 6890721dff518cea 2016-03-28T21:29:36.300Z {"type":"command","target_tagname":"wizard","target_id":"TorNetworkSettings"}
INST 6890721dff518cea 2016-03-28T21:29:39.800Z {"type":"pagehide","target_tagname":"wizardpage","target_id":"summary"}
INST 6890721dff518cea 2016-03-28T21:29:39.800Z {"type":"pageadvanced","target_tagname":"wizardpage","target_id":"summary"}
INST 6890721dff518cea 2016-03-28T21:29:39.900Z {"type":"wizardnext","target_tagname":"wizard","target_id":"TorNetworkSettings"}
INST 6890721dff518cea 2016-03-28T21:29:39.900Z {"type":"pageshow","target_tagname":"wizardpage","target_id":"inlineprogress"}
INST 6890721dff518cea 2016-03-28T21:29:39.900Z {"type":"click","target_tagname":"wizard","target_id":"TorNetworkSettings","detail":1}
INST 6890721dff518cea 2016-03-28T21:29:44.400Z {"type":"progresschanged","target_tagname":"progressmeter","target_id":"progressMeter","value":5}
INST 6890721dff518cea 2016-03-28T21:29:44.400Z {"type":"good","target_tagname":"image","target_id":"progressbar","configurationSettings":"bridge-noproxy","number":1}
INST 6890721dff518cea 2016-03-28T21:29:44.500Z {"type":"progresschanged","target_tagname":"progressmeter","target_id":"progressMeter","value":10}
INST 6890721dff518cea 2016-03-28T21:29:44.500Z {"type":"good","target_tagname":"image","target_id":"progressbar","configurationSettings":"bridge-noproxy","number":1}
INST 6890721dff518cea 2016-03-28T21:29:46.600Z {"type":"progresschanged","target_tagname":"progressmeter","target_id":"progressMeter","value":10}
INST 6890721dff518cea 2016-03-28T21:29:46.600Z {"type":"bad","target_tagname":"image","target_id":"progressbar","configurationSettings":"bridge-noproxy","number":1}
INST 6890721dff518cea 2016-03-28T21:29:51.200Z {"type":"click","target_tagname":"wizard","target_id":"TorNetworkSettings","detail":1}
INST 6890721dff518cea 2016-03-28T21:29:51.200Z {"type":"pagehide","target_tagname":"wizardpage","target_id":"inlineprogress"}
INST 6890721dff518cea 2016-03-28T21:29:51.200Z {"type":"pagerewound","target_tagname":"wizardpage","target_id":"inlineprogress"}
INST 6890721dff518cea 2016-03-28T21:29:51.200Z {"type":"wizardback","target_tagname":"wizard","target_id":"TorNetworkSettings"}
INST 6890721dff518cea 2016-03-28T21:29:51.200Z {"type":"pageshow","target_tagname":"wizardpage","target_id":"summary"}
INST 6890721dff518cea 2016-03-28T21:29:51.200Z {"type":"command","target_tagname":"wizard","target_id":"TorNetworkSettings"}
INST 6890721dff518cea 2016-03-28T21:29:52.600Z {"type":"click","target_tagname":"wizard","target_id":"TorNetworkSettings","detail":1}
INST 6890721dff518cea 2016-03-28T21:29:52.600Z {"type":"pagehide","target_tagname":"wizardpage","target_id":"summary"}
INST 6890721dff518cea 2016-03-28T21:29:52.600Z {"type":"pagerewound","target_tagname":"wizardpage","target_id":"summary"}
INST 6890721dff518cea 2016-03-28T21:29:52.600Z {"type":"wizardback","target_tagname":"wizard","target_id":"TorNetworkSettings"}
INST 6890721dff518cea 2016-03-28T21:29:52.600Z {"type":"pageshow","target_tagname":"wizardpage","target_id":"bridges"}
INST 6890721dff518cea 2016-03-28T21:29:52.600Z {"type":"command","target_tagname":"wizard","target_id":"TorNetworkSettings"}
INST 6890721dff518cea 2016-03-28T21:29:53.700Z {"type":"click","target_tagname":"wizard","target_id":"TorNetworkSettings","detail":1}
INST 6890721dff518cea 2016-03-28T21:29:53.700Z {"type":"pagehide","target_tagname":"wizardpage","target_id":"bridges"}
INST 6890721dff518cea 2016-03-28T21:29:53.700Z {"type":"pagerewound","target_tagname":"wizardpage","target_id":"bridges"}
INST 6890721dff518cea 2016-03-28T21:29:53.700Z {"type":"wizardback","target_tagname":"wizard","target_id":"TorNetworkSettings"}
INST 6890721dff518cea 2016-03-28T21:29:53.700Z {"type":"pageshow","target_tagname":"wizardpage","target_id":"proxy"}
INST 6890721dff518cea 2016-03-28T21:29:53.700Z {"type":"command","target_tagname":"wizard","target_id":"TorNetworkSettings"}
INST 6890721dff518cea 2016-03-28T21:29:56.500Z {"type":"click","target_tagname":"wizard","target_id":"TorNetworkSettings","detail":1}
INST 6890721dff518cea 2016-03-28T21:29:56.500Z {"type":"pagehide","target_tagname":"wizardpage","target_id":"proxy"}
INST 6890721dff518cea 2016-03-28T21:29:56.500Z {"type":"pagerewound","target_tagname":"wizardpage","target_id":"proxy"}
INST 6890721dff518cea 2016-03-28T21:29:56.500Z {"type":"wizardback","target_tagname":"wizard","target_id":"TorNetworkSettings"}
INST 6890721dff518cea 2016-03-28T21:29:56.500Z {"type":"pageshow","target_tagname":"wizardpage","target_id":"first"}
INST 6890721dff518cea 2016-03-28T21:29:56.500Z {"type":"command","target_tagname":"wizard","target_id":"TorNetworkSettings"}
INST 6890721dff518cea 2016-03-28T21:29:57.900Z {"type":"click","target_tagname":"button","target_id":"configure_button","detail":1}
INST 6890721dff518cea 2016-03-28T21:29:57.900Z {"type":"pagehide","target_tagname":"wizardpage","target_id":"first"}
INST 6890721dff518cea 2016-03-28T21:29:57.900Z {"type":"pageadvanced","target_tagname":"wizardpage","target_id":"first"}
INST 6890721dff518cea 2016-03-28T21:29:57.900Z {"type":"wizardnext","target_tagname":"wizard","target_id":"TorNetworkSettings"}
INST 6890721dff518cea 2016-03-28T21:29:57.900Z {"type":"pageshow","target_tagname":"wizardpage","target_id":"proxy"}
INST 6890721dff518cea 2016-03-28T21:29:57.900Z {"type":"command","target_tagname":"button","target_id":"configure_button"}
INST 6890721dff518cea 2016-03-28T21:29:59.300Z {"type":"click","target_tagname":"radio","target_id":"proxyRadioWith","detail":1}
INST 6890721dff518cea 2016-03-28T21:29:59.300Z {"type":"command","target_tagname":"radio","target_id":"proxyRadioWith"}
INST 6890721dff518cea 2016-03-28T21:30:00.800Z {"type":"select","target_tagname":"textbox","target_id":"proxyAddr"}
INST 6890721dff518cea 2016-03-28T21:30:03.500Z {"type":"select","target_tagname":"textbox","target_id":"proxyAddr"}
INST 6890721dff518cea 2016-03-28T21:30:03.500Z {"type":"click","target_tagname":"textbox","target_id":"proxyAddr","detail":1}
INST 6890721dff518cea 2016-03-28T21:30:05.500Z {"type":"change","target_tagname":"textbox","target_id":"proxyAddr","value":""}
INST 6890721dff518cea 2016-03-28T21:30:05.600Z {"type":"popupshown","target_tagname":"menupopup","target_id":"proxyType_menuPopup"}
INST 6890721dff518cea 2016-03-28T21:30:05.600Z {"type":"click","target_tagname":"menulist","target_id":"proxyType","value":"HTTP","detail":1}
INST 6890721dff518cea 2016-03-28T21:30:05.900Z {"type":"mouseover","target_tagname":"menuitem","target_id":"","value":""}
INST 6890721dff518cea 2016-03-28T21:30:06.300Z {"type":"click","target_tagname":"menuitem","target_id":"","value":"","detail":1}
INST 6890721dff518cea 2016-03-28T21:30:06.300Z {"type":"mouseout","target_tagname":"menuitem","target_id":"","value":""}
INST 6890721dff518cea 2016-03-28T21:30:06.300Z {"type":"select","target_tagname":"menulist","target_id":"proxyType","value":""}
INST 6890721dff518cea 2016-03-28T21:30:06.300Z {"type":"command","target_tagname":"menuitem","target_id":"","value":""}
INST 6890721dff518cea 2016-03-28T21:30:06.300Z {"type":"popuphidden","target_tagname":"menupopup","target_id":"proxyType_menuPopup"}
INST 6890721dff518cea 2016-03-28T21:30:06.600Z {"type":"click","target_tagname":"hbox","target_id":"","detail":1}
INST 6890721dff518cea 2016-03-28T21:30:07.400Z {"type":"click","target_tagname":"radio","target_id":"proxyRadioWithout","detail":1}
INST 6890721dff518cea 2016-03-28T21:30:07.400Z {"type":"command","target_tagname":"radio","target_id":"proxyRadioWithout"}
INST 6890721dff518cea 2016-03-28T21:30:08.500Z {"type":"click","target_tagname":"wizard","target_id":"TorNetworkSettings","detail":1}
INST 6890721dff518cea 2016-03-28T21:30:08.500Z {"type":"pagehide","target_tagname":"wizardpage","target_id":"proxy"}
INST 6890721dff518cea 2016-03-28T21:30:08.500Z {"type":"pageadvanced","target_tagname":"wizardpage","target_id":"proxy"}
INST 6890721dff518cea 2016-03-28T21:30:08.500Z {"type":"wizardnext","target_tagname":"wizard","target_id":"TorNetworkSettings"}
INST 6890721dff518cea 2016-03-28T21:30:08.500Z {"type":"pageshow","target_tagname":"wizardpage","target_id":"bridges"}
INST 6890721dff518cea 2016-03-28T21:30:08.500Z {"type":"command","target_tagname":"wizard","target_id":"TorNetworkSettings"}
INST 6890721dff518cea 2016-03-28T21:30:10.100Z {"type":"click","target_tagname":"wizard","target_id":"TorNetworkSettings","detail":1}
INST 6890721dff518cea 2016-03-28T21:30:10.100Z {"type":"pagehide","target_tagname":"wizardpage","target_id":"bridges"}
INST 6890721dff518cea 2016-03-28T21:30:10.100Z {"type":"pageadvanced","target_tagname":"wizardpage","target_id":"bridges"}
INST 6890721dff518cea 2016-03-28T21:30:10.100Z {"type":"wizardnext","target_tagname":"wizard","target_id":"TorNetworkSettings"}
INST 6890721dff518cea 2016-03-28T21:30:10.100Z {"type":"pageshow","target_tagname":"wizardpage","target_id":"summary"}
INST 6890721dff518cea 2016-03-28T21:30:10.100Z {"type":"command","target_tagname":"wizard","target_id":"TorNetworkSettings"}
INST 6890721dff518cea 2016-03-28T21:30:11.100Z {"type":"pagehide","target_tagname":"wizardpage","target_id":"summary"}
INST 6890721dff518cea 2016-03-28T21:30:11.100Z {"type":"pageadvanced","target_tagname":"wizardpage","target_id":"summary"}
INST 6890721dff518cea 2016-03-28T21:30:11.200Z {"type":"wizardnext","target_tagname":"wizard","target_id":"TorNetworkSettings"}
INST 6890721dff518cea 2016-03-28T21:30:11.200Z {"type":"pageshow","target_tagname":"wizardpage","target_id":"inlineprogress"}
INST 6890721dff518cea 2016-03-28T21:30:11.200Z {"type":"click","target_tagname":"wizard","target_id":"TorNetworkSettings","detail":1}
INST 6890721dff518cea 2016-03-28T21:30:18.400Z {"type":"progresschanged","target_tagname":"progressmeter","target_id":"progressMeter","value":15}
INST 6890721dff518cea 2016-03-28T21:30:18.400Z {"type":"good","target_tagname":"image","target_id":"progressbar","configurationSettings":"bridge-noproxy","number":1}
INST 6890721dff518cea 2016-03-28T21:30:18.900Z {"type":"progresschanged","target_tagname":"progressmeter","target_id":"progressMeter","value":20}
INST 6890721dff518cea 2016-03-28T21:30:18.900Z {"type":"good","target_tagname":"image","target_id":"progressbar","configurationSettings":"bridge-noproxy","number":1}
INST 6890721dff518cea 2016-03-28T21:30:20.100Z {"type":"progresschanged","target_tagname":"progressmeter","target_id":"progressMeter","value":25}
INST 6890721dff518cea 2016-03-28T21:30:20.100Z {"type":"good","target_tagname":"image","target_id":"progressbar","configurationSettings":"bridge-noproxy","number":2}
INST 6890721dff518cea 2016-03-28T21:30:31.200Z {"type":"progresschanged","target_tagname":"progressmeter","target_id":"progressMeter","value":40}
INST 6890721dff518cea 2016-03-28T21:30:31.200Z {"type":"good","target_tagname":"image","target_id":"progressbar","configurationSettings":"bridge-noproxy","number":2}
INST 6890721dff518cea 2016-03-28T21:30:32.000Z {"type":"progresschanged","target_tagname":"progressmeter","target_id":"progressMeter","value":45}
INST 6890721dff518cea 2016-03-28T21:30:32.000Z {"type":"good","target_tagname":"image","target_id":"progressbar","configurationSettings":"bridge-noproxy","number":2}
INST 6890721dff518cea 2016-03-28T21:30:32.300Z {"type":"progresschanged","target_tagname":"progressmeter","target_id":"progressMeter","value":50}
INST 6890721dff518cea 2016-03-28T21:30:32.300Z {"type":"good","target_tagname":"image","target_id":"progressbar","configurationSettings":"bridge-noproxy","number":2}
INST 6890721dff518cea 2016-03-28T21:31:05.700Z {"type":"progresschanged","target_tagname":"progressmeter","target_id":"progressMeter","value":51}
INST 6890721dff518cea 2016-03-28T21:31:05.700Z {"type":"good","target_tagname":"image","target_id":"progressbar","configurationSettings":"bridge-noproxy","number":2}
INST 6890721dff518cea 2016-03-28T21:31:06.100Z {"type":"progresschanged","target_tagname":"progressmeter","target_id":"progressMeter","value":53}
INST 6890721dff518cea 2016-03-28T21:31:06.100Z {"type":"good","target_tagname":"image","target_id":"progressbar","configurationSettings":"bridge-noproxy","number":2}
INST 6890721dff518cea 2016-03-28T21:31:06.100Z {"type":"progresschanged","target_tagname":"progressmeter","target_id":"progressMeter","value":55}
INST 6890721dff518cea 2016-03-28T21:31:06.100Z {"type":"good","target_tagname":"image","target_id":"progressbar","configurationSettings":"bridge-noproxy","number":2}
INST 6890721dff518cea 2016-03-28T21:31:06.100Z {"type":"progresschanged","target_tagname":"progressmeter","target_id":"progressMeter","value":57}
INST 6890721dff518cea 2016-03-28T21:31:06.100Z {"type":"good","target_tagname":"image","target_id":"progressbar","configurationSettings":"bridge-noproxy","number":2}
INST 6890721dff518cea 2016-03-28T21:31:06.100Z {"type":"progresschanged","target_tagname":"progressmeter","target_id":"progressMeter","value":61}
INST 6890721dff518cea 2016-03-28T21:31:06.100Z {"type":"good","target_tagname":"image","target_id":"progressbar","configurationSettings":"bridge-noproxy","number":2}
INST 6890721dff518cea 2016-03-28T21:31:06.100Z {"type":"progresschanged","target_tagname":"progressmeter","target_id":"progressMeter","value":65}
INST 6890721dff518cea 2016-03-28T21:31:06.100Z {"type":"good","target_tagname":"image","target_id":"progressbar","configurationSettings":"bridge-noproxy","number":2}
INST 6890721dff518cea 2016-03-28T21:31:06.100Z {"type":"progresschanged","target_tagname":"progressmeter","target_id":"progressMeter","value":71}
INST 6890721dff518cea 2016-03-28T21:31:06.100Z {"type":"good","target_tagname":"image","target_id":"progressbar","configurationSettings":"bridge-noproxy","number":2}
INST 6890721dff518cea 2016-03-28T21:31:06.500Z {"type":"progresschanged","target_tagname":"progressmeter","target_id":"progressMeter","value":80}
INST 6890721dff518cea 2016-03-28T21:31:06.500Z {"type":"good","target_tagname":"image","target_id":"progressbar","configurationSettings":"bridge-noproxy","number":2}
INST 6890721dff518cea 2016-03-28T21:31:06.500Z {"type":"progresschanged","target_tagname":"progressmeter","target_id":"progressMeter","value":90}
INST 6890721dff518cea 2016-03-28T21:31:06.500Z {"type":"good","target_tagname":"image","target_id":"progressbar","configurationSettings":"bridge-noproxy","number":3}
INST 6890721dff518cea 2016-03-28T21:31:08.500Z {"type":"progresschanged","target_tagname":"progressmeter","target_id":"progressMeter","value":100}
INST 6890721dff518cea 2016-03-28T21:31:08.500Z {"type":"good","target_tagname":"image","target_id":"progressbar","configurationSettings":"bridge-noproxy","number":4}
INST 6890721dff518cea 2016-03-28T21:31:08.800Z {"type":"unload","target_id":"configuration"}
