INST 3366be307bd74153 2016-03-28T23:20:52.600Z {"type":"start"}
INST 3366be307bd74153 2016-03-28T23:20:53.600Z {"type":"select","target_tagname":"menulist","target_id":"proxyType","value":""}
INST 3366be307bd74153 2016-03-28T23:20:53.600Z {"type":"wizardnext","target_tagname":"wizard","target_id":"TorNetworkSettings"}
INST 3366be307bd74153 2016-03-28T23:20:53.600Z {"type":"pageshow","target_tagname":"wizardpage","target_id":"first"}
INST 3366be307bd74153 2016-03-28T23:20:53.700Z {"type":"load","target_id":"configuration"}
INST 3366be307bd74153 2016-03-28T23:20:53.700Z {"type":"select","target_tagname":"menulist","target_id":"defaultBridgeType","value":"obfs3"}
INST 3366be307bd74153 2016-03-28T23:20:59.900Z {"type":"click","target_tagname":"button","target_id":"connect_button","detail":1}
INST 3366be307bd74153 2016-03-28T23:21:00.000Z {"type":"pagehide","target_tagname":"wizardpage","target_id":"first"}
INST 3366be307bd74153 2016-03-28T23:21:00.000Z {"type":"pageadvanced","target_tagname":"wizardpage","target_id":"first"}
INST 3366be307bd74153 2016-03-28T23:21:00.000Z {"type":"wizardnext","target_tagname":"wizard","target_id":"TorNetworkSettings"}
INST 3366be307bd74153 2016-03-28T23:21:00.000Z {"type":"pageshow","target_tagname":"wizardpage","target_id":"inlineprogress"}
INST 3366be307bd74153 2016-03-28T23:21:00.000Z {"type":"command","target_tagname":"button","target_id":"connect_button"}
INST 3366be307bd74153 2016-03-28T23:21:00.100Z {"type":"progresschanged","target_tagname":"progressmeter","target_id":"progressMeter","value":5}
INST 3366be307bd74153 2016-03-28T23:21:00.100Z {"type":"good","target_tagname":"image","target_id":"progressbar","configurationSettings":"nobridge-noproxy","number":1}
INST 3366be307bd74153 2016-03-28T23:21:00.100Z {"type":"progresschanged","target_tagname":"progressmeter","target_id":"progressMeter","value":5}
INST 3366be307bd74153 2016-03-28T23:21:00.100Z {"type":"good","target_tagname":"image","target_id":"progressbar","configurationSettings":"nobridge-noproxy","number":1}
INST 3366be307bd74153 2016-03-28T23:21:00.100Z {"type":"progresschanged","target_tagname":"progressmeter","target_id":"progressMeter","value":5}
INST 3366be307bd74153 2016-03-28T23:21:00.100Z {"type":"good","target_tagname":"image","target_id":"progressbar","configurationSettings":"nobridge-noproxy","number":1}
INST 3366be307bd74153 2016-03-28T23:21:03.400Z {"type":"click","target_tagname":"wizard","target_id":"TorNetworkSettings","detail":1}
INST 3366be307bd74153 2016-03-28T23:21:03.400Z {"type":"wizardcancel","target_tagname":"wizard","target_id":"TorNetworkSettings"}
INST 3366be307bd74153 2016-03-28T23:21:03.400Z {"type":"command","target_tagname":"wizard","target_id":"TorNetworkSettings"}
INST 3366be307bd74153 2016-03-28T23:21:03.400Z {"type":"unload","target_id":"configuration"}
INST 461ebba0f265afc4 2016-03-28T23:28:22.100Z {"type":"start"}
INST 461ebba0f265afc4 2016-03-28T23:28:22.700Z {"type":"select","target_tagname":"menulist","target_id":"proxyType","value":""}
INST 461ebba0f265afc4 2016-03-28T23:28:22.700Z {"type":"wizardnext","target_tagname":"wizard","target_id":"TorNetworkSettings"}
INST 461ebba0f265afc4 2016-03-28T23:28:22.700Z {"type":"pageshow","target_tagname":"wizardpage","target_id":"first"}
INST 461ebba0f265afc4 2016-03-28T23:28:22.800Z {"type":"load","target_id":"configuration"}
INST 461ebba0f265afc4 2016-03-28T23:28:22.800Z {"type":"select","target_tagname":"menulist","target_id":"defaultBridgeType","value":"obfs3"}
INST 461ebba0f265afc4 2016-03-28T23:28:27.600Z {"type":"click","target_tagname":"button","target_id":"connect_button","detail":1}
INST 461ebba0f265afc4 2016-03-28T23:28:27.600Z {"type":"pagehide","target_tagname":"wizardpage","target_id":"first"}
INST 461ebba0f265afc4 2016-03-28T23:28:27.600Z {"type":"pageadvanced","target_tagname":"wizardpage","target_id":"first"}
INST 461ebba0f265afc4 2016-03-28T23:28:27.600Z {"type":"wizardnext","target_tagname":"wizard","target_id":"TorNetworkSettings"}
INST 461ebba0f265afc4 2016-03-28T23:28:27.600Z {"type":"pageshow","target_tagname":"wizardpage","target_id":"inlineprogress"}
INST 461ebba0f265afc4 2016-03-28T23:28:27.700Z {"type":"command","target_tagname":"button","target_id":"connect_button"}
INST 461ebba0f265afc4 2016-03-28T23:28:28.600Z {"type":"progresschanged","target_tagname":"progressmeter","target_id":"progressMeter","value":5}
INST 461ebba0f265afc4 2016-03-28T23:28:28.600Z {"type":"good","target_tagname":"image","target_id":"progressbar","configurationSettings":"nobridge-noproxy","number":1}
INST 461ebba0f265afc4 2016-03-28T23:28:28.600Z {"type":"progresschanged","target_tagname":"progressmeter","target_id":"progressMeter","value":5}
INST 461ebba0f265afc4 2016-03-28T23:28:28.600Z {"type":"good","target_tagname":"image","target_id":"progressbar","configurationSettings":"nobridge-noproxy","number":1}
INST 461ebba0f265afc4 2016-03-28T23:28:28.600Z {"type":"progresschanged","target_tagname":"progressmeter","target_id":"progressMeter","value":5}
INST 461ebba0f265afc4 2016-03-28T23:28:28.600Z {"type":"good","target_tagname":"image","target_id":"progressbar","configurationSettings":"nobridge-noproxy","number":1}
INST 461ebba0f265afc4 2016-03-28T23:28:30.000Z {"type":"click","target_tagname":"label","target_id":"progressBridge","detail":1}
INST 461ebba0f265afc4 2016-03-28T23:28:30.700Z {"type":"click","target_tagname":"label","target_id":"progressBridge","detail":1}
INST 461ebba0f265afc4 2016-03-28T23:29:29.600Z {"type":"progresschanged","target_tagname":"progressmeter","target_id":"progressMeter","value":5}
INST 461ebba0f265afc4 2016-03-28T23:29:29.600Z {"type":"good","target_tagname":"image","target_id":"progressbar","configurationSettings":"nobridge-noproxy","number":1}
INST 461ebba0f265afc4 2016-03-28T23:31:21.100Z {"type":"click","target_tagname":"wizard","target_id":"TorNetworkSettings","detail":1}
INST 461ebba0f265afc4 2016-03-28T23:31:21.100Z {"type":"wizardcancel","target_tagname":"wizard","target_id":"TorNetworkSettings"}
INST 461ebba0f265afc4 2016-03-28T23:31:21.100Z {"type":"command","target_tagname":"wizard","target_id":"TorNetworkSettings"}
INST 461ebba0f265afc4 2016-03-28T23:31:21.100Z {"type":"unload","target_id":"configuration"}
INST 188bec080c1b4377 2016-03-28T23:31:24.900Z {"type":"start"}
INST 188bec080c1b4377 2016-03-28T23:31:25.500Z {"type":"select","target_tagname":"menulist","target_id":"proxyType","value":""}
INST 188bec080c1b4377 2016-03-28T23:31:25.500Z {"type":"wizardnext","target_tagname":"wizard","target_id":"TorNetworkSettings"}
INST 188bec080c1b4377 2016-03-28T23:31:25.500Z {"type":"pageshow","target_tagname":"wizardpage","target_id":"first"}
INST 188bec080c1b4377 2016-03-28T23:31:25.600Z {"type":"load","target_id":"configuration"}
INST 188bec080c1b4377 2016-03-28T23:31:25.600Z {"type":"select","target_tagname":"menulist","target_id":"defaultBridgeType","value":"obfs3"}
INST 188bec080c1b4377 2016-03-28T23:31:42.600Z {"type":"click","target_tagname":"button","target_id":"configure_button","detail":1}
INST 188bec080c1b4377 2016-03-28T23:31:42.600Z {"type":"pagehide","target_tagname":"wizardpage","target_id":"first"}
INST 188bec080c1b4377 2016-03-28T23:31:42.600Z {"type":"pageadvanced","target_tagname":"wizardpage","target_id":"first"}
INST 188bec080c1b4377 2016-03-28T23:31:42.600Z {"type":"wizardnext","target_tagname":"wizard","target_id":"TorNetworkSettings"}
INST 188bec080c1b4377 2016-03-28T23:31:42.700Z {"type":"pageshow","target_tagname":"wizardpage","target_id":"proxy"}
INST 188bec080c1b4377 2016-03-28T23:31:42.700Z {"type":"command","target_tagname":"button","target_id":"configure_button"}
INST 188bec080c1b4377 2016-03-28T23:31:55.100Z {"type":"click","target_tagname":"wizard","target_id":"TorNetworkSettings","detail":1}
INST 188bec080c1b4377 2016-03-28T23:31:55.100Z {"type":"pagehide","target_tagname":"wizardpage","target_id":"proxy"}
INST 188bec080c1b4377 2016-03-28T23:31:55.100Z {"type":"pageadvanced","target_tagname":"wizardpage","target_id":"proxy"}
INST 188bec080c1b4377 2016-03-28T23:31:55.100Z {"type":"wizardnext","target_tagname":"wizard","target_id":"TorNetworkSettings"}
INST 188bec080c1b4377 2016-03-28T23:31:55.100Z {"type":"pageshow","target_tagname":"wizardpage","target_id":"bridges"}
INST 188bec080c1b4377 2016-03-28T23:31:55.100Z {"type":"command","target_tagname":"wizard","target_id":"TorNetworkSettings"}
INST 188bec080c1b4377 2016-03-28T23:32:09.200Z {"type":"click","target_tagname":"wizard","target_id":"TorNetworkSettings","detail":1}
INST 188bec080c1b4377 2016-03-28T23:32:30.400Z {"type":"click","target_tagname":"radio","target_id":"bridgeRadioCustom","detail":1}
INST 188bec080c1b4377 2016-03-28T23:32:30.400Z {"type":"command","target_tagname":"radio","target_id":"bridgeRadioCustom"}
INST 188bec080c1b4377 2016-03-28T23:32:33.300Z {"type":"click","target_tagname":"radio","target_id":"bridgeRadioDefault","detail":1}
INST 188bec080c1b4377 2016-03-28T23:32:33.300Z {"type":"command","target_tagname":"radio","target_id":"bridgeRadioDefault"}
INST 188bec080c1b4377 2016-03-28T23:32:34.200Z {"type":"popupshown","target_tagname":"menupopup","target_id":"defaultBridgeType_menuPopup"}
INST 188bec080c1b4377 2016-03-28T23:32:34.200Z {"type":"click","target_tagname":"menulist","target_id":"defaultBridgeType","value":"obfs3","detail":1}
INST 188bec080c1b4377 2016-03-28T23:32:35.800Z {"type":"mouseover","target_tagname":"menuitem","target_id":"","value":"flashproxy"}
INST 188bec080c1b4377 2016-03-28T23:32:36.100Z {"type":"click","target_tagname":"menuitem","target_id":"","value":"flashproxy","detail":1}
INST 188bec080c1b4377 2016-03-28T23:32:36.100Z {"type":"select","target_tagname":"menulist","target_id":"defaultBridgeType","value":"flashproxy"}
INST 188bec080c1b4377 2016-03-28T23:32:36.100Z {"type":"command","target_tagname":"menuitem","target_id":"","value":"flashproxy"}
INST 188bec080c1b4377 2016-03-28T23:32:36.100Z {"type":"popuphidden","target_tagname":"menupopup","target_id":"defaultBridgeType_menuPopup"}
INST 188bec080c1b4377 2016-03-28T23:32:36.100Z {"type":"mouseout","target_tagname":"menuitem","target_id":"","value":"flashproxy"}
INST 188bec080c1b4377 2016-03-28T23:32:55.300Z {"type":"click","target_tagname":"wizard","target_id":"TorNetworkSettings","detail":1}
INST 188bec080c1b4377 2016-03-28T23:32:55.300Z {"type":"pagehide","target_tagname":"wizardpage","target_id":"bridges"}
INST 188bec080c1b4377 2016-03-28T23:32:55.300Z {"type":"pageadvanced","target_tagname":"wizardpage","target_id":"bridges"}
INST 188bec080c1b4377 2016-03-28T23:32:55.300Z {"type":"wizardnext","target_tagname":"wizard","target_id":"TorNetworkSettings"}
INST 188bec080c1b4377 2016-03-28T23:32:55.300Z {"type":"pageshow","target_tagname":"wizardpage","target_id":"summary"}
INST 188bec080c1b4377 2016-03-28T23:32:55.300Z {"type":"command","target_tagname":"wizard","target_id":"TorNetworkSettings"}
INST 188bec080c1b4377 2016-03-28T23:32:58.500Z {"type":"pagehide","target_tagname":"wizardpage","target_id":"summary"}
INST 188bec080c1b4377 2016-03-28T23:32:58.500Z {"type":"pageadvanced","target_tagname":"wizardpage","target_id":"summary"}
INST 188bec080c1b4377 2016-03-28T23:32:58.600Z {"type":"wizardnext","target_tagname":"wizard","target_id":"TorNetworkSettings"}
INST 188bec080c1b4377 2016-03-28T23:32:58.600Z {"type":"pageshow","target_tagname":"wizardpage","target_id":"inlineprogress"}
INST 188bec080c1b4377 2016-03-28T23:32:58.600Z {"type":"click","target_tagname":"wizard","target_id":"TorNetworkSettings","detail":1}
INST 188bec080c1b4377 2016-03-28T23:33:00.400Z {"type":"progresschanged","target_tagname":"progressmeter","target_id":"progressMeter","value":5}
INST 188bec080c1b4377 2016-03-28T23:33:00.400Z {"type":"good","target_tagname":"image","target_id":"progressbar","configurationSettings":"bridge-noproxy","number":1}
INST 188bec080c1b4377 2016-03-28T23:33:00.400Z {"type":"progresschanged","target_tagname":"progressmeter","target_id":"progressMeter","value":10}
INST 188bec080c1b4377 2016-03-28T23:33:00.400Z {"type":"good","target_tagname":"image","target_id":"progressbar","configurationSettings":"bridge-noproxy","number":1}
INST 188bec080c1b4377 2016-03-28T23:35:52.900Z {"type":"click","target_tagname":"wizard","target_id":"TorNetworkSettings","detail":1}
INST 188bec080c1b4377 2016-03-28T23:35:52.900Z {"type":"wizardcancel","target_tagname":"wizard","target_id":"TorNetworkSettings"}
INST 188bec080c1b4377 2016-03-28T23:35:52.900Z {"type":"command","target_tagname":"wizard","target_id":"TorNetworkSettings"}
INST 188bec080c1b4377 2016-03-28T23:35:52.900Z {"type":"unload","target_id":"configuration"}
INST 38a463b571546042 2016-03-28T23:35:57.100Z {"type":"start"}
INST 38a463b571546042 2016-03-28T23:35:57.800Z {"type":"select","target_tagname":"menulist","target_id":"proxyType","value":""}
INST 38a463b571546042 2016-03-28T23:35:57.800Z {"type":"wizardnext","target_tagname":"wizard","target_id":"TorNetworkSettings"}
INST 38a463b571546042 2016-03-28T23:35:57.800Z {"type":"pageshow","target_tagname":"wizardpage","target_id":"first"}
INST 38a463b571546042 2016-03-28T23:35:57.800Z {"type":"load","target_id":"configuration"}
INST 38a463b571546042 2016-03-28T23:35:57.800Z {"type":"select","target_tagname":"menulist","target_id":"defaultBridgeType","value":"flashproxy"}
INST 38a463b571546042 2016-03-28T23:36:01.800Z {"type":"click","target_tagname":"button","target_id":"configure_button","detail":1}
INST 38a463b571546042 2016-03-28T23:36:01.800Z {"type":"pagehide","target_tagname":"wizardpage","target_id":"first"}
INST 38a463b571546042 2016-03-28T23:36:01.800Z {"type":"pageadvanced","target_tagname":"wizardpage","target_id":"first"}
INST 38a463b571546042 2016-03-28T23:36:01.800Z {"type":"wizardnext","target_tagname":"wizard","target_id":"TorNetworkSettings"}
INST 38a463b571546042 2016-03-28T23:36:01.800Z {"type":"pageshow","target_tagname":"wizardpage","target_id":"proxy"}
INST 38a463b571546042 2016-03-28T23:36:01.800Z {"type":"command","target_tagname":"button","target_id":"configure_button"}
INST 38a463b571546042 2016-03-28T23:36:03.600Z {"type":"click","target_tagname":"wizard","target_id":"TorNetworkSettings","detail":1}
INST 38a463b571546042 2016-03-28T23:36:03.600Z {"type":"pagehide","target_tagname":"wizardpage","target_id":"proxy"}
INST 38a463b571546042 2016-03-28T23:36:03.600Z {"type":"pageadvanced","target_tagname":"wizardpage","target_id":"proxy"}
INST 38a463b571546042 2016-03-28T23:36:03.600Z {"type":"wizardnext","target_tagname":"wizard","target_id":"TorNetworkSettings"}
INST 38a463b571546042 2016-03-28T23:36:03.600Z {"type":"pageshow","target_tagname":"wizardpage","target_id":"bridges"}
INST 38a463b571546042 2016-03-28T23:36:03.600Z {"type":"command","target_tagname":"wizard","target_id":"TorNetworkSettings"}
INST 38a463b571546042 2016-03-28T23:36:05.500Z {"type":"click","target_tagname":"wizard","target_id":"TorNetworkSettings","detail":1}
INST 38a463b571546042 2016-03-28T23:36:05.500Z {"type":"pagehide","target_tagname":"wizardpage","target_id":"bridges"}
INST 38a463b571546042 2016-03-28T23:36:05.500Z {"type":"pageadvanced","target_tagname":"wizardpage","target_id":"bridges"}
INST 38a463b571546042 2016-03-28T23:36:05.500Z {"type":"wizardnext","target_tagname":"wizard","target_id":"TorNetworkSettings"}
INST 38a463b571546042 2016-03-28T23:36:05.500Z {"type":"pageshow","target_tagname":"wizardpage","target_id":"summary"}
INST 38a463b571546042 2016-03-28T23:36:05.500Z {"type":"command","target_tagname":"wizard","target_id":"TorNetworkSettings"}
INST 38a463b571546042 2016-03-28T23:36:06.800Z {"type":"pagehide","target_tagname":"wizardpage","target_id":"summary"}
INST 38a463b571546042 2016-03-28T23:36:06.800Z {"type":"pageadvanced","target_tagname":"wizardpage","target_id":"summary"}
INST 38a463b571546042 2016-03-28T23:36:06.900Z {"type":"wizardnext","target_tagname":"wizard","target_id":"TorNetworkSettings"}
INST 38a463b571546042 2016-03-28T23:36:06.900Z {"type":"pageshow","target_tagname":"wizardpage","target_id":"inlineprogress"}
INST 38a463b571546042 2016-03-28T23:36:06.900Z {"type":"click","target_tagname":"wizard","target_id":"TorNetworkSettings","detail":1}
INST 38a463b571546042 2016-03-28T23:36:08.700Z {"type":"progresschanged","target_tagname":"progressmeter","target_id":"progressMeter","value":5}
INST 38a463b571546042 2016-03-28T23:36:08.700Z {"type":"good","target_tagname":"image","target_id":"progressbar","configurationSettings":"bridge-noproxy","number":1}
INST 38a463b571546042 2016-03-28T23:36:08.700Z {"type":"progresschanged","target_tagname":"progressmeter","target_id":"progressMeter","value":10}
INST 38a463b571546042 2016-03-28T23:36:08.700Z {"type":"good","target_tagname":"image","target_id":"progressbar","configurationSettings":"bridge-noproxy","number":1}
INST 38a463b571546042 2016-03-28T23:41:08.700Z {"type":"progresschanged","target_tagname":"progressmeter","target_id":"progressMeter","value":10}
INST 38a463b571546042 2016-03-28T23:41:08.700Z {"type":"bad","target_tagname":"image","target_id":"progressbar","configurationSettings":"bridge-noproxy","number":1}
INST 38a463b571546042 2016-03-28T23:41:32.700Z {"type":"click","target_tagname":"wizard","target_id":"TorNetworkSettings","detail":1}
INST 38a463b571546042 2016-03-28T23:41:32.700Z {"type":"pagehide","target_tagname":"wizardpage","target_id":"inlineprogress"}
INST 38a463b571546042 2016-03-28T23:41:32.700Z {"type":"pagerewound","target_tagname":"wizardpage","target_id":"inlineprogress"}
INST 38a463b571546042 2016-03-28T23:41:32.700Z {"type":"wizardback","target_tagname":"wizard","target_id":"TorNetworkSettings"}
INST 38a463b571546042 2016-03-28T23:41:32.700Z {"type":"pageshow","target_tagname":"wizardpage","target_id":"summary"}
INST 38a463b571546042 2016-03-28T23:41:32.700Z {"type":"command","target_tagname":"wizard","target_id":"TorNetworkSettings"}
INST 38a463b571546042 2016-03-28T23:41:34.200Z {"type":"click","target_tagname":"wizard","target_id":"TorNetworkSettings","detail":1}
INST 38a463b571546042 2016-03-28T23:41:34.200Z {"type":"pagehide","target_tagname":"wizardpage","target_id":"summary"}
INST 38a463b571546042 2016-03-28T23:41:34.200Z {"type":"pagerewound","target_tagname":"wizardpage","target_id":"summary"}
INST 38a463b571546042 2016-03-28T23:41:34.200Z {"type":"wizardback","target_tagname":"wizard","target_id":"TorNetworkSettings"}
INST 38a463b571546042 2016-03-28T23:41:34.300Z {"type":"pageshow","target_tagname":"wizardpage","target_id":"bridges"}
INST 38a463b571546042 2016-03-28T23:41:34.300Z {"type":"command","target_tagname":"wizard","target_id":"TorNetworkSettings"}
INST 38a463b571546042 2016-03-28T23:41:38.100Z {"type":"popupshown","target_tagname":"menupopup","target_id":"defaultBridgeType_menuPopup"}
INST 38a463b571546042 2016-03-28T23:41:38.200Z {"type":"click","target_tagname":"menulist","target_id":"defaultBridgeType","value":"flashproxy","detail":1}
INST 38a463b571546042 2016-03-28T23:41:40.300Z {"type":"mouseover","target_tagname":"menuitem","target_id":"","value":"flashproxy"}
INST 38a463b571546042 2016-03-28T23:41:40.500Z {"type":"mouseout","target_tagname":"menuitem","target_id":"","value":"flashproxy"}
INST 38a463b571546042 2016-03-28T23:41:40.500Z {"type":"mouseover","target_tagname":"menuitem","target_id":"","value":"fte"}
INST 38a463b571546042 2016-03-28T23:41:40.700Z {"type":"mouseout","target_tagname":"menuitem","target_id":"","value":"fte"}
INST 38a463b571546042 2016-03-28T23:41:40.700Z {"type":"mouseover","target_tagname":"menuitem","target_id":"","value":"fte-ipv6"}
INST 38a463b571546042 2016-03-28T23:41:41.100Z {"type":"mouseout","target_tagname":"menuitem","target_id":"","value":"fte-ipv6"}
INST 38a463b571546042 2016-03-28T23:41:41.100Z {"type":"mouseover","target_tagname":"menuitem","target_id":"","value":"meek-amazon"}
INST 38a463b571546042 2016-03-28T23:41:41.500Z {"type":"click","target_tagname":"menuitem","target_id":"","value":"meek-amazon","detail":1}
INST 38a463b571546042 2016-03-28T23:41:41.500Z {"type":"select","target_tagname":"menulist","target_id":"defaultBridgeType","value":"meek-amazon"}
INST 38a463b571546042 2016-03-28T23:41:41.500Z {"type":"command","target_tagname":"menuitem","target_id":"","value":"meek-amazon"}
INST 38a463b571546042 2016-03-28T23:41:41.500Z {"type":"popuphidden","target_tagname":"menupopup","target_id":"defaultBridgeType_menuPopup"}
INST 38a463b571546042 2016-03-28T23:41:41.500Z {"type":"mouseout","target_tagname":"menuitem","target_id":"","value":"meek-amazon"}
INST 38a463b571546042 2016-03-28T23:41:43.100Z {"type":"click","target_tagname":"wizard","target_id":"TorNetworkSettings","detail":1}
INST 38a463b571546042 2016-03-28T23:41:43.100Z {"type":"pagehide","target_tagname":"wizardpage","target_id":"bridges"}
INST 38a463b571546042 2016-03-28T23:41:43.100Z {"type":"pageadvanced","target_tagname":"wizardpage","target_id":"bridges"}
INST 38a463b571546042 2016-03-28T23:41:43.100Z {"type":"wizardnext","target_tagname":"wizard","target_id":"TorNetworkSettings"}
INST 38a463b571546042 2016-03-28T23:41:43.100Z {"type":"pageshow","target_tagname":"wizardpage","target_id":"summary"}
INST 38a463b571546042 2016-03-28T23:41:43.100Z {"type":"command","target_tagname":"wizard","target_id":"TorNetworkSettings"}
INST 38a463b571546042 2016-03-28T23:41:45.500Z {"type":"pagehide","target_tagname":"wizardpage","target_id":"summary"}
INST 38a463b571546042 2016-03-28T23:41:45.500Z {"type":"pageadvanced","target_tagname":"wizardpage","target_id":"summary"}
INST 38a463b571546042 2016-03-28T23:41:45.600Z {"type":"wizardnext","target_tagname":"wizard","target_id":"TorNetworkSettings"}
INST 38a463b571546042 2016-03-28T23:41:45.600Z {"type":"pageshow","target_tagname":"wizardpage","target_id":"inlineprogress"}
INST 38a463b571546042 2016-03-28T23:41:45.600Z {"type":"click","target_tagname":"wizard","target_id":"TorNetworkSettings","detail":1}
INST 38a463b571546042 2016-03-28T23:41:51.800Z {"type":"progresschanged","target_tagname":"progressmeter","target_id":"progressMeter","value":15}
INST 38a463b571546042 2016-03-28T23:41:51.800Z {"type":"good","target_tagname":"image","target_id":"progressbar","configurationSettings":"bridge-noproxy","number":1}
INST 38a463b571546042 2016-03-28T23:41:52.200Z {"type":"progresschanged","target_tagname":"progressmeter","target_id":"progressMeter","value":20}
INST 38a463b571546042 2016-03-28T23:41:52.200Z {"type":"good","target_tagname":"image","target_id":"progressbar","configurationSettings":"bridge-noproxy","number":1}
INST 38a463b571546042 2016-03-28T23:41:52.800Z {"type":"progresschanged","target_tagname":"progressmeter","target_id":"progressMeter","value":25}
INST 38a463b571546042 2016-03-28T23:41:52.800Z {"type":"good","target_tagname":"image","target_id":"progressbar","configurationSettings":"bridge-noproxy","number":2}
INST 38a463b571546042 2016-03-28T23:41:59.600Z {"type":"progresschanged","target_tagname":"progressmeter","target_id":"progressMeter","value":40}
INST 38a463b571546042 2016-03-28T23:41:59.600Z {"type":"good","target_tagname":"image","target_id":"progressbar","configurationSettings":"bridge-noproxy","number":2}
INST 38a463b571546042 2016-03-28T23:42:00.400Z {"type":"progresschanged","target_tagname":"progressmeter","target_id":"progressMeter","value":45}
INST 38a463b571546042 2016-03-28T23:42:00.400Z {"type":"good","target_tagname":"image","target_id":"progressbar","configurationSettings":"bridge-noproxy","number":2}
INST 38a463b571546042 2016-03-28T23:42:00.600Z {"type":"progresschanged","target_tagname":"progressmeter","target_id":"progressMeter","value":50}
INST 38a463b571546042 2016-03-28T23:42:00.600Z {"type":"good","target_tagname":"image","target_id":"progressbar","configurationSettings":"bridge-noproxy","number":2}
INST 38a463b571546042 2016-03-28T23:42:15.200Z {"type":"progresschanged","target_tagname":"progressmeter","target_id":"progressMeter","value":51}
INST 38a463b571546042 2016-03-28T23:42:15.200Z {"type":"good","target_tagname":"image","target_id":"progressbar","configurationSettings":"bridge-noproxy","number":2}
INST 38a463b571546042 2016-03-28T23:42:17.200Z {"type":"progresschanged","target_tagname":"progressmeter","target_id":"progressMeter","value":52}
INST 38a463b571546042 2016-03-28T23:42:17.200Z {"type":"good","target_tagname":"image","target_id":"progressbar","configurationSettings":"bridge-noproxy","number":2}
INST 38a463b571546042 2016-03-28T23:42:17.200Z {"type":"progresschanged","target_tagname":"progressmeter","target_id":"progressMeter","value":53}
INST 38a463b571546042 2016-03-28T23:42:17.200Z {"type":"good","target_tagname":"image","target_id":"progressbar","configurationSettings":"bridge-noproxy","number":2}
INST 38a463b571546042 2016-03-28T23:42:17.200Z {"type":"progresschanged","target_tagname":"progressmeter","target_id":"progressMeter","value":56}
INST 38a463b571546042 2016-03-28T23:42:17.200Z {"type":"good","target_tagname":"image","target_id":"progressbar","configurationSettings":"bridge-noproxy","number":2}
INST 38a463b571546042 2016-03-28T23:42:17.200Z {"type":"progresschanged","target_tagname":"progressmeter","target_id":"progressMeter","value":59}
INST 38a463b571546042 2016-03-28T23:42:17.200Z {"type":"good","target_tagname":"image","target_id":"progressbar","configurationSettings":"bridge-noproxy","number":2}
INST 38a463b571546042 2016-03-28T23:42:17.200Z {"type":"progresschanged","target_tagname":"progressmeter","target_id":"progressMeter","value":63}
INST 38a463b571546042 2016-03-28T23:42:17.200Z {"type":"good","target_tagname":"image","target_id":"progressbar","configurationSettings":"bridge-noproxy","number":2}
INST 38a463b571546042 2016-03-28T23:42:17.200Z {"type":"progresschanged","target_tagname":"progressmeter","target_id":"progressMeter","value":67}
INST 38a463b571546042 2016-03-28T23:42:17.200Z {"type":"good","target_tagname":"image","target_id":"progressbar","configurationSettings":"bridge-noproxy","number":2}
INST 38a463b571546042 2016-03-28T23:42:17.200Z {"type":"progresschanged","target_tagname":"progressmeter","target_id":"progressMeter","value":72}
INST 38a463b571546042 2016-03-28T23:42:17.200Z {"type":"good","target_tagname":"image","target_id":"progressbar","configurationSettings":"bridge-noproxy","number":2}
INST 38a463b571546042 2016-03-28T23:42:17.700Z {"type":"progresschanged","target_tagname":"progressmeter","target_id":"progressMeter","value":80}
INST 38a463b571546042 2016-03-28T23:42:17.700Z {"type":"good","target_tagname":"image","target_id":"progressbar","configurationSettings":"bridge-noproxy","number":2}
INST 38a463b571546042 2016-03-28T23:42:17.700Z {"type":"progresschanged","target_tagname":"progressmeter","target_id":"progressMeter","value":90}
INST 38a463b571546042 2016-03-28T23:42:17.700Z {"type":"good","target_tagname":"image","target_id":"progressbar","configurationSettings":"bridge-noproxy","number":3}
INST 38a463b571546042 2016-03-28T23:42:19.000Z {"type":"progresschanged","target_tagname":"progressmeter","target_id":"progressMeter","value":100}
INST 38a463b571546042 2016-03-28T23:42:19.000Z {"type":"good","target_tagname":"image","target_id":"progressbar","configurationSettings":"bridge-noproxy","number":4}
INST 38a463b571546042 2016-03-28T23:42:19.300Z {"type":"unload","target_id":"configuration"}
