INST 449cd99eabcb8137 2016-03-23T21:42:02.700Z {"type":"start"}
INST 449cd99eabcb8137 2016-03-23T21:42:03.700Z {"type":"select","target_tagname":"menulist","target_id":"proxyType","value":""}
INST 449cd99eabcb8137 2016-03-23T21:42:03.700Z {"type":"wizardnext","target_tagname":"wizard","target_id":"TorNetworkSettings"}
INST 449cd99eabcb8137 2016-03-23T21:42:03.700Z {"type":"pageshow","target_tagname":"wizardpage","target_id":"first"}
INST 449cd99eabcb8137 2016-03-23T21:42:03.700Z {"type":"load","target_id":"configuration"}
INST 449cd99eabcb8137 2016-03-23T21:42:03.700Z {"type":"select","target_tagname":"menulist","target_id":"defaultBridgeType","value":"obfs3"}
INST 449cd99eabcb8137 2016-03-23T21:42:09.900Z {"type":"click","target_tagname":"button","target_id":"connect_button","detail":1}
INST 449cd99eabcb8137 2016-03-23T21:42:09.900Z {"type":"pagehide","target_tagname":"wizardpage","target_id":"first"}
INST 449cd99eabcb8137 2016-03-23T21:42:09.900Z {"type":"pageadvanced","target_tagname":"wizardpage","target_id":"first"}
INST 449cd99eabcb8137 2016-03-23T21:42:09.900Z {"type":"wizardnext","target_tagname":"wizard","target_id":"TorNetworkSettings"}
INST 449cd99eabcb8137 2016-03-23T21:42:09.900Z {"type":"pageshow","target_tagname":"wizardpage","target_id":"inlineprogress"}
INST 449cd99eabcb8137 2016-03-23T21:42:09.900Z {"type":"command","target_tagname":"button","target_id":"connect_button"}
INST 449cd99eabcb8137 2016-03-23T21:42:10.200Z {"type":"progresschanged","target_tagname":"progressmeter","target_id":"progressMeter","value":5}
INST 449cd99eabcb8137 2016-03-23T21:42:10.200Z {"type":"good","target_tagname":"image","target_id":"progressbar","configurationSettings":"nobridge-noproxy","number":1}
INST 449cd99eabcb8137 2016-03-23T21:42:10.200Z {"type":"progresschanged","target_tagname":"progressmeter","target_id":"progressMeter","value":5}
INST 449cd99eabcb8137 2016-03-23T21:42:10.200Z {"type":"good","target_tagname":"image","target_id":"progressbar","configurationSettings":"nobridge-noproxy","number":1}
INST 449cd99eabcb8137 2016-03-23T21:42:10.200Z {"type":"progresschanged","target_tagname":"progressmeter","target_id":"progressMeter","value":5}
INST 449cd99eabcb8137 2016-03-23T21:42:10.200Z {"type":"good","target_tagname":"image","target_id":"progressbar","configurationSettings":"nobridge-noproxy","number":1}
INST 449cd99eabcb8137 2016-03-23T21:43:11.200Z {"type":"progresschanged","target_tagname":"progressmeter","target_id":"progressMeter","value":5}
INST 449cd99eabcb8137 2016-03-23T21:43:11.200Z {"type":"good","target_tagname":"image","target_id":"progressbar","configurationSettings":"nobridge-noproxy","number":1}
INST 449cd99eabcb8137 2016-03-23T21:43:32.200Z {"type":"click","target_tagname":"wizardpage","target_id":"inlineprogress","detail":1}
INST 449cd99eabcb8137 2016-03-23T21:43:33.500Z {"type":"click","target_tagname":"wizard","target_id":"TorNetworkSettings","detail":1}
INST 449cd99eabcb8137 2016-03-23T21:43:33.500Z {"type":"wizardcancel","target_tagname":"wizard","target_id":"TorNetworkSettings"}
INST 449cd99eabcb8137 2016-03-23T21:43:33.500Z {"type":"command","target_tagname":"wizard","target_id":"TorNetworkSettings"}
INST 449cd99eabcb8137 2016-03-23T21:43:33.500Z {"type":"unload","target_id":"configuration"}
INST 678d6645b4a1b29c 2016-03-23T21:43:38.900Z {"type":"start"}
INST 678d6645b4a1b29c 2016-03-23T21:43:39.600Z {"type":"select","target_tagname":"menulist","target_id":"proxyType","value":""}
INST 678d6645b4a1b29c 2016-03-23T21:43:39.600Z {"type":"wizardnext","target_tagname":"wizard","target_id":"TorNetworkSettings"}
INST 678d6645b4a1b29c 2016-03-23T21:43:39.600Z {"type":"pageshow","target_tagname":"wizardpage","target_id":"first"}
INST 678d6645b4a1b29c 2016-03-23T21:43:39.700Z {"type":"load","target_id":"configuration"}
INST 678d6645b4a1b29c 2016-03-23T21:43:39.700Z {"type":"select","target_tagname":"menulist","target_id":"defaultBridgeType","value":"obfs3"}
INST 678d6645b4a1b29c 2016-03-23T21:43:41.200Z {"type":"click","target_tagname":"button","target_id":"configure_button","detail":1}
INST 678d6645b4a1b29c 2016-03-23T21:43:41.200Z {"type":"pagehide","target_tagname":"wizardpage","target_id":"first"}
INST 678d6645b4a1b29c 2016-03-23T21:43:41.200Z {"type":"pageadvanced","target_tagname":"wizardpage","target_id":"first"}
INST 678d6645b4a1b29c 2016-03-23T21:43:41.200Z {"type":"wizardnext","target_tagname":"wizard","target_id":"TorNetworkSettings"}
INST 678d6645b4a1b29c 2016-03-23T21:43:41.200Z {"type":"pageshow","target_tagname":"wizardpage","target_id":"proxy"}
INST 678d6645b4a1b29c 2016-03-23T21:43:41.200Z {"type":"command","target_tagname":"button","target_id":"configure_button"}
INST 678d6645b4a1b29c 2016-03-23T21:43:45.500Z {"type":"click","target_tagname":"wizard","target_id":"TorNetworkSettings","detail":1}
INST 678d6645b4a1b29c 2016-03-23T21:43:45.500Z {"type":"pagehide","target_tagname":"wizardpage","target_id":"proxy"}
INST 678d6645b4a1b29c 2016-03-23T21:43:45.500Z {"type":"pageadvanced","target_tagname":"wizardpage","target_id":"proxy"}
INST 678d6645b4a1b29c 2016-03-23T21:43:45.500Z {"type":"wizardnext","target_tagname":"wizard","target_id":"TorNetworkSettings"}
INST 678d6645b4a1b29c 2016-03-23T21:43:45.500Z {"type":"pageshow","target_tagname":"wizardpage","target_id":"bridges"}
INST 678d6645b4a1b29c 2016-03-23T21:43:45.500Z {"type":"command","target_tagname":"wizard","target_id":"TorNetworkSettings"}
INST 678d6645b4a1b29c 2016-03-23T21:43:47.200Z {"type":"click","target_tagname":"wizard","target_id":"TorNetworkSettings","detail":1}
INST 678d6645b4a1b29c 2016-03-23T21:43:47.200Z {"type":"wizardcancel","target_tagname":"wizard","target_id":"TorNetworkSettings"}
INST 678d6645b4a1b29c 2016-03-23T21:43:47.200Z {"type":"command","target_tagname":"wizard","target_id":"TorNetworkSettings"}
INST 678d6645b4a1b29c 2016-03-23T21:43:47.200Z {"type":"unload","target_id":"configuration"}
INST e72591a15122be10 2016-03-23T21:48:49.900Z {"type":"start"}
INST e72591a15122be10 2016-03-23T21:48:50.000Z {"type":"select","target_tagname":"menulist","target_id":"proxyType","value":""}
INST e72591a15122be10 2016-03-23T21:48:50.000Z {"type":"wizardnext","target_tagname":"wizard","target_id":"TorNetworkSettings"}
INST e72591a15122be10 2016-03-23T21:48:50.000Z {"type":"pageshow","target_tagname":"wizardpage","target_id":"first"}
INST e72591a15122be10 2016-03-23T21:48:50.600Z {"type":"load","target_id":"configuration"}
INST e72591a15122be10 2016-03-23T21:48:50.600Z {"type":"select","target_tagname":"menulist","target_id":"defaultBridgeType","value":"obfs3"}
INST e72591a15122be10 2016-03-23T21:48:57.300Z {"type":"click","target_tagname":"button","target_id":"configure_button","detail":1}
INST e72591a15122be10 2016-03-23T21:48:57.300Z {"type":"pagehide","target_tagname":"wizardpage","target_id":"first"}
INST e72591a15122be10 2016-03-23T21:48:57.300Z {"type":"pageadvanced","target_tagname":"wizardpage","target_id":"first"}
INST e72591a15122be10 2016-03-23T21:48:57.300Z {"type":"wizardnext","target_tagname":"wizard","target_id":"TorNetworkSettings"}
INST e72591a15122be10 2016-03-23T21:48:57.300Z {"type":"pageshow","target_tagname":"wizardpage","target_id":"proxy"}
INST e72591a15122be10 2016-03-23T21:48:57.300Z {"type":"command","target_tagname":"button","target_id":"configure_button"}
INST e72591a15122be10 2016-03-23T21:49:00.600Z {"type":"click","target_tagname":"wizard","target_id":"TorNetworkSettings","detail":1}
INST e72591a15122be10 2016-03-23T21:49:00.600Z {"type":"pagehide","target_tagname":"wizardpage","target_id":"proxy"}
INST e72591a15122be10 2016-03-23T21:49:00.600Z {"type":"pageadvanced","target_tagname":"wizardpage","target_id":"proxy"}
INST e72591a15122be10 2016-03-23T21:49:00.600Z {"type":"wizardnext","target_tagname":"wizard","target_id":"TorNetworkSettings"}
INST e72591a15122be10 2016-03-23T21:49:00.600Z {"type":"pageshow","target_tagname":"wizardpage","target_id":"bridges"}
INST e72591a15122be10 2016-03-23T21:49:00.600Z {"type":"command","target_tagname":"wizard","target_id":"TorNetworkSettings"}
INST e72591a15122be10 2016-03-23T21:49:02.800Z {"type":"click","target_tagname":"radio","target_id":"bridgeRadioDefault","detail":1}
INST e72591a15122be10 2016-03-23T21:49:02.800Z {"type":"command","target_tagname":"radio","target_id":"bridgeRadioDefault"}
INST e72591a15122be10 2016-03-23T21:49:06.300Z {"type":"click","target_tagname":"wizard","target_id":"TorNetworkSettings","detail":1}
INST e72591a15122be10 2016-03-23T21:49:06.300Z {"type":"pagehide","target_tagname":"wizardpage","target_id":"bridges"}
INST e72591a15122be10 2016-03-23T21:49:06.300Z {"type":"pageadvanced","target_tagname":"wizardpage","target_id":"bridges"}
INST e72591a15122be10 2016-03-23T21:49:06.300Z {"type":"wizardnext","target_tagname":"wizard","target_id":"TorNetworkSettings"}
INST e72591a15122be10 2016-03-23T21:49:06.300Z {"type":"pageshow","target_tagname":"wizardpage","target_id":"summary"}
INST e72591a15122be10 2016-03-23T21:49:06.300Z {"type":"command","target_tagname":"wizard","target_id":"TorNetworkSettings"}
INST e72591a15122be10 2016-03-23T21:49:08.700Z {"type":"pagehide","target_tagname":"wizardpage","target_id":"summary"}
INST e72591a15122be10 2016-03-23T21:49:08.700Z {"type":"pageadvanced","target_tagname":"wizardpage","target_id":"summary"}
INST e72591a15122be10 2016-03-23T21:49:08.800Z {"type":"wizardnext","target_tagname":"wizard","target_id":"TorNetworkSettings"}
INST e72591a15122be10 2016-03-23T21:49:08.800Z {"type":"pageshow","target_tagname":"wizardpage","target_id":"inlineprogress"}
INST e72591a15122be10 2016-03-23T21:49:08.800Z {"type":"click","target_tagname":"wizard","target_id":"TorNetworkSettings","detail":1}
INST e72591a15122be10 2016-03-23T21:49:15.400Z {"type":"progresschanged","target_tagname":"progressmeter","target_id":"progressMeter","value":5}
INST e72591a15122be10 2016-03-23T21:49:15.400Z {"type":"good","target_tagname":"image","target_id":"progressbar","configurationSettings":"bridge-noproxy","number":1}
INST e72591a15122be10 2016-03-23T21:49:15.400Z {"type":"progresschanged","target_tagname":"progressmeter","target_id":"progressMeter","value":10}
INST e72591a15122be10 2016-03-23T21:49:15.400Z {"type":"good","target_tagname":"image","target_id":"progressbar","configurationSettings":"bridge-noproxy","number":1}
INST e72591a15122be10 2016-03-23T21:49:41.000Z {"type":"click","target_tagname":"wizard","target_id":"TorNetworkSettings","detail":1}
INST e72591a15122be10 2016-03-23T21:49:41.000Z {"type":"wizardcancel","target_tagname":"wizard","target_id":"TorNetworkSettings"}
INST e72591a15122be10 2016-03-23T21:49:41.000Z {"type":"command","target_tagname":"wizard","target_id":"TorNetworkSettings"}
INST e72591a15122be10 2016-03-23T21:49:41.000Z {"type":"unload","target_id":"configuration"}
INST bb56d3ec349e00ab 2016-03-23T22:08:06.000Z {"type":"start"}
INST bb56d3ec349e00ab 2016-03-23T22:08:06.800Z {"type":"select","target_tagname":"menulist","target_id":"proxyType","value":""}
INST bb56d3ec349e00ab 2016-03-23T22:08:06.800Z {"type":"wizardnext","target_tagname":"wizard","target_id":"TorNetworkSettings"}
INST bb56d3ec349e00ab 2016-03-23T22:08:06.800Z {"type":"pageshow","target_tagname":"wizardpage","target_id":"first"}
INST bb56d3ec349e00ab 2016-03-23T22:08:06.800Z {"type":"load","target_id":"configuration"}
INST bb56d3ec349e00ab 2016-03-23T22:08:06.800Z {"type":"select","target_tagname":"menulist","target_id":"defaultBridgeType","value":"obfs3"}
INST bb56d3ec349e00ab 2016-03-23T22:08:11.200Z {"type":"wizardcancel","target_tagname":"wizard","target_id":"TorNetworkSettings"}
INST bb56d3ec349e00ab 2016-03-23T22:08:11.200Z {"type":"unload","target_id":"configuration"}
