INST da6db471e7955122 2016-03-28T23:21:22.900Z {"type":"start"}
INST da6db471e7955122 2016-03-28T23:21:23.800Z {"type":"select","target_tagname":"menulist","target_id":"proxyType","value":""}
INST da6db471e7955122 2016-03-28T23:21:23.800Z {"type":"wizardnext","target_tagname":"wizard","target_id":"TorNetworkSettings"}
INST da6db471e7955122 2016-03-28T23:21:23.800Z {"type":"pageshow","target_tagname":"wizardpage","target_id":"first"}
INST da6db471e7955122 2016-03-28T23:21:23.800Z {"type":"load","target_id":"configuration"}
INST da6db471e7955122 2016-03-28T23:21:23.800Z {"type":"select","target_tagname":"menulist","target_id":"defaultBridgeType","value":"obfs3"}
INST da6db471e7955122 2016-03-28T23:21:27.700Z {"type":"click","target_tagname":"button","target_id":"connect_button","detail":1}
INST da6db471e7955122 2016-03-28T23:21:27.700Z {"type":"pagehide","target_tagname":"wizardpage","target_id":"first"}
INST da6db471e7955122 2016-03-28T23:21:27.700Z {"type":"pageadvanced","target_tagname":"wizardpage","target_id":"first"}
INST da6db471e7955122 2016-03-28T23:21:27.700Z {"type":"wizardnext","target_tagname":"wizard","target_id":"TorNetworkSettings"}
INST da6db471e7955122 2016-03-28T23:21:27.700Z {"type":"pageshow","target_tagname":"wizardpage","target_id":"inlineprogress"}
INST da6db471e7955122 2016-03-28T23:21:27.700Z {"type":"command","target_tagname":"button","target_id":"connect_button"}
INST da6db471e7955122 2016-03-28T23:21:27.700Z {"type":"click","target_tagname":"vbox","target_id":"","detail":2}
INST da6db471e7955122 2016-03-28T23:21:28.400Z {"type":"progresschanged","target_tagname":"progressmeter","target_id":"progressMeter","value":5}
INST da6db471e7955122 2016-03-28T23:21:28.400Z {"type":"good","target_tagname":"image","target_id":"progressbar","configurationSettings":"nobridge-noproxy","number":1}
INST da6db471e7955122 2016-03-28T23:21:28.400Z {"type":"progresschanged","target_tagname":"progressmeter","target_id":"progressMeter","value":5}
INST da6db471e7955122 2016-03-28T23:21:28.400Z {"type":"good","target_tagname":"image","target_id":"progressbar","configurationSettings":"nobridge-noproxy","number":1}
INST da6db471e7955122 2016-03-28T23:21:28.400Z {"type":"progresschanged","target_tagname":"progressmeter","target_id":"progressMeter","value":5}
INST da6db471e7955122 2016-03-28T23:21:28.400Z {"type":"good","target_tagname":"image","target_id":"progressbar","configurationSettings":"nobridge-noproxy","number":1}
INST da6db471e7955122 2016-03-28T23:22:29.400Z {"type":"progresschanged","target_tagname":"progressmeter","target_id":"progressMeter","value":5}
INST da6db471e7955122 2016-03-28T23:22:29.400Z {"type":"good","target_tagname":"image","target_id":"progressbar","configurationSettings":"nobridge-noproxy","number":1}
INST da6db471e7955122 2016-03-28T23:24:40.300Z {"type":"click","target_tagname":"wizard","target_id":"TorNetworkSettings","detail":1}
INST da6db471e7955122 2016-03-28T23:24:40.300Z {"type":"wizardcancel","target_tagname":"wizard","target_id":"TorNetworkSettings"}
INST da6db471e7955122 2016-03-28T23:24:40.300Z {"type":"command","target_tagname":"wizard","target_id":"TorNetworkSettings"}
INST da6db471e7955122 2016-03-28T23:24:40.300Z {"type":"unload","target_id":"configuration"}
INST ba5aeec2b8696df0 2016-03-28T23:24:42.800Z {"type":"start"}
INST ba5aeec2b8696df0 2016-03-28T23:24:43.500Z {"type":"select","target_tagname":"menulist","target_id":"proxyType","value":""}
INST ba5aeec2b8696df0 2016-03-28T23:24:43.500Z {"type":"wizardnext","target_tagname":"wizard","target_id":"TorNetworkSettings"}
INST ba5aeec2b8696df0 2016-03-28T23:24:43.500Z {"type":"pageshow","target_tagname":"wizardpage","target_id":"first"}
INST ba5aeec2b8696df0 2016-03-28T23:24:43.500Z {"type":"load","target_id":"configuration"}
INST ba5aeec2b8696df0 2016-03-28T23:24:43.500Z {"type":"select","target_tagname":"menulist","target_id":"defaultBridgeType","value":"obfs3"}
INST ba5aeec2b8696df0 2016-03-28T23:24:55.900Z {"type":"wizardcancel","target_tagname":"wizard","target_id":"TorNetworkSettings"}
INST ba5aeec2b8696df0 2016-03-28T23:24:55.900Z {"type":"unload","target_id":"configuration"}
INST 968989f04b765047 2016-03-28T23:25:05.000Z {"type":"start"}
INST 968989f04b765047 2016-03-28T23:25:05.100Z {"type":"select","target_tagname":"menulist","target_id":"proxyType","value":""}
INST 968989f04b765047 2016-03-28T23:25:05.100Z {"type":"wizardnext","target_tagname":"wizard","target_id":"TorNetworkSettings"}
INST 968989f04b765047 2016-03-28T23:25:05.100Z {"type":"pageshow","target_tagname":"wizardpage","target_id":"first"}
INST 968989f04b765047 2016-03-28T23:25:05.700Z {"type":"load","target_id":"configuration"}
INST 968989f04b765047 2016-03-28T23:25:05.700Z {"type":"select","target_tagname":"menulist","target_id":"defaultBridgeType","value":"obfs3"}
INST 968989f04b765047 2016-03-28T23:25:07.800Z {"type":"click","target_tagname":"button","target_id":"configure_button","detail":1}
INST 968989f04b765047 2016-03-28T23:25:07.800Z {"type":"pagehide","target_tagname":"wizardpage","target_id":"first"}
INST 968989f04b765047 2016-03-28T23:25:07.800Z {"type":"pageadvanced","target_tagname":"wizardpage","target_id":"first"}
INST 968989f04b765047 2016-03-28T23:25:07.800Z {"type":"wizardnext","target_tagname":"wizard","target_id":"TorNetworkSettings"}
INST 968989f04b765047 2016-03-28T23:25:07.800Z {"type":"pageshow","target_tagname":"wizardpage","target_id":"proxy"}
INST 968989f04b765047 2016-03-28T23:25:07.800Z {"type":"command","target_tagname":"button","target_id":"configure_button"}
INST 968989f04b765047 2016-03-28T23:25:11.300Z {"type":"click","target_tagname":"wizard","target_id":"TorNetworkSettings","detail":1}
INST 968989f04b765047 2016-03-28T23:25:11.300Z {"type":"pagehide","target_tagname":"wizardpage","target_id":"proxy"}
INST 968989f04b765047 2016-03-28T23:25:11.300Z {"type":"pageadvanced","target_tagname":"wizardpage","target_id":"proxy"}
INST 968989f04b765047 2016-03-28T23:25:11.300Z {"type":"wizardnext","target_tagname":"wizard","target_id":"TorNetworkSettings"}
INST 968989f04b765047 2016-03-28T23:25:11.300Z {"type":"pageshow","target_tagname":"wizardpage","target_id":"bridges"}
INST 968989f04b765047 2016-03-28T23:25:11.300Z {"type":"command","target_tagname":"wizard","target_id":"TorNetworkSettings"}
INST 968989f04b765047 2016-03-28T23:25:17.000Z {"type":"click","target_tagname":"wizard","target_id":"TorNetworkSettings","detail":1}
INST 968989f04b765047 2016-03-28T23:25:17.000Z {"type":"pagehide","target_tagname":"wizardpage","target_id":"bridges"}
INST 968989f04b765047 2016-03-28T23:25:17.000Z {"type":"pageadvanced","target_tagname":"wizardpage","target_id":"bridges"}
INST 968989f04b765047 2016-03-28T23:25:17.000Z {"type":"wizardnext","target_tagname":"wizard","target_id":"TorNetworkSettings"}
INST 968989f04b765047 2016-03-28T23:25:17.000Z {"type":"pageshow","target_tagname":"wizardpage","target_id":"summary"}
INST 968989f04b765047 2016-03-28T23:25:17.000Z {"type":"command","target_tagname":"wizard","target_id":"TorNetworkSettings"}
INST 968989f04b765047 2016-03-28T23:25:19.600Z {"type":"click","target_tagname":"wizard","target_id":"TorNetworkSettings","detail":1}
INST 968989f04b765047 2016-03-28T23:25:19.600Z {"type":"pagehide","target_tagname":"wizardpage","target_id":"summary"}
INST 968989f04b765047 2016-03-28T23:25:19.600Z {"type":"pagerewound","target_tagname":"wizardpage","target_id":"summary"}
INST 968989f04b765047 2016-03-28T23:25:19.600Z {"type":"wizardback","target_tagname":"wizard","target_id":"TorNetworkSettings"}
INST 968989f04b765047 2016-03-28T23:25:19.600Z {"type":"pageshow","target_tagname":"wizardpage","target_id":"bridges"}
INST 968989f04b765047 2016-03-28T23:25:19.600Z {"type":"command","target_tagname":"wizard","target_id":"TorNetworkSettings"}
INST 968989f04b765047 2016-03-28T23:25:21.600Z {"type":"click","target_tagname":"radio","target_id":"bridgeRadioNone","detail":1}
INST 968989f04b765047 2016-03-28T23:25:21.600Z {"type":"command","target_tagname":"radio","target_id":"bridgeRadioNone"}
INST 968989f04b765047 2016-03-28T23:25:22.000Z {"type":"click","target_tagname":"radio","target_id":"bridgeRadioDefault","detail":1}
INST 968989f04b765047 2016-03-28T23:25:22.000Z {"type":"command","target_tagname":"radio","target_id":"bridgeRadioDefault"}
INST 968989f04b765047 2016-03-28T23:25:24.600Z {"type":"click","target_tagname":"wizard","target_id":"TorNetworkSettings","detail":1}
INST 968989f04b765047 2016-03-28T23:25:24.600Z {"type":"pagehide","target_tagname":"wizardpage","target_id":"bridges"}
INST 968989f04b765047 2016-03-28T23:25:24.600Z {"type":"pageadvanced","target_tagname":"wizardpage","target_id":"bridges"}
INST 968989f04b765047 2016-03-28T23:25:24.600Z {"type":"wizardnext","target_tagname":"wizard","target_id":"TorNetworkSettings"}
INST 968989f04b765047 2016-03-28T23:25:24.600Z {"type":"pageshow","target_tagname":"wizardpage","target_id":"summary"}
INST 968989f04b765047 2016-03-28T23:25:24.600Z {"type":"command","target_tagname":"wizard","target_id":"TorNetworkSettings"}
INST 968989f04b765047 2016-03-28T23:25:26.400Z {"type":"pagehide","target_tagname":"wizardpage","target_id":"summary"}
INST 968989f04b765047 2016-03-28T23:25:26.400Z {"type":"pageadvanced","target_tagname":"wizardpage","target_id":"summary"}
INST 968989f04b765047 2016-03-28T23:25:26.500Z {"type":"wizardnext","target_tagname":"wizard","target_id":"TorNetworkSettings"}
INST 968989f04b765047 2016-03-28T23:25:26.500Z {"type":"pageshow","target_tagname":"wizardpage","target_id":"inlineprogress"}
INST 968989f04b765047 2016-03-28T23:25:26.500Z {"type":"click","target_tagname":"wizard","target_id":"TorNetworkSettings","detail":1}
INST 968989f04b765047 2016-03-28T23:25:33.500Z {"type":"progresschanged","target_tagname":"progressmeter","target_id":"progressMeter","value":5}
INST 968989f04b765047 2016-03-28T23:25:33.500Z {"type":"good","target_tagname":"image","target_id":"progressbar","configurationSettings":"bridge-noproxy","number":1}
INST 968989f04b765047 2016-03-28T23:25:33.500Z {"type":"progresschanged","target_tagname":"progressmeter","target_id":"progressMeter","value":10}
INST 968989f04b765047 2016-03-28T23:25:33.500Z {"type":"good","target_tagname":"image","target_id":"progressbar","configurationSettings":"bridge-noproxy","number":1}
INST 968989f04b765047 2016-03-28T23:27:52.400Z {"type":"click","target_tagname":"wizard","target_id":"TorNetworkSettings","detail":1}
INST 968989f04b765047 2016-03-28T23:27:52.400Z {"type":"wizardcancel","target_tagname":"wizard","target_id":"TorNetworkSettings"}
INST 968989f04b765047 2016-03-28T23:27:52.400Z {"type":"command","target_tagname":"wizard","target_id":"TorNetworkSettings"}
INST 968989f04b765047 2016-03-28T23:27:52.400Z {"type":"unload","target_id":"configuration"}
INST 4959e3b3c4b7fb68 2016-03-28T23:27:55.300Z {"type":"start"}
INST 4959e3b3c4b7fb68 2016-03-28T23:27:56.000Z {"type":"select","target_tagname":"menulist","target_id":"proxyType","value":""}
INST 4959e3b3c4b7fb68 2016-03-28T23:27:56.000Z {"type":"wizardnext","target_tagname":"wizard","target_id":"TorNetworkSettings"}
INST 4959e3b3c4b7fb68 2016-03-28T23:27:56.000Z {"type":"pageshow","target_tagname":"wizardpage","target_id":"first"}
INST 4959e3b3c4b7fb68 2016-03-28T23:27:56.100Z {"type":"load","target_id":"configuration"}
INST 4959e3b3c4b7fb68 2016-03-28T23:27:56.100Z {"type":"select","target_tagname":"menulist","target_id":"defaultBridgeType","value":"obfs3"}
INST 4959e3b3c4b7fb68 2016-03-28T23:27:58.700Z {"type":"click","target_tagname":"button","target_id":"configure_button","detail":1}
INST 4959e3b3c4b7fb68 2016-03-28T23:27:58.700Z {"type":"pagehide","target_tagname":"wizardpage","target_id":"first"}
INST 4959e3b3c4b7fb68 2016-03-28T23:27:58.700Z {"type":"pageadvanced","target_tagname":"wizardpage","target_id":"first"}
INST 4959e3b3c4b7fb68 2016-03-28T23:27:58.700Z {"type":"wizardnext","target_tagname":"wizard","target_id":"TorNetworkSettings"}
INST 4959e3b3c4b7fb68 2016-03-28T23:27:58.700Z {"type":"pageshow","target_tagname":"wizardpage","target_id":"proxy"}
INST 4959e3b3c4b7fb68 2016-03-28T23:27:58.700Z {"type":"command","target_tagname":"button","target_id":"configure_button"}
INST 4959e3b3c4b7fb68 2016-03-28T23:28:01.600Z {"type":"click","target_tagname":"wizard","target_id":"TorNetworkSettings","detail":1}
INST 4959e3b3c4b7fb68 2016-03-28T23:28:01.600Z {"type":"pagehide","target_tagname":"wizardpage","target_id":"proxy"}
INST 4959e3b3c4b7fb68 2016-03-28T23:28:01.600Z {"type":"pageadvanced","target_tagname":"wizardpage","target_id":"proxy"}
INST 4959e3b3c4b7fb68 2016-03-28T23:28:01.600Z {"type":"wizardnext","target_tagname":"wizard","target_id":"TorNetworkSettings"}
INST 4959e3b3c4b7fb68 2016-03-28T23:28:01.600Z {"type":"pageshow","target_tagname":"wizardpage","target_id":"bridges"}
INST 4959e3b3c4b7fb68 2016-03-28T23:28:01.600Z {"type":"command","target_tagname":"wizard","target_id":"TorNetworkSettings"}
INST 4959e3b3c4b7fb68 2016-03-28T23:28:02.700Z {"type":"popupshown","target_tagname":"menupopup","target_id":"defaultBridgeType_menuPopup"}
INST 4959e3b3c4b7fb68 2016-03-28T23:28:02.700Z {"type":"click","target_tagname":"menulist","target_id":"defaultBridgeType","value":"obfs3","detail":1}
INST 4959e3b3c4b7fb68 2016-03-28T23:28:03.400Z {"type":"popuphidden","target_tagname":"menupopup","target_id":"defaultBridgeType_menuPopup"}
INST 4959e3b3c4b7fb68 2016-03-28T23:28:04.300Z {"type":"popupshown","target_tagname":"menupopup","target_id":"defaultBridgeType_menuPopup"}
INST 4959e3b3c4b7fb68 2016-03-28T23:28:04.400Z {"type":"click","target_tagname":"menulist","target_id":"defaultBridgeType","value":"obfs3","detail":1}
INST 4959e3b3c4b7fb68 2016-03-28T23:28:05.200Z {"type":"mouseover","target_tagname":"menuitem","target_id":"","value":"flashproxy"}
INST 4959e3b3c4b7fb68 2016-03-28T23:28:05.200Z {"type":"mouseout","target_tagname":"menuitem","target_id":"","value":"flashproxy"}
INST 4959e3b3c4b7fb68 2016-03-28T23:28:05.200Z {"type":"mouseover","target_tagname":"menuitem","target_id":"","value":"fte"}
INST 4959e3b3c4b7fb68 2016-03-28T23:28:05.400Z {"type":"mouseout","target_tagname":"menuitem","target_id":"","value":"fte"}
INST 4959e3b3c4b7fb68 2016-03-28T23:28:05.400Z {"type":"mouseover","target_tagname":"menuitem","target_id":"","value":"fte-ipv6"}
INST 4959e3b3c4b7fb68 2016-03-28T23:28:05.500Z {"type":"mouseout","target_tagname":"menuitem","target_id":"","value":"fte-ipv6"}
INST 4959e3b3c4b7fb68 2016-03-28T23:28:05.500Z {"type":"mouseover","target_tagname":"menuitem","target_id":"","value":"meek-amazon"}
INST 4959e3b3c4b7fb68 2016-03-28T23:28:05.800Z {"type":"mouseout","target_tagname":"menuitem","target_id":"","value":"meek-amazon"}
INST 4959e3b3c4b7fb68 2016-03-28T23:28:05.800Z {"type":"mouseover","target_tagname":"menuitem","target_id":"","value":"meek-azure"}
INST 4959e3b3c4b7fb68 2016-03-28T23:28:06.000Z {"type":"mouseout","target_tagname":"menuitem","target_id":"","value":"meek-azure"}
INST 4959e3b3c4b7fb68 2016-03-28T23:28:06.000Z {"type":"mouseover","target_tagname":"menuitem","target_id":"","value":"meek-google"}
INST 4959e3b3c4b7fb68 2016-03-28T23:28:07.300Z {"type":"click","target_tagname":"menuitem","target_id":"","value":"meek-google","detail":1}
INST 4959e3b3c4b7fb68 2016-03-28T23:28:07.300Z {"type":"select","target_tagname":"menulist","target_id":"defaultBridgeType","value":"meek-google"}
INST 4959e3b3c4b7fb68 2016-03-28T23:28:07.300Z {"type":"command","target_tagname":"menuitem","target_id":"","value":"meek-google"}
INST 4959e3b3c4b7fb68 2016-03-28T23:28:07.300Z {"type":"popuphidden","target_tagname":"menupopup","target_id":"defaultBridgeType_menuPopup"}
INST 4959e3b3c4b7fb68 2016-03-28T23:28:07.400Z {"type":"mouseout","target_tagname":"menuitem","target_id":"","value":"meek-google"}
INST 4959e3b3c4b7fb68 2016-03-28T23:28:11.300Z {"type":"click","target_tagname":"wizard","target_id":"TorNetworkSettings","detail":1}
INST 4959e3b3c4b7fb68 2016-03-28T23:28:11.300Z {"type":"pagehide","target_tagname":"wizardpage","target_id":"bridges"}
INST 4959e3b3c4b7fb68 2016-03-28T23:28:11.300Z {"type":"pageadvanced","target_tagname":"wizardpage","target_id":"bridges"}
INST 4959e3b3c4b7fb68 2016-03-28T23:28:11.300Z {"type":"wizardnext","target_tagname":"wizard","target_id":"TorNetworkSettings"}
INST 4959e3b3c4b7fb68 2016-03-28T23:28:11.300Z {"type":"pageshow","target_tagname":"wizardpage","target_id":"summary"}
INST 4959e3b3c4b7fb68 2016-03-28T23:28:11.300Z {"type":"command","target_tagname":"wizard","target_id":"TorNetworkSettings"}
INST 4959e3b3c4b7fb68 2016-03-28T23:28:12.800Z {"type":"pagehide","target_tagname":"wizardpage","target_id":"summary"}
INST 4959e3b3c4b7fb68 2016-03-28T23:28:12.800Z {"type":"pageadvanced","target_tagname":"wizardpage","target_id":"summary"}
INST 4959e3b3c4b7fb68 2016-03-28T23:28:12.800Z {"type":"wizardnext","target_tagname":"wizard","target_id":"TorNetworkSettings"}
INST 4959e3b3c4b7fb68 2016-03-28T23:28:12.800Z {"type":"pageshow","target_tagname":"wizardpage","target_id":"inlineprogress"}
INST 4959e3b3c4b7fb68 2016-03-28T23:28:12.800Z {"type":"click","target_tagname":"wizard","target_id":"TorNetworkSettings","detail":1}
INST 4959e3b3c4b7fb68 2016-03-28T23:28:16.800Z {"type":"progresschanged","target_tagname":"progressmeter","target_id":"progressMeter","value":5}
INST 4959e3b3c4b7fb68 2016-03-28T23:28:16.800Z {"type":"good","target_tagname":"image","target_id":"progressbar","configurationSettings":"bridge-noproxy","number":1}
INST 4959e3b3c4b7fb68 2016-03-28T23:28:16.800Z {"type":"progresschanged","target_tagname":"progressmeter","target_id":"progressMeter","value":10}
INST 4959e3b3c4b7fb68 2016-03-28T23:28:16.800Z {"type":"good","target_tagname":"image","target_id":"progressbar","configurationSettings":"bridge-noproxy","number":1}
INST 4959e3b3c4b7fb68 2016-03-28T23:28:18.900Z {"type":"progresschanged","target_tagname":"progressmeter","target_id":"progressMeter","value":10}
INST 4959e3b3c4b7fb68 2016-03-28T23:28:18.900Z {"type":"bad","target_tagname":"image","target_id":"progressbar","configurationSettings":"bridge-noproxy","number":1}
INST 4959e3b3c4b7fb68 2016-03-28T23:28:23.700Z {"type":"click","target_tagname":"wizard","target_id":"TorNetworkSettings","detail":1}
INST 4959e3b3c4b7fb68 2016-03-28T23:28:23.700Z {"type":"pagehide","target_tagname":"wizardpage","target_id":"inlineprogress"}
INST 4959e3b3c4b7fb68 2016-03-28T23:28:23.700Z {"type":"pagerewound","target_tagname":"wizardpage","target_id":"inlineprogress"}
INST 4959e3b3c4b7fb68 2016-03-28T23:28:23.700Z {"type":"wizardback","target_tagname":"wizard","target_id":"TorNetworkSettings"}
INST 4959e3b3c4b7fb68 2016-03-28T23:28:23.700Z {"type":"pageshow","target_tagname":"wizardpage","target_id":"summary"}
INST 4959e3b3c4b7fb68 2016-03-28T23:28:23.700Z {"type":"command","target_tagname":"wizard","target_id":"TorNetworkSettings"}
INST 4959e3b3c4b7fb68 2016-03-28T23:28:25.400Z {"type":"click","target_tagname":"wizard","target_id":"TorNetworkSettings","detail":1}
INST 4959e3b3c4b7fb68 2016-03-28T23:28:25.400Z {"type":"pagehide","target_tagname":"wizardpage","target_id":"summary"}
INST 4959e3b3c4b7fb68 2016-03-28T23:28:25.400Z {"type":"pagerewound","target_tagname":"wizardpage","target_id":"summary"}
INST 4959e3b3c4b7fb68 2016-03-28T23:28:25.400Z {"type":"wizardback","target_tagname":"wizard","target_id":"TorNetworkSettings"}
INST 4959e3b3c4b7fb68 2016-03-28T23:28:25.400Z {"type":"pageshow","target_tagname":"wizardpage","target_id":"bridges"}
INST 4959e3b3c4b7fb68 2016-03-28T23:28:25.400Z {"type":"command","target_tagname":"wizard","target_id":"TorNetworkSettings"}
INST 4959e3b3c4b7fb68 2016-03-28T23:28:26.100Z {"type":"popupshown","target_tagname":"menupopup","target_id":"defaultBridgeType_menuPopup"}
INST 4959e3b3c4b7fb68 2016-03-28T23:28:26.100Z {"type":"click","target_tagname":"menulist","target_id":"defaultBridgeType","value":"meek-google","detail":1}
INST 4959e3b3c4b7fb68 2016-03-28T23:28:29.400Z {"type":"mouseover","target_tagname":"menuitem","target_id":"","value":"flashproxy"}
INST 4959e3b3c4b7fb68 2016-03-28T23:28:29.400Z {"type":"mouseout","target_tagname":"menuitem","target_id":"","value":"flashproxy"}
INST 4959e3b3c4b7fb68 2016-03-28T23:28:29.400Z {"type":"mouseover","target_tagname":"menuitem","target_id":"","value":"fte"}
INST 4959e3b3c4b7fb68 2016-03-28T23:28:29.400Z {"type":"mouseout","target_tagname":"menuitem","target_id":"","value":"fte"}
INST 4959e3b3c4b7fb68 2016-03-28T23:28:29.400Z {"type":"mouseover","target_tagname":"menuitem","target_id":"","value":"fte-ipv6"}
INST 4959e3b3c4b7fb68 2016-03-28T23:28:29.600Z {"type":"mouseout","target_tagname":"menuitem","target_id":"","value":"fte-ipv6"}
INST 4959e3b3c4b7fb68 2016-03-28T23:28:29.600Z {"type":"mouseover","target_tagname":"menuitem","target_id":"","value":"meek-amazon"}
INST 4959e3b3c4b7fb68 2016-03-28T23:28:29.700Z {"type":"mouseout","target_tagname":"menuitem","target_id":"","value":"meek-amazon"}
INST 4959e3b3c4b7fb68 2016-03-28T23:28:29.700Z {"type":"mouseover","target_tagname":"menuitem","target_id":"","value":"meek-azure"}
INST 4959e3b3c4b7fb68 2016-03-28T23:28:30.000Z {"type":"click","target_tagname":"menuitem","target_id":"","value":"meek-azure","detail":1}
INST 4959e3b3c4b7fb68 2016-03-28T23:28:30.000Z {"type":"select","target_tagname":"menulist","target_id":"defaultBridgeType","value":"meek-azure"}
INST 4959e3b3c4b7fb68 2016-03-28T23:28:30.000Z {"type":"command","target_tagname":"menuitem","target_id":"","value":"meek-azure"}
INST 4959e3b3c4b7fb68 2016-03-28T23:28:30.000Z {"type":"popuphidden","target_tagname":"menupopup","target_id":"defaultBridgeType_menuPopup"}
INST 4959e3b3c4b7fb68 2016-03-28T23:28:30.000Z {"type":"mouseout","target_tagname":"menuitem","target_id":"","value":"meek-azure"}
INST 4959e3b3c4b7fb68 2016-03-28T23:28:30.600Z {"type":"click","target_tagname":"wizard","target_id":"TorNetworkSettings","detail":1}
INST 4959e3b3c4b7fb68 2016-03-28T23:28:30.600Z {"type":"pagehide","target_tagname":"wizardpage","target_id":"bridges"}
INST 4959e3b3c4b7fb68 2016-03-28T23:28:30.600Z {"type":"pageadvanced","target_tagname":"wizardpage","target_id":"bridges"}
INST 4959e3b3c4b7fb68 2016-03-28T23:28:30.600Z {"type":"wizardnext","target_tagname":"wizard","target_id":"TorNetworkSettings"}
INST 4959e3b3c4b7fb68 2016-03-28T23:28:30.600Z {"type":"pageshow","target_tagname":"wizardpage","target_id":"summary"}
INST 4959e3b3c4b7fb68 2016-03-28T23:28:30.600Z {"type":"command","target_tagname":"wizard","target_id":"TorNetworkSettings"}
INST 4959e3b3c4b7fb68 2016-03-28T23:28:31.900Z {"type":"pagehide","target_tagname":"wizardpage","target_id":"summary"}
INST 4959e3b3c4b7fb68 2016-03-28T23:28:31.900Z {"type":"pageadvanced","target_tagname":"wizardpage","target_id":"summary"}
INST 4959e3b3c4b7fb68 2016-03-28T23:28:32.000Z {"type":"wizardnext","target_tagname":"wizard","target_id":"TorNetworkSettings"}
INST 4959e3b3c4b7fb68 2016-03-28T23:28:32.000Z {"type":"pageshow","target_tagname":"wizardpage","target_id":"inlineprogress"}
INST 4959e3b3c4b7fb68 2016-03-28T23:28:32.000Z {"type":"click","target_tagname":"wizard","target_id":"TorNetworkSettings","detail":1}
INST 4959e3b3c4b7fb68 2016-03-28T23:28:36.000Z {"type":"progresschanged","target_tagname":"progressmeter","target_id":"progressMeter","value":15}
INST 4959e3b3c4b7fb68 2016-03-28T23:28:36.000Z {"type":"good","target_tagname":"image","target_id":"progressbar","configurationSettings":"bridge-noproxy","number":1}
INST 4959e3b3c4b7fb68 2016-03-28T23:28:36.100Z {"type":"progresschanged","target_tagname":"progressmeter","target_id":"progressMeter","value":20}
INST 4959e3b3c4b7fb68 2016-03-28T23:28:36.100Z {"type":"good","target_tagname":"image","target_id":"progressbar","configurationSettings":"bridge-noproxy","number":1}
INST 4959e3b3c4b7fb68 2016-03-28T23:28:36.300Z {"type":"progresschanged","target_tagname":"progressmeter","target_id":"progressMeter","value":25}
INST 4959e3b3c4b7fb68 2016-03-28T23:28:36.300Z {"type":"good","target_tagname":"image","target_id":"progressbar","configurationSettings":"bridge-noproxy","number":2}
INST 4959e3b3c4b7fb68 2016-03-28T23:28:37.200Z {"type":"progresschanged","target_tagname":"progressmeter","target_id":"progressMeter","value":40}
INST 4959e3b3c4b7fb68 2016-03-28T23:28:37.200Z {"type":"good","target_tagname":"image","target_id":"progressbar","configurationSettings":"bridge-noproxy","number":2}
INST 4959e3b3c4b7fb68 2016-03-28T23:28:37.500Z {"type":"progresschanged","target_tagname":"progressmeter","target_id":"progressMeter","value":45}
INST 4959e3b3c4b7fb68 2016-03-28T23:28:37.500Z {"type":"good","target_tagname":"image","target_id":"progressbar","configurationSettings":"bridge-noproxy","number":2}
INST 4959e3b3c4b7fb68 2016-03-28T23:28:37.700Z {"type":"progresschanged","target_tagname":"progressmeter","target_id":"progressMeter","value":50}
INST 4959e3b3c4b7fb68 2016-03-28T23:28:37.700Z {"type":"good","target_tagname":"image","target_id":"progressbar","configurationSettings":"bridge-noproxy","number":2}
INST 4959e3b3c4b7fb68 2016-03-28T23:28:40.800Z {"type":"progresschanged","target_tagname":"progressmeter","target_id":"progressMeter","value":52}
INST 4959e3b3c4b7fb68 2016-03-28T23:28:40.800Z {"type":"good","target_tagname":"image","target_id":"progressbar","configurationSettings":"bridge-noproxy","number":2}
INST 4959e3b3c4b7fb68 2016-03-28T23:28:40.900Z {"type":"progresschanged","target_tagname":"progressmeter","target_id":"progressMeter","value":53}
INST 4959e3b3c4b7fb68 2016-03-28T23:28:40.900Z {"type":"good","target_tagname":"image","target_id":"progressbar","configurationSettings":"bridge-noproxy","number":2}
INST 4959e3b3c4b7fb68 2016-03-28T23:28:40.900Z {"type":"progresschanged","target_tagname":"progressmeter","target_id":"progressMeter","value":55}
INST 4959e3b3c4b7fb68 2016-03-28T23:28:40.900Z {"type":"good","target_tagname":"image","target_id":"progressbar","configurationSettings":"bridge-noproxy","number":2}
INST 4959e3b3c4b7fb68 2016-03-28T23:28:40.900Z {"type":"progresschanged","target_tagname":"progressmeter","target_id":"progressMeter","value":57}
INST 4959e3b3c4b7fb68 2016-03-28T23:28:40.900Z {"type":"good","target_tagname":"image","target_id":"progressbar","configurationSettings":"bridge-noproxy","number":2}
INST 4959e3b3c4b7fb68 2016-03-28T23:28:41.100Z {"type":"progresschanged","target_tagname":"progressmeter","target_id":"progressMeter","value":61}
INST 4959e3b3c4b7fb68 2016-03-28T23:28:41.100Z {"type":"good","target_tagname":"image","target_id":"progressbar","configurationSettings":"bridge-noproxy","number":2}
INST 4959e3b3c4b7fb68 2016-03-28T23:28:41.100Z {"type":"progresschanged","target_tagname":"progressmeter","target_id":"progressMeter","value":66}
INST 4959e3b3c4b7fb68 2016-03-28T23:28:41.100Z {"type":"good","target_tagname":"image","target_id":"progressbar","configurationSettings":"bridge-noproxy","number":2}
INST 4959e3b3c4b7fb68 2016-03-28T23:28:41.100Z {"type":"progresschanged","target_tagname":"progressmeter","target_id":"progressMeter","value":73}
INST 4959e3b3c4b7fb68 2016-03-28T23:28:41.100Z {"type":"good","target_tagname":"image","target_id":"progressbar","configurationSettings":"bridge-noproxy","number":2}
INST 4959e3b3c4b7fb68 2016-03-28T23:28:41.800Z {"type":"progresschanged","target_tagname":"progressmeter","target_id":"progressMeter","value":80}
INST 4959e3b3c4b7fb68 2016-03-28T23:28:41.800Z {"type":"good","target_tagname":"image","target_id":"progressbar","configurationSettings":"bridge-noproxy","number":2}
INST 4959e3b3c4b7fb68 2016-03-28T23:28:41.800Z {"type":"progresschanged","target_tagname":"progressmeter","target_id":"progressMeter","value":90}
INST 4959e3b3c4b7fb68 2016-03-28T23:28:41.800Z {"type":"good","target_tagname":"image","target_id":"progressbar","configurationSettings":"bridge-noproxy","number":3}
INST 4959e3b3c4b7fb68 2016-03-28T23:28:42.800Z {"type":"progresschanged","target_tagname":"progressmeter","target_id":"progressMeter","value":100}
INST 4959e3b3c4b7fb68 2016-03-28T23:28:42.800Z {"type":"good","target_tagname":"image","target_id":"progressbar","configurationSettings":"bridge-noproxy","number":4}
INST 4959e3b3c4b7fb68 2016-03-28T23:28:43.000Z {"type":"unload","target_id":"configuration"}
