INST e62b0c93ff4dca3f 2016-03-28T21:20:06.700Z {"type":"start"}
INST e62b0c93ff4dca3f 2016-03-28T21:20:10.300Z {"type":"select","target_tagname":"menulist","target_id":"proxyType","value":""}
INST e62b0c93ff4dca3f 2016-03-28T21:20:10.300Z {"type":"wizardnext","target_tagname":"wizard","target_id":"TorNetworkSettings"}
INST e62b0c93ff4dca3f 2016-03-28T21:20:10.300Z {"type":"pageshow","target_tagname":"wizardpage","target_id":"first"}
INST e62b0c93ff4dca3f 2016-03-28T21:20:10.400Z {"type":"load","target_id":"configuration"}
INST e62b0c93ff4dca3f 2016-03-28T21:20:10.400Z {"type":"select","target_tagname":"menulist","target_id":"defaultBridgeType","value":"obfs3"}
INST e62b0c93ff4dca3f 2016-03-28T21:20:20.300Z {"type":"click","target_tagname":"button","target_id":"connect_button","detail":1}
INST e62b0c93ff4dca3f 2016-03-28T21:20:20.300Z {"type":"pagehide","target_tagname":"wizardpage","target_id":"first"}
INST e62b0c93ff4dca3f 2016-03-28T21:20:20.300Z {"type":"pageadvanced","target_tagname":"wizardpage","target_id":"first"}
INST e62b0c93ff4dca3f 2016-03-28T21:20:20.300Z {"type":"wizardnext","target_tagname":"wizard","target_id":"TorNetworkSettings"}
INST e62b0c93ff4dca3f 2016-03-28T21:20:20.300Z {"type":"pageshow","target_tagname":"wizardpage","target_id":"inlineprogress"}
INST e62b0c93ff4dca3f 2016-03-28T21:20:20.300Z {"type":"command","target_tagname":"button","target_id":"connect_button"}
INST e62b0c93ff4dca3f 2016-03-28T21:20:21.100Z {"type":"progresschanged","target_tagname":"progressmeter","target_id":"progressMeter","value":5}
INST e62b0c93ff4dca3f 2016-03-28T21:20:21.100Z {"type":"good","target_tagname":"image","target_id":"progressbar","configurationSettings":"nobridge-noproxy","number":1}
INST e62b0c93ff4dca3f 2016-03-28T21:20:21.100Z {"type":"progresschanged","target_tagname":"progressmeter","target_id":"progressMeter","value":5}
INST e62b0c93ff4dca3f 2016-03-28T21:20:21.100Z {"type":"good","target_tagname":"image","target_id":"progressbar","configurationSettings":"nobridge-noproxy","number":1}
INST e62b0c93ff4dca3f 2016-03-28T21:20:21.100Z {"type":"progresschanged","target_tagname":"progressmeter","target_id":"progressMeter","value":5}
INST e62b0c93ff4dca3f 2016-03-28T21:20:21.100Z {"type":"good","target_tagname":"image","target_id":"progressbar","configurationSettings":"nobridge-noproxy","number":1}
INST e62b0c93ff4dca3f 2016-03-28T21:20:45.200Z {"type":"wizardcancel","target_tagname":"wizard","target_id":"TorNetworkSettings"}
INST e62b0c93ff4dca3f 2016-03-28T21:20:45.200Z {"type":"unload","target_id":"configuration"}
INST 7f314afb53470012 2016-03-28T21:22:18.300Z {"type":"start"}
INST 7f314afb53470012 2016-03-28T21:22:19.100Z {"type":"select","target_tagname":"menulist","target_id":"proxyType","value":""}
INST 7f314afb53470012 2016-03-28T21:22:19.100Z {"type":"wizardnext","target_tagname":"wizard","target_id":"TorNetworkSettings"}
INST 7f314afb53470012 2016-03-28T21:22:19.100Z {"type":"pageshow","target_tagname":"wizardpage","target_id":"first"}
INST 7f314afb53470012 2016-03-28T21:22:19.200Z {"type":"load","target_id":"configuration"}
INST 7f314afb53470012 2016-03-28T21:22:19.200Z {"type":"select","target_tagname":"menulist","target_id":"defaultBridgeType","value":"obfs3"}
INST 7f314afb53470012 2016-03-28T21:22:20.600Z {"type":"click","target_tagname":"button","target_id":"connect_button","detail":1}
INST 7f314afb53470012 2016-03-28T21:22:20.700Z {"type":"pagehide","target_tagname":"wizardpage","target_id":"first"}
INST 7f314afb53470012 2016-03-28T21:22:20.700Z {"type":"pageadvanced","target_tagname":"wizardpage","target_id":"first"}
INST 7f314afb53470012 2016-03-28T21:22:20.700Z {"type":"wizardnext","target_tagname":"wizard","target_id":"TorNetworkSettings"}
INST 7f314afb53470012 2016-03-28T21:22:20.700Z {"type":"pageshow","target_tagname":"wizardpage","target_id":"inlineprogress"}
INST 7f314afb53470012 2016-03-28T21:22:20.700Z {"type":"command","target_tagname":"button","target_id":"connect_button"}
INST 7f314afb53470012 2016-03-28T21:22:21.000Z {"type":"progresschanged","target_tagname":"progressmeter","target_id":"progressMeter","value":5}
INST 7f314afb53470012 2016-03-28T21:22:21.000Z {"type":"good","target_tagname":"image","target_id":"progressbar","configurationSettings":"nobridge-noproxy","number":1}
INST 7f314afb53470012 2016-03-28T21:22:21.000Z {"type":"progresschanged","target_tagname":"progressmeter","target_id":"progressMeter","value":5}
INST 7f314afb53470012 2016-03-28T21:22:21.000Z {"type":"good","target_tagname":"image","target_id":"progressbar","configurationSettings":"nobridge-noproxy","number":1}
INST 7f314afb53470012 2016-03-28T21:22:21.000Z {"type":"progresschanged","target_tagname":"progressmeter","target_id":"progressMeter","value":5}
INST 7f314afb53470012 2016-03-28T21:22:21.000Z {"type":"good","target_tagname":"image","target_id":"progressbar","configurationSettings":"nobridge-noproxy","number":1}
INST 7f314afb53470012 2016-03-28T21:23:22.000Z {"type":"progresschanged","target_tagname":"progressmeter","target_id":"progressMeter","value":5}
INST 7f314afb53470012 2016-03-28T21:23:22.000Z {"type":"good","target_tagname":"image","target_id":"progressbar","configurationSettings":"nobridge-noproxy","number":1}
INST 7f314afb53470012 2016-03-28T21:28:27.000Z {"type":"progresschanged","target_tagname":"progressmeter","target_id":"progressMeter","value":5}
INST 7f314afb53470012 2016-03-28T21:28:27.000Z {"type":"good","target_tagname":"image","target_id":"progressbar","configurationSettings":"nobridge-noproxy","number":1}
INST 7f314afb53470012 2016-03-28T21:33:58.000Z {"type":"click","target_tagname":"image","target_id":"progressbar","detail":1}
INST 7f314afb53470012 2016-03-28T21:33:58.600Z {"type":"click","target_tagname":"image","target_id":"progressbar","detail":1}
INST 7f314afb53470012 2016-03-28T21:34:28.500Z {"type":"click","target_tagname":"wizardpage","target_id":"inlineprogress","detail":1}
INST 7f314afb53470012 2016-03-28T21:34:28.700Z {"type":"click","target_tagname":"wizardpage","target_id":"inlineprogress","detail":1}
INST 7f314afb53470012 2016-03-28T21:34:39.500Z {"type":"click","target_tagname":"image","target_id":"progressbar","detail":1}
INST 7f314afb53470012 2016-03-28T21:34:39.900Z {"type":"click","target_tagname":"vbox","target_id":"","detail":1}
INST 7f314afb53470012 2016-03-28T21:34:40.000Z {"type":"click","target_tagname":"image","target_id":"progressbar","detail":1}
INST 7f314afb53470012 2016-03-28T21:34:40.300Z {"type":"click","target_tagname":"vbox","target_id":"","detail":1}
INST 7f314afb53470012 2016-03-28T21:34:40.800Z {"type":"click","target_tagname":"label","target_id":"progressProxy","detail":1}
INST 7f314afb53470012 2016-03-28T21:34:41.500Z {"type":"click","target_tagname":"label","target_id":"forAssistance","detail":1}
INST 6c6421784445145b 2016-03-28T21:35:01.400Z {"type":"start"}
INST 6c6421784445145b 2016-03-28T21:35:01.500Z {"type":"select","target_tagname":"menulist","target_id":"proxyType","value":""}
INST 6c6421784445145b 2016-03-28T21:35:01.500Z {"type":"wizardnext","target_tagname":"wizard","target_id":"TorNetworkSettings"}
INST 6c6421784445145b 2016-03-28T21:35:01.500Z {"type":"pageshow","target_tagname":"wizardpage","target_id":"first"}
INST 6c6421784445145b 2016-03-28T21:35:02.100Z {"type":"load","target_id":"configuration"}
INST 6c6421784445145b 2016-03-28T21:35:02.100Z {"type":"select","target_tagname":"menulist","target_id":"defaultBridgeType","value":"obfs3"}
INST 6c6421784445145b 2016-03-28T21:35:03.700Z {"type":"click","target_tagname":"button","target_id":"configure_button","detail":1}
INST 6c6421784445145b 2016-03-28T21:35:03.700Z {"type":"pagehide","target_tagname":"wizardpage","target_id":"first"}
INST 6c6421784445145b 2016-03-28T21:35:03.700Z {"type":"pageadvanced","target_tagname":"wizardpage","target_id":"first"}
INST 6c6421784445145b 2016-03-28T21:35:03.700Z {"type":"wizardnext","target_tagname":"wizard","target_id":"TorNetworkSettings"}
INST 6c6421784445145b 2016-03-28T21:35:03.700Z {"type":"pageshow","target_tagname":"wizardpage","target_id":"proxy"}
INST 6c6421784445145b 2016-03-28T21:35:03.700Z {"type":"command","target_tagname":"button","target_id":"configure_button"}
INST 6c6421784445145b 2016-03-28T21:35:07.900Z {"type":"click","target_tagname":"wizard","target_id":"TorNetworkSettings","detail":1}
INST 6c6421784445145b 2016-03-28T21:35:07.900Z {"type":"pagehide","target_tagname":"wizardpage","target_id":"proxy"}
INST 6c6421784445145b 2016-03-28T21:35:07.900Z {"type":"pageadvanced","target_tagname":"wizardpage","target_id":"proxy"}
INST 6c6421784445145b 2016-03-28T21:35:07.900Z {"type":"wizardnext","target_tagname":"wizard","target_id":"TorNetworkSettings"}
INST 6c6421784445145b 2016-03-28T21:35:07.900Z {"type":"pageshow","target_tagname":"wizardpage","target_id":"bridges"}
INST 6c6421784445145b 2016-03-28T21:35:07.900Z {"type":"command","target_tagname":"wizard","target_id":"TorNetworkSettings"}
INST 6c6421784445145b 2016-03-28T21:35:11.400Z {"type":"click","target_tagname":"radio","target_id":"bridgeRadioDefault","detail":1}
INST 6c6421784445145b 2016-03-28T21:35:11.400Z {"type":"command","target_tagname":"radio","target_id":"bridgeRadioDefault"}
INST 6c6421784445145b 2016-03-28T21:35:12.400Z {"type":"popupshown","target_tagname":"menupopup","target_id":"defaultBridgeType_menuPopup"}
INST 6c6421784445145b 2016-03-28T21:35:12.500Z {"type":"click","target_tagname":"menulist","target_id":"defaultBridgeType","value":"obfs3","detail":1}
INST 6c6421784445145b 2016-03-28T21:35:13.500Z {"type":"popuphidden","target_tagname":"menupopup","target_id":"defaultBridgeType_menuPopup"}
INST 6c6421784445145b 2016-03-28T21:35:14.200Z {"type":"click","target_tagname":"radio","target_id":"bridgeRadioCustom","detail":1}
INST 6c6421784445145b 2016-03-28T21:35:14.200Z {"type":"command","target_tagname":"radio","target_id":"bridgeRadioCustom"}
INST 6c6421784445145b 2016-03-28T21:35:15.400Z {"type":"click","target_tagname":"hbox","target_id":"bridgeDefaultEntry","detail":1}
INST 6c6421784445145b 2016-03-28T21:35:15.800Z {"type":"click","target_tagname":"radio","target_id":"bridgeRadioDefault","detail":1}
INST 6c6421784445145b 2016-03-28T21:35:15.800Z {"type":"command","target_tagname":"radio","target_id":"bridgeRadioDefault"}
INST 6c6421784445145b 2016-03-28T21:35:17.000Z {"type":"click","target_tagname":"wizard","target_id":"TorNetworkSettings","detail":1}
INST 6c6421784445145b 2016-03-28T21:35:17.000Z {"type":"pagehide","target_tagname":"wizardpage","target_id":"bridges"}
INST 6c6421784445145b 2016-03-28T21:35:17.000Z {"type":"pageadvanced","target_tagname":"wizardpage","target_id":"bridges"}
INST 6c6421784445145b 2016-03-28T21:35:17.000Z {"type":"wizardnext","target_tagname":"wizard","target_id":"TorNetworkSettings"}
INST 6c6421784445145b 2016-03-28T21:35:17.000Z {"type":"pageshow","target_tagname":"wizardpage","target_id":"summary"}
INST 6c6421784445145b 2016-03-28T21:35:17.000Z {"type":"command","target_tagname":"wizard","target_id":"TorNetworkSettings"}
INST 6c6421784445145b 2016-03-28T21:35:18.200Z {"type":"pagehide","target_tagname":"wizardpage","target_id":"summary"}
INST 6c6421784445145b 2016-03-28T21:35:18.200Z {"type":"pageadvanced","target_tagname":"wizardpage","target_id":"summary"}
INST 6c6421784445145b 2016-03-28T21:35:18.300Z {"type":"wizardnext","target_tagname":"wizard","target_id":"TorNetworkSettings"}
INST 6c6421784445145b 2016-03-28T21:35:18.300Z {"type":"pageshow","target_tagname":"wizardpage","target_id":"inlineprogress"}
INST 6c6421784445145b 2016-03-28T21:35:18.300Z {"type":"click","target_tagname":"wizard","target_id":"TorNetworkSettings","detail":1}
INST 6c6421784445145b 2016-03-28T21:35:24.900Z {"type":"progresschanged","target_tagname":"progressmeter","target_id":"progressMeter","value":5}
INST 6c6421784445145b 2016-03-28T21:35:24.900Z {"type":"good","target_tagname":"image","target_id":"progressbar","configurationSettings":"bridge-noproxy","number":1}
INST 6c6421784445145b 2016-03-28T21:35:24.900Z {"type":"progresschanged","target_tagname":"progressmeter","target_id":"progressMeter","value":10}
INST 6c6421784445145b 2016-03-28T21:35:24.900Z {"type":"good","target_tagname":"image","target_id":"progressbar","configurationSettings":"bridge-noproxy","number":1}
INST 6c6421784445145b 2016-03-28T21:35:27.500Z {"type":"click","target_tagname":"wizard","target_id":"TorNetworkSettings","detail":1}
INST 6c6421784445145b 2016-03-28T21:35:27.500Z {"type":"extra2","target_tagname":"wizardpage","target_id":"inlineprogress"}
INST 6c6421784445145b 2016-03-28T21:35:27.500Z {"type":"command","target_tagname":"wizard","target_id":"TorNetworkSettings"}
INST 6c6421784445145b 2016-03-28T21:35:27.700Z {"type":"popupshown","target_tagname":"panel","target_id":"copyLogFeedbackPanel"}
INST 6c6421784445145b 2016-03-28T21:35:31.700Z {"type":"popuphidden","target_tagname":"panel","target_id":"copyLogFeedbackPanel"}
INST 6c6421784445145b 2016-03-28T21:35:58.200Z {"type":"click","target_tagname":"vbox","target_id":"","detail":1}
INST 6c6421784445145b 2016-03-28T21:35:59.400Z {"type":"click","target_tagname":"wizard","target_id":"TorNetworkSettings","detail":1}
INST 6c6421784445145b 2016-03-28T21:35:59.800Z {"type":"click","target_tagname":"wizard","target_id":"TorNetworkSettings","detail":1}
INST 6c6421784445145b 2016-03-28T21:35:59.800Z {"type":"extra2","target_tagname":"wizardpage","target_id":"inlineprogress"}
INST 6c6421784445145b 2016-03-28T21:35:59.800Z {"type":"command","target_tagname":"wizard","target_id":"TorNetworkSettings"}
INST 6c6421784445145b 2016-03-28T21:36:00.000Z {"type":"popupshown","target_tagname":"panel","target_id":"copyLogFeedbackPanel"}
INST 6c6421784445145b 2016-03-28T21:36:01.400Z {"type":"popuphidden","target_tagname":"panel","target_id":"copyLogFeedbackPanel"}
INST 6c6421784445145b 2016-03-28T21:36:07.500Z {"type":"click","target_tagname":"wizard","target_id":"TorNetworkSettings","detail":1}
INST 6c6421784445145b 2016-03-28T21:36:07.600Z {"type":"extra2","target_tagname":"wizardpage","target_id":"inlineprogress"}
INST 6c6421784445145b 2016-03-28T21:36:07.600Z {"type":"command","target_tagname":"wizard","target_id":"TorNetworkSettings"}
INST 6c6421784445145b 2016-03-28T21:36:07.700Z {"type":"popupshown","target_tagname":"panel","target_id":"copyLogFeedbackPanel"}
INST 6c6421784445145b 2016-03-28T21:36:11.700Z {"type":"popuphidden","target_tagname":"panel","target_id":"copyLogFeedbackPanel"}
INST 6c6421784445145b 2016-03-28T21:36:36.900Z {"type":"click","target_tagname":"vbox","target_id":"","detail":1}
INST 6c6421784445145b 2016-03-28T21:36:37.900Z {"type":"click","target_tagname":"wizard","target_id":"TorNetworkSettings","detail":1}
INST 6c6421784445145b 2016-03-28T21:36:37.900Z {"type":"wizardcancel","target_tagname":"wizard","target_id":"TorNetworkSettings"}
INST 6c6421784445145b 2016-03-28T21:36:37.900Z {"type":"command","target_tagname":"wizard","target_id":"TorNetworkSettings"}
INST 6c6421784445145b 2016-03-28T21:36:37.900Z {"type":"unload","target_id":"configuration"}
INST f53bfe3f1829f1e3 2016-03-28T21:36:46.400Z {"type":"start"}
INST f53bfe3f1829f1e3 2016-03-28T21:36:47.200Z {"type":"select","target_tagname":"menulist","target_id":"proxyType","value":""}
INST f53bfe3f1829f1e3 2016-03-28T21:36:47.200Z {"type":"wizardnext","target_tagname":"wizard","target_id":"TorNetworkSettings"}
INST f53bfe3f1829f1e3 2016-03-28T21:36:47.200Z {"type":"pageshow","target_tagname":"wizardpage","target_id":"first"}
INST f53bfe3f1829f1e3 2016-03-28T21:36:47.200Z {"type":"load","target_id":"configuration"}
INST f53bfe3f1829f1e3 2016-03-28T21:36:47.200Z {"type":"select","target_tagname":"menulist","target_id":"defaultBridgeType","value":"obfs3"}
INST f53bfe3f1829f1e3 2016-03-28T21:36:51.600Z {"type":"click","target_tagname":"button","target_id":"configure_button","detail":1}
INST f53bfe3f1829f1e3 2016-03-28T21:36:51.600Z {"type":"pagehide","target_tagname":"wizardpage","target_id":"first"}
INST f53bfe3f1829f1e3 2016-03-28T21:36:51.600Z {"type":"pageadvanced","target_tagname":"wizardpage","target_id":"first"}
INST f53bfe3f1829f1e3 2016-03-28T21:36:51.600Z {"type":"wizardnext","target_tagname":"wizard","target_id":"TorNetworkSettings"}
INST f53bfe3f1829f1e3 2016-03-28T21:36:51.600Z {"type":"pageshow","target_tagname":"wizardpage","target_id":"proxy"}
INST f53bfe3f1829f1e3 2016-03-28T21:36:51.600Z {"type":"command","target_tagname":"button","target_id":"configure_button"}
INST f53bfe3f1829f1e3 2016-03-28T21:36:53.000Z {"type":"click","target_tagname":"radio","target_id":"proxyRadioWith","detail":1}
INST f53bfe3f1829f1e3 2016-03-28T21:36:53.000Z {"type":"command","target_tagname":"radio","target_id":"proxyRadioWith"}
INST f53bfe3f1829f1e3 2016-03-28T21:36:53.900Z {"type":"popupshown","target_tagname":"menupopup","target_id":"proxyType_menuPopup"}
INST f53bfe3f1829f1e3 2016-03-28T21:36:54.000Z {"type":"click","target_tagname":"menulist","target_id":"proxyType","value":"","detail":1}
INST f53bfe3f1829f1e3 2016-03-28T21:36:54.700Z {"type":"popuphidden","target_tagname":"menupopup","target_id":"proxyType_menuPopup"}
INST f53bfe3f1829f1e3 2016-03-28T21:36:56.100Z {"type":"click","target_tagname":"separator","target_id":"","detail":1}
INST f53bfe3f1829f1e3 2016-03-28T21:36:57.300Z {"type":"click","target_tagname":"radio","target_id":"proxyRadioWithout","detail":1}
INST f53bfe3f1829f1e3 2016-03-28T21:36:57.300Z {"type":"command","target_tagname":"radio","target_id":"proxyRadioWithout"}
INST f53bfe3f1829f1e3 2016-03-28T21:36:58.700Z {"type":"click","target_tagname":"wizard","target_id":"TorNetworkSettings","detail":1}
INST f53bfe3f1829f1e3 2016-03-28T21:36:58.700Z {"type":"pagehide","target_tagname":"wizardpage","target_id":"proxy"}
INST f53bfe3f1829f1e3 2016-03-28T21:36:58.700Z {"type":"pageadvanced","target_tagname":"wizardpage","target_id":"proxy"}
INST f53bfe3f1829f1e3 2016-03-28T21:36:58.700Z {"type":"wizardnext","target_tagname":"wizard","target_id":"TorNetworkSettings"}
INST f53bfe3f1829f1e3 2016-03-28T21:36:58.700Z {"type":"pageshow","target_tagname":"wizardpage","target_id":"bridges"}
INST f53bfe3f1829f1e3 2016-03-28T21:36:58.700Z {"type":"command","target_tagname":"wizard","target_id":"TorNetworkSettings"}
INST f53bfe3f1829f1e3 2016-03-28T21:37:00.700Z {"type":"click","target_tagname":"radio","target_id":"bridgeRadioNone","detail":1}
INST f53bfe3f1829f1e3 2016-03-28T21:37:00.700Z {"type":"command","target_tagname":"radio","target_id":"bridgeRadioNone"}
INST f53bfe3f1829f1e3 2016-03-28T21:37:01.300Z {"type":"click","target_tagname":"wizard","target_id":"TorNetworkSettings","detail":1}
INST f53bfe3f1829f1e3 2016-03-28T21:37:01.300Z {"type":"pagehide","target_tagname":"wizardpage","target_id":"bridges"}
INST f53bfe3f1829f1e3 2016-03-28T21:37:01.300Z {"type":"pageadvanced","target_tagname":"wizardpage","target_id":"bridges"}
INST f53bfe3f1829f1e3 2016-03-28T21:37:01.300Z {"type":"wizardnext","target_tagname":"wizard","target_id":"TorNetworkSettings"}
INST f53bfe3f1829f1e3 2016-03-28T21:37:01.300Z {"type":"pageshow","target_tagname":"wizardpage","target_id":"summary"}
INST f53bfe3f1829f1e3 2016-03-28T21:37:01.300Z {"type":"command","target_tagname":"wizard","target_id":"TorNetworkSettings"}
INST f53bfe3f1829f1e3 2016-03-28T21:37:02.700Z {"type":"pagehide","target_tagname":"wizardpage","target_id":"summary"}
INST f53bfe3f1829f1e3 2016-03-28T21:37:02.700Z {"type":"pageadvanced","target_tagname":"wizardpage","target_id":"summary"}
INST f53bfe3f1829f1e3 2016-03-28T21:37:02.700Z {"type":"wizardnext","target_tagname":"wizard","target_id":"TorNetworkSettings"}
INST f53bfe3f1829f1e3 2016-03-28T21:37:02.700Z {"type":"pageshow","target_tagname":"wizardpage","target_id":"inlineprogress"}
INST f53bfe3f1829f1e3 2016-03-28T21:37:02.700Z {"type":"click","target_tagname":"wizard","target_id":"TorNetworkSettings","detail":1}
INST f53bfe3f1829f1e3 2016-03-28T21:37:03.000Z {"type":"progresschanged","target_tagname":"progressmeter","target_id":"progressMeter","value":5}
INST f53bfe3f1829f1e3 2016-03-28T21:37:03.000Z {"type":"good","target_tagname":"image","target_id":"progressbar","configurationSettings":"nobridge-noproxy","number":1}
INST f53bfe3f1829f1e3 2016-03-28T21:37:03.000Z {"type":"progresschanged","target_tagname":"progressmeter","target_id":"progressMeter","value":5}
INST f53bfe3f1829f1e3 2016-03-28T21:37:03.000Z {"type":"good","target_tagname":"image","target_id":"progressbar","configurationSettings":"nobridge-noproxy","number":1}
INST f53bfe3f1829f1e3 2016-03-28T21:37:03.000Z {"type":"progresschanged","target_tagname":"progressmeter","target_id":"progressMeter","value":5}
INST f53bfe3f1829f1e3 2016-03-28T21:37:03.000Z {"type":"good","target_tagname":"image","target_id":"progressbar","configurationSettings":"nobridge-noproxy","number":1}
INST f53bfe3f1829f1e3 2016-03-28T21:37:08.200Z {"type":"click","target_tagname":"wizard","target_id":"TorNetworkSettings","detail":1}
INST f53bfe3f1829f1e3 2016-03-28T21:37:08.200Z {"type":"wizardcancel","target_tagname":"wizard","target_id":"TorNetworkSettings"}
INST f53bfe3f1829f1e3 2016-03-28T21:37:08.200Z {"type":"command","target_tagname":"wizard","target_id":"TorNetworkSettings"}
INST f53bfe3f1829f1e3 2016-03-28T21:37:08.200Z {"type":"unload","target_id":"configuration"}
INST 4f6f7c2ea4666a60 2016-03-28T21:37:09.800Z {"type":"start"}
INST 4f6f7c2ea4666a60 2016-03-28T21:37:09.900Z {"type":"select","target_tagname":"menulist","target_id":"proxyType","value":""}
INST 4f6f7c2ea4666a60 2016-03-28T21:37:09.900Z {"type":"wizardnext","target_tagname":"wizard","target_id":"TorNetworkSettings"}
INST 4f6f7c2ea4666a60 2016-03-28T21:37:09.900Z {"type":"pageshow","target_tagname":"wizardpage","target_id":"first"}
INST 4f6f7c2ea4666a60 2016-03-28T21:37:10.500Z {"type":"load","target_id":"configuration"}
INST 4f6f7c2ea4666a60 2016-03-28T21:37:10.500Z {"type":"select","target_tagname":"menulist","target_id":"defaultBridgeType","value":"obfs3"}
INST 4f6f7c2ea4666a60 2016-03-28T21:37:11.800Z {"type":"click","target_tagname":"vbox","target_id":"","detail":1}
INST 4f6f7c2ea4666a60 2016-03-28T21:37:12.000Z {"type":"click","target_tagname":"button","target_id":"configure_button","detail":1}
INST 4f6f7c2ea4666a60 2016-03-28T21:37:12.000Z {"type":"pagehide","target_tagname":"wizardpage","target_id":"first"}
INST 4f6f7c2ea4666a60 2016-03-28T21:37:12.000Z {"type":"pageadvanced","target_tagname":"wizardpage","target_id":"first"}
INST 4f6f7c2ea4666a60 2016-03-28T21:37:12.000Z {"type":"wizardnext","target_tagname":"wizard","target_id":"TorNetworkSettings"}
INST 4f6f7c2ea4666a60 2016-03-28T21:37:12.000Z {"type":"pageshow","target_tagname":"wizardpage","target_id":"proxy"}
INST 4f6f7c2ea4666a60 2016-03-28T21:37:12.000Z {"type":"command","target_tagname":"button","target_id":"configure_button"}
INST 4f6f7c2ea4666a60 2016-03-28T21:37:13.100Z {"type":"click","target_tagname":"radio","target_id":"proxyRadioWithout","detail":1}
INST 4f6f7c2ea4666a60 2016-03-28T21:37:13.100Z {"type":"command","target_tagname":"radio","target_id":"proxyRadioWithout"}
INST 4f6f7c2ea4666a60 2016-03-28T21:37:13.800Z {"type":"click","target_tagname":"image","target_id":"","detail":1}
INST 4f6f7c2ea4666a60 2016-03-28T21:37:14.300Z {"type":"click","target_tagname":"wizard","target_id":"TorNetworkSettings","detail":1}
INST 4f6f7c2ea4666a60 2016-03-28T21:37:14.300Z {"type":"pagehide","target_tagname":"wizardpage","target_id":"proxy"}
INST 4f6f7c2ea4666a60 2016-03-28T21:37:14.300Z {"type":"pageadvanced","target_tagname":"wizardpage","target_id":"proxy"}
INST 4f6f7c2ea4666a60 2016-03-28T21:37:14.300Z {"type":"wizardnext","target_tagname":"wizard","target_id":"TorNetworkSettings"}
INST 4f6f7c2ea4666a60 2016-03-28T21:37:14.300Z {"type":"pageshow","target_tagname":"wizardpage","target_id":"bridges"}
INST 4f6f7c2ea4666a60 2016-03-28T21:37:14.300Z {"type":"command","target_tagname":"wizard","target_id":"TorNetworkSettings"}
INST 4f6f7c2ea4666a60 2016-03-28T21:37:15.000Z {"type":"click","target_tagname":"radio","target_id":"bridgeRadioDefault","detail":1}
INST 4f6f7c2ea4666a60 2016-03-28T21:37:15.000Z {"type":"command","target_tagname":"radio","target_id":"bridgeRadioDefault"}
INST 4f6f7c2ea4666a60 2016-03-28T21:37:15.500Z {"type":"popupshown","target_tagname":"menupopup","target_id":"defaultBridgeType_menuPopup"}
INST 4f6f7c2ea4666a60 2016-03-28T21:37:15.500Z {"type":"click","target_tagname":"menulist","target_id":"defaultBridgeType","value":"obfs3","detail":1}
INST 4f6f7c2ea4666a60 2016-03-28T21:37:15.700Z {"type":"mouseover","target_tagname":"menuitem","target_id":"","value":"flashproxy"}
INST 4f6f7c2ea4666a60 2016-03-28T21:37:15.700Z {"type":"mouseout","target_tagname":"menuitem","target_id":"","value":"flashproxy"}
INST 4f6f7c2ea4666a60 2016-03-28T21:37:15.700Z {"type":"mouseover","target_tagname":"menuitem","target_id":"","value":"fte"}
INST 4f6f7c2ea4666a60 2016-03-28T21:37:16.100Z {"type":"mouseout","target_tagname":"menuitem","target_id":"","value":"fte"}
INST 4f6f7c2ea4666a60 2016-03-28T21:37:16.100Z {"type":"mouseover","target_tagname":"menuitem","target_id":"","value":"flashproxy"}
INST 4f6f7c2ea4666a60 2016-03-28T21:37:17.300Z {"type":"mouseout","target_tagname":"menuitem","target_id":"","value":"flashproxy"}
INST 4f6f7c2ea4666a60 2016-03-28T21:37:17.300Z {"type":"mouseover","target_tagname":"menuitem","target_id":"","value":"fte"}
INST 4f6f7c2ea4666a60 2016-03-28T21:37:17.300Z {"type":"mouseout","target_tagname":"menuitem","target_id":"","value":"fte"}
INST 4f6f7c2ea4666a60 2016-03-28T21:37:17.300Z {"type":"mouseover","target_tagname":"menuitem","target_id":"","value":"fte-ipv6"}
INST 4f6f7c2ea4666a60 2016-03-28T21:37:17.400Z {"type":"mouseout","target_tagname":"menuitem","target_id":"","value":"fte-ipv6"}
INST 4f6f7c2ea4666a60 2016-03-28T21:37:17.400Z {"type":"mouseover","target_tagname":"menuitem","target_id":"","value":"meek-amazon"}
INST 4f6f7c2ea4666a60 2016-03-28T21:37:17.400Z {"type":"mouseout","target_tagname":"menuitem","target_id":"","value":"meek-amazon"}
INST 4f6f7c2ea4666a60 2016-03-28T21:37:17.400Z {"type":"mouseover","target_tagname":"menuitem","target_id":"","value":"meek-azure"}
INST 4f6f7c2ea4666a60 2016-03-28T21:37:17.700Z {"type":"mouseout","target_tagname":"menuitem","target_id":"","value":"meek-azure"}
INST 4f6f7c2ea4666a60 2016-03-28T21:37:17.700Z {"type":"mouseover","target_tagname":"menuitem","target_id":"","value":"meek-google"}
INST 4f6f7c2ea4666a60 2016-03-28T21:37:19.800Z {"type":"click","target_tagname":"menuitem","target_id":"","value":"meek-google","detail":1}
INST 4f6f7c2ea4666a60 2016-03-28T21:37:19.800Z {"type":"select","target_tagname":"menulist","target_id":"defaultBridgeType","value":"meek-google"}
INST 4f6f7c2ea4666a60 2016-03-28T21:37:19.800Z {"type":"command","target_tagname":"menuitem","target_id":"","value":"meek-google"}
INST 4f6f7c2ea4666a60 2016-03-28T21:37:19.800Z {"type":"popuphidden","target_tagname":"menupopup","target_id":"defaultBridgeType_menuPopup"}
INST 4f6f7c2ea4666a60 2016-03-28T21:37:19.800Z {"type":"mouseout","target_tagname":"menuitem","target_id":"","value":"meek-google"}
INST 4f6f7c2ea4666a60 2016-03-28T21:37:29.500Z {"type":"click","target_tagname":"wizard","target_id":"TorNetworkSettings","detail":1}
INST 4f6f7c2ea4666a60 2016-03-28T21:37:29.500Z {"type":"pagehide","target_tagname":"wizardpage","target_id":"bridges"}
INST 4f6f7c2ea4666a60 2016-03-28T21:37:29.500Z {"type":"pageadvanced","target_tagname":"wizardpage","target_id":"bridges"}
INST 4f6f7c2ea4666a60 2016-03-28T21:37:29.500Z {"type":"wizardnext","target_tagname":"wizard","target_id":"TorNetworkSettings"}
INST 4f6f7c2ea4666a60 2016-03-28T21:37:29.600Z {"type":"pageshow","target_tagname":"wizardpage","target_id":"summary"}
INST 4f6f7c2ea4666a60 2016-03-28T21:37:29.600Z {"type":"command","target_tagname":"wizard","target_id":"TorNetworkSettings"}
INST 4f6f7c2ea4666a60 2016-03-28T21:37:30.700Z {"type":"pagehide","target_tagname":"wizardpage","target_id":"summary"}
INST 4f6f7c2ea4666a60 2016-03-28T21:37:30.700Z {"type":"pageadvanced","target_tagname":"wizardpage","target_id":"summary"}
INST 4f6f7c2ea4666a60 2016-03-28T21:37:30.700Z {"type":"wizardnext","target_tagname":"wizard","target_id":"TorNetworkSettings"}
INST 4f6f7c2ea4666a60 2016-03-28T21:37:30.700Z {"type":"pageshow","target_tagname":"wizardpage","target_id":"inlineprogress"}
INST 4f6f7c2ea4666a60 2016-03-28T21:37:30.700Z {"type":"click","target_tagname":"wizard","target_id":"TorNetworkSettings","detail":1}
INST 4f6f7c2ea4666a60 2016-03-28T21:37:35.400Z {"type":"progresschanged","target_tagname":"progressmeter","target_id":"progressMeter","value":5}
INST 4f6f7c2ea4666a60 2016-03-28T21:37:35.400Z {"type":"good","target_tagname":"image","target_id":"progressbar","configurationSettings":"bridge-noproxy","number":1}
INST 4f6f7c2ea4666a60 2016-03-28T21:37:35.400Z {"type":"progresschanged","target_tagname":"progressmeter","target_id":"progressMeter","value":10}
INST 4f6f7c2ea4666a60 2016-03-28T21:37:35.400Z {"type":"good","target_tagname":"image","target_id":"progressbar","configurationSettings":"bridge-noproxy","number":1}
INST 4f6f7c2ea4666a60 2016-03-28T21:37:38.300Z {"type":"progresschanged","target_tagname":"progressmeter","target_id":"progressMeter","value":15}
INST 4f6f7c2ea4666a60 2016-03-28T21:37:38.300Z {"type":"good","target_tagname":"image","target_id":"progressbar","configurationSettings":"bridge-noproxy","number":1}
INST 4f6f7c2ea4666a60 2016-03-28T21:37:38.600Z {"type":"progresschanged","target_tagname":"progressmeter","target_id":"progressMeter","value":20}
INST 4f6f7c2ea4666a60 2016-03-28T21:37:38.600Z {"type":"good","target_tagname":"image","target_id":"progressbar","configurationSettings":"bridge-noproxy","number":1}
INST 4f6f7c2ea4666a60 2016-03-28T21:37:39.400Z {"type":"progresschanged","target_tagname":"progressmeter","target_id":"progressMeter","value":25}
INST 4f6f7c2ea4666a60 2016-03-28T21:37:39.400Z {"type":"good","target_tagname":"image","target_id":"progressbar","configurationSettings":"bridge-noproxy","number":2}
INST 4f6f7c2ea4666a60 2016-03-28T21:37:42.500Z {"type":"progresschanged","target_tagname":"progressmeter","target_id":"progressMeter","value":40}
INST 4f6f7c2ea4666a60 2016-03-28T21:37:42.500Z {"type":"good","target_tagname":"image","target_id":"progressbar","configurationSettings":"bridge-noproxy","number":2}
INST 4f6f7c2ea4666a60 2016-03-28T21:37:43.100Z {"type":"progresschanged","target_tagname":"progressmeter","target_id":"progressMeter","value":45}
INST 4f6f7c2ea4666a60 2016-03-28T21:37:43.100Z {"type":"good","target_tagname":"image","target_id":"progressbar","configurationSettings":"bridge-noproxy","number":2}
INST 4f6f7c2ea4666a60 2016-03-28T21:37:43.300Z {"type":"progresschanged","target_tagname":"progressmeter","target_id":"progressMeter","value":50}
INST 4f6f7c2ea4666a60 2016-03-28T21:37:43.300Z {"type":"good","target_tagname":"image","target_id":"progressbar","configurationSettings":"bridge-noproxy","number":2}
INST 4f6f7c2ea4666a60 2016-03-28T21:37:51.700Z {"type":"progresschanged","target_tagname":"progressmeter","target_id":"progressMeter","value":52}
INST 4f6f7c2ea4666a60 2016-03-28T21:37:51.700Z {"type":"good","target_tagname":"image","target_id":"progressbar","configurationSettings":"bridge-noproxy","number":2}
INST 4f6f7c2ea4666a60 2016-03-28T21:37:51.700Z {"type":"progresschanged","target_tagname":"progressmeter","target_id":"progressMeter","value":53}
INST 4f6f7c2ea4666a60 2016-03-28T21:37:51.700Z {"type":"good","target_tagname":"image","target_id":"progressbar","configurationSettings":"bridge-noproxy","number":2}
INST 4f6f7c2ea4666a60 2016-03-28T21:37:51.700Z {"type":"progresschanged","target_tagname":"progressmeter","target_id":"progressMeter","value":55}
INST 4f6f7c2ea4666a60 2016-03-28T21:37:51.700Z {"type":"good","target_tagname":"image","target_id":"progressbar","configurationSettings":"bridge-noproxy","number":2}
INST 4f6f7c2ea4666a60 2016-03-28T21:37:51.900Z {"type":"progresschanged","target_tagname":"progressmeter","target_id":"progressMeter","value":57}
INST 4f6f7c2ea4666a60 2016-03-28T21:37:51.900Z {"type":"good","target_tagname":"image","target_id":"progressbar","configurationSettings":"bridge-noproxy","number":2}
INST 4f6f7c2ea4666a60 2016-03-28T21:37:51.900Z {"type":"progresschanged","target_tagname":"progressmeter","target_id":"progressMeter","value":60}
INST 4f6f7c2ea4666a60 2016-03-28T21:37:51.900Z {"type":"good","target_tagname":"image","target_id":"progressbar","configurationSettings":"bridge-noproxy","number":2}
INST 4f6f7c2ea4666a60 2016-03-28T21:37:51.900Z {"type":"progresschanged","target_tagname":"progressmeter","target_id":"progressMeter","value":65}
INST 4f6f7c2ea4666a60 2016-03-28T21:37:51.900Z {"type":"good","target_tagname":"image","target_id":"progressbar","configurationSettings":"bridge-noproxy","number":2}
INST 4f6f7c2ea4666a60 2016-03-28T21:37:51.900Z {"type":"progresschanged","target_tagname":"progressmeter","target_id":"progressMeter","value":71}
INST 4f6f7c2ea4666a60 2016-03-28T21:37:51.900Z {"type":"good","target_tagname":"image","target_id":"progressbar","configurationSettings":"bridge-noproxy","number":2}
INST 4f6f7c2ea4666a60 2016-03-28T21:37:51.900Z {"type":"progresschanged","target_tagname":"progressmeter","target_id":"progressMeter","value":78}
INST 4f6f7c2ea4666a60 2016-03-28T21:37:51.900Z {"type":"good","target_tagname":"image","target_id":"progressbar","configurationSettings":"bridge-noproxy","number":2}
INST 4f6f7c2ea4666a60 2016-03-28T21:37:52.400Z {"type":"progresschanged","target_tagname":"progressmeter","target_id":"progressMeter","value":80}
INST 4f6f7c2ea4666a60 2016-03-28T21:37:52.400Z {"type":"good","target_tagname":"image","target_id":"progressbar","configurationSettings":"bridge-noproxy","number":2}
INST 4f6f7c2ea4666a60 2016-03-28T21:37:52.400Z {"type":"progresschanged","target_tagname":"progressmeter","target_id":"progressMeter","value":90}
INST 4f6f7c2ea4666a60 2016-03-28T21:37:52.400Z {"type":"good","target_tagname":"image","target_id":"progressbar","configurationSettings":"bridge-noproxy","number":3}
INST 4f6f7c2ea4666a60 2016-03-28T21:37:53.600Z {"type":"progresschanged","target_tagname":"progressmeter","target_id":"progressMeter","value":100}
INST 4f6f7c2ea4666a60 2016-03-28T21:37:53.600Z {"type":"good","target_tagname":"image","target_id":"progressbar","configurationSettings":"bridge-noproxy","number":4}
INST 4f6f7c2ea4666a60 2016-03-28T21:37:53.800Z {"type":"unload","target_id":"configuration"}
