INST d57c31f05a527c22 2016-03-23T21:05:56.400Z {"type":"start"}
INST d57c31f05a527c22 2016-03-23T21:05:57.600Z {"type":"select","target_tagname":"menulist","target_id":"proxyType","value":""}
INST d57c31f05a527c22 2016-03-23T21:05:57.600Z {"type":"wizardnext","target_tagname":"wizard","target_id":"TorNetworkSettings"}
INST d57c31f05a527c22 2016-03-23T21:05:57.600Z {"type":"pageshow","target_tagname":"wizardpage","target_id":"first"}
INST d57c31f05a527c22 2016-03-23T21:05:57.600Z {"type":"load","target_id":"configuration"}
INST d57c31f05a527c22 2016-03-23T21:05:57.600Z {"type":"select","target_tagname":"menulist","target_id":"defaultBridgeType","value":"obfs3"}
INST d57c31f05a527c22 2016-03-23T21:11:54.000Z {"type":"click","target_tagname":"button","target_id":"connect_button","detail":1}
INST d57c31f05a527c22 2016-03-23T21:11:54.000Z {"type":"pagehide","target_tagname":"wizardpage","target_id":"first"}
INST d57c31f05a527c22 2016-03-23T21:11:54.000Z {"type":"pageadvanced","target_tagname":"wizardpage","target_id":"first"}
INST d57c31f05a527c22 2016-03-23T21:11:54.000Z {"type":"wizardnext","target_tagname":"wizard","target_id":"TorNetworkSettings"}
INST d57c31f05a527c22 2016-03-23T21:11:54.000Z {"type":"pageshow","target_tagname":"wizardpage","target_id":"inlineprogress"}
INST d57c31f05a527c22 2016-03-23T21:11:54.000Z {"type":"command","target_tagname":"button","target_id":"connect_button"}
INST d57c31f05a527c22 2016-03-23T21:11:54.000Z {"type":"click","target_tagname":"vbox","target_id":"","detail":2}
INST d57c31f05a527c22 2016-03-23T21:11:54.100Z {"type":"progresschanged","target_tagname":"progressmeter","target_id":"progressMeter","value":5}
INST d57c31f05a527c22 2016-03-23T21:11:54.100Z {"type":"good","target_tagname":"image","target_id":"progressbar","configurationSettings":"nobridge-noproxy","number":1}
INST d57c31f05a527c22 2016-03-23T21:11:54.100Z {"type":"progresschanged","target_tagname":"progressmeter","target_id":"progressMeter","value":5}
INST d57c31f05a527c22 2016-03-23T21:11:54.100Z {"type":"good","target_tagname":"image","target_id":"progressbar","configurationSettings":"nobridge-noproxy","number":1}
INST d57c31f05a527c22 2016-03-23T21:11:54.100Z {"type":"progresschanged","target_tagname":"progressmeter","target_id":"progressMeter","value":5}
INST d57c31f05a527c22 2016-03-23T21:11:54.100Z {"type":"good","target_tagname":"image","target_id":"progressbar","configurationSettings":"nobridge-noproxy","number":1}
INST d57c31f05a527c22 2016-03-23T21:12:55.100Z {"type":"progresschanged","target_tagname":"progressmeter","target_id":"progressMeter","value":5}
INST d57c31f05a527c22 2016-03-23T21:12:55.100Z {"type":"good","target_tagname":"image","target_id":"progressbar","configurationSettings":"nobridge-noproxy","number":1}
INST d57c31f05a527c22 2016-03-23T21:12:55.500Z {"type":"click","target_tagname":"wizardpage","target_id":"inlineprogress","detail":1}
INST d57c31f05a527c22 2016-03-23T21:14:54.900Z {"type":"click","target_tagname":"wizard","target_id":"TorNetworkSettings","detail":1}
INST d57c31f05a527c22 2016-03-23T21:14:54.900Z {"type":"wizardcancel","target_tagname":"wizard","target_id":"TorNetworkSettings"}
INST d57c31f05a527c22 2016-03-23T21:14:54.900Z {"type":"command","target_tagname":"wizard","target_id":"TorNetworkSettings"}
INST d57c31f05a527c22 2016-03-23T21:14:54.900Z {"type":"unload","target_id":"configuration"}
INST c9b652b96a406bf9 2016-03-23T21:14:58.400Z {"type":"start"}
INST c9b652b96a406bf9 2016-03-23T21:14:59.200Z {"type":"select","target_tagname":"menulist","target_id":"proxyType","value":""}
INST c9b652b96a406bf9 2016-03-23T21:14:59.200Z {"type":"wizardnext","target_tagname":"wizard","target_id":"TorNetworkSettings"}
INST c9b652b96a406bf9 2016-03-23T21:14:59.200Z {"type":"pageshow","target_tagname":"wizardpage","target_id":"first"}
INST c9b652b96a406bf9 2016-03-23T21:14:59.200Z {"type":"load","target_id":"configuration"}
INST c9b652b96a406bf9 2016-03-23T21:14:59.200Z {"type":"select","target_tagname":"menulist","target_id":"defaultBridgeType","value":"obfs3"}
INST c9b652b96a406bf9 2016-03-23T21:15:01.300Z {"type":"click","target_tagname":"button","target_id":"configure_button","detail":1}
INST c9b652b96a406bf9 2016-03-23T21:15:01.300Z {"type":"pagehide","target_tagname":"wizardpage","target_id":"first"}
INST c9b652b96a406bf9 2016-03-23T21:15:01.300Z {"type":"pageadvanced","target_tagname":"wizardpage","target_id":"first"}
INST c9b652b96a406bf9 2016-03-23T21:15:01.300Z {"type":"wizardnext","target_tagname":"wizard","target_id":"TorNetworkSettings"}
INST c9b652b96a406bf9 2016-03-23T21:15:01.300Z {"type":"pageshow","target_tagname":"wizardpage","target_id":"proxy"}
INST c9b652b96a406bf9 2016-03-23T21:15:01.300Z {"type":"command","target_tagname":"button","target_id":"configure_button"}
INST c9b652b96a406bf9 2016-03-23T21:15:04.600Z {"type":"click","target_tagname":"radio","target_id":"proxyRadioWith","detail":1}
INST c9b652b96a406bf9 2016-03-23T21:15:04.600Z {"type":"command","target_tagname":"radio","target_id":"proxyRadioWith"}
INST c9b652b96a406bf9 2016-03-23T21:15:07.700Z {"type":"click","target_tagname":"radio","target_id":"proxyRadioWithout","detail":1}
INST c9b652b96a406bf9 2016-03-23T21:15:07.700Z {"type":"command","target_tagname":"radio","target_id":"proxyRadioWithout"}
INST c9b652b96a406bf9 2016-03-23T21:15:10.800Z {"type":"click","target_tagname":"wizard","target_id":"TorNetworkSettings","detail":1}
INST c9b652b96a406bf9 2016-03-23T21:15:10.800Z {"type":"pagehide","target_tagname":"wizardpage","target_id":"proxy"}
INST c9b652b96a406bf9 2016-03-23T21:15:10.800Z {"type":"pageadvanced","target_tagname":"wizardpage","target_id":"proxy"}
INST c9b652b96a406bf9 2016-03-23T21:15:10.800Z {"type":"wizardnext","target_tagname":"wizard","target_id":"TorNetworkSettings"}
INST c9b652b96a406bf9 2016-03-23T21:15:10.800Z {"type":"pageshow","target_tagname":"wizardpage","target_id":"bridges"}
INST c9b652b96a406bf9 2016-03-23T21:15:10.800Z {"type":"command","target_tagname":"wizard","target_id":"TorNetworkSettings"}
INST c9b652b96a406bf9 2016-03-23T21:15:17.300Z {"type":"click","target_tagname":"radio","target_id":"bridgeRadioDefault","detail":1}
INST c9b652b96a406bf9 2016-03-23T21:15:17.300Z {"type":"command","target_tagname":"radio","target_id":"bridgeRadioDefault"}
INST c9b652b96a406bf9 2016-03-23T21:15:21.900Z {"type":"click","target_tagname":"wizard","target_id":"TorNetworkSettings","detail":1}
INST c9b652b96a406bf9 2016-03-23T21:15:21.900Z {"type":"pagehide","target_tagname":"wizardpage","target_id":"bridges"}
INST c9b652b96a406bf9 2016-03-23T21:15:21.900Z {"type":"pageadvanced","target_tagname":"wizardpage","target_id":"bridges"}
INST c9b652b96a406bf9 2016-03-23T21:15:21.900Z {"type":"wizardnext","target_tagname":"wizard","target_id":"TorNetworkSettings"}
INST c9b652b96a406bf9 2016-03-23T21:15:21.900Z {"type":"pageshow","target_tagname":"wizardpage","target_id":"summary"}
INST c9b652b96a406bf9 2016-03-23T21:15:21.900Z {"type":"command","target_tagname":"wizard","target_id":"TorNetworkSettings"}
INST c9b652b96a406bf9 2016-03-23T21:15:24.800Z {"type":"pagehide","target_tagname":"wizardpage","target_id":"summary"}
INST c9b652b96a406bf9 2016-03-23T21:15:24.800Z {"type":"pageadvanced","target_tagname":"wizardpage","target_id":"summary"}
INST c9b652b96a406bf9 2016-03-23T21:15:24.800Z {"type":"wizardnext","target_tagname":"wizard","target_id":"TorNetworkSettings"}
INST c9b652b96a406bf9 2016-03-23T21:15:24.800Z {"type":"pageshow","target_tagname":"wizardpage","target_id":"inlineprogress"}
INST c9b652b96a406bf9 2016-03-23T21:15:24.800Z {"type":"click","target_tagname":"wizard","target_id":"TorNetworkSettings","detail":1}
INST c9b652b96a406bf9 2016-03-23T21:15:32.000Z {"type":"progresschanged","target_tagname":"progressmeter","target_id":"progressMeter","value":5}
INST c9b652b96a406bf9 2016-03-23T21:15:32.000Z {"type":"good","target_tagname":"image","target_id":"progressbar","configurationSettings":"bridge-noproxy","number":1}
INST c9b652b96a406bf9 2016-03-23T21:15:32.000Z {"type":"progresschanged","target_tagname":"progressmeter","target_id":"progressMeter","value":10}
INST c9b652b96a406bf9 2016-03-23T21:15:32.000Z {"type":"good","target_tagname":"image","target_id":"progressbar","configurationSettings":"bridge-noproxy","number":1}
INST c9b652b96a406bf9 2016-03-23T21:17:30.900Z {"type":"click","target_tagname":"wizard","target_id":"TorNetworkSettings","detail":1}
INST c9b652b96a406bf9 2016-03-23T21:17:30.900Z {"type":"wizardcancel","target_tagname":"wizard","target_id":"TorNetworkSettings"}
INST c9b652b96a406bf9 2016-03-23T21:17:30.900Z {"type":"command","target_tagname":"wizard","target_id":"TorNetworkSettings"}
INST c9b652b96a406bf9 2016-03-23T21:17:30.900Z {"type":"unload","target_id":"configuration"}
INST 9e0809e93aa977eb 2016-03-23T21:17:33.600Z {"type":"start"}
INST 9e0809e93aa977eb 2016-03-23T21:17:34.300Z {"type":"select","target_tagname":"menulist","target_id":"proxyType","value":""}
INST 9e0809e93aa977eb 2016-03-23T21:17:34.300Z {"type":"wizardnext","target_tagname":"wizard","target_id":"TorNetworkSettings"}
INST 9e0809e93aa977eb 2016-03-23T21:17:34.300Z {"type":"pageshow","target_tagname":"wizardpage","target_id":"first"}
INST 9e0809e93aa977eb 2016-03-23T21:17:34.300Z {"type":"load","target_id":"configuration"}
INST 9e0809e93aa977eb 2016-03-23T21:17:34.300Z {"type":"select","target_tagname":"menulist","target_id":"defaultBridgeType","value":"obfs3"}
INST 9e0809e93aa977eb 2016-03-23T21:17:36.000Z {"type":"click","target_tagname":"button","target_id":"configure_button","detail":1}
INST 9e0809e93aa977eb 2016-03-23T21:17:36.000Z {"type":"pagehide","target_tagname":"wizardpage","target_id":"first"}
INST 9e0809e93aa977eb 2016-03-23T21:17:36.000Z {"type":"pageadvanced","target_tagname":"wizardpage","target_id":"first"}
INST 9e0809e93aa977eb 2016-03-23T21:17:36.000Z {"type":"wizardnext","target_tagname":"wizard","target_id":"TorNetworkSettings"}
INST 9e0809e93aa977eb 2016-03-23T21:17:36.000Z {"type":"pageshow","target_tagname":"wizardpage","target_id":"proxy"}
INST 9e0809e93aa977eb 2016-03-23T21:17:36.000Z {"type":"command","target_tagname":"button","target_id":"configure_button"}
INST 9e0809e93aa977eb 2016-03-23T21:17:40.100Z {"type":"click","target_tagname":"wizard","target_id":"TorNetworkSettings","detail":1}
INST 9e0809e93aa977eb 2016-03-23T21:17:40.100Z {"type":"pagehide","target_tagname":"wizardpage","target_id":"proxy"}
INST 9e0809e93aa977eb 2016-03-23T21:17:40.100Z {"type":"pageadvanced","target_tagname":"wizardpage","target_id":"proxy"}
INST 9e0809e93aa977eb 2016-03-23T21:17:40.100Z {"type":"wizardnext","target_tagname":"wizard","target_id":"TorNetworkSettings"}
INST 9e0809e93aa977eb 2016-03-23T21:17:40.100Z {"type":"pageshow","target_tagname":"wizardpage","target_id":"bridges"}
INST 9e0809e93aa977eb 2016-03-23T21:17:40.100Z {"type":"command","target_tagname":"wizard","target_id":"TorNetworkSettings"}
INST 9e0809e93aa977eb 2016-03-23T21:17:43.700Z {"type":"popupshown","target_tagname":"menupopup","target_id":"defaultBridgeType_menuPopup"}
INST 9e0809e93aa977eb 2016-03-23T21:17:43.900Z {"type":"click","target_tagname":"menulist","target_id":"defaultBridgeType","value":"obfs3","detail":1}
INST 9e0809e93aa977eb 2016-03-23T21:17:45.000Z {"type":"popuphidden","target_tagname":"menupopup","target_id":"defaultBridgeType_menuPopup"}
INST 9e0809e93aa977eb 2016-03-23T21:17:47.300Z {"type":"popupshown","target_tagname":"menupopup","target_id":"defaultBridgeType_menuPopup"}
INST 9e0809e93aa977eb 2016-03-23T21:17:47.500Z {"type":"click","target_tagname":"menulist","target_id":"defaultBridgeType","value":"obfs3","detail":1}
INST 9e0809e93aa977eb 2016-03-23T21:17:51.000Z {"type":"mouseover","target_tagname":"menuitem","target_id":"","value":"flashproxy"}
INST 9e0809e93aa977eb 2016-03-23T21:17:51.100Z {"type":"mouseout","target_tagname":"menuitem","target_id":"","value":"flashproxy"}
INST 9e0809e93aa977eb 2016-03-23T21:17:51.100Z {"type":"mouseover","target_tagname":"menuitem","target_id":"","value":"fte"}
INST 9e0809e93aa977eb 2016-03-23T21:17:51.500Z {"type":"mouseout","target_tagname":"menuitem","target_id":"","value":"fte"}
INST 9e0809e93aa977eb 2016-03-23T21:17:51.500Z {"type":"mouseover","target_tagname":"menuitem","target_id":"","value":"fte-ipv6"}
INST 9e0809e93aa977eb 2016-03-23T21:17:53.400Z {"type":"mouseout","target_tagname":"menuitem","target_id":"","value":"fte-ipv6"}
INST 9e0809e93aa977eb 2016-03-23T21:17:53.400Z {"type":"mouseover","target_tagname":"menuitem","target_id":"","value":"meek-amazon"}
INST 9e0809e93aa977eb 2016-03-23T21:17:58.400Z {"type":"click","target_tagname":"menuitem","target_id":"","value":"meek-amazon","detail":1}
INST 9e0809e93aa977eb 2016-03-23T21:17:58.400Z {"type":"select","target_tagname":"menulist","target_id":"defaultBridgeType","value":"meek-amazon"}
INST 9e0809e93aa977eb 2016-03-23T21:17:58.400Z {"type":"command","target_tagname":"menuitem","target_id":"","value":"meek-amazon"}
INST 9e0809e93aa977eb 2016-03-23T21:17:58.400Z {"type":"popuphidden","target_tagname":"menupopup","target_id":"defaultBridgeType_menuPopup"}
INST 9e0809e93aa977eb 2016-03-23T21:17:58.400Z {"type":"mouseout","target_tagname":"menuitem","target_id":"","value":"meek-amazon"}
INST 9e0809e93aa977eb 2016-03-23T21:18:00.100Z {"type":"click","target_tagname":"wizard","target_id":"TorNetworkSettings","detail":1}
INST 9e0809e93aa977eb 2016-03-23T21:18:00.100Z {"type":"pagehide","target_tagname":"wizardpage","target_id":"bridges"}
INST 9e0809e93aa977eb 2016-03-23T21:18:00.100Z {"type":"pageadvanced","target_tagname":"wizardpage","target_id":"bridges"}
INST 9e0809e93aa977eb 2016-03-23T21:18:00.100Z {"type":"wizardnext","target_tagname":"wizard","target_id":"TorNetworkSettings"}
INST 9e0809e93aa977eb 2016-03-23T21:18:00.100Z {"type":"pageshow","target_tagname":"wizardpage","target_id":"summary"}
INST 9e0809e93aa977eb 2016-03-23T21:18:00.100Z {"type":"command","target_tagname":"wizard","target_id":"TorNetworkSettings"}
INST 9e0809e93aa977eb 2016-03-23T21:18:03.000Z {"type":"pagehide","target_tagname":"wizardpage","target_id":"summary"}
INST 9e0809e93aa977eb 2016-03-23T21:18:03.000Z {"type":"pageadvanced","target_tagname":"wizardpage","target_id":"summary"}
INST 9e0809e93aa977eb 2016-03-23T21:18:03.000Z {"type":"wizardnext","target_tagname":"wizard","target_id":"TorNetworkSettings"}
INST 9e0809e93aa977eb 2016-03-23T21:18:03.000Z {"type":"pageshow","target_tagname":"wizardpage","target_id":"inlineprogress"}
INST 9e0809e93aa977eb 2016-03-23T21:18:03.000Z {"type":"click","target_tagname":"wizard","target_id":"TorNetworkSettings","detail":1}
INST 9e0809e93aa977eb 2016-03-23T21:18:07.000Z {"type":"progresschanged","target_tagname":"progressmeter","target_id":"progressMeter","value":5}
INST 9e0809e93aa977eb 2016-03-23T21:18:07.000Z {"type":"good","target_tagname":"image","target_id":"progressbar","configurationSettings":"bridge-noproxy","number":1}
INST 9e0809e93aa977eb 2016-03-23T21:18:07.000Z {"type":"progresschanged","target_tagname":"progressmeter","target_id":"progressMeter","value":10}
INST 9e0809e93aa977eb 2016-03-23T21:18:07.000Z {"type":"good","target_tagname":"image","target_id":"progressbar","configurationSettings":"bridge-noproxy","number":1}
INST 9e0809e93aa977eb 2016-03-23T21:18:08.600Z {"type":"progresschanged","target_tagname":"progressmeter","target_id":"progressMeter","value":15}
INST 9e0809e93aa977eb 2016-03-23T21:18:08.600Z {"type":"good","target_tagname":"image","target_id":"progressbar","configurationSettings":"bridge-noproxy","number":1}
INST 9e0809e93aa977eb 2016-03-23T21:18:08.900Z {"type":"progresschanged","target_tagname":"progressmeter","target_id":"progressMeter","value":20}
INST 9e0809e93aa977eb 2016-03-23T21:18:08.900Z {"type":"good","target_tagname":"image","target_id":"progressbar","configurationSettings":"bridge-noproxy","number":1}
INST 9e0809e93aa977eb 2016-03-23T21:18:10.100Z {"type":"progresschanged","target_tagname":"progressmeter","target_id":"progressMeter","value":25}
INST 9e0809e93aa977eb 2016-03-23T21:18:10.100Z {"type":"good","target_tagname":"image","target_id":"progressbar","configurationSettings":"bridge-noproxy","number":2}
INST 9e0809e93aa977eb 2016-03-23T21:18:16.000Z {"type":"progresschanged","target_tagname":"progressmeter","target_id":"progressMeter","value":40}
INST 9e0809e93aa977eb 2016-03-23T21:18:16.000Z {"type":"good","target_tagname":"image","target_id":"progressbar","configurationSettings":"bridge-noproxy","number":2}
INST 9e0809e93aa977eb 2016-03-23T21:18:16.500Z {"type":"progresschanged","target_tagname":"progressmeter","target_id":"progressMeter","value":45}
INST 9e0809e93aa977eb 2016-03-23T21:18:16.500Z {"type":"good","target_tagname":"image","target_id":"progressbar","configurationSettings":"bridge-noproxy","number":2}
INST 9e0809e93aa977eb 2016-03-23T21:18:16.800Z {"type":"progresschanged","target_tagname":"progressmeter","target_id":"progressMeter","value":50}
INST 9e0809e93aa977eb 2016-03-23T21:18:16.800Z {"type":"good","target_tagname":"image","target_id":"progressbar","configurationSettings":"bridge-noproxy","number":2}
INST 9e0809e93aa977eb 2016-03-23T21:18:28.800Z {"type":"progresschanged","target_tagname":"progressmeter","target_id":"progressMeter","value":51}
INST 9e0809e93aa977eb 2016-03-23T21:18:28.800Z {"type":"good","target_tagname":"image","target_id":"progressbar","configurationSettings":"bridge-noproxy","number":2}
INST 9e0809e93aa977eb 2016-03-23T21:18:32.500Z {"type":"progresschanged","target_tagname":"progressmeter","target_id":"progressMeter","value":52}
INST 9e0809e93aa977eb 2016-03-23T21:18:32.500Z {"type":"good","target_tagname":"image","target_id":"progressbar","configurationSettings":"bridge-noproxy","number":2}
INST 9e0809e93aa977eb 2016-03-23T21:18:32.500Z {"type":"progresschanged","target_tagname":"progressmeter","target_id":"progressMeter","value":54}
INST 9e0809e93aa977eb 2016-03-23T21:18:32.500Z {"type":"good","target_tagname":"image","target_id":"progressbar","configurationSettings":"bridge-noproxy","number":2}
INST 9e0809e93aa977eb 2016-03-23T21:18:32.500Z {"type":"progresschanged","target_tagname":"progressmeter","target_id":"progressMeter","value":56}
INST 9e0809e93aa977eb 2016-03-23T21:18:32.500Z {"type":"good","target_tagname":"image","target_id":"progressbar","configurationSettings":"bridge-noproxy","number":2}
INST 9e0809e93aa977eb 2016-03-23T21:18:32.500Z {"type":"progresschanged","target_tagname":"progressmeter","target_id":"progressMeter","value":59}
INST 9e0809e93aa977eb 2016-03-23T21:18:32.500Z {"type":"good","target_tagname":"image","target_id":"progressbar","configurationSettings":"bridge-noproxy","number":2}
INST 9e0809e93aa977eb 2016-03-23T21:18:32.500Z {"type":"progresschanged","target_tagname":"progressmeter","target_id":"progressMeter","value":62}
INST 9e0809e93aa977eb 2016-03-23T21:18:32.500Z {"type":"good","target_tagname":"image","target_id":"progressbar","configurationSettings":"bridge-noproxy","number":2}
INST 9e0809e93aa977eb 2016-03-23T21:18:32.500Z {"type":"progresschanged","target_tagname":"progressmeter","target_id":"progressMeter","value":67}
INST 9e0809e93aa977eb 2016-03-23T21:18:32.500Z {"type":"good","target_tagname":"image","target_id":"progressbar","configurationSettings":"bridge-noproxy","number":2}
INST 9e0809e93aa977eb 2016-03-23T21:18:32.600Z {"type":"progresschanged","target_tagname":"progressmeter","target_id":"progressMeter","value":73}
INST 9e0809e93aa977eb 2016-03-23T21:18:32.600Z {"type":"good","target_tagname":"image","target_id":"progressbar","configurationSettings":"bridge-noproxy","number":2}
INST 9e0809e93aa977eb 2016-03-23T21:18:33.000Z {"type":"progresschanged","target_tagname":"progressmeter","target_id":"progressMeter","value":80}
INST 9e0809e93aa977eb 2016-03-23T21:18:33.000Z {"type":"good","target_tagname":"image","target_id":"progressbar","configurationSettings":"bridge-noproxy","number":2}
INST 9e0809e93aa977eb 2016-03-23T21:18:33.000Z {"type":"progresschanged","target_tagname":"progressmeter","target_id":"progressMeter","value":90}
INST 9e0809e93aa977eb 2016-03-23T21:18:33.000Z {"type":"good","target_tagname":"image","target_id":"progressbar","configurationSettings":"bridge-noproxy","number":3}
INST 9e0809e93aa977eb 2016-03-23T21:18:34.200Z {"type":"progresschanged","target_tagname":"progressmeter","target_id":"progressMeter","value":100}
INST 9e0809e93aa977eb 2016-03-23T21:18:34.200Z {"type":"good","target_tagname":"image","target_id":"progressbar","configurationSettings":"bridge-noproxy","number":4}
INST 9e0809e93aa977eb 2016-03-23T21:18:34.500Z {"type":"unload","target_id":"configuration"}
