INST ad220a06959393f4 2016-03-30T23:42:20.300Z {"type":"start"}
INST ad220a06959393f4 2016-03-30T23:42:21.400Z {"type":"select","target_tagname":"menulist","target_id":"proxyType","value":""}
INST ad220a06959393f4 2016-03-30T23:42:21.400Z {"type":"wizardnext","target_tagname":"wizard","target_id":"TorNetworkSettings"}
INST ad220a06959393f4 2016-03-30T23:42:21.400Z {"type":"pageshow","target_tagname":"wizardpage","target_id":"first"}
INST ad220a06959393f4 2016-03-30T23:42:21.400Z {"type":"load","target_id":"configuration"}
INST ad220a06959393f4 2016-03-30T23:42:21.400Z {"type":"select","target_tagname":"menulist","target_id":"defaultBridgeType","value":"obfs3"}
INST ad220a06959393f4 2016-03-30T23:42:34.600Z {"type":"click","target_tagname":"button","target_id":"configure_button","detail":1}
INST ad220a06959393f4 2016-03-30T23:42:34.600Z {"type":"pagehide","target_tagname":"wizardpage","target_id":"first"}
INST ad220a06959393f4 2016-03-30T23:42:34.600Z {"type":"pageadvanced","target_tagname":"wizardpage","target_id":"first"}
INST ad220a06959393f4 2016-03-30T23:42:34.600Z {"type":"wizardnext","target_tagname":"wizard","target_id":"TorNetworkSettings"}
INST ad220a06959393f4 2016-03-30T23:42:34.600Z {"type":"pageshow","target_tagname":"wizardpage","target_id":"proxy"}
INST ad220a06959393f4 2016-03-30T23:42:34.600Z {"type":"command","target_tagname":"button","target_id":"configure_button"}
INST ad220a06959393f4 2016-03-30T23:42:42.300Z {"type":"click","target_tagname":"wizard","target_id":"TorNetworkSettings","detail":1}
INST ad220a06959393f4 2016-03-30T23:42:42.300Z {"type":"pagehide","target_tagname":"wizardpage","target_id":"proxy"}
INST ad220a06959393f4 2016-03-30T23:42:42.300Z {"type":"pageadvanced","target_tagname":"wizardpage","target_id":"proxy"}
INST ad220a06959393f4 2016-03-30T23:42:42.300Z {"type":"wizardnext","target_tagname":"wizard","target_id":"TorNetworkSettings"}
INST ad220a06959393f4 2016-03-30T23:42:42.300Z {"type":"pageshow","target_tagname":"wizardpage","target_id":"bridges"}
INST ad220a06959393f4 2016-03-30T23:42:42.300Z {"type":"command","target_tagname":"wizard","target_id":"TorNetworkSettings"}
INST ad220a06959393f4 2016-03-30T23:42:56.200Z {"type":"click","target_tagname":"radio","target_id":"bridgeRadioDefault","detail":1}
INST ad220a06959393f4 2016-03-30T23:42:56.200Z {"type":"command","target_tagname":"radio","target_id":"bridgeRadioDefault"}
INST ad220a06959393f4 2016-03-30T23:43:05.900Z {"type":"click","target_tagname":"wizard","target_id":"TorNetworkSettings","detail":1}
INST ad220a06959393f4 2016-03-30T23:43:05.900Z {"type":"pagehide","target_tagname":"wizardpage","target_id":"bridges"}
INST ad220a06959393f4 2016-03-30T23:43:05.900Z {"type":"pageadvanced","target_tagname":"wizardpage","target_id":"bridges"}
INST ad220a06959393f4 2016-03-30T23:43:06.000Z {"type":"wizardnext","target_tagname":"wizard","target_id":"TorNetworkSettings"}
INST ad220a06959393f4 2016-03-30T23:43:06.000Z {"type":"pageshow","target_tagname":"wizardpage","target_id":"summary"}
INST ad220a06959393f4 2016-03-30T23:43:06.000Z {"type":"command","target_tagname":"wizard","target_id":"TorNetworkSettings"}
INST ad220a06959393f4 2016-03-30T23:43:08.200Z {"type":"pagehide","target_tagname":"wizardpage","target_id":"summary"}
INST ad220a06959393f4 2016-03-30T23:43:08.200Z {"type":"pageadvanced","target_tagname":"wizardpage","target_id":"summary"}
INST ad220a06959393f4 2016-03-30T23:43:08.200Z {"type":"wizardnext","target_tagname":"wizard","target_id":"TorNetworkSettings"}
INST ad220a06959393f4 2016-03-30T23:43:08.200Z {"type":"pageshow","target_tagname":"wizardpage","target_id":"inlineprogress"}
INST ad220a06959393f4 2016-03-30T23:43:08.300Z {"type":"click","target_tagname":"wizard","target_id":"TorNetworkSettings","detail":1}
INST ad220a06959393f4 2016-03-30T23:43:14.900Z {"type":"progresschanged","target_tagname":"progressmeter","target_id":"progressMeter","value":5}
INST ad220a06959393f4 2016-03-30T23:43:14.900Z {"type":"good","target_tagname":"image","target_id":"progressbar","configurationSettings":"bridge-noproxy","number":1}
INST ad220a06959393f4 2016-03-30T23:43:14.900Z {"type":"progresschanged","target_tagname":"progressmeter","target_id":"progressMeter","value":10}
INST ad220a06959393f4 2016-03-30T23:43:14.900Z {"type":"good","target_tagname":"image","target_id":"progressbar","configurationSettings":"bridge-noproxy","number":1}
INST ad220a06959393f4 2016-03-30T23:45:48.600Z {"type":"wizardcancel","target_tagname":"wizard","target_id":"TorNetworkSettings"}
INST ad220a06959393f4 2016-03-30T23:45:48.600Z {"type":"unload","target_id":"configuration"}
INST 9e46a430d074e160 2016-03-30T23:45:51.200Z {"type":"start"}
INST 9e46a430d074e160 2016-03-30T23:45:52.000Z {"type":"select","target_tagname":"menulist","target_id":"proxyType","value":""}
INST 9e46a430d074e160 2016-03-30T23:45:52.000Z {"type":"wizardnext","target_tagname":"wizard","target_id":"TorNetworkSettings"}
INST 9e46a430d074e160 2016-03-30T23:45:52.000Z {"type":"pageshow","target_tagname":"wizardpage","target_id":"first"}
INST 9e46a430d074e160 2016-03-30T23:45:52.000Z {"type":"load","target_id":"configuration"}
INST 9e46a430d074e160 2016-03-30T23:45:52.000Z {"type":"select","target_tagname":"menulist","target_id":"defaultBridgeType","value":"obfs3"}
INST 9e46a430d074e160 2016-03-30T23:45:56.300Z {"type":"click","target_tagname":"button","target_id":"configure_button","detail":1}
INST 9e46a430d074e160 2016-03-30T23:45:56.300Z {"type":"pagehide","target_tagname":"wizardpage","target_id":"first"}
INST 9e46a430d074e160 2016-03-30T23:45:56.300Z {"type":"pageadvanced","target_tagname":"wizardpage","target_id":"first"}
INST 9e46a430d074e160 2016-03-30T23:45:56.300Z {"type":"wizardnext","target_tagname":"wizard","target_id":"TorNetworkSettings"}
INST 9e46a430d074e160 2016-03-30T23:45:56.300Z {"type":"pageshow","target_tagname":"wizardpage","target_id":"proxy"}
INST 9e46a430d074e160 2016-03-30T23:45:56.300Z {"type":"command","target_tagname":"button","target_id":"configure_button"}
INST 9e46a430d074e160 2016-03-30T23:46:00.800Z {"type":"click","target_tagname":"wizard","target_id":"TorNetworkSettings","detail":1}
INST 9e46a430d074e160 2016-03-30T23:46:00.800Z {"type":"pagehide","target_tagname":"wizardpage","target_id":"proxy"}
INST 9e46a430d074e160 2016-03-30T23:46:00.800Z {"type":"pageadvanced","target_tagname":"wizardpage","target_id":"proxy"}
INST 9e46a430d074e160 2016-03-30T23:46:00.800Z {"type":"wizardnext","target_tagname":"wizard","target_id":"TorNetworkSettings"}
INST 9e46a430d074e160 2016-03-30T23:46:00.800Z {"type":"pageshow","target_tagname":"wizardpage","target_id":"bridges"}
INST 9e46a430d074e160 2016-03-30T23:46:00.800Z {"type":"command","target_tagname":"wizard","target_id":"TorNetworkSettings"}
INST 9e46a430d074e160 2016-03-30T23:46:03.500Z {"type":"popupshown","target_tagname":"menupopup","target_id":"defaultBridgeType_menuPopup"}
INST 9e46a430d074e160 2016-03-30T23:46:03.700Z {"type":"click","target_tagname":"menulist","target_id":"defaultBridgeType","value":"obfs3","detail":1}
INST 9e46a430d074e160 2016-03-30T23:46:09.600Z {"type":"mouseover","target_tagname":"menuitem","target_id":"","value":"flashproxy"}
INST 9e46a430d074e160 2016-03-30T23:46:09.900Z {"type":"mouseout","target_tagname":"menuitem","target_id":"","value":"flashproxy"}
INST 9e46a430d074e160 2016-03-30T23:46:09.900Z {"type":"mouseover","target_tagname":"menuitem","target_id":"","value":"fte"}
INST 9e46a430d074e160 2016-03-30T23:46:10.200Z {"type":"mouseout","target_tagname":"menuitem","target_id":"","value":"fte"}
INST 9e46a430d074e160 2016-03-30T23:46:10.200Z {"type":"mouseover","target_tagname":"menuitem","target_id":"","value":"fte-ipv6"}
INST 9e46a430d074e160 2016-03-30T23:46:10.500Z {"type":"mouseout","target_tagname":"menuitem","target_id":"","value":"fte-ipv6"}
INST 9e46a430d074e160 2016-03-30T23:46:10.500Z {"type":"mouseover","target_tagname":"menuitem","target_id":"","value":"meek-amazon"}
INST 9e46a430d074e160 2016-03-30T23:46:11.000Z {"type":"mouseout","target_tagname":"menuitem","target_id":"","value":"meek-amazon"}
INST 9e46a430d074e160 2016-03-30T23:46:11.000Z {"type":"mouseover","target_tagname":"menuitem","target_id":"","value":"meek-azure"}
INST 9e46a430d074e160 2016-03-30T23:46:15.900Z {"type":"mouseout","target_tagname":"menuitem","target_id":"","value":"meek-azure"}
INST 9e46a430d074e160 2016-03-30T23:46:15.900Z {"type":"mouseover","target_tagname":"menuitem","target_id":"","value":"meek-google"}
INST 9e46a430d074e160 2016-03-30T23:46:16.700Z {"type":"click","target_tagname":"menuitem","target_id":"","value":"meek-google","detail":1}
INST 9e46a430d074e160 2016-03-30T23:46:16.700Z {"type":"select","target_tagname":"menulist","target_id":"defaultBridgeType","value":"meek-google"}
INST 9e46a430d074e160 2016-03-30T23:46:16.700Z {"type":"command","target_tagname":"menuitem","target_id":"","value":"meek-google"}
INST 9e46a430d074e160 2016-03-30T23:46:16.700Z {"type":"popuphidden","target_tagname":"menupopup","target_id":"defaultBridgeType_menuPopup"}
INST 9e46a430d074e160 2016-03-30T23:46:16.700Z {"type":"mouseout","target_tagname":"menuitem","target_id":"","value":"meek-google"}
INST 9e46a430d074e160 2016-03-30T23:46:19.800Z {"type":"click","target_tagname":"wizard","target_id":"TorNetworkSettings","detail":1}
INST 9e46a430d074e160 2016-03-30T23:46:19.800Z {"type":"pagehide","target_tagname":"wizardpage","target_id":"bridges"}
INST 9e46a430d074e160 2016-03-30T23:46:19.800Z {"type":"pageadvanced","target_tagname":"wizardpage","target_id":"bridges"}
INST 9e46a430d074e160 2016-03-30T23:46:19.800Z {"type":"wizardnext","target_tagname":"wizard","target_id":"TorNetworkSettings"}
INST 9e46a430d074e160 2016-03-30T23:46:19.800Z {"type":"pageshow","target_tagname":"wizardpage","target_id":"summary"}
INST 9e46a430d074e160 2016-03-30T23:46:19.800Z {"type":"command","target_tagname":"wizard","target_id":"TorNetworkSettings"}
INST 9e46a430d074e160 2016-03-30T23:46:24.100Z {"type":"pagehide","target_tagname":"wizardpage","target_id":"summary"}
INST 9e46a430d074e160 2016-03-30T23:46:24.100Z {"type":"pageadvanced","target_tagname":"wizardpage","target_id":"summary"}
INST 9e46a430d074e160 2016-03-30T23:46:24.200Z {"type":"wizardnext","target_tagname":"wizard","target_id":"TorNetworkSettings"}
INST 9e46a430d074e160 2016-03-30T23:46:24.200Z {"type":"pageshow","target_tagname":"wizardpage","target_id":"inlineprogress"}
INST 9e46a430d074e160 2016-03-30T23:46:24.200Z {"type":"click","target_tagname":"wizard","target_id":"TorNetworkSettings","detail":1}
INST 9e46a430d074e160 2016-03-30T23:46:27.800Z {"type":"progresschanged","target_tagname":"progressmeter","target_id":"progressMeter","value":5}
INST 9e46a430d074e160 2016-03-30T23:46:27.800Z {"type":"good","target_tagname":"image","target_id":"progressbar","configurationSettings":"bridge-noproxy","number":1}
INST 9e46a430d074e160 2016-03-30T23:46:27.800Z {"type":"progresschanged","target_tagname":"progressmeter","target_id":"progressMeter","value":10}
INST 9e46a430d074e160 2016-03-30T23:46:27.800Z {"type":"good","target_tagname":"image","target_id":"progressbar","configurationSettings":"bridge-noproxy","number":1}
INST 9e46a430d074e160 2016-03-30T23:46:30.600Z {"type":"progresschanged","target_tagname":"progressmeter","target_id":"progressMeter","value":15}
INST 9e46a430d074e160 2016-03-30T23:46:30.600Z {"type":"good","target_tagname":"image","target_id":"progressbar","configurationSettings":"bridge-noproxy","number":1}
INST 9e46a430d074e160 2016-03-30T23:46:30.700Z {"type":"progresschanged","target_tagname":"progressmeter","target_id":"progressMeter","value":20}
INST 9e46a430d074e160 2016-03-30T23:46:30.700Z {"type":"good","target_tagname":"image","target_id":"progressbar","configurationSettings":"bridge-noproxy","number":1}
INST 9e46a430d074e160 2016-03-30T23:46:31.600Z {"type":"progresschanged","target_tagname":"progressmeter","target_id":"progressMeter","value":25}
INST 9e46a430d074e160 2016-03-30T23:46:31.600Z {"type":"good","target_tagname":"image","target_id":"progressbar","configurationSettings":"bridge-noproxy","number":2}
INST 9e46a430d074e160 2016-03-30T23:46:34.700Z {"type":"progresschanged","target_tagname":"progressmeter","target_id":"progressMeter","value":40}
INST 9e46a430d074e160 2016-03-30T23:46:34.700Z {"type":"good","target_tagname":"image","target_id":"progressbar","configurationSettings":"bridge-noproxy","number":2}
INST 9e46a430d074e160 2016-03-30T23:46:35.300Z {"type":"progresschanged","target_tagname":"progressmeter","target_id":"progressMeter","value":45}
INST 9e46a430d074e160 2016-03-30T23:46:35.300Z {"type":"good","target_tagname":"image","target_id":"progressbar","configurationSettings":"bridge-noproxy","number":2}
INST 9e46a430d074e160 2016-03-30T23:46:35.500Z {"type":"progresschanged","target_tagname":"progressmeter","target_id":"progressMeter","value":50}
INST 9e46a430d074e160 2016-03-30T23:46:35.500Z {"type":"good","target_tagname":"image","target_id":"progressbar","configurationSettings":"bridge-noproxy","number":2}
INST 9e46a430d074e160 2016-03-30T23:46:40.200Z {"type":"progresschanged","target_tagname":"progressmeter","target_id":"progressMeter","value":51}
INST 9e46a430d074e160 2016-03-30T23:46:40.200Z {"type":"good","target_tagname":"image","target_id":"progressbar","configurationSettings":"bridge-noproxy","number":2}
INST 9e46a430d074e160 2016-03-30T23:46:43.600Z {"type":"progresschanged","target_tagname":"progressmeter","target_id":"progressMeter","value":53}
INST 9e46a430d074e160 2016-03-30T23:46:43.600Z {"type":"good","target_tagname":"image","target_id":"progressbar","configurationSettings":"bridge-noproxy","number":2}
INST 9e46a430d074e160 2016-03-30T23:46:43.700Z {"type":"progresschanged","target_tagname":"progressmeter","target_id":"progressMeter","value":55}
INST 9e46a430d074e160 2016-03-30T23:46:43.700Z {"type":"good","target_tagname":"image","target_id":"progressbar","configurationSettings":"bridge-noproxy","number":2}
INST 9e46a430d074e160 2016-03-30T23:46:43.700Z {"type":"progresschanged","target_tagname":"progressmeter","target_id":"progressMeter","value":58}
INST 9e46a430d074e160 2016-03-30T23:46:43.700Z {"type":"good","target_tagname":"image","target_id":"progressbar","configurationSettings":"bridge-noproxy","number":2}
INST 9e46a430d074e160 2016-03-30T23:46:43.900Z {"type":"progresschanged","target_tagname":"progressmeter","target_id":"progressMeter","value":62}
INST 9e46a430d074e160 2016-03-30T23:46:43.900Z {"type":"good","target_tagname":"image","target_id":"progressbar","configurationSettings":"bridge-noproxy","number":2}
INST 9e46a430d074e160 2016-03-30T23:46:43.900Z {"type":"progresschanged","target_tagname":"progressmeter","target_id":"progressMeter","value":67}
INST 9e46a430d074e160 2016-03-30T23:46:43.900Z {"type":"good","target_tagname":"image","target_id":"progressbar","configurationSettings":"bridge-noproxy","number":2}
INST 9e46a430d074e160 2016-03-30T23:46:43.900Z {"type":"progresschanged","target_tagname":"progressmeter","target_id":"progressMeter","value":72}
INST 9e46a430d074e160 2016-03-30T23:46:43.900Z {"type":"good","target_tagname":"image","target_id":"progressbar","configurationSettings":"bridge-noproxy","number":2}
INST 9e46a430d074e160 2016-03-30T23:46:43.900Z {"type":"progresschanged","target_tagname":"progressmeter","target_id":"progressMeter","value":80}
INST 9e46a430d074e160 2016-03-30T23:46:43.900Z {"type":"good","target_tagname":"image","target_id":"progressbar","configurationSettings":"bridge-noproxy","number":2}
INST 9e46a430d074e160 2016-03-30T23:46:43.900Z {"type":"progresschanged","target_tagname":"progressmeter","target_id":"progressMeter","value":90}
INST 9e46a430d074e160 2016-03-30T23:46:43.900Z {"type":"good","target_tagname":"image","target_id":"progressbar","configurationSettings":"bridge-noproxy","number":3}
INST 9e46a430d074e160 2016-03-30T23:46:44.700Z {"type":"progresschanged","target_tagname":"progressmeter","target_id":"progressMeter","value":100}
INST 9e46a430d074e160 2016-03-30T23:46:44.700Z {"type":"good","target_tagname":"image","target_id":"progressbar","configurationSettings":"bridge-noproxy","number":4}
INST 9e46a430d074e160 2016-03-30T23:46:45.000Z {"type":"unload","target_id":"configuration"}
