INST b003afba8e9aed53 2016-04-01T01:06:40.500Z {"type":"start"}
INST b003afba8e9aed53 2016-04-01T01:06:41.400Z {"type":"select","target_tagname":"menulist","target_id":"proxyType","value":""}
INST b003afba8e9aed53 2016-04-01T01:06:41.400Z {"type":"wizardnext","target_tagname":"wizard","target_id":"TorNetworkSettings"}
INST b003afba8e9aed53 2016-04-01T01:06:41.400Z {"type":"pageshow","target_tagname":"wizardpage","target_id":"first"}
INST b003afba8e9aed53 2016-04-01T01:06:41.400Z {"type":"load","target_id":"configuration"}
INST b003afba8e9aed53 2016-04-01T01:06:41.400Z {"type":"select","target_tagname":"menulist","target_id":"defaultBridgeType","value":"obfs3"}
INST b003afba8e9aed53 2016-04-01T01:06:48.900Z {"type":"click","target_tagname":"button","target_id":"connect_button","detail":1}
INST b003afba8e9aed53 2016-04-01T01:06:48.900Z {"type":"pagehide","target_tagname":"wizardpage","target_id":"first"}
INST b003afba8e9aed53 2016-04-01T01:06:48.900Z {"type":"pageadvanced","target_tagname":"wizardpage","target_id":"first"}
INST b003afba8e9aed53 2016-04-01T01:06:48.900Z {"type":"wizardnext","target_tagname":"wizard","target_id":"TorNetworkSettings"}
INST b003afba8e9aed53 2016-04-01T01:06:48.900Z {"type":"pageshow","target_tagname":"wizardpage","target_id":"inlineprogress"}
INST b003afba8e9aed53 2016-04-01T01:06:48.900Z {"type":"command","target_tagname":"button","target_id":"connect_button"}
INST b003afba8e9aed53 2016-04-01T01:06:49.100Z {"type":"progresschanged","target_tagname":"progressmeter","target_id":"progressMeter","value":5}
INST b003afba8e9aed53 2016-04-01T01:06:49.100Z {"type":"good","target_tagname":"image","target_id":"progressbar","configurationSettings":"nobridge-noproxy","number":1}
INST b003afba8e9aed53 2016-04-01T01:06:49.100Z {"type":"progresschanged","target_tagname":"progressmeter","target_id":"progressMeter","value":5}
INST b003afba8e9aed53 2016-04-01T01:06:49.100Z {"type":"good","target_tagname":"image","target_id":"progressbar","configurationSettings":"nobridge-noproxy","number":1}
INST b003afba8e9aed53 2016-04-01T01:06:49.100Z {"type":"progresschanged","target_tagname":"progressmeter","target_id":"progressMeter","value":5}
INST b003afba8e9aed53 2016-04-01T01:06:49.100Z {"type":"good","target_tagname":"image","target_id":"progressbar","configurationSettings":"nobridge-noproxy","number":1}
INST b003afba8e9aed53 2016-04-01T01:07:50.000Z {"type":"progresschanged","target_tagname":"progressmeter","target_id":"progressMeter","value":5}
INST b003afba8e9aed53 2016-04-01T01:07:50.000Z {"type":"good","target_tagname":"image","target_id":"progressbar","configurationSettings":"nobridge-noproxy","number":1}
INST b003afba8e9aed53 2016-04-01T01:08:36.600Z {"type":"click","target_tagname":"wizard","target_id":"TorNetworkSettings","detail":1}
INST b003afba8e9aed53 2016-04-01T01:08:36.600Z {"type":"wizardcancel","target_tagname":"wizard","target_id":"TorNetworkSettings"}
INST b003afba8e9aed53 2016-04-01T01:08:36.600Z {"type":"command","target_tagname":"wizard","target_id":"TorNetworkSettings"}
INST b003afba8e9aed53 2016-04-01T01:08:36.600Z {"type":"unload","target_id":"configuration"}
INST 3ca26656180bdd36 2016-04-01T01:08:42.400Z {"type":"start"}
INST 3ca26656180bdd36 2016-04-01T01:08:43.100Z {"type":"select","target_tagname":"menulist","target_id":"proxyType","value":""}
INST 3ca26656180bdd36 2016-04-01T01:08:43.100Z {"type":"wizardnext","target_tagname":"wizard","target_id":"TorNetworkSettings"}
INST 3ca26656180bdd36 2016-04-01T01:08:43.100Z {"type":"pageshow","target_tagname":"wizardpage","target_id":"first"}
INST 3ca26656180bdd36 2016-04-01T01:08:43.100Z {"type":"load","target_id":"configuration"}
INST 3ca26656180bdd36 2016-04-01T01:08:43.100Z {"type":"select","target_tagname":"menulist","target_id":"defaultBridgeType","value":"obfs3"}
INST 3ca26656180bdd36 2016-04-01T01:08:48.500Z {"type":"click","target_tagname":"button","target_id":"connect_button","detail":1}
INST 3ca26656180bdd36 2016-04-01T01:08:48.600Z {"type":"pagehide","target_tagname":"wizardpage","target_id":"first"}
INST 3ca26656180bdd36 2016-04-01T01:08:48.600Z {"type":"pageadvanced","target_tagname":"wizardpage","target_id":"first"}
INST 3ca26656180bdd36 2016-04-01T01:08:48.600Z {"type":"wizardnext","target_tagname":"wizard","target_id":"TorNetworkSettings"}
INST 3ca26656180bdd36 2016-04-01T01:08:48.600Z {"type":"pageshow","target_tagname":"wizardpage","target_id":"inlineprogress"}
INST 3ca26656180bdd36 2016-04-01T01:08:48.600Z {"type":"command","target_tagname":"button","target_id":"connect_button"}
INST 3ca26656180bdd36 2016-04-01T01:08:48.900Z {"type":"progresschanged","target_tagname":"progressmeter","target_id":"progressMeter","value":5}
INST 3ca26656180bdd36 2016-04-01T01:08:48.900Z {"type":"good","target_tagname":"image","target_id":"progressbar","configurationSettings":"nobridge-noproxy","number":1}
INST 3ca26656180bdd36 2016-04-01T01:08:48.900Z {"type":"progresschanged","target_tagname":"progressmeter","target_id":"progressMeter","value":5}
INST 3ca26656180bdd36 2016-04-01T01:08:48.900Z {"type":"good","target_tagname":"image","target_id":"progressbar","configurationSettings":"nobridge-noproxy","number":1}
INST 3ca26656180bdd36 2016-04-01T01:08:48.900Z {"type":"progresschanged","target_tagname":"progressmeter","target_id":"progressMeter","value":5}
INST 3ca26656180bdd36 2016-04-01T01:08:48.900Z {"type":"good","target_tagname":"image","target_id":"progressbar","configurationSettings":"nobridge-noproxy","number":1}
INST 3ca26656180bdd36 2016-04-01T01:09:49.900Z {"type":"progresschanged","target_tagname":"progressmeter","target_id":"progressMeter","value":5}
INST 3ca26656180bdd36 2016-04-01T01:09:49.900Z {"type":"good","target_tagname":"image","target_id":"progressbar","configurationSettings":"nobridge-noproxy","number":1}
INST ad94e78b13e18650 2016-04-01T01:10:36.700Z {"type":"start"}
INST ad94e78b13e18650 2016-04-01T01:10:37.300Z {"type":"select","target_tagname":"menulist","target_id":"proxyType","value":""}
INST ad94e78b13e18650 2016-04-01T01:10:37.300Z {"type":"wizardnext","target_tagname":"wizard","target_id":"TorNetworkSettings"}
INST ad94e78b13e18650 2016-04-01T01:10:37.300Z {"type":"pageshow","target_tagname":"wizardpage","target_id":"first"}
INST ad94e78b13e18650 2016-04-01T01:10:37.400Z {"type":"load","target_id":"configuration"}
INST ad94e78b13e18650 2016-04-01T01:10:37.400Z {"type":"select","target_tagname":"menulist","target_id":"defaultBridgeType","value":"obfs3"}
INST ad94e78b13e18650 2016-04-01T01:10:38.400Z {"type":"click","target_tagname":"button","target_id":"configure_button","detail":1}
INST ad94e78b13e18650 2016-04-01T01:10:38.400Z {"type":"pagehide","target_tagname":"wizardpage","target_id":"first"}
INST ad94e78b13e18650 2016-04-01T01:10:38.400Z {"type":"pageadvanced","target_tagname":"wizardpage","target_id":"first"}
INST ad94e78b13e18650 2016-04-01T01:10:38.400Z {"type":"wizardnext","target_tagname":"wizard","target_id":"TorNetworkSettings"}
INST ad94e78b13e18650 2016-04-01T01:10:38.400Z {"type":"pageshow","target_tagname":"wizardpage","target_id":"proxy"}
INST ad94e78b13e18650 2016-04-01T01:10:38.400Z {"type":"command","target_tagname":"button","target_id":"configure_button"}
INST ad94e78b13e18650 2016-04-01T01:10:40.100Z {"type":"click","target_tagname":"radio","target_id":"proxyRadioWith","detail":1}
INST ad94e78b13e18650 2016-04-01T01:10:40.100Z {"type":"command","target_tagname":"radio","target_id":"proxyRadioWith"}
INST ad94e78b13e18650 2016-04-01T01:10:41.400Z {"type":"popupshown","target_tagname":"menupopup","target_id":"proxyType_menuPopup"}
INST ad94e78b13e18650 2016-04-01T01:10:41.500Z {"type":"click","target_tagname":"menulist","target_id":"proxyType","value":"","detail":1}
INST ad94e78b13e18650 2016-04-01T01:10:42.300Z {"type":"mouseover","target_tagname":"menuitem","target_id":"","value":""}
INST ad94e78b13e18650 2016-04-01T01:10:42.400Z {"type":"mouseout","target_tagname":"menuitem","target_id":"","value":""}
INST ad94e78b13e18650 2016-04-01T01:10:42.400Z {"type":"mouseover","target_tagname":"menuitem","target_id":"","value":"SOCKS4"}
INST ad94e78b13e18650 2016-04-01T01:10:42.500Z {"type":"mouseout","target_tagname":"menuitem","target_id":"","value":"SOCKS4"}
INST ad94e78b13e18650 2016-04-01T01:10:42.500Z {"type":"mouseover","target_tagname":"menuitem","target_id":"","value":"SOCKS5"}
INST ad94e78b13e18650 2016-04-01T01:10:42.700Z {"type":"mouseout","target_tagname":"menuitem","target_id":"","value":"SOCKS5"}
INST ad94e78b13e18650 2016-04-01T01:10:42.700Z {"type":"mouseover","target_tagname":"menuitem","target_id":"","value":"HTTP"}
INST ad94e78b13e18650 2016-04-01T01:10:45.400Z {"type":"mouseout","target_tagname":"menuitem","target_id":"","value":"HTTP"}
INST ad94e78b13e18650 2016-04-01T01:10:45.400Z {"type":"mouseover","target_tagname":"menuitem","target_id":"","value":"SOCKS5"}
INST ad94e78b13e18650 2016-04-01T01:10:45.500Z {"type":"mouseout","target_tagname":"menuitem","target_id":"","value":"SOCKS5"}
INST ad94e78b13e18650 2016-04-01T01:10:45.500Z {"type":"mouseover","target_tagname":"menuitem","target_id":"","value":"SOCKS4"}
INST ad94e78b13e18650 2016-04-01T01:10:51.400Z {"type":"click","target_tagname":"menuitem","target_id":"","value":"SOCKS4","detail":1}
INST ad94e78b13e18650 2016-04-01T01:10:51.400Z {"type":"select","target_tagname":"menulist","target_id":"proxyType","value":"SOCKS4"}
INST ad94e78b13e18650 2016-04-01T01:10:51.400Z {"type":"command","target_tagname":"menuitem","target_id":"","value":"SOCKS4"}
INST ad94e78b13e18650 2016-04-01T01:10:51.400Z {"type":"popuphidden","target_tagname":"menupopup","target_id":"proxyType_menuPopup"}
INST ad94e78b13e18650 2016-04-01T01:10:51.400Z {"type":"mouseout","target_tagname":"menuitem","target_id":"","value":"SOCKS4"}
INST ad94e78b13e18650 2016-04-01T01:10:52.800Z {"type":"select","target_tagname":"textbox","target_id":"proxyAddr"}
INST ad94e78b13e18650 2016-04-01T01:10:52.900Z {"type":"click","target_tagname":"textbox","target_id":"proxyAddr","detail":1}
INST ad94e78b13e18650 2016-04-01T01:10:54.500Z {"type":"click","target_tagname":"wizard","target_id":"TorNetworkSettings","detail":1}
INST ad94e78b13e18650 2016-04-01T01:10:54.500Z {"type":"pagehide","target_tagname":"wizardpage","target_id":"proxy"}
INST ad94e78b13e18650 2016-04-01T01:10:54.500Z {"type":"pageadvanced","target_tagname":"wizardpage","target_id":"proxy"}
INST ad94e78b13e18650 2016-04-01T01:10:54.500Z {"type":"alert_show","target_id":"failed_to_save_settings","value":"Unable to save Tor settings.\n\nYou must specify both an IP address or hostname and a port number to configure Tor to use a proxy to access the Internet."}
INST ad94e78b13e18650 2016-04-01T01:10:56.700Z {"type":"alert_exit","target_id":"failed_to_save_settings","value":"Unable to save Tor settings.\n\nYou must specify both an IP address or hostname and a port number to configure Tor to use a proxy to access the Internet."}
INST ad94e78b13e18650 2016-04-01T01:10:56.700Z {"type":"command","target_tagname":"wizard","target_id":"TorNetworkSettings"}
INST ad94e78b13e18650 2016-04-01T01:10:57.400Z {"type":"popupshown","target_tagname":"menupopup","target_id":"proxyType_menuPopup"}
INST ad94e78b13e18650 2016-04-01T01:10:57.500Z {"type":"click","target_tagname":"menulist","target_id":"proxyType","value":"SOCKS4","detail":1}
INST ad94e78b13e18650 2016-04-01T01:10:57.700Z {"type":"mouseover","target_tagname":"menuitem","target_id":"","value":""}
INST ad94e78b13e18650 2016-04-01T01:10:57.700Z {"type":"mouseout","target_tagname":"menuitem","target_id":"","value":""}
INST ad94e78b13e18650 2016-04-01T01:10:57.700Z {"type":"mouseover","target_tagname":"menuitem","target_id":"","value":"SOCKS4"}
INST ad94e78b13e18650 2016-04-01T01:10:58.100Z {"type":"mouseout","target_tagname":"menuitem","target_id":"","value":"SOCKS4"}
INST ad94e78b13e18650 2016-04-01T01:10:58.100Z {"type":"mouseover","target_tagname":"menuitem","target_id":"","value":"SOCKS5"}
INST ad94e78b13e18650 2016-04-01T01:10:58.400Z {"type":"click","target_tagname":"menuitem","target_id":"","value":"SOCKS5","detail":1}
INST ad94e78b13e18650 2016-04-01T01:10:58.400Z {"type":"select","target_tagname":"menulist","target_id":"proxyType","value":"SOCKS5"}
INST ad94e78b13e18650 2016-04-01T01:10:58.500Z {"type":"command","target_tagname":"menuitem","target_id":"","value":"SOCKS5"}
INST ad94e78b13e18650 2016-04-01T01:10:58.500Z {"type":"popuphidden","target_tagname":"menupopup","target_id":"proxyType_menuPopup"}
INST ad94e78b13e18650 2016-04-01T01:10:58.500Z {"type":"mouseout","target_tagname":"menuitem","target_id":"","value":"SOCKS5"}
INST ad94e78b13e18650 2016-04-01T01:10:59.500Z {"type":"click","target_tagname":"wizard","target_id":"TorNetworkSettings","detail":1}
INST ad94e78b13e18650 2016-04-01T01:10:59.500Z {"type":"pagehide","target_tagname":"wizardpage","target_id":"proxy"}
INST ad94e78b13e18650 2016-04-01T01:10:59.500Z {"type":"pageadvanced","target_tagname":"wizardpage","target_id":"proxy"}
INST ad94e78b13e18650 2016-04-01T01:10:59.500Z {"type":"alert_show","target_id":"failed_to_save_settings","value":"Unable to save Tor settings.\n\nYou must specify both an IP address or hostname and a port number to configure Tor to use a proxy to access the Internet."}
INST ad94e78b13e18650 2016-04-01T01:11:00.500Z {"type":"alert_exit","target_id":"failed_to_save_settings","value":"Unable to save Tor settings.\n\nYou must specify both an IP address or hostname and a port number to configure Tor to use a proxy to access the Internet."}
INST ad94e78b13e18650 2016-04-01T01:11:00.500Z {"type":"command","target_tagname":"wizard","target_id":"TorNetworkSettings"}
INST ad94e78b13e18650 2016-04-01T01:11:01.100Z {"type":"popupshown","target_tagname":"menupopup","target_id":"proxyType_menuPopup"}
INST ad94e78b13e18650 2016-04-01T01:11:01.200Z {"type":"click","target_tagname":"menulist","target_id":"proxyType","value":"SOCKS5","detail":1}
INST ad94e78b13e18650 2016-04-01T01:11:01.600Z {"type":"mouseover","target_tagname":"menuitem","target_id":"","value":""}
INST ad94e78b13e18650 2016-04-01T01:11:01.600Z {"type":"mouseout","target_tagname":"menuitem","target_id":"","value":""}
INST ad94e78b13e18650 2016-04-01T01:11:01.600Z {"type":"mouseover","target_tagname":"menuitem","target_id":"","value":"SOCKS4"}
INST ad94e78b13e18650 2016-04-01T01:11:01.700Z {"type":"mouseout","target_tagname":"menuitem","target_id":"","value":"SOCKS4"}
INST ad94e78b13e18650 2016-04-01T01:11:01.700Z {"type":"mouseover","target_tagname":"menuitem","target_id":"","value":"SOCKS5"}
INST ad94e78b13e18650 2016-04-01T01:11:02.100Z {"type":"mouseout","target_tagname":"menuitem","target_id":"","value":"SOCKS5"}
INST ad94e78b13e18650 2016-04-01T01:11:02.100Z {"type":"mouseover","target_tagname":"menuitem","target_id":"","value":"HTTP"}
INST ad94e78b13e18650 2016-04-01T01:11:02.500Z {"type":"click","target_tagname":"menuitem","target_id":"","value":"HTTP","detail":1}
INST ad94e78b13e18650 2016-04-01T01:11:02.500Z {"type":"select","target_tagname":"menulist","target_id":"proxyType","value":"HTTP"}
INST ad94e78b13e18650 2016-04-01T01:11:02.500Z {"type":"command","target_tagname":"menuitem","target_id":"","value":"HTTP"}
INST ad94e78b13e18650 2016-04-01T01:11:02.500Z {"type":"popuphidden","target_tagname":"menupopup","target_id":"proxyType_menuPopup"}
INST ad94e78b13e18650 2016-04-01T01:11:02.500Z {"type":"mouseout","target_tagname":"menuitem","target_id":"","value":"HTTP"}
INST ad94e78b13e18650 2016-04-01T01:11:04.300Z {"type":"click","target_tagname":"wizard","target_id":"TorNetworkSettings","detail":1}
INST ad94e78b13e18650 2016-04-01T01:11:04.300Z {"type":"pagehide","target_tagname":"wizardpage","target_id":"proxy"}
INST ad94e78b13e18650 2016-04-01T01:11:04.300Z {"type":"pageadvanced","target_tagname":"wizardpage","target_id":"proxy"}
INST ad94e78b13e18650 2016-04-01T01:11:04.300Z {"type":"alert_show","target_id":"failed_to_save_settings","value":"Unable to save Tor settings.\n\nYou must specify both an IP address or hostname and a port number to configure Tor to use a proxy to access the Internet."}
INST ad94e78b13e18650 2016-04-01T01:11:05.500Z {"type":"alert_exit","target_id":"failed_to_save_settings","value":"Unable to save Tor settings.\n\nYou must specify both an IP address or hostname and a port number to configure Tor to use a proxy to access the Internet."}
INST ad94e78b13e18650 2016-04-01T01:11:05.500Z {"type":"command","target_tagname":"wizard","target_id":"TorNetworkSettings"}
INST ad94e78b13e18650 2016-04-01T01:11:06.100Z {"type":"popupshown","target_tagname":"menupopup","target_id":"proxyType_menuPopup"}
INST ad94e78b13e18650 2016-04-01T01:11:06.200Z {"type":"click","target_tagname":"menulist","target_id":"proxyType","value":"HTTP","detail":1}
INST ad94e78b13e18650 2016-04-01T01:11:06.500Z {"type":"mouseover","target_tagname":"menuitem","target_id":"","value":""}
INST ad94e78b13e18650 2016-04-01T01:11:06.800Z {"type":"click","target_tagname":"menuitem","target_id":"","value":"","detail":1}
INST ad94e78b13e18650 2016-04-01T01:11:06.800Z {"type":"select","target_tagname":"menulist","target_id":"proxyType","value":""}
INST ad94e78b13e18650 2016-04-01T01:11:06.800Z {"type":"command","target_tagname":"menuitem","target_id":"","value":""}
INST ad94e78b13e18650 2016-04-01T01:11:06.800Z {"type":"popuphidden","target_tagname":"menupopup","target_id":"proxyType_menuPopup"}
INST ad94e78b13e18650 2016-04-01T01:11:06.800Z {"type":"mouseout","target_tagname":"menuitem","target_id":"","value":""}
INST ad94e78b13e18650 2016-04-01T01:11:07.600Z {"type":"click","target_tagname":"radio","target_id":"proxyRadioWithout","detail":1}
INST ad94e78b13e18650 2016-04-01T01:11:07.600Z {"type":"command","target_tagname":"radio","target_id":"proxyRadioWithout"}
INST ad94e78b13e18650 2016-04-01T01:11:09.600Z {"type":"click","target_tagname":"wizard","target_id":"TorNetworkSettings","detail":1}
INST ad94e78b13e18650 2016-04-01T01:11:09.600Z {"type":"pagehide","target_tagname":"wizardpage","target_id":"proxy"}
INST ad94e78b13e18650 2016-04-01T01:11:09.600Z {"type":"pageadvanced","target_tagname":"wizardpage","target_id":"proxy"}
INST ad94e78b13e18650 2016-04-01T01:11:09.600Z {"type":"wizardnext","target_tagname":"wizard","target_id":"TorNetworkSettings"}
INST ad94e78b13e18650 2016-04-01T01:11:09.600Z {"type":"pageshow","target_tagname":"wizardpage","target_id":"bridges"}
INST ad94e78b13e18650 2016-04-01T01:11:09.600Z {"type":"command","target_tagname":"wizard","target_id":"TorNetworkSettings"}
INST ad94e78b13e18650 2016-04-01T01:11:14.400Z {"type":"click","target_tagname":"radio","target_id":"bridgeRadioDefault","detail":1}
INST ad94e78b13e18650 2016-04-01T01:11:14.400Z {"type":"command","target_tagname":"radio","target_id":"bridgeRadioDefault"}
INST ad94e78b13e18650 2016-04-01T01:11:23.000Z {"type":"click","target_tagname":"wizard","target_id":"TorNetworkSettings","detail":1}
INST ad94e78b13e18650 2016-04-01T01:11:23.000Z {"type":"pagehide","target_tagname":"wizardpage","target_id":"bridges"}
INST ad94e78b13e18650 2016-04-01T01:11:23.000Z {"type":"pageadvanced","target_tagname":"wizardpage","target_id":"bridges"}
INST ad94e78b13e18650 2016-04-01T01:11:23.000Z {"type":"wizardnext","target_tagname":"wizard","target_id":"TorNetworkSettings"}
INST ad94e78b13e18650 2016-04-01T01:11:23.000Z {"type":"pageshow","target_tagname":"wizardpage","target_id":"summary"}
INST ad94e78b13e18650 2016-04-01T01:11:23.000Z {"type":"command","target_tagname":"wizard","target_id":"TorNetworkSettings"}
INST ad94e78b13e18650 2016-04-01T01:11:25.200Z {"type":"pagehide","target_tagname":"wizardpage","target_id":"summary"}
INST ad94e78b13e18650 2016-04-01T01:11:25.200Z {"type":"pageadvanced","target_tagname":"wizardpage","target_id":"summary"}
INST ad94e78b13e18650 2016-04-01T01:11:25.200Z {"type":"wizardnext","target_tagname":"wizard","target_id":"TorNetworkSettings"}
INST ad94e78b13e18650 2016-04-01T01:11:25.200Z {"type":"pageshow","target_tagname":"wizardpage","target_id":"inlineprogress"}
INST ad94e78b13e18650 2016-04-01T01:11:25.200Z {"type":"click","target_tagname":"wizard","target_id":"TorNetworkSettings","detail":1}
INST ad94e78b13e18650 2016-04-01T01:11:32.200Z {"type":"progresschanged","target_tagname":"progressmeter","target_id":"progressMeter","value":5}
INST ad94e78b13e18650 2016-04-01T01:11:32.200Z {"type":"good","target_tagname":"image","target_id":"progressbar","configurationSettings":"bridge-noproxy","number":1}
INST ad94e78b13e18650 2016-04-01T01:11:32.200Z {"type":"progresschanged","target_tagname":"progressmeter","target_id":"progressMeter","value":10}
INST ad94e78b13e18650 2016-04-01T01:11:32.200Z {"type":"good","target_tagname":"image","target_id":"progressbar","configurationSettings":"bridge-noproxy","number":1}
INST ad94e78b13e18650 2016-04-01T01:14:31.200Z {"type":"click","target_tagname":"wizard","target_id":"TorNetworkSettings","detail":1}
INST ad94e78b13e18650 2016-04-01T01:14:31.200Z {"type":"wizardcancel","target_tagname":"wizard","target_id":"TorNetworkSettings"}
INST ad94e78b13e18650 2016-04-01T01:14:31.200Z {"type":"command","target_tagname":"wizard","target_id":"TorNetworkSettings"}
INST ad94e78b13e18650 2016-04-01T01:14:31.200Z {"type":"unload","target_id":"configuration"}
INST 3578b3d58f87abe0 2016-04-01T01:14:34.300Z {"type":"start"}
INST 3578b3d58f87abe0 2016-04-01T01:14:35.000Z {"type":"select","target_tagname":"menulist","target_id":"proxyType","value":""}
INST 3578b3d58f87abe0 2016-04-01T01:14:35.000Z {"type":"wizardnext","target_tagname":"wizard","target_id":"TorNetworkSettings"}
INST 3578b3d58f87abe0 2016-04-01T01:14:35.000Z {"type":"pageshow","target_tagname":"wizardpage","target_id":"first"}
INST 3578b3d58f87abe0 2016-04-01T01:14:35.100Z {"type":"load","target_id":"configuration"}
INST 3578b3d58f87abe0 2016-04-01T01:14:35.100Z {"type":"select","target_tagname":"menulist","target_id":"defaultBridgeType","value":"obfs3"}
INST 3578b3d58f87abe0 2016-04-01T01:14:36.500Z {"type":"click","target_tagname":"button","target_id":"configure_button","detail":1}
INST 3578b3d58f87abe0 2016-04-01T01:14:36.500Z {"type":"pagehide","target_tagname":"wizardpage","target_id":"first"}
INST 3578b3d58f87abe0 2016-04-01T01:14:36.500Z {"type":"pageadvanced","target_tagname":"wizardpage","target_id":"first"}
INST 3578b3d58f87abe0 2016-04-01T01:14:36.500Z {"type":"wizardnext","target_tagname":"wizard","target_id":"TorNetworkSettings"}
INST 3578b3d58f87abe0 2016-04-01T01:14:36.500Z {"type":"pageshow","target_tagname":"wizardpage","target_id":"proxy"}
INST 3578b3d58f87abe0 2016-04-01T01:14:36.500Z {"type":"command","target_tagname":"button","target_id":"configure_button"}
INST 3578b3d58f87abe0 2016-04-01T01:14:39.400Z {"type":"click","target_tagname":"radio","target_id":"proxyRadioWith","detail":1}
INST 3578b3d58f87abe0 2016-04-01T01:14:39.400Z {"type":"command","target_tagname":"radio","target_id":"proxyRadioWith"}
INST 3578b3d58f87abe0 2016-04-01T01:14:43.300Z {"type":"click","target_tagname":"radio","target_id":"proxyRadioWithout","detail":1}
INST 3578b3d58f87abe0 2016-04-01T01:14:43.300Z {"type":"command","target_tagname":"radio","target_id":"proxyRadioWithout"}
INST 3578b3d58f87abe0 2016-04-01T01:14:44.700Z {"type":"click","target_tagname":"wizard","target_id":"TorNetworkSettings","detail":1}
INST 3578b3d58f87abe0 2016-04-01T01:14:44.700Z {"type":"pagehide","target_tagname":"wizardpage","target_id":"proxy"}
INST 3578b3d58f87abe0 2016-04-01T01:14:44.700Z {"type":"pageadvanced","target_tagname":"wizardpage","target_id":"proxy"}
INST 3578b3d58f87abe0 2016-04-01T01:14:44.700Z {"type":"wizardnext","target_tagname":"wizard","target_id":"TorNetworkSettings"}
INST 3578b3d58f87abe0 2016-04-01T01:14:44.700Z {"type":"pageshow","target_tagname":"wizardpage","target_id":"bridges"}
INST 3578b3d58f87abe0 2016-04-01T01:14:44.700Z {"type":"command","target_tagname":"wizard","target_id":"TorNetworkSettings"}
INST 3578b3d58f87abe0 2016-04-01T01:14:46.400Z {"type":"popupshown","target_tagname":"menupopup","target_id":"defaultBridgeType_menuPopup"}
INST 3578b3d58f87abe0 2016-04-01T01:14:46.500Z {"type":"click","target_tagname":"menulist","target_id":"defaultBridgeType","value":"obfs3","detail":1}
INST 3578b3d58f87abe0 2016-04-01T01:14:47.900Z {"type":"mouseover","target_tagname":"menuitem","target_id":"","value":"flashproxy"}
INST 3578b3d58f87abe0 2016-04-01T01:14:48.000Z {"type":"mouseout","target_tagname":"menuitem","target_id":"","value":"flashproxy"}
INST 3578b3d58f87abe0 2016-04-01T01:14:48.000Z {"type":"mouseover","target_tagname":"menuitem","target_id":"","value":"fte"}
INST 3578b3d58f87abe0 2016-04-01T01:14:52.300Z {"type":"mouseout","target_tagname":"menuitem","target_id":"","value":"fte"}
INST 3578b3d58f87abe0 2016-04-01T01:14:52.900Z {"type":"popuphidden","target_tagname":"menupopup","target_id":"defaultBridgeType_menuPopup"}
INST 3578b3d58f87abe0 2016-04-01T01:14:57.200Z {"type":"popupshown","target_tagname":"menupopup","target_id":"defaultBridgeType_menuPopup"}
INST 3578b3d58f87abe0 2016-04-01T01:14:57.400Z {"type":"click","target_tagname":"menulist","target_id":"defaultBridgeType","value":"obfs3","detail":1}
INST 3578b3d58f87abe0 2016-04-01T01:14:57.700Z {"type":"mouseover","target_tagname":"menuitem","target_id":"","value":"flashproxy"}
INST 3578b3d58f87abe0 2016-04-01T01:14:57.700Z {"type":"mouseout","target_tagname":"menuitem","target_id":"","value":"flashproxy"}
INST 3578b3d58f87abe0 2016-04-01T01:14:57.700Z {"type":"mouseover","target_tagname":"menuitem","target_id":"","value":"fte"}
INST 3578b3d58f87abe0 2016-04-01T01:14:57.800Z {"type":"mouseout","target_tagname":"menuitem","target_id":"","value":"fte"}
INST 3578b3d58f87abe0 2016-04-01T01:14:57.800Z {"type":"mouseover","target_tagname":"menuitem","target_id":"","value":"fte-ipv6"}
INST 3578b3d58f87abe0 2016-04-01T01:14:57.800Z {"type":"mouseout","target_tagname":"menuitem","target_id":"","value":"fte-ipv6"}
INST 3578b3d58f87abe0 2016-04-01T01:14:57.800Z {"type":"mouseover","target_tagname":"menuitem","target_id":"","value":"meek-amazon"}
INST 3578b3d58f87abe0 2016-04-01T01:14:57.800Z {"type":"mouseout","target_tagname":"menuitem","target_id":"","value":"meek-amazon"}
INST 3578b3d58f87abe0 2016-04-01T01:14:57.800Z {"type":"mouseover","target_tagname":"menuitem","target_id":"","value":"meek-azure"}
INST 3578b3d58f87abe0 2016-04-01T01:14:57.800Z {"type":"mouseout","target_tagname":"menuitem","target_id":"","value":"meek-azure"}
INST 3578b3d58f87abe0 2016-04-01T01:14:57.800Z {"type":"mouseover","target_tagname":"menuitem","target_id":"","value":"meek-google"}
INST 3578b3d58f87abe0 2016-04-01T01:14:57.800Z {"type":"mouseout","target_tagname":"menuitem","target_id":"","value":"meek-google"}
INST 3578b3d58f87abe0 2016-04-01T01:14:57.800Z {"type":"mouseover","target_tagname":"menuitem","target_id":"","value":"obfs3"}
INST 3578b3d58f87abe0 2016-04-01T01:14:58.100Z {"type":"mouseout","target_tagname":"menuitem","target_id":"","value":"obfs3"}
INST 3578b3d58f87abe0 2016-04-01T01:14:58.100Z {"type":"mouseover","target_tagname":"menuitem","target_id":"","value":"meek-google"}
INST 3578b3d58f87abe0 2016-04-01T01:14:58.400Z {"type":"mouseout","target_tagname":"menuitem","target_id":"","value":"meek-google"}
INST 3578b3d58f87abe0 2016-04-01T01:14:58.400Z {"type":"mouseover","target_tagname":"menuitem","target_id":"","value":"meek-azure"}
INST 3578b3d58f87abe0 2016-04-01T01:14:59.300Z {"type":"mouseout","target_tagname":"menuitem","target_id":"","value":"meek-azure"}
INST 3578b3d58f87abe0 2016-04-01T01:14:59.300Z {"type":"mouseover","target_tagname":"menuitem","target_id":"","value":"meek-amazon"}
INST 3578b3d58f87abe0 2016-04-01T01:14:59.700Z {"type":"click","target_tagname":"menuitem","target_id":"","value":"meek-amazon","detail":1}
INST 3578b3d58f87abe0 2016-04-01T01:14:59.700Z {"type":"select","target_tagname":"menulist","target_id":"defaultBridgeType","value":"meek-amazon"}
INST 3578b3d58f87abe0 2016-04-01T01:14:59.700Z {"type":"command","target_tagname":"menuitem","target_id":"","value":"meek-amazon"}
INST 3578b3d58f87abe0 2016-04-01T01:14:59.700Z {"type":"popuphidden","target_tagname":"menupopup","target_id":"defaultBridgeType_menuPopup"}
INST 3578b3d58f87abe0 2016-04-01T01:14:59.800Z {"type":"mouseout","target_tagname":"menuitem","target_id":"","value":"meek-amazon"}
INST 3578b3d58f87abe0 2016-04-01T01:15:01.600Z {"type":"click","target_tagname":"wizard","target_id":"TorNetworkSettings","detail":1}
INST 3578b3d58f87abe0 2016-04-01T01:15:01.600Z {"type":"pagehide","target_tagname":"wizardpage","target_id":"bridges"}
INST 3578b3d58f87abe0 2016-04-01T01:15:01.600Z {"type":"pageadvanced","target_tagname":"wizardpage","target_id":"bridges"}
INST 3578b3d58f87abe0 2016-04-01T01:15:01.600Z {"type":"wizardnext","target_tagname":"wizard","target_id":"TorNetworkSettings"}
INST 3578b3d58f87abe0 2016-04-01T01:15:01.600Z {"type":"pageshow","target_tagname":"wizardpage","target_id":"summary"}
INST 3578b3d58f87abe0 2016-04-01T01:15:01.600Z {"type":"command","target_tagname":"wizard","target_id":"TorNetworkSettings"}
INST 3578b3d58f87abe0 2016-04-01T01:15:03.500Z {"type":"pagehide","target_tagname":"wizardpage","target_id":"summary"}
INST 3578b3d58f87abe0 2016-04-01T01:15:03.500Z {"type":"pageadvanced","target_tagname":"wizardpage","target_id":"summary"}
INST 3578b3d58f87abe0 2016-04-01T01:15:03.600Z {"type":"wizardnext","target_tagname":"wizard","target_id":"TorNetworkSettings"}
INST 3578b3d58f87abe0 2016-04-01T01:15:03.600Z {"type":"pageshow","target_tagname":"wizardpage","target_id":"inlineprogress"}
INST 3578b3d58f87abe0 2016-04-01T01:15:03.600Z {"type":"click","target_tagname":"wizard","target_id":"TorNetworkSettings","detail":1}
INST 3578b3d58f87abe0 2016-04-01T01:15:07.800Z {"type":"progresschanged","target_tagname":"progressmeter","target_id":"progressMeter","value":5}
INST 3578b3d58f87abe0 2016-04-01T01:15:07.800Z {"type":"good","target_tagname":"image","target_id":"progressbar","configurationSettings":"bridge-noproxy","number":1}
INST 3578b3d58f87abe0 2016-04-01T01:15:07.800Z {"type":"progresschanged","target_tagname":"progressmeter","target_id":"progressMeter","value":10}
INST 3578b3d58f87abe0 2016-04-01T01:15:07.800Z {"type":"good","target_tagname":"image","target_id":"progressbar","configurationSettings":"bridge-noproxy","number":1}
INST 3578b3d58f87abe0 2016-04-01T01:15:09.700Z {"type":"progresschanged","target_tagname":"progressmeter","target_id":"progressMeter","value":15}
INST 3578b3d58f87abe0 2016-04-01T01:15:09.700Z {"type":"good","target_tagname":"image","target_id":"progressbar","configurationSettings":"bridge-noproxy","number":1}
INST 3578b3d58f87abe0 2016-04-01T01:15:10.000Z {"type":"progresschanged","target_tagname":"progressmeter","target_id":"progressMeter","value":20}
INST 3578b3d58f87abe0 2016-04-01T01:15:10.000Z {"type":"good","target_tagname":"image","target_id":"progressbar","configurationSettings":"bridge-noproxy","number":1}
INST 3578b3d58f87abe0 2016-04-01T01:15:11.200Z {"type":"progresschanged","target_tagname":"progressmeter","target_id":"progressMeter","value":25}
INST 3578b3d58f87abe0 2016-04-01T01:15:11.200Z {"type":"good","target_tagname":"image","target_id":"progressbar","configurationSettings":"bridge-noproxy","number":2}
INST 3578b3d58f87abe0 2016-04-01T01:15:18.100Z {"type":"progresschanged","target_tagname":"progressmeter","target_id":"progressMeter","value":40}
INST 3578b3d58f87abe0 2016-04-01T01:15:18.100Z {"type":"good","target_tagname":"image","target_id":"progressbar","configurationSettings":"bridge-noproxy","number":2}
INST 3578b3d58f87abe0 2016-04-01T01:15:18.900Z {"type":"progresschanged","target_tagname":"progressmeter","target_id":"progressMeter","value":45}
INST 3578b3d58f87abe0 2016-04-01T01:15:18.900Z {"type":"good","target_tagname":"image","target_id":"progressbar","configurationSettings":"bridge-noproxy","number":2}
INST 3578b3d58f87abe0 2016-04-01T01:15:19.100Z {"type":"progresschanged","target_tagname":"progressmeter","target_id":"progressMeter","value":50}
INST 3578b3d58f87abe0 2016-04-01T01:15:19.100Z {"type":"good","target_tagname":"image","target_id":"progressbar","configurationSettings":"bridge-noproxy","number":2}
INST 3578b3d58f87abe0 2016-04-01T01:15:33.500Z {"type":"progresschanged","target_tagname":"progressmeter","target_id":"progressMeter","value":51}
INST 3578b3d58f87abe0 2016-04-01T01:15:33.600Z {"type":"good","target_tagname":"image","target_id":"progressbar","configurationSettings":"bridge-noproxy","number":2}
INST 3578b3d58f87abe0 2016-04-01T01:15:33.800Z {"type":"progresschanged","target_tagname":"progressmeter","target_id":"progressMeter","value":53}
INST 3578b3d58f87abe0 2016-04-01T01:15:33.800Z {"type":"good","target_tagname":"image","target_id":"progressbar","configurationSettings":"bridge-noproxy","number":2}
INST 3578b3d58f87abe0 2016-04-01T01:15:33.800Z {"type":"progresschanged","target_tagname":"progressmeter","target_id":"progressMeter","value":55}
INST 3578b3d58f87abe0 2016-04-01T01:15:33.800Z {"type":"good","target_tagname":"image","target_id":"progressbar","configurationSettings":"bridge-noproxy","number":2}
INST 3578b3d58f87abe0 2016-04-01T01:15:33.800Z {"type":"progresschanged","target_tagname":"progressmeter","target_id":"progressMeter","value":59}
INST 3578b3d58f87abe0 2016-04-01T01:15:33.800Z {"type":"good","target_tagname":"image","target_id":"progressbar","configurationSettings":"bridge-noproxy","number":2}
INST 3578b3d58f87abe0 2016-04-01T01:15:33.800Z {"type":"progresschanged","target_tagname":"progressmeter","target_id":"progressMeter","value":62}
INST 3578b3d58f87abe0 2016-04-01T01:15:33.800Z {"type":"good","target_tagname":"image","target_id":"progressbar","configurationSettings":"bridge-noproxy","number":2}
INST 3578b3d58f87abe0 2016-04-01T01:15:33.800Z {"type":"progresschanged","target_tagname":"progressmeter","target_id":"progressMeter","value":68}
INST 3578b3d58f87abe0 2016-04-01T01:15:33.800Z {"type":"good","target_tagname":"image","target_id":"progressbar","configurationSettings":"bridge-noproxy","number":2}
INST 3578b3d58f87abe0 2016-04-01T01:15:33.800Z {"type":"progresschanged","target_tagname":"progressmeter","target_id":"progressMeter","value":74}
INST 3578b3d58f87abe0 2016-04-01T01:15:33.800Z {"type":"good","target_tagname":"image","target_id":"progressbar","configurationSettings":"bridge-noproxy","number":2}
INST 3578b3d58f87abe0 2016-04-01T01:15:33.800Z {"type":"click","target_tagname":"wizard","target_id":"TorNetworkSettings","detail":1}
INST 3578b3d58f87abe0 2016-04-01T01:15:33.900Z {"type":"progresschanged","target_tagname":"progressmeter","target_id":"progressMeter","value":80}
INST 3578b3d58f87abe0 2016-04-01T01:15:33.900Z {"type":"good","target_tagname":"image","target_id":"progressbar","configurationSettings":"bridge-noproxy","number":2}
INST 3578b3d58f87abe0 2016-04-01T01:15:33.900Z {"type":"progresschanged","target_tagname":"progressmeter","target_id":"progressMeter","value":90}
INST 3578b3d58f87abe0 2016-04-01T01:15:33.900Z {"type":"good","target_tagname":"image","target_id":"progressbar","configurationSettings":"bridge-noproxy","number":3}
INST 3578b3d58f87abe0 2016-04-01T01:15:36.100Z {"type":"progresschanged","target_tagname":"progressmeter","target_id":"progressMeter","value":100}
INST 3578b3d58f87abe0 2016-04-01T01:15:36.100Z {"type":"good","target_tagname":"image","target_id":"progressbar","configurationSettings":"bridge-noproxy","number":4}
INST 3578b3d58f87abe0 2016-04-01T01:15:36.300Z {"type":"unload","target_id":"configuration"}
