INST 5fee8b2b5d939e78 2016-03-30T23:42:36.300Z {"type":"start"}
INST 5fee8b2b5d939e78 2016-03-30T23:42:37.400Z {"type":"select","target_tagname":"menulist","target_id":"proxyType","value":""}
INST 5fee8b2b5d939e78 2016-03-30T23:42:37.400Z {"type":"wizardnext","target_tagname":"wizard","target_id":"TorNetworkSettings"}
INST 5fee8b2b5d939e78 2016-03-30T23:42:37.400Z {"type":"pageshow","target_tagname":"wizardpage","target_id":"first"}
INST 5fee8b2b5d939e78 2016-03-30T23:42:37.500Z {"type":"load","target_id":"configuration"}
INST 5fee8b2b5d939e78 2016-03-30T23:42:37.500Z {"type":"select","target_tagname":"menulist","target_id":"defaultBridgeType","value":"obfs3"}
INST 5fee8b2b5d939e78 2016-03-30T23:42:54.700Z {"type":"click","target_tagname":"button","target_id":"configure_button","detail":1}
INST 5fee8b2b5d939e78 2016-03-30T23:42:54.700Z {"type":"pagehide","target_tagname":"wizardpage","target_id":"first"}
INST 5fee8b2b5d939e78 2016-03-30T23:42:54.700Z {"type":"pageadvanced","target_tagname":"wizardpage","target_id":"first"}
INST 5fee8b2b5d939e78 2016-03-30T23:42:54.700Z {"type":"wizardnext","target_tagname":"wizard","target_id":"TorNetworkSettings"}
INST 5fee8b2b5d939e78 2016-03-30T23:42:54.700Z {"type":"pageshow","target_tagname":"wizardpage","target_id":"proxy"}
INST 5fee8b2b5d939e78 2016-03-30T23:42:54.700Z {"type":"command","target_tagname":"button","target_id":"configure_button"}
INST 5fee8b2b5d939e78 2016-03-30T23:42:57.600Z {"type":"click","target_tagname":"wizard","target_id":"TorNetworkSettings","detail":1}
INST 5fee8b2b5d939e78 2016-03-30T23:42:57.600Z {"type":"pagehide","target_tagname":"wizardpage","target_id":"proxy"}
INST 5fee8b2b5d939e78 2016-03-30T23:42:57.600Z {"type":"pagerewound","target_tagname":"wizardpage","target_id":"proxy"}
INST 5fee8b2b5d939e78 2016-03-30T23:42:57.600Z {"type":"wizardback","target_tagname":"wizard","target_id":"TorNetworkSettings"}
INST 5fee8b2b5d939e78 2016-03-30T23:42:57.600Z {"type":"pageshow","target_tagname":"wizardpage","target_id":"first"}
INST 5fee8b2b5d939e78 2016-03-30T23:42:57.600Z {"type":"command","target_tagname":"wizard","target_id":"TorNetworkSettings"}
INST 5fee8b2b5d939e78 2016-03-30T23:43:00.600Z {"type":"click","target_tagname":"button","target_id":"connect_button","detail":1}
INST 5fee8b2b5d939e78 2016-03-30T23:43:00.600Z {"type":"pagehide","target_tagname":"wizardpage","target_id":"first"}
INST 5fee8b2b5d939e78 2016-03-30T23:43:00.600Z {"type":"pageadvanced","target_tagname":"wizardpage","target_id":"first"}
INST 5fee8b2b5d939e78 2016-03-30T23:43:00.600Z {"type":"wizardnext","target_tagname":"wizard","target_id":"TorNetworkSettings"}
INST 5fee8b2b5d939e78 2016-03-30T23:43:00.600Z {"type":"pageshow","target_tagname":"wizardpage","target_id":"inlineprogress"}
INST 5fee8b2b5d939e78 2016-03-30T23:43:00.600Z {"type":"command","target_tagname":"button","target_id":"connect_button"}
INST 5fee8b2b5d939e78 2016-03-30T23:43:00.900Z {"type":"progresschanged","target_tagname":"progressmeter","target_id":"progressMeter","value":5}
INST 5fee8b2b5d939e78 2016-03-30T23:43:00.900Z {"type":"good","target_tagname":"image","target_id":"progressbar","configurationSettings":"nobridge-noproxy","number":1}
INST 5fee8b2b5d939e78 2016-03-30T23:43:00.900Z {"type":"progresschanged","target_tagname":"progressmeter","target_id":"progressMeter","value":5}
INST 5fee8b2b5d939e78 2016-03-30T23:43:00.900Z {"type":"good","target_tagname":"image","target_id":"progressbar","configurationSettings":"nobridge-noproxy","number":1}
INST 5fee8b2b5d939e78 2016-03-30T23:43:00.900Z {"type":"progresschanged","target_tagname":"progressmeter","target_id":"progressMeter","value":5}
INST 5fee8b2b5d939e78 2016-03-30T23:43:00.900Z {"type":"good","target_tagname":"image","target_id":"progressbar","configurationSettings":"nobridge-noproxy","number":1}
INST 5fee8b2b5d939e78 2016-03-30T23:44:01.900Z {"type":"progresschanged","target_tagname":"progressmeter","target_id":"progressMeter","value":5}
INST 5fee8b2b5d939e78 2016-03-30T23:44:01.900Z {"type":"good","target_tagname":"image","target_id":"progressbar","configurationSettings":"nobridge-noproxy","number":1}
INST 5fee8b2b5d939e78 2016-03-30T23:49:06.900Z {"type":"progresschanged","target_tagname":"progressmeter","target_id":"progressMeter","value":5}
INST 5fee8b2b5d939e78 2016-03-30T23:49:06.900Z {"type":"good","target_tagname":"image","target_id":"progressbar","configurationSettings":"nobridge-noproxy","number":1}
INST 5fee8b2b5d939e78 2016-03-30T23:49:43.800Z {"type":"click","target_tagname":"wizardpage","target_id":"inlineprogress","detail":1}
INST 5fee8b2b5d939e78 2016-03-30T23:49:45.200Z {"type":"click","target_tagname":"wizard","target_id":"TorNetworkSettings","detail":1}
INST 5fee8b2b5d939e78 2016-03-30T23:49:45.200Z {"type":"wizardcancel","target_tagname":"wizard","target_id":"TorNetworkSettings"}
INST 5fee8b2b5d939e78 2016-03-30T23:49:45.200Z {"type":"command","target_tagname":"wizard","target_id":"TorNetworkSettings"}
INST 5fee8b2b5d939e78 2016-03-30T23:49:45.200Z {"type":"unload","target_id":"configuration"}
INST 4d5bea33dcc48424 2016-03-30T23:49:54.000Z {"type":"start"}
INST 4d5bea33dcc48424 2016-03-30T23:49:54.700Z {"type":"select","target_tagname":"menulist","target_id":"proxyType","value":""}
INST 4d5bea33dcc48424 2016-03-30T23:49:54.700Z {"type":"wizardnext","target_tagname":"wizard","target_id":"TorNetworkSettings"}
INST 4d5bea33dcc48424 2016-03-30T23:49:54.700Z {"type":"pageshow","target_tagname":"wizardpage","target_id":"first"}
INST 4d5bea33dcc48424 2016-03-30T23:49:54.700Z {"type":"load","target_id":"configuration"}
INST 4d5bea33dcc48424 2016-03-30T23:49:54.700Z {"type":"select","target_tagname":"menulist","target_id":"defaultBridgeType","value":"obfs3"}
INST 4d5bea33dcc48424 2016-03-30T23:50:00.800Z {"type":"click","target_tagname":"button","target_id":"configure_button","detail":1}
INST 4d5bea33dcc48424 2016-03-30T23:50:00.800Z {"type":"pagehide","target_tagname":"wizardpage","target_id":"first"}
INST 4d5bea33dcc48424 2016-03-30T23:50:00.800Z {"type":"pageadvanced","target_tagname":"wizardpage","target_id":"first"}
INST 4d5bea33dcc48424 2016-03-30T23:50:00.800Z {"type":"wizardnext","target_tagname":"wizard","target_id":"TorNetworkSettings"}
INST 4d5bea33dcc48424 2016-03-30T23:50:00.800Z {"type":"pageshow","target_tagname":"wizardpage","target_id":"proxy"}
INST 4d5bea33dcc48424 2016-03-30T23:50:00.800Z {"type":"command","target_tagname":"button","target_id":"configure_button"}
INST 4d5bea33dcc48424 2016-03-30T23:50:22.400Z {"type":"click","target_tagname":"radio","target_id":"proxyRadioWith","detail":1}
INST 4d5bea33dcc48424 2016-03-30T23:50:22.400Z {"type":"command","target_tagname":"radio","target_id":"proxyRadioWith"}
INST 4d5bea33dcc48424 2016-03-30T23:50:24.700Z {"type":"popupshown","target_tagname":"menupopup","target_id":"proxyType_menuPopup"}
INST 4d5bea33dcc48424 2016-03-30T23:50:24.800Z {"type":"click","target_tagname":"menulist","target_id":"proxyType","value":"","detail":1}
INST 4d5bea33dcc48424 2016-03-30T23:50:27.800Z {"type":"popuphidden","target_tagname":"menupopup","target_id":"proxyType_menuPopup"}
INST 4d5bea33dcc48424 2016-03-30T23:51:19.200Z {"type":"popupshown","target_tagname":"menupopup","target_id":"proxyType_menuPopup"}
INST 4d5bea33dcc48424 2016-03-30T23:51:19.300Z {"type":"click","target_tagname":"menulist","target_id":"proxyType","value":"","detail":1}
INST 4d5bea33dcc48424 2016-03-30T23:51:19.800Z {"type":"mouseover","target_tagname":"menuitem","target_id":"","value":""}
INST 4d5bea33dcc48424 2016-03-30T23:51:20.900Z {"type":"mouseout","target_tagname":"menuitem","target_id":"","value":""}
INST 4d5bea33dcc48424 2016-03-30T23:51:20.900Z {"type":"mouseover","target_tagname":"menuitem","target_id":"","value":"SOCKS4"}
INST 4d5bea33dcc48424 2016-03-30T23:51:21.500Z {"type":"click","target_tagname":"menuitem","target_id":"","value":"SOCKS4","detail":1}
INST 4d5bea33dcc48424 2016-03-30T23:51:21.500Z {"type":"select","target_tagname":"menulist","target_id":"proxyType","value":"SOCKS4"}
INST 4d5bea33dcc48424 2016-03-30T23:51:21.500Z {"type":"command","target_tagname":"menuitem","target_id":"","value":"SOCKS4"}
INST 4d5bea33dcc48424 2016-03-30T23:51:21.500Z {"type":"popuphidden","target_tagname":"menupopup","target_id":"proxyType_menuPopup"}
INST 4d5bea33dcc48424 2016-03-30T23:51:21.500Z {"type":"mouseout","target_tagname":"menuitem","target_id":"","value":"SOCKS4"}
INST 4d5bea33dcc48424 2016-03-30T23:52:34.300Z {"type":"popupshown","target_tagname":"menupopup","target_id":"proxyType_menuPopup"}
INST 4d5bea33dcc48424 2016-03-30T23:52:34.500Z {"type":"click","target_tagname":"menulist","target_id":"proxyType","value":"SOCKS4","detail":1}
INST 4d5bea33dcc48424 2016-03-30T23:52:35.800Z {"type":"popuphidden","target_tagname":"menupopup","target_id":"proxyType_menuPopup"}
INST 4d5bea33dcc48424 2016-03-30T23:52:40.800Z {"type":"popupshown","target_tagname":"menupopup","target_id":"proxyType_menuPopup"}
INST 4d5bea33dcc48424 2016-03-30T23:52:40.900Z {"type":"click","target_tagname":"menulist","target_id":"proxyType","value":"SOCKS4","detail":1}
INST 4d5bea33dcc48424 2016-03-30T23:52:41.200Z {"type":"mouseover","target_tagname":"menuitem","target_id":"","value":""}
INST 4d5bea33dcc48424 2016-03-30T23:52:41.300Z {"type":"mouseout","target_tagname":"menuitem","target_id":"","value":""}
INST 4d5bea33dcc48424 2016-03-30T23:52:41.300Z {"type":"mouseover","target_tagname":"menuitem","target_id":"","value":"SOCKS4"}
INST 4d5bea33dcc48424 2016-03-30T23:52:41.500Z {"type":"mouseout","target_tagname":"menuitem","target_id":"","value":"SOCKS4"}
INST 4d5bea33dcc48424 2016-03-30T23:52:41.500Z {"type":"mouseover","target_tagname":"menuitem","target_id":"","value":"SOCKS5"}
INST 4d5bea33dcc48424 2016-03-30T23:52:41.900Z {"type":"mouseout","target_tagname":"menuitem","target_id":"","value":"SOCKS5"}
INST 4d5bea33dcc48424 2016-03-30T23:52:41.900Z {"type":"mouseover","target_tagname":"menuitem","target_id":"","value":"HTTP"}
INST 4d5bea33dcc48424 2016-03-30T23:52:42.200Z {"type":"click","target_tagname":"menuitem","target_id":"","value":"HTTP","detail":1}
INST 4d5bea33dcc48424 2016-03-30T23:52:42.200Z {"type":"select","target_tagname":"menulist","target_id":"proxyType","value":"HTTP"}
INST 4d5bea33dcc48424 2016-03-30T23:52:42.300Z {"type":"command","target_tagname":"menuitem","target_id":"","value":"HTTP"}
INST 4d5bea33dcc48424 2016-03-30T23:52:42.300Z {"type":"popuphidden","target_tagname":"menupopup","target_id":"proxyType_menuPopup"}
INST 4d5bea33dcc48424 2016-03-30T23:52:42.300Z {"type":"mouseout","target_tagname":"menuitem","target_id":"","value":"HTTP"}
INST 4d5bea33dcc48424 2016-03-30T23:53:53.300Z {"type":"popupshown","target_tagname":"menupopup","target_id":"proxyType_menuPopup"}
INST 4d5bea33dcc48424 2016-03-30T23:53:53.400Z {"type":"click","target_tagname":"menulist","target_id":"proxyType","value":"HTTP","detail":1}
INST 4d5bea33dcc48424 2016-03-30T23:53:54.900Z {"type":"popuphidden","target_tagname":"menupopup","target_id":"proxyType_menuPopup"}
INST 4d5bea33dcc48424 2016-03-30T23:54:59.100Z {"type":"click","target_tagname":"radio","target_id":"proxyRadioWithout","detail":1}
INST 4d5bea33dcc48424 2016-03-30T23:54:59.100Z {"type":"command","target_tagname":"radio","target_id":"proxyRadioWithout"}
INST 4d5bea33dcc48424 2016-03-30T23:55:03.000Z {"type":"click","target_tagname":"wizard","target_id":"TorNetworkSettings","detail":1}
INST 4d5bea33dcc48424 2016-03-30T23:55:03.000Z {"type":"pagehide","target_tagname":"wizardpage","target_id":"proxy"}
INST 4d5bea33dcc48424 2016-03-30T23:55:03.000Z {"type":"pageadvanced","target_tagname":"wizardpage","target_id":"proxy"}
INST 4d5bea33dcc48424 2016-03-30T23:55:03.000Z {"type":"wizardnext","target_tagname":"wizard","target_id":"TorNetworkSettings"}
INST 4d5bea33dcc48424 2016-03-30T23:55:03.000Z {"type":"pageshow","target_tagname":"wizardpage","target_id":"bridges"}
INST 4d5bea33dcc48424 2016-03-30T23:55:03.000Z {"type":"command","target_tagname":"wizard","target_id":"TorNetworkSettings"}
INST 4d5bea33dcc48424 2016-03-30T23:55:09.900Z {"type":"click","target_tagname":"radio","target_id":"bridgeRadioDefault","detail":1}
INST 4d5bea33dcc48424 2016-03-30T23:55:09.900Z {"type":"command","target_tagname":"radio","target_id":"bridgeRadioDefault"}
INST 4d5bea33dcc48424 2016-03-30T23:55:17.100Z {"type":"popupshown","target_tagname":"menupopup","target_id":"defaultBridgeType_menuPopup"}
INST 4d5bea33dcc48424 2016-03-30T23:55:17.200Z {"type":"click","target_tagname":"menulist","target_id":"defaultBridgeType","value":"obfs3","detail":1}
INST 4d5bea33dcc48424 2016-03-30T23:55:20.900Z {"type":"popuphidden","target_tagname":"menupopup","target_id":"defaultBridgeType_menuPopup"}
INST 4d5bea33dcc48424 2016-03-30T23:55:30.500Z {"type":"click","target_tagname":"wizard","target_id":"TorNetworkSettings","detail":1}
INST 4d5bea33dcc48424 2016-03-30T23:55:30.500Z {"type":"pagehide","target_tagname":"wizardpage","target_id":"bridges"}
INST 4d5bea33dcc48424 2016-03-30T23:55:30.500Z {"type":"pageadvanced","target_tagname":"wizardpage","target_id":"bridges"}
INST 4d5bea33dcc48424 2016-03-30T23:55:30.500Z {"type":"wizardnext","target_tagname":"wizard","target_id":"TorNetworkSettings"}
INST 4d5bea33dcc48424 2016-03-30T23:55:30.500Z {"type":"pageshow","target_tagname":"wizardpage","target_id":"summary"}
INST 4d5bea33dcc48424 2016-03-30T23:55:30.500Z {"type":"command","target_tagname":"wizard","target_id":"TorNetworkSettings"}
INST 4d5bea33dcc48424 2016-03-30T23:55:34.700Z {"type":"pagehide","target_tagname":"wizardpage","target_id":"summary"}
INST 4d5bea33dcc48424 2016-03-30T23:55:34.700Z {"type":"pageadvanced","target_tagname":"wizardpage","target_id":"summary"}
INST 4d5bea33dcc48424 2016-03-30T23:55:34.800Z {"type":"wizardnext","target_tagname":"wizard","target_id":"TorNetworkSettings"}
INST 4d5bea33dcc48424 2016-03-30T23:55:34.800Z {"type":"pageshow","target_tagname":"wizardpage","target_id":"inlineprogress"}
INST 4d5bea33dcc48424 2016-03-30T23:55:34.800Z {"type":"click","target_tagname":"wizard","target_id":"TorNetworkSettings","detail":1}
INST 4d5bea33dcc48424 2016-03-30T23:55:41.600Z {"type":"progresschanged","target_tagname":"progressmeter","target_id":"progressMeter","value":5}
INST 4d5bea33dcc48424 2016-03-30T23:55:41.600Z {"type":"good","target_tagname":"image","target_id":"progressbar","configurationSettings":"bridge-noproxy","number":1}
INST 4d5bea33dcc48424 2016-03-30T23:55:41.600Z {"type":"progresschanged","target_tagname":"progressmeter","target_id":"progressMeter","value":10}
INST 4d5bea33dcc48424 2016-03-30T23:55:41.600Z {"type":"good","target_tagname":"image","target_id":"progressbar","configurationSettings":"bridge-noproxy","number":1}
INST 4d5bea33dcc48424 2016-03-30T23:59:32.300Z {"type":"click","target_tagname":"wizard","target_id":"TorNetworkSettings","detail":1}
INST 4d5bea33dcc48424 2016-03-30T23:59:40.100Z {"type":"click","target_tagname":"wizard","target_id":"TorNetworkSettings","detail":1}
INST 4d5bea33dcc48424 2016-03-30T23:59:40.100Z {"type":"extra2","target_tagname":"wizardpage","target_id":"inlineprogress"}
INST 4d5bea33dcc48424 2016-03-30T23:59:40.100Z {"type":"command","target_tagname":"wizard","target_id":"TorNetworkSettings"}
INST 4d5bea33dcc48424 2016-03-30T23:59:40.300Z {"type":"popupshown","target_tagname":"panel","target_id":"copyLogFeedbackPanel"}
INST 4d5bea33dcc48424 2016-03-30T23:59:44.300Z {"type":"popuphidden","target_tagname":"panel","target_id":"copyLogFeedbackPanel"}
INST 4d5bea33dcc48424 2016-03-31T00:01:02.300Z {"type":"wizardcancel","target_tagname":"wizard","target_id":"TorNetworkSettings"}
INST 4d5bea33dcc48424 2016-03-31T00:01:02.300Z {"type":"unload","target_id":"configuration"}
INST 1e92220e6df5674e 2016-03-31T00:01:18.100Z {"type":"start"}
INST 1e92220e6df5674e 2016-03-31T00:01:18.300Z {"type":"select","target_tagname":"menulist","target_id":"proxyType","value":""}
INST 1e92220e6df5674e 2016-03-31T00:01:18.300Z {"type":"wizardnext","target_tagname":"wizard","target_id":"TorNetworkSettings"}
INST 1e92220e6df5674e 2016-03-31T00:01:18.300Z {"type":"pageshow","target_tagname":"wizardpage","target_id":"first"}
INST 1e92220e6df5674e 2016-03-31T00:01:18.900Z {"type":"load","target_id":"configuration"}
INST 1e92220e6df5674e 2016-03-31T00:01:18.900Z {"type":"select","target_tagname":"menulist","target_id":"defaultBridgeType","value":"obfs3"}
INST 1e92220e6df5674e 2016-03-31T00:01:21.500Z {"type":"click","target_tagname":"button","target_id":"connect_button","detail":1}
INST 1e92220e6df5674e 2016-03-31T00:01:21.600Z {"type":"pagehide","target_tagname":"wizardpage","target_id":"first"}
INST 1e92220e6df5674e 2016-03-31T00:01:21.600Z {"type":"pageadvanced","target_tagname":"wizardpage","target_id":"first"}
INST 1e92220e6df5674e 2016-03-31T00:01:21.600Z {"type":"wizardnext","target_tagname":"wizard","target_id":"TorNetworkSettings"}
INST 1e92220e6df5674e 2016-03-31T00:01:21.600Z {"type":"pageshow","target_tagname":"wizardpage","target_id":"inlineprogress"}
INST 1e92220e6df5674e 2016-03-31T00:01:21.600Z {"type":"command","target_tagname":"button","target_id":"connect_button"}
INST 1e92220e6df5674e 2016-03-31T00:01:26.700Z {"type":"click","target_tagname":"image","target_id":"progressbar","detail":1}
INST 1e92220e6df5674e 2016-03-31T00:01:27.400Z {"type":"click","target_tagname":"image","target_id":"progressbar","detail":1}
INST 1e92220e6df5674e 2016-03-31T00:01:27.700Z {"type":"progresschanged","target_tagname":"progressmeter","target_id":"progressMeter","value":5}
INST 1e92220e6df5674e 2016-03-31T00:01:27.700Z {"type":"good","target_tagname":"image","target_id":"progressbar","configurationSettings":"bridge-noproxy","number":1}
INST 1e92220e6df5674e 2016-03-31T00:01:27.700Z {"type":"progresschanged","target_tagname":"progressmeter","target_id":"progressMeter","value":10}
INST 1e92220e6df5674e 2016-03-31T00:01:27.700Z {"type":"good","target_tagname":"image","target_id":"progressbar","configurationSettings":"bridge-noproxy","number":1}
INST 1e92220e6df5674e 2016-03-31T00:01:29.700Z {"type":"click","target_tagname":"wizard","target_id":"TorNetworkSettings","detail":1}
INST 1e92220e6df5674e 2016-03-31T00:01:29.700Z {"type":"wizardcancel","target_tagname":"wizard","target_id":"TorNetworkSettings"}
INST 1e92220e6df5674e 2016-03-31T00:01:29.700Z {"type":"command","target_tagname":"wizard","target_id":"TorNetworkSettings"}
INST 1e92220e6df5674e 2016-03-31T00:01:29.700Z {"type":"unload","target_id":"configuration"}
INST 69472aed1ca676da 2016-03-31T00:01:35.000Z {"type":"start"}
INST 69472aed1ca676da 2016-03-31T00:01:35.700Z {"type":"select","target_tagname":"menulist","target_id":"proxyType","value":""}
INST 69472aed1ca676da 2016-03-31T00:01:35.700Z {"type":"wizardnext","target_tagname":"wizard","target_id":"TorNetworkSettings"}
INST 69472aed1ca676da 2016-03-31T00:01:35.700Z {"type":"pageshow","target_tagname":"wizardpage","target_id":"first"}
INST 69472aed1ca676da 2016-03-31T00:01:35.700Z {"type":"load","target_id":"configuration"}
INST 69472aed1ca676da 2016-03-31T00:01:35.700Z {"type":"select","target_tagname":"menulist","target_id":"defaultBridgeType","value":"obfs3"}
INST 87707df2c98572d6 2016-03-31T00:01:45.600Z {"type":"start"}
INST 87707df2c98572d6 2016-03-31T00:01:46.300Z {"type":"select","target_tagname":"menulist","target_id":"proxyType","value":""}
INST 87707df2c98572d6 2016-03-31T00:01:46.300Z {"type":"wizardnext","target_tagname":"wizard","target_id":"TorNetworkSettings"}
INST 87707df2c98572d6 2016-03-31T00:01:46.300Z {"type":"pageshow","target_tagname":"wizardpage","target_id":"first"}
INST 87707df2c98572d6 2016-03-31T00:01:46.400Z {"type":"load","target_id":"configuration"}
INST 87707df2c98572d6 2016-03-31T00:01:46.400Z {"type":"select","target_tagname":"menulist","target_id":"defaultBridgeType","value":"obfs3"}
INST 87707df2c98572d6 2016-03-31T00:01:54.300Z {"type":"click","target_tagname":"button","target_id":"configure_button","detail":1}
INST 87707df2c98572d6 2016-03-31T00:01:54.300Z {"type":"pagehide","target_tagname":"wizardpage","target_id":"first"}
INST 87707df2c98572d6 2016-03-31T00:01:54.300Z {"type":"pageadvanced","target_tagname":"wizardpage","target_id":"first"}
INST 87707df2c98572d6 2016-03-31T00:01:54.300Z {"type":"wizardnext","target_tagname":"wizard","target_id":"TorNetworkSettings"}
INST 87707df2c98572d6 2016-03-31T00:01:54.300Z {"type":"pageshow","target_tagname":"wizardpage","target_id":"proxy"}
INST 87707df2c98572d6 2016-03-31T00:01:54.300Z {"type":"command","target_tagname":"button","target_id":"configure_button"}
INST 87707df2c98572d6 2016-03-31T00:02:02.200Z {"type":"click","target_tagname":"wizard","target_id":"TorNetworkSettings","detail":1}
INST 87707df2c98572d6 2016-03-31T00:02:02.200Z {"type":"pagehide","target_tagname":"wizardpage","target_id":"proxy"}
INST 87707df2c98572d6 2016-03-31T00:02:02.200Z {"type":"pageadvanced","target_tagname":"wizardpage","target_id":"proxy"}
INST 87707df2c98572d6 2016-03-31T00:02:02.200Z {"type":"wizardnext","target_tagname":"wizard","target_id":"TorNetworkSettings"}
INST 87707df2c98572d6 2016-03-31T00:02:02.200Z {"type":"pageshow","target_tagname":"wizardpage","target_id":"bridges"}
INST 87707df2c98572d6 2016-03-31T00:02:02.200Z {"type":"command","target_tagname":"wizard","target_id":"TorNetworkSettings"}
INST 87707df2c98572d6 2016-03-31T00:02:08.300Z {"type":"popupshown","target_tagname":"menupopup","target_id":"defaultBridgeType_menuPopup"}
INST 87707df2c98572d6 2016-03-31T00:02:08.400Z {"type":"click","target_tagname":"menulist","target_id":"defaultBridgeType","value":"obfs3","detail":1}
INST 87707df2c98572d6 2016-03-31T00:02:09.700Z {"type":"mouseover","target_tagname":"menuitem","target_id":"","value":"flashproxy"}
INST 87707df2c98572d6 2016-03-31T00:02:10.900Z {"type":"mouseout","target_tagname":"menuitem","target_id":"","value":"flashproxy"}
INST 87707df2c98572d6 2016-03-31T00:02:10.900Z {"type":"mouseover","target_tagname":"menuitem","target_id":"","value":"fte"}
INST 87707df2c98572d6 2016-03-31T00:02:11.100Z {"type":"mouseout","target_tagname":"menuitem","target_id":"","value":"fte"}
INST 87707df2c98572d6 2016-03-31T00:02:11.100Z {"type":"mouseover","target_tagname":"menuitem","target_id":"","value":"fte-ipv6"}
INST 87707df2c98572d6 2016-03-31T00:02:11.500Z {"type":"mouseout","target_tagname":"menuitem","target_id":"","value":"fte-ipv6"}
INST 87707df2c98572d6 2016-03-31T00:02:11.500Z {"type":"mouseover","target_tagname":"menuitem","target_id":"","value":"meek-amazon"}
INST 87707df2c98572d6 2016-03-31T00:02:13.500Z {"type":"mouseout","target_tagname":"menuitem","target_id":"","value":"meek-amazon"}
INST 87707df2c98572d6 2016-03-31T00:02:13.500Z {"type":"mouseover","target_tagname":"menuitem","target_id":"","value":"meek-azure"}
INST 87707df2c98572d6 2016-03-31T00:02:14.200Z {"type":"click","target_tagname":"menuitem","target_id":"","value":"meek-azure","detail":1}
INST 87707df2c98572d6 2016-03-31T00:02:14.200Z {"type":"select","target_tagname":"menulist","target_id":"defaultBridgeType","value":"meek-azure"}
INST 87707df2c98572d6 2016-03-31T00:02:14.200Z {"type":"command","target_tagname":"menuitem","target_id":"","value":"meek-azure"}
INST 87707df2c98572d6 2016-03-31T00:02:14.200Z {"type":"popuphidden","target_tagname":"menupopup","target_id":"defaultBridgeType_menuPopup"}
INST 87707df2c98572d6 2016-03-31T00:02:14.200Z {"type":"mouseout","target_tagname":"menuitem","target_id":"","value":"meek-azure"}
INST 87707df2c98572d6 2016-03-31T00:02:20.000Z {"type":"popupshown","target_tagname":"menupopup","target_id":"defaultBridgeType_menuPopup"}
INST 87707df2c98572d6 2016-03-31T00:02:20.100Z {"type":"click","target_tagname":"menulist","target_id":"defaultBridgeType","value":"meek-azure","detail":1}
INST 87707df2c98572d6 2016-03-31T00:02:20.500Z {"type":"mouseover","target_tagname":"menuitem","target_id":"","value":"flashproxy"}
INST 87707df2c98572d6 2016-03-31T00:02:20.600Z {"type":"mouseout","target_tagname":"menuitem","target_id":"","value":"flashproxy"}
INST 87707df2c98572d6 2016-03-31T00:02:20.600Z {"type":"mouseover","target_tagname":"menuitem","target_id":"","value":"fte"}
INST 87707df2c98572d6 2016-03-31T00:02:20.700Z {"type":"mouseout","target_tagname":"menuitem","target_id":"","value":"fte"}
INST 87707df2c98572d6 2016-03-31T00:02:20.700Z {"type":"mouseover","target_tagname":"menuitem","target_id":"","value":"fte-ipv6"}
INST 87707df2c98572d6 2016-03-31T00:02:20.700Z {"type":"mouseout","target_tagname":"menuitem","target_id":"","value":"fte-ipv6"}
INST 87707df2c98572d6 2016-03-31T00:02:20.700Z {"type":"mouseover","target_tagname":"menuitem","target_id":"","value":"meek-amazon"}
INST 87707df2c98572d6 2016-03-31T00:02:21.400Z {"type":"click","target_tagname":"menuitem","target_id":"","value":"meek-amazon","detail":1}
INST 87707df2c98572d6 2016-03-31T00:02:21.400Z {"type":"select","target_tagname":"menulist","target_id":"defaultBridgeType","value":"meek-amazon"}
INST 87707df2c98572d6 2016-03-31T00:02:21.400Z {"type":"command","target_tagname":"menuitem","target_id":"","value":"meek-amazon"}
INST 87707df2c98572d6 2016-03-31T00:02:21.400Z {"type":"popuphidden","target_tagname":"menupopup","target_id":"defaultBridgeType_menuPopup"}
INST 87707df2c98572d6 2016-03-31T00:02:21.500Z {"type":"mouseout","target_tagname":"menuitem","target_id":"","value":"meek-amazon"}
INST 87707df2c98572d6 2016-03-31T00:02:24.500Z {"type":"click","target_tagname":"wizard","target_id":"TorNetworkSettings","detail":1}
INST 87707df2c98572d6 2016-03-31T00:02:24.500Z {"type":"pagehide","target_tagname":"wizardpage","target_id":"bridges"}
INST 87707df2c98572d6 2016-03-31T00:02:24.500Z {"type":"pageadvanced","target_tagname":"wizardpage","target_id":"bridges"}
INST 87707df2c98572d6 2016-03-31T00:02:24.500Z {"type":"wizardnext","target_tagname":"wizard","target_id":"TorNetworkSettings"}
INST 87707df2c98572d6 2016-03-31T00:02:24.500Z {"type":"pageshow","target_tagname":"wizardpage","target_id":"summary"}
INST 87707df2c98572d6 2016-03-31T00:02:24.500Z {"type":"command","target_tagname":"wizard","target_id":"TorNetworkSettings"}
INST 87707df2c98572d6 2016-03-31T00:02:29.200Z {"type":"pagehide","target_tagname":"wizardpage","target_id":"summary"}
INST 87707df2c98572d6 2016-03-31T00:02:29.200Z {"type":"pageadvanced","target_tagname":"wizardpage","target_id":"summary"}
INST 87707df2c98572d6 2016-03-31T00:02:29.300Z {"type":"wizardnext","target_tagname":"wizard","target_id":"TorNetworkSettings"}
INST 87707df2c98572d6 2016-03-31T00:02:29.300Z {"type":"pageshow","target_tagname":"wizardpage","target_id":"inlineprogress"}
INST 87707df2c98572d6 2016-03-31T00:02:29.300Z {"type":"click","target_tagname":"wizard","target_id":"TorNetworkSettings","detail":1}
INST 87707df2c98572d6 2016-03-31T00:02:33.100Z {"type":"progresschanged","target_tagname":"progressmeter","target_id":"progressMeter","value":5}
INST 87707df2c98572d6 2016-03-31T00:02:33.100Z {"type":"good","target_tagname":"image","target_id":"progressbar","configurationSettings":"bridge-noproxy","number":1}
INST 87707df2c98572d6 2016-03-31T00:02:33.100Z {"type":"progresschanged","target_tagname":"progressmeter","target_id":"progressMeter","value":10}
INST 87707df2c98572d6 2016-03-31T00:02:33.100Z {"type":"good","target_tagname":"image","target_id":"progressbar","configurationSettings":"bridge-noproxy","number":1}
INST 87707df2c98572d6 2016-03-31T00:02:34.300Z {"type":"progresschanged","target_tagname":"progressmeter","target_id":"progressMeter","value":15}
INST 87707df2c98572d6 2016-03-31T00:02:34.300Z {"type":"good","target_tagname":"image","target_id":"progressbar","configurationSettings":"bridge-noproxy","number":1}
INST 87707df2c98572d6 2016-03-31T00:02:34.600Z {"type":"progresschanged","target_tagname":"progressmeter","target_id":"progressMeter","value":20}
INST 87707df2c98572d6 2016-03-31T00:02:34.600Z {"type":"good","target_tagname":"image","target_id":"progressbar","configurationSettings":"bridge-noproxy","number":1}
INST 87707df2c98572d6 2016-03-31T00:02:35.400Z {"type":"progresschanged","target_tagname":"progressmeter","target_id":"progressMeter","value":25}
INST 87707df2c98572d6 2016-03-31T00:02:35.400Z {"type":"good","target_tagname":"image","target_id":"progressbar","configurationSettings":"bridge-noproxy","number":2}
INST 87707df2c98572d6 2016-03-31T00:02:42.200Z {"type":"progresschanged","target_tagname":"progressmeter","target_id":"progressMeter","value":40}
INST 87707df2c98572d6 2016-03-31T00:02:42.200Z {"type":"good","target_tagname":"image","target_id":"progressbar","configurationSettings":"bridge-noproxy","number":2}
INST 87707df2c98572d6 2016-03-31T00:02:43.000Z {"type":"progresschanged","target_tagname":"progressmeter","target_id":"progressMeter","value":45}
INST 87707df2c98572d6 2016-03-31T00:02:43.000Z {"type":"good","target_tagname":"image","target_id":"progressbar","configurationSettings":"bridge-noproxy","number":2}
INST 87707df2c98572d6 2016-03-31T00:02:43.200Z {"type":"progresschanged","target_tagname":"progressmeter","target_id":"progressMeter","value":50}
INST 87707df2c98572d6 2016-03-31T00:02:43.200Z {"type":"good","target_tagname":"image","target_id":"progressbar","configurationSettings":"bridge-noproxy","number":2}
INST 87707df2c98572d6 2016-03-31T00:02:55.500Z {"type":"progresschanged","target_tagname":"progressmeter","target_id":"progressMeter","value":51}
INST 87707df2c98572d6 2016-03-31T00:02:55.500Z {"type":"good","target_tagname":"image","target_id":"progressbar","configurationSettings":"bridge-noproxy","number":2}
INST 87707df2c98572d6 2016-03-31T00:02:58.500Z {"type":"progresschanged","target_tagname":"progressmeter","target_id":"progressMeter","value":52}
INST 87707df2c98572d6 2016-03-31T00:02:58.500Z {"type":"good","target_tagname":"image","target_id":"progressbar","configurationSettings":"bridge-noproxy","number":2}
INST 87707df2c98572d6 2016-03-31T00:02:58.500Z {"type":"progresschanged","target_tagname":"progressmeter","target_id":"progressMeter","value":53}
INST 87707df2c98572d6 2016-03-31T00:02:58.500Z {"type":"good","target_tagname":"image","target_id":"progressbar","configurationSettings":"bridge-noproxy","number":2}
INST 87707df2c98572d6 2016-03-31T00:02:58.500Z {"type":"progresschanged","target_tagname":"progressmeter","target_id":"progressMeter","value":56}
INST 87707df2c98572d6 2016-03-31T00:02:58.500Z {"type":"good","target_tagname":"image","target_id":"progressbar","configurationSettings":"bridge-noproxy","number":2}
INST 87707df2c98572d6 2016-03-31T00:02:58.500Z {"type":"progresschanged","target_tagname":"progressmeter","target_id":"progressMeter","value":59}
INST 87707df2c98572d6 2016-03-31T00:02:58.500Z {"type":"good","target_tagname":"image","target_id":"progressbar","configurationSettings":"bridge-noproxy","number":2}
INST 87707df2c98572d6 2016-03-31T00:02:58.500Z {"type":"progresschanged","target_tagname":"progressmeter","target_id":"progressMeter","value":62}
INST 87707df2c98572d6 2016-03-31T00:02:58.500Z {"type":"good","target_tagname":"image","target_id":"progressbar","configurationSettings":"bridge-noproxy","number":2}
INST 87707df2c98572d6 2016-03-31T00:02:58.500Z {"type":"progresschanged","target_tagname":"progressmeter","target_id":"progressMeter","value":67}
INST 87707df2c98572d6 2016-03-31T00:02:58.500Z {"type":"good","target_tagname":"image","target_id":"progressbar","configurationSettings":"bridge-noproxy","number":2}
INST 87707df2c98572d6 2016-03-31T00:02:58.500Z {"type":"progresschanged","target_tagname":"progressmeter","target_id":"progressMeter","value":72}
INST 87707df2c98572d6 2016-03-31T00:02:58.500Z {"type":"good","target_tagname":"image","target_id":"progressbar","configurationSettings":"bridge-noproxy","number":2}
INST 87707df2c98572d6 2016-03-31T00:02:59.100Z {"type":"progresschanged","target_tagname":"progressmeter","target_id":"progressMeter","value":80}
INST 87707df2c98572d6 2016-03-31T00:02:59.100Z {"type":"good","target_tagname":"image","target_id":"progressbar","configurationSettings":"bridge-noproxy","number":2}
INST 87707df2c98572d6 2016-03-31T00:02:59.100Z {"type":"progresschanged","target_tagname":"progressmeter","target_id":"progressMeter","value":90}
INST 87707df2c98572d6 2016-03-31T00:02:59.100Z {"type":"good","target_tagname":"image","target_id":"progressbar","configurationSettings":"bridge-noproxy","number":3}
INST 87707df2c98572d6 2016-03-31T00:03:00.600Z {"type":"progresschanged","target_tagname":"progressmeter","target_id":"progressMeter","value":100}
INST 87707df2c98572d6 2016-03-31T00:03:00.600Z {"type":"good","target_tagname":"image","target_id":"progressbar","configurationSettings":"bridge-noproxy","number":4}
INST 87707df2c98572d6 2016-03-31T00:03:00.900Z {"type":"unload","target_id":"configuration"}
