INST dc33bffe48edd8e2 2016-03-28T21:19:04.200Z {"type":"start"}
INST dc33bffe48edd8e2 2016-03-28T21:19:05.600Z {"type":"select","target_tagname":"menulist","target_id":"proxyType","value":""}
INST dc33bffe48edd8e2 2016-03-28T21:19:05.600Z {"type":"wizardnext","target_tagname":"wizard","target_id":"TorNetworkSettings"}
INST dc33bffe48edd8e2 2016-03-28T21:19:05.600Z {"type":"pageshow","target_tagname":"wizardpage","target_id":"first"}
INST dc33bffe48edd8e2 2016-03-28T21:19:05.700Z {"type":"load","target_id":"configuration"}
INST dc33bffe48edd8e2 2016-03-28T21:19:05.700Z {"type":"select","target_tagname":"menulist","target_id":"defaultBridgeType","value":"obfs3"}
INST dc33bffe48edd8e2 2016-03-28T21:19:13.000Z {"type":"click","target_tagname":"button","target_id":"connect_button","detail":1}
INST dc33bffe48edd8e2 2016-03-28T21:19:13.000Z {"type":"pagehide","target_tagname":"wizardpage","target_id":"first"}
INST dc33bffe48edd8e2 2016-03-28T21:19:13.000Z {"type":"pageadvanced","target_tagname":"wizardpage","target_id":"first"}
INST dc33bffe48edd8e2 2016-03-28T21:19:13.000Z {"type":"wizardnext","target_tagname":"wizard","target_id":"TorNetworkSettings"}
INST dc33bffe48edd8e2 2016-03-28T21:19:13.000Z {"type":"pageshow","target_tagname":"wizardpage","target_id":"inlineprogress"}
INST dc33bffe48edd8e2 2016-03-28T21:19:13.000Z {"type":"command","target_tagname":"button","target_id":"connect_button"}
INST dc33bffe48edd8e2 2016-03-28T21:19:13.100Z {"type":"progresschanged","target_tagname":"progressmeter","target_id":"progressMeter","value":5}
INST dc33bffe48edd8e2 2016-03-28T21:19:13.100Z {"type":"good","target_tagname":"image","target_id":"progressbar","configurationSettings":"nobridge-noproxy","number":1}
INST dc33bffe48edd8e2 2016-03-28T21:19:13.100Z {"type":"progresschanged","target_tagname":"progressmeter","target_id":"progressMeter","value":5}
INST dc33bffe48edd8e2 2016-03-28T21:19:13.100Z {"type":"good","target_tagname":"image","target_id":"progressbar","configurationSettings":"nobridge-noproxy","number":1}
INST dc33bffe48edd8e2 2016-03-28T21:19:13.100Z {"type":"progresschanged","target_tagname":"progressmeter","target_id":"progressMeter","value":5}
INST dc33bffe48edd8e2 2016-03-28T21:19:13.100Z {"type":"good","target_tagname":"image","target_id":"progressbar","configurationSettings":"nobridge-noproxy","number":1}
INST dc33bffe48edd8e2 2016-03-28T21:20:14.100Z {"type":"progresschanged","target_tagname":"progressmeter","target_id":"progressMeter","value":5}
INST dc33bffe48edd8e2 2016-03-28T21:20:14.100Z {"type":"good","target_tagname":"image","target_id":"progressbar","configurationSettings":"nobridge-noproxy","number":1}
INST dc33bffe48edd8e2 2016-03-28T21:20:18.200Z {"type":"click","target_tagname":"image","target_id":"progressbar","detail":1}
INST dc33bffe48edd8e2 2016-03-28T21:20:58.600Z {"type":"click","target_tagname":"wizard","target_id":"TorNetworkSettings","detail":1}
INST dc33bffe48edd8e2 2016-03-28T21:20:58.600Z {"type":"wizardcancel","target_tagname":"wizard","target_id":"TorNetworkSettings"}
INST dc33bffe48edd8e2 2016-03-28T21:20:58.600Z {"type":"command","target_tagname":"wizard","target_id":"TorNetworkSettings"}
INST dc33bffe48edd8e2 2016-03-28T21:20:58.600Z {"type":"unload","target_id":"configuration"}
INST d752699287d71e3d 2016-03-28T21:21:03.500Z {"type":"start"}
INST d752699287d71e3d 2016-03-28T21:21:04.300Z {"type":"select","target_tagname":"menulist","target_id":"proxyType","value":""}
INST d752699287d71e3d 2016-03-28T21:21:04.300Z {"type":"wizardnext","target_tagname":"wizard","target_id":"TorNetworkSettings"}
INST d752699287d71e3d 2016-03-28T21:21:04.300Z {"type":"pageshow","target_tagname":"wizardpage","target_id":"first"}
INST d752699287d71e3d 2016-03-28T21:21:04.300Z {"type":"load","target_id":"configuration"}
INST d752699287d71e3d 2016-03-28T21:21:04.300Z {"type":"select","target_tagname":"menulist","target_id":"defaultBridgeType","value":"obfs3"}
INST d752699287d71e3d 2016-03-28T21:21:05.600Z {"type":"click","target_tagname":"button","target_id":"configure_button","detail":1}
INST d752699287d71e3d 2016-03-28T21:21:05.600Z {"type":"pagehide","target_tagname":"wizardpage","target_id":"first"}
INST d752699287d71e3d 2016-03-28T21:21:05.600Z {"type":"pageadvanced","target_tagname":"wizardpage","target_id":"first"}
INST d752699287d71e3d 2016-03-28T21:21:05.600Z {"type":"wizardnext","target_tagname":"wizard","target_id":"TorNetworkSettings"}
INST d752699287d71e3d 2016-03-28T21:21:05.600Z {"type":"pageshow","target_tagname":"wizardpage","target_id":"proxy"}
INST d752699287d71e3d 2016-03-28T21:21:05.600Z {"type":"command","target_tagname":"button","target_id":"configure_button"}
INST d752699287d71e3d 2016-03-28T21:21:09.900Z {"type":"click","target_tagname":"wizard","target_id":"TorNetworkSettings","detail":1}
INST d752699287d71e3d 2016-03-28T21:21:09.900Z {"type":"pagehide","target_tagname":"wizardpage","target_id":"proxy"}
INST d752699287d71e3d 2016-03-28T21:21:09.900Z {"type":"pageadvanced","target_tagname":"wizardpage","target_id":"proxy"}
INST d752699287d71e3d 2016-03-28T21:21:09.900Z {"type":"wizardnext","target_tagname":"wizard","target_id":"TorNetworkSettings"}
INST d752699287d71e3d 2016-03-28T21:21:09.900Z {"type":"pageshow","target_tagname":"wizardpage","target_id":"bridges"}
INST d752699287d71e3d 2016-03-28T21:21:09.900Z {"type":"command","target_tagname":"wizard","target_id":"TorNetworkSettings"}
INST d752699287d71e3d 2016-03-28T21:21:15.500Z {"type":"click","target_tagname":"radio","target_id":"bridgeRadioDefault","detail":1}
INST d752699287d71e3d 2016-03-28T21:21:15.500Z {"type":"command","target_tagname":"radio","target_id":"bridgeRadioDefault"}
INST d752699287d71e3d 2016-03-28T21:21:17.900Z {"type":"click","target_tagname":"wizard","target_id":"TorNetworkSettings","detail":1}
INST d752699287d71e3d 2016-03-28T21:21:17.900Z {"type":"pagehide","target_tagname":"wizardpage","target_id":"bridges"}
INST d752699287d71e3d 2016-03-28T21:21:17.900Z {"type":"pageadvanced","target_tagname":"wizardpage","target_id":"bridges"}
INST d752699287d71e3d 2016-03-28T21:21:17.900Z {"type":"wizardnext","target_tagname":"wizard","target_id":"TorNetworkSettings"}
INST d752699287d71e3d 2016-03-28T21:21:17.900Z {"type":"pageshow","target_tagname":"wizardpage","target_id":"summary"}
INST d752699287d71e3d 2016-03-28T21:21:17.900Z {"type":"command","target_tagname":"wizard","target_id":"TorNetworkSettings"}
INST d752699287d71e3d 2016-03-28T21:21:20.300Z {"type":"pagehide","target_tagname":"wizardpage","target_id":"summary"}
INST d752699287d71e3d 2016-03-28T21:21:20.300Z {"type":"pageadvanced","target_tagname":"wizardpage","target_id":"summary"}
INST d752699287d71e3d 2016-03-28T21:21:20.400Z {"type":"wizardnext","target_tagname":"wizard","target_id":"TorNetworkSettings"}
INST d752699287d71e3d 2016-03-28T21:21:20.400Z {"type":"pageshow","target_tagname":"wizardpage","target_id":"inlineprogress"}
INST d752699287d71e3d 2016-03-28T21:21:20.400Z {"type":"click","target_tagname":"wizard","target_id":"TorNetworkSettings","detail":1}
INST d752699287d71e3d 2016-03-28T21:21:27.300Z {"type":"progresschanged","target_tagname":"progressmeter","target_id":"progressMeter","value":5}
INST d752699287d71e3d 2016-03-28T21:21:27.300Z {"type":"good","target_tagname":"image","target_id":"progressbar","configurationSettings":"bridge-noproxy","number":1}
INST d752699287d71e3d 2016-03-28T21:21:27.300Z {"type":"progresschanged","target_tagname":"progressmeter","target_id":"progressMeter","value":10}
INST d752699287d71e3d 2016-03-28T21:21:27.300Z {"type":"good","target_tagname":"image","target_id":"progressbar","configurationSettings":"bridge-noproxy","number":1}
INST d752699287d71e3d 2016-03-28T21:21:37.100Z {"type":"click","target_tagname":"wizard","target_id":"TorNetworkSettings","detail":1}
INST d752699287d71e3d 2016-03-28T21:21:37.100Z {"type":"extra2","target_tagname":"wizardpage","target_id":"inlineprogress"}
INST d752699287d71e3d 2016-03-28T21:21:37.100Z {"type":"command","target_tagname":"wizard","target_id":"TorNetworkSettings"}
INST d752699287d71e3d 2016-03-28T21:21:37.300Z {"type":"popupshown","target_tagname":"panel","target_id":"copyLogFeedbackPanel"}
INST d752699287d71e3d 2016-03-28T21:21:41.300Z {"type":"popuphidden","target_tagname":"panel","target_id":"copyLogFeedbackPanel"}
INST d752699287d71e3d 2016-03-28T21:22:49.500Z {"type":"click","target_tagname":"wizard","target_id":"TorNetworkSettings","detail":1}
INST d752699287d71e3d 2016-03-28T21:22:49.500Z {"type":"wizardcancel","target_tagname":"wizard","target_id":"TorNetworkSettings"}
INST d752699287d71e3d 2016-03-28T21:22:49.500Z {"type":"command","target_tagname":"wizard","target_id":"TorNetworkSettings"}
INST d752699287d71e3d 2016-03-28T21:22:49.500Z {"type":"unload","target_id":"configuration"}
INST 57e22a05eca24a93 2016-03-28T21:22:55.700Z {"type":"start"}
INST 57e22a05eca24a93 2016-03-28T21:22:56.400Z {"type":"select","target_tagname":"menulist","target_id":"proxyType","value":""}
INST 57e22a05eca24a93 2016-03-28T21:22:56.400Z {"type":"wizardnext","target_tagname":"wizard","target_id":"TorNetworkSettings"}
INST 57e22a05eca24a93 2016-03-28T21:22:56.400Z {"type":"pageshow","target_tagname":"wizardpage","target_id":"first"}
INST 57e22a05eca24a93 2016-03-28T21:22:56.500Z {"type":"load","target_id":"configuration"}
INST 57e22a05eca24a93 2016-03-28T21:22:56.500Z {"type":"select","target_tagname":"menulist","target_id":"defaultBridgeType","value":"obfs3"}
INST 57e22a05eca24a93 2016-03-28T21:23:00.400Z {"type":"click","target_tagname":"button","target_id":"configure_button","detail":1}
INST 57e22a05eca24a93 2016-03-28T21:23:00.400Z {"type":"pagehide","target_tagname":"wizardpage","target_id":"first"}
INST 57e22a05eca24a93 2016-03-28T21:23:00.400Z {"type":"pageadvanced","target_tagname":"wizardpage","target_id":"first"}
INST 57e22a05eca24a93 2016-03-28T21:23:00.400Z {"type":"wizardnext","target_tagname":"wizard","target_id":"TorNetworkSettings"}
INST 57e22a05eca24a93 2016-03-28T21:23:00.400Z {"type":"pageshow","target_tagname":"wizardpage","target_id":"proxy"}
INST 57e22a05eca24a93 2016-03-28T21:23:00.400Z {"type":"command","target_tagname":"button","target_id":"configure_button"}
INST 57e22a05eca24a93 2016-03-28T21:23:01.700Z {"type":"click","target_tagname":"radio","target_id":"proxyRadioWith","detail":1}
INST 57e22a05eca24a93 2016-03-28T21:23:01.700Z {"type":"command","target_tagname":"radio","target_id":"proxyRadioWith"}
INST 57e22a05eca24a93 2016-03-28T21:23:02.800Z {"type":"popupshown","target_tagname":"menupopup","target_id":"proxyType_menuPopup"}
INST 57e22a05eca24a93 2016-03-28T21:23:02.900Z {"type":"click","target_tagname":"menulist","target_id":"proxyType","value":"","detail":1}
INST 57e22a05eca24a93 2016-03-28T21:23:03.800Z {"type":"mouseover","target_tagname":"menuitem","target_id":"","value":""}
INST 57e22a05eca24a93 2016-03-28T21:23:04.300Z {"type":"mouseout","target_tagname":"menuitem","target_id":"","value":""}
INST 57e22a05eca24a93 2016-03-28T21:23:04.300Z {"type":"mouseover","target_tagname":"menuitem","target_id":"","value":"SOCKS4"}
INST 57e22a05eca24a93 2016-03-28T21:23:04.700Z {"type":"click","target_tagname":"menuitem","target_id":"","value":"SOCKS4","detail":1}
INST 57e22a05eca24a93 2016-03-28T21:23:04.700Z {"type":"select","target_tagname":"menulist","target_id":"proxyType","value":"SOCKS4"}
INST 57e22a05eca24a93 2016-03-28T21:23:04.700Z {"type":"command","target_tagname":"menuitem","target_id":"","value":"SOCKS4"}
INST 57e22a05eca24a93 2016-03-28T21:23:04.700Z {"type":"popuphidden","target_tagname":"menupopup","target_id":"proxyType_menuPopup"}
INST 57e22a05eca24a93 2016-03-28T21:23:04.700Z {"type":"mouseout","target_tagname":"menuitem","target_id":"","value":"SOCKS4"}
INST 57e22a05eca24a93 2016-03-28T21:23:06.300Z {"type":"popupshown","target_tagname":"menupopup","target_id":"proxyType_menuPopup"}
INST 57e22a05eca24a93 2016-03-28T21:23:06.400Z {"type":"click","target_tagname":"menulist","target_id":"proxyType","value":"SOCKS4","detail":1}
INST 57e22a05eca24a93 2016-03-28T21:23:06.600Z {"type":"mouseover","target_tagname":"menuitem","target_id":"","value":""}
INST 57e22a05eca24a93 2016-03-28T21:23:06.600Z {"type":"mouseout","target_tagname":"menuitem","target_id":"","value":""}
INST 57e22a05eca24a93 2016-03-28T21:23:06.600Z {"type":"mouseover","target_tagname":"menuitem","target_id":"","value":"SOCKS4"}
INST 57e22a05eca24a93 2016-03-28T21:23:06.700Z {"type":"mouseout","target_tagname":"menuitem","target_id":"","value":"SOCKS4"}
INST 57e22a05eca24a93 2016-03-28T21:23:06.700Z {"type":"mouseover","target_tagname":"menuitem","target_id":"","value":"SOCKS5"}
INST 57e22a05eca24a93 2016-03-28T21:23:07.000Z {"type":"mouseout","target_tagname":"menuitem","target_id":"","value":"SOCKS5"}
INST 57e22a05eca24a93 2016-03-28T21:23:07.000Z {"type":"mouseover","target_tagname":"menuitem","target_id":"","value":"HTTP"}
INST 57e22a05eca24a93 2016-03-28T21:23:07.400Z {"type":"click","target_tagname":"menuitem","target_id":"","value":"HTTP","detail":1}
INST 57e22a05eca24a93 2016-03-28T21:23:07.400Z {"type":"select","target_tagname":"menulist","target_id":"proxyType","value":"HTTP"}
INST 57e22a05eca24a93 2016-03-28T21:23:07.400Z {"type":"command","target_tagname":"menuitem","target_id":"","value":"HTTP"}
INST 57e22a05eca24a93 2016-03-28T21:23:07.400Z {"type":"popuphidden","target_tagname":"menupopup","target_id":"proxyType_menuPopup"}
INST 57e22a05eca24a93 2016-03-28T21:23:07.400Z {"type":"mouseout","target_tagname":"menuitem","target_id":"","value":"HTTP"}
INST 57e22a05eca24a93 2016-03-28T21:23:09.700Z {"type":"click","target_tagname":"radio","target_id":"proxyRadioWithout","detail":1}
INST 57e22a05eca24a93 2016-03-28T21:23:09.700Z {"type":"command","target_tagname":"radio","target_id":"proxyRadioWithout"}
INST 57e22a05eca24a93 2016-03-28T21:23:11.400Z {"type":"click","target_tagname":"wizard","target_id":"TorNetworkSettings","detail":1}
INST 57e22a05eca24a93 2016-03-28T21:23:11.400Z {"type":"pagehide","target_tagname":"wizardpage","target_id":"proxy"}
INST 57e22a05eca24a93 2016-03-28T21:23:11.400Z {"type":"pagerewound","target_tagname":"wizardpage","target_id":"proxy"}
INST 57e22a05eca24a93 2016-03-28T21:23:11.400Z {"type":"wizardback","target_tagname":"wizard","target_id":"TorNetworkSettings"}
INST 57e22a05eca24a93 2016-03-28T21:23:11.400Z {"type":"pageshow","target_tagname":"wizardpage","target_id":"first"}
INST 57e22a05eca24a93 2016-03-28T21:23:11.400Z {"type":"command","target_tagname":"wizard","target_id":"TorNetworkSettings"}
INST 57e22a05eca24a93 2016-03-28T21:23:12.500Z {"type":"click","target_tagname":"button","target_id":"connect_button","detail":1}
INST 57e22a05eca24a93 2016-03-28T21:23:12.500Z {"type":"pagehide","target_tagname":"wizardpage","target_id":"first"}
INST 57e22a05eca24a93 2016-03-28T21:23:12.500Z {"type":"pageadvanced","target_tagname":"wizardpage","target_id":"first"}
INST 57e22a05eca24a93 2016-03-28T21:23:12.500Z {"type":"wizardnext","target_tagname":"wizard","target_id":"TorNetworkSettings"}
INST 57e22a05eca24a93 2016-03-28T21:23:12.500Z {"type":"pageshow","target_tagname":"wizardpage","target_id":"inlineprogress"}
INST 57e22a05eca24a93 2016-03-28T21:23:12.500Z {"type":"command","target_tagname":"button","target_id":"connect_button"}
INST 57e22a05eca24a93 2016-03-28T21:23:19.400Z {"type":"progresschanged","target_tagname":"progressmeter","target_id":"progressMeter","value":5}
INST 57e22a05eca24a93 2016-03-28T21:23:19.400Z {"type":"good","target_tagname":"image","target_id":"progressbar","configurationSettings":"bridge-noproxy","number":1}
INST 57e22a05eca24a93 2016-03-28T21:23:19.400Z {"type":"progresschanged","target_tagname":"progressmeter","target_id":"progressMeter","value":10}
INST 57e22a05eca24a93 2016-03-28T21:23:19.400Z {"type":"good","target_tagname":"image","target_id":"progressbar","configurationSettings":"bridge-noproxy","number":1}
INST 57e22a05eca24a93 2016-03-28T21:24:15.300Z {"type":"click","target_tagname":"wizard","target_id":"TorNetworkSettings","detail":1}
INST 57e22a05eca24a93 2016-03-28T21:24:15.300Z {"type":"wizardcancel","target_tagname":"wizard","target_id":"TorNetworkSettings"}
INST 57e22a05eca24a93 2016-03-28T21:24:15.300Z {"type":"command","target_tagname":"wizard","target_id":"TorNetworkSettings"}
INST 57e22a05eca24a93 2016-03-28T21:24:15.300Z {"type":"unload","target_id":"configuration"}
INST acbf337662570d60 2016-03-28T21:24:17.200Z {"type":"start"}
INST acbf337662570d60 2016-03-28T21:24:17.900Z {"type":"select","target_tagname":"menulist","target_id":"proxyType","value":""}
INST acbf337662570d60 2016-03-28T21:24:17.900Z {"type":"wizardnext","target_tagname":"wizard","target_id":"TorNetworkSettings"}
INST acbf337662570d60 2016-03-28T21:24:17.900Z {"type":"pageshow","target_tagname":"wizardpage","target_id":"first"}
INST acbf337662570d60 2016-03-28T21:24:17.900Z {"type":"load","target_id":"configuration"}
INST acbf337662570d60 2016-03-28T21:24:17.900Z {"type":"select","target_tagname":"menulist","target_id":"defaultBridgeType","value":"obfs3"}
INST acbf337662570d60 2016-03-28T21:24:19.800Z {"type":"click","target_tagname":"button","target_id":"configure_button","detail":1}
INST acbf337662570d60 2016-03-28T21:24:19.800Z {"type":"pagehide","target_tagname":"wizardpage","target_id":"first"}
INST acbf337662570d60 2016-03-28T21:24:19.800Z {"type":"pageadvanced","target_tagname":"wizardpage","target_id":"first"}
INST acbf337662570d60 2016-03-28T21:24:19.800Z {"type":"wizardnext","target_tagname":"wizard","target_id":"TorNetworkSettings"}
INST acbf337662570d60 2016-03-28T21:24:19.800Z {"type":"pageshow","target_tagname":"wizardpage","target_id":"proxy"}
INST acbf337662570d60 2016-03-28T21:24:19.800Z {"type":"command","target_tagname":"button","target_id":"configure_button"}
INST acbf337662570d60 2016-03-28T21:24:23.100Z {"type":"click","target_tagname":"wizard","target_id":"TorNetworkSettings","detail":1}
INST acbf337662570d60 2016-03-28T21:24:23.100Z {"type":"pagehide","target_tagname":"wizardpage","target_id":"proxy"}
INST acbf337662570d60 2016-03-28T21:24:23.100Z {"type":"pageadvanced","target_tagname":"wizardpage","target_id":"proxy"}
INST acbf337662570d60 2016-03-28T21:24:23.100Z {"type":"wizardnext","target_tagname":"wizard","target_id":"TorNetworkSettings"}
INST acbf337662570d60 2016-03-28T21:24:23.100Z {"type":"pageshow","target_tagname":"wizardpage","target_id":"bridges"}
INST acbf337662570d60 2016-03-28T21:24:23.100Z {"type":"command","target_tagname":"wizard","target_id":"TorNetworkSettings"}
INST acbf337662570d60 2016-03-28T21:24:25.900Z {"type":"popupshown","target_tagname":"menupopup","target_id":"defaultBridgeType_menuPopup"}
INST acbf337662570d60 2016-03-28T21:24:26.000Z {"type":"click","target_tagname":"menulist","target_id":"defaultBridgeType","value":"obfs3","detail":1}
INST acbf337662570d60 2016-03-28T21:24:27.700Z {"type":"mouseover","target_tagname":"menuitem","target_id":"","value":"flashproxy"}
INST acbf337662570d60 2016-03-28T21:24:28.000Z {"type":"click","target_tagname":"menuitem","target_id":"","value":"flashproxy","detail":1}
INST acbf337662570d60 2016-03-28T21:24:28.000Z {"type":"select","target_tagname":"menulist","target_id":"defaultBridgeType","value":"flashproxy"}
INST acbf337662570d60 2016-03-28T21:24:28.000Z {"type":"command","target_tagname":"menuitem","target_id":"","value":"flashproxy"}
INST acbf337662570d60 2016-03-28T21:24:28.000Z {"type":"popuphidden","target_tagname":"menupopup","target_id":"defaultBridgeType_menuPopup"}
INST acbf337662570d60 2016-03-28T21:24:28.000Z {"type":"mouseout","target_tagname":"menuitem","target_id":"","value":"flashproxy"}
INST acbf337662570d60 2016-03-28T21:24:29.100Z {"type":"click","target_tagname":"wizard","target_id":"TorNetworkSettings","detail":1}
INST acbf337662570d60 2016-03-28T21:24:29.100Z {"type":"pagehide","target_tagname":"wizardpage","target_id":"bridges"}
INST acbf337662570d60 2016-03-28T21:24:29.100Z {"type":"pageadvanced","target_tagname":"wizardpage","target_id":"bridges"}
INST acbf337662570d60 2016-03-28T21:24:29.100Z {"type":"wizardnext","target_tagname":"wizard","target_id":"TorNetworkSettings"}
INST acbf337662570d60 2016-03-28T21:24:29.100Z {"type":"pageshow","target_tagname":"wizardpage","target_id":"summary"}
INST acbf337662570d60 2016-03-28T21:24:29.100Z {"type":"command","target_tagname":"wizard","target_id":"TorNetworkSettings"}
INST acbf337662570d60 2016-03-28T21:24:30.600Z {"type":"pagehide","target_tagname":"wizardpage","target_id":"summary"}
INST acbf337662570d60 2016-03-28T21:24:30.600Z {"type":"pageadvanced","target_tagname":"wizardpage","target_id":"summary"}
INST acbf337662570d60 2016-03-28T21:24:30.700Z {"type":"wizardnext","target_tagname":"wizard","target_id":"TorNetworkSettings"}
INST acbf337662570d60 2016-03-28T21:24:30.700Z {"type":"pageshow","target_tagname":"wizardpage","target_id":"inlineprogress"}
INST acbf337662570d60 2016-03-28T21:24:30.700Z {"type":"click","target_tagname":"wizard","target_id":"TorNetworkSettings","detail":1}
INST acbf337662570d60 2016-03-28T21:24:32.700Z {"type":"progresschanged","target_tagname":"progressmeter","target_id":"progressMeter","value":5}
INST acbf337662570d60 2016-03-28T21:24:32.700Z {"type":"good","target_tagname":"image","target_id":"progressbar","configurationSettings":"bridge-noproxy","number":1}
INST acbf337662570d60 2016-03-28T21:24:32.800Z {"type":"progresschanged","target_tagname":"progressmeter","target_id":"progressMeter","value":10}
INST acbf337662570d60 2016-03-28T21:24:32.800Z {"type":"good","target_tagname":"image","target_id":"progressbar","configurationSettings":"bridge-noproxy","number":1}
INST acbf337662570d60 2016-03-28T21:25:04.000Z {"type":"click","target_tagname":"wizard","target_id":"TorNetworkSettings","detail":1}
INST acbf337662570d60 2016-03-28T21:25:04.000Z {"type":"wizardcancel","target_tagname":"wizard","target_id":"TorNetworkSettings"}
INST acbf337662570d60 2016-03-28T21:25:04.000Z {"type":"command","target_tagname":"wizard","target_id":"TorNetworkSettings"}
INST acbf337662570d60 2016-03-28T21:25:04.000Z {"type":"unload","target_id":"configuration"}
INST b29321fe9b8dd15f 2016-03-28T21:25:06.000Z {"type":"start"}
INST b29321fe9b8dd15f 2016-03-28T21:25:06.700Z {"type":"select","target_tagname":"menulist","target_id":"proxyType","value":""}
INST b29321fe9b8dd15f 2016-03-28T21:25:06.700Z {"type":"wizardnext","target_tagname":"wizard","target_id":"TorNetworkSettings"}
INST b29321fe9b8dd15f 2016-03-28T21:25:06.700Z {"type":"pageshow","target_tagname":"wizardpage","target_id":"first"}
INST b29321fe9b8dd15f 2016-03-28T21:25:06.700Z {"type":"load","target_id":"configuration"}
INST b29321fe9b8dd15f 2016-03-28T21:25:06.700Z {"type":"select","target_tagname":"menulist","target_id":"defaultBridgeType","value":"flashproxy"}
INST b29321fe9b8dd15f 2016-03-28T21:25:07.900Z {"type":"click","target_tagname":"button","target_id":"configure_button","detail":1}
INST b29321fe9b8dd15f 2016-03-28T21:25:07.900Z {"type":"pagehide","target_tagname":"wizardpage","target_id":"first"}
INST b29321fe9b8dd15f 2016-03-28T21:25:07.900Z {"type":"pageadvanced","target_tagname":"wizardpage","target_id":"first"}
INST b29321fe9b8dd15f 2016-03-28T21:25:07.900Z {"type":"wizardnext","target_tagname":"wizard","target_id":"TorNetworkSettings"}
INST b29321fe9b8dd15f 2016-03-28T21:25:07.900Z {"type":"pageshow","target_tagname":"wizardpage","target_id":"proxy"}
INST b29321fe9b8dd15f 2016-03-28T21:25:07.900Z {"type":"command","target_tagname":"button","target_id":"configure_button"}
INST b29321fe9b8dd15f 2016-03-28T21:25:10.500Z {"type":"click","target_tagname":"wizard","target_id":"TorNetworkSettings","detail":1}
INST b29321fe9b8dd15f 2016-03-28T21:25:10.500Z {"type":"pagehide","target_tagname":"wizardpage","target_id":"proxy"}
INST b29321fe9b8dd15f 2016-03-28T21:25:10.500Z {"type":"pageadvanced","target_tagname":"wizardpage","target_id":"proxy"}
INST b29321fe9b8dd15f 2016-03-28T21:25:10.500Z {"type":"wizardnext","target_tagname":"wizard","target_id":"TorNetworkSettings"}
INST b29321fe9b8dd15f 2016-03-28T21:25:10.500Z {"type":"pageshow","target_tagname":"wizardpage","target_id":"bridges"}
INST b29321fe9b8dd15f 2016-03-28T21:25:10.500Z {"type":"command","target_tagname":"wizard","target_id":"TorNetworkSettings"}
INST b29321fe9b8dd15f 2016-03-28T21:25:12.200Z {"type":"popupshown","target_tagname":"menupopup","target_id":"defaultBridgeType_menuPopup"}
INST b29321fe9b8dd15f 2016-03-28T21:25:12.300Z {"type":"click","target_tagname":"menulist","target_id":"defaultBridgeType","value":"flashproxy","detail":1}
INST b29321fe9b8dd15f 2016-03-28T21:25:15.000Z {"type":"mouseover","target_tagname":"menuitem","target_id":"","value":"flashproxy"}
INST b29321fe9b8dd15f 2016-03-28T21:25:15.100Z {"type":"mouseout","target_tagname":"menuitem","target_id":"","value":"flashproxy"}
INST b29321fe9b8dd15f 2016-03-28T21:25:15.100Z {"type":"mouseover","target_tagname":"menuitem","target_id":"","value":"fte"}
INST b29321fe9b8dd15f 2016-03-28T21:25:15.500Z {"type":"click","target_tagname":"menuitem","target_id":"","value":"fte","detail":1}
INST b29321fe9b8dd15f 2016-03-28T21:25:15.500Z {"type":"select","target_tagname":"menulist","target_id":"defaultBridgeType","value":"fte"}
INST b29321fe9b8dd15f 2016-03-28T21:25:15.500Z {"type":"command","target_tagname":"menuitem","target_id":"","value":"fte"}
INST b29321fe9b8dd15f 2016-03-28T21:25:15.500Z {"type":"popuphidden","target_tagname":"menupopup","target_id":"defaultBridgeType_menuPopup"}
INST b29321fe9b8dd15f 2016-03-28T21:25:15.500Z {"type":"mouseout","target_tagname":"menuitem","target_id":"","value":"fte"}
INST b29321fe9b8dd15f 2016-03-28T21:25:16.600Z {"type":"click","target_tagname":"wizard","target_id":"TorNetworkSettings","detail":1}
INST b29321fe9b8dd15f 2016-03-28T21:25:17.000Z {"type":"click","target_tagname":"wizard","target_id":"TorNetworkSettings","detail":1}
INST b29321fe9b8dd15f 2016-03-28T21:25:17.000Z {"type":"pagehide","target_tagname":"wizardpage","target_id":"bridges"}
INST b29321fe9b8dd15f 2016-03-28T21:25:17.000Z {"type":"pageadvanced","target_tagname":"wizardpage","target_id":"bridges"}
INST b29321fe9b8dd15f 2016-03-28T21:25:17.000Z {"type":"wizardnext","target_tagname":"wizard","target_id":"TorNetworkSettings"}
INST b29321fe9b8dd15f 2016-03-28T21:25:17.000Z {"type":"pageshow","target_tagname":"wizardpage","target_id":"summary"}
INST b29321fe9b8dd15f 2016-03-28T21:25:17.000Z {"type":"command","target_tagname":"wizard","target_id":"TorNetworkSettings"}
INST b29321fe9b8dd15f 2016-03-28T21:25:18.200Z {"type":"pagehide","target_tagname":"wizardpage","target_id":"summary"}
INST b29321fe9b8dd15f 2016-03-28T21:25:18.200Z {"type":"pageadvanced","target_tagname":"wizardpage","target_id":"summary"}
INST b29321fe9b8dd15f 2016-03-28T21:25:18.300Z {"type":"wizardnext","target_tagname":"wizard","target_id":"TorNetworkSettings"}
INST b29321fe9b8dd15f 2016-03-28T21:25:18.300Z {"type":"pageshow","target_tagname":"wizardpage","target_id":"inlineprogress"}
INST b29321fe9b8dd15f 2016-03-28T21:25:18.300Z {"type":"click","target_tagname":"wizard","target_id":"TorNetworkSettings","detail":1}
INST b29321fe9b8dd15f 2016-03-28T21:25:20.500Z {"type":"progresschanged","target_tagname":"progressmeter","target_id":"progressMeter","value":5}
INST b29321fe9b8dd15f 2016-03-28T21:25:20.500Z {"type":"good","target_tagname":"image","target_id":"progressbar","configurationSettings":"bridge-noproxy","number":1}
INST b29321fe9b8dd15f 2016-03-28T21:25:20.500Z {"type":"progresschanged","target_tagname":"progressmeter","target_id":"progressMeter","value":10}
INST b29321fe9b8dd15f 2016-03-28T21:25:20.500Z {"type":"good","target_tagname":"image","target_id":"progressbar","configurationSettings":"bridge-noproxy","number":1}
INST b29321fe9b8dd15f 2016-03-28T21:25:49.600Z {"type":"click","target_tagname":"wizard","target_id":"TorNetworkSettings","detail":1}
INST b29321fe9b8dd15f 2016-03-28T21:25:49.600Z {"type":"wizardcancel","target_tagname":"wizard","target_id":"TorNetworkSettings"}
INST b29321fe9b8dd15f 2016-03-28T21:25:49.600Z {"type":"command","target_tagname":"wizard","target_id":"TorNetworkSettings"}
INST b29321fe9b8dd15f 2016-03-28T21:25:49.600Z {"type":"unload","target_id":"configuration"}
INST 3013b6d5fb63954b 2016-03-28T21:25:51.700Z {"type":"start"}
INST 3013b6d5fb63954b 2016-03-28T21:25:51.800Z {"type":"select","target_tagname":"menulist","target_id":"proxyType","value":""}
INST 3013b6d5fb63954b 2016-03-28T21:25:51.800Z {"type":"wizardnext","target_tagname":"wizard","target_id":"TorNetworkSettings"}
INST 3013b6d5fb63954b 2016-03-28T21:25:51.800Z {"type":"pageshow","target_tagname":"wizardpage","target_id":"first"}
INST 3013b6d5fb63954b 2016-03-28T21:25:52.500Z {"type":"load","target_id":"configuration"}
INST 3013b6d5fb63954b 2016-03-28T21:25:52.500Z {"type":"select","target_tagname":"menulist","target_id":"defaultBridgeType","value":"fte"}
INST 3013b6d5fb63954b 2016-03-28T21:25:53.600Z {"type":"click","target_tagname":"button","target_id":"configure_button","detail":1}
INST 3013b6d5fb63954b 2016-03-28T21:25:53.600Z {"type":"pagehide","target_tagname":"wizardpage","target_id":"first"}
INST 3013b6d5fb63954b 2016-03-28T21:25:53.600Z {"type":"pageadvanced","target_tagname":"wizardpage","target_id":"first"}
INST 3013b6d5fb63954b 2016-03-28T21:25:53.600Z {"type":"wizardnext","target_tagname":"wizard","target_id":"TorNetworkSettings"}
INST 3013b6d5fb63954b 2016-03-28T21:25:53.600Z {"type":"pageshow","target_tagname":"wizardpage","target_id":"proxy"}
INST 3013b6d5fb63954b 2016-03-28T21:25:53.600Z {"type":"command","target_tagname":"button","target_id":"configure_button"}
INST 3013b6d5fb63954b 2016-03-28T21:25:55.000Z {"type":"click","target_tagname":"wizard","target_id":"TorNetworkSettings","detail":1}
INST 3013b6d5fb63954b 2016-03-28T21:25:55.000Z {"type":"pagehide","target_tagname":"wizardpage","target_id":"proxy"}
INST 3013b6d5fb63954b 2016-03-28T21:25:55.000Z {"type":"pageadvanced","target_tagname":"wizardpage","target_id":"proxy"}
INST 3013b6d5fb63954b 2016-03-28T21:25:55.000Z {"type":"wizardnext","target_tagname":"wizard","target_id":"TorNetworkSettings"}
INST 3013b6d5fb63954b 2016-03-28T21:25:55.000Z {"type":"pageshow","target_tagname":"wizardpage","target_id":"bridges"}
INST 3013b6d5fb63954b 2016-03-28T21:25:55.000Z {"type":"command","target_tagname":"wizard","target_id":"TorNetworkSettings"}
INST 3013b6d5fb63954b 2016-03-28T21:25:56.700Z {"type":"click","target_tagname":"radio","target_id":"bridgeRadioNone","detail":1}
INST 3013b6d5fb63954b 2016-03-28T21:25:56.700Z {"type":"command","target_tagname":"radio","target_id":"bridgeRadioNone"}
INST 3013b6d5fb63954b 2016-03-28T21:25:58.100Z {"type":"click","target_tagname":"wizard","target_id":"TorNetworkSettings","detail":1}
INST 3013b6d5fb63954b 2016-03-28T21:25:58.100Z {"type":"pagehide","target_tagname":"wizardpage","target_id":"bridges"}
INST 3013b6d5fb63954b 2016-03-28T21:25:58.100Z {"type":"pageadvanced","target_tagname":"wizardpage","target_id":"bridges"}
INST 3013b6d5fb63954b 2016-03-28T21:25:58.100Z {"type":"wizardnext","target_tagname":"wizard","target_id":"TorNetworkSettings"}
INST 3013b6d5fb63954b 2016-03-28T21:25:58.100Z {"type":"pageshow","target_tagname":"wizardpage","target_id":"summary"}
INST 3013b6d5fb63954b 2016-03-28T21:25:58.100Z {"type":"command","target_tagname":"wizard","target_id":"TorNetworkSettings"}
INST 3013b6d5fb63954b 2016-03-28T21:25:58.800Z {"type":"pagehide","target_tagname":"wizardpage","target_id":"summary"}
INST 3013b6d5fb63954b 2016-03-28T21:25:58.800Z {"type":"pageadvanced","target_tagname":"wizardpage","target_id":"summary"}
INST 3013b6d5fb63954b 2016-03-28T21:25:58.800Z {"type":"wizardnext","target_tagname":"wizard","target_id":"TorNetworkSettings"}
INST 3013b6d5fb63954b 2016-03-28T21:25:58.800Z {"type":"pageshow","target_tagname":"wizardpage","target_id":"inlineprogress"}
INST 3013b6d5fb63954b 2016-03-28T21:25:58.800Z {"type":"click","target_tagname":"wizard","target_id":"TorNetworkSettings","detail":1}
INST 3013b6d5fb63954b 2016-03-28T21:25:59.200Z {"type":"progresschanged","target_tagname":"progressmeter","target_id":"progressMeter","value":5}
INST 3013b6d5fb63954b 2016-03-28T21:25:59.200Z {"type":"good","target_tagname":"image","target_id":"progressbar","configurationSettings":"nobridge-noproxy","number":1}
INST 3013b6d5fb63954b 2016-03-28T21:25:59.200Z {"type":"progresschanged","target_tagname":"progressmeter","target_id":"progressMeter","value":5}
INST 3013b6d5fb63954b 2016-03-28T21:25:59.200Z {"type":"good","target_tagname":"image","target_id":"progressbar","configurationSettings":"nobridge-noproxy","number":1}
INST 3013b6d5fb63954b 2016-03-28T21:25:59.200Z {"type":"progresschanged","target_tagname":"progressmeter","target_id":"progressMeter","value":5}
INST 3013b6d5fb63954b 2016-03-28T21:25:59.200Z {"type":"good","target_tagname":"image","target_id":"progressbar","configurationSettings":"nobridge-noproxy","number":1}
INST 3013b6d5fb63954b 2016-03-28T21:26:19.200Z {"type":"click","target_tagname":"wizard","target_id":"TorNetworkSettings","detail":1}
INST 3013b6d5fb63954b 2016-03-28T21:26:19.200Z {"type":"wizardcancel","target_tagname":"wizard","target_id":"TorNetworkSettings"}
INST 3013b6d5fb63954b 2016-03-28T21:26:19.200Z {"type":"command","target_tagname":"wizard","target_id":"TorNetworkSettings"}
INST 3013b6d5fb63954b 2016-03-28T21:26:19.200Z {"type":"unload","target_id":"configuration"}
INST 7fe3ad67750efd61 2016-03-28T21:26:20.900Z {"type":"start"}
INST 7fe3ad67750efd61 2016-03-28T21:26:21.000Z {"type":"select","target_tagname":"menulist","target_id":"proxyType","value":""}
INST 7fe3ad67750efd61 2016-03-28T21:26:21.000Z {"type":"wizardnext","target_tagname":"wizard","target_id":"TorNetworkSettings"}
INST 7fe3ad67750efd61 2016-03-28T21:26:21.000Z {"type":"pageshow","target_tagname":"wizardpage","target_id":"first"}
INST 7fe3ad67750efd61 2016-03-28T21:26:21.600Z {"type":"load","target_id":"configuration"}
INST 7fe3ad67750efd61 2016-03-28T21:26:21.600Z {"type":"select","target_tagname":"menulist","target_id":"defaultBridgeType","value":"obfs3"}
INST 7fe3ad67750efd61 2016-03-28T21:26:22.600Z {"type":"click","target_tagname":"button","target_id":"configure_button","detail":1}
INST 7fe3ad67750efd61 2016-03-28T21:26:22.600Z {"type":"pagehide","target_tagname":"wizardpage","target_id":"first"}
INST 7fe3ad67750efd61 2016-03-28T21:26:22.600Z {"type":"pageadvanced","target_tagname":"wizardpage","target_id":"first"}
INST 7fe3ad67750efd61 2016-03-28T21:26:22.700Z {"type":"wizardnext","target_tagname":"wizard","target_id":"TorNetworkSettings"}
INST 7fe3ad67750efd61 2016-03-28T21:26:22.700Z {"type":"pageshow","target_tagname":"wizardpage","target_id":"proxy"}
INST 7fe3ad67750efd61 2016-03-28T21:26:22.700Z {"type":"command","target_tagname":"button","target_id":"configure_button"}
INST 7fe3ad67750efd61 2016-03-28T21:26:24.000Z {"type":"click","target_tagname":"wizard","target_id":"TorNetworkSettings","detail":1}
INST 7fe3ad67750efd61 2016-03-28T21:26:24.000Z {"type":"pagehide","target_tagname":"wizardpage","target_id":"proxy"}
INST 7fe3ad67750efd61 2016-03-28T21:26:24.000Z {"type":"pageadvanced","target_tagname":"wizardpage","target_id":"proxy"}
INST 7fe3ad67750efd61 2016-03-28T21:26:24.000Z {"type":"wizardnext","target_tagname":"wizard","target_id":"TorNetworkSettings"}
INST 7fe3ad67750efd61 2016-03-28T21:26:24.000Z {"type":"pageshow","target_tagname":"wizardpage","target_id":"bridges"}
INST 7fe3ad67750efd61 2016-03-28T21:26:24.000Z {"type":"command","target_tagname":"wizard","target_id":"TorNetworkSettings"}
INST 7fe3ad67750efd61 2016-03-28T21:26:25.000Z {"type":"click","target_tagname":"radio","target_id":"bridgeRadioDefault","detail":1}
INST 7fe3ad67750efd61 2016-03-28T21:26:25.000Z {"type":"command","target_tagname":"radio","target_id":"bridgeRadioDefault"}
INST 7fe3ad67750efd61 2016-03-28T21:26:25.500Z {"type":"popupshown","target_tagname":"menupopup","target_id":"defaultBridgeType_menuPopup"}
INST 7fe3ad67750efd61 2016-03-28T21:26:25.600Z {"type":"click","target_tagname":"menulist","target_id":"defaultBridgeType","value":"obfs3","detail":1}
INST 7fe3ad67750efd61 2016-03-28T21:26:27.400Z {"type":"mouseover","target_tagname":"menuitem","target_id":"","value":"flashproxy"}
INST 7fe3ad67750efd61 2016-03-28T21:26:27.400Z {"type":"mouseout","target_tagname":"menuitem","target_id":"","value":"flashproxy"}
INST 7fe3ad67750efd61 2016-03-28T21:26:27.400Z {"type":"mouseover","target_tagname":"menuitem","target_id":"","value":"fte"}
INST 7fe3ad67750efd61 2016-03-28T21:26:27.800Z {"type":"mouseout","target_tagname":"menuitem","target_id":"","value":"fte"}
INST 7fe3ad67750efd61 2016-03-28T21:26:27.800Z {"type":"mouseover","target_tagname":"menuitem","target_id":"","value":"fte-ipv6"}
INST 7fe3ad67750efd61 2016-03-28T21:26:30.200Z {"type":"click","target_tagname":"menuitem","target_id":"","value":"fte-ipv6","detail":1}
INST 7fe3ad67750efd61 2016-03-28T21:26:30.200Z {"type":"select","target_tagname":"menulist","target_id":"defaultBridgeType","value":"fte-ipv6"}
INST 7fe3ad67750efd61 2016-03-28T21:26:30.200Z {"type":"command","target_tagname":"menuitem","target_id":"","value":"fte-ipv6"}
INST 7fe3ad67750efd61 2016-03-28T21:26:30.200Z {"type":"popuphidden","target_tagname":"menupopup","target_id":"defaultBridgeType_menuPopup"}
INST 7fe3ad67750efd61 2016-03-28T21:26:30.200Z {"type":"mouseout","target_tagname":"menuitem","target_id":"","value":"fte-ipv6"}
INST 7fe3ad67750efd61 2016-03-28T21:26:31.100Z {"type":"click","target_tagname":"wizard","target_id":"TorNetworkSettings","detail":1}
INST 7fe3ad67750efd61 2016-03-28T21:26:31.100Z {"type":"pagehide","target_tagname":"wizardpage","target_id":"bridges"}
INST 7fe3ad67750efd61 2016-03-28T21:26:31.100Z {"type":"pageadvanced","target_tagname":"wizardpage","target_id":"bridges"}
INST 7fe3ad67750efd61 2016-03-28T21:26:31.100Z {"type":"wizardnext","target_tagname":"wizard","target_id":"TorNetworkSettings"}
INST 7fe3ad67750efd61 2016-03-28T21:26:31.100Z {"type":"pageshow","target_tagname":"wizardpage","target_id":"summary"}
INST 7fe3ad67750efd61 2016-03-28T21:26:31.100Z {"type":"command","target_tagname":"wizard","target_id":"TorNetworkSettings"}
INST 7fe3ad67750efd61 2016-03-28T21:26:31.700Z {"type":"pagehide","target_tagname":"wizardpage","target_id":"summary"}
INST 7fe3ad67750efd61 2016-03-28T21:26:31.700Z {"type":"pageadvanced","target_tagname":"wizardpage","target_id":"summary"}
INST 7fe3ad67750efd61 2016-03-28T21:26:31.800Z {"type":"wizardnext","target_tagname":"wizard","target_id":"TorNetworkSettings"}
INST 7fe3ad67750efd61 2016-03-28T21:26:31.800Z {"type":"pageshow","target_tagname":"wizardpage","target_id":"inlineprogress"}
INST 7fe3ad67750efd61 2016-03-28T21:26:31.800Z {"type":"click","target_tagname":"wizard","target_id":"TorNetworkSettings","detail":1}
INST 7fe3ad67750efd61 2016-03-28T21:26:33.400Z {"type":"progresschanged","target_tagname":"progressmeter","target_id":"progressMeter","value":5}
INST 7fe3ad67750efd61 2016-03-28T21:26:33.400Z {"type":"good","target_tagname":"image","target_id":"progressbar","configurationSettings":"bridge-noproxy","number":1}
INST 7fe3ad67750efd61 2016-03-28T21:26:33.400Z {"type":"progresschanged","target_tagname":"progressmeter","target_id":"progressMeter","value":10}
INST 7fe3ad67750efd61 2016-03-28T21:26:33.400Z {"type":"good","target_tagname":"image","target_id":"progressbar","configurationSettings":"bridge-noproxy","number":1}
INST 7fe3ad67750efd61 2016-03-28T21:27:19.700Z {"type":"click","target_tagname":"wizard","target_id":"TorNetworkSettings","detail":1}
INST 7fe3ad67750efd61 2016-03-28T21:27:19.700Z {"type":"wizardcancel","target_tagname":"wizard","target_id":"TorNetworkSettings"}
INST 7fe3ad67750efd61 2016-03-28T21:27:19.700Z {"type":"command","target_tagname":"wizard","target_id":"TorNetworkSettings"}
INST 7fe3ad67750efd61 2016-03-28T21:27:19.700Z {"type":"unload","target_id":"configuration"}
INST f051d38edbd483b0 2016-03-28T21:27:21.600Z {"type":"start"}
INST f051d38edbd483b0 2016-03-28T21:27:22.300Z {"type":"select","target_tagname":"menulist","target_id":"proxyType","value":""}
INST f051d38edbd483b0 2016-03-28T21:27:22.300Z {"type":"wizardnext","target_tagname":"wizard","target_id":"TorNetworkSettings"}
INST f051d38edbd483b0 2016-03-28T21:27:22.300Z {"type":"pageshow","target_tagname":"wizardpage","target_id":"first"}
INST f051d38edbd483b0 2016-03-28T21:27:22.300Z {"type":"load","target_id":"configuration"}
INST f051d38edbd483b0 2016-03-28T21:27:22.300Z {"type":"select","target_tagname":"menulist","target_id":"defaultBridgeType","value":"fte-ipv6"}
INST f051d38edbd483b0 2016-03-28T21:27:23.800Z {"type":"click","target_tagname":"button","target_id":"configure_button","detail":1}
INST f051d38edbd483b0 2016-03-28T21:27:23.800Z {"type":"pagehide","target_tagname":"wizardpage","target_id":"first"}
INST f051d38edbd483b0 2016-03-28T21:27:23.800Z {"type":"pageadvanced","target_tagname":"wizardpage","target_id":"first"}
INST f051d38edbd483b0 2016-03-28T21:27:23.800Z {"type":"wizardnext","target_tagname":"wizard","target_id":"TorNetworkSettings"}
INST f051d38edbd483b0 2016-03-28T21:27:23.800Z {"type":"pageshow","target_tagname":"wizardpage","target_id":"proxy"}
INST f051d38edbd483b0 2016-03-28T21:27:23.800Z {"type":"command","target_tagname":"button","target_id":"configure_button"}
INST f051d38edbd483b0 2016-03-28T21:27:25.500Z {"type":"click","target_tagname":"wizard","target_id":"TorNetworkSettings","detail":1}
INST f051d38edbd483b0 2016-03-28T21:27:25.500Z {"type":"pagehide","target_tagname":"wizardpage","target_id":"proxy"}
INST f051d38edbd483b0 2016-03-28T21:27:25.500Z {"type":"pageadvanced","target_tagname":"wizardpage","target_id":"proxy"}
INST f051d38edbd483b0 2016-03-28T21:27:25.500Z {"type":"wizardnext","target_tagname":"wizard","target_id":"TorNetworkSettings"}
INST f051d38edbd483b0 2016-03-28T21:27:25.500Z {"type":"pageshow","target_tagname":"wizardpage","target_id":"bridges"}
INST f051d38edbd483b0 2016-03-28T21:27:25.500Z {"type":"command","target_tagname":"wizard","target_id":"TorNetworkSettings"}
INST f051d38edbd483b0 2016-03-28T21:27:26.800Z {"type":"popupshown","target_tagname":"menupopup","target_id":"defaultBridgeType_menuPopup"}
INST f051d38edbd483b0 2016-03-28T21:27:26.900Z {"type":"click","target_tagname":"menulist","target_id":"defaultBridgeType","value":"fte-ipv6","detail":1}
INST f051d38edbd483b0 2016-03-28T21:27:27.100Z {"type":"mouseover","target_tagname":"menuitem","target_id":"","value":"flashproxy"}
INST f051d38edbd483b0 2016-03-28T21:27:27.200Z {"type":"mouseout","target_tagname":"menuitem","target_id":"","value":"flashproxy"}
INST f051d38edbd483b0 2016-03-28T21:27:27.200Z {"type":"mouseover","target_tagname":"menuitem","target_id":"","value":"fte"}
INST f051d38edbd483b0 2016-03-28T21:27:27.300Z {"type":"mouseout","target_tagname":"menuitem","target_id":"","value":"fte"}
INST f051d38edbd483b0 2016-03-28T21:27:27.300Z {"type":"mouseover","target_tagname":"menuitem","target_id":"","value":"fte-ipv6"}
INST f051d38edbd483b0 2016-03-28T21:27:27.600Z {"type":"mouseout","target_tagname":"menuitem","target_id":"","value":"fte-ipv6"}
INST f051d38edbd483b0 2016-03-28T21:27:27.600Z {"type":"mouseover","target_tagname":"menuitem","target_id":"","value":"meek-amazon"}
INST f051d38edbd483b0 2016-03-28T21:27:28.000Z {"type":"click","target_tagname":"menuitem","target_id":"","value":"meek-amazon","detail":1}
INST f051d38edbd483b0 2016-03-28T21:27:28.000Z {"type":"select","target_tagname":"menulist","target_id":"defaultBridgeType","value":"meek-amazon"}
INST f051d38edbd483b0 2016-03-28T21:27:28.000Z {"type":"command","target_tagname":"menuitem","target_id":"","value":"meek-amazon"}
INST f051d38edbd483b0 2016-03-28T21:27:28.000Z {"type":"popuphidden","target_tagname":"menupopup","target_id":"defaultBridgeType_menuPopup"}
INST f051d38edbd483b0 2016-03-28T21:27:28.000Z {"type":"mouseout","target_tagname":"menuitem","target_id":"","value":"meek-amazon"}
INST f051d38edbd483b0 2016-03-28T21:27:29.100Z {"type":"click","target_tagname":"wizard","target_id":"TorNetworkSettings","detail":1}
INST f051d38edbd483b0 2016-03-28T21:27:29.100Z {"type":"pagehide","target_tagname":"wizardpage","target_id":"bridges"}
INST f051d38edbd483b0 2016-03-28T21:27:29.100Z {"type":"pageadvanced","target_tagname":"wizardpage","target_id":"bridges"}
INST f051d38edbd483b0 2016-03-28T21:27:29.100Z {"type":"wizardnext","target_tagname":"wizard","target_id":"TorNetworkSettings"}
INST f051d38edbd483b0 2016-03-28T21:27:29.200Z {"type":"pageshow","target_tagname":"wizardpage","target_id":"summary"}
INST f051d38edbd483b0 2016-03-28T21:27:29.200Z {"type":"command","target_tagname":"wizard","target_id":"TorNetworkSettings"}
INST f051d38edbd483b0 2016-03-28T21:27:29.800Z {"type":"pagehide","target_tagname":"wizardpage","target_id":"summary"}
INST f051d38edbd483b0 2016-03-28T21:27:29.800Z {"type":"pageadvanced","target_tagname":"wizardpage","target_id":"summary"}
INST f051d38edbd483b0 2016-03-28T21:27:29.900Z {"type":"wizardnext","target_tagname":"wizard","target_id":"TorNetworkSettings"}
INST f051d38edbd483b0 2016-03-28T21:27:29.900Z {"type":"pageshow","target_tagname":"wizardpage","target_id":"inlineprogress"}
INST f051d38edbd483b0 2016-03-28T21:27:29.900Z {"type":"click","target_tagname":"wizard","target_id":"TorNetworkSettings","detail":1}
INST f051d38edbd483b0 2016-03-28T21:27:34.200Z {"type":"progresschanged","target_tagname":"progressmeter","target_id":"progressMeter","value":5}
INST f051d38edbd483b0 2016-03-28T21:27:34.200Z {"type":"good","target_tagname":"image","target_id":"progressbar","configurationSettings":"bridge-noproxy","number":1}
INST f051d38edbd483b0 2016-03-28T21:27:34.200Z {"type":"progresschanged","target_tagname":"progressmeter","target_id":"progressMeter","value":10}
INST f051d38edbd483b0 2016-03-28T21:27:34.200Z {"type":"good","target_tagname":"image","target_id":"progressbar","configurationSettings":"bridge-noproxy","number":1}
INST f051d38edbd483b0 2016-03-28T21:27:35.100Z {"type":"progresschanged","target_tagname":"progressmeter","target_id":"progressMeter","value":15}
INST f051d38edbd483b0 2016-03-28T21:27:35.100Z {"type":"good","target_tagname":"image","target_id":"progressbar","configurationSettings":"bridge-noproxy","number":1}
INST f051d38edbd483b0 2016-03-28T21:27:35.200Z {"type":"progresschanged","target_tagname":"progressmeter","target_id":"progressMeter","value":20}
INST f051d38edbd483b0 2016-03-28T21:27:35.200Z {"type":"good","target_tagname":"image","target_id":"progressbar","configurationSettings":"bridge-noproxy","number":1}
INST f051d38edbd483b0 2016-03-28T21:27:36.700Z {"type":"progresschanged","target_tagname":"progressmeter","target_id":"progressMeter","value":25}
INST f051d38edbd483b0 2016-03-28T21:27:36.700Z {"type":"good","target_tagname":"image","target_id":"progressbar","configurationSettings":"bridge-noproxy","number":2}
INST f051d38edbd483b0 2016-03-28T21:27:43.400Z {"type":"progresschanged","target_tagname":"progressmeter","target_id":"progressMeter","value":40}
INST f051d38edbd483b0 2016-03-28T21:27:43.400Z {"type":"good","target_tagname":"image","target_id":"progressbar","configurationSettings":"bridge-noproxy","number":2}
INST f051d38edbd483b0 2016-03-28T21:27:44.200Z {"type":"progresschanged","target_tagname":"progressmeter","target_id":"progressMeter","value":45}
INST f051d38edbd483b0 2016-03-28T21:27:44.200Z {"type":"good","target_tagname":"image","target_id":"progressbar","configurationSettings":"bridge-noproxy","number":2}
INST f051d38edbd483b0 2016-03-28T21:27:44.400Z {"type":"progresschanged","target_tagname":"progressmeter","target_id":"progressMeter","value":50}
INST f051d38edbd483b0 2016-03-28T21:27:44.400Z {"type":"good","target_tagname":"image","target_id":"progressbar","configurationSettings":"bridge-noproxy","number":2}
INST f051d38edbd483b0 2016-03-28T21:27:59.800Z {"type":"progresschanged","target_tagname":"progressmeter","target_id":"progressMeter","value":51}
INST f051d38edbd483b0 2016-03-28T21:27:59.800Z {"type":"good","target_tagname":"image","target_id":"progressbar","configurationSettings":"bridge-noproxy","number":2}
INST f051d38edbd483b0 2016-03-28T21:28:01.300Z {"type":"progresschanged","target_tagname":"progressmeter","target_id":"progressMeter","value":52}
INST f051d38edbd483b0 2016-03-28T21:28:01.300Z {"type":"good","target_tagname":"image","target_id":"progressbar","configurationSettings":"bridge-noproxy","number":2}
INST f051d38edbd483b0 2016-03-28T21:28:01.300Z {"type":"progresschanged","target_tagname":"progressmeter","target_id":"progressMeter","value":53}
INST f051d38edbd483b0 2016-03-28T21:28:01.300Z {"type":"good","target_tagname":"image","target_id":"progressbar","configurationSettings":"bridge-noproxy","number":2}
INST f051d38edbd483b0 2016-03-28T21:28:01.700Z {"type":"progresschanged","target_tagname":"progressmeter","target_id":"progressMeter","value":55}
INST f051d38edbd483b0 2016-03-28T21:28:01.700Z {"type":"good","target_tagname":"image","target_id":"progressbar","configurationSettings":"bridge-noproxy","number":2}
INST f051d38edbd483b0 2016-03-28T21:28:01.700Z {"type":"progresschanged","target_tagname":"progressmeter","target_id":"progressMeter","value":57}
INST f051d38edbd483b0 2016-03-28T21:28:01.700Z {"type":"good","target_tagname":"image","target_id":"progressbar","configurationSettings":"bridge-noproxy","number":2}
INST f051d38edbd483b0 2016-03-28T21:28:01.700Z {"type":"progresschanged","target_tagname":"progressmeter","target_id":"progressMeter","value":61}
INST f051d38edbd483b0 2016-03-28T21:28:01.700Z {"type":"good","target_tagname":"image","target_id":"progressbar","configurationSettings":"bridge-noproxy","number":2}
INST f051d38edbd483b0 2016-03-28T21:28:01.700Z {"type":"progresschanged","target_tagname":"progressmeter","target_id":"progressMeter","value":65}
INST f051d38edbd483b0 2016-03-28T21:28:01.700Z {"type":"good","target_tagname":"image","target_id":"progressbar","configurationSettings":"bridge-noproxy","number":2}
INST f051d38edbd483b0 2016-03-28T21:28:01.700Z {"type":"progresschanged","target_tagname":"progressmeter","target_id":"progressMeter","value":72}
INST f051d38edbd483b0 2016-03-28T21:28:01.700Z {"type":"good","target_tagname":"image","target_id":"progressbar","configurationSettings":"bridge-noproxy","number":2}
INST f051d38edbd483b0 2016-03-28T21:28:01.700Z {"type":"progresschanged","target_tagname":"progressmeter","target_id":"progressMeter","value":78}
INST f051d38edbd483b0 2016-03-28T21:28:01.700Z {"type":"good","target_tagname":"image","target_id":"progressbar","configurationSettings":"bridge-noproxy","number":2}
INST f051d38edbd483b0 2016-03-28T21:28:02.200Z {"type":"progresschanged","target_tagname":"progressmeter","target_id":"progressMeter","value":80}
INST f051d38edbd483b0 2016-03-28T21:28:02.200Z {"type":"good","target_tagname":"image","target_id":"progressbar","configurationSettings":"bridge-noproxy","number":2}
INST f051d38edbd483b0 2016-03-28T21:28:02.200Z {"type":"progresschanged","target_tagname":"progressmeter","target_id":"progressMeter","value":90}
INST f051d38edbd483b0 2016-03-28T21:28:02.200Z {"type":"good","target_tagname":"image","target_id":"progressbar","configurationSettings":"bridge-noproxy","number":3}
INST f051d38edbd483b0 2016-03-28T21:28:03.500Z {"type":"progresschanged","target_tagname":"progressmeter","target_id":"progressMeter","value":100}
INST f051d38edbd483b0 2016-03-28T21:28:03.500Z {"type":"good","target_tagname":"image","target_id":"progressbar","configurationSettings":"bridge-noproxy","number":4}
INST f051d38edbd483b0 2016-03-28T21:28:03.700Z {"type":"unload","target_id":"configuration"}
