INST 9109784ce9ce56e1 2016-03-28T21:20:44.900Z {"type":"start"}
INST 9109784ce9ce56e1 2016-03-28T21:20:47.100Z {"type":"select","target_tagname":"menulist","target_id":"proxyType","value":""}
INST 9109784ce9ce56e1 2016-03-28T21:20:47.100Z {"type":"wizardnext","target_tagname":"wizard","target_id":"TorNetworkSettings"}
INST 9109784ce9ce56e1 2016-03-28T21:20:47.100Z {"type":"pageshow","target_tagname":"wizardpage","target_id":"first"}
INST 9109784ce9ce56e1 2016-03-28T21:20:47.100Z {"type":"load","target_id":"configuration"}
INST 9109784ce9ce56e1 2016-03-28T21:20:47.100Z {"type":"select","target_tagname":"menulist","target_id":"defaultBridgeType","value":"obfs3"}
INST 9109784ce9ce56e1 2016-03-28T21:20:51.900Z {"type":"click","target_tagname":"wizardpage","target_id":"first","detail":1}
INST 9109784ce9ce56e1 2016-03-28T21:21:03.600Z {"type":"click","target_tagname":"button","target_id":"configure_button","detail":1}
INST 9109784ce9ce56e1 2016-03-28T21:21:03.600Z {"type":"pagehide","target_tagname":"wizardpage","target_id":"first"}
INST 9109784ce9ce56e1 2016-03-28T21:21:03.600Z {"type":"pageadvanced","target_tagname":"wizardpage","target_id":"first"}
INST 9109784ce9ce56e1 2016-03-28T21:21:03.600Z {"type":"wizardnext","target_tagname":"wizard","target_id":"TorNetworkSettings"}
INST 9109784ce9ce56e1 2016-03-28T21:21:03.600Z {"type":"pageshow","target_tagname":"wizardpage","target_id":"proxy"}
INST 9109784ce9ce56e1 2016-03-28T21:21:03.600Z {"type":"command","target_tagname":"button","target_id":"configure_button"}
INST 9109784ce9ce56e1 2016-03-28T21:21:07.200Z {"type":"click","target_tagname":"radio","target_id":"proxyRadioWith","detail":1}
INST 9109784ce9ce56e1 2016-03-28T21:21:07.200Z {"type":"command","target_tagname":"radio","target_id":"proxyRadioWith"}
INST 9109784ce9ce56e1 2016-03-28T21:21:08.200Z {"type":"click","target_tagname":"vbox","target_id":"","detail":1}
INST 9109784ce9ce56e1 2016-03-28T21:21:08.500Z {"type":"popupshown","target_tagname":"menupopup","target_id":"proxyType_menuPopup"}
INST 9109784ce9ce56e1 2016-03-28T21:21:08.600Z {"type":"click","target_tagname":"menulist","target_id":"proxyType","value":"","detail":1}
INST 9109784ce9ce56e1 2016-03-28T21:21:09.400Z {"type":"popuphidden","target_tagname":"menupopup","target_id":"proxyType_menuPopup"}
INST 9109784ce9ce56e1 2016-03-28T21:21:10.100Z {"type":"click","target_tagname":"radio","target_id":"proxyRadioWithout","detail":1}
INST 9109784ce9ce56e1 2016-03-28T21:21:10.100Z {"type":"command","target_tagname":"radio","target_id":"proxyRadioWithout"}
INST 9109784ce9ce56e1 2016-03-28T21:21:12.500Z {"type":"click","target_tagname":"wizard","target_id":"TorNetworkSettings","detail":1}
INST 9109784ce9ce56e1 2016-03-28T21:21:12.500Z {"type":"pagehide","target_tagname":"wizardpage","target_id":"proxy"}
INST 9109784ce9ce56e1 2016-03-28T21:21:12.500Z {"type":"pageadvanced","target_tagname":"wizardpage","target_id":"proxy"}
INST 9109784ce9ce56e1 2016-03-28T21:21:12.500Z {"type":"wizardnext","target_tagname":"wizard","target_id":"TorNetworkSettings"}
INST 9109784ce9ce56e1 2016-03-28T21:21:12.500Z {"type":"pageshow","target_tagname":"wizardpage","target_id":"bridges"}
INST 9109784ce9ce56e1 2016-03-28T21:21:12.500Z {"type":"command","target_tagname":"wizard","target_id":"TorNetworkSettings"}
INST 9109784ce9ce56e1 2016-03-28T21:21:19.900Z {"type":"click","target_tagname":"radio","target_id":"bridgeRadioDefault","detail":1}
INST 9109784ce9ce56e1 2016-03-28T21:21:19.900Z {"type":"command","target_tagname":"radio","target_id":"bridgeRadioDefault"}
INST 9109784ce9ce56e1 2016-03-28T21:21:20.800Z {"type":"popupshown","target_tagname":"menupopup","target_id":"defaultBridgeType_menuPopup"}
INST 9109784ce9ce56e1 2016-03-28T21:21:20.900Z {"type":"click","target_tagname":"menulist","target_id":"defaultBridgeType","value":"obfs3","detail":1}
INST 9109784ce9ce56e1 2016-03-28T21:21:21.300Z {"type":"popuphidden","target_tagname":"menupopup","target_id":"defaultBridgeType_menuPopup"}
INST 9109784ce9ce56e1 2016-03-28T21:21:23.500Z {"type":"click","target_tagname":"wizard","target_id":"TorNetworkSettings","detail":1}
INST 9109784ce9ce56e1 2016-03-28T21:21:23.500Z {"type":"pagehide","target_tagname":"wizardpage","target_id":"bridges"}
INST 9109784ce9ce56e1 2016-03-28T21:21:23.500Z {"type":"pageadvanced","target_tagname":"wizardpage","target_id":"bridges"}
INST 9109784ce9ce56e1 2016-03-28T21:21:23.500Z {"type":"wizardnext","target_tagname":"wizard","target_id":"TorNetworkSettings"}
INST 9109784ce9ce56e1 2016-03-28T21:21:23.500Z {"type":"pageshow","target_tagname":"wizardpage","target_id":"summary"}
INST 9109784ce9ce56e1 2016-03-28T21:21:23.500Z {"type":"command","target_tagname":"wizard","target_id":"TorNetworkSettings"}
INST 9109784ce9ce56e1 2016-03-28T21:21:25.700Z {"type":"pagehide","target_tagname":"wizardpage","target_id":"summary"}
INST 9109784ce9ce56e1 2016-03-28T21:21:25.700Z {"type":"pageadvanced","target_tagname":"wizardpage","target_id":"summary"}
INST 9109784ce9ce56e1 2016-03-28T21:21:25.800Z {"type":"wizardnext","target_tagname":"wizard","target_id":"TorNetworkSettings"}
INST 9109784ce9ce56e1 2016-03-28T21:21:25.800Z {"type":"pageshow","target_tagname":"wizardpage","target_id":"inlineprogress"}
INST 9109784ce9ce56e1 2016-03-28T21:21:25.800Z {"type":"click","target_tagname":"wizard","target_id":"TorNetworkSettings","detail":1}
INST 9109784ce9ce56e1 2016-03-28T21:21:32.900Z {"type":"progresschanged","target_tagname":"progressmeter","target_id":"progressMeter","value":5}
INST 9109784ce9ce56e1 2016-03-28T21:21:32.900Z {"type":"good","target_tagname":"image","target_id":"progressbar","configurationSettings":"bridge-noproxy","number":1}
INST 9109784ce9ce56e1 2016-03-28T21:21:32.900Z {"type":"progresschanged","target_tagname":"progressmeter","target_id":"progressMeter","value":10}
INST 9109784ce9ce56e1 2016-03-28T21:21:32.900Z {"type":"good","target_tagname":"image","target_id":"progressbar","configurationSettings":"bridge-noproxy","number":1}
INST 9109784ce9ce56e1 2016-03-28T21:22:17.500Z {"type":"click","target_tagname":"vbox","target_id":"","detail":1}
INST 9109784ce9ce56e1 2016-03-28T21:23:07.300Z {"type":"click","target_tagname":"wizardpage","target_id":"inlineprogress","detail":1}
INST 9109784ce9ce56e1 2016-03-28T21:23:16.500Z {"type":"click","target_tagname":"wizardpage","target_id":"inlineprogress","detail":1}
INST 9109784ce9ce56e1 2016-03-28T21:23:26.900Z {"type":"click","target_tagname":"wizard","target_id":"TorNetworkSettings","detail":1}
INST 9109784ce9ce56e1 2016-03-28T21:23:26.900Z {"type":"wizardcancel","target_tagname":"wizard","target_id":"TorNetworkSettings"}
INST 9109784ce9ce56e1 2016-03-28T21:23:27.000Z {"type":"command","target_tagname":"wizard","target_id":"TorNetworkSettings"}
INST 9109784ce9ce56e1 2016-03-28T21:23:27.000Z {"type":"unload","target_id":"configuration"}
INST 08bb687f2a601216 2016-03-28T21:23:36.300Z {"type":"start"}
INST 08bb687f2a601216 2016-03-28T21:23:37.100Z {"type":"select","target_tagname":"menulist","target_id":"proxyType","value":""}
INST 08bb687f2a601216 2016-03-28T21:23:37.100Z {"type":"wizardnext","target_tagname":"wizard","target_id":"TorNetworkSettings"}
INST 08bb687f2a601216 2016-03-28T21:23:37.100Z {"type":"pageshow","target_tagname":"wizardpage","target_id":"first"}
INST 08bb687f2a601216 2016-03-28T21:23:37.100Z {"type":"load","target_id":"configuration"}
INST 08bb687f2a601216 2016-03-28T21:23:37.200Z {"type":"select","target_tagname":"menulist","target_id":"defaultBridgeType","value":"obfs3"}
INST 08bb687f2a601216 2016-03-28T21:23:40.500Z {"type":"click","target_tagname":"button","target_id":"connect_button","detail":1}
INST 08bb687f2a601216 2016-03-28T21:23:40.500Z {"type":"pagehide","target_tagname":"wizardpage","target_id":"first"}
INST 08bb687f2a601216 2016-03-28T21:23:40.500Z {"type":"pageadvanced","target_tagname":"wizardpage","target_id":"first"}
INST 08bb687f2a601216 2016-03-28T21:23:40.500Z {"type":"wizardnext","target_tagname":"wizard","target_id":"TorNetworkSettings"}
INST 08bb687f2a601216 2016-03-28T21:23:40.500Z {"type":"pageshow","target_tagname":"wizardpage","target_id":"inlineprogress"}
INST 08bb687f2a601216 2016-03-28T21:23:40.600Z {"type":"command","target_tagname":"button","target_id":"connect_button"}
INST 08bb687f2a601216 2016-03-28T21:23:47.100Z {"type":"progresschanged","target_tagname":"progressmeter","target_id":"progressMeter","value":5}
INST 08bb687f2a601216 2016-03-28T21:23:47.100Z {"type":"good","target_tagname":"image","target_id":"progressbar","configurationSettings":"bridge-noproxy","number":1}
INST 08bb687f2a601216 2016-03-28T21:23:47.100Z {"type":"progresschanged","target_tagname":"progressmeter","target_id":"progressMeter","value":10}
INST 08bb687f2a601216 2016-03-28T21:23:47.100Z {"type":"good","target_tagname":"image","target_id":"progressbar","configurationSettings":"bridge-noproxy","number":1}
INST 08bb687f2a601216 2016-03-28T21:24:26.100Z {"type":"wizardcancel","target_tagname":"wizard","target_id":"TorNetworkSettings"}
INST 08bb687f2a601216 2016-03-28T21:24:26.100Z {"type":"unload","target_id":"configuration"}
INST c976df119d3b204c 2016-03-28T21:24:29.900Z {"type":"start"}
INST c976df119d3b204c 2016-03-28T21:24:30.500Z {"type":"select","target_tagname":"menulist","target_id":"proxyType","value":""}
INST c976df119d3b204c 2016-03-28T21:24:30.500Z {"type":"wizardnext","target_tagname":"wizard","target_id":"TorNetworkSettings"}
INST c976df119d3b204c 2016-03-28T21:24:30.500Z {"type":"pageshow","target_tagname":"wizardpage","target_id":"first"}
INST c976df119d3b204c 2016-03-28T21:24:30.600Z {"type":"load","target_id":"configuration"}
INST c976df119d3b204c 2016-03-28T21:24:30.600Z {"type":"select","target_tagname":"menulist","target_id":"defaultBridgeType","value":"obfs3"}
INST c976df119d3b204c 2016-03-28T21:25:13.900Z {"type":"click","target_tagname":"button","target_id":"connect_button","detail":1}
INST c976df119d3b204c 2016-03-28T21:25:14.000Z {"type":"pagehide","target_tagname":"wizardpage","target_id":"first"}
INST c976df119d3b204c 2016-03-28T21:25:14.000Z {"type":"pageadvanced","target_tagname":"wizardpage","target_id":"first"}
INST c976df119d3b204c 2016-03-28T21:25:14.000Z {"type":"wizardnext","target_tagname":"wizard","target_id":"TorNetworkSettings"}
INST c976df119d3b204c 2016-03-28T21:25:14.000Z {"type":"pageshow","target_tagname":"wizardpage","target_id":"inlineprogress"}
INST c976df119d3b204c 2016-03-28T21:25:14.000Z {"type":"command","target_tagname":"button","target_id":"connect_button"}
INST c976df119d3b204c 2016-03-28T21:25:17.800Z {"type":"click","target_tagname":"wizardpage","target_id":"inlineprogress","detail":1}
INST c976df119d3b204c 2016-03-28T21:25:18.700Z {"type":"click","target_tagname":"image","target_id":"progressbar","detail":1}
INST c976df119d3b204c 2016-03-28T21:25:18.900Z {"type":"click","target_tagname":"image","target_id":"progressbar","detail":1}
INST c976df119d3b204c 2016-03-28T21:25:19.400Z {"type":"click","target_tagname":"image","target_id":"progressbar","detail":1}
INST c976df119d3b204c 2016-03-28T21:25:19.700Z {"type":"click","target_tagname":"vbox","target_id":"","detail":1}
INST c976df119d3b204c 2016-03-28T21:25:20.100Z {"type":"click","target_tagname":"wizard","target_id":"TorNetworkSettings","detail":1}
INST c976df119d3b204c 2016-03-28T21:25:20.400Z {"type":"progresschanged","target_tagname":"progressmeter","target_id":"progressMeter","value":5}
INST c976df119d3b204c 2016-03-28T21:25:20.400Z {"type":"good","target_tagname":"image","target_id":"progressbar","configurationSettings":"bridge-noproxy","number":1}
INST c976df119d3b204c 2016-03-28T21:25:20.400Z {"type":"progresschanged","target_tagname":"progressmeter","target_id":"progressMeter","value":10}
INST c976df119d3b204c 2016-03-28T21:25:20.400Z {"type":"good","target_tagname":"image","target_id":"progressbar","configurationSettings":"bridge-noproxy","number":1}
INST c976df119d3b204c 2016-03-28T21:25:27.900Z {"type":"click","target_tagname":"wizardpage","target_id":"inlineprogress","detail":1}
INST c976df119d3b204c 2016-03-28T21:25:40.100Z {"type":"wizardcancel","target_tagname":"wizard","target_id":"TorNetworkSettings"}
INST c976df119d3b204c 2016-03-28T21:25:40.100Z {"type":"unload","target_id":"configuration"}
INST 4eebf301ff153fe7 2016-03-28T21:26:11.100Z {"type":"start"}
INST 4eebf301ff153fe7 2016-03-28T21:26:11.800Z {"type":"select","target_tagname":"menulist","target_id":"proxyType","value":""}
INST 4eebf301ff153fe7 2016-03-28T21:26:11.800Z {"type":"wizardnext","target_tagname":"wizard","target_id":"TorNetworkSettings"}
INST 4eebf301ff153fe7 2016-03-28T21:26:11.800Z {"type":"pageshow","target_tagname":"wizardpage","target_id":"first"}
INST 4eebf301ff153fe7 2016-03-28T21:26:11.800Z {"type":"load","target_id":"configuration"}
INST 4eebf301ff153fe7 2016-03-28T21:26:11.800Z {"type":"select","target_tagname":"menulist","target_id":"defaultBridgeType","value":"obfs3"}
INST 4eebf301ff153fe7 2016-03-28T21:26:13.200Z {"type":"click","target_tagname":"button","target_id":"connect_button","detail":1}
INST 4eebf301ff153fe7 2016-03-28T21:26:13.200Z {"type":"pagehide","target_tagname":"wizardpage","target_id":"first"}
INST 4eebf301ff153fe7 2016-03-28T21:26:13.200Z {"type":"pageadvanced","target_tagname":"wizardpage","target_id":"first"}
INST 4eebf301ff153fe7 2016-03-28T21:26:13.200Z {"type":"wizardnext","target_tagname":"wizard","target_id":"TorNetworkSettings"}
INST 4eebf301ff153fe7 2016-03-28T21:26:13.200Z {"type":"pageshow","target_tagname":"wizardpage","target_id":"inlineprogress"}
INST 4eebf301ff153fe7 2016-03-28T21:26:13.200Z {"type":"command","target_tagname":"button","target_id":"connect_button"}
INST 4eebf301ff153fe7 2016-03-28T21:26:18.800Z {"type":"click","target_tagname":"vbox","target_id":"","detail":1}
INST 4eebf301ff153fe7 2016-03-28T21:26:19.600Z {"type":"progresschanged","target_tagname":"progressmeter","target_id":"progressMeter","value":5}
INST 4eebf301ff153fe7 2016-03-28T21:26:19.600Z {"type":"good","target_tagname":"image","target_id":"progressbar","configurationSettings":"bridge-noproxy","number":1}
INST 4eebf301ff153fe7 2016-03-28T21:26:19.600Z {"type":"progresschanged","target_tagname":"progressmeter","target_id":"progressMeter","value":10}
INST 4eebf301ff153fe7 2016-03-28T21:26:19.600Z {"type":"good","target_tagname":"image","target_id":"progressbar","configurationSettings":"bridge-noproxy","number":1}
INST 4eebf301ff153fe7 2016-03-28T21:26:21.200Z {"type":"click","target_tagname":"wizard","target_id":"TorNetworkSettings","detail":1}
INST 4eebf301ff153fe7 2016-03-28T21:26:21.200Z {"type":"extra2","target_tagname":"wizardpage","target_id":"inlineprogress"}
INST 4eebf301ff153fe7 2016-03-28T21:26:21.200Z {"type":"command","target_tagname":"wizard","target_id":"TorNetworkSettings"}
INST 4eebf301ff153fe7 2016-03-28T21:26:21.400Z {"type":"popupshown","target_tagname":"panel","target_id":"copyLogFeedbackPanel"}
INST 4eebf301ff153fe7 2016-03-28T21:26:23.600Z {"type":"click","target_tagname":"wizard","target_id":"TorNetworkSettings","detail":1}
INST 4eebf301ff153fe7 2016-03-28T21:26:23.600Z {"type":"extra2","target_tagname":"wizardpage","target_id":"inlineprogress"}
INST 4eebf301ff153fe7 2016-03-28T21:26:23.600Z {"type":"command","target_tagname":"wizard","target_id":"TorNetworkSettings"}
INST 4eebf301ff153fe7 2016-03-28T21:26:23.600Z {"type":"popuphidden","target_tagname":"panel","target_id":"copyLogFeedbackPanel"}
INST 4eebf301ff153fe7 2016-03-28T21:26:24.000Z {"type":"click","target_tagname":"wizard","target_id":"TorNetworkSettings","detail":2}
INST 4eebf301ff153fe7 2016-03-28T21:26:24.000Z {"type":"extra2","target_tagname":"wizardpage","target_id":"inlineprogress"}
INST 4eebf301ff153fe7 2016-03-28T21:26:24.000Z {"type":"command","target_tagname":"wizard","target_id":"TorNetworkSettings"}
INST 4eebf301ff153fe7 2016-03-28T21:26:24.200Z {"type":"popupshown","target_tagname":"panel","target_id":"copyLogFeedbackPanel"}
INST 4eebf301ff153fe7 2016-03-28T21:26:24.400Z {"type":"click","target_tagname":"wizard","target_id":"TorNetworkSettings","detail":3}
INST 4eebf301ff153fe7 2016-03-28T21:26:24.400Z {"type":"extra2","target_tagname":"wizardpage","target_id":"inlineprogress"}
INST 4eebf301ff153fe7 2016-03-28T21:26:24.400Z {"type":"command","target_tagname":"wizard","target_id":"TorNetworkSettings"}
INST 4eebf301ff153fe7 2016-03-28T21:26:24.500Z {"type":"popuphidden","target_tagname":"panel","target_id":"copyLogFeedbackPanel"}
INST 4eebf301ff153fe7 2016-03-28T21:26:24.600Z {"type":"click","target_tagname":"wizard","target_id":"TorNetworkSettings","detail":2}
INST 4eebf301ff153fe7 2016-03-28T21:26:24.600Z {"type":"extra2","target_tagname":"wizardpage","target_id":"inlineprogress"}
INST 4eebf301ff153fe7 2016-03-28T21:26:24.600Z {"type":"command","target_tagname":"wizard","target_id":"TorNetworkSettings"}
INST 4eebf301ff153fe7 2016-03-28T21:26:24.800Z {"type":"popupshown","target_tagname":"panel","target_id":"copyLogFeedbackPanel"}
INST 4eebf301ff153fe7 2016-03-28T21:26:24.800Z {"type":"popuphidden","target_tagname":"panel","target_id":"copyLogFeedbackPanel"}
INST 4eebf301ff153fe7 2016-03-28T21:26:24.800Z {"type":"click","target_tagname":"wizard","target_id":"TorNetworkSettings","detail":3}
INST 4eebf301ff153fe7 2016-03-28T21:26:24.800Z {"type":"extra2","target_tagname":"wizardpage","target_id":"inlineprogress"}
INST 4eebf301ff153fe7 2016-03-28T21:26:24.800Z {"type":"command","target_tagname":"wizard","target_id":"TorNetworkSettings"}
INST 4eebf301ff153fe7 2016-03-28T21:26:25.000Z {"type":"click","target_tagname":"wizard","target_id":"TorNetworkSettings","detail":2}
INST 4eebf301ff153fe7 2016-03-28T21:26:25.000Z {"type":"extra2","target_tagname":"wizardpage","target_id":"inlineprogress"}
INST 4eebf301ff153fe7 2016-03-28T21:26:25.000Z {"type":"command","target_tagname":"wizard","target_id":"TorNetworkSettings"}
INST 4eebf301ff153fe7 2016-03-28T21:26:25.000Z {"type":"popupshown","target_tagname":"panel","target_id":"copyLogFeedbackPanel"}
INST 4eebf301ff153fe7 2016-03-28T21:26:25.300Z {"type":"click","target_tagname":"wizardpage","target_id":"inlineprogress","detail":1}
INST 4eebf301ff153fe7 2016-03-28T21:26:25.400Z {"type":"popuphidden","target_tagname":"panel","target_id":"copyLogFeedbackPanel"}
INST 4eebf301ff153fe7 2016-03-28T21:26:39.700Z {"type":"click","target_tagname":"wizard","target_id":"TorNetworkSettings","detail":1}
INST 4eebf301ff153fe7 2016-03-28T21:26:39.700Z {"type":"wizardcancel","target_tagname":"wizard","target_id":"TorNetworkSettings"}
INST 4eebf301ff153fe7 2016-03-28T21:26:39.700Z {"type":"command","target_tagname":"wizard","target_id":"TorNetworkSettings"}
INST 4eebf301ff153fe7 2016-03-28T21:26:39.700Z {"type":"unload","target_id":"configuration"}
INST 7a9c1e2e7a892ed4 2016-03-28T21:26:41.700Z {"type":"start"}
INST 7a9c1e2e7a892ed4 2016-03-28T21:26:42.300Z {"type":"select","target_tagname":"menulist","target_id":"proxyType","value":""}
INST 7a9c1e2e7a892ed4 2016-03-28T21:26:42.300Z {"type":"wizardnext","target_tagname":"wizard","target_id":"TorNetworkSettings"}
INST 7a9c1e2e7a892ed4 2016-03-28T21:26:42.300Z {"type":"pageshow","target_tagname":"wizardpage","target_id":"first"}
INST 7a9c1e2e7a892ed4 2016-03-28T21:26:42.400Z {"type":"load","target_id":"configuration"}
INST 7a9c1e2e7a892ed4 2016-03-28T21:26:42.400Z {"type":"select","target_tagname":"menulist","target_id":"defaultBridgeType","value":"obfs3"}
INST 7a9c1e2e7a892ed4 2016-03-28T21:26:45.200Z {"type":"click","target_tagname":"button","target_id":"configure_button","detail":1}
INST 7a9c1e2e7a892ed4 2016-03-28T21:26:45.200Z {"type":"pagehide","target_tagname":"wizardpage","target_id":"first"}
INST 7a9c1e2e7a892ed4 2016-03-28T21:26:45.200Z {"type":"pageadvanced","target_tagname":"wizardpage","target_id":"first"}
INST 7a9c1e2e7a892ed4 2016-03-28T21:26:45.200Z {"type":"wizardnext","target_tagname":"wizard","target_id":"TorNetworkSettings"}
INST 7a9c1e2e7a892ed4 2016-03-28T21:26:45.200Z {"type":"pageshow","target_tagname":"wizardpage","target_id":"proxy"}
INST 7a9c1e2e7a892ed4 2016-03-28T21:26:45.200Z {"type":"command","target_tagname":"button","target_id":"configure_button"}
INST 7a9c1e2e7a892ed4 2016-03-28T21:26:46.900Z {"type":"click","target_tagname":"radio","target_id":"proxyRadioWith","detail":1}
INST 7a9c1e2e7a892ed4 2016-03-28T21:26:46.900Z {"type":"command","target_tagname":"radio","target_id":"proxyRadioWith"}
INST 7a9c1e2e7a892ed4 2016-03-28T21:26:47.600Z {"type":"popupshown","target_tagname":"menupopup","target_id":"proxyType_menuPopup"}
INST 7a9c1e2e7a892ed4 2016-03-28T21:26:47.700Z {"type":"click","target_tagname":"menulist","target_id":"proxyType","value":"","detail":1}
INST 7a9c1e2e7a892ed4 2016-03-28T21:26:48.000Z {"type":"mouseover","target_tagname":"menuitem","target_id":"","value":""}
INST 7a9c1e2e7a892ed4 2016-03-28T21:26:48.000Z {"type":"mouseout","target_tagname":"menuitem","target_id":"","value":""}
INST 7a9c1e2e7a892ed4 2016-03-28T21:26:48.000Z {"type":"mouseover","target_tagname":"menuitem","target_id":"","value":"SOCKS4"}
INST 7a9c1e2e7a892ed4 2016-03-28T21:26:48.500Z {"type":"mouseout","target_tagname":"menuitem","target_id":"","value":"SOCKS4"}
INST 7a9c1e2e7a892ed4 2016-03-28T21:26:48.500Z {"type":"mouseover","target_tagname":"menuitem","target_id":"","value":"SOCKS5"}
INST 7a9c1e2e7a892ed4 2016-03-28T21:26:48.600Z {"type":"mouseout","target_tagname":"menuitem","target_id":"","value":"SOCKS5"}
INST 7a9c1e2e7a892ed4 2016-03-28T21:26:48.600Z {"type":"mouseover","target_tagname":"menuitem","target_id":"","value":"HTTP"}
INST 7a9c1e2e7a892ed4 2016-03-28T21:26:48.800Z {"type":"click","target_tagname":"menuitem","target_id":"","value":"HTTP","detail":1}
INST 7a9c1e2e7a892ed4 2016-03-28T21:26:48.800Z {"type":"select","target_tagname":"menulist","target_id":"proxyType","value":"HTTP"}
INST 7a9c1e2e7a892ed4 2016-03-28T21:26:48.800Z {"type":"command","target_tagname":"menuitem","target_id":"","value":"HTTP"}
INST 7a9c1e2e7a892ed4 2016-03-28T21:26:48.800Z {"type":"popuphidden","target_tagname":"menupopup","target_id":"proxyType_menuPopup"}
INST 7a9c1e2e7a892ed4 2016-03-28T21:26:48.900Z {"type":"mouseout","target_tagname":"menuitem","target_id":"","value":"HTTP"}
INST 7a9c1e2e7a892ed4 2016-03-28T21:26:49.200Z {"type":"select","target_tagname":"textbox","target_id":"proxyAddr"}
INST 7a9c1e2e7a892ed4 2016-03-28T21:26:49.400Z {"type":"click","target_tagname":"textbox","target_id":"proxyAddr","detail":1}
INST 7a9c1e2e7a892ed4 2016-03-28T21:26:49.600Z {"type":"click","target_tagname":"textbox","target_id":"proxyAddr","detail":2}
INST 7a9c1e2e7a892ed4 2016-03-28T21:26:55.700Z {"type":"click","target_tagname":"radio","target_id":"proxyRadioWithout","detail":1}
INST 7a9c1e2e7a892ed4 2016-03-28T21:26:55.700Z {"type":"command","target_tagname":"radio","target_id":"proxyRadioWithout"}
INST 7a9c1e2e7a892ed4 2016-03-28T21:26:56.700Z {"type":"click","target_tagname":"wizard","target_id":"TorNetworkSettings","detail":1}
INST 7a9c1e2e7a892ed4 2016-03-28T21:26:56.700Z {"type":"pagehide","target_tagname":"wizardpage","target_id":"proxy"}
INST 7a9c1e2e7a892ed4 2016-03-28T21:26:56.700Z {"type":"pageadvanced","target_tagname":"wizardpage","target_id":"proxy"}
INST 7a9c1e2e7a892ed4 2016-03-28T21:26:56.700Z {"type":"wizardnext","target_tagname":"wizard","target_id":"TorNetworkSettings"}
INST 7a9c1e2e7a892ed4 2016-03-28T21:26:56.700Z {"type":"pageshow","target_tagname":"wizardpage","target_id":"bridges"}
INST 7a9c1e2e7a892ed4 2016-03-28T21:26:56.700Z {"type":"command","target_tagname":"wizard","target_id":"TorNetworkSettings"}
INST 7a9c1e2e7a892ed4 2016-03-28T21:27:04.300Z {"type":"popupshown","target_tagname":"menupopup","target_id":"defaultBridgeType_menuPopup"}
INST 7a9c1e2e7a892ed4 2016-03-28T21:27:04.400Z {"type":"click","target_tagname":"menulist","target_id":"defaultBridgeType","value":"obfs3","detail":1}
INST 7a9c1e2e7a892ed4 2016-03-28T21:27:04.900Z {"type":"mouseover","target_tagname":"menuitem","target_id":"","value":"flashproxy"}
INST 7a9c1e2e7a892ed4 2016-03-28T21:27:05.000Z {"type":"mouseout","target_tagname":"menuitem","target_id":"","value":"flashproxy"}
INST 7a9c1e2e7a892ed4 2016-03-28T21:27:05.000Z {"type":"mouseover","target_tagname":"menuitem","target_id":"","value":"fte"}
INST 7a9c1e2e7a892ed4 2016-03-28T21:27:05.000Z {"type":"mouseout","target_tagname":"menuitem","target_id":"","value":"fte"}
INST 7a9c1e2e7a892ed4 2016-03-28T21:27:05.000Z {"type":"mouseover","target_tagname":"menuitem","target_id":"","value":"fte-ipv6"}
INST 7a9c1e2e7a892ed4 2016-03-28T21:27:05.000Z {"type":"mouseout","target_tagname":"menuitem","target_id":"","value":"fte-ipv6"}
INST 7a9c1e2e7a892ed4 2016-03-28T21:27:05.000Z {"type":"mouseover","target_tagname":"menuitem","target_id":"","value":"meek-amazon"}
INST 7a9c1e2e7a892ed4 2016-03-28T21:27:05.300Z {"type":"mouseout","target_tagname":"menuitem","target_id":"","value":"meek-amazon"}
INST 7a9c1e2e7a892ed4 2016-03-28T21:27:05.300Z {"type":"mouseover","target_tagname":"menuitem","target_id":"","value":"meek-azure"}
INST 7a9c1e2e7a892ed4 2016-03-28T21:27:05.800Z {"type":"mouseout","target_tagname":"menuitem","target_id":"","value":"meek-azure"}
INST 7a9c1e2e7a892ed4 2016-03-28T21:27:05.800Z {"type":"mouseover","target_tagname":"menuitem","target_id":"","value":"meek-google"}
INST 7a9c1e2e7a892ed4 2016-03-28T21:27:06.100Z {"type":"click","target_tagname":"menuitem","target_id":"","value":"meek-google","detail":1}
INST 7a9c1e2e7a892ed4 2016-03-28T21:27:06.100Z {"type":"select","target_tagname":"menulist","target_id":"defaultBridgeType","value":"meek-google"}
INST 7a9c1e2e7a892ed4 2016-03-28T21:27:06.100Z {"type":"command","target_tagname":"menuitem","target_id":"","value":"meek-google"}
INST 7a9c1e2e7a892ed4 2016-03-28T21:27:06.100Z {"type":"popuphidden","target_tagname":"menupopup","target_id":"defaultBridgeType_menuPopup"}
INST 7a9c1e2e7a892ed4 2016-03-28T21:27:06.100Z {"type":"mouseout","target_tagname":"menuitem","target_id":"","value":"meek-google"}
INST 7a9c1e2e7a892ed4 2016-03-28T21:27:08.400Z {"type":"click","target_tagname":"wizard","target_id":"TorNetworkSettings","detail":1}
INST 7a9c1e2e7a892ed4 2016-03-28T21:27:08.400Z {"type":"pagehide","target_tagname":"wizardpage","target_id":"bridges"}
INST 7a9c1e2e7a892ed4 2016-03-28T21:27:08.400Z {"type":"pageadvanced","target_tagname":"wizardpage","target_id":"bridges"}
INST 7a9c1e2e7a892ed4 2016-03-28T21:27:08.400Z {"type":"wizardnext","target_tagname":"wizard","target_id":"TorNetworkSettings"}
INST 7a9c1e2e7a892ed4 2016-03-28T21:27:08.400Z {"type":"pageshow","target_tagname":"wizardpage","target_id":"summary"}
INST 7a9c1e2e7a892ed4 2016-03-28T21:27:08.400Z {"type":"command","target_tagname":"wizard","target_id":"TorNetworkSettings"}
INST 7a9c1e2e7a892ed4 2016-03-28T21:27:11.000Z {"type":"pagehide","target_tagname":"wizardpage","target_id":"summary"}
INST 7a9c1e2e7a892ed4 2016-03-28T21:27:11.000Z {"type":"pageadvanced","target_tagname":"wizardpage","target_id":"summary"}
INST 7a9c1e2e7a892ed4 2016-03-28T21:27:11.100Z {"type":"wizardnext","target_tagname":"wizard","target_id":"TorNetworkSettings"}
INST 7a9c1e2e7a892ed4 2016-03-28T21:27:11.100Z {"type":"pageshow","target_tagname":"wizardpage","target_id":"inlineprogress"}
INST 7a9c1e2e7a892ed4 2016-03-28T21:27:11.100Z {"type":"click","target_tagname":"wizard","target_id":"TorNetworkSettings","detail":1}
INST 7a9c1e2e7a892ed4 2016-03-28T21:27:17.200Z {"type":"progresschanged","target_tagname":"progressmeter","target_id":"progressMeter","value":5}
INST 7a9c1e2e7a892ed4 2016-03-28T21:27:17.200Z {"type":"good","target_tagname":"image","target_id":"progressbar","configurationSettings":"bridge-noproxy","number":1}
INST 7a9c1e2e7a892ed4 2016-03-28T21:27:17.200Z {"type":"progresschanged","target_tagname":"progressmeter","target_id":"progressMeter","value":10}
INST 7a9c1e2e7a892ed4 2016-03-28T21:27:17.200Z {"type":"good","target_tagname":"image","target_id":"progressbar","configurationSettings":"bridge-noproxy","number":1}
INST 7a9c1e2e7a892ed4 2016-03-28T21:27:21.400Z {"type":"progresschanged","target_tagname":"progressmeter","target_id":"progressMeter","value":15}
INST 7a9c1e2e7a892ed4 2016-03-28T21:27:21.500Z {"type":"good","target_tagname":"image","target_id":"progressbar","configurationSettings":"bridge-noproxy","number":1}
INST 7a9c1e2e7a892ed4 2016-03-28T21:27:21.700Z {"type":"progresschanged","target_tagname":"progressmeter","target_id":"progressMeter","value":20}
INST 7a9c1e2e7a892ed4 2016-03-28T21:27:21.700Z {"type":"good","target_tagname":"image","target_id":"progressbar","configurationSettings":"bridge-noproxy","number":1}
INST 7a9c1e2e7a892ed4 2016-03-28T21:27:22.300Z {"type":"progresschanged","target_tagname":"progressmeter","target_id":"progressMeter","value":25}
INST 7a9c1e2e7a892ed4 2016-03-28T21:27:22.300Z {"type":"good","target_tagname":"image","target_id":"progressbar","configurationSettings":"bridge-noproxy","number":2}
INST 7a9c1e2e7a892ed4 2016-03-28T21:27:24.900Z {"type":"progresschanged","target_tagname":"progressmeter","target_id":"progressMeter","value":40}
INST 7a9c1e2e7a892ed4 2016-03-28T21:27:24.900Z {"type":"good","target_tagname":"image","target_id":"progressbar","configurationSettings":"bridge-noproxy","number":2}
INST 7a9c1e2e7a892ed4 2016-03-28T21:27:26.100Z {"type":"progresschanged","target_tagname":"progressmeter","target_id":"progressMeter","value":45}
INST 7a9c1e2e7a892ed4 2016-03-28T21:27:26.100Z {"type":"good","target_tagname":"image","target_id":"progressbar","configurationSettings":"bridge-noproxy","number":2}
INST 7a9c1e2e7a892ed4 2016-03-28T21:27:26.300Z {"type":"progresschanged","target_tagname":"progressmeter","target_id":"progressMeter","value":50}
INST 7a9c1e2e7a892ed4 2016-03-28T21:27:26.300Z {"type":"good","target_tagname":"image","target_id":"progressbar","configurationSettings":"bridge-noproxy","number":2}
INST 7a9c1e2e7a892ed4 2016-03-28T21:27:33.600Z {"type":"progresschanged","target_tagname":"progressmeter","target_id":"progressMeter","value":51}
INST 7a9c1e2e7a892ed4 2016-03-28T21:27:33.600Z {"type":"good","target_tagname":"image","target_id":"progressbar","configurationSettings":"bridge-noproxy","number":2}
INST 7a9c1e2e7a892ed4 2016-03-28T21:27:33.700Z {"type":"progresschanged","target_tagname":"progressmeter","target_id":"progressMeter","value":52}
INST 7a9c1e2e7a892ed4 2016-03-28T21:27:33.700Z {"type":"good","target_tagname":"image","target_id":"progressbar","configurationSettings":"bridge-noproxy","number":2}
INST 7a9c1e2e7a892ed4 2016-03-28T21:27:33.700Z {"type":"progresschanged","target_tagname":"progressmeter","target_id":"progressMeter","value":55}
INST 7a9c1e2e7a892ed4 2016-03-28T21:27:33.700Z {"type":"good","target_tagname":"image","target_id":"progressbar","configurationSettings":"bridge-noproxy","number":2}
INST 7a9c1e2e7a892ed4 2016-03-28T21:27:33.900Z {"type":"progresschanged","target_tagname":"progressmeter","target_id":"progressMeter","value":57}
INST 7a9c1e2e7a892ed4 2016-03-28T21:27:34.000Z {"type":"good","target_tagname":"image","target_id":"progressbar","configurationSettings":"bridge-noproxy","number":2}
INST 7a9c1e2e7a892ed4 2016-03-28T21:27:34.000Z {"type":"progresschanged","target_tagname":"progressmeter","target_id":"progressMeter","value":60}
INST 7a9c1e2e7a892ed4 2016-03-28T21:27:34.000Z {"type":"good","target_tagname":"image","target_id":"progressbar","configurationSettings":"bridge-noproxy","number":2}
INST 7a9c1e2e7a892ed4 2016-03-28T21:27:34.000Z {"type":"progresschanged","target_tagname":"progressmeter","target_id":"progressMeter","value":64}
INST 7a9c1e2e7a892ed4 2016-03-28T21:27:34.000Z {"type":"good","target_tagname":"image","target_id":"progressbar","configurationSettings":"bridge-noproxy","number":2}
INST 7a9c1e2e7a892ed4 2016-03-28T21:27:34.000Z {"type":"progresschanged","target_tagname":"progressmeter","target_id":"progressMeter","value":70}
INST 7a9c1e2e7a892ed4 2016-03-28T21:27:34.000Z {"type":"good","target_tagname":"image","target_id":"progressbar","configurationSettings":"bridge-noproxy","number":2}
INST 7a9c1e2e7a892ed4 2016-03-28T21:27:34.000Z {"type":"progresschanged","target_tagname":"progressmeter","target_id":"progressMeter","value":77}
INST 7a9c1e2e7a892ed4 2016-03-28T21:27:34.000Z {"type":"good","target_tagname":"image","target_id":"progressbar","configurationSettings":"bridge-noproxy","number":2}
INST 7a9c1e2e7a892ed4 2016-03-28T21:27:34.300Z {"type":"progresschanged","target_tagname":"progressmeter","target_id":"progressMeter","value":80}
INST 7a9c1e2e7a892ed4 2016-03-28T21:27:34.300Z {"type":"good","target_tagname":"image","target_id":"progressbar","configurationSettings":"bridge-noproxy","number":2}
INST 7a9c1e2e7a892ed4 2016-03-28T21:27:34.300Z {"type":"progresschanged","target_tagname":"progressmeter","target_id":"progressMeter","value":90}
INST 7a9c1e2e7a892ed4 2016-03-28T21:27:34.300Z {"type":"good","target_tagname":"image","target_id":"progressbar","configurationSettings":"bridge-noproxy","number":3}
INST 7a9c1e2e7a892ed4 2016-03-28T21:27:35.300Z {"type":"progresschanged","target_tagname":"progressmeter","target_id":"progressMeter","value":100}
INST 7a9c1e2e7a892ed4 2016-03-28T21:27:35.300Z {"type":"good","target_tagname":"image","target_id":"progressbar","configurationSettings":"bridge-noproxy","number":4}
INST 7a9c1e2e7a892ed4 2016-03-28T21:27:35.500Z {"type":"unload","target_id":"configuration"}
