INST eafb80b4451701df 2016-03-28T21:20:17.200Z {"type":"start"}
INST eafb80b4451701df 2016-03-28T21:20:19.600Z {"type":"select","target_tagname":"menulist","target_id":"proxyType","value":""}
INST eafb80b4451701df 2016-03-28T21:20:19.600Z {"type":"wizardnext","target_tagname":"wizard","target_id":"TorNetworkSettings"}
INST eafb80b4451701df 2016-03-28T21:20:19.600Z {"type":"pageshow","target_tagname":"wizardpage","target_id":"first"}
INST eafb80b4451701df 2016-03-28T21:20:19.700Z {"type":"load","target_id":"configuration"}
INST eafb80b4451701df 2016-03-28T21:20:19.700Z {"type":"select","target_tagname":"menulist","target_id":"defaultBridgeType","value":"obfs3"}
INST eafb80b4451701df 2016-03-28T21:20:43.500Z {"type":"click","target_tagname":"button","target_id":"connect_button","detail":1}
INST eafb80b4451701df 2016-03-28T21:20:43.500Z {"type":"pagehide","target_tagname":"wizardpage","target_id":"first"}
INST eafb80b4451701df 2016-03-28T21:20:43.500Z {"type":"pageadvanced","target_tagname":"wizardpage","target_id":"first"}
INST eafb80b4451701df 2016-03-28T21:20:43.500Z {"type":"wizardnext","target_tagname":"wizard","target_id":"TorNetworkSettings"}
INST eafb80b4451701df 2016-03-28T21:20:43.500Z {"type":"pageshow","target_tagname":"wizardpage","target_id":"inlineprogress"}
INST eafb80b4451701df 2016-03-28T21:20:43.500Z {"type":"command","target_tagname":"button","target_id":"connect_button"}
INST eafb80b4451701df 2016-03-28T21:20:43.800Z {"type":"progresschanged","target_tagname":"progressmeter","target_id":"progressMeter","value":5}
INST eafb80b4451701df 2016-03-28T21:20:43.800Z {"type":"good","target_tagname":"image","target_id":"progressbar","configurationSettings":"nobridge-noproxy","number":1}
INST eafb80b4451701df 2016-03-28T21:20:43.800Z {"type":"progresschanged","target_tagname":"progressmeter","target_id":"progressMeter","value":5}
INST eafb80b4451701df 2016-03-28T21:20:43.800Z {"type":"good","target_tagname":"image","target_id":"progressbar","configurationSettings":"nobridge-noproxy","number":1}
INST eafb80b4451701df 2016-03-28T21:20:43.900Z {"type":"progresschanged","target_tagname":"progressmeter","target_id":"progressMeter","value":5}
INST eafb80b4451701df 2016-03-28T21:20:43.900Z {"type":"good","target_tagname":"image","target_id":"progressbar","configurationSettings":"nobridge-noproxy","number":1}
INST eafb80b4451701df 2016-03-28T21:21:44.800Z {"type":"progresschanged","target_tagname":"progressmeter","target_id":"progressMeter","value":5}
INST eafb80b4451701df 2016-03-28T21:21:44.800Z {"type":"good","target_tagname":"image","target_id":"progressbar","configurationSettings":"nobridge-noproxy","number":1}
INST eafb80b4451701df 2016-03-28T21:22:45.800Z {"type":"click","target_tagname":"vbox","target_id":"","detail":1}
INST eafb80b4451701df 2016-03-28T21:23:14.700Z {"type":"click","target_tagname":"wizard","target_id":"TorNetworkSettings","detail":1}
INST eafb80b4451701df 2016-03-28T21:23:24.600Z {"type":"click","target_tagname":"image","target_id":"progressbar","detail":1}
INST eafb80b4451701df 2016-03-28T21:23:38.000Z {"type":"click","target_tagname":"image","target_id":"progressbar","detail":1}
INST e501f4777291603a 2016-03-28T21:23:58.900Z {"type":"start"}
INST e501f4777291603a 2016-03-28T21:23:59.600Z {"type":"select","target_tagname":"menulist","target_id":"proxyType","value":""}
INST e501f4777291603a 2016-03-28T21:23:59.600Z {"type":"wizardnext","target_tagname":"wizard","target_id":"TorNetworkSettings"}
INST e501f4777291603a 2016-03-28T21:23:59.600Z {"type":"pageshow","target_tagname":"wizardpage","target_id":"first"}
INST e501f4777291603a 2016-03-28T21:23:59.600Z {"type":"load","target_id":"configuration"}
INST e501f4777291603a 2016-03-28T21:23:59.600Z {"type":"select","target_tagname":"menulist","target_id":"defaultBridgeType","value":"obfs3"}
INST e501f4777291603a 2016-03-28T21:24:01.400Z {"type":"click","target_tagname":"button","target_id":"configure_button","detail":1}
INST e501f4777291603a 2016-03-28T21:24:01.400Z {"type":"pagehide","target_tagname":"wizardpage","target_id":"first"}
INST e501f4777291603a 2016-03-28T21:24:01.400Z {"type":"pageadvanced","target_tagname":"wizardpage","target_id":"first"}
INST e501f4777291603a 2016-03-28T21:24:01.400Z {"type":"wizardnext","target_tagname":"wizard","target_id":"TorNetworkSettings"}
INST e501f4777291603a 2016-03-28T21:24:01.400Z {"type":"pageshow","target_tagname":"wizardpage","target_id":"proxy"}
INST e501f4777291603a 2016-03-28T21:24:01.400Z {"type":"command","target_tagname":"button","target_id":"configure_button"}
INST e501f4777291603a 2016-03-28T21:24:06.400Z {"type":"click","target_tagname":"wizard","target_id":"TorNetworkSettings","detail":1}
INST e501f4777291603a 2016-03-28T21:24:06.400Z {"type":"pagehide","target_tagname":"wizardpage","target_id":"proxy"}
INST e501f4777291603a 2016-03-28T21:24:06.400Z {"type":"pageadvanced","target_tagname":"wizardpage","target_id":"proxy"}
INST e501f4777291603a 2016-03-28T21:24:06.400Z {"type":"wizardnext","target_tagname":"wizard","target_id":"TorNetworkSettings"}
INST e501f4777291603a 2016-03-28T21:24:06.400Z {"type":"pageshow","target_tagname":"wizardpage","target_id":"bridges"}
INST e501f4777291603a 2016-03-28T21:24:06.400Z {"type":"command","target_tagname":"wizard","target_id":"TorNetworkSettings"}
INST e501f4777291603a 2016-03-28T21:24:15.200Z {"type":"click","target_tagname":"radio","target_id":"bridgeRadioDefault","detail":1}
INST e501f4777291603a 2016-03-28T21:24:15.200Z {"type":"command","target_tagname":"radio","target_id":"bridgeRadioDefault"}
INST e501f4777291603a 2016-03-28T21:24:19.600Z {"type":"click","target_tagname":"wizard","target_id":"TorNetworkSettings","detail":1}
INST e501f4777291603a 2016-03-28T21:24:19.600Z {"type":"pagehide","target_tagname":"wizardpage","target_id":"bridges"}
INST e501f4777291603a 2016-03-28T21:24:19.600Z {"type":"pageadvanced","target_tagname":"wizardpage","target_id":"bridges"}
INST e501f4777291603a 2016-03-28T21:24:19.600Z {"type":"wizardnext","target_tagname":"wizard","target_id":"TorNetworkSettings"}
INST e501f4777291603a 2016-03-28T21:24:19.600Z {"type":"pageshow","target_tagname":"wizardpage","target_id":"summary"}
INST e501f4777291603a 2016-03-28T21:24:19.600Z {"type":"command","target_tagname":"wizard","target_id":"TorNetworkSettings"}
INST e501f4777291603a 2016-03-28T21:24:24.700Z {"type":"pagehide","target_tagname":"wizardpage","target_id":"summary"}
INST e501f4777291603a 2016-03-28T21:24:24.700Z {"type":"pageadvanced","target_tagname":"wizardpage","target_id":"summary"}
INST e501f4777291603a 2016-03-28T21:24:24.800Z {"type":"wizardnext","target_tagname":"wizard","target_id":"TorNetworkSettings"}
INST e501f4777291603a 2016-03-28T21:24:24.800Z {"type":"pageshow","target_tagname":"wizardpage","target_id":"inlineprogress"}
INST e501f4777291603a 2016-03-28T21:24:24.800Z {"type":"click","target_tagname":"wizard","target_id":"TorNetworkSettings","detail":1}
INST e501f4777291603a 2016-03-28T21:24:32.500Z {"type":"progresschanged","target_tagname":"progressmeter","target_id":"progressMeter","value":5}
INST e501f4777291603a 2016-03-28T21:24:32.500Z {"type":"good","target_tagname":"image","target_id":"progressbar","configurationSettings":"bridge-noproxy","number":1}
INST e501f4777291603a 2016-03-28T21:24:32.500Z {"type":"progresschanged","target_tagname":"progressmeter","target_id":"progressMeter","value":10}
INST e501f4777291603a 2016-03-28T21:24:32.500Z {"type":"good","target_tagname":"image","target_id":"progressbar","configurationSettings":"bridge-noproxy","number":1}
INST e501f4777291603a 2016-03-28T21:27:04.600Z {"type":"click","target_tagname":"label","target_id":"forAssistance","detail":1}
INST e501f4777291603a 2016-03-28T21:27:05.400Z {"type":"click","target_tagname":"wizard","target_id":"TorNetworkSettings","detail":1}
INST 66ed614055afa850 2016-03-28T21:28:48.700Z {"type":"start"}
INST 66ed614055afa850 2016-03-28T21:28:49.500Z {"type":"select","target_tagname":"menulist","target_id":"proxyType","value":""}
INST 66ed614055afa850 2016-03-28T21:28:49.500Z {"type":"wizardnext","target_tagname":"wizard","target_id":"TorNetworkSettings"}
INST 66ed614055afa850 2016-03-28T21:28:49.500Z {"type":"pageshow","target_tagname":"wizardpage","target_id":"first"}
INST 66ed614055afa850 2016-03-28T21:28:49.500Z {"type":"load","target_id":"configuration"}
INST 66ed614055afa850 2016-03-28T21:28:49.500Z {"type":"select","target_tagname":"menulist","target_id":"defaultBridgeType","value":"obfs3"}
INST 66ed614055afa850 2016-03-28T21:28:56.100Z {"type":"click","target_tagname":"button","target_id":"configure_button","detail":1}
INST 66ed614055afa850 2016-03-28T21:28:56.100Z {"type":"pagehide","target_tagname":"wizardpage","target_id":"first"}
INST 66ed614055afa850 2016-03-28T21:28:56.100Z {"type":"pageadvanced","target_tagname":"wizardpage","target_id":"first"}
INST 66ed614055afa850 2016-03-28T21:28:56.100Z {"type":"wizardnext","target_tagname":"wizard","target_id":"TorNetworkSettings"}
INST 66ed614055afa850 2016-03-28T21:28:56.100Z {"type":"pageshow","target_tagname":"wizardpage","target_id":"proxy"}
INST 66ed614055afa850 2016-03-28T21:28:56.100Z {"type":"command","target_tagname":"button","target_id":"configure_button"}
INST 66ed614055afa850 2016-03-28T21:28:59.000Z {"type":"click","target_tagname":"radio","target_id":"proxyRadioWith","detail":1}
INST 66ed614055afa850 2016-03-28T21:28:59.000Z {"type":"command","target_tagname":"radio","target_id":"proxyRadioWith"}
INST 66ed614055afa850 2016-03-28T21:29:00.000Z {"type":"click","target_tagname":"radio","target_id":"proxyRadioWithout","detail":1}
INST 66ed614055afa850 2016-03-28T21:29:00.000Z {"type":"command","target_tagname":"radio","target_id":"proxyRadioWithout"}
INST 66ed614055afa850 2016-03-28T21:29:01.600Z {"type":"click","target_tagname":"wizard","target_id":"TorNetworkSettings","detail":1}
INST 66ed614055afa850 2016-03-28T21:29:01.600Z {"type":"pagehide","target_tagname":"wizardpage","target_id":"proxy"}
INST 66ed614055afa850 2016-03-28T21:29:01.600Z {"type":"pageadvanced","target_tagname":"wizardpage","target_id":"proxy"}
INST 66ed614055afa850 2016-03-28T21:29:01.600Z {"type":"wizardnext","target_tagname":"wizard","target_id":"TorNetworkSettings"}
INST 66ed614055afa850 2016-03-28T21:29:01.600Z {"type":"pageshow","target_tagname":"wizardpage","target_id":"bridges"}
INST 66ed614055afa850 2016-03-28T21:29:01.600Z {"type":"command","target_tagname":"wizard","target_id":"TorNetworkSettings"}
INST 66ed614055afa850 2016-03-28T21:29:13.300Z {"type":"select","target_tagname":"textbox","target_id":"bridgeList"}
INST 66ed614055afa850 2016-03-28T21:29:13.400Z {"type":"click","target_tagname":"textbox","target_id":"bridgeList","detail":1}
INST 66ed614055afa850 2016-03-28T21:29:18.300Z {"type":"click","target_tagname":"wizard","target_id":"TorNetworkSettings","detail":1}
INST 66ed614055afa850 2016-03-28T21:29:18.300Z {"type":"pagehide","target_tagname":"wizardpage","target_id":"bridges"}
INST 66ed614055afa850 2016-03-28T21:29:18.300Z {"type":"pageadvanced","target_tagname":"wizardpage","target_id":"bridges"}
INST 66ed614055afa850 2016-03-28T21:29:18.300Z {"type":"wizardnext","target_tagname":"wizard","target_id":"TorNetworkSettings"}
INST 66ed614055afa850 2016-03-28T21:29:18.300Z {"type":"pageshow","target_tagname":"wizardpage","target_id":"summary"}
INST 66ed614055afa850 2016-03-28T21:29:18.300Z {"type":"command","target_tagname":"wizard","target_id":"TorNetworkSettings"}
INST 66ed614055afa850 2016-03-28T21:29:21.300Z {"type":"pagehide","target_tagname":"wizardpage","target_id":"summary"}
INST 66ed614055afa850 2016-03-28T21:29:21.300Z {"type":"pageadvanced","target_tagname":"wizardpage","target_id":"summary"}
INST 66ed614055afa850 2016-03-28T21:29:21.400Z {"type":"wizardnext","target_tagname":"wizard","target_id":"TorNetworkSettings"}
INST 66ed614055afa850 2016-03-28T21:29:21.400Z {"type":"pageshow","target_tagname":"wizardpage","target_id":"inlineprogress"}
INST 66ed614055afa850 2016-03-28T21:29:21.400Z {"type":"click","target_tagname":"wizard","target_id":"TorNetworkSettings","detail":1}
INST 66ed614055afa850 2016-03-28T21:29:28.400Z {"type":"progresschanged","target_tagname":"progressmeter","target_id":"progressMeter","value":5}
INST 66ed614055afa850 2016-03-28T21:29:28.400Z {"type":"good","target_tagname":"image","target_id":"progressbar","configurationSettings":"bridge-noproxy","number":1}
INST 66ed614055afa850 2016-03-28T21:29:28.400Z {"type":"progresschanged","target_tagname":"progressmeter","target_id":"progressMeter","value":10}
INST 66ed614055afa850 2016-03-28T21:29:28.400Z {"type":"good","target_tagname":"image","target_id":"progressbar","configurationSettings":"bridge-noproxy","number":1}
INST 66ed614055afa850 2016-03-28T21:33:42.600Z {"type":"click","target_tagname":"vbox","target_id":"","detail":1}
INST 66ed614055afa850 2016-03-28T21:33:46.600Z {"type":"click","target_tagname":"wizard","target_id":"TorNetworkSettings","detail":1}
INST 66ed614055afa850 2016-03-28T21:33:46.600Z {"type":"extra2","target_tagname":"wizardpage","target_id":"inlineprogress"}
INST 66ed614055afa850 2016-03-28T21:33:47.200Z {"type":"command","target_tagname":"wizard","target_id":"TorNetworkSettings"}
INST 66ed614055afa850 2016-03-28T21:33:47.600Z {"type":"popupshown","target_tagname":"panel","target_id":"copyLogFeedbackPanel"}
INST 66ed614055afa850 2016-03-28T21:33:51.100Z {"type":"click","target_tagname":"wizardpage","target_id":"inlineprogress","detail":1}
INST 66ed614055afa850 2016-03-28T21:33:51.100Z {"type":"popuphidden","target_tagname":"panel","target_id":"copyLogFeedbackPanel"}
INST a3258b2fc71ceae1 2016-03-28T21:34:29.500Z {"type":"start"}
INST a3258b2fc71ceae1 2016-03-28T21:34:31.100Z {"type":"select","target_tagname":"menulist","target_id":"proxyType","value":""}
INST a3258b2fc71ceae1 2016-03-28T21:34:31.100Z {"type":"wizardnext","target_tagname":"wizard","target_id":"TorNetworkSettings"}
INST a3258b2fc71ceae1 2016-03-28T21:34:31.100Z {"type":"pageshow","target_tagname":"wizardpage","target_id":"first"}
INST a3258b2fc71ceae1 2016-03-28T21:34:31.100Z {"type":"load","target_id":"configuration"}
INST a3258b2fc71ceae1 2016-03-28T21:34:31.100Z {"type":"select","target_tagname":"menulist","target_id":"defaultBridgeType","value":"obfs3"}
INST a3258b2fc71ceae1 2016-03-28T21:34:34.400Z {"type":"click","target_tagname":"button","target_id":"configure_button","detail":1}
INST a3258b2fc71ceae1 2016-03-28T21:34:34.400Z {"type":"pagehide","target_tagname":"wizardpage","target_id":"first"}
INST a3258b2fc71ceae1 2016-03-28T21:34:34.400Z {"type":"pageadvanced","target_tagname":"wizardpage","target_id":"first"}
INST a3258b2fc71ceae1 2016-03-28T21:34:34.400Z {"type":"wizardnext","target_tagname":"wizard","target_id":"TorNetworkSettings"}
INST a3258b2fc71ceae1 2016-03-28T21:34:34.400Z {"type":"pageshow","target_tagname":"wizardpage","target_id":"proxy"}
INST a3258b2fc71ceae1 2016-03-28T21:34:34.400Z {"type":"command","target_tagname":"button","target_id":"configure_button"}
INST a3258b2fc71ceae1 2016-03-28T21:34:38.900Z {"type":"click","target_tagname":"wizard","target_id":"TorNetworkSettings","detail":1}
INST a3258b2fc71ceae1 2016-03-28T21:34:38.900Z {"type":"pagehide","target_tagname":"wizardpage","target_id":"proxy"}
INST a3258b2fc71ceae1 2016-03-28T21:34:38.900Z {"type":"pageadvanced","target_tagname":"wizardpage","target_id":"proxy"}
INST a3258b2fc71ceae1 2016-03-28T21:34:38.900Z {"type":"wizardnext","target_tagname":"wizard","target_id":"TorNetworkSettings"}
INST a3258b2fc71ceae1 2016-03-28T21:34:39.000Z {"type":"pageshow","target_tagname":"wizardpage","target_id":"bridges"}
INST a3258b2fc71ceae1 2016-03-28T21:34:39.000Z {"type":"command","target_tagname":"wizard","target_id":"TorNetworkSettings"}
INST a3258b2fc71ceae1 2016-03-28T21:34:41.300Z {"type":"click","target_tagname":"radio","target_id":"bridgeRadioDefault","detail":1}
INST a3258b2fc71ceae1 2016-03-28T21:34:41.300Z {"type":"command","target_tagname":"radio","target_id":"bridgeRadioDefault"}
INST a3258b2fc71ceae1 2016-03-28T21:34:48.200Z {"type":"popupshown","target_tagname":"menupopup","target_id":"defaultBridgeType_menuPopup"}
INST a3258b2fc71ceae1 2016-03-28T21:34:48.400Z {"type":"click","target_tagname":"menulist","target_id":"defaultBridgeType","value":"obfs3","detail":1}
INST a3258b2fc71ceae1 2016-03-28T21:34:49.300Z {"type":"mouseover","target_tagname":"menuitem","target_id":"","value":"flashproxy"}
INST a3258b2fc71ceae1 2016-03-28T21:34:49.300Z {"type":"mouseout","target_tagname":"menuitem","target_id":"","value":"flashproxy"}
INST a3258b2fc71ceae1 2016-03-28T21:34:49.700Z {"type":"mouseover","target_tagname":"menuitem","target_id":"","value":"meek-amazon"}
INST a3258b2fc71ceae1 2016-03-28T21:34:49.700Z {"type":"mouseout","target_tagname":"menuitem","target_id":"","value":"meek-amazon"}
INST a3258b2fc71ceae1 2016-03-28T21:34:49.700Z {"type":"mouseover","target_tagname":"menuitem","target_id":"","value":"meek-azure"}
INST a3258b2fc71ceae1 2016-03-28T21:34:49.800Z {"type":"mouseout","target_tagname":"menuitem","target_id":"","value":"meek-azure"}
INST a3258b2fc71ceae1 2016-03-28T21:34:49.800Z {"type":"mouseover","target_tagname":"menuitem","target_id":"","value":"meek-google"}
INST a3258b2fc71ceae1 2016-03-28T21:34:50.000Z {"type":"mouseout","target_tagname":"menuitem","target_id":"","value":"meek-google"}
INST a3258b2fc71ceae1 2016-03-28T21:34:50.000Z {"type":"mouseover","target_tagname":"menuitem","target_id":"","value":"obfs3"}
INST a3258b2fc71ceae1 2016-03-28T21:34:50.000Z {"type":"mouseout","target_tagname":"menuitem","target_id":"","value":"obfs3"}
INST a3258b2fc71ceae1 2016-03-28T21:34:50.100Z {"type":"mouseover","target_tagname":"menuitem","target_id":"","value":"meek-google"}
INST a3258b2fc71ceae1 2016-03-28T21:34:50.200Z {"type":"mouseout","target_tagname":"menuitem","target_id":"","value":"meek-google"}
INST a3258b2fc71ceae1 2016-03-28T21:34:50.200Z {"type":"mouseover","target_tagname":"menuitem","target_id":"","value":"obfs3"}
INST a3258b2fc71ceae1 2016-03-28T21:34:50.600Z {"type":"mouseout","target_tagname":"menuitem","target_id":"","value":"obfs3"}
INST a3258b2fc71ceae1 2016-03-28T21:34:50.600Z {"type":"mouseover","target_tagname":"menuitem","target_id":"","value":"meek-google"}
INST a3258b2fc71ceae1 2016-03-28T21:34:50.700Z {"type":"mouseout","target_tagname":"menuitem","target_id":"","value":"meek-google"}
INST a3258b2fc71ceae1 2016-03-28T21:34:50.700Z {"type":"mouseover","target_tagname":"menuitem","target_id":"","value":"meek-azure"}
INST a3258b2fc71ceae1 2016-03-28T21:34:51.000Z {"type":"mouseout","target_tagname":"menuitem","target_id":"","value":"meek-azure"}
INST a3258b2fc71ceae1 2016-03-28T21:34:51.000Z {"type":"mouseover","target_tagname":"menuitem","target_id":"","value":"meek-google"}
INST a3258b2fc71ceae1 2016-03-28T21:34:52.900Z {"type":"click","target_tagname":"menuitem","target_id":"","value":"meek-google","detail":1}
INST a3258b2fc71ceae1 2016-03-28T21:34:52.900Z {"type":"select","target_tagname":"menulist","target_id":"defaultBridgeType","value":"meek-google"}
INST a3258b2fc71ceae1 2016-03-28T21:34:52.900Z {"type":"command","target_tagname":"menuitem","target_id":"","value":"meek-google"}
INST a3258b2fc71ceae1 2016-03-28T21:34:52.900Z {"type":"popuphidden","target_tagname":"menupopup","target_id":"defaultBridgeType_menuPopup"}
INST a3258b2fc71ceae1 2016-03-28T21:34:52.900Z {"type":"mouseout","target_tagname":"menuitem","target_id":"","value":"meek-google"}
INST a3258b2fc71ceae1 2016-03-28T21:34:55.800Z {"type":"click","target_tagname":"wizard","target_id":"TorNetworkSettings","detail":1}
INST a3258b2fc71ceae1 2016-03-28T21:34:55.800Z {"type":"pagehide","target_tagname":"wizardpage","target_id":"bridges"}
INST a3258b2fc71ceae1 2016-03-28T21:34:55.800Z {"type":"pageadvanced","target_tagname":"wizardpage","target_id":"bridges"}
INST a3258b2fc71ceae1 2016-03-28T21:34:55.800Z {"type":"wizardnext","target_tagname":"wizard","target_id":"TorNetworkSettings"}
INST a3258b2fc71ceae1 2016-03-28T21:34:55.800Z {"type":"pageshow","target_tagname":"wizardpage","target_id":"summary"}
INST a3258b2fc71ceae1 2016-03-28T21:34:55.800Z {"type":"command","target_tagname":"wizard","target_id":"TorNetworkSettings"}
INST a3258b2fc71ceae1 2016-03-28T21:34:58.100Z {"type":"pagehide","target_tagname":"wizardpage","target_id":"summary"}
INST a3258b2fc71ceae1 2016-03-28T21:34:58.100Z {"type":"pageadvanced","target_tagname":"wizardpage","target_id":"summary"}
INST a3258b2fc71ceae1 2016-03-28T21:35:00.900Z {"type":"wizardnext","target_tagname":"wizard","target_id":"TorNetworkSettings"}
INST a3258b2fc71ceae1 2016-03-28T21:35:00.900Z {"type":"pageshow","target_tagname":"wizardpage","target_id":"inlineprogress"}
INST a3258b2fc71ceae1 2016-03-28T21:35:00.900Z {"type":"click","target_tagname":"wizard","target_id":"TorNetworkSettings","detail":1}
INST a3258b2fc71ceae1 2016-03-28T21:35:10.900Z {"type":"progresschanged","target_tagname":"progressmeter","target_id":"progressMeter","value":5}
INST a3258b2fc71ceae1 2016-03-28T21:35:10.900Z {"type":"good","target_tagname":"image","target_id":"progressbar","configurationSettings":"bridge-noproxy","number":1}
INST a3258b2fc71ceae1 2016-03-28T21:35:10.900Z {"type":"progresschanged","target_tagname":"progressmeter","target_id":"progressMeter","value":10}
INST a3258b2fc71ceae1 2016-03-28T21:35:10.900Z {"type":"good","target_tagname":"image","target_id":"progressbar","configurationSettings":"bridge-noproxy","number":1}
INST a3258b2fc71ceae1 2016-03-28T21:35:14.900Z {"type":"progresschanged","target_tagname":"progressmeter","target_id":"progressMeter","value":15}
INST a3258b2fc71ceae1 2016-03-28T21:35:14.900Z {"type":"good","target_tagname":"image","target_id":"progressbar","configurationSettings":"bridge-noproxy","number":1}
INST a3258b2fc71ceae1 2016-03-28T21:35:15.100Z {"type":"progresschanged","target_tagname":"progressmeter","target_id":"progressMeter","value":20}
INST a3258b2fc71ceae1 2016-03-28T21:35:15.100Z {"type":"good","target_tagname":"image","target_id":"progressbar","configurationSettings":"bridge-noproxy","number":1}
INST a3258b2fc71ceae1 2016-03-28T21:35:16.100Z {"type":"progresschanged","target_tagname":"progressmeter","target_id":"progressMeter","value":25}
INST a3258b2fc71ceae1 2016-03-28T21:35:16.100Z {"type":"good","target_tagname":"image","target_id":"progressbar","configurationSettings":"bridge-noproxy","number":2}
INST a3258b2fc71ceae1 2016-03-28T21:35:19.200Z {"type":"progresschanged","target_tagname":"progressmeter","target_id":"progressMeter","value":40}
INST a3258b2fc71ceae1 2016-03-28T21:35:19.200Z {"type":"good","target_tagname":"image","target_id":"progressbar","configurationSettings":"bridge-noproxy","number":2}
INST a3258b2fc71ceae1 2016-03-28T21:35:19.700Z {"type":"progresschanged","target_tagname":"progressmeter","target_id":"progressMeter","value":45}
INST a3258b2fc71ceae1 2016-03-28T21:35:19.700Z {"type":"good","target_tagname":"image","target_id":"progressbar","configurationSettings":"bridge-noproxy","number":2}
INST a3258b2fc71ceae1 2016-03-28T21:35:20.000Z {"type":"progresschanged","target_tagname":"progressmeter","target_id":"progressMeter","value":50}
INST a3258b2fc71ceae1 2016-03-28T21:35:20.000Z {"type":"good","target_tagname":"image","target_id":"progressbar","configurationSettings":"bridge-noproxy","number":2}
INST a3258b2fc71ceae1 2016-03-28T21:35:27.700Z {"type":"progresschanged","target_tagname":"progressmeter","target_id":"progressMeter","value":52}
INST a3258b2fc71ceae1 2016-03-28T21:35:27.700Z {"type":"good","target_tagname":"image","target_id":"progressbar","configurationSettings":"bridge-noproxy","number":2}
INST a3258b2fc71ceae1 2016-03-28T21:35:27.700Z {"type":"progresschanged","target_tagname":"progressmeter","target_id":"progressMeter","value":53}
INST a3258b2fc71ceae1 2016-03-28T21:35:27.700Z {"type":"good","target_tagname":"image","target_id":"progressbar","configurationSettings":"bridge-noproxy","number":2}
INST a3258b2fc71ceae1 2016-03-28T21:35:27.700Z {"type":"progresschanged","target_tagname":"progressmeter","target_id":"progressMeter","value":55}
INST a3258b2fc71ceae1 2016-03-28T21:35:27.700Z {"type":"good","target_tagname":"image","target_id":"progressbar","configurationSettings":"bridge-noproxy","number":2}
INST a3258b2fc71ceae1 2016-03-28T21:35:28.000Z {"type":"progresschanged","target_tagname":"progressmeter","target_id":"progressMeter","value":58}
INST a3258b2fc71ceae1 2016-03-28T21:35:28.000Z {"type":"good","target_tagname":"image","target_id":"progressbar","configurationSettings":"bridge-noproxy","number":2}
INST a3258b2fc71ceae1 2016-03-28T21:35:28.000Z {"type":"progresschanged","target_tagname":"progressmeter","target_id":"progressMeter","value":61}
INST a3258b2fc71ceae1 2016-03-28T21:35:28.000Z {"type":"good","target_tagname":"image","target_id":"progressbar","configurationSettings":"bridge-noproxy","number":2}
INST a3258b2fc71ceae1 2016-03-28T21:35:28.000Z {"type":"progresschanged","target_tagname":"progressmeter","target_id":"progressMeter","value":65}
INST a3258b2fc71ceae1 2016-03-28T21:35:28.000Z {"type":"good","target_tagname":"image","target_id":"progressbar","configurationSettings":"bridge-noproxy","number":2}
INST a3258b2fc71ceae1 2016-03-28T21:35:28.000Z {"type":"progresschanged","target_tagname":"progressmeter","target_id":"progressMeter","value":70}
INST a3258b2fc71ceae1 2016-03-28T21:35:28.000Z {"type":"good","target_tagname":"image","target_id":"progressbar","configurationSettings":"bridge-noproxy","number":2}
INST a3258b2fc71ceae1 2016-03-28T21:35:28.000Z {"type":"progresschanged","target_tagname":"progressmeter","target_id":"progressMeter","value":77}
INST a3258b2fc71ceae1 2016-03-28T21:35:28.000Z {"type":"good","target_tagname":"image","target_id":"progressbar","configurationSettings":"bridge-noproxy","number":2}
INST a3258b2fc71ceae1 2016-03-28T21:35:28.200Z {"type":"progresschanged","target_tagname":"progressmeter","target_id":"progressMeter","value":80}
INST a3258b2fc71ceae1 2016-03-28T21:35:28.200Z {"type":"good","target_tagname":"image","target_id":"progressbar","configurationSettings":"bridge-noproxy","number":2}
INST a3258b2fc71ceae1 2016-03-28T21:35:28.200Z {"type":"progresschanged","target_tagname":"progressmeter","target_id":"progressMeter","value":90}
INST a3258b2fc71ceae1 2016-03-28T21:35:28.300Z {"type":"good","target_tagname":"image","target_id":"progressbar","configurationSettings":"bridge-noproxy","number":3}
INST a3258b2fc71ceae1 2016-03-28T21:35:30.000Z {"type":"progresschanged","target_tagname":"progressmeter","target_id":"progressMeter","value":100}
INST a3258b2fc71ceae1 2016-03-28T21:35:30.000Z {"type":"good","target_tagname":"image","target_id":"progressbar","configurationSettings":"bridge-noproxy","number":4}
INST a3258b2fc71ceae1 2016-03-28T21:35:30.300Z {"type":"unload","target_id":"configuration"}
