INST e94723314b1b2dad 2016-03-24T21:04:39.700Z {"type":"start"}
INST e94723314b1b2dad 2016-03-24T21:04:42.700Z {"type":"select","target_tagname":"menulist","target_id":"proxyType","value":""}
INST e94723314b1b2dad 2016-03-24T21:04:42.700Z {"type":"wizardnext","target_tagname":"wizard","target_id":"TorNetworkSettings"}
INST e94723314b1b2dad 2016-03-24T21:04:42.700Z {"type":"pageshow","target_tagname":"wizardpage","target_id":"first"}
INST e94723314b1b2dad 2016-03-24T21:04:42.800Z {"type":"load","target_id":"configuration"}
INST e94723314b1b2dad 2016-03-24T21:04:42.800Z {"type":"select","target_tagname":"menulist","target_id":"defaultBridgeType","value":"obfs3"}
INST e94723314b1b2dad 2016-03-24T21:04:44.900Z {"type":"click","target_tagname":"button","target_id":"connect_button","detail":1}
INST e94723314b1b2dad 2016-03-24T21:04:44.900Z {"type":"pagehide","target_tagname":"wizardpage","target_id":"first"}
INST e94723314b1b2dad 2016-03-24T21:04:44.900Z {"type":"pageadvanced","target_tagname":"wizardpage","target_id":"first"}
INST e94723314b1b2dad 2016-03-24T21:04:44.900Z {"type":"wizardnext","target_tagname":"wizard","target_id":"TorNetworkSettings"}
INST e94723314b1b2dad 2016-03-24T21:04:44.900Z {"type":"pageshow","target_tagname":"wizardpage","target_id":"inlineprogress"}
INST e94723314b1b2dad 2016-03-24T21:04:44.900Z {"type":"command","target_tagname":"button","target_id":"connect_button"}
INST e94723314b1b2dad 2016-03-24T21:04:45.500Z {"type":"progresschanged","target_tagname":"progressmeter","target_id":"progressMeter","value":5}
INST e94723314b1b2dad 2016-03-24T21:04:45.500Z {"type":"good","target_tagname":"image","target_id":"progressbar","configurationSettings":"nobridge-noproxy","number":1}
INST e94723314b1b2dad 2016-03-24T21:04:45.500Z {"type":"progresschanged","target_tagname":"progressmeter","target_id":"progressMeter","value":5}
INST e94723314b1b2dad 2016-03-24T21:04:45.500Z {"type":"good","target_tagname":"image","target_id":"progressbar","configurationSettings":"nobridge-noproxy","number":1}
INST e94723314b1b2dad 2016-03-24T21:04:45.500Z {"type":"progresschanged","target_tagname":"progressmeter","target_id":"progressMeter","value":5}
INST e94723314b1b2dad 2016-03-24T21:04:45.500Z {"type":"good","target_tagname":"image","target_id":"progressbar","configurationSettings":"nobridge-noproxy","number":1}
INST e94723314b1b2dad 2016-03-24T21:05:46.500Z {"type":"progresschanged","target_tagname":"progressmeter","target_id":"progressMeter","value":5}
INST e94723314b1b2dad 2016-03-24T21:05:46.500Z {"type":"good","target_tagname":"image","target_id":"progressbar","configurationSettings":"nobridge-noproxy","number":1}
INST e94723314b1b2dad 2016-03-24T21:06:39.900Z {"type":"wizardcancel","target_tagname":"wizard","target_id":"TorNetworkSettings"}
INST e94723314b1b2dad 2016-03-24T21:06:39.900Z {"type":"unload","target_id":"configuration"}
INST b5f46f0d5fc23e19 2016-03-24T21:06:57.100Z {"type":"start"}
INST b5f46f0d5fc23e19 2016-03-24T21:06:58.000Z {"type":"select","target_tagname":"menulist","target_id":"proxyType","value":""}
INST b5f46f0d5fc23e19 2016-03-24T21:06:58.000Z {"type":"wizardnext","target_tagname":"wizard","target_id":"TorNetworkSettings"}
INST b5f46f0d5fc23e19 2016-03-24T21:06:58.000Z {"type":"pageshow","target_tagname":"wizardpage","target_id":"first"}
INST b5f46f0d5fc23e19 2016-03-24T21:06:58.000Z {"type":"load","target_id":"configuration"}
INST b5f46f0d5fc23e19 2016-03-24T21:06:58.000Z {"type":"select","target_tagname":"menulist","target_id":"defaultBridgeType","value":"obfs3"}
INST b5f46f0d5fc23e19 2016-03-24T21:07:06.000Z {"type":"click","target_tagname":"button","target_id":"configure_button","detail":1}
INST b5f46f0d5fc23e19 2016-03-24T21:07:06.000Z {"type":"pagehide","target_tagname":"wizardpage","target_id":"first"}
INST b5f46f0d5fc23e19 2016-03-24T21:07:06.000Z {"type":"pageadvanced","target_tagname":"wizardpage","target_id":"first"}
INST b5f46f0d5fc23e19 2016-03-24T21:07:06.000Z {"type":"wizardnext","target_tagname":"wizard","target_id":"TorNetworkSettings"}
INST b5f46f0d5fc23e19 2016-03-24T21:07:06.000Z {"type":"pageshow","target_tagname":"wizardpage","target_id":"proxy"}
INST b5f46f0d5fc23e19 2016-03-24T21:07:06.000Z {"type":"command","target_tagname":"button","target_id":"configure_button"}
INST b5f46f0d5fc23e19 2016-03-24T21:07:08.800Z {"type":"click","target_tagname":"wizard","target_id":"TorNetworkSettings","detail":1}
INST b5f46f0d5fc23e19 2016-03-24T21:07:08.800Z {"type":"pagehide","target_tagname":"wizardpage","target_id":"proxy"}
INST b5f46f0d5fc23e19 2016-03-24T21:07:08.800Z {"type":"pageadvanced","target_tagname":"wizardpage","target_id":"proxy"}
INST b5f46f0d5fc23e19 2016-03-24T21:07:08.800Z {"type":"wizardnext","target_tagname":"wizard","target_id":"TorNetworkSettings"}
INST b5f46f0d5fc23e19 2016-03-24T21:07:08.800Z {"type":"pageshow","target_tagname":"wizardpage","target_id":"bridges"}
INST b5f46f0d5fc23e19 2016-03-24T21:07:08.800Z {"type":"command","target_tagname":"wizard","target_id":"TorNetworkSettings"}
INST b5f46f0d5fc23e19 2016-03-24T21:07:10.600Z {"type":"click","target_tagname":"wizard","target_id":"TorNetworkSettings","detail":1}
INST b5f46f0d5fc23e19 2016-03-24T21:07:10.600Z {"type":"pagehide","target_tagname":"wizardpage","target_id":"bridges"}
INST b5f46f0d5fc23e19 2016-03-24T21:07:10.600Z {"type":"pageadvanced","target_tagname":"wizardpage","target_id":"bridges"}
INST b5f46f0d5fc23e19 2016-03-24T21:07:10.600Z {"type":"wizardnext","target_tagname":"wizard","target_id":"TorNetworkSettings"}
INST b5f46f0d5fc23e19 2016-03-24T21:07:10.600Z {"type":"pageshow","target_tagname":"wizardpage","target_id":"summary"}
INST b5f46f0d5fc23e19 2016-03-24T21:07:10.600Z {"type":"command","target_tagname":"wizard","target_id":"TorNetworkSettings"}
INST b5f46f0d5fc23e19 2016-03-24T21:07:11.700Z {"type":"pagehide","target_tagname":"wizardpage","target_id":"summary"}
INST b5f46f0d5fc23e19 2016-03-24T21:07:11.700Z {"type":"pageadvanced","target_tagname":"wizardpage","target_id":"summary"}
INST b5f46f0d5fc23e19 2016-03-24T21:07:11.800Z {"type":"wizardnext","target_tagname":"wizard","target_id":"TorNetworkSettings"}
INST b5f46f0d5fc23e19 2016-03-24T21:07:11.800Z {"type":"pageshow","target_tagname":"wizardpage","target_id":"inlineprogress"}
INST b5f46f0d5fc23e19 2016-03-24T21:07:11.800Z {"type":"click","target_tagname":"wizard","target_id":"TorNetworkSettings","detail":1}
INST b5f46f0d5fc23e19 2016-03-24T21:07:11.800Z {"type":"progresschanged","target_tagname":"progressmeter","target_id":"progressMeter","value":5}
INST b5f46f0d5fc23e19 2016-03-24T21:07:11.800Z {"type":"good","target_tagname":"image","target_id":"progressbar","configurationSettings":"nobridge-noproxy","number":1}
INST b5f46f0d5fc23e19 2016-03-24T21:07:11.800Z {"type":"progresschanged","target_tagname":"progressmeter","target_id":"progressMeter","value":5}
INST b5f46f0d5fc23e19 2016-03-24T21:07:11.800Z {"type":"good","target_tagname":"image","target_id":"progressbar","configurationSettings":"nobridge-noproxy","number":1}
INST b5f46f0d5fc23e19 2016-03-24T21:07:11.900Z {"type":"progresschanged","target_tagname":"progressmeter","target_id":"progressMeter","value":5}
INST b5f46f0d5fc23e19 2016-03-24T21:07:11.900Z {"type":"good","target_tagname":"image","target_id":"progressbar","configurationSettings":"nobridge-noproxy","number":1}
INST b5f46f0d5fc23e19 2016-03-24T21:08:12.800Z {"type":"progresschanged","target_tagname":"progressmeter","target_id":"progressMeter","value":5}
INST b5f46f0d5fc23e19 2016-03-24T21:08:12.800Z {"type":"good","target_tagname":"image","target_id":"progressbar","configurationSettings":"nobridge-noproxy","number":1}
INST 607f3487b153dfcd 2016-03-24T21:12:02.400Z {"type":"start"}
INST 607f3487b153dfcd 2016-03-24T21:12:03.100Z {"type":"select","target_tagname":"menulist","target_id":"proxyType","value":""}
INST 607f3487b153dfcd 2016-03-24T21:12:03.100Z {"type":"wizardnext","target_tagname":"wizard","target_id":"TorNetworkSettings"}
INST 607f3487b153dfcd 2016-03-24T21:12:03.100Z {"type":"pageshow","target_tagname":"wizardpage","target_id":"first"}
INST 607f3487b153dfcd 2016-03-24T21:12:03.100Z {"type":"load","target_id":"configuration"}
INST 607f3487b153dfcd 2016-03-24T21:12:03.100Z {"type":"select","target_tagname":"menulist","target_id":"defaultBridgeType","value":"obfs3"}
INST 607f3487b153dfcd 2016-03-24T21:12:05.300Z {"type":"click","target_tagname":"button","target_id":"connect_button","detail":1}
INST 607f3487b153dfcd 2016-03-24T21:12:05.400Z {"type":"pagehide","target_tagname":"wizardpage","target_id":"first"}
INST 607f3487b153dfcd 2016-03-24T21:12:05.400Z {"type":"pageadvanced","target_tagname":"wizardpage","target_id":"first"}
INST 607f3487b153dfcd 2016-03-24T21:12:05.400Z {"type":"wizardnext","target_tagname":"wizard","target_id":"TorNetworkSettings"}
INST 607f3487b153dfcd 2016-03-24T21:12:05.400Z {"type":"pageshow","target_tagname":"wizardpage","target_id":"inlineprogress"}
INST 607f3487b153dfcd 2016-03-24T21:12:05.400Z {"type":"command","target_tagname":"button","target_id":"connect_button"}
INST 607f3487b153dfcd 2016-03-24T21:12:05.900Z {"type":"progresschanged","target_tagname":"progressmeter","target_id":"progressMeter","value":5}
INST 607f3487b153dfcd 2016-03-24T21:12:05.900Z {"type":"good","target_tagname":"image","target_id":"progressbar","configurationSettings":"nobridge-noproxy","number":1}
INST 607f3487b153dfcd 2016-03-24T21:12:05.900Z {"type":"progresschanged","target_tagname":"progressmeter","target_id":"progressMeter","value":5}
INST 607f3487b153dfcd 2016-03-24T21:12:05.900Z {"type":"good","target_tagname":"image","target_id":"progressbar","configurationSettings":"nobridge-noproxy","number":1}
INST 607f3487b153dfcd 2016-03-24T21:12:05.900Z {"type":"progresschanged","target_tagname":"progressmeter","target_id":"progressMeter","value":5}
INST 607f3487b153dfcd 2016-03-24T21:12:05.900Z {"type":"good","target_tagname":"image","target_id":"progressbar","configurationSettings":"nobridge-noproxy","number":1}
INST 607f3487b153dfcd 2016-03-24T21:13:06.900Z {"type":"progresschanged","target_tagname":"progressmeter","target_id":"progressMeter","value":5}
INST 607f3487b153dfcd 2016-03-24T21:13:06.900Z {"type":"good","target_tagname":"image","target_id":"progressbar","configurationSettings":"nobridge-noproxy","number":1}
INST 607f3487b153dfcd 2016-03-24T21:13:27.000Z {"type":"click","target_tagname":"vbox","target_id":"","detail":1}
INST 607f3487b153dfcd 2016-03-24T21:18:11.900Z {"type":"progresschanged","target_tagname":"progressmeter","target_id":"progressMeter","value":5}
INST 607f3487b153dfcd 2016-03-24T21:18:11.900Z {"type":"good","target_tagname":"image","target_id":"progressbar","configurationSettings":"nobridge-noproxy","number":1}
INST 607f3487b153dfcd 2016-03-24T21:21:05.300Z {"type":"click","target_tagname":"label","target_id":"progressBridge","detail":1}
INST 607f3487b153dfcd 2016-03-24T21:21:05.500Z {"type":"click","target_tagname":"label","target_id":"progressBridge","detail":1}
INST 607f3487b153dfcd 2016-03-24T21:21:05.800Z {"type":"click","target_tagname":"label","target_id":"progressBridge","detail":1}
INST 607f3487b153dfcd 2016-03-24T21:28:21.800Z {"type":"progresschanged","target_tagname":"progressmeter","target_id":"progressMeter","value":5}
INST 607f3487b153dfcd 2016-03-24T21:28:21.800Z {"type":"good","target_tagname":"image","target_id":"progressbar","configurationSettings":"nobridge-noproxy","number":1}
