INST 6b7175a19d1226fc 2016-04-01T01:06:34.100Z {"type":"start"}
INST 6b7175a19d1226fc 2016-04-01T01:06:35.100Z {"type":"select","target_tagname":"menulist","target_id":"proxyType","value":""}
INST 6b7175a19d1226fc 2016-04-01T01:06:35.100Z {"type":"wizardnext","target_tagname":"wizard","target_id":"TorNetworkSettings"}
INST 6b7175a19d1226fc 2016-04-01T01:06:35.100Z {"type":"pageshow","target_tagname":"wizardpage","target_id":"first"}
INST 6b7175a19d1226fc 2016-04-01T01:06:35.100Z {"type":"load","target_id":"configuration"}
INST 6b7175a19d1226fc 2016-04-01T01:06:35.100Z {"type":"select","target_tagname":"menulist","target_id":"defaultBridgeType","value":"obfs3"}
INST 6b7175a19d1226fc 2016-04-01T01:06:39.000Z {"type":"click","target_tagname":"button","target_id":"connect_button","detail":1}
INST 6b7175a19d1226fc 2016-04-01T01:06:39.000Z {"type":"pagehide","target_tagname":"wizardpage","target_id":"first"}
INST 6b7175a19d1226fc 2016-04-01T01:06:39.000Z {"type":"pageadvanced","target_tagname":"wizardpage","target_id":"first"}
INST 6b7175a19d1226fc 2016-04-01T01:06:39.000Z {"type":"wizardnext","target_tagname":"wizard","target_id":"TorNetworkSettings"}
INST 6b7175a19d1226fc 2016-04-01T01:06:39.000Z {"type":"pageshow","target_tagname":"wizardpage","target_id":"inlineprogress"}
INST 6b7175a19d1226fc 2016-04-01T01:06:39.000Z {"type":"command","target_tagname":"button","target_id":"connect_button"}
INST 6b7175a19d1226fc 2016-04-01T01:06:39.700Z {"type":"progresschanged","target_tagname":"progressmeter","target_id":"progressMeter","value":5}
INST 6b7175a19d1226fc 2016-04-01T01:06:39.700Z {"type":"good","target_tagname":"image","target_id":"progressbar","configurationSettings":"nobridge-noproxy","number":1}
INST 6b7175a19d1226fc 2016-04-01T01:06:39.700Z {"type":"progresschanged","target_tagname":"progressmeter","target_id":"progressMeter","value":5}
INST 6b7175a19d1226fc 2016-04-01T01:06:39.700Z {"type":"good","target_tagname":"image","target_id":"progressbar","configurationSettings":"nobridge-noproxy","number":1}
INST 6b7175a19d1226fc 2016-04-01T01:06:39.700Z {"type":"progresschanged","target_tagname":"progressmeter","target_id":"progressMeter","value":5}
INST 6b7175a19d1226fc 2016-04-01T01:06:39.700Z {"type":"good","target_tagname":"image","target_id":"progressbar","configurationSettings":"nobridge-noproxy","number":1}
INST 6b7175a19d1226fc 2016-04-01T01:07:40.700Z {"type":"progresschanged","target_tagname":"progressmeter","target_id":"progressMeter","value":5}
INST 6b7175a19d1226fc 2016-04-01T01:07:40.700Z {"type":"good","target_tagname":"image","target_id":"progressbar","configurationSettings":"nobridge-noproxy","number":1}
INST 6b7175a19d1226fc 2016-04-01T01:11:08.000Z {"type":"click","target_tagname":"wizardpage","target_id":"inlineprogress","detail":1}
INST 6b7175a19d1226fc 2016-04-01T01:12:45.700Z {"type":"progresschanged","target_tagname":"progressmeter","target_id":"progressMeter","value":5}
INST 6b7175a19d1226fc 2016-04-01T01:12:45.700Z {"type":"good","target_tagname":"image","target_id":"progressbar","configurationSettings":"nobridge-noproxy","number":1}
INST 6b7175a19d1226fc 2016-04-01T01:13:48.000Z {"type":"click","target_tagname":"wizard","target_id":"TorNetworkSettings","detail":1}
INST 6b7175a19d1226fc 2016-04-01T01:13:48.000Z {"type":"wizardcancel","target_tagname":"wizard","target_id":"TorNetworkSettings"}
INST 6b7175a19d1226fc 2016-04-01T01:13:48.000Z {"type":"command","target_tagname":"wizard","target_id":"TorNetworkSettings"}
INST 6b7175a19d1226fc 2016-04-01T01:13:48.100Z {"type":"unload","target_id":"configuration"}
INST d04908128c8a94a8 2016-04-01T01:13:50.500Z {"type":"start"}
INST d04908128c8a94a8 2016-04-01T01:13:51.100Z {"type":"select","target_tagname":"menulist","target_id":"proxyType","value":""}
INST d04908128c8a94a8 2016-04-01T01:13:51.100Z {"type":"wizardnext","target_tagname":"wizard","target_id":"TorNetworkSettings"}
INST d04908128c8a94a8 2016-04-01T01:13:51.100Z {"type":"pageshow","target_tagname":"wizardpage","target_id":"first"}
INST d04908128c8a94a8 2016-04-01T01:13:51.200Z {"type":"load","target_id":"configuration"}
INST d04908128c8a94a8 2016-04-01T01:13:51.200Z {"type":"select","target_tagname":"menulist","target_id":"defaultBridgeType","value":"obfs3"}
INST d04908128c8a94a8 2016-04-01T01:13:55.100Z {"type":"click","target_tagname":"button","target_id":"configure_button","detail":1}
INST d04908128c8a94a8 2016-04-01T01:13:55.100Z {"type":"pagehide","target_tagname":"wizardpage","target_id":"first"}
INST d04908128c8a94a8 2016-04-01T01:13:55.100Z {"type":"pageadvanced","target_tagname":"wizardpage","target_id":"first"}
INST d04908128c8a94a8 2016-04-01T01:13:55.100Z {"type":"wizardnext","target_tagname":"wizard","target_id":"TorNetworkSettings"}
INST d04908128c8a94a8 2016-04-01T01:13:55.100Z {"type":"pageshow","target_tagname":"wizardpage","target_id":"proxy"}
INST d04908128c8a94a8 2016-04-01T01:13:55.100Z {"type":"command","target_tagname":"button","target_id":"configure_button"}
INST d04908128c8a94a8 2016-04-01T01:13:59.300Z {"type":"click","target_tagname":"wizard","target_id":"TorNetworkSettings","detail":1}
INST d04908128c8a94a8 2016-04-01T01:13:59.300Z {"type":"pagehide","target_tagname":"wizardpage","target_id":"proxy"}
INST d04908128c8a94a8 2016-04-01T01:13:59.300Z {"type":"pageadvanced","target_tagname":"wizardpage","target_id":"proxy"}
INST d04908128c8a94a8 2016-04-01T01:13:59.300Z {"type":"wizardnext","target_tagname":"wizard","target_id":"TorNetworkSettings"}
INST d04908128c8a94a8 2016-04-01T01:13:59.300Z {"type":"pageshow","target_tagname":"wizardpage","target_id":"bridges"}
INST d04908128c8a94a8 2016-04-01T01:13:59.300Z {"type":"command","target_tagname":"wizard","target_id":"TorNetworkSettings"}
INST d04908128c8a94a8 2016-04-01T01:14:03.000Z {"type":"click","target_tagname":"radio","target_id":"bridgeRadioDefault","detail":1}
INST d04908128c8a94a8 2016-04-01T01:14:03.000Z {"type":"command","target_tagname":"radio","target_id":"bridgeRadioDefault"}
INST d04908128c8a94a8 2016-04-01T01:14:04.200Z {"type":"popupshown","target_tagname":"menupopup","target_id":"defaultBridgeType_menuPopup"}
INST d04908128c8a94a8 2016-04-01T01:14:04.300Z {"type":"click","target_tagname":"menulist","target_id":"defaultBridgeType","value":"obfs3","detail":1}
INST d04908128c8a94a8 2016-04-01T01:14:05.200Z {"type":"popuphidden","target_tagname":"menupopup","target_id":"defaultBridgeType_menuPopup"}
INST d04908128c8a94a8 2016-04-01T01:14:06.600Z {"type":"click","target_tagname":"wizard","target_id":"TorNetworkSettings","detail":1}
INST d04908128c8a94a8 2016-04-01T01:14:06.600Z {"type":"pagehide","target_tagname":"wizardpage","target_id":"bridges"}
INST d04908128c8a94a8 2016-04-01T01:14:06.600Z {"type":"pageadvanced","target_tagname":"wizardpage","target_id":"bridges"}
INST d04908128c8a94a8 2016-04-01T01:14:06.600Z {"type":"wizardnext","target_tagname":"wizard","target_id":"TorNetworkSettings"}
INST d04908128c8a94a8 2016-04-01T01:14:06.600Z {"type":"pageshow","target_tagname":"wizardpage","target_id":"summary"}
INST d04908128c8a94a8 2016-04-01T01:14:06.600Z {"type":"command","target_tagname":"wizard","target_id":"TorNetworkSettings"}
INST d04908128c8a94a8 2016-04-01T01:14:08.400Z {"type":"pagehide","target_tagname":"wizardpage","target_id":"summary"}
INST d04908128c8a94a8 2016-04-01T01:14:08.400Z {"type":"pageadvanced","target_tagname":"wizardpage","target_id":"summary"}
INST d04908128c8a94a8 2016-04-01T01:14:08.500Z {"type":"wizardnext","target_tagname":"wizard","target_id":"TorNetworkSettings"}
INST d04908128c8a94a8 2016-04-01T01:14:08.500Z {"type":"pageshow","target_tagname":"wizardpage","target_id":"inlineprogress"}
INST d04908128c8a94a8 2016-04-01T01:14:08.500Z {"type":"click","target_tagname":"wizard","target_id":"TorNetworkSettings","detail":1}
INST d04908128c8a94a8 2016-04-01T01:14:15.000Z {"type":"progresschanged","target_tagname":"progressmeter","target_id":"progressMeter","value":5}
INST d04908128c8a94a8 2016-04-01T01:14:15.000Z {"type":"good","target_tagname":"image","target_id":"progressbar","configurationSettings":"bridge-noproxy","number":1}
INST d04908128c8a94a8 2016-04-01T01:14:15.000Z {"type":"progresschanged","target_tagname":"progressmeter","target_id":"progressMeter","value":10}
INST d04908128c8a94a8 2016-04-01T01:14:15.000Z {"type":"good","target_tagname":"image","target_id":"progressbar","configurationSettings":"bridge-noproxy","number":1}
INST d04908128c8a94a8 2016-04-01T01:16:48.000Z {"type":"click","target_tagname":"wizard","target_id":"TorNetworkSettings","detail":1}
INST d04908128c8a94a8 2016-04-01T01:16:48.000Z {"type":"wizardcancel","target_tagname":"wizard","target_id":"TorNetworkSettings"}
INST d04908128c8a94a8 2016-04-01T01:16:48.000Z {"type":"command","target_tagname":"wizard","target_id":"TorNetworkSettings"}
INST d04908128c8a94a8 2016-04-01T01:16:48.100Z {"type":"unload","target_id":"configuration"}
INST 743318cd3984a899 2016-04-01T01:16:50.400Z {"type":"start"}
INST 743318cd3984a899 2016-04-01T01:16:50.500Z {"type":"select","target_tagname":"menulist","target_id":"proxyType","value":""}
INST 743318cd3984a899 2016-04-01T01:16:50.500Z {"type":"wizardnext","target_tagname":"wizard","target_id":"TorNetworkSettings"}
INST 743318cd3984a899 2016-04-01T01:16:50.500Z {"type":"pageshow","target_tagname":"wizardpage","target_id":"first"}
INST 743318cd3984a899 2016-04-01T01:16:51.100Z {"type":"load","target_id":"configuration"}
INST 743318cd3984a899 2016-04-01T01:16:51.100Z {"type":"select","target_tagname":"menulist","target_id":"defaultBridgeType","value":"obfs3"}
INST 743318cd3984a899 2016-04-01T01:16:55.800Z {"type":"click","target_tagname":"button","target_id":"configure_button","detail":1}
INST 743318cd3984a899 2016-04-01T01:16:55.800Z {"type":"pagehide","target_tagname":"wizardpage","target_id":"first"}
INST 743318cd3984a899 2016-04-01T01:16:55.800Z {"type":"pageadvanced","target_tagname":"wizardpage","target_id":"first"}
INST 743318cd3984a899 2016-04-01T01:16:55.800Z {"type":"wizardnext","target_tagname":"wizard","target_id":"TorNetworkSettings"}
INST 743318cd3984a899 2016-04-01T01:16:55.800Z {"type":"pageshow","target_tagname":"wizardpage","target_id":"proxy"}
INST 743318cd3984a899 2016-04-01T01:16:55.800Z {"type":"command","target_tagname":"button","target_id":"configure_button"}
INST 743318cd3984a899 2016-04-01T01:16:58.700Z {"type":"click","target_tagname":"radio","target_id":"proxyRadioWith","detail":1}
INST 743318cd3984a899 2016-04-01T01:16:58.700Z {"type":"command","target_tagname":"radio","target_id":"proxyRadioWith"}
INST 743318cd3984a899 2016-04-01T01:17:00.400Z {"type":"popupshown","target_tagname":"menupopup","target_id":"proxyType_menuPopup"}
INST 743318cd3984a899 2016-04-01T01:17:00.500Z {"type":"click","target_tagname":"menulist","target_id":"proxyType","value":"","detail":1}
INST 743318cd3984a899 2016-04-01T01:17:01.000Z {"type":"mouseover","target_tagname":"menuitem","target_id":"","value":""}
INST 743318cd3984a899 2016-04-01T01:17:01.000Z {"type":"mouseout","target_tagname":"menuitem","target_id":"","value":""}
INST 743318cd3984a899 2016-04-01T01:17:01.000Z {"type":"mouseover","target_tagname":"menuitem","target_id":"","value":"SOCKS4"}
INST 743318cd3984a899 2016-04-01T01:17:01.400Z {"type":"click","target_tagname":"menuitem","target_id":"","value":"SOCKS4","detail":1}
INST 743318cd3984a899 2016-04-01T01:17:01.400Z {"type":"select","target_tagname":"menulist","target_id":"proxyType","value":"SOCKS4"}
INST 743318cd3984a899 2016-04-01T01:17:01.500Z {"type":"command","target_tagname":"menuitem","target_id":"","value":"SOCKS4"}
INST 743318cd3984a899 2016-04-01T01:17:01.500Z {"type":"popuphidden","target_tagname":"menupopup","target_id":"proxyType_menuPopup"}
INST 743318cd3984a899 2016-04-01T01:17:01.500Z {"type":"mouseout","target_tagname":"menuitem","target_id":"","value":"SOCKS4"}
INST 743318cd3984a899 2016-04-01T01:17:02.700Z {"type":"popupshown","target_tagname":"menupopup","target_id":"proxyType_menuPopup"}
INST 743318cd3984a899 2016-04-01T01:17:02.800Z {"type":"click","target_tagname":"menulist","target_id":"proxyType","value":"SOCKS4","detail":1}
INST 743318cd3984a899 2016-04-01T01:17:03.000Z {"type":"mouseover","target_tagname":"menuitem","target_id":"","value":""}
INST 743318cd3984a899 2016-04-01T01:17:03.000Z {"type":"mouseout","target_tagname":"menuitem","target_id":"","value":""}
INST 743318cd3984a899 2016-04-01T01:17:03.000Z {"type":"mouseover","target_tagname":"menuitem","target_id":"","value":"SOCKS4"}
INST 743318cd3984a899 2016-04-01T01:17:03.300Z {"type":"mouseout","target_tagname":"menuitem","target_id":"","value":"SOCKS4"}
INST 743318cd3984a899 2016-04-01T01:17:03.300Z {"type":"mouseover","target_tagname":"menuitem","target_id":"","value":"SOCKS5"}
INST 743318cd3984a899 2016-04-01T01:17:03.700Z {"type":"click","target_tagname":"menuitem","target_id":"","value":"SOCKS5","detail":1}
INST 743318cd3984a899 2016-04-01T01:17:03.700Z {"type":"select","target_tagname":"menulist","target_id":"proxyType","value":"SOCKS5"}
INST 743318cd3984a899 2016-04-01T01:17:03.700Z {"type":"command","target_tagname":"menuitem","target_id":"","value":"SOCKS5"}
INST 743318cd3984a899 2016-04-01T01:17:03.700Z {"type":"popuphidden","target_tagname":"menupopup","target_id":"proxyType_menuPopup"}
INST 743318cd3984a899 2016-04-01T01:17:03.700Z {"type":"mouseout","target_tagname":"menuitem","target_id":"","value":"SOCKS5"}
INST 743318cd3984a899 2016-04-01T01:17:05.600Z {"type":"click","target_tagname":"vbox","target_id":"","detail":1}
INST 743318cd3984a899 2016-04-01T01:17:06.200Z {"type":"click","target_tagname":"hbox","target_id":"","detail":1}
INST 743318cd3984a899 2016-04-01T01:17:06.700Z {"type":"popupshown","target_tagname":"menupopup","target_id":"proxyType_menuPopup"}
INST 743318cd3984a899 2016-04-01T01:17:06.800Z {"type":"click","target_tagname":"menulist","target_id":"proxyType","value":"SOCKS5","detail":1}
INST 743318cd3984a899 2016-04-01T01:17:07.000Z {"type":"mouseover","target_tagname":"menuitem","target_id":"","value":""}
INST 743318cd3984a899 2016-04-01T01:17:07.100Z {"type":"mouseout","target_tagname":"menuitem","target_id":"","value":""}
INST 743318cd3984a899 2016-04-01T01:17:07.100Z {"type":"mouseover","target_tagname":"menuitem","target_id":"","value":"SOCKS4"}
INST 743318cd3984a899 2016-04-01T01:17:07.300Z {"type":"mouseout","target_tagname":"menuitem","target_id":"","value":"SOCKS4"}
INST 743318cd3984a899 2016-04-01T01:17:07.300Z {"type":"mouseover","target_tagname":"menuitem","target_id":"","value":"SOCKS5"}
INST 743318cd3984a899 2016-04-01T01:17:07.400Z {"type":"mouseout","target_tagname":"menuitem","target_id":"","value":"SOCKS5"}
INST 743318cd3984a899 2016-04-01T01:17:07.400Z {"type":"mouseover","target_tagname":"menuitem","target_id":"","value":"HTTP"}
INST 743318cd3984a899 2016-04-01T01:17:07.800Z {"type":"click","target_tagname":"menuitem","target_id":"","value":"HTTP","detail":1}
INST 743318cd3984a899 2016-04-01T01:17:07.800Z {"type":"select","target_tagname":"menulist","target_id":"proxyType","value":"HTTP"}
INST 743318cd3984a899 2016-04-01T01:17:07.800Z {"type":"command","target_tagname":"menuitem","target_id":"","value":"HTTP"}
INST 743318cd3984a899 2016-04-01T01:17:07.800Z {"type":"popuphidden","target_tagname":"menupopup","target_id":"proxyType_menuPopup"}
INST 743318cd3984a899 2016-04-01T01:17:07.800Z {"type":"mouseout","target_tagname":"menuitem","target_id":"","value":"HTTP"}
INST 743318cd3984a899 2016-04-01T01:17:09.900Z {"type":"click","target_tagname":"wizard","target_id":"TorNetworkSettings","detail":1}
INST 743318cd3984a899 2016-04-01T01:17:09.900Z {"type":"pagehide","target_tagname":"wizardpage","target_id":"proxy"}
INST 743318cd3984a899 2016-04-01T01:17:09.900Z {"type":"pageadvanced","target_tagname":"wizardpage","target_id":"proxy"}
INST 743318cd3984a899 2016-04-01T01:17:09.900Z {"type":"alert_show","target_id":"failed_to_save_settings","value":"Unable to save Tor settings.\n\nYou must specify both an IP address or hostname and a port number to configure Tor to use a proxy to access the Internet."}
INST 743318cd3984a899 2016-04-01T01:17:11.400Z {"type":"alert_exit","target_id":"failed_to_save_settings","value":"Unable to save Tor settings.\n\nYou must specify both an IP address or hostname and a port number to configure Tor to use a proxy to access the Internet."}
INST 743318cd3984a899 2016-04-01T01:17:11.400Z {"type":"command","target_tagname":"wizard","target_id":"TorNetworkSettings"}
INST 743318cd3984a899 2016-04-01T01:17:12.700Z {"type":"select","target_tagname":"textbox","target_id":"proxyAddr"}
INST 743318cd3984a899 2016-04-01T01:17:12.900Z {"type":"click","target_tagname":"textbox","target_id":"proxyAddr","detail":1}
INST 743318cd3984a899 2016-04-01T01:17:14.600Z {"type":"click","target_tagname":"radio","target_id":"proxyRadioWithout","detail":1}
INST 743318cd3984a899 2016-04-01T01:17:14.600Z {"type":"command","target_tagname":"radio","target_id":"proxyRadioWithout"}
INST 743318cd3984a899 2016-04-01T01:17:16.800Z {"type":"click","target_tagname":"wizard","target_id":"TorNetworkSettings","detail":1}
INST 743318cd3984a899 2016-04-01T01:17:16.800Z {"type":"pagehide","target_tagname":"wizardpage","target_id":"proxy"}
INST 743318cd3984a899 2016-04-01T01:17:16.800Z {"type":"pageadvanced","target_tagname":"wizardpage","target_id":"proxy"}
INST 743318cd3984a899 2016-04-01T01:17:16.800Z {"type":"wizardnext","target_tagname":"wizard","target_id":"TorNetworkSettings"}
INST 743318cd3984a899 2016-04-01T01:17:16.800Z {"type":"pageshow","target_tagname":"wizardpage","target_id":"bridges"}
INST 743318cd3984a899 2016-04-01T01:17:16.800Z {"type":"command","target_tagname":"wizard","target_id":"TorNetworkSettings"}
INST 743318cd3984a899 2016-04-01T01:17:20.000Z {"type":"popupshown","target_tagname":"menupopup","target_id":"defaultBridgeType_menuPopup"}
INST 743318cd3984a899 2016-04-01T01:17:20.200Z {"type":"click","target_tagname":"menulist","target_id":"defaultBridgeType","value":"obfs3","detail":1}
INST 743318cd3984a899 2016-04-01T01:17:21.100Z {"type":"mouseover","target_tagname":"menuitem","target_id":"","value":"flashproxy"}
INST 743318cd3984a899 2016-04-01T01:17:21.500Z {"type":"click","target_tagname":"menuitem","target_id":"","value":"flashproxy","detail":1}
INST 743318cd3984a899 2016-04-01T01:17:21.500Z {"type":"select","target_tagname":"menulist","target_id":"defaultBridgeType","value":"flashproxy"}
INST 743318cd3984a899 2016-04-01T01:17:21.500Z {"type":"command","target_tagname":"menuitem","target_id":"","value":"flashproxy"}
INST 743318cd3984a899 2016-04-01T01:17:21.500Z {"type":"popuphidden","target_tagname":"menupopup","target_id":"defaultBridgeType_menuPopup"}
INST 743318cd3984a899 2016-04-01T01:17:21.500Z {"type":"mouseout","target_tagname":"menuitem","target_id":"","value":"flashproxy"}
INST 743318cd3984a899 2016-04-01T01:17:23.800Z {"type":"click","target_tagname":"wizard","target_id":"TorNetworkSettings","detail":1}
INST 743318cd3984a899 2016-04-01T01:17:23.800Z {"type":"pagehide","target_tagname":"wizardpage","target_id":"bridges"}
INST 743318cd3984a899 2016-04-01T01:17:23.800Z {"type":"pageadvanced","target_tagname":"wizardpage","target_id":"bridges"}
INST 743318cd3984a899 2016-04-01T01:17:23.800Z {"type":"wizardnext","target_tagname":"wizard","target_id":"TorNetworkSettings"}
INST 743318cd3984a899 2016-04-01T01:17:23.800Z {"type":"pageshow","target_tagname":"wizardpage","target_id":"summary"}
INST 743318cd3984a899 2016-04-01T01:17:23.800Z {"type":"command","target_tagname":"wizard","target_id":"TorNetworkSettings"}
INST 743318cd3984a899 2016-04-01T01:17:26.000Z {"type":"pagehide","target_tagname":"wizardpage","target_id":"summary"}
INST 743318cd3984a899 2016-04-01T01:17:26.000Z {"type":"pageadvanced","target_tagname":"wizardpage","target_id":"summary"}
INST 743318cd3984a899 2016-04-01T01:17:26.100Z {"type":"wizardnext","target_tagname":"wizard","target_id":"TorNetworkSettings"}
INST 743318cd3984a899 2016-04-01T01:17:26.100Z {"type":"pageshow","target_tagname":"wizardpage","target_id":"inlineprogress"}
INST 743318cd3984a899 2016-04-01T01:17:26.100Z {"type":"click","target_tagname":"wizard","target_id":"TorNetworkSettings","detail":1}
INST 743318cd3984a899 2016-04-01T01:17:27.900Z {"type":"progresschanged","target_tagname":"progressmeter","target_id":"progressMeter","value":5}
INST 743318cd3984a899 2016-04-01T01:17:27.900Z {"type":"good","target_tagname":"image","target_id":"progressbar","configurationSettings":"bridge-noproxy","number":1}
INST 743318cd3984a899 2016-04-01T01:17:27.900Z {"type":"progresschanged","target_tagname":"progressmeter","target_id":"progressMeter","value":10}
INST 743318cd3984a899 2016-04-01T01:17:27.900Z {"type":"good","target_tagname":"image","target_id":"progressbar","configurationSettings":"bridge-noproxy","number":1}
INST 743318cd3984a899 2016-04-01T01:17:38.500Z {"type":"click","target_tagname":"wizard","target_id":"TorNetworkSettings","detail":1}
INST 743318cd3984a899 2016-04-01T01:17:38.500Z {"type":"wizardcancel","target_tagname":"wizard","target_id":"TorNetworkSettings"}
INST 743318cd3984a899 2016-04-01T01:17:38.500Z {"type":"command","target_tagname":"wizard","target_id":"TorNetworkSettings"}
INST 743318cd3984a899 2016-04-01T01:17:38.500Z {"type":"unload","target_id":"configuration"}
INST 76089ca22121f9dc 2016-04-01T01:17:41.900Z {"type":"start"}
INST 76089ca22121f9dc 2016-04-01T01:17:42.000Z {"type":"select","target_tagname":"menulist","target_id":"proxyType","value":""}
INST 76089ca22121f9dc 2016-04-01T01:17:42.000Z {"type":"wizardnext","target_tagname":"wizard","target_id":"TorNetworkSettings"}
INST 76089ca22121f9dc 2016-04-01T01:17:42.000Z {"type":"pageshow","target_tagname":"wizardpage","target_id":"first"}
INST 76089ca22121f9dc 2016-04-01T01:17:42.600Z {"type":"load","target_id":"configuration"}
INST 76089ca22121f9dc 2016-04-01T01:17:42.600Z {"type":"select","target_tagname":"menulist","target_id":"defaultBridgeType","value":"flashproxy"}
INST 76089ca22121f9dc 2016-04-01T01:17:47.000Z {"type":"click","target_tagname":"vbox","target_id":"","detail":1}
INST 76089ca22121f9dc 2016-04-01T01:18:26.000Z {"type":"click","target_tagname":"button","target_id":"connect_button","detail":1}
INST 76089ca22121f9dc 2016-04-01T01:18:26.100Z {"type":"pagehide","target_tagname":"wizardpage","target_id":"first"}
INST 76089ca22121f9dc 2016-04-01T01:18:26.100Z {"type":"pageadvanced","target_tagname":"wizardpage","target_id":"first"}
INST 76089ca22121f9dc 2016-04-01T01:18:26.100Z {"type":"wizardnext","target_tagname":"wizard","target_id":"TorNetworkSettings"}
INST 76089ca22121f9dc 2016-04-01T01:18:26.100Z {"type":"pageshow","target_tagname":"wizardpage","target_id":"inlineprogress"}
INST 76089ca22121f9dc 2016-04-01T01:18:26.100Z {"type":"command","target_tagname":"button","target_id":"connect_button"}
INST 76089ca22121f9dc 2016-04-01T01:18:27.500Z {"type":"progresschanged","target_tagname":"progressmeter","target_id":"progressMeter","value":5}
INST 76089ca22121f9dc 2016-04-01T01:18:27.500Z {"type":"good","target_tagname":"image","target_id":"progressbar","configurationSettings":"bridge-noproxy","number":1}
INST 76089ca22121f9dc 2016-04-01T01:18:27.500Z {"type":"progresschanged","target_tagname":"progressmeter","target_id":"progressMeter","value":10}
INST 76089ca22121f9dc 2016-04-01T01:18:27.500Z {"type":"good","target_tagname":"image","target_id":"progressbar","configurationSettings":"bridge-noproxy","number":1}
INST 76089ca22121f9dc 2016-04-01T01:20:44.100Z {"type":"click","target_tagname":"wizard","target_id":"TorNetworkSettings","detail":1}
INST 76089ca22121f9dc 2016-04-01T01:20:44.100Z {"type":"wizardcancel","target_tagname":"wizard","target_id":"TorNetworkSettings"}
INST 76089ca22121f9dc 2016-04-01T01:20:44.100Z {"type":"command","target_tagname":"wizard","target_id":"TorNetworkSettings"}
INST 76089ca22121f9dc 2016-04-01T01:20:44.100Z {"type":"unload","target_id":"configuration"}
INST e6d9eb35ca462a4f 2016-04-01T01:20:46.000Z {"type":"start"}
INST e6d9eb35ca462a4f 2016-04-01T01:20:46.700Z {"type":"select","target_tagname":"menulist","target_id":"proxyType","value":""}
INST e6d9eb35ca462a4f 2016-04-01T01:20:46.700Z {"type":"wizardnext","target_tagname":"wizard","target_id":"TorNetworkSettings"}
INST e6d9eb35ca462a4f 2016-04-01T01:20:46.700Z {"type":"pageshow","target_tagname":"wizardpage","target_id":"first"}
INST e6d9eb35ca462a4f 2016-04-01T01:20:46.800Z {"type":"load","target_id":"configuration"}
INST e6d9eb35ca462a4f 2016-04-01T01:20:46.800Z {"type":"select","target_tagname":"menulist","target_id":"defaultBridgeType","value":"flashproxy"}
INST e6d9eb35ca462a4f 2016-04-01T01:20:48.600Z {"type":"click","target_tagname":"button","target_id":"configure_button","detail":1}
INST e6d9eb35ca462a4f 2016-04-01T01:20:48.600Z {"type":"pagehide","target_tagname":"wizardpage","target_id":"first"}
INST e6d9eb35ca462a4f 2016-04-01T01:20:48.600Z {"type":"pageadvanced","target_tagname":"wizardpage","target_id":"first"}
INST e6d9eb35ca462a4f 2016-04-01T01:20:48.600Z {"type":"wizardnext","target_tagname":"wizard","target_id":"TorNetworkSettings"}
INST e6d9eb35ca462a4f 2016-04-01T01:20:48.600Z {"type":"pageshow","target_tagname":"wizardpage","target_id":"proxy"}
INST e6d9eb35ca462a4f 2016-04-01T01:20:48.600Z {"type":"command","target_tagname":"button","target_id":"configure_button"}
INST e6d9eb35ca462a4f 2016-04-01T01:20:50.200Z {"type":"click","target_tagname":"radio","target_id":"proxyRadioWith","detail":1}
INST e6d9eb35ca462a4f 2016-04-01T01:20:50.200Z {"type":"command","target_tagname":"radio","target_id":"proxyRadioWith"}
INST e6d9eb35ca462a4f 2016-04-01T01:20:51.600Z {"type":"popupshown","target_tagname":"menupopup","target_id":"proxyType_menuPopup"}
INST e6d9eb35ca462a4f 2016-04-01T01:20:51.700Z {"type":"click","target_tagname":"menulist","target_id":"proxyType","value":"","detail":1}
INST e6d9eb35ca462a4f 2016-04-01T01:20:52.100Z {"type":"mouseover","target_tagname":"menuitem","target_id":"","value":""}
INST e6d9eb35ca462a4f 2016-04-01T01:20:52.300Z {"type":"mouseout","target_tagname":"menuitem","target_id":"","value":""}
INST e6d9eb35ca462a4f 2016-04-01T01:20:52.300Z {"type":"mouseover","target_tagname":"menuitem","target_id":"","value":"SOCKS4"}
INST e6d9eb35ca462a4f 2016-04-01T01:20:52.700Z {"type":"click","target_tagname":"menuitem","target_id":"","value":"SOCKS4","detail":1}
INST e6d9eb35ca462a4f 2016-04-01T01:20:52.700Z {"type":"select","target_tagname":"menulist","target_id":"proxyType","value":"SOCKS4"}
INST e6d9eb35ca462a4f 2016-04-01T01:20:52.700Z {"type":"command","target_tagname":"menuitem","target_id":"","value":"SOCKS4"}
INST e6d9eb35ca462a4f 2016-04-01T01:20:52.700Z {"type":"popuphidden","target_tagname":"menupopup","target_id":"proxyType_menuPopup"}
INST e6d9eb35ca462a4f 2016-04-01T01:20:52.800Z {"type":"mouseout","target_tagname":"menuitem","target_id":"","value":"SOCKS4"}
INST e6d9eb35ca462a4f 2016-04-01T01:20:54.800Z {"type":"click","target_tagname":"wizard","target_id":"TorNetworkSettings","detail":1}
INST e6d9eb35ca462a4f 2016-04-01T01:20:54.800Z {"type":"pagehide","target_tagname":"wizardpage","target_id":"proxy"}
INST e6d9eb35ca462a4f 2016-04-01T01:20:54.800Z {"type":"pageadvanced","target_tagname":"wizardpage","target_id":"proxy"}
INST e6d9eb35ca462a4f 2016-04-01T01:20:54.800Z {"type":"alert_show","target_id":"failed_to_save_settings","value":"Unable to save Tor settings.\n\nYou must specify both an IP address or hostname and a port number to configure Tor to use a proxy to access the Internet."}
INST e6d9eb35ca462a4f 2016-04-01T01:20:57.200Z {"type":"alert_exit","target_id":"failed_to_save_settings","value":"Unable to save Tor settings.\n\nYou must specify both an IP address or hostname and a port number to configure Tor to use a proxy to access the Internet."}
INST e6d9eb35ca462a4f 2016-04-01T01:20:57.200Z {"type":"command","target_tagname":"wizard","target_id":"TorNetworkSettings"}
INST e6d9eb35ca462a4f 2016-04-01T01:20:58.900Z {"type":"select","target_tagname":"textbox","target_id":"proxyAddr"}
INST e6d9eb35ca462a4f 2016-04-01T01:20:59.000Z {"type":"click","target_tagname":"textbox","target_id":"proxyAddr","detail":1}
INST e6d9eb35ca462a4f 2016-04-01T01:22:24.200Z {"type":"select","target_tagname":"textbox","target_id":"proxyAddr"}
INST e6d9eb35ca462a4f 2016-04-01T01:22:24.300Z {"type":"click","target_tagname":"textbox","target_id":"proxyAddr","detail":1}
INST e6d9eb35ca462a4f 2016-04-01T01:23:01.700Z {"type":"click","target_tagname":"radio","target_id":"proxyRadioWithout","detail":1}
INST e6d9eb35ca462a4f 2016-04-01T01:23:01.700Z {"type":"command","target_tagname":"radio","target_id":"proxyRadioWithout"}
INST e6d9eb35ca462a4f 2016-04-01T01:23:10.500Z {"type":"click","target_tagname":"wizard","target_id":"TorNetworkSettings","detail":1}
INST e6d9eb35ca462a4f 2016-04-01T01:23:10.600Z {"type":"pagehide","target_tagname":"wizardpage","target_id":"proxy"}
INST e6d9eb35ca462a4f 2016-04-01T01:23:10.600Z {"type":"pageadvanced","target_tagname":"wizardpage","target_id":"proxy"}
INST e6d9eb35ca462a4f 2016-04-01T01:23:10.600Z {"type":"wizardnext","target_tagname":"wizard","target_id":"TorNetworkSettings"}
INST e6d9eb35ca462a4f 2016-04-01T01:23:10.600Z {"type":"pageshow","target_tagname":"wizardpage","target_id":"bridges"}
INST e6d9eb35ca462a4f 2016-04-01T01:23:10.600Z {"type":"command","target_tagname":"wizard","target_id":"TorNetworkSettings"}
INST e6d9eb35ca462a4f 2016-04-01T01:23:12.600Z {"type":"click","target_tagname":"radio","target_id":"bridgeRadioNone","detail":1}
INST e6d9eb35ca462a4f 2016-04-01T01:23:12.600Z {"type":"command","target_tagname":"radio","target_id":"bridgeRadioNone"}
INST e6d9eb35ca462a4f 2016-04-01T01:23:15.200Z {"type":"click","target_tagname":"wizard","target_id":"TorNetworkSettings","detail":1}
INST e6d9eb35ca462a4f 2016-04-01T01:23:15.200Z {"type":"pagehide","target_tagname":"wizardpage","target_id":"bridges"}
INST e6d9eb35ca462a4f 2016-04-01T01:23:15.200Z {"type":"pageadvanced","target_tagname":"wizardpage","target_id":"bridges"}
INST e6d9eb35ca462a4f 2016-04-01T01:23:15.200Z {"type":"wizardnext","target_tagname":"wizard","target_id":"TorNetworkSettings"}
INST e6d9eb35ca462a4f 2016-04-01T01:23:15.200Z {"type":"pageshow","target_tagname":"wizardpage","target_id":"summary"}
INST e6d9eb35ca462a4f 2016-04-01T01:23:15.200Z {"type":"command","target_tagname":"wizard","target_id":"TorNetworkSettings"}
INST e6d9eb35ca462a4f 2016-04-01T01:23:16.500Z {"type":"pagehide","target_tagname":"wizardpage","target_id":"summary"}
INST e6d9eb35ca462a4f 2016-04-01T01:23:16.500Z {"type":"pageadvanced","target_tagname":"wizardpage","target_id":"summary"}
INST e6d9eb35ca462a4f 2016-04-01T01:23:16.500Z {"type":"wizardnext","target_tagname":"wizard","target_id":"TorNetworkSettings"}
INST e6d9eb35ca462a4f 2016-04-01T01:23:16.500Z {"type":"pageshow","target_tagname":"wizardpage","target_id":"inlineprogress"}
INST e6d9eb35ca462a4f 2016-04-01T01:23:16.500Z {"type":"click","target_tagname":"wizard","target_id":"TorNetworkSettings","detail":1}
INST e6d9eb35ca462a4f 2016-04-01T01:23:17.500Z {"type":"progresschanged","target_tagname":"progressmeter","target_id":"progressMeter","value":5}
INST e6d9eb35ca462a4f 2016-04-01T01:23:17.500Z {"type":"good","target_tagname":"image","target_id":"progressbar","configurationSettings":"nobridge-noproxy","number":1}
INST e6d9eb35ca462a4f 2016-04-01T01:23:17.500Z {"type":"progresschanged","target_tagname":"progressmeter","target_id":"progressMeter","value":5}
INST e6d9eb35ca462a4f 2016-04-01T01:23:17.500Z {"type":"good","target_tagname":"image","target_id":"progressbar","configurationSettings":"nobridge-noproxy","number":1}
INST e6d9eb35ca462a4f 2016-04-01T01:23:17.500Z {"type":"progresschanged","target_tagname":"progressmeter","target_id":"progressMeter","value":5}
INST e6d9eb35ca462a4f 2016-04-01T01:23:17.500Z {"type":"good","target_tagname":"image","target_id":"progressbar","configurationSettings":"nobridge-noproxy","number":1}
INST e6d9eb35ca462a4f 2016-04-01T01:24:18.500Z {"type":"progresschanged","target_tagname":"progressmeter","target_id":"progressMeter","value":5}
INST e6d9eb35ca462a4f 2016-04-01T01:24:18.500Z {"type":"good","target_tagname":"image","target_id":"progressbar","configurationSettings":"nobridge-noproxy","number":1}
INST e6d9eb35ca462a4f 2016-04-01T01:25:30.100Z {"type":"click","target_tagname":"wizard","target_id":"TorNetworkSettings","detail":1}
INST e6d9eb35ca462a4f 2016-04-01T01:25:30.100Z {"type":"wizardcancel","target_tagname":"wizard","target_id":"TorNetworkSettings"}
INST e6d9eb35ca462a4f 2016-04-01T01:25:30.100Z {"type":"command","target_tagname":"wizard","target_id":"TorNetworkSettings"}
INST e6d9eb35ca462a4f 2016-04-01T01:25:30.100Z {"type":"unload","target_id":"configuration"}
INST 0837276a41afed9d 2016-04-01T01:26:09.600Z {"type":"start"}
INST 0837276a41afed9d 2016-04-01T01:26:09.700Z {"type":"select","target_tagname":"menulist","target_id":"proxyType","value":""}
INST 0837276a41afed9d 2016-04-01T01:26:09.700Z {"type":"wizardnext","target_tagname":"wizard","target_id":"TorNetworkSettings"}
INST 0837276a41afed9d 2016-04-01T01:26:09.700Z {"type":"pageshow","target_tagname":"wizardpage","target_id":"first"}
INST 0837276a41afed9d 2016-04-01T01:26:10.300Z {"type":"load","target_id":"configuration"}
INST 0837276a41afed9d 2016-04-01T01:26:10.300Z {"type":"select","target_tagname":"menulist","target_id":"defaultBridgeType","value":"obfs3"}
INST 0837276a41afed9d 2016-04-01T01:26:12.700Z {"type":"click","target_tagname":"button","target_id":"configure_button","detail":1}
INST 0837276a41afed9d 2016-04-01T01:26:12.700Z {"type":"pagehide","target_tagname":"wizardpage","target_id":"first"}
INST 0837276a41afed9d 2016-04-01T01:26:12.700Z {"type":"pageadvanced","target_tagname":"wizardpage","target_id":"first"}
INST 0837276a41afed9d 2016-04-01T01:26:12.700Z {"type":"wizardnext","target_tagname":"wizard","target_id":"TorNetworkSettings"}
INST 0837276a41afed9d 2016-04-01T01:26:12.700Z {"type":"pageshow","target_tagname":"wizardpage","target_id":"proxy"}
INST 0837276a41afed9d 2016-04-01T01:26:12.700Z {"type":"command","target_tagname":"button","target_id":"configure_button"}
INST 0837276a41afed9d 2016-04-01T01:26:15.400Z {"type":"click","target_tagname":"wizard","target_id":"TorNetworkSettings","detail":1}
INST 0837276a41afed9d 2016-04-01T01:26:15.400Z {"type":"pagehide","target_tagname":"wizardpage","target_id":"proxy"}
INST 0837276a41afed9d 2016-04-01T01:26:15.400Z {"type":"pageadvanced","target_tagname":"wizardpage","target_id":"proxy"}
INST 0837276a41afed9d 2016-04-01T01:26:15.400Z {"type":"wizardnext","target_tagname":"wizard","target_id":"TorNetworkSettings"}
INST 0837276a41afed9d 2016-04-01T01:26:15.400Z {"type":"pageshow","target_tagname":"wizardpage","target_id":"bridges"}
INST 0837276a41afed9d 2016-04-01T01:26:15.400Z {"type":"command","target_tagname":"wizard","target_id":"TorNetworkSettings"}
INST 0837276a41afed9d 2016-04-01T01:26:16.900Z {"type":"click","target_tagname":"radio","target_id":"bridgeRadioDefault","detail":1}
INST 0837276a41afed9d 2016-04-01T01:26:16.900Z {"type":"command","target_tagname":"radio","target_id":"bridgeRadioDefault"}
INST 0837276a41afed9d 2016-04-01T01:26:17.900Z {"type":"click","target_tagname":"radio","target_id":"bridgeRadioCustom","detail":1}
INST 0837276a41afed9d 2016-04-01T01:26:17.900Z {"type":"command","target_tagname":"radio","target_id":"bridgeRadioCustom"}
INST 0837276a41afed9d 2016-04-01T01:26:29.300Z {"type":"click","target_tagname":"radio","target_id":"bridgeRadioDefault","detail":1}
INST 0837276a41afed9d 2016-04-01T01:26:29.300Z {"type":"command","target_tagname":"radio","target_id":"bridgeRadioDefault"}
INST 0837276a41afed9d 2016-04-01T01:26:30.300Z {"type":"popupshown","target_tagname":"menupopup","target_id":"defaultBridgeType_menuPopup"}
INST 0837276a41afed9d 2016-04-01T01:26:30.400Z {"type":"click","target_tagname":"menulist","target_id":"defaultBridgeType","value":"obfs3","detail":1}
INST 0837276a41afed9d 2016-04-01T01:26:31.900Z {"type":"mouseover","target_tagname":"menuitem","target_id":"","value":"flashproxy"}
INST 0837276a41afed9d 2016-04-01T01:26:32.600Z {"type":"click","target_tagname":"menuitem","target_id":"","value":"flashproxy","detail":1}
INST 0837276a41afed9d 2016-04-01T01:26:32.600Z {"type":"select","target_tagname":"menulist","target_id":"defaultBridgeType","value":"flashproxy"}
INST 0837276a41afed9d 2016-04-01T01:26:32.600Z {"type":"command","target_tagname":"menuitem","target_id":"","value":"flashproxy"}
INST 0837276a41afed9d 2016-04-01T01:26:32.600Z {"type":"popuphidden","target_tagname":"menupopup","target_id":"defaultBridgeType_menuPopup"}
INST 0837276a41afed9d 2016-04-01T01:26:32.600Z {"type":"mouseout","target_tagname":"menuitem","target_id":"","value":"flashproxy"}
INST 0837276a41afed9d 2016-04-01T01:26:33.400Z {"type":"popupshown","target_tagname":"menupopup","target_id":"defaultBridgeType_menuPopup"}
INST 0837276a41afed9d 2016-04-01T01:26:33.500Z {"type":"click","target_tagname":"menulist","target_id":"defaultBridgeType","value":"flashproxy","detail":1}
INST 0837276a41afed9d 2016-04-01T01:26:34.700Z {"type":"popuphidden","target_tagname":"menupopup","target_id":"defaultBridgeType_menuPopup"}
INST 0837276a41afed9d 2016-04-01T01:26:36.600Z {"type":"click","target_tagname":"wizard","target_id":"TorNetworkSettings","detail":1}
INST 0837276a41afed9d 2016-04-01T01:26:36.600Z {"type":"pagehide","target_tagname":"wizardpage","target_id":"bridges"}
INST 0837276a41afed9d 2016-04-01T01:26:36.600Z {"type":"pageadvanced","target_tagname":"wizardpage","target_id":"bridges"}
INST 0837276a41afed9d 2016-04-01T01:26:36.600Z {"type":"wizardnext","target_tagname":"wizard","target_id":"TorNetworkSettings"}
INST 0837276a41afed9d 2016-04-01T01:26:36.600Z {"type":"pageshow","target_tagname":"wizardpage","target_id":"summary"}
INST 0837276a41afed9d 2016-04-01T01:26:36.600Z {"type":"command","target_tagname":"wizard","target_id":"TorNetworkSettings"}
INST 0837276a41afed9d 2016-04-01T01:26:37.600Z {"type":"pagehide","target_tagname":"wizardpage","target_id":"summary"}
INST 0837276a41afed9d 2016-04-01T01:26:37.600Z {"type":"pageadvanced","target_tagname":"wizardpage","target_id":"summary"}
INST 0837276a41afed9d 2016-04-01T01:26:37.600Z {"type":"wizardnext","target_tagname":"wizard","target_id":"TorNetworkSettings"}
INST 0837276a41afed9d 2016-04-01T01:26:37.600Z {"type":"pageshow","target_tagname":"wizardpage","target_id":"inlineprogress"}
INST 0837276a41afed9d 2016-04-01T01:26:37.600Z {"type":"click","target_tagname":"wizard","target_id":"TorNetworkSettings","detail":1}
INST 0837276a41afed9d 2016-04-01T01:26:39.100Z {"type":"progresschanged","target_tagname":"progressmeter","target_id":"progressMeter","value":5}
INST 0837276a41afed9d 2016-04-01T01:26:39.100Z {"type":"good","target_tagname":"image","target_id":"progressbar","configurationSettings":"bridge-noproxy","number":1}
INST 0837276a41afed9d 2016-04-01T01:26:39.100Z {"type":"progresschanged","target_tagname":"progressmeter","target_id":"progressMeter","value":10}
INST 0837276a41afed9d 2016-04-01T01:26:39.100Z {"type":"good","target_tagname":"image","target_id":"progressbar","configurationSettings":"bridge-noproxy","number":1}
INST 0837276a41afed9d 2016-04-01T01:31:39.100Z {"type":"progresschanged","target_tagname":"progressmeter","target_id":"progressMeter","value":10}
INST 0837276a41afed9d 2016-04-01T01:31:39.100Z {"type":"bad","target_tagname":"image","target_id":"progressbar","configurationSettings":"bridge-noproxy","number":1}
INST 0837276a41afed9d 2016-04-01T01:33:16.300Z {"type":"click","target_tagname":"wizard","target_id":"TorNetworkSettings","detail":1}
INST 0837276a41afed9d 2016-04-01T01:33:16.300Z {"type":"pagehide","target_tagname":"wizardpage","target_id":"inlineprogress"}
INST 0837276a41afed9d 2016-04-01T01:33:16.300Z {"type":"pagerewound","target_tagname":"wizardpage","target_id":"inlineprogress"}
INST 0837276a41afed9d 2016-04-01T01:33:16.300Z {"type":"wizardback","target_tagname":"wizard","target_id":"TorNetworkSettings"}
INST 0837276a41afed9d 2016-04-01T01:33:16.300Z {"type":"pageshow","target_tagname":"wizardpage","target_id":"summary"}
INST 0837276a41afed9d 2016-04-01T01:33:16.300Z {"type":"command","target_tagname":"wizard","target_id":"TorNetworkSettings"}
INST 0837276a41afed9d 2016-04-01T01:33:18.200Z {"type":"pagehide","target_tagname":"wizardpage","target_id":"summary"}
INST 0837276a41afed9d 2016-04-01T01:33:18.200Z {"type":"pageadvanced","target_tagname":"wizardpage","target_id":"summary"}
INST 0837276a41afed9d 2016-04-01T01:33:18.300Z {"type":"wizardnext","target_tagname":"wizard","target_id":"TorNetworkSettings"}
INST 0837276a41afed9d 2016-04-01T01:33:18.300Z {"type":"pageshow","target_tagname":"wizardpage","target_id":"inlineprogress"}
INST 0837276a41afed9d 2016-04-01T01:33:18.300Z {"type":"click","target_tagname":"wizard","target_id":"TorNetworkSettings","detail":1}
INST 0837276a41afed9d 2016-04-01T01:33:21.200Z {"type":"click","target_tagname":"wizard","target_id":"TorNetworkSettings","detail":1}
INST 0837276a41afed9d 2016-04-01T01:33:21.200Z {"type":"wizardcancel","target_tagname":"wizard","target_id":"TorNetworkSettings"}
INST 0837276a41afed9d 2016-04-01T01:33:21.200Z {"type":"command","target_tagname":"wizard","target_id":"TorNetworkSettings"}
INST 0837276a41afed9d 2016-04-01T01:33:21.200Z {"type":"unload","target_id":"configuration"}
INST 6f4ea43728f1db14 2016-04-01T01:33:23.500Z {"type":"start"}
INST 6f4ea43728f1db14 2016-04-01T01:33:24.200Z {"type":"select","target_tagname":"menulist","target_id":"proxyType","value":""}
INST 6f4ea43728f1db14 2016-04-01T01:33:24.200Z {"type":"wizardnext","target_tagname":"wizard","target_id":"TorNetworkSettings"}
INST 6f4ea43728f1db14 2016-04-01T01:33:24.200Z {"type":"pageshow","target_tagname":"wizardpage","target_id":"first"}
INST 6f4ea43728f1db14 2016-04-01T01:33:24.200Z {"type":"load","target_id":"configuration"}
INST 6f4ea43728f1db14 2016-04-01T01:33:24.200Z {"type":"select","target_tagname":"menulist","target_id":"defaultBridgeType","value":"flashproxy"}
INST 6f4ea43728f1db14 2016-04-01T01:33:25.800Z {"type":"click","target_tagname":"button","target_id":"configure_button","detail":1}
INST 6f4ea43728f1db14 2016-04-01T01:33:25.800Z {"type":"pagehide","target_tagname":"wizardpage","target_id":"first"}
INST 6f4ea43728f1db14 2016-04-01T01:33:25.800Z {"type":"pageadvanced","target_tagname":"wizardpage","target_id":"first"}
INST 6f4ea43728f1db14 2016-04-01T01:33:25.800Z {"type":"wizardnext","target_tagname":"wizard","target_id":"TorNetworkSettings"}
INST 6f4ea43728f1db14 2016-04-01T01:33:25.800Z {"type":"pageshow","target_tagname":"wizardpage","target_id":"proxy"}
INST 6f4ea43728f1db14 2016-04-01T01:33:25.800Z {"type":"command","target_tagname":"button","target_id":"configure_button"}
INST 6f4ea43728f1db14 2016-04-01T01:33:27.100Z {"type":"click","target_tagname":"radio","target_id":"proxyRadioWith","detail":1}
INST 6f4ea43728f1db14 2016-04-01T01:33:27.100Z {"type":"command","target_tagname":"radio","target_id":"proxyRadioWith"}
INST 6f4ea43728f1db14 2016-04-01T01:33:28.500Z {"type":"popupshown","target_tagname":"menupopup","target_id":"proxyType_menuPopup"}
INST 6f4ea43728f1db14 2016-04-01T01:33:28.600Z {"type":"click","target_tagname":"menulist","target_id":"proxyType","value":"","detail":1}
INST 6f4ea43728f1db14 2016-04-01T01:33:28.800Z {"type":"mouseover","target_tagname":"menuitem","target_id":"","value":""}
INST 6f4ea43728f1db14 2016-04-01T01:33:28.900Z {"type":"mouseout","target_tagname":"menuitem","target_id":"","value":""}
INST 6f4ea43728f1db14 2016-04-01T01:33:28.900Z {"type":"mouseover","target_tagname":"menuitem","target_id":"","value":"SOCKS4"}
INST 6f4ea43728f1db14 2016-04-01T01:33:29.100Z {"type":"mouseout","target_tagname":"menuitem","target_id":"","value":"SOCKS4"}
INST 6f4ea43728f1db14 2016-04-01T01:33:29.100Z {"type":"mouseover","target_tagname":"menuitem","target_id":"","value":"SOCKS5"}
INST 6f4ea43728f1db14 2016-04-01T01:33:29.100Z {"type":"mouseout","target_tagname":"menuitem","target_id":"","value":"SOCKS5"}
INST 6f4ea43728f1db14 2016-04-01T01:33:29.100Z {"type":"mouseover","target_tagname":"menuitem","target_id":"","value":"HTTP"}
INST 6f4ea43728f1db14 2016-04-01T01:33:29.100Z {"type":"mouseout","target_tagname":"menuitem","target_id":"","value":"HTTP"}
INST 6f4ea43728f1db14 2016-04-01T01:33:29.300Z {"type":"mouseover","target_tagname":"menuitem","target_id":"","value":"HTTP"}
INST 6f4ea43728f1db14 2016-04-01T01:33:29.700Z {"type":"click","target_tagname":"menuitem","target_id":"","value":"HTTP","detail":1}
INST 6f4ea43728f1db14 2016-04-01T01:33:29.700Z {"type":"select","target_tagname":"menulist","target_id":"proxyType","value":"HTTP"}
INST 6f4ea43728f1db14 2016-04-01T01:33:29.700Z {"type":"command","target_tagname":"menuitem","target_id":"","value":"HTTP"}
INST 6f4ea43728f1db14 2016-04-01T01:33:29.700Z {"type":"popuphidden","target_tagname":"menupopup","target_id":"proxyType_menuPopup"}
INST 6f4ea43728f1db14 2016-04-01T01:33:29.700Z {"type":"mouseout","target_tagname":"menuitem","target_id":"","value":"HTTP"}
INST 6f4ea43728f1db14 2016-04-01T01:33:30.500Z {"type":"select","target_tagname":"textbox","target_id":"proxyAddr"}
INST 6f4ea43728f1db14 2016-04-01T01:33:30.700Z {"type":"click","target_tagname":"textbox","target_id":"proxyAddr","detail":1}
INST 6f4ea43728f1db14 2016-04-01T01:34:03.100Z {"type":"change","target_tagname":"textbox","target_id":"proxyAddr","value":"rt.torproject.org"}
INST 6f4ea43728f1db14 2016-04-01T01:34:03.200Z {"type":"click","target_tagname":"wizard","target_id":"TorNetworkSettings","detail":1}
INST 6f4ea43728f1db14 2016-04-01T01:34:03.200Z {"type":"pagehide","target_tagname":"wizardpage","target_id":"proxy"}
INST 6f4ea43728f1db14 2016-04-01T01:34:03.200Z {"type":"pageadvanced","target_tagname":"wizardpage","target_id":"proxy"}
INST 6f4ea43728f1db14 2016-04-01T01:34:03.200Z {"type":"wizardnext","target_tagname":"wizard","target_id":"TorNetworkSettings"}
INST 6f4ea43728f1db14 2016-04-01T01:34:03.200Z {"type":"pageshow","target_tagname":"wizardpage","target_id":"bridges"}
INST 6f4ea43728f1db14 2016-04-01T01:34:03.200Z {"type":"command","target_tagname":"wizard","target_id":"TorNetworkSettings"}
INST 6f4ea43728f1db14 2016-04-01T01:34:06.800Z {"type":"click","target_tagname":"radio","target_id":"bridgeRadioCustom","detail":1}
INST 6f4ea43728f1db14 2016-04-01T01:34:06.800Z {"type":"command","target_tagname":"radio","target_id":"bridgeRadioCustom"}
INST 6f4ea43728f1db14 2016-04-01T01:34:10.500Z {"type":"click","target_tagname":"radio","target_id":"bridgeRadioDefault","detail":1}
INST 6f4ea43728f1db14 2016-04-01T01:34:10.500Z {"type":"command","target_tagname":"radio","target_id":"bridgeRadioDefault"}
INST 6f4ea43728f1db14 2016-04-01T01:34:12.500Z {"type":"popupshown","target_tagname":"menupopup","target_id":"defaultBridgeType_menuPopup"}
INST 6f4ea43728f1db14 2016-04-01T01:34:12.700Z {"type":"click","target_tagname":"menulist","target_id":"defaultBridgeType","value":"flashproxy","detail":1}
INST 6f4ea43728f1db14 2016-04-01T01:34:13.000Z {"type":"mouseover","target_tagname":"menuitem","target_id":"","value":"flashproxy"}
INST 6f4ea43728f1db14 2016-04-01T01:34:13.100Z {"type":"mouseout","target_tagname":"menuitem","target_id":"","value":"flashproxy"}
INST 6f4ea43728f1db14 2016-04-01T01:34:13.100Z {"type":"mouseover","target_tagname":"menuitem","target_id":"","value":"fte"}
INST 6f4ea43728f1db14 2016-04-01T01:34:13.300Z {"type":"mouseout","target_tagname":"menuitem","target_id":"","value":"fte"}
INST 6f4ea43728f1db14 2016-04-01T01:34:13.300Z {"type":"mouseover","target_tagname":"menuitem","target_id":"","value":"fte-ipv6"}
INST 6f4ea43728f1db14 2016-04-01T01:34:13.700Z {"type":"mouseout","target_tagname":"menuitem","target_id":"","value":"fte-ipv6"}
INST 6f4ea43728f1db14 2016-04-01T01:34:13.700Z {"type":"mouseover","target_tagname":"menuitem","target_id":"","value":"meek-amazon"}
INST 6f4ea43728f1db14 2016-04-01T01:34:13.800Z {"type":"mouseout","target_tagname":"menuitem","target_id":"","value":"meek-amazon"}
INST 6f4ea43728f1db14 2016-04-01T01:34:13.800Z {"type":"mouseover","target_tagname":"menuitem","target_id":"","value":"meek-azure"}
INST 6f4ea43728f1db14 2016-04-01T01:34:14.000Z {"type":"mouseout","target_tagname":"menuitem","target_id":"","value":"meek-azure"}
INST 6f4ea43728f1db14 2016-04-01T01:34:14.000Z {"type":"mouseover","target_tagname":"menuitem","target_id":"","value":"meek-google"}
INST 6f4ea43728f1db14 2016-04-01T01:34:14.200Z {"type":"mouseout","target_tagname":"menuitem","target_id":"","value":"meek-google"}
INST 6f4ea43728f1db14 2016-04-01T01:34:14.200Z {"type":"mouseover","target_tagname":"menuitem","target_id":"","value":"obfs3"}
INST 6f4ea43728f1db14 2016-04-01T01:34:15.000Z {"type":"click","target_tagname":"menuitem","target_id":"","value":"obfs3","detail":1}
INST 6f4ea43728f1db14 2016-04-01T01:34:15.000Z {"type":"select","target_tagname":"menulist","target_id":"defaultBridgeType","value":"obfs3"}
INST 6f4ea43728f1db14 2016-04-01T01:34:15.000Z {"type":"command","target_tagname":"menuitem","target_id":"","value":"obfs3"}
INST 6f4ea43728f1db14 2016-04-01T01:34:15.000Z {"type":"popuphidden","target_tagname":"menupopup","target_id":"defaultBridgeType_menuPopup"}
INST 6f4ea43728f1db14 2016-04-01T01:34:15.000Z {"type":"mouseout","target_tagname":"menuitem","target_id":"","value":"obfs3"}
INST 6f4ea43728f1db14 2016-04-01T01:34:16.500Z {"type":"click","target_tagname":"wizard","target_id":"TorNetworkSettings","detail":1}
INST 6f4ea43728f1db14 2016-04-01T01:34:16.500Z {"type":"pagehide","target_tagname":"wizardpage","target_id":"bridges"}
INST 6f4ea43728f1db14 2016-04-01T01:34:16.500Z {"type":"pageadvanced","target_tagname":"wizardpage","target_id":"bridges"}
INST 6f4ea43728f1db14 2016-04-01T01:34:16.500Z {"type":"wizardnext","target_tagname":"wizard","target_id":"TorNetworkSettings"}
INST 6f4ea43728f1db14 2016-04-01T01:34:16.500Z {"type":"pageshow","target_tagname":"wizardpage","target_id":"summary"}
INST 6f4ea43728f1db14 2016-04-01T01:34:16.500Z {"type":"command","target_tagname":"wizard","target_id":"TorNetworkSettings"}
INST 6f4ea43728f1db14 2016-04-01T01:34:17.700Z {"type":"pagehide","target_tagname":"wizardpage","target_id":"summary"}
INST 6f4ea43728f1db14 2016-04-01T01:34:17.700Z {"type":"pageadvanced","target_tagname":"wizardpage","target_id":"summary"}
INST 6f4ea43728f1db14 2016-04-01T01:34:17.900Z {"type":"wizardnext","target_tagname":"wizard","target_id":"TorNetworkSettings"}
INST 6f4ea43728f1db14 2016-04-01T01:34:17.900Z {"type":"pageshow","target_tagname":"wizardpage","target_id":"inlineprogress"}
INST 6f4ea43728f1db14 2016-04-01T01:34:17.900Z {"type":"click","target_tagname":"wizard","target_id":"TorNetworkSettings","detail":1}
INST 6f4ea43728f1db14 2016-04-01T01:34:25.900Z {"type":"progresschanged","target_tagname":"progressmeter","target_id":"progressMeter","value":5}
INST 6f4ea43728f1db14 2016-04-01T01:34:25.900Z {"type":"good","target_tagname":"image","target_id":"progressbar","configurationSettings":"bridge-proxy","number":1}
INST 6f4ea43728f1db14 2016-04-01T01:34:25.900Z {"type":"progresschanged","target_tagname":"progressmeter","target_id":"progressMeter","value":10}
INST 6f4ea43728f1db14 2016-04-01T01:34:25.900Z {"type":"good","target_tagname":"image","target_id":"progressbar","configurationSettings":"bridge-proxy","number":1}
INST 6f4ea43728f1db14 2016-04-01T01:41:18.300Z {"type":"click","target_tagname":"wizard","target_id":"TorNetworkSettings","detail":1}
INST 6f4ea43728f1db14 2016-04-01T01:41:18.300Z {"type":"wizardcancel","target_tagname":"wizard","target_id":"TorNetworkSettings"}
INST 6f4ea43728f1db14 2016-04-01T01:41:18.300Z {"type":"command","target_tagname":"wizard","target_id":"TorNetworkSettings"}
INST 6f4ea43728f1db14 2016-04-01T01:41:18.300Z {"type":"unload","target_id":"configuration"}
INST c70b43e1f22b16f1 2016-04-01T01:41:52.200Z {"type":"start"}
INST c70b43e1f22b16f1 2016-04-01T01:41:52.300Z {"type":"select","target_tagname":"menulist","target_id":"proxyType","value":""}
INST c70b43e1f22b16f1 2016-04-01T01:41:52.300Z {"type":"wizardnext","target_tagname":"wizard","target_id":"TorNetworkSettings"}
INST c70b43e1f22b16f1 2016-04-01T01:41:52.300Z {"type":"pageshow","target_tagname":"wizardpage","target_id":"first"}
INST c70b43e1f22b16f1 2016-04-01T01:41:53.000Z {"type":"load","target_id":"configuration"}
INST c70b43e1f22b16f1 2016-04-01T01:41:53.000Z {"type":"select","target_tagname":"menulist","target_id":"defaultBridgeType","value":"obfs3"}
INST c70b43e1f22b16f1 2016-04-01T01:41:53.000Z {"type":"select","target_tagname":"menulist","target_id":"proxyType","value":"HTTP"}
INST c70b43e1f22b16f1 2016-04-01T01:41:55.000Z {"type":"click","target_tagname":"button","target_id":"connect_button","detail":1}
INST c70b43e1f22b16f1 2016-04-01T01:41:55.100Z {"type":"pagehide","target_tagname":"wizardpage","target_id":"first"}
INST c70b43e1f22b16f1 2016-04-01T01:41:55.100Z {"type":"pageadvanced","target_tagname":"wizardpage","target_id":"first"}
INST c70b43e1f22b16f1 2016-04-01T01:41:55.100Z {"type":"wizardnext","target_tagname":"wizard","target_id":"TorNetworkSettings"}
INST c70b43e1f22b16f1 2016-04-01T01:41:55.100Z {"type":"pageshow","target_tagname":"wizardpage","target_id":"inlineprogress"}
INST c70b43e1f22b16f1 2016-04-01T01:41:55.100Z {"type":"command","target_tagname":"button","target_id":"connect_button"}
INST c70b43e1f22b16f1 2016-04-01T01:42:02.900Z {"type":"progresschanged","target_tagname":"progressmeter","target_id":"progressMeter","value":5}
INST c70b43e1f22b16f1 2016-04-01T01:42:02.900Z {"type":"good","target_tagname":"image","target_id":"progressbar","configurationSettings":"bridge-noproxy","number":1}
INST c70b43e1f22b16f1 2016-04-01T01:42:02.900Z {"type":"progresschanged","target_tagname":"progressmeter","target_id":"progressMeter","value":10}
INST c70b43e1f22b16f1 2016-04-01T01:42:02.900Z {"type":"good","target_tagname":"image","target_id":"progressbar","configurationSettings":"bridge-noproxy","number":1}
INST c70b43e1f22b16f1 2016-04-01T01:45:00.900Z {"type":"click","target_tagname":"wizardpage","target_id":"inlineprogress","detail":1}
INST c70b43e1f22b16f1 2016-04-01T01:45:01.200Z {"type":"click","target_tagname":"wizardpage","target_id":"inlineprogress","detail":1}
INST c70b43e1f22b16f1 2016-04-01T01:45:11.000Z {"type":"click","target_tagname":"wizard","target_id":"TorNetworkSettings","detail":1}
INST c70b43e1f22b16f1 2016-04-01T01:45:11.000Z {"type":"wizardcancel","target_tagname":"wizard","target_id":"TorNetworkSettings"}
INST c70b43e1f22b16f1 2016-04-01T01:45:11.000Z {"type":"command","target_tagname":"wizard","target_id":"TorNetworkSettings"}
INST c70b43e1f22b16f1 2016-04-01T01:45:11.000Z {"type":"unload","target_id":"configuration"}
INST 69e81da675b0b046 2016-04-01T01:45:14.400Z {"type":"start"}
INST 69e81da675b0b046 2016-04-01T01:45:14.500Z {"type":"select","target_tagname":"menulist","target_id":"proxyType","value":""}
INST 69e81da675b0b046 2016-04-01T01:45:14.500Z {"type":"wizardnext","target_tagname":"wizard","target_id":"TorNetworkSettings"}
INST 69e81da675b0b046 2016-04-01T01:45:14.500Z {"type":"pageshow","target_tagname":"wizardpage","target_id":"first"}
INST 69e81da675b0b046 2016-04-01T01:45:15.100Z {"type":"load","target_id":"configuration"}
INST 69e81da675b0b046 2016-04-01T01:45:15.100Z {"type":"select","target_tagname":"menulist","target_id":"defaultBridgeType","value":"obfs3"}
INST 69e81da675b0b046 2016-04-01T01:45:15.100Z {"type":"select","target_tagname":"menulist","target_id":"proxyType","value":"HTTP"}
INST 69e81da675b0b046 2016-04-01T01:46:38.400Z {"type":"click","target_tagname":"vbox","target_id":"","detail":1}
INST 69e81da675b0b046 2016-04-01T01:48:10.600Z {"type":"click","target_tagname":"vbox","target_id":"","detail":1}
INST 69e81da675b0b046 2016-04-01T01:48:12.400Z {"type":"wizardcancel","target_tagname":"wizard","target_id":"TorNetworkSettings"}
INST 69e81da675b0b046 2016-04-01T01:48:12.400Z {"type":"unload","target_id":"configuration"}
