INST d932d7b865a9886e 2016-03-25T21:17:49.600Z {"type":"start"}
INST d932d7b865a9886e 2016-03-25T21:17:50.700Z {"type":"select","target_tagname":"menulist","target_id":"proxyType","value":""}
INST d932d7b865a9886e 2016-03-25T21:17:50.700Z {"type":"wizardnext","target_tagname":"wizard","target_id":"TorNetworkSettings"}
INST d932d7b865a9886e 2016-03-25T21:17:50.700Z {"type":"pageshow","target_tagname":"wizardpage","target_id":"first"}
INST d932d7b865a9886e 2016-03-25T21:17:50.800Z {"type":"load","target_id":"configuration"}
INST d932d7b865a9886e 2016-03-25T21:17:50.800Z {"type":"select","target_tagname":"menulist","target_id":"defaultBridgeType","value":"obfs3"}
INST d932d7b865a9886e 2016-03-25T21:18:11.300Z {"type":"click","target_tagname":"button","target_id":"connect_button","detail":1}
INST d932d7b865a9886e 2016-03-25T21:18:11.400Z {"type":"load","target_id":"progress_bar"}
INST d932d7b865a9886e 2016-03-25T21:18:11.400Z {"type":"progresschanged","target_tagname":"progressmeter","target_id":"progressMeter","value":"5"}
INST d932d7b865a9886e 2016-03-25T21:18:11.400Z {"type":"progresschanged","target_tagname":"progressmeter","target_id":"progressMeter","value":"5"}
INST d932d7b865a9886e 2016-03-25T21:18:11.400Z {"type":"progresschanged","target_tagname":"progressmeter","target_id":"progressMeter","value":"5"}
INST d932d7b865a9886e 2016-03-25T21:19:12.400Z {"type":"progresschanged","target_tagname":"progressmeter","target_id":"progressMeter","value":"5"}
INST d932d7b865a9886e 2016-03-25T21:19:16.600Z {"type":"click","target_tagname":"dialog","target_id":"TorProgress","detail":1}
INST d932d7b865a9886e 2016-03-25T21:19:16.600Z {"type":"dialogcancel","target_tagname":"dialog","target_id":"TorProgress"}
INST d932d7b865a9886e 2016-03-25T21:19:16.700Z {"type":"command","target_tagname":"dialog","target_id":"TorProgress"}
INST d932d7b865a9886e 2016-03-25T21:19:16.700Z {"type":"command","target_tagname":"button","target_id":"connect_button"}
INST d932d7b865a9886e 2016-03-25T21:19:18.600Z {"type":"click","target_tagname":"button","target_id":"configure_button","detail":1}
INST d932d7b865a9886e 2016-03-25T21:19:18.600Z {"type":"pagehide","target_tagname":"wizardpage","target_id":"first"}
INST d932d7b865a9886e 2016-03-25T21:19:18.600Z {"type":"pageadvanced","target_tagname":"wizardpage","target_id":"first"}
INST d932d7b865a9886e 2016-03-25T21:19:18.600Z {"type":"wizardnext","target_tagname":"wizard","target_id":"TorNetworkSettings"}
INST d932d7b865a9886e 2016-03-25T21:19:18.600Z {"type":"pageshow","target_tagname":"wizardpage","target_id":"bridges"}
INST d932d7b865a9886e 2016-03-25T21:19:18.600Z {"type":"command","target_tagname":"button","target_id":"configure_button"}
INST d932d7b865a9886e 2016-03-25T21:19:37.000Z {"type":"click","target_tagname":"radio","target_id":"bridgesRadioYes","detail":1}
INST d932d7b865a9886e 2016-03-25T21:19:37.000Z {"type":"command","target_tagname":"radio","target_id":"bridgesRadioYes"}
INST d932d7b865a9886e 2016-03-25T21:19:39.200Z {"type":"click","target_tagname":"wizard","target_id":"TorNetworkSettings","detail":1}
INST d932d7b865a9886e 2016-03-25T21:19:39.200Z {"type":"pagehide","target_tagname":"wizardpage","target_id":"bridges"}
INST d932d7b865a9886e 2016-03-25T21:19:39.200Z {"type":"pageadvanced","target_tagname":"wizardpage","target_id":"bridges"}
INST d932d7b865a9886e 2016-03-25T21:19:39.200Z {"type":"wizardnext","target_tagname":"wizard","target_id":"TorNetworkSettings"}
INST d932d7b865a9886e 2016-03-25T21:19:39.200Z {"type":"pageshow","target_tagname":"wizardpage","target_id":"bridgeSettings"}
INST d932d7b865a9886e 2016-03-25T21:19:39.200Z {"type":"command","target_tagname":"wizard","target_id":"TorNetworkSettings"}
INST d932d7b865a9886e 2016-03-25T21:19:46.400Z {"type":"click","target_tagname":"wizard","target_id":"TorNetworkSettings","detail":1}
INST d932d7b865a9886e 2016-03-25T21:19:46.400Z {"type":"pagehide","target_tagname":"wizardpage","target_id":"bridgeSettings"}
INST d932d7b865a9886e 2016-03-25T21:19:46.400Z {"type":"pageadvanced","target_tagname":"wizardpage","target_id":"bridgeSettings"}
INST d932d7b865a9886e 2016-03-25T21:19:46.400Z {"type":"wizardnext","target_tagname":"wizard","target_id":"TorNetworkSettings"}
INST d932d7b865a9886e 2016-03-25T21:19:46.400Z {"type":"pageshow","target_tagname":"wizardpage","target_id":"proxy"}
INST d932d7b865a9886e 2016-03-25T21:19:46.400Z {"type":"command","target_tagname":"wizard","target_id":"TorNetworkSettings"}
INST d932d7b865a9886e 2016-03-25T21:19:50.400Z {"type":"click","target_tagname":"wizard","target_id":"TorNetworkSettings","detail":1}
INST d932d7b865a9886e 2016-03-25T21:19:50.400Z {"type":"pagehide","target_tagname":"wizardpage","target_id":"proxy"}
INST d932d7b865a9886e 2016-03-25T21:19:50.400Z {"type":"pageadvanced","target_tagname":"wizardpage","target_id":"proxy"}
INST d932d7b865a9886e 2016-03-25T21:19:50.500Z {"type":"wizardfinish","target_tagname":"wizard","target_id":"TorNetworkSettings"}
INST d932d7b865a9886e 2016-03-25T21:19:50.600Z {"type":"load","target_id":"progress_bar"}
INST d932d7b865a9886e 2016-03-25T21:19:57.400Z {"type":"progresschanged","target_tagname":"progressmeter","target_id":"progressMeter","value":"10"}
INST d932d7b865a9886e 2016-03-25T21:25:09.900Z {"type":"click","target_tagname":"dialog","target_id":"TorProgress","detail":1}
INST d932d7b865a9886e 2016-03-25T21:25:09.900Z {"type":"dialogcancel","target_tagname":"dialog","target_id":"TorProgress"}
INST d932d7b865a9886e 2016-03-25T21:25:09.900Z {"type":"command","target_tagname":"dialog","target_id":"TorProgress"}
INST d932d7b865a9886e 2016-03-25T21:25:09.900Z {"type":"command","target_tagname":"wizard","target_id":"TorNetworkSettings"}
INST d932d7b865a9886e 2016-03-25T21:25:11.300Z {"type":"wizardcancel","target_tagname":"wizard","target_id":"TorNetworkSettings"}
INST d932d7b865a9886e 2016-03-25T21:25:11.300Z {"type":"unload","target_id":"configuration"}
INST 35c3240f49aab607 2016-03-25T21:26:11.000Z {"type":"start"}
INST 35c3240f49aab607 2016-03-25T21:26:11.700Z {"type":"select","target_tagname":"menulist","target_id":"proxyType","value":""}
INST 35c3240f49aab607 2016-03-25T21:26:11.700Z {"type":"wizardnext","target_tagname":"wizard","target_id":"TorNetworkSettings"}
INST 35c3240f49aab607 2016-03-25T21:26:11.700Z {"type":"pageshow","target_tagname":"wizardpage","target_id":"first"}
INST 35c3240f49aab607 2016-03-25T21:26:11.800Z {"type":"load","target_id":"configuration"}
INST 35c3240f49aab607 2016-03-25T21:26:11.800Z {"type":"select","target_tagname":"menulist","target_id":"defaultBridgeType","value":"obfs3"}
INST 35c3240f49aab607 2016-03-25T21:34:34.700Z {"type":"click","target_tagname":"button","target_id":"configure_button","detail":1}
INST 35c3240f49aab607 2016-03-25T21:34:34.700Z {"type":"pagehide","target_tagname":"wizardpage","target_id":"first"}
INST 35c3240f49aab607 2016-03-25T21:34:34.700Z {"type":"pageadvanced","target_tagname":"wizardpage","target_id":"first"}
INST 35c3240f49aab607 2016-03-25T21:34:34.700Z {"type":"wizardnext","target_tagname":"wizard","target_id":"TorNetworkSettings"}
INST 35c3240f49aab607 2016-03-25T21:34:34.700Z {"type":"pageshow","target_tagname":"wizardpage","target_id":"bridges"}
INST 35c3240f49aab607 2016-03-25T21:34:34.700Z {"type":"command","target_tagname":"button","target_id":"configure_button"}
INST 35c3240f49aab607 2016-03-25T21:38:00.000Z {"type":"click","target_tagname":"radio","target_id":"bridgesRadioYes","detail":1}
INST 35c3240f49aab607 2016-03-25T21:38:00.000Z {"type":"command","target_tagname":"radio","target_id":"bridgesRadioYes"}
INST 35c3240f49aab607 2016-03-25T21:38:01.600Z {"type":"click","target_tagname":"wizard","target_id":"TorNetworkSettings","detail":1}
INST 35c3240f49aab607 2016-03-25T21:38:01.600Z {"type":"pagehide","target_tagname":"wizardpage","target_id":"bridges"}
INST 35c3240f49aab607 2016-03-25T21:38:01.600Z {"type":"pageadvanced","target_tagname":"wizardpage","target_id":"bridges"}
INST 35c3240f49aab607 2016-03-25T21:38:01.600Z {"type":"wizardnext","target_tagname":"wizard","target_id":"TorNetworkSettings"}
INST 35c3240f49aab607 2016-03-25T21:38:01.600Z {"type":"pageshow","target_tagname":"wizardpage","target_id":"bridgeSettings"}
INST 35c3240f49aab607 2016-03-25T21:38:01.600Z {"type":"command","target_tagname":"wizard","target_id":"TorNetworkSettings"}
INST 35c3240f49aab607 2016-03-25T21:41:19.100Z {"type":"select","target_tagname":"textbox","target_id":"bridgeList"}
INST 35c3240f49aab607 2016-03-25T21:41:19.100Z {"type":"click","target_tagname":"textbox","target_id":"bridgeList","detail":1}
INST 35c3240f49aab607 2016-03-25T21:41:21.100Z {"type":"click","target_tagname":"radio","target_id":"bridgeRadioCustom","detail":1}
INST 35c3240f49aab607 2016-03-25T21:41:21.100Z {"type":"command","target_tagname":"radio","target_id":"bridgeRadioCustom"}
INST 35c3240f49aab607 2016-03-25T21:41:26.600Z {"type":"change","target_tagname":"textbox","target_id":"bridgeList","value":"localhost, 127.0.0.1"}
INST 35c3240f49aab607 2016-03-25T21:41:49.200Z {"type":"click","target_tagname":"radio","target_id":"bridgeRadioDefault","detail":1}
INST 35c3240f49aab607 2016-03-25T21:41:49.300Z {"type":"command","target_tagname":"radio","target_id":"bridgeRadioDefault"}
INST 35c3240f49aab607 2016-03-25T21:41:50.500Z {"type":"popupshown","target_tagname":"menupopup","target_id":"defaultBridgeType_menuPopup"}
INST 35c3240f49aab607 2016-03-25T21:41:50.500Z {"type":"click","target_tagname":"menulist","target_id":"defaultBridgeType","value":"obfs3","detail":1}
INST 35c3240f49aab607 2016-03-25T21:41:54.400Z {"type":"popuphidden","target_tagname":"menupopup","target_id":"defaultBridgeType_menuPopup"}
INST 35c3240f49aab607 2016-03-25T21:41:55.700Z {"type":"click","target_tagname":"radio","target_id":"bridgeRadioCustom","detail":1}
INST 35c3240f49aab607 2016-03-25T21:41:55.700Z {"type":"command","target_tagname":"radio","target_id":"bridgeRadioCustom"}
INST 35c3240f49aab607 2016-03-25T21:41:59.200Z {"type":"click","target_tagname":"wizard","target_id":"TorNetworkSettings","detail":1}
INST 35c3240f49aab607 2016-03-25T21:41:59.200Z {"type":"pagehide","target_tagname":"wizardpage","target_id":"bridgeSettings"}
INST 35c3240f49aab607 2016-03-25T21:41:59.200Z {"type":"pageadvanced","target_tagname":"wizardpage","target_id":"bridgeSettings"}
INST 35c3240f49aab607 2016-03-25T21:41:59.200Z {"type":"wizardnext","target_tagname":"wizard","target_id":"TorNetworkSettings"}
INST 35c3240f49aab607 2016-03-25T21:41:59.200Z {"type":"pageshow","target_tagname":"wizardpage","target_id":"proxy"}
INST 35c3240f49aab607 2016-03-25T21:41:59.200Z {"type":"command","target_tagname":"wizard","target_id":"TorNetworkSettings"}
INST 35c3240f49aab607 2016-03-25T21:42:13.800Z {"type":"click","target_tagname":"radio","target_id":"proxyRadioYes","detail":1}
INST 35c3240f49aab607 2016-03-25T21:42:13.800Z {"type":"command","target_tagname":"radio","target_id":"proxyRadioYes"}
INST 35c3240f49aab607 2016-03-25T21:42:16.000Z {"type":"click","target_tagname":"wizard","target_id":"TorNetworkSettings","detail":1}
INST 35c3240f49aab607 2016-03-25T21:42:16.000Z {"type":"pagehide","target_tagname":"wizardpage","target_id":"proxy"}
INST 35c3240f49aab607 2016-03-25T21:42:16.000Z {"type":"pageadvanced","target_tagname":"wizardpage","target_id":"proxy"}
INST 35c3240f49aab607 2016-03-25T21:42:16.000Z {"type":"wizardnext","target_tagname":"wizard","target_id":"TorNetworkSettings"}
INST 35c3240f49aab607 2016-03-25T21:42:16.000Z {"type":"pageshow","target_tagname":"wizardpage","target_id":"proxyYES"}
INST 35c3240f49aab607 2016-03-25T21:42:16.000Z {"type":"command","target_tagname":"wizard","target_id":"TorNetworkSettings"}
INST 35c3240f49aab607 2016-03-25T21:42:23.200Z {"type":"popupshown","target_tagname":"menupopup","target_id":"proxyType_menuPopup"}
INST 35c3240f49aab607 2016-03-25T21:42:23.300Z {"type":"click","target_tagname":"menulist","target_id":"proxyType","value":"","detail":1}
INST 35c3240f49aab607 2016-03-25T21:42:25.000Z {"type":"popuphidden","target_tagname":"menupopup","target_id":"proxyType_menuPopup"}
INST 35c3240f49aab607 2016-03-25T21:42:30.200Z {"type":"select","target_tagname":"textbox","target_id":"proxyAddr"}
INST 35c3240f49aab607 2016-03-25T21:42:30.200Z {"type":"click","target_tagname":"textbox","target_id":"proxyAddr","detail":1}
INST 35c3240f49aab607 2016-03-25T21:42:34.300Z {"type":"change","target_tagname":"textbox","target_id":"proxyAddr","value":"localhost, 127.0.0.1"}
INST 35c3240f49aab607 2016-03-25T21:42:34.400Z {"type":"click","target_tagname":"wizard","target_id":"TorNetworkSettings","detail":1}
INST 35c3240f49aab607 2016-03-25T21:42:34.400Z {"type":"pagehide","target_tagname":"wizardpage","target_id":"proxyYES"}
INST 35c3240f49aab607 2016-03-25T21:42:34.400Z {"type":"pageadvanced","target_tagname":"wizardpage","target_id":"proxyYES"}
INST 35c3240f49aab607 2016-03-25T21:42:34.400Z {"type":"alert_show","target_id":"failed_to_save_settings","value":"Unable to save Tor settings.\n\nYou must select the proxy type."}
INST 35c3240f49aab607 2016-03-25T21:42:38.100Z {"type":"alert_exit","target_id":"failed_to_save_settings","value":"Unable to save Tor settings.\n\nYou must select the proxy type."}
INST 35c3240f49aab607 2016-03-25T21:42:38.100Z {"type":"command","target_tagname":"wizard","target_id":"TorNetworkSettings"}
INST 35c3240f49aab607 2016-03-25T21:43:00.200Z {"type":"popupshown","target_tagname":"menupopup","target_id":"proxyType_menuPopup"}
INST 35c3240f49aab607 2016-03-25T21:43:00.300Z {"type":"click","target_tagname":"menulist","target_id":"proxyType","value":"","detail":1}
INST 35c3240f49aab607 2016-03-25T21:43:00.600Z {"type":"mouseover","target_tagname":"menuitem","target_id":"","value":""}
INST 35c3240f49aab607 2016-03-25T21:43:00.700Z {"type":"mouseout","target_tagname":"menuitem","target_id":"","value":""}
INST 35c3240f49aab607 2016-03-25T21:43:00.700Z {"type":"mouseover","target_tagname":"menuitem","target_id":"","value":"SOCKS4"}
INST 35c3240f49aab607 2016-03-25T21:43:00.800Z {"type":"mouseout","target_tagname":"menuitem","target_id":"","value":"SOCKS4"}
INST 35c3240f49aab607 2016-03-25T21:43:00.800Z {"type":"mouseover","target_tagname":"menuitem","target_id":"","value":"SOCKS5"}
INST 35c3240f49aab607 2016-03-25T21:43:00.800Z {"type":"mouseout","target_tagname":"menuitem","target_id":"","value":"SOCKS5"}
INST 35c3240f49aab607 2016-03-25T21:43:00.800Z {"type":"mouseover","target_tagname":"menuitem","target_id":"","value":"HTTP"}
INST 35c3240f49aab607 2016-03-25T21:43:01.200Z {"type":"click","target_tagname":"menuitem","target_id":"","value":"HTTP","detail":1}
INST 35c3240f49aab607 2016-03-25T21:43:01.200Z {"type":"select","target_tagname":"menulist","target_id":"proxyType","value":"HTTP"}
INST 35c3240f49aab607 2016-03-25T21:43:01.200Z {"type":"command","target_tagname":"menuitem","target_id":"","value":"HTTP"}
INST 35c3240f49aab607 2016-03-25T21:43:01.200Z {"type":"popuphidden","target_tagname":"menupopup","target_id":"proxyType_menuPopup"}
INST 35c3240f49aab607 2016-03-25T21:43:01.200Z {"type":"mouseout","target_tagname":"menuitem","target_id":"","value":"HTTP"}
INST 35c3240f49aab607 2016-03-25T21:43:02.600Z {"type":"click","target_tagname":"wizard","target_id":"TorNetworkSettings","detail":1}
INST 35c3240f49aab607 2016-03-25T21:43:02.600Z {"type":"pagehide","target_tagname":"wizardpage","target_id":"proxyYES"}
INST 35c3240f49aab607 2016-03-25T21:43:02.600Z {"type":"pageadvanced","target_tagname":"wizardpage","target_id":"proxyYES"}
INST 35c3240f49aab607 2016-03-25T21:43:02.600Z {"type":"wizardfinish","target_tagname":"wizard","target_id":"TorNetworkSettings"}
INST 35c3240f49aab607 2016-03-25T21:43:02.600Z {"type":"pagehide","target_tagname":"wizardpage","target_id":"proxyYES"}
INST 35c3240f49aab607 2016-03-25T21:43:02.600Z {"type":"pagerewound","target_tagname":"wizardpage","target_id":"proxyYES"}
INST 35c3240f49aab607 2016-03-25T21:43:02.600Z {"type":"wizardback","target_tagname":"wizard","target_id":"TorNetworkSettings"}
INST 35c3240f49aab607 2016-03-25T21:43:02.600Z {"type":"pageshow","target_tagname":"wizardpage","target_id":"proxy"}
INST 35c3240f49aab607 2016-03-25T21:43:02.600Z {"type":"pagehide","target_tagname":"wizardpage","target_id":"proxy"}
INST 35c3240f49aab607 2016-03-25T21:43:02.600Z {"type":"pagerewound","target_tagname":"wizardpage","target_id":"proxy"}
INST 35c3240f49aab607 2016-03-25T21:43:02.600Z {"type":"wizardback","target_tagname":"wizard","target_id":"TorNetworkSettings"}
INST 35c3240f49aab607 2016-03-25T21:43:02.600Z {"type":"pageshow","target_tagname":"wizardpage","target_id":"bridgeSettings"}
INST 35c3240f49aab607 2016-03-25T21:43:02.600Z {"type":"alert_show","target_id":"failed_to_save_settings","value":"Unable to save Tor settings.\n\nUnacceptable option value: Bridge line did not parse. See logs for details."}
INST 35c3240f49aab607 2016-03-25T21:43:09.400Z {"type":"alert_exit","target_id":"failed_to_save_settings","value":"Unable to save Tor settings.\n\nUnacceptable option value: Bridge line did not parse. See logs for details."}
INST 35c3240f49aab607 2016-03-25T21:43:09.400Z {"type":"command","target_tagname":"wizard","target_id":"TorNetworkSettings"}
INST 35c3240f49aab607 2016-03-25T21:43:16.900Z {"type":"click","target_tagname":"radio","target_id":"bridgeRadioDefault","detail":1}
INST 35c3240f49aab607 2016-03-25T21:43:16.900Z {"type":"command","target_tagname":"radio","target_id":"bridgeRadioDefault"}
INST 35c3240f49aab607 2016-03-25T21:43:19.500Z {"type":"popupshown","target_tagname":"menupopup","target_id":"defaultBridgeType_menuPopup"}
INST 35c3240f49aab607 2016-03-25T21:43:19.500Z {"type":"click","target_tagname":"menulist","target_id":"defaultBridgeType","value":"obfs3","detail":1}
INST 35c3240f49aab607 2016-03-25T21:43:23.800Z {"type":"popuphidden","target_tagname":"menupopup","target_id":"defaultBridgeType_menuPopup"}
INST 35c3240f49aab607 2016-03-25T21:43:29.000Z {"type":"click","target_tagname":"radio","target_id":"bridgeRadioCustom","detail":1}
INST 35c3240f49aab607 2016-03-25T21:43:29.000Z {"type":"command","target_tagname":"radio","target_id":"bridgeRadioCustom"}
INST 35c3240f49aab607 2016-03-25T21:43:31.700Z {"type":"click","target_tagname":"wizard","target_id":"TorNetworkSettings","detail":1}
INST 35c3240f49aab607 2016-03-25T21:43:31.700Z {"type":"pagehide","target_tagname":"wizardpage","target_id":"bridgeSettings"}
INST 35c3240f49aab607 2016-03-25T21:43:31.700Z {"type":"pageadvanced","target_tagname":"wizardpage","target_id":"bridgeSettings"}
INST 35c3240f49aab607 2016-03-25T21:43:31.700Z {"type":"wizardnext","target_tagname":"wizard","target_id":"TorNetworkSettings"}
INST 35c3240f49aab607 2016-03-25T21:43:31.700Z {"type":"pageshow","target_tagname":"wizardpage","target_id":"proxy"}
INST 35c3240f49aab607 2016-03-25T21:43:31.700Z {"type":"command","target_tagname":"wizard","target_id":"TorNetworkSettings"}
