INST 196adc1c1dda8f90 2016-03-30T23:41:37.800Z {"type":"start"}
INST 196adc1c1dda8f90 2016-03-30T23:41:38.700Z {"type":"select","target_tagname":"menulist","target_id":"proxyType","value":""}
INST 196adc1c1dda8f90 2016-03-30T23:41:38.700Z {"type":"wizardnext","target_tagname":"wizard","target_id":"TorNetworkSettings"}
INST 196adc1c1dda8f90 2016-03-30T23:41:38.700Z {"type":"pageshow","target_tagname":"wizardpage","target_id":"first"}
INST 196adc1c1dda8f90 2016-03-30T23:41:38.700Z {"type":"load","target_id":"configuration"}
INST 196adc1c1dda8f90 2016-03-30T23:41:38.700Z {"type":"select","target_tagname":"menulist","target_id":"defaultBridgeType","value":"obfs3"}
INST 196adc1c1dda8f90 2016-03-30T23:41:46.000Z {"type":"click","target_tagname":"button","target_id":"connect_button","detail":1}
INST 196adc1c1dda8f90 2016-03-30T23:41:46.100Z {"type":"load","target_id":"progress_bar"}
INST 196adc1c1dda8f90 2016-03-30T23:41:46.300Z {"type":"progresschanged","target_tagname":"progressmeter","target_id":"progressMeter","value":"5"}
INST 196adc1c1dda8f90 2016-03-30T23:41:46.300Z {"type":"progresschanged","target_tagname":"progressmeter","target_id":"progressMeter","value":"5"}
INST 196adc1c1dda8f90 2016-03-30T23:41:46.300Z {"type":"progresschanged","target_tagname":"progressmeter","target_id":"progressMeter","value":"5"}
INST 196adc1c1dda8f90 2016-03-30T23:42:47.300Z {"type":"progresschanged","target_tagname":"progressmeter","target_id":"progressMeter","value":"5"}
INST 196adc1c1dda8f90 2016-03-30T23:42:49.800Z {"type":"dialogcancel","target_tagname":"dialog","target_id":"TorProgress"}
INST 196adc1c1dda8f90 2016-03-30T23:42:49.800Z {"type":"command","target_tagname":"button","target_id":"connect_button"}
INST 196adc1c1dda8f90 2016-03-30T23:42:57.900Z {"type":"wizardcancel","target_tagname":"wizard","target_id":"TorNetworkSettings"}
INST 196adc1c1dda8f90 2016-03-30T23:42:57.900Z {"type":"unload","target_id":"configuration"}
INST 630dd20b86322f9f 2016-03-30T23:48:25.100Z {"type":"start"}
INST 630dd20b86322f9f 2016-03-30T23:48:25.800Z {"type":"select","target_tagname":"menulist","target_id":"proxyType","value":""}
INST 630dd20b86322f9f 2016-03-30T23:48:25.800Z {"type":"wizardnext","target_tagname":"wizard","target_id":"TorNetworkSettings"}
INST 630dd20b86322f9f 2016-03-30T23:48:25.800Z {"type":"pageshow","target_tagname":"wizardpage","target_id":"first"}
INST 630dd20b86322f9f 2016-03-30T23:48:25.800Z {"type":"load","target_id":"configuration"}
INST 630dd20b86322f9f 2016-03-30T23:48:25.800Z {"type":"select","target_tagname":"menulist","target_id":"defaultBridgeType","value":"obfs3"}
INST 630dd20b86322f9f 2016-03-30T23:48:31.100Z {"type":"click","target_tagname":"button","target_id":"configure_button","detail":1}
INST 630dd20b86322f9f 2016-03-30T23:48:31.100Z {"type":"pagehide","target_tagname":"wizardpage","target_id":"first"}
INST 630dd20b86322f9f 2016-03-30T23:48:31.100Z {"type":"pageadvanced","target_tagname":"wizardpage","target_id":"first"}
INST 630dd20b86322f9f 2016-03-30T23:48:31.100Z {"type":"wizardnext","target_tagname":"wizard","target_id":"TorNetworkSettings"}
INST 630dd20b86322f9f 2016-03-30T23:48:31.100Z {"type":"pageshow","target_tagname":"wizardpage","target_id":"bridges"}
INST 630dd20b86322f9f 2016-03-30T23:48:31.100Z {"type":"command","target_tagname":"button","target_id":"configure_button"}
INST 630dd20b86322f9f 2016-03-30T23:48:40.300Z {"type":"click","target_tagname":"wizard","target_id":"TorNetworkSettings","detail":1}
INST 630dd20b86322f9f 2016-03-30T23:48:40.300Z {"type":"pagehide","target_tagname":"wizardpage","target_id":"bridges"}
INST 630dd20b86322f9f 2016-03-30T23:48:40.300Z {"type":"pageadvanced","target_tagname":"wizardpage","target_id":"bridges"}
INST 630dd20b86322f9f 2016-03-30T23:48:40.300Z {"type":"wizardnext","target_tagname":"wizard","target_id":"TorNetworkSettings"}
INST 630dd20b86322f9f 2016-03-30T23:48:40.300Z {"type":"pageshow","target_tagname":"wizardpage","target_id":"proxy"}
INST 630dd20b86322f9f 2016-03-30T23:48:40.300Z {"type":"command","target_tagname":"wizard","target_id":"TorNetworkSettings"}
INST 630dd20b86322f9f 2016-03-30T23:48:41.900Z {"type":"click","target_tagname":"wizard","target_id":"TorNetworkSettings","detail":1}
INST 630dd20b86322f9f 2016-03-30T23:48:41.900Z {"type":"pagehide","target_tagname":"wizardpage","target_id":"proxy"}
INST 630dd20b86322f9f 2016-03-30T23:48:41.900Z {"type":"pageadvanced","target_tagname":"wizardpage","target_id":"proxy"}
INST 630dd20b86322f9f 2016-03-30T23:48:41.900Z {"type":"wizardfinish","target_tagname":"wizard","target_id":"TorNetworkSettings"}
INST 630dd20b86322f9f 2016-03-30T23:48:42.000Z {"type":"load","target_id":"progress_bar"}
INST 630dd20b86322f9f 2016-03-30T23:48:42.600Z {"type":"progresschanged","target_tagname":"progressmeter","target_id":"progressMeter","value":"5"}
INST 630dd20b86322f9f 2016-03-30T23:48:42.600Z {"type":"progresschanged","target_tagname":"progressmeter","target_id":"progressMeter","value":"5"}
INST 630dd20b86322f9f 2016-03-30T23:48:42.600Z {"type":"progresschanged","target_tagname":"progressmeter","target_id":"progressMeter","value":"5"}
INST 630dd20b86322f9f 2016-03-30T23:49:43.600Z {"type":"progresschanged","target_tagname":"progressmeter","target_id":"progressMeter","value":"5"}
INST 630dd20b86322f9f 2016-03-30T23:54:48.600Z {"type":"progresschanged","target_tagname":"progressmeter","target_id":"progressMeter","value":"5"}
INST 630dd20b86322f9f 2016-03-30T23:55:14.300Z {"type":"dialogcancel","target_tagname":"dialog","target_id":"TorProgress"}
INST 630dd20b86322f9f 2016-03-30T23:55:14.400Z {"type":"command","target_tagname":"wizard","target_id":"TorNetworkSettings"}
INST 630dd20b86322f9f 2016-03-30T23:55:15.500Z {"type":"wizardcancel","target_tagname":"wizard","target_id":"TorNetworkSettings"}
INST 630dd20b86322f9f 2016-03-30T23:55:15.500Z {"type":"unload","target_id":"configuration"}
