INST 737d6f14bb47d828 2016-03-28T21:19:38.300Z {"type":"start"}
INST 737d6f14bb47d828 2016-03-28T21:19:40.600Z {"type":"select","target_tagname":"menulist","target_id":"proxyType","value":""}
INST 737d6f14bb47d828 2016-03-28T21:19:40.600Z {"type":"wizardnext","target_tagname":"wizard","target_id":"TorNetworkSettings"}
INST 737d6f14bb47d828 2016-03-28T21:19:40.600Z {"type":"pageshow","target_tagname":"wizardpage","target_id":"first"}
INST 737d6f14bb47d828 2016-03-28T21:19:40.600Z {"type":"load","target_id":"configuration"}
INST 737d6f14bb47d828 2016-03-28T21:19:40.600Z {"type":"select","target_tagname":"menulist","target_id":"defaultBridgeType","value":"obfs3"}
INST 737d6f14bb47d828 2016-03-28T21:19:47.300Z {"type":"click","target_tagname":"button","target_id":"configure_button","detail":1}
INST 737d6f14bb47d828 2016-03-28T21:19:47.300Z {"type":"pagehide","target_tagname":"wizardpage","target_id":"first"}
INST 737d6f14bb47d828 2016-03-28T21:19:47.300Z {"type":"pageadvanced","target_tagname":"wizardpage","target_id":"first"}
INST 737d6f14bb47d828 2016-03-28T21:19:47.300Z {"type":"wizardnext","target_tagname":"wizard","target_id":"TorNetworkSettings"}
INST 737d6f14bb47d828 2016-03-28T21:19:47.300Z {"type":"pageshow","target_tagname":"wizardpage","target_id":"bridges"}
INST 737d6f14bb47d828 2016-03-28T21:19:47.300Z {"type":"command","target_tagname":"button","target_id":"configure_button"}
INST 737d6f14bb47d828 2016-03-28T21:20:44.600Z {"type":"click","target_tagname":"wizard","target_id":"TorNetworkSettings","detail":1}
INST 737d6f14bb47d828 2016-03-28T21:20:44.600Z {"type":"pagehide","target_tagname":"wizardpage","target_id":"bridges"}
INST 737d6f14bb47d828 2016-03-28T21:20:44.600Z {"type":"pageadvanced","target_tagname":"wizardpage","target_id":"bridges"}
INST 737d6f14bb47d828 2016-03-28T21:20:44.600Z {"type":"wizardnext","target_tagname":"wizard","target_id":"TorNetworkSettings"}
INST 737d6f14bb47d828 2016-03-28T21:20:44.600Z {"type":"pageshow","target_tagname":"wizardpage","target_id":"proxy"}
INST 737d6f14bb47d828 2016-03-28T21:20:44.600Z {"type":"command","target_tagname":"wizard","target_id":"TorNetworkSettings"}
INST 737d6f14bb47d828 2016-03-28T21:21:04.300Z {"type":"click","target_tagname":"radio","target_id":"proxyRadioYes","detail":1}
INST 737d6f14bb47d828 2016-03-28T21:21:04.300Z {"type":"command","target_tagname":"radio","target_id":"proxyRadioYes"}
INST 737d6f14bb47d828 2016-03-28T21:21:49.500Z {"type":"click","target_tagname":"radio","target_id":"proxyRadioNo","detail":1}
INST 737d6f14bb47d828 2016-03-28T21:21:49.500Z {"type":"command","target_tagname":"radio","target_id":"proxyRadioNo"}
INST 737d6f14bb47d828 2016-03-28T21:21:51.000Z {"type":"click","target_tagname":"wizard","target_id":"TorNetworkSettings","detail":1}
INST 737d6f14bb47d828 2016-03-28T21:21:51.000Z {"type":"pagehide","target_tagname":"wizardpage","target_id":"proxy"}
INST 737d6f14bb47d828 2016-03-28T21:21:51.000Z {"type":"pageadvanced","target_tagname":"wizardpage","target_id":"proxy"}
INST 737d6f14bb47d828 2016-03-28T21:21:51.000Z {"type":"wizardfinish","target_tagname":"wizard","target_id":"TorNetworkSettings"}
INST 737d6f14bb47d828 2016-03-28T21:21:51.300Z {"type":"load","target_id":"progress_bar"}
INST 737d6f14bb47d828 2016-03-28T21:21:51.700Z {"type":"progresschanged","target_tagname":"progressmeter","target_id":"progressMeter","value":"5"}
INST 737d6f14bb47d828 2016-03-28T21:22:46.500Z {"type":"click","target_tagname":"dialog","target_id":"TorProgress","detail":1}
INST 737d6f14bb47d828 2016-03-28T21:22:46.500Z {"type":"dialogcancel","target_tagname":"dialog","target_id":"TorProgress"}
INST 737d6f14bb47d828 2016-03-28T21:22:46.600Z {"type":"command","target_tagname":"dialog","target_id":"TorProgress"}
INST 737d6f14bb47d828 2016-03-28T21:22:46.600Z {"type":"command","target_tagname":"wizard","target_id":"TorNetworkSettings"}
INST 737d6f14bb47d828 2016-03-28T21:22:47.200Z {"type":"click","target_tagname":"wizard","target_id":"TorNetworkSettings","detail":1}
INST 737d6f14bb47d828 2016-03-28T21:22:47.200Z {"type":"pagehide","target_tagname":"wizardpage","target_id":"proxy"}
INST 737d6f14bb47d828 2016-03-28T21:22:47.200Z {"type":"pagerewound","target_tagname":"wizardpage","target_id":"proxy"}
INST 737d6f14bb47d828 2016-03-28T21:22:47.200Z {"type":"wizardback","target_tagname":"wizard","target_id":"TorNetworkSettings"}
INST 737d6f14bb47d828 2016-03-28T21:22:47.200Z {"type":"pageshow","target_tagname":"wizardpage","target_id":"bridges"}
INST 737d6f14bb47d828 2016-03-28T21:22:47.200Z {"type":"command","target_tagname":"wizard","target_id":"TorNetworkSettings"}
INST 737d6f14bb47d828 2016-03-28T21:22:47.600Z {"type":"click","target_tagname":"wizard","target_id":"TorNetworkSettings","detail":1}
INST 737d6f14bb47d828 2016-03-28T21:22:47.600Z {"type":"pagehide","target_tagname":"wizardpage","target_id":"bridges"}
INST 737d6f14bb47d828 2016-03-28T21:22:47.600Z {"type":"pagerewound","target_tagname":"wizardpage","target_id":"bridges"}
INST 737d6f14bb47d828 2016-03-28T21:22:47.600Z {"type":"wizardback","target_tagname":"wizard","target_id":"TorNetworkSettings"}
INST 737d6f14bb47d828 2016-03-28T21:22:47.600Z {"type":"pageshow","target_tagname":"wizardpage","target_id":"first"}
INST 737d6f14bb47d828 2016-03-28T21:22:47.600Z {"type":"command","target_tagname":"wizard","target_id":"TorNetworkSettings"}
INST 737d6f14bb47d828 2016-03-28T21:22:54.800Z {"type":"click","target_tagname":"button","target_id":"connect_button","detail":1}
INST 737d6f14bb47d828 2016-03-28T21:22:54.800Z {"type":"load","target_id":"progress_bar"}
INST 737d6f14bb47d828 2016-03-28T21:22:55.200Z {"type":"progresschanged","target_tagname":"progressmeter","target_id":"progressMeter","value":"5"}
INST 737d6f14bb47d828 2016-03-28T21:22:58.400Z {"type":"click","target_tagname":"dialog","target_id":"TorProgress","detail":1}
INST 737d6f14bb47d828 2016-03-28T21:22:58.400Z {"type":"dialogcancel","target_tagname":"dialog","target_id":"TorProgress"}
INST 737d6f14bb47d828 2016-03-28T21:22:58.400Z {"type":"command","target_tagname":"dialog","target_id":"TorProgress"}
INST 737d6f14bb47d828 2016-03-28T21:22:58.400Z {"type":"command","target_tagname":"button","target_id":"connect_button"}
INST 737d6f14bb47d828 2016-03-28T21:22:59.300Z {"type":"click","target_tagname":"button","target_id":"configure_button","detail":1}
INST 737d6f14bb47d828 2016-03-28T21:22:59.300Z {"type":"pagehide","target_tagname":"wizardpage","target_id":"first"}
INST 737d6f14bb47d828 2016-03-28T21:22:59.300Z {"type":"pageadvanced","target_tagname":"wizardpage","target_id":"first"}
INST 737d6f14bb47d828 2016-03-28T21:22:59.300Z {"type":"wizardnext","target_tagname":"wizard","target_id":"TorNetworkSettings"}
INST 737d6f14bb47d828 2016-03-28T21:22:59.300Z {"type":"pageshow","target_tagname":"wizardpage","target_id":"bridges"}
INST 737d6f14bb47d828 2016-03-28T21:22:59.300Z {"type":"command","target_tagname":"button","target_id":"configure_button"}
INST 737d6f14bb47d828 2016-03-28T21:23:00.900Z {"type":"click","target_tagname":"radio","target_id":"bridgesRadioYes","detail":1}
INST 737d6f14bb47d828 2016-03-28T21:23:00.900Z {"type":"command","target_tagname":"radio","target_id":"bridgesRadioYes"}
INST 737d6f14bb47d828 2016-03-28T21:23:01.600Z {"type":"click","target_tagname":"wizard","target_id":"TorNetworkSettings","detail":1}
INST 737d6f14bb47d828 2016-03-28T21:23:01.600Z {"type":"pagehide","target_tagname":"wizardpage","target_id":"bridges"}
INST 737d6f14bb47d828 2016-03-28T21:23:01.600Z {"type":"pageadvanced","target_tagname":"wizardpage","target_id":"bridges"}
INST 737d6f14bb47d828 2016-03-28T21:23:01.600Z {"type":"wizardnext","target_tagname":"wizard","target_id":"TorNetworkSettings"}
INST 737d6f14bb47d828 2016-03-28T21:23:01.600Z {"type":"pageshow","target_tagname":"wizardpage","target_id":"bridgeSettings"}
INST 737d6f14bb47d828 2016-03-28T21:23:01.600Z {"type":"command","target_tagname":"wizard","target_id":"TorNetworkSettings"}
INST 737d6f14bb47d828 2016-03-28T21:23:12.100Z {"type":"popupshown","target_tagname":"menupopup","target_id":"defaultBridgeType_menuPopup"}
INST 737d6f14bb47d828 2016-03-28T21:23:12.200Z {"type":"click","target_tagname":"menulist","target_id":"defaultBridgeType","value":"obfs3","detail":1}
INST 737d6f14bb47d828 2016-03-28T21:23:13.200Z {"type":"popuphidden","target_tagname":"menupopup","target_id":"defaultBridgeType_menuPopup"}
INST 737d6f14bb47d828 2016-03-28T21:23:15.900Z {"type":"click","target_tagname":"wizard","target_id":"TorNetworkSettings","detail":1}
INST 737d6f14bb47d828 2016-03-28T21:23:15.900Z {"type":"pagehide","target_tagname":"wizardpage","target_id":"bridgeSettings"}
INST 737d6f14bb47d828 2016-03-28T21:23:15.900Z {"type":"pageadvanced","target_tagname":"wizardpage","target_id":"bridgeSettings"}
INST 737d6f14bb47d828 2016-03-28T21:23:15.900Z {"type":"wizardnext","target_tagname":"wizard","target_id":"TorNetworkSettings"}
INST 737d6f14bb47d828 2016-03-28T21:23:15.900Z {"type":"pageshow","target_tagname":"wizardpage","target_id":"proxy"}
INST 737d6f14bb47d828 2016-03-28T21:23:15.900Z {"type":"command","target_tagname":"wizard","target_id":"TorNetworkSettings"}
INST 737d6f14bb47d828 2016-03-28T21:23:18.800Z {"type":"click","target_tagname":"wizard","target_id":"TorNetworkSettings","detail":1}
INST 737d6f14bb47d828 2016-03-28T21:23:18.800Z {"type":"pagehide","target_tagname":"wizardpage","target_id":"proxy"}
INST 737d6f14bb47d828 2016-03-28T21:23:18.800Z {"type":"pageadvanced","target_tagname":"wizardpage","target_id":"proxy"}
INST 737d6f14bb47d828 2016-03-28T21:23:18.800Z {"type":"wizardfinish","target_tagname":"wizard","target_id":"TorNetworkSettings"}
INST 737d6f14bb47d828 2016-03-28T21:23:18.900Z {"type":"load","target_id":"progress_bar"}
INST 737d6f14bb47d828 2016-03-28T21:23:24.400Z {"type":"click","detail":1}
INST 737d6f14bb47d828 2016-03-28T21:23:26.300Z {"type":"progresschanged","target_tagname":"progressmeter","target_id":"progressMeter","value":"10"}
INST 737d6f14bb47d828 2016-03-28T21:23:58.700Z {"type":"dialogcancel","target_tagname":"dialog","target_id":"TorProgress"}
INST 737d6f14bb47d828 2016-03-28T21:23:58.700Z {"type":"command","target_tagname":"wizard","target_id":"TorNetworkSettings"}
INST 737d6f14bb47d828 2016-03-28T21:23:59.600Z {"type":"click","target_tagname":"radio","target_id":"proxyRadioYes","detail":1}
INST 737d6f14bb47d828 2016-03-28T21:23:59.600Z {"type":"command","target_tagname":"radio","target_id":"proxyRadioYes"}
INST 737d6f14bb47d828 2016-03-28T21:24:00.400Z {"type":"click","target_tagname":"wizard","target_id":"TorNetworkSettings","detail":1}
INST 737d6f14bb47d828 2016-03-28T21:24:00.400Z {"type":"pagehide","target_tagname":"wizardpage","target_id":"proxy"}
INST 737d6f14bb47d828 2016-03-28T21:24:00.400Z {"type":"pageadvanced","target_tagname":"wizardpage","target_id":"proxy"}
INST 737d6f14bb47d828 2016-03-28T21:24:00.400Z {"type":"wizardnext","target_tagname":"wizard","target_id":"TorNetworkSettings"}
INST 737d6f14bb47d828 2016-03-28T21:24:00.400Z {"type":"pageshow","target_tagname":"wizardpage","target_id":"proxyYES"}
INST 737d6f14bb47d828 2016-03-28T21:24:00.400Z {"type":"command","target_tagname":"wizard","target_id":"TorNetworkSettings"}
INST 737d6f14bb47d828 2016-03-28T21:24:07.800Z {"type":"popupshown","target_tagname":"menupopup","target_id":"proxyType_menuPopup"}
INST 737d6f14bb47d828 2016-03-28T21:24:07.900Z {"type":"click","target_tagname":"menulist","target_id":"proxyType","value":"","detail":1}
INST 737d6f14bb47d828 2016-03-28T21:24:08.900Z {"type":"popuphidden","target_tagname":"menupopup","target_id":"proxyType_menuPopup"}
INST 737d6f14bb47d828 2016-03-28T21:24:13.000Z {"type":"click","target_tagname":"wizardpage","target_id":"proxyYES","detail":1}
INST 737d6f14bb47d828 2016-03-28T21:24:14.000Z {"type":"click","target_tagname":"wizard","target_id":"TorNetworkSettings","detail":1}
INST 737d6f14bb47d828 2016-03-28T21:24:14.000Z {"type":"pagehide","target_tagname":"wizardpage","target_id":"proxyYES"}
INST 737d6f14bb47d828 2016-03-28T21:24:14.000Z {"type":"pagerewound","target_tagname":"wizardpage","target_id":"proxyYES"}
INST 737d6f14bb47d828 2016-03-28T21:24:14.000Z {"type":"wizardback","target_tagname":"wizard","target_id":"TorNetworkSettings"}
INST 737d6f14bb47d828 2016-03-28T21:24:14.000Z {"type":"pageshow","target_tagname":"wizardpage","target_id":"proxy"}
INST 737d6f14bb47d828 2016-03-28T21:24:14.000Z {"type":"command","target_tagname":"wizard","target_id":"TorNetworkSettings"}
INST 737d6f14bb47d828 2016-03-28T21:24:16.100Z {"type":"click","target_tagname":"radio","target_id":"proxyRadioNo","detail":1}
INST 737d6f14bb47d828 2016-03-28T21:24:16.100Z {"type":"command","target_tagname":"radio","target_id":"proxyRadioNo"}
INST 737d6f14bb47d828 2016-03-28T21:24:25.400Z {"type":"click","target_tagname":"wizard","target_id":"TorNetworkSettings","detail":1}
INST 737d6f14bb47d828 2016-03-28T21:24:25.400Z {"type":"pagehide","target_tagname":"wizardpage","target_id":"proxy"}
INST 737d6f14bb47d828 2016-03-28T21:24:25.400Z {"type":"pagerewound","target_tagname":"wizardpage","target_id":"proxy"}
INST 737d6f14bb47d828 2016-03-28T21:24:25.400Z {"type":"wizardback","target_tagname":"wizard","target_id":"TorNetworkSettings"}
INST 737d6f14bb47d828 2016-03-28T21:24:25.400Z {"type":"pageshow","target_tagname":"wizardpage","target_id":"bridgeSettings"}
INST 737d6f14bb47d828 2016-03-28T21:24:25.400Z {"type":"command","target_tagname":"wizard","target_id":"TorNetworkSettings"}
INST 737d6f14bb47d828 2016-03-28T21:24:28.400Z {"type":"click","target_tagname":"radio","target_id":"bridgeRadioCustom","detail":1}
INST 737d6f14bb47d828 2016-03-28T21:24:28.400Z {"type":"command","target_tagname":"radio","target_id":"bridgeRadioCustom"}
INST 737d6f14bb47d828 2016-03-28T21:24:29.600Z {"type":"click","target_tagname":"hbox","target_id":"","detail":1}
INST 737d6f14bb47d828 2016-03-28T21:24:29.800Z {"type":"click","target_tagname":"button","target_id":"bridgeHelpButton","detail":1}
INST 737d6f14bb47d828 2016-03-28T21:24:29.800Z {"type":"pageshow","target_tagname":"wizardpage","target_id":"bridgeHelp"}
INST 737d6f14bb47d828 2016-03-28T21:24:29.800Z {"type":"command","target_tagname":"button","target_id":"bridgeHelpButton"}
INST 737d6f14bb47d828 2016-03-28T21:24:54.200Z {"type":"click","target_tagname":"html:div","target_id":"","detail":1}
INST 737d6f14bb47d828 2016-03-28T21:26:33.800Z {"type":"click","target_tagname":"html:div","target_id":"","detail":1}
INST 737d6f14bb47d828 2016-03-28T21:26:36.900Z {"type":"click","target_tagname":"html:div","target_id":"","detail":1}
INST 737d6f14bb47d828 2016-03-28T21:27:37.700Z {"type":"click","target_tagname":"html:div","target_id":"","detail":1}
INST 737d6f14bb47d828 2016-03-28T21:27:42.000Z {"type":"click","target_tagname":"wizard","target_id":"TorNetworkSettings","detail":1}
INST 737d6f14bb47d828 2016-03-28T21:27:42.000Z {"type":"pagehide","target_tagname":"wizardpage","target_id":"bridgeHelp"}
INST 737d6f14bb47d828 2016-03-28T21:27:42.000Z {"type":"pageadvanced","target_tagname":"wizardpage","target_id":"bridgeHelp"}
INST 737d6f14bb47d828 2016-03-28T21:27:42.000Z {"type":"pageshow","target_tagname":"wizardpage","target_id":"bridgeSettings"}
INST 737d6f14bb47d828 2016-03-28T21:27:42.000Z {"type":"command","target_tagname":"wizard","target_id":"TorNetworkSettings"}
INST 737d6f14bb47d828 2016-03-28T21:27:46.100Z {"type":"click","target_tagname":"radio","target_id":"bridgeRadioDefault","detail":1}
INST 737d6f14bb47d828 2016-03-28T21:27:46.100Z {"type":"command","target_tagname":"radio","target_id":"bridgeRadioDefault"}
INST 737d6f14bb47d828 2016-03-28T21:27:47.500Z {"type":"popupshown","target_tagname":"menupopup","target_id":"defaultBridgeType_menuPopup"}
INST 737d6f14bb47d828 2016-03-28T21:27:47.600Z {"type":"click","target_tagname":"menulist","target_id":"defaultBridgeType","value":"obfs3","detail":1}
INST 737d6f14bb47d828 2016-03-28T21:27:52.800Z {"type":"mouseover","target_tagname":"menuitem","target_id":"","value":"flashproxy"}
INST 737d6f14bb47d828 2016-03-28T21:27:53.200Z {"type":"click","target_tagname":"menuitem","target_id":"","value":"flashproxy","detail":1}
INST 737d6f14bb47d828 2016-03-28T21:27:53.200Z {"type":"select","target_tagname":"menulist","target_id":"defaultBridgeType","value":"flashproxy"}
INST 737d6f14bb47d828 2016-03-28T21:27:53.200Z {"type":"command","target_tagname":"menuitem","target_id":"","value":"flashproxy"}
INST 737d6f14bb47d828 2016-03-28T21:27:53.200Z {"type":"popuphidden","target_tagname":"menupopup","target_id":"defaultBridgeType_menuPopup"}
INST 737d6f14bb47d828 2016-03-28T21:27:53.200Z {"type":"mouseout","target_tagname":"menuitem","target_id":"","value":"flashproxy"}
INST 737d6f14bb47d828 2016-03-28T21:27:54.500Z {"type":"click","target_tagname":"wizard","target_id":"TorNetworkSettings","detail":1}
INST 737d6f14bb47d828 2016-03-28T21:27:54.500Z {"type":"pagehide","target_tagname":"wizardpage","target_id":"bridgeSettings"}
INST 737d6f14bb47d828 2016-03-28T21:27:54.500Z {"type":"pageadvanced","target_tagname":"wizardpage","target_id":"bridgeSettings"}
INST 737d6f14bb47d828 2016-03-28T21:27:54.500Z {"type":"wizardnext","target_tagname":"wizard","target_id":"TorNetworkSettings"}
INST 737d6f14bb47d828 2016-03-28T21:27:54.500Z {"type":"pageshow","target_tagname":"wizardpage","target_id":"proxy"}
INST 737d6f14bb47d828 2016-03-28T21:27:54.500Z {"type":"command","target_tagname":"wizard","target_id":"TorNetworkSettings"}
INST 737d6f14bb47d828 2016-03-28T21:27:56.700Z {"type":"click","target_tagname":"wizard","target_id":"TorNetworkSettings","detail":1}
INST 737d6f14bb47d828 2016-03-28T21:27:56.700Z {"type":"pagehide","target_tagname":"wizardpage","target_id":"proxy"}
INST 737d6f14bb47d828 2016-03-28T21:27:56.700Z {"type":"pageadvanced","target_tagname":"wizardpage","target_id":"proxy"}
INST 737d6f14bb47d828 2016-03-28T21:27:56.700Z {"type":"wizardfinish","target_tagname":"wizard","target_id":"TorNetworkSettings"}
INST 737d6f14bb47d828 2016-03-28T21:27:56.900Z {"type":"load","target_id":"progress_bar"}
INST 737d6f14bb47d828 2016-03-28T21:28:06.300Z {"type":"click","target_tagname":"dialog","target_id":"TorProgress","detail":1}
INST 737d6f14bb47d828 2016-03-28T21:28:06.300Z {"type":"dialogcancel","target_tagname":"dialog","target_id":"TorProgress"}
INST 737d6f14bb47d828 2016-03-28T21:28:06.300Z {"type":"command","target_tagname":"dialog","target_id":"TorProgress"}
INST 737d6f14bb47d828 2016-03-28T21:28:06.300Z {"type":"alert_show","target_id":"tor_bootstrap_failed","value":"Tor failed to establish a Tor network connection.\n\nEstablishing an encrypted directory connection failed (done - 0.0.1.0:1)."}
INST 737d6f14bb47d828 2016-03-28T21:28:06.600Z {"type":"click","target_tagname":"wizardpage","target_id":"proxy","detail":1}
INST 737d6f14bb47d828 2016-03-28T21:28:07.500Z {"type":"click","target_tagname":"wizard","target_id":"TorNetworkSettings","detail":1}
INST 737d6f14bb47d828 2016-03-28T21:28:07.500Z {"type":"pagehide","target_tagname":"wizardpage","target_id":"proxy"}
INST 737d6f14bb47d828 2016-03-28T21:28:07.500Z {"type":"pagerewound","target_tagname":"wizardpage","target_id":"proxy"}
INST 737d6f14bb47d828 2016-03-28T21:28:07.500Z {"type":"wizardback","target_tagname":"wizard","target_id":"TorNetworkSettings"}
INST 737d6f14bb47d828 2016-03-28T21:28:07.500Z {"type":"pageshow","target_tagname":"wizardpage","target_id":"bridgeSettings"}
INST 737d6f14bb47d828 2016-03-28T21:28:07.500Z {"type":"command","target_tagname":"wizard","target_id":"TorNetworkSettings"}
INST 737d6f14bb47d828 2016-03-28T21:28:08.600Z {"type":"alert_exit","target_id":"tor_bootstrap_failed","value":"Tor failed to establish a Tor network connection.\n\nEstablishing an encrypted directory connection failed (done - 0.0.1.0:1)."}
INST 737d6f14bb47d828 2016-03-28T21:28:08.600Z {"type":"command","target_tagname":"wizard","target_id":"TorNetworkSettings"}
INST 737d6f14bb47d828 2016-03-28T21:28:09.300Z {"type":"popupshown","target_tagname":"menupopup","target_id":"defaultBridgeType_menuPopup"}
INST 737d6f14bb47d828 2016-03-28T21:28:09.300Z {"type":"click","target_tagname":"menulist","target_id":"defaultBridgeType","value":"flashproxy","detail":1}
INST 737d6f14bb47d828 2016-03-28T21:28:09.500Z {"type":"mouseover","target_tagname":"menuitem","target_id":"","value":"flashproxy"}
INST 737d6f14bb47d828 2016-03-28T21:28:09.700Z {"type":"mouseout","target_tagname":"menuitem","target_id":"","value":"flashproxy"}
INST 737d6f14bb47d828 2016-03-28T21:28:09.700Z {"type":"mouseover","target_tagname":"menuitem","target_id":"","value":"fte"}
INST 737d6f14bb47d828 2016-03-28T21:28:10.000Z {"type":"click","target_tagname":"menuitem","target_id":"","value":"fte","detail":1}
INST 737d6f14bb47d828 2016-03-28T21:28:10.000Z {"type":"select","target_tagname":"menulist","target_id":"defaultBridgeType","value":"fte"}
INST 737d6f14bb47d828 2016-03-28T21:28:10.000Z {"type":"command","target_tagname":"menuitem","target_id":"","value":"fte"}
INST 737d6f14bb47d828 2016-03-28T21:28:10.000Z {"type":"popuphidden","target_tagname":"menupopup","target_id":"defaultBridgeType_menuPopup"}
INST 737d6f14bb47d828 2016-03-28T21:28:10.000Z {"type":"mouseout","target_tagname":"menuitem","target_id":"","value":"fte"}
INST 737d6f14bb47d828 2016-03-28T21:28:11.100Z {"type":"click","target_tagname":"wizard","target_id":"TorNetworkSettings","detail":1}
INST 737d6f14bb47d828 2016-03-28T21:28:11.100Z {"type":"pagehide","target_tagname":"wizardpage","target_id":"bridgeSettings"}
INST 737d6f14bb47d828 2016-03-28T21:28:11.100Z {"type":"pageadvanced","target_tagname":"wizardpage","target_id":"bridgeSettings"}
INST 737d6f14bb47d828 2016-03-28T21:28:11.100Z {"type":"wizardnext","target_tagname":"wizard","target_id":"TorNetworkSettings"}
INST 737d6f14bb47d828 2016-03-28T21:28:11.100Z {"type":"pageshow","target_tagname":"wizardpage","target_id":"proxy"}
INST 737d6f14bb47d828 2016-03-28T21:28:11.100Z {"type":"command","target_tagname":"wizard","target_id":"TorNetworkSettings"}
INST 737d6f14bb47d828 2016-03-28T21:28:14.900Z {"type":"click","target_tagname":"wizard","target_id":"TorNetworkSettings","detail":1}
INST 737d6f14bb47d828 2016-03-28T21:28:14.900Z {"type":"pagehide","target_tagname":"wizardpage","target_id":"proxy"}
INST 737d6f14bb47d828 2016-03-28T21:28:14.900Z {"type":"pageadvanced","target_tagname":"wizardpage","target_id":"proxy"}
INST 737d6f14bb47d828 2016-03-28T21:28:14.900Z {"type":"wizardfinish","target_tagname":"wizard","target_id":"TorNetworkSettings"}
INST 737d6f14bb47d828 2016-03-28T21:28:15.000Z {"type":"load","target_id":"progress_bar"}
INST 1ca7218b9914c6f3 2016-03-28T21:28:57.500Z {"type":"start"}
INST 1ca7218b9914c6f3 2016-03-28T21:28:58.300Z {"type":"select","target_tagname":"menulist","target_id":"proxyType","value":""}
INST 1ca7218b9914c6f3 2016-03-28T21:28:58.300Z {"type":"wizardnext","target_tagname":"wizard","target_id":"TorNetworkSettings"}
INST 1ca7218b9914c6f3 2016-03-28T21:28:58.300Z {"type":"pageshow","target_tagname":"wizardpage","target_id":"first"}
INST 1ca7218b9914c6f3 2016-03-28T21:28:58.400Z {"type":"load","target_id":"configuration"}
INST 1ca7218b9914c6f3 2016-03-28T21:28:58.400Z {"type":"select","target_tagname":"menulist","target_id":"defaultBridgeType","value":"obfs3"}
INST 1ca7218b9914c6f3 2016-03-28T21:29:02.000Z {"type":"click","target_tagname":"vbox","target_id":"","detail":1}
INST 1ca7218b9914c6f3 2016-03-28T21:29:04.500Z {"type":"click","target_tagname":"button","target_id":"connect_button","detail":1}
INST 1ca7218b9914c6f3 2016-03-28T21:29:04.500Z {"type":"load","target_id":"progress_bar"}
INST 1ca7218b9914c6f3 2016-03-28T21:29:06.300Z {"type":"progresschanged","target_tagname":"progressmeter","target_id":"progressMeter","value":"5"}
INST 1ca7218b9914c6f3 2016-03-28T21:29:06.300Z {"type":"progresschanged","target_tagname":"progressmeter","target_id":"progressMeter","value":"10"}
INST 1ca7218b9914c6f3 2016-03-28T21:31:15.600Z {"type":"click","target_tagname":"vbox","target_id":"","detail":1}
INST 1ca7218b9914c6f3 2016-03-28T21:32:57.100Z {"type":"click","target_tagname":"description","target_id":"progressDesc","detail":1}
INST 1ca7218b9914c6f3 2016-03-28T21:32:58.100Z {"type":"click","target_tagname":"dialog","target_id":"TorProgress","detail":1}
INST 1ca7218b9914c6f3 2016-03-28T21:32:58.100Z {"type":"dialogcancel","target_tagname":"dialog","target_id":"TorProgress"}
INST 1ca7218b9914c6f3 2016-03-28T21:32:58.100Z {"type":"command","target_tagname":"dialog","target_id":"TorProgress"}
INST 1ca7218b9914c6f3 2016-03-28T21:32:58.100Z {"type":"command","target_tagname":"button","target_id":"connect_button"}
INST 1ca7218b9914c6f3 2016-03-28T21:32:59.400Z {"type":"click","target_tagname":"button","target_id":"configure_button","detail":1}
INST 1ca7218b9914c6f3 2016-03-28T21:32:59.400Z {"type":"pagehide","target_tagname":"wizardpage","target_id":"first"}
INST 1ca7218b9914c6f3 2016-03-28T21:32:59.400Z {"type":"pageadvanced","target_tagname":"wizardpage","target_id":"first"}
INST 1ca7218b9914c6f3 2016-03-28T21:32:59.400Z {"type":"wizardnext","target_tagname":"wizard","target_id":"TorNetworkSettings"}
INST 1ca7218b9914c6f3 2016-03-28T21:32:59.400Z {"type":"pageshow","target_tagname":"wizardpage","target_id":"bridges"}
INST 1ca7218b9914c6f3 2016-03-28T21:32:59.500Z {"type":"command","target_tagname":"button","target_id":"configure_button"}
INST 1ca7218b9914c6f3 2016-03-28T21:33:04.900Z {"type":"click","target_tagname":"description","target_id":"","detail":1}
INST 1ca7218b9914c6f3 2016-03-28T21:33:05.600Z {"type":"click","target_tagname":"radio","target_id":"bridgesRadioNo","detail":1}
INST 1ca7218b9914c6f3 2016-03-28T21:33:05.600Z {"type":"command","target_tagname":"radio","target_id":"bridgesRadioNo"}
INST 1ca7218b9914c6f3 2016-03-28T21:33:06.400Z {"type":"click","target_tagname":"wizard","target_id":"TorNetworkSettings","detail":1}
INST 1ca7218b9914c6f3 2016-03-28T21:33:06.400Z {"type":"pagehide","target_tagname":"wizardpage","target_id":"bridges"}
INST 1ca7218b9914c6f3 2016-03-28T21:33:06.400Z {"type":"pageadvanced","target_tagname":"wizardpage","target_id":"bridges"}
INST 1ca7218b9914c6f3 2016-03-28T21:33:06.400Z {"type":"wizardnext","target_tagname":"wizard","target_id":"TorNetworkSettings"}
INST 1ca7218b9914c6f3 2016-03-28T21:33:06.400Z {"type":"pageshow","target_tagname":"wizardpage","target_id":"proxy"}
INST 1ca7218b9914c6f3 2016-03-28T21:33:06.400Z {"type":"command","target_tagname":"wizard","target_id":"TorNetworkSettings"}
INST 1ca7218b9914c6f3 2016-03-28T21:33:13.400Z {"type":"click","target_tagname":"wizard","target_id":"TorNetworkSettings","detail":1}
INST 1ca7218b9914c6f3 2016-03-28T21:33:13.400Z {"type":"extra2","target_tagname":"wizardpage","target_id":"proxy"}
INST 1ca7218b9914c6f3 2016-03-28T21:33:13.400Z {"type":"command","target_tagname":"wizard","target_id":"TorNetworkSettings"}
INST 1ca7218b9914c6f3 2016-03-28T21:33:13.600Z {"type":"popupshown","target_tagname":"panel","target_id":"copyLogFeedbackPanel"}
INST 1ca7218b9914c6f3 2016-03-28T21:33:17.600Z {"type":"popuphidden","target_tagname":"panel","target_id":"copyLogFeedbackPanel"}
INST 1ca7218b9914c6f3 2016-03-28T21:36:48.900Z {"type":"click","target_tagname":"wizard","target_id":"TorNetworkSettings","detail":1}
INST 1ca7218b9914c6f3 2016-03-28T21:36:48.900Z {"type":"pagehide","target_tagname":"wizardpage","target_id":"proxy"}
INST 1ca7218b9914c6f3 2016-03-28T21:36:48.900Z {"type":"pageadvanced","target_tagname":"wizardpage","target_id":"proxy"}
INST 1ca7218b9914c6f3 2016-03-28T21:36:48.900Z {"type":"wizardfinish","target_tagname":"wizard","target_id":"TorNetworkSettings"}
INST 1ca7218b9914c6f3 2016-03-28T21:36:49.000Z {"type":"load","target_id":"progress_bar"}
INST 1ca7218b9914c6f3 2016-03-28T21:36:49.200Z {"type":"progresschanged","target_tagname":"progressmeter","target_id":"progressMeter","value":"10"}
INST 1ca7218b9914c6f3 2016-03-28T21:36:49.200Z {"type":"progresschanged","target_tagname":"progressmeter","target_id":"progressMeter","value":"10"}
INST 1ca7218b9914c6f3 2016-03-28T21:36:56.700Z {"type":"click","target_tagname":"dialog","target_id":"TorProgress","detail":1}
INST 1ca7218b9914c6f3 2016-03-28T21:36:56.700Z {"type":"dialogcancel","target_tagname":"dialog","target_id":"TorProgress"}
INST 1ca7218b9914c6f3 2016-03-28T21:36:56.700Z {"type":"command","target_tagname":"dialog","target_id":"TorProgress"}
INST 1ca7218b9914c6f3 2016-03-28T21:36:56.700Z {"type":"command","target_tagname":"wizard","target_id":"TorNetworkSettings"}
INST 1ca7218b9914c6f3 2016-03-28T21:36:57.300Z {"type":"click","target_tagname":"wizard","target_id":"TorNetworkSettings","detail":1}
INST 1ca7218b9914c6f3 2016-03-28T21:36:57.300Z {"type":"pagehide","target_tagname":"wizardpage","target_id":"proxy"}
INST 1ca7218b9914c6f3 2016-03-28T21:36:57.300Z {"type":"pagerewound","target_tagname":"wizardpage","target_id":"proxy"}
INST 1ca7218b9914c6f3 2016-03-28T21:36:57.300Z {"type":"wizardback","target_tagname":"wizard","target_id":"TorNetworkSettings"}
INST 1ca7218b9914c6f3 2016-03-28T21:36:57.400Z {"type":"pageshow","target_tagname":"wizardpage","target_id":"bridges"}
INST 1ca7218b9914c6f3 2016-03-28T21:36:57.400Z {"type":"command","target_tagname":"wizard","target_id":"TorNetworkSettings"}
INST 1ca7218b9914c6f3 2016-03-28T21:37:00.500Z {"type":"click","target_tagname":"radio","target_id":"bridgesRadioYes","detail":1}
INST 1ca7218b9914c6f3 2016-03-28T21:37:00.500Z {"type":"command","target_tagname":"radio","target_id":"bridgesRadioYes"}
INST 1ca7218b9914c6f3 2016-03-28T21:37:01.100Z {"type":"click","target_tagname":"wizard","target_id":"TorNetworkSettings","detail":1}
INST 1ca7218b9914c6f3 2016-03-28T21:37:01.100Z {"type":"pagehide","target_tagname":"wizardpage","target_id":"bridges"}
INST 1ca7218b9914c6f3 2016-03-28T21:37:01.100Z {"type":"pageadvanced","target_tagname":"wizardpage","target_id":"bridges"}
INST 1ca7218b9914c6f3 2016-03-28T21:37:01.100Z {"type":"wizardnext","target_tagname":"wizard","target_id":"TorNetworkSettings"}
INST 1ca7218b9914c6f3 2016-03-28T21:37:01.100Z {"type":"pageshow","target_tagname":"wizardpage","target_id":"bridgeSettings"}
INST 1ca7218b9914c6f3 2016-03-28T21:37:01.100Z {"type":"command","target_tagname":"wizard","target_id":"TorNetworkSettings"}
INST 1ca7218b9914c6f3 2016-03-28T21:37:05.900Z {"type":"select","target_tagname":"textbox","target_id":"bridgeList"}
INST 1ca7218b9914c6f3 2016-03-28T21:37:07.600Z {"type":"click","target_tagname":"wizard","target_id":"TorNetworkSettings","detail":1}
INST 1ca7218b9914c6f3 2016-03-28T21:37:07.600Z {"type":"pagehide","target_tagname":"wizardpage","target_id":"bridgeSettings"}
INST 1ca7218b9914c6f3 2016-03-28T21:37:07.600Z {"type":"pageadvanced","target_tagname":"wizardpage","target_id":"bridgeSettings"}
INST 1ca7218b9914c6f3 2016-03-28T21:37:07.600Z {"type":"wizardnext","target_tagname":"wizard","target_id":"TorNetworkSettings"}
INST 1ca7218b9914c6f3 2016-03-28T21:37:07.600Z {"type":"pageshow","target_tagname":"wizardpage","target_id":"proxy"}
INST 1ca7218b9914c6f3 2016-03-28T21:37:07.600Z {"type":"command","target_tagname":"wizard","target_id":"TorNetworkSettings"}
INST 1ca7218b9914c6f3 2016-03-28T21:37:09.000Z {"type":"click","target_tagname":"wizard","target_id":"TorNetworkSettings","detail":1}
INST 1ca7218b9914c6f3 2016-03-28T21:37:09.000Z {"type":"pagehide","target_tagname":"wizardpage","target_id":"proxy"}
INST 1ca7218b9914c6f3 2016-03-28T21:37:09.000Z {"type":"pageadvanced","target_tagname":"wizardpage","target_id":"proxy"}
INST 1ca7218b9914c6f3 2016-03-28T21:37:09.000Z {"type":"wizardfinish","target_tagname":"wizard","target_id":"TorNetworkSettings"}
INST 1ca7218b9914c6f3 2016-03-28T21:37:09.100Z {"type":"load","target_id":"progress_bar"}
INST 1ca7218b9914c6f3 2016-03-28T21:39:45.900Z {"type":"click","target_tagname":"vbox","target_id":"","detail":1}
INST 1ca7218b9914c6f3 2016-03-28T21:39:46.400Z {"type":"click","target_tagname":"dialog","target_id":"TorProgress","detail":1}
INST 1ca7218b9914c6f3 2016-03-28T21:39:46.400Z {"type":"dialogcancel","target_tagname":"dialog","target_id":"TorProgress"}
INST 1ca7218b9914c6f3 2016-03-28T21:39:46.400Z {"type":"command","target_tagname":"dialog","target_id":"TorProgress"}
INST 1ca7218b9914c6f3 2016-03-28T21:39:46.500Z {"type":"command","target_tagname":"wizard","target_id":"TorNetworkSettings"}
INST 1ca7218b9914c6f3 2016-03-28T21:39:47.700Z {"type":"click","target_tagname":"wizard","target_id":"TorNetworkSettings","detail":1}
INST 1ca7218b9914c6f3 2016-03-28T21:39:47.700Z {"type":"pagehide","target_tagname":"wizardpage","target_id":"proxy"}
INST 1ca7218b9914c6f3 2016-03-28T21:39:47.700Z {"type":"pagerewound","target_tagname":"wizardpage","target_id":"proxy"}
INST 1ca7218b9914c6f3 2016-03-28T21:39:47.700Z {"type":"wizardback","target_tagname":"wizard","target_id":"TorNetworkSettings"}
INST 1ca7218b9914c6f3 2016-03-28T21:39:47.700Z {"type":"pageshow","target_tagname":"wizardpage","target_id":"bridgeSettings"}
INST 1ca7218b9914c6f3 2016-03-28T21:39:47.700Z {"type":"command","target_tagname":"wizard","target_id":"TorNetworkSettings"}
INST 1ca7218b9914c6f3 2016-03-28T21:39:50.100Z {"type":"select","target_tagname":"textbox","target_id":"bridgeList"}
INST 1ca7218b9914c6f3 2016-03-28T21:39:51.200Z {"type":"select","target_tagname":"textbox","target_id":"bridgeList"}
INST 1ca7218b9914c6f3 2016-03-28T21:39:51.200Z {"type":"click","target_tagname":"textbox","target_id":"bridgeList","detail":1}
INST 1ca7218b9914c6f3 2016-03-28T21:39:52.100Z {"type":"click","target_tagname":"radio","target_id":"bridgeRadioDefault","detail":1}
INST 1ca7218b9914c6f3 2016-03-28T21:39:52.100Z {"type":"command","target_tagname":"radio","target_id":"bridgeRadioDefault"}
INST 1ca7218b9914c6f3 2016-03-28T21:39:52.400Z {"type":"popupshown","target_tagname":"menupopup","target_id":"defaultBridgeType_menuPopup"}
INST 1ca7218b9914c6f3 2016-03-28T21:39:52.500Z {"type":"click","target_tagname":"menulist","target_id":"defaultBridgeType","value":"obfs3","detail":1}
INST 1ca7218b9914c6f3 2016-03-28T21:39:52.800Z {"type":"mouseover","target_tagname":"menuitem","target_id":"","value":"flashproxy"}
INST 1ca7218b9914c6f3 2016-03-28T21:39:53.500Z {"type":"mouseout","target_tagname":"menuitem","target_id":"","value":"flashproxy"}
INST 1ca7218b9914c6f3 2016-03-28T21:39:53.500Z {"type":"mouseover","target_tagname":"menuitem","target_id":"","value":"fte"}
INST 1ca7218b9914c6f3 2016-03-28T21:39:53.700Z {"type":"click","target_tagname":"menuitem","target_id":"","value":"fte","detail":1}
INST 1ca7218b9914c6f3 2016-03-28T21:39:53.700Z {"type":"select","target_tagname":"menulist","target_id":"defaultBridgeType","value":"fte"}
INST 1ca7218b9914c6f3 2016-03-28T21:39:53.700Z {"type":"command","target_tagname":"menuitem","target_id":"","value":"fte"}
INST 1ca7218b9914c6f3 2016-03-28T21:39:53.700Z {"type":"popuphidden","target_tagname":"menupopup","target_id":"defaultBridgeType_menuPopup"}
INST 1ca7218b9914c6f3 2016-03-28T21:39:53.800Z {"type":"mouseout","target_tagname":"menuitem","target_id":"","value":"fte"}
INST 1ca7218b9914c6f3 2016-03-28T21:39:55.300Z {"type":"click","target_tagname":"wizard","target_id":"TorNetworkSettings","detail":1}
INST 1ca7218b9914c6f3 2016-03-28T21:39:55.400Z {"type":"pagehide","target_tagname":"wizardpage","target_id":"bridgeSettings"}
INST 1ca7218b9914c6f3 2016-03-28T21:39:55.400Z {"type":"pageadvanced","target_tagname":"wizardpage","target_id":"bridgeSettings"}
INST 1ca7218b9914c6f3 2016-03-28T21:39:55.400Z {"type":"wizardnext","target_tagname":"wizard","target_id":"TorNetworkSettings"}
INST 1ca7218b9914c6f3 2016-03-28T21:39:55.400Z {"type":"pageshow","target_tagname":"wizardpage","target_id":"proxy"}
INST 1ca7218b9914c6f3 2016-03-28T21:39:55.400Z {"type":"command","target_tagname":"wizard","target_id":"TorNetworkSettings"}
INST 1ca7218b9914c6f3 2016-03-28T21:39:57.400Z {"type":"click","target_tagname":"wizard","target_id":"TorNetworkSettings","detail":1}
INST 1ca7218b9914c6f3 2016-03-28T21:39:57.400Z {"type":"pagehide","target_tagname":"wizardpage","target_id":"proxy"}
INST 1ca7218b9914c6f3 2016-03-28T21:39:57.400Z {"type":"pageadvanced","target_tagname":"wizardpage","target_id":"proxy"}
INST 1ca7218b9914c6f3 2016-03-28T21:39:57.400Z {"type":"wizardfinish","target_tagname":"wizard","target_id":"TorNetworkSettings"}
INST 1ca7218b9914c6f3 2016-03-28T21:39:57.500Z {"type":"load","target_id":"progress_bar"}
INST 1ca7218b9914c6f3 2016-03-28T21:40:03.900Z {"type":"click","target_tagname":"dialog","target_id":"TorProgress","detail":1}
INST 1ca7218b9914c6f3 2016-03-28T21:40:03.900Z {"type":"dialogcancel","target_tagname":"dialog","target_id":"TorProgress"}
INST 1ca7218b9914c6f3 2016-03-28T21:40:03.900Z {"type":"command","target_tagname":"dialog","target_id":"TorProgress"}
INST 1ca7218b9914c6f3 2016-03-28T21:40:03.900Z {"type":"command","target_tagname":"wizard","target_id":"TorNetworkSettings"}
INST 1ca7218b9914c6f3 2016-03-28T21:40:06.000Z {"type":"click","target_tagname":"wizard","target_id":"TorNetworkSettings","detail":1}
INST 1ca7218b9914c6f3 2016-03-28T21:40:06.000Z {"type":"pagehide","target_tagname":"wizardpage","target_id":"proxy"}
INST 1ca7218b9914c6f3 2016-03-28T21:40:06.000Z {"type":"pagerewound","target_tagname":"wizardpage","target_id":"proxy"}
INST 1ca7218b9914c6f3 2016-03-28T21:40:06.000Z {"type":"wizardback","target_tagname":"wizard","target_id":"TorNetworkSettings"}
INST 1ca7218b9914c6f3 2016-03-28T21:40:06.000Z {"type":"pageshow","target_tagname":"wizardpage","target_id":"bridgeSettings"}
INST 1ca7218b9914c6f3 2016-03-28T21:40:06.000Z {"type":"command","target_tagname":"wizard","target_id":"TorNetworkSettings"}
INST 1ca7218b9914c6f3 2016-03-28T21:40:08.800Z {"type":"click","target_tagname":"button","target_id":"bridgeHelpButton","detail":1}
INST 1ca7218b9914c6f3 2016-03-28T21:40:08.800Z {"type":"pageshow","target_tagname":"wizardpage","target_id":"bridgeHelp"}
INST 1ca7218b9914c6f3 2016-03-28T21:40:08.800Z {"type":"command","target_tagname":"button","target_id":"bridgeHelpButton"}
INST 1ca7218b9914c6f3 2016-03-28T21:40:09.900Z {"type":"click","target_tagname":"wizard","target_id":"TorNetworkSettings","detail":1}
INST 1ca7218b9914c6f3 2016-03-28T21:40:09.900Z {"type":"pagehide","target_tagname":"wizardpage","target_id":"bridgeHelp"}
INST 1ca7218b9914c6f3 2016-03-28T21:40:09.900Z {"type":"pageadvanced","target_tagname":"wizardpage","target_id":"bridgeHelp"}
INST 1ca7218b9914c6f3 2016-03-28T21:40:09.900Z {"type":"pageshow","target_tagname":"wizardpage","target_id":"bridgeSettings"}
INST 1ca7218b9914c6f3 2016-03-28T21:40:09.900Z {"type":"command","target_tagname":"wizard","target_id":"TorNetworkSettings"}
INST 1ca7218b9914c6f3 2016-03-28T21:40:11.300Z {"type":"popupshown","target_tagname":"menupopup","target_id":"defaultBridgeType_menuPopup"}
INST 1ca7218b9914c6f3 2016-03-28T21:40:11.400Z {"type":"click","target_tagname":"menulist","target_id":"defaultBridgeType","value":"fte","detail":1}
INST 1ca7218b9914c6f3 2016-03-28T21:40:11.700Z {"type":"mouseover","target_tagname":"menuitem","target_id":"","value":"flashproxy"}
INST 1ca7218b9914c6f3 2016-03-28T21:40:11.800Z {"type":"mouseout","target_tagname":"menuitem","target_id":"","value":"flashproxy"}
INST 1ca7218b9914c6f3 2016-03-28T21:40:11.800Z {"type":"mouseover","target_tagname":"menuitem","target_id":"","value":"fte"}
INST 1ca7218b9914c6f3 2016-03-28T21:40:12.000Z {"type":"mouseout","target_tagname":"menuitem","target_id":"","value":"fte"}
INST 1ca7218b9914c6f3 2016-03-28T21:40:12.000Z {"type":"mouseover","target_tagname":"menuitem","target_id":"","value":"fte-ipv6"}
INST 1ca7218b9914c6f3 2016-03-28T21:40:12.700Z {"type":"mouseout","target_tagname":"menuitem","target_id":"","value":"fte-ipv6"}
INST 1ca7218b9914c6f3 2016-03-28T21:40:12.700Z {"type":"mouseover","target_tagname":"menuitem","target_id":"","value":"meek-amazon"}
INST 1ca7218b9914c6f3 2016-03-28T21:40:13.800Z {"type":"click","target_tagname":"menuitem","target_id":"","value":"meek-amazon","detail":1}
INST 1ca7218b9914c6f3 2016-03-28T21:40:13.800Z {"type":"select","target_tagname":"menulist","target_id":"defaultBridgeType","value":"meek-amazon"}
INST 1ca7218b9914c6f3 2016-03-28T21:40:13.800Z {"type":"command","target_tagname":"menuitem","target_id":"","value":"meek-amazon"}
INST 1ca7218b9914c6f3 2016-03-28T21:40:13.800Z {"type":"popuphidden","target_tagname":"menupopup","target_id":"defaultBridgeType_menuPopup"}
INST 1ca7218b9914c6f3 2016-03-28T21:40:13.800Z {"type":"mouseout","target_tagname":"menuitem","target_id":"","value":"meek-amazon"}
INST 1ca7218b9914c6f3 2016-03-28T21:40:14.700Z {"type":"click","target_tagname":"wizard","target_id":"TorNetworkSettings","detail":1}
INST 1ca7218b9914c6f3 2016-03-28T21:40:14.700Z {"type":"pagehide","target_tagname":"wizardpage","target_id":"bridgeSettings"}
INST 1ca7218b9914c6f3 2016-03-28T21:40:14.700Z {"type":"pageadvanced","target_tagname":"wizardpage","target_id":"bridgeSettings"}
INST 1ca7218b9914c6f3 2016-03-28T21:40:14.700Z {"type":"wizardnext","target_tagname":"wizard","target_id":"TorNetworkSettings"}
INST 1ca7218b9914c6f3 2016-03-28T21:40:14.700Z {"type":"pageshow","target_tagname":"wizardpage","target_id":"proxy"}
INST 1ca7218b9914c6f3 2016-03-28T21:40:14.700Z {"type":"command","target_tagname":"wizard","target_id":"TorNetworkSettings"}
INST 1ca7218b9914c6f3 2016-03-28T21:40:16.100Z {"type":"click","target_tagname":"radio","target_id":"proxyRadioYes","detail":1}
INST 1ca7218b9914c6f3 2016-03-28T21:40:16.100Z {"type":"command","target_tagname":"radio","target_id":"proxyRadioYes"}
INST 1ca7218b9914c6f3 2016-03-28T21:40:16.700Z {"type":"click","target_tagname":"wizard","target_id":"TorNetworkSettings","detail":1}
INST 1ca7218b9914c6f3 2016-03-28T21:40:16.700Z {"type":"pagehide","target_tagname":"wizardpage","target_id":"proxy"}
INST 1ca7218b9914c6f3 2016-03-28T21:40:16.700Z {"type":"pageadvanced","target_tagname":"wizardpage","target_id":"proxy"}
INST 1ca7218b9914c6f3 2016-03-28T21:40:16.700Z {"type":"wizardnext","target_tagname":"wizard","target_id":"TorNetworkSettings"}
INST 1ca7218b9914c6f3 2016-03-28T21:40:16.700Z {"type":"pageshow","target_tagname":"wizardpage","target_id":"proxyYES"}
INST 1ca7218b9914c6f3 2016-03-28T21:40:16.700Z {"type":"command","target_tagname":"wizard","target_id":"TorNetworkSettings"}
INST 1ca7218b9914c6f3 2016-03-28T21:40:17.800Z {"type":"popupshown","target_tagname":"menupopup","target_id":"proxyType_menuPopup"}
INST 1ca7218b9914c6f3 2016-03-28T21:40:17.900Z {"type":"click","target_tagname":"menulist","target_id":"proxyType","value":"","detail":1}
INST 1ca7218b9914c6f3 2016-03-28T21:40:18.300Z {"type":"mouseover","target_tagname":"menuitem","target_id":"","value":""}
INST 1ca7218b9914c6f3 2016-03-28T21:40:18.600Z {"type":"mouseout","target_tagname":"menuitem","target_id":"","value":""}
INST 1ca7218b9914c6f3 2016-03-28T21:40:18.600Z {"type":"mouseover","target_tagname":"menuitem","target_id":"","value":"SOCKS4"}
INST 1ca7218b9914c6f3 2016-03-28T21:40:19.300Z {"type":"mouseout","target_tagname":"menuitem","target_id":"","value":"SOCKS4"}
INST 1ca7218b9914c6f3 2016-03-28T21:40:19.300Z {"type":"mouseover","target_tagname":"menuitem","target_id":"","value":"SOCKS5"}
INST 1ca7218b9914c6f3 2016-03-28T21:40:20.300Z {"type":"mouseout","target_tagname":"menuitem","target_id":"","value":"SOCKS5"}
INST 1ca7218b9914c6f3 2016-03-28T21:40:20.600Z {"type":"popuphidden","target_tagname":"menupopup","target_id":"proxyType_menuPopup"}
INST 1ca7218b9914c6f3 2016-03-28T21:40:30.500Z {"type":"popupshown","target_tagname":"menupopup","target_id":"proxyType_menuPopup"}
INST 1ca7218b9914c6f3 2016-03-28T21:40:30.600Z {"type":"click","target_tagname":"menulist","target_id":"proxyType","value":"","detail":1}
INST 1ca7218b9914c6f3 2016-03-28T21:40:30.800Z {"type":"mouseover","target_tagname":"menuitem","target_id":"","value":""}
INST 1ca7218b9914c6f3 2016-03-28T21:40:31.000Z {"type":"mouseout","target_tagname":"menuitem","target_id":"","value":""}
INST 1ca7218b9914c6f3 2016-03-28T21:40:31.000Z {"type":"mouseover","target_tagname":"menuitem","target_id":"","value":"SOCKS4"}
INST 1ca7218b9914c6f3 2016-03-28T21:40:31.200Z {"type":"click","target_tagname":"menuitem","target_id":"","value":"SOCKS4","detail":1}
INST 1ca7218b9914c6f3 2016-03-28T21:40:31.200Z {"type":"select","target_tagname":"menulist","target_id":"proxyType","value":"SOCKS4"}
INST 1ca7218b9914c6f3 2016-03-28T21:40:31.300Z {"type":"command","target_tagname":"menuitem","target_id":"","value":"SOCKS4"}
INST 1ca7218b9914c6f3 2016-03-28T21:40:31.300Z {"type":"popuphidden","target_tagname":"menupopup","target_id":"proxyType_menuPopup"}
INST 1ca7218b9914c6f3 2016-03-28T21:40:31.300Z {"type":"mouseout","target_tagname":"menuitem","target_id":"","value":"SOCKS4"}
INST 1ca7218b9914c6f3 2016-03-28T21:40:33.200Z {"type":"click","target_tagname":"wizard","target_id":"TorNetworkSettings","detail":1}
INST 1ca7218b9914c6f3 2016-03-28T21:40:33.200Z {"type":"pagehide","target_tagname":"wizardpage","target_id":"proxyYES"}
INST 1ca7218b9914c6f3 2016-03-28T21:40:33.200Z {"type":"pageadvanced","target_tagname":"wizardpage","target_id":"proxyYES"}
INST 1ca7218b9914c6f3 2016-03-28T21:40:33.200Z {"type":"alert_show","target_id":"failed_to_save_settings","value":"Unable to save Tor settings.\n\nYou must specify both an IP address or hostname and a port number to configure Tor to use a proxy to access the Internet."}
INST 1ca7218b9914c6f3 2016-03-28T21:40:35.800Z {"type":"alert_exit","target_id":"failed_to_save_settings","value":"Unable to save Tor settings.\n\nYou must specify both an IP address or hostname and a port number to configure Tor to use a proxy to access the Internet."}
INST 1ca7218b9914c6f3 2016-03-28T21:40:35.800Z {"type":"command","target_tagname":"wizard","target_id":"TorNetworkSettings"}
INST 1ca7218b9914c6f3 2016-03-28T21:40:37.000Z {"type":"click","target_tagname":"wizardpage","target_id":"proxyYES","detail":1}
INST d28eb72478c8954e 2016-03-28T21:41:47.100Z {"type":"start"}
INST d28eb72478c8954e 2016-03-28T21:41:47.800Z {"type":"select","target_tagname":"menulist","target_id":"proxyType","value":""}
INST d28eb72478c8954e 2016-03-28T21:41:47.800Z {"type":"wizardnext","target_tagname":"wizard","target_id":"TorNetworkSettings"}
INST d28eb72478c8954e 2016-03-28T21:41:47.800Z {"type":"pageshow","target_tagname":"wizardpage","target_id":"first"}
INST d28eb72478c8954e 2016-03-28T21:41:47.800Z {"type":"load","target_id":"configuration"}
INST d28eb72478c8954e 2016-03-28T21:41:47.800Z {"type":"select","target_tagname":"menulist","target_id":"defaultBridgeType","value":"obfs3"}
INST d28eb72478c8954e 2016-03-28T21:41:52.300Z {"type":"click","target_tagname":"button","target_id":"connect_button","detail":1}
INST d28eb72478c8954e 2016-03-28T21:41:52.400Z {"type":"load","target_id":"progress_bar"}
INST d28eb72478c8954e 2016-03-28T21:41:54.700Z {"type":"progresschanged","target_tagname":"progressmeter","target_id":"progressMeter","value":"5"}
INST d28eb72478c8954e 2016-03-28T21:41:54.700Z {"type":"progresschanged","target_tagname":"progressmeter","target_id":"progressMeter","value":"10"}
INST d28eb72478c8954e 2016-03-28T21:41:56.600Z {"type":"click","target_tagname":"description","target_id":"progressPleaseWait","detail":1}
INST d28eb72478c8954e 2016-03-28T21:43:13.400Z {"type":"click","target_tagname":"dialog","target_id":"TorProgress","detail":1}
INST d28eb72478c8954e 2016-03-28T21:43:13.400Z {"type":"dialogcancel","target_tagname":"dialog","target_id":"TorProgress"}
INST d28eb72478c8954e 2016-03-28T21:43:13.400Z {"type":"command","target_tagname":"dialog","target_id":"TorProgress"}
INST d28eb72478c8954e 2016-03-28T21:43:13.400Z {"type":"command","target_tagname":"button","target_id":"connect_button"}
INST d28eb72478c8954e 2016-03-28T21:43:13.900Z {"type":"click","target_tagname":"button","target_id":"configure_button","detail":1}
INST d28eb72478c8954e 2016-03-28T21:43:13.900Z {"type":"pagehide","target_tagname":"wizardpage","target_id":"first"}
INST d28eb72478c8954e 2016-03-28T21:43:13.900Z {"type":"pageadvanced","target_tagname":"wizardpage","target_id":"first"}
INST d28eb72478c8954e 2016-03-28T21:43:13.900Z {"type":"wizardnext","target_tagname":"wizard","target_id":"TorNetworkSettings"}
INST d28eb72478c8954e 2016-03-28T21:43:13.900Z {"type":"pageshow","target_tagname":"wizardpage","target_id":"bridges"}
INST d28eb72478c8954e 2016-03-28T21:43:13.900Z {"type":"command","target_tagname":"button","target_id":"configure_button"}
INST d28eb72478c8954e 2016-03-28T21:43:15.400Z {"type":"click","target_tagname":"wizard","target_id":"TorNetworkSettings","detail":1}
INST d28eb72478c8954e 2016-03-28T21:43:15.400Z {"type":"pagehide","target_tagname":"wizardpage","target_id":"bridges"}
INST d28eb72478c8954e 2016-03-28T21:43:15.400Z {"type":"pageadvanced","target_tagname":"wizardpage","target_id":"bridges"}
INST d28eb72478c8954e 2016-03-28T21:43:15.400Z {"type":"wizardnext","target_tagname":"wizard","target_id":"TorNetworkSettings"}
INST d28eb72478c8954e 2016-03-28T21:43:15.400Z {"type":"pageshow","target_tagname":"wizardpage","target_id":"bridgeSettings"}
INST d28eb72478c8954e 2016-03-28T21:43:15.400Z {"type":"command","target_tagname":"wizard","target_id":"TorNetworkSettings"}
INST d28eb72478c8954e 2016-03-28T21:43:17.100Z {"type":"click","target_tagname":"radio","target_id":"bridgeRadioDefault","detail":1}
INST d28eb72478c8954e 2016-03-28T21:43:17.100Z {"type":"command","target_tagname":"radio","target_id":"bridgeRadioDefault"}
INST d28eb72478c8954e 2016-03-28T21:43:18.700Z {"type":"popupshown","target_tagname":"menupopup","target_id":"defaultBridgeType_menuPopup"}
INST d28eb72478c8954e 2016-03-28T21:43:18.800Z {"type":"click","target_tagname":"menulist","target_id":"defaultBridgeType","value":"obfs3","detail":1}
INST d28eb72478c8954e 2016-03-28T21:43:19.600Z {"type":"mouseover","target_tagname":"menuitem","target_id":"","value":"flashproxy"}
INST d28eb72478c8954e 2016-03-28T21:43:19.600Z {"type":"mouseout","target_tagname":"menuitem","target_id":"","value":"flashproxy"}
INST d28eb72478c8954e 2016-03-28T21:43:19.600Z {"type":"mouseover","target_tagname":"menuitem","target_id":"","value":"fte"}
INST d28eb72478c8954e 2016-03-28T21:43:19.700Z {"type":"mouseout","target_tagname":"menuitem","target_id":"","value":"fte"}
INST d28eb72478c8954e 2016-03-28T21:43:19.700Z {"type":"mouseover","target_tagname":"menuitem","target_id":"","value":"fte-ipv6"}
INST d28eb72478c8954e 2016-03-28T21:43:19.700Z {"type":"mouseout","target_tagname":"menuitem","target_id":"","value":"fte-ipv6"}
INST d28eb72478c8954e 2016-03-28T21:43:19.700Z {"type":"mouseover","target_tagname":"menuitem","target_id":"","value":"meek-amazon"}
INST d28eb72478c8954e 2016-03-28T21:43:19.800Z {"type":"mouseout","target_tagname":"menuitem","target_id":"","value":"meek-amazon"}
INST d28eb72478c8954e 2016-03-28T21:43:19.800Z {"type":"mouseover","target_tagname":"menuitem","target_id":"","value":"meek-azure"}
INST d28eb72478c8954e 2016-03-28T21:43:19.800Z {"type":"mouseout","target_tagname":"menuitem","target_id":"","value":"meek-azure"}
INST d28eb72478c8954e 2016-03-28T21:43:19.800Z {"type":"mouseover","target_tagname":"menuitem","target_id":"","value":"meek-google"}
INST d28eb72478c8954e 2016-03-28T21:43:19.900Z {"type":"mouseout","target_tagname":"menuitem","target_id":"","value":"meek-google"}
INST d28eb72478c8954e 2016-03-28T21:43:19.900Z {"type":"mouseover","target_tagname":"menuitem","target_id":"","value":"obfs3"}
INST d28eb72478c8954e 2016-03-28T21:43:20.100Z {"type":"mouseout","target_tagname":"menuitem","target_id":"","value":"obfs3"}
INST d28eb72478c8954e 2016-03-28T21:43:20.100Z {"type":"mouseover","target_tagname":"menuitem","target_id":"","value":"meek-google"}
INST d28eb72478c8954e 2016-03-28T21:43:20.500Z {"type":"click","target_tagname":"menuitem","target_id":"","value":"meek-google","detail":1}
INST d28eb72478c8954e 2016-03-28T21:43:20.500Z {"type":"select","target_tagname":"menulist","target_id":"defaultBridgeType","value":"meek-google"}
INST d28eb72478c8954e 2016-03-28T21:43:20.500Z {"type":"command","target_tagname":"menuitem","target_id":"","value":"meek-google"}
INST d28eb72478c8954e 2016-03-28T21:43:20.500Z {"type":"popuphidden","target_tagname":"menupopup","target_id":"defaultBridgeType_menuPopup"}
INST d28eb72478c8954e 2016-03-28T21:43:20.500Z {"type":"mouseout","target_tagname":"menuitem","target_id":"","value":"meek-google"}
INST d28eb72478c8954e 2016-03-28T21:43:21.500Z {"type":"click","target_tagname":"wizard","target_id":"TorNetworkSettings","detail":1}
INST d28eb72478c8954e 2016-03-28T21:43:21.500Z {"type":"pagehide","target_tagname":"wizardpage","target_id":"bridgeSettings"}
INST d28eb72478c8954e 2016-03-28T21:43:21.500Z {"type":"pageadvanced","target_tagname":"wizardpage","target_id":"bridgeSettings"}
INST d28eb72478c8954e 2016-03-28T21:43:21.500Z {"type":"wizardnext","target_tagname":"wizard","target_id":"TorNetworkSettings"}
INST d28eb72478c8954e 2016-03-28T21:43:21.500Z {"type":"pageshow","target_tagname":"wizardpage","target_id":"proxy"}
INST d28eb72478c8954e 2016-03-28T21:43:21.500Z {"type":"command","target_tagname":"wizard","target_id":"TorNetworkSettings"}
INST d28eb72478c8954e 2016-03-28T21:43:22.900Z {"type":"click","target_tagname":"wizard","target_id":"TorNetworkSettings","detail":1}
INST d28eb72478c8954e 2016-03-28T21:43:22.900Z {"type":"pagehide","target_tagname":"wizardpage","target_id":"proxy"}
INST d28eb72478c8954e 2016-03-28T21:43:22.900Z {"type":"pageadvanced","target_tagname":"wizardpage","target_id":"proxy"}
INST d28eb72478c8954e 2016-03-28T21:43:22.900Z {"type":"wizardfinish","target_tagname":"wizard","target_id":"TorNetworkSettings"}
INST d28eb72478c8954e 2016-03-28T21:43:23.000Z {"type":"load","target_id":"progress_bar"}
INST d28eb72478c8954e 2016-03-28T21:43:30.800Z {"type":"progresschanged","target_tagname":"progressmeter","target_id":"progressMeter","value":"15"}
INST d28eb72478c8954e 2016-03-28T21:43:31.100Z {"type":"progresschanged","target_tagname":"progressmeter","target_id":"progressMeter","value":"20"}
INST d28eb72478c8954e 2016-03-28T21:43:32.400Z {"type":"progresschanged","target_tagname":"progressmeter","target_id":"progressMeter","value":"25"}
INST d28eb72478c8954e 2016-03-28T21:43:39.000Z {"type":"progresschanged","target_tagname":"progressmeter","target_id":"progressMeter","value":"40"}
INST d28eb72478c8954e 2016-03-28T21:43:39.600Z {"type":"progresschanged","target_tagname":"progressmeter","target_id":"progressMeter","value":"45"}
INST d28eb72478c8954e 2016-03-28T21:43:40.100Z {"type":"progresschanged","target_tagname":"progressmeter","target_id":"progressMeter","value":"50"}
INST d28eb72478c8954e 2016-03-28T21:43:48.800Z {"type":"progresschanged","target_tagname":"progressmeter","target_id":"progressMeter","value":"50"}
INST d28eb72478c8954e 2016-03-28T21:43:48.800Z {"type":"progresschanged","target_tagname":"progressmeter","target_id":"progressMeter","value":"50"}
INST d28eb72478c8954e 2016-03-28T21:43:48.800Z {"type":"progresschanged","target_tagname":"progressmeter","target_id":"progressMeter","value":"55"}
INST d28eb72478c8954e 2016-03-28T21:43:49.100Z {"type":"progresschanged","target_tagname":"progressmeter","target_id":"progressMeter","value":"55"}
INST d28eb72478c8954e 2016-03-28T21:43:49.100Z {"type":"progresschanged","target_tagname":"progressmeter","target_id":"progressMeter","value":"61"}
INST d28eb72478c8954e 2016-03-28T21:43:49.100Z {"type":"progresschanged","target_tagname":"progressmeter","target_id":"progressMeter","value":"61"}
INST d28eb72478c8954e 2016-03-28T21:43:49.100Z {"type":"progresschanged","target_tagname":"progressmeter","target_id":"progressMeter","value":"70"}
INST d28eb72478c8954e 2016-03-28T21:43:49.100Z {"type":"progresschanged","target_tagname":"progressmeter","target_id":"progressMeter","value":"77"}
INST d28eb72478c8954e 2016-03-28T21:43:49.600Z {"type":"progresschanged","target_tagname":"progressmeter","target_id":"progressMeter","value":"77"}
INST d28eb72478c8954e 2016-03-28T21:43:49.600Z {"type":"progresschanged","target_tagname":"progressmeter","target_id":"progressMeter","value":"90"}
INST d28eb72478c8954e 2016-03-28T21:43:50.500Z {"type":"progresschanged","target_tagname":"progressmeter","target_id":"progressMeter","value":"100"}
INST d28eb72478c8954e 2016-03-28T21:43:50.800Z {"type":"unload","target_id":"progress_bar"}
INST d28eb72478c8954e 2016-03-28T21:43:50.800Z {"type":"command","target_tagname":"wizard","target_id":"TorNetworkSettings"}
INST d28eb72478c8954e 2016-03-28T21:43:50.800Z {"type":"unload","target_id":"configuration"}
