INST b390a94ecc986791 2016-03-31T01:45:01.400Z {"type":"start"}
INST b390a94ecc986791 2016-03-31T01:45:02.400Z {"type":"select","target_tagname":"menulist","target_id":"proxyType","value":""}
INST b390a94ecc986791 2016-03-31T01:45:02.400Z {"type":"wizardnext","target_tagname":"wizard","target_id":"TorNetworkSettings"}
INST b390a94ecc986791 2016-03-31T01:45:02.400Z {"type":"pageshow","target_tagname":"wizardpage","target_id":"first"}
INST b390a94ecc986791 2016-03-31T01:45:02.400Z {"type":"load","target_id":"configuration"}
INST b390a94ecc986791 2016-03-31T01:45:02.400Z {"type":"select","target_tagname":"menulist","target_id":"defaultBridgeType","value":"obfs3"}
INST b390a94ecc986791 2016-03-31T01:45:07.400Z {"type":"wizardcancel","target_tagname":"wizard","target_id":"TorNetworkSettings"}
INST b390a94ecc986791 2016-03-31T01:45:07.400Z {"type":"unload","target_id":"configuration"}
INST d27454eb5a2b53c5 2016-03-31T01:46:08.700Z {"type":"start"}
INST d27454eb5a2b53c5 2016-03-31T01:46:09.400Z {"type":"select","target_tagname":"menulist","target_id":"proxyType","value":""}
INST d27454eb5a2b53c5 2016-03-31T01:46:09.400Z {"type":"wizardnext","target_tagname":"wizard","target_id":"TorNetworkSettings"}
INST d27454eb5a2b53c5 2016-03-31T01:46:09.400Z {"type":"pageshow","target_tagname":"wizardpage","target_id":"first"}
INST d27454eb5a2b53c5 2016-03-31T01:46:09.400Z {"type":"load","target_id":"configuration"}
INST d27454eb5a2b53c5 2016-03-31T01:46:09.400Z {"type":"select","target_tagname":"menulist","target_id":"defaultBridgeType","value":"obfs3"}
INST d27454eb5a2b53c5 2016-03-31T01:46:11.500Z {"type":"click","target_tagname":"button","target_id":"connect_button","detail":1}
INST d27454eb5a2b53c5 2016-03-31T01:46:11.500Z {"type":"load","target_id":"progress_bar"}
INST d27454eb5a2b53c5 2016-03-31T01:46:12.200Z {"type":"progresschanged","target_tagname":"progressmeter","target_id":"progressMeter","value":"5"}
INST d27454eb5a2b53c5 2016-03-31T01:46:12.200Z {"type":"progresschanged","target_tagname":"progressmeter","target_id":"progressMeter","value":"5"}
INST d27454eb5a2b53c5 2016-03-31T01:46:12.200Z {"type":"progresschanged","target_tagname":"progressmeter","target_id":"progressMeter","value":"5"}
INST d27454eb5a2b53c5 2016-03-31T01:47:00.900Z {"type":"click","target_tagname":"dialog","target_id":"TorProgress","detail":1}
INST d27454eb5a2b53c5 2016-03-31T01:47:00.900Z {"type":"dialogcancel","target_tagname":"dialog","target_id":"TorProgress"}
INST d27454eb5a2b53c5 2016-03-31T01:47:01.000Z {"type":"command","target_tagname":"dialog","target_id":"TorProgress"}
INST d27454eb5a2b53c5 2016-03-31T01:47:01.000Z {"type":"command","target_tagname":"button","target_id":"connect_button"}
INST d27454eb5a2b53c5 2016-03-31T01:47:02.400Z {"type":"click","target_tagname":"button","target_id":"configure_button","detail":1}
INST d27454eb5a2b53c5 2016-03-31T01:47:02.400Z {"type":"pagehide","target_tagname":"wizardpage","target_id":"first"}
INST d27454eb5a2b53c5 2016-03-31T01:47:02.400Z {"type":"pageadvanced","target_tagname":"wizardpage","target_id":"first"}
INST d27454eb5a2b53c5 2016-03-31T01:47:02.400Z {"type":"wizardnext","target_tagname":"wizard","target_id":"TorNetworkSettings"}
INST d27454eb5a2b53c5 2016-03-31T01:47:02.400Z {"type":"pageshow","target_tagname":"wizardpage","target_id":"bridges"}
INST d27454eb5a2b53c5 2016-03-31T01:47:02.400Z {"type":"command","target_tagname":"button","target_id":"configure_button"}
INST d27454eb5a2b53c5 2016-03-31T01:47:06.000Z {"type":"click","target_tagname":"wizard","target_id":"TorNetworkSettings","detail":1}
INST d27454eb5a2b53c5 2016-03-31T01:47:06.000Z {"type":"pagehide","target_tagname":"wizardpage","target_id":"bridges"}
INST d27454eb5a2b53c5 2016-03-31T01:47:06.000Z {"type":"pageadvanced","target_tagname":"wizardpage","target_id":"bridges"}
INST d27454eb5a2b53c5 2016-03-31T01:47:06.000Z {"type":"wizardnext","target_tagname":"wizard","target_id":"TorNetworkSettings"}
INST d27454eb5a2b53c5 2016-03-31T01:47:06.000Z {"type":"pageshow","target_tagname":"wizardpage","target_id":"proxy"}
INST d27454eb5a2b53c5 2016-03-31T01:47:06.000Z {"type":"command","target_tagname":"wizard","target_id":"TorNetworkSettings"}
INST d27454eb5a2b53c5 2016-03-31T01:47:08.700Z {"type":"click","target_tagname":"wizard","target_id":"TorNetworkSettings","detail":1}
INST d27454eb5a2b53c5 2016-03-31T01:47:08.700Z {"type":"pagehide","target_tagname":"wizardpage","target_id":"proxy"}
INST d27454eb5a2b53c5 2016-03-31T01:47:08.700Z {"type":"pageadvanced","target_tagname":"wizardpage","target_id":"proxy"}
INST d27454eb5a2b53c5 2016-03-31T01:47:08.700Z {"type":"wizardfinish","target_tagname":"wizard","target_id":"TorNetworkSettings"}
INST d27454eb5a2b53c5 2016-03-31T01:47:08.700Z {"type":"load","target_id":"progress_bar"}
INST d27454eb5a2b53c5 2016-03-31T01:47:13.200Z {"type":"progresschanged","target_tagname":"progressmeter","target_id":"progressMeter","value":"5"}
INST d27454eb5a2b53c5 2016-03-31T01:49:14.400Z {"type":"click","target_tagname":"dialog","target_id":"TorProgress","detail":1}
INST d27454eb5a2b53c5 2016-03-31T01:49:14.400Z {"type":"dialogcancel","target_tagname":"dialog","target_id":"TorProgress"}
INST d27454eb5a2b53c5 2016-03-31T01:49:14.400Z {"type":"command","target_tagname":"dialog","target_id":"TorProgress"}
INST d27454eb5a2b53c5 2016-03-31T01:49:14.500Z {"type":"command","target_tagname":"wizard","target_id":"TorNetworkSettings"}
INST d27454eb5a2b53c5 2016-03-31T01:49:17.500Z {"type":"wizardcancel","target_tagname":"wizard","target_id":"TorNetworkSettings"}
INST d27454eb5a2b53c5 2016-03-31T01:49:17.500Z {"type":"unload","target_id":"configuration"}
INST 998df8f878b8ca35 2016-03-31T01:49:21.900Z {"type":"start"}
INST 998df8f878b8ca35 2016-03-31T01:49:22.500Z {"type":"select","target_tagname":"menulist","target_id":"proxyType","value":""}
INST 998df8f878b8ca35 2016-03-31T01:49:22.500Z {"type":"wizardnext","target_tagname":"wizard","target_id":"TorNetworkSettings"}
INST 998df8f878b8ca35 2016-03-31T01:49:22.500Z {"type":"pageshow","target_tagname":"wizardpage","target_id":"first"}
INST 998df8f878b8ca35 2016-03-31T01:49:22.600Z {"type":"load","target_id":"configuration"}
INST 998df8f878b8ca35 2016-03-31T01:49:22.600Z {"type":"select","target_tagname":"menulist","target_id":"defaultBridgeType","value":"obfs3"}
INST 998df8f878b8ca35 2016-03-31T01:49:24.200Z {"type":"click","target_tagname":"button","target_id":"connect_button","detail":1}
INST 998df8f878b8ca35 2016-03-31T01:49:24.300Z {"type":"load","target_id":"progress_bar"}
INST 998df8f878b8ca35 2016-03-31T01:49:24.400Z {"type":"progresschanged","target_tagname":"progressmeter","target_id":"progressMeter","value":"5"}
INST 998df8f878b8ca35 2016-03-31T01:49:24.400Z {"type":"progresschanged","target_tagname":"progressmeter","target_id":"progressMeter","value":"5"}
INST 998df8f878b8ca35 2016-03-31T01:49:24.400Z {"type":"progresschanged","target_tagname":"progressmeter","target_id":"progressMeter","value":"5"}
INST 998df8f878b8ca35 2016-03-31T01:50:25.300Z {"type":"progresschanged","target_tagname":"progressmeter","target_id":"progressMeter","value":"5"}
INST 998df8f878b8ca35 2016-03-31T01:52:21.500Z {"type":"click","target_tagname":"description","target_id":"progressDesc","detail":1}
INST 998df8f878b8ca35 2016-03-31T01:52:22.800Z {"type":"click","detail":1}
INST 998df8f878b8ca35 2016-03-31T01:52:40.600Z {"type":"click","target_tagname":"dialog","target_id":"TorProgress","detail":1}
INST 998df8f878b8ca35 2016-03-31T01:52:40.600Z {"type":"dialogcancel","target_tagname":"dialog","target_id":"TorProgress"}
INST 998df8f878b8ca35 2016-03-31T01:52:40.600Z {"type":"command","target_tagname":"dialog","target_id":"TorProgress"}
INST 998df8f878b8ca35 2016-03-31T01:52:40.700Z {"type":"command","target_tagname":"button","target_id":"connect_button"}
INST 998df8f878b8ca35 2016-03-31T01:52:42.300Z {"type":"click","target_tagname":"groupbox","target_id":"","detail":1}
INST 998df8f878b8ca35 2016-03-31T01:52:44.500Z {"type":"wizardcancel","target_tagname":"wizard","target_id":"TorNetworkSettings"}
INST 998df8f878b8ca35 2016-03-31T01:52:44.500Z {"type":"unload","target_id":"configuration"}
INST 6ac4791a0a803e8b 2016-03-31T01:52:46.500Z {"type":"start"}
INST 6ac4791a0a803e8b 2016-03-31T01:52:46.600Z {"type":"select","target_tagname":"menulist","target_id":"proxyType","value":""}
INST 6ac4791a0a803e8b 2016-03-31T01:52:46.600Z {"type":"wizardnext","target_tagname":"wizard","target_id":"TorNetworkSettings"}
INST 6ac4791a0a803e8b 2016-03-31T01:52:46.600Z {"type":"pageshow","target_tagname":"wizardpage","target_id":"first"}
INST 6ac4791a0a803e8b 2016-03-31T01:52:47.200Z {"type":"load","target_id":"configuration"}
INST 6ac4791a0a803e8b 2016-03-31T01:52:47.200Z {"type":"select","target_tagname":"menulist","target_id":"defaultBridgeType","value":"obfs3"}
INST 6ac4791a0a803e8b 2016-03-31T01:52:51.200Z {"type":"click","target_tagname":"button","target_id":"connect_button","detail":1}
INST 6ac4791a0a803e8b 2016-03-31T01:52:51.200Z {"type":"load","target_id":"progress_bar"}
INST 6ac4791a0a803e8b 2016-03-31T01:52:52.000Z {"type":"progresschanged","target_tagname":"progressmeter","target_id":"progressMeter","value":"5"}
INST 6ac4791a0a803e8b 2016-03-31T01:52:52.000Z {"type":"progresschanged","target_tagname":"progressmeter","target_id":"progressMeter","value":"5"}
INST 6ac4791a0a803e8b 2016-03-31T01:52:52.000Z {"type":"progresschanged","target_tagname":"progressmeter","target_id":"progressMeter","value":"5"}
INST 6ac4791a0a803e8b 2016-03-31T01:53:53.000Z {"type":"progresschanged","target_tagname":"progressmeter","target_id":"progressMeter","value":"5"}
INST 6ac4791a0a803e8b 2016-03-31T01:54:49.400Z {"type":"click","target_tagname":"description","target_id":"progressDesc","detail":1}
INST 6ac4791a0a803e8b 2016-03-31T01:58:58.000Z {"type":"progresschanged","target_tagname":"progressmeter","target_id":"progressMeter","value":"5"}
INST 6ac4791a0a803e8b 2016-03-31T02:01:00.300Z {"type":"click","target_tagname":"dialog","target_id":"TorProgress","detail":1}
INST 6ac4791a0a803e8b 2016-03-31T02:05:43.000Z {"type":"click","target_tagname":"description","target_id":"progressDesc","detail":1}
INST 6ac4791a0a803e8b 2016-03-31T02:05:44.200Z {"type":"click","detail":1}
INST 6ac4791a0a803e8b 2016-03-31T02:05:44.700Z {"type":"click","target_tagname":"description","target_id":"progressPleaseWait","detail":1}
INST 43cdd35eb68038ec 2016-03-31T02:05:59.700Z {"type":"start"}
INST 43cdd35eb68038ec 2016-03-31T02:06:00.400Z {"type":"select","target_tagname":"menulist","target_id":"proxyType","value":""}
INST 43cdd35eb68038ec 2016-03-31T02:06:00.400Z {"type":"wizardnext","target_tagname":"wizard","target_id":"TorNetworkSettings"}
INST 43cdd35eb68038ec 2016-03-31T02:06:00.400Z {"type":"pageshow","target_tagname":"wizardpage","target_id":"first"}
INST 43cdd35eb68038ec 2016-03-31T02:06:00.400Z {"type":"load","target_id":"configuration"}
INST 43cdd35eb68038ec 2016-03-31T02:06:00.400Z {"type":"select","target_tagname":"menulist","target_id":"defaultBridgeType","value":"obfs3"}
INST 43cdd35eb68038ec 2016-03-31T02:06:01.700Z {"type":"click","target_tagname":"vbox","target_id":"","detail":1}
INST 43cdd35eb68038ec 2016-03-31T02:06:02.600Z {"type":"click","target_tagname":"button","target_id":"configure_button","detail":1}
INST 43cdd35eb68038ec 2016-03-31T02:06:02.600Z {"type":"pagehide","target_tagname":"wizardpage","target_id":"first"}
INST 43cdd35eb68038ec 2016-03-31T02:06:02.600Z {"type":"pageadvanced","target_tagname":"wizardpage","target_id":"first"}
INST 43cdd35eb68038ec 2016-03-31T02:06:02.600Z {"type":"wizardnext","target_tagname":"wizard","target_id":"TorNetworkSettings"}
INST 43cdd35eb68038ec 2016-03-31T02:06:02.600Z {"type":"pageshow","target_tagname":"wizardpage","target_id":"bridges"}
INST 43cdd35eb68038ec 2016-03-31T02:06:02.600Z {"type":"command","target_tagname":"button","target_id":"configure_button"}
INST 43cdd35eb68038ec 2016-03-31T02:06:07.700Z {"type":"click","target_tagname":"radio","target_id":"bridgesRadioYes","detail":1}
INST 43cdd35eb68038ec 2016-03-31T02:06:07.700Z {"type":"command","target_tagname":"radio","target_id":"bridgesRadioYes"}
INST 43cdd35eb68038ec 2016-03-31T02:06:09.500Z {"type":"click","target_tagname":"radio","target_id":"bridgesRadioNo","detail":1}
INST 43cdd35eb68038ec 2016-03-31T02:06:09.500Z {"type":"command","target_tagname":"radio","target_id":"bridgesRadioNo"}
INST 43cdd35eb68038ec 2016-03-31T02:06:10.800Z {"type":"click","target_tagname":"wizard","target_id":"TorNetworkSettings","detail":1}
INST 43cdd35eb68038ec 2016-03-31T02:06:10.800Z {"type":"pagehide","target_tagname":"wizardpage","target_id":"bridges"}
INST 43cdd35eb68038ec 2016-03-31T02:06:10.800Z {"type":"pageadvanced","target_tagname":"wizardpage","target_id":"bridges"}
INST 43cdd35eb68038ec 2016-03-31T02:06:10.800Z {"type":"wizardnext","target_tagname":"wizard","target_id":"TorNetworkSettings"}
INST 43cdd35eb68038ec 2016-03-31T02:06:10.800Z {"type":"pageshow","target_tagname":"wizardpage","target_id":"proxy"}
INST 43cdd35eb68038ec 2016-03-31T02:06:10.800Z {"type":"command","target_tagname":"wizard","target_id":"TorNetworkSettings"}
INST 43cdd35eb68038ec 2016-03-31T02:06:15.800Z {"type":"click","target_tagname":"radio","target_id":"proxyRadioYes","detail":1}
INST 43cdd35eb68038ec 2016-03-31T02:06:15.800Z {"type":"command","target_tagname":"radio","target_id":"proxyRadioYes"}
INST 43cdd35eb68038ec 2016-03-31T02:06:17.000Z {"type":"click","target_tagname":"wizard","target_id":"TorNetworkSettings","detail":1}
INST 43cdd35eb68038ec 2016-03-31T02:06:17.000Z {"type":"pagehide","target_tagname":"wizardpage","target_id":"proxy"}
INST 43cdd35eb68038ec 2016-03-31T02:06:17.000Z {"type":"pageadvanced","target_tagname":"wizardpage","target_id":"proxy"}
INST 43cdd35eb68038ec 2016-03-31T02:06:17.000Z {"type":"wizardnext","target_tagname":"wizard","target_id":"TorNetworkSettings"}
INST 43cdd35eb68038ec 2016-03-31T02:06:17.000Z {"type":"pageshow","target_tagname":"wizardpage","target_id":"proxyYES"}
INST 43cdd35eb68038ec 2016-03-31T02:06:17.000Z {"type":"command","target_tagname":"wizard","target_id":"TorNetworkSettings"}
INST 43cdd35eb68038ec 2016-03-31T02:06:18.300Z {"type":"click","target_tagname":"wizard","target_id":"TorNetworkSettings","detail":1}
INST 43cdd35eb68038ec 2016-03-31T02:06:18.300Z {"type":"pagehide","target_tagname":"wizardpage","target_id":"proxyYES"}
INST 43cdd35eb68038ec 2016-03-31T02:06:18.300Z {"type":"pagerewound","target_tagname":"wizardpage","target_id":"proxyYES"}
INST 43cdd35eb68038ec 2016-03-31T02:06:18.300Z {"type":"wizardback","target_tagname":"wizard","target_id":"TorNetworkSettings"}
INST 43cdd35eb68038ec 2016-03-31T02:06:18.300Z {"type":"pageshow","target_tagname":"wizardpage","target_id":"proxy"}
INST 43cdd35eb68038ec 2016-03-31T02:06:18.300Z {"type":"command","target_tagname":"wizard","target_id":"TorNetworkSettings"}
INST 43cdd35eb68038ec 2016-03-31T02:06:19.100Z {"type":"click","target_tagname":"radio","target_id":"proxyRadioNo","detail":1}
INST 43cdd35eb68038ec 2016-03-31T02:06:19.100Z {"type":"command","target_tagname":"radio","target_id":"proxyRadioNo"}
INST 43cdd35eb68038ec 2016-03-31T02:06:20.200Z {"type":"click","target_tagname":"wizard","target_id":"TorNetworkSettings","detail":1}
INST 43cdd35eb68038ec 2016-03-31T02:06:20.200Z {"type":"pagehide","target_tagname":"wizardpage","target_id":"proxy"}
INST 43cdd35eb68038ec 2016-03-31T02:06:20.200Z {"type":"pageadvanced","target_tagname":"wizardpage","target_id":"proxy"}
INST 43cdd35eb68038ec 2016-03-31T02:06:20.200Z {"type":"wizardfinish","target_tagname":"wizard","target_id":"TorNetworkSettings"}
INST 43cdd35eb68038ec 2016-03-31T02:06:20.300Z {"type":"load","target_id":"progress_bar"}
INST 43cdd35eb68038ec 2016-03-31T02:06:21.100Z {"type":"progresschanged","target_tagname":"progressmeter","target_id":"progressMeter","value":"5"}
INST 43cdd35eb68038ec 2016-03-31T02:06:21.100Z {"type":"progresschanged","target_tagname":"progressmeter","target_id":"progressMeter","value":"5"}
INST 43cdd35eb68038ec 2016-03-31T02:06:21.100Z {"type":"progresschanged","target_tagname":"progressmeter","target_id":"progressMeter","value":"5"}
INST 43cdd35eb68038ec 2016-03-31T02:07:22.100Z {"type":"progresschanged","target_tagname":"progressmeter","target_id":"progressMeter","value":"5"}
INST 43cdd35eb68038ec 2016-03-31T02:12:27.100Z {"type":"progresschanged","target_tagname":"progressmeter","target_id":"progressMeter","value":"5"}
INST 43cdd35eb68038ec 2016-03-31T02:22:37.100Z {"type":"progresschanged","target_tagname":"progressmeter","target_id":"progressMeter","value":"5"}
INST 43cdd35eb68038ec 2016-03-31T02:28:07.500Z {"type":"click","target_tagname":"dialog","target_id":"TorProgress","detail":1}
INST 43cdd35eb68038ec 2016-03-31T02:28:07.500Z {"type":"dialogcancel","target_tagname":"dialog","target_id":"TorProgress"}
INST 43cdd35eb68038ec 2016-03-31T02:28:07.500Z {"type":"command","target_tagname":"dialog","target_id":"TorProgress"}
INST 43cdd35eb68038ec 2016-03-31T02:28:07.500Z {"type":"command","target_tagname":"wizard","target_id":"TorNetworkSettings"}
INST 43cdd35eb68038ec 2016-03-31T02:28:08.400Z {"type":"wizardcancel","target_tagname":"wizard","target_id":"TorNetworkSettings"}
INST 43cdd35eb68038ec 2016-03-31T02:28:08.400Z {"type":"unload","target_id":"configuration"}
