INST 524f6298abfce5d1 2016-03-28T23:20:52.400Z {"type":"start"}
INST 524f6298abfce5d1 2016-03-28T23:20:53.400Z {"type":"select","target_tagname":"menulist","target_id":"proxyType","value":""}
INST 524f6298abfce5d1 2016-03-28T23:20:53.400Z {"type":"wizardnext","target_tagname":"wizard","target_id":"TorNetworkSettings"}
INST 524f6298abfce5d1 2016-03-28T23:20:53.400Z {"type":"pageshow","target_tagname":"wizardpage","target_id":"first"}
INST 524f6298abfce5d1 2016-03-28T23:20:53.400Z {"type":"load","target_id":"configuration"}
INST 524f6298abfce5d1 2016-03-28T23:20:53.400Z {"type":"select","target_tagname":"menulist","target_id":"defaultBridgeType","value":"obfs3"}
INST 524f6298abfce5d1 2016-03-28T23:20:58.000Z {"type":"click","target_tagname":"button","target_id":"connect_button","detail":1}
INST 524f6298abfce5d1 2016-03-28T23:20:58.100Z {"type":"load","target_id":"progress_bar"}
INST 524f6298abfce5d1 2016-03-28T23:20:58.900Z {"type":"progresschanged","target_tagname":"progressmeter","target_id":"progressMeter","value":"5"}
INST 524f6298abfce5d1 2016-03-28T23:20:58.900Z {"type":"progresschanged","target_tagname":"progressmeter","target_id":"progressMeter","value":"5"}
INST 524f6298abfce5d1 2016-03-28T23:20:58.900Z {"type":"progresschanged","target_tagname":"progressmeter","target_id":"progressMeter","value":"5"}
INST 524f6298abfce5d1 2016-03-28T23:21:26.400Z {"type":"click","target_tagname":"dialog","target_id":"TorProgress","detail":1}
INST 524f6298abfce5d1 2016-03-28T23:21:26.400Z {"type":"dialogcancel","target_tagname":"dialog","target_id":"TorProgress"}
INST 524f6298abfce5d1 2016-03-28T23:21:26.400Z {"type":"command","target_tagname":"dialog","target_id":"TorProgress"}
INST 524f6298abfce5d1 2016-03-28T23:21:26.500Z {"type":"command","target_tagname":"button","target_id":"connect_button"}
INST 524f6298abfce5d1 2016-03-28T23:21:27.700Z {"type":"click","target_tagname":"button","target_id":"configure_button","detail":1}
INST 524f6298abfce5d1 2016-03-28T23:21:27.700Z {"type":"pagehide","target_tagname":"wizardpage","target_id":"first"}
INST 524f6298abfce5d1 2016-03-28T23:21:27.700Z {"type":"pageadvanced","target_tagname":"wizardpage","target_id":"first"}
INST 524f6298abfce5d1 2016-03-28T23:21:27.700Z {"type":"wizardnext","target_tagname":"wizard","target_id":"TorNetworkSettings"}
INST 524f6298abfce5d1 2016-03-28T23:21:27.700Z {"type":"pageshow","target_tagname":"wizardpage","target_id":"bridges"}
INST 524f6298abfce5d1 2016-03-28T23:21:27.700Z {"type":"command","target_tagname":"button","target_id":"configure_button"}
INST 524f6298abfce5d1 2016-03-28T23:21:35.200Z {"type":"click","target_tagname":"wizard","target_id":"TorNetworkSettings","detail":1}
INST 524f6298abfce5d1 2016-03-28T23:21:35.200Z {"type":"pagehide","target_tagname":"wizardpage","target_id":"bridges"}
INST 524f6298abfce5d1 2016-03-28T23:21:35.200Z {"type":"pageadvanced","target_tagname":"wizardpage","target_id":"bridges"}
INST 524f6298abfce5d1 2016-03-28T23:21:35.200Z {"type":"wizardnext","target_tagname":"wizard","target_id":"TorNetworkSettings"}
INST 524f6298abfce5d1 2016-03-28T23:21:35.200Z {"type":"pageshow","target_tagname":"wizardpage","target_id":"proxy"}
INST 524f6298abfce5d1 2016-03-28T23:21:35.200Z {"type":"command","target_tagname":"wizard","target_id":"TorNetworkSettings"}
INST 524f6298abfce5d1 2016-03-28T23:21:46.100Z {"type":"click","target_tagname":"wizard","target_id":"TorNetworkSettings","detail":1}
INST 524f6298abfce5d1 2016-03-28T23:21:46.100Z {"type":"pagehide","target_tagname":"wizardpage","target_id":"proxy"}
INST 524f6298abfce5d1 2016-03-28T23:21:46.100Z {"type":"pageadvanced","target_tagname":"wizardpage","target_id":"proxy"}
INST 524f6298abfce5d1 2016-03-28T23:21:46.100Z {"type":"wizardfinish","target_tagname":"wizard","target_id":"TorNetworkSettings"}
INST 524f6298abfce5d1 2016-03-28T23:21:46.100Z {"type":"load","target_id":"progress_bar"}
INST 524f6298abfce5d1 2016-03-28T23:21:59.900Z {"type":"progresschanged","target_tagname":"progressmeter","target_id":"progressMeter","value":"5"}
INST 524f6298abfce5d1 2016-03-28T23:24:03.200Z {"type":"click","target_tagname":"dialog","target_id":"TorProgress","detail":1}
INST 524f6298abfce5d1 2016-03-28T23:24:03.200Z {"type":"dialogcancel","target_tagname":"dialog","target_id":"TorProgress"}
INST 524f6298abfce5d1 2016-03-28T23:24:03.200Z {"type":"command","target_tagname":"dialog","target_id":"TorProgress"}
INST 524f6298abfce5d1 2016-03-28T23:24:03.200Z {"type":"command","target_tagname":"wizard","target_id":"TorNetworkSettings"}
INST 524f6298abfce5d1 2016-03-28T23:24:04.500Z {"type":"click","target_tagname":"radio","target_id":"proxyRadioYes","detail":1}
INST 524f6298abfce5d1 2016-03-28T23:24:04.500Z {"type":"command","target_tagname":"radio","target_id":"proxyRadioYes"}
INST 524f6298abfce5d1 2016-03-28T23:24:06.500Z {"type":"click","target_tagname":"wizard","target_id":"TorNetworkSettings","detail":1}
INST 524f6298abfce5d1 2016-03-28T23:24:06.500Z {"type":"pagehide","target_tagname":"wizardpage","target_id":"proxy"}
INST 524f6298abfce5d1 2016-03-28T23:24:06.500Z {"type":"pageadvanced","target_tagname":"wizardpage","target_id":"proxy"}
INST 524f6298abfce5d1 2016-03-28T23:24:06.500Z {"type":"wizardnext","target_tagname":"wizard","target_id":"TorNetworkSettings"}
INST 524f6298abfce5d1 2016-03-28T23:24:06.500Z {"type":"pageshow","target_tagname":"wizardpage","target_id":"proxyYES"}
INST 524f6298abfce5d1 2016-03-28T23:24:06.500Z {"type":"command","target_tagname":"wizard","target_id":"TorNetworkSettings"}
INST 524f6298abfce5d1 2016-03-28T23:24:09.100Z {"type":"popupshown","target_tagname":"menupopup","target_id":"proxyType_menuPopup"}
INST 524f6298abfce5d1 2016-03-28T23:24:09.200Z {"type":"click","target_tagname":"menulist","target_id":"proxyType","value":"","detail":1}
INST 524f6298abfce5d1 2016-03-28T23:24:10.600Z {"type":"popuphidden","target_tagname":"menupopup","target_id":"proxyType_menuPopup"}
INST 524f6298abfce5d1 2016-03-28T23:24:14.400Z {"type":"click","target_tagname":"wizard","target_id":"TorNetworkSettings","detail":1}
INST 524f6298abfce5d1 2016-03-28T23:24:14.400Z {"type":"pagehide","target_tagname":"wizardpage","target_id":"proxyYES"}
INST 524f6298abfce5d1 2016-03-28T23:24:14.400Z {"type":"pagerewound","target_tagname":"wizardpage","target_id":"proxyYES"}
INST 524f6298abfce5d1 2016-03-28T23:24:14.400Z {"type":"wizardback","target_tagname":"wizard","target_id":"TorNetworkSettings"}
INST 524f6298abfce5d1 2016-03-28T23:24:14.400Z {"type":"pageshow","target_tagname":"wizardpage","target_id":"proxy"}
INST 524f6298abfce5d1 2016-03-28T23:24:14.400Z {"type":"command","target_tagname":"wizard","target_id":"TorNetworkSettings"}
INST dcf9c4096b9e1d19 2016-03-28T23:26:34.600Z {"type":"start"}
INST dcf9c4096b9e1d19 2016-03-28T23:26:35.300Z {"type":"select","target_tagname":"menulist","target_id":"proxyType","value":""}
INST dcf9c4096b9e1d19 2016-03-28T23:26:35.300Z {"type":"wizardnext","target_tagname":"wizard","target_id":"TorNetworkSettings"}
INST dcf9c4096b9e1d19 2016-03-28T23:26:35.300Z {"type":"pageshow","target_tagname":"wizardpage","target_id":"first"}
INST dcf9c4096b9e1d19 2016-03-28T23:26:35.300Z {"type":"load","target_id":"configuration"}
INST dcf9c4096b9e1d19 2016-03-28T23:26:35.300Z {"type":"select","target_tagname":"menulist","target_id":"defaultBridgeType","value":"obfs3"}
INST d6705ebd82fb3037 2016-03-28T23:26:46.500Z {"type":"start"}
INST d6705ebd82fb3037 2016-03-28T23:26:47.200Z {"type":"select","target_tagname":"menulist","target_id":"proxyType","value":""}
INST d6705ebd82fb3037 2016-03-28T23:26:47.200Z {"type":"wizardnext","target_tagname":"wizard","target_id":"TorNetworkSettings"}
INST d6705ebd82fb3037 2016-03-28T23:26:47.200Z {"type":"pageshow","target_tagname":"wizardpage","target_id":"first"}
INST d6705ebd82fb3037 2016-03-28T23:26:47.200Z {"type":"load","target_id":"configuration"}
INST d6705ebd82fb3037 2016-03-28T23:26:47.200Z {"type":"select","target_tagname":"menulist","target_id":"defaultBridgeType","value":"obfs3"}
INST d6705ebd82fb3037 2016-03-28T23:26:47.500Z {"type":"click","target_tagname":"wizardpage","target_id":"first","detail":1}
INST d6705ebd82fb3037 2016-03-28T23:26:50.500Z {"type":"click","target_tagname":"button","target_id":"configure_button","detail":1}
INST d6705ebd82fb3037 2016-03-28T23:26:50.500Z {"type":"pagehide","target_tagname":"wizardpage","target_id":"first"}
INST d6705ebd82fb3037 2016-03-28T23:26:50.500Z {"type":"pageadvanced","target_tagname":"wizardpage","target_id":"first"}
INST d6705ebd82fb3037 2016-03-28T23:26:50.500Z {"type":"wizardnext","target_tagname":"wizard","target_id":"TorNetworkSettings"}
INST d6705ebd82fb3037 2016-03-28T23:26:50.500Z {"type":"pageshow","target_tagname":"wizardpage","target_id":"bridges"}
INST d6705ebd82fb3037 2016-03-28T23:26:50.500Z {"type":"command","target_tagname":"button","target_id":"configure_button"}
INST d6705ebd82fb3037 2016-03-28T23:27:03.100Z {"type":"click","target_tagname":"radio","target_id":"bridgesRadioYes","detail":1}
INST d6705ebd82fb3037 2016-03-28T23:27:03.100Z {"type":"command","target_tagname":"radio","target_id":"bridgesRadioYes"}
INST d6705ebd82fb3037 2016-03-28T23:27:04.600Z {"type":"click","target_tagname":"wizard","target_id":"TorNetworkSettings","detail":1}
INST d6705ebd82fb3037 2016-03-28T23:27:04.600Z {"type":"pagehide","target_tagname":"wizardpage","target_id":"bridges"}
INST d6705ebd82fb3037 2016-03-28T23:27:04.600Z {"type":"pageadvanced","target_tagname":"wizardpage","target_id":"bridges"}
INST d6705ebd82fb3037 2016-03-28T23:27:04.600Z {"type":"wizardnext","target_tagname":"wizard","target_id":"TorNetworkSettings"}
INST d6705ebd82fb3037 2016-03-28T23:27:04.600Z {"type":"pageshow","target_tagname":"wizardpage","target_id":"bridgeSettings"}
INST d6705ebd82fb3037 2016-03-28T23:27:04.600Z {"type":"command","target_tagname":"wizard","target_id":"TorNetworkSettings"}
INST d6705ebd82fb3037 2016-03-28T23:27:09.000Z {"type":"click","target_tagname":"wizard","target_id":"TorNetworkSettings","detail":1}
INST d6705ebd82fb3037 2016-03-28T23:27:09.000Z {"type":"pagehide","target_tagname":"wizardpage","target_id":"bridgeSettings"}
INST d6705ebd82fb3037 2016-03-28T23:27:09.000Z {"type":"pageadvanced","target_tagname":"wizardpage","target_id":"bridgeSettings"}
INST d6705ebd82fb3037 2016-03-28T23:27:09.000Z {"type":"wizardnext","target_tagname":"wizard","target_id":"TorNetworkSettings"}
INST d6705ebd82fb3037 2016-03-28T23:27:09.000Z {"type":"pageshow","target_tagname":"wizardpage","target_id":"proxy"}
INST d6705ebd82fb3037 2016-03-28T23:27:09.000Z {"type":"command","target_tagname":"wizard","target_id":"TorNetworkSettings"}
INST d6705ebd82fb3037 2016-03-28T23:28:20.200Z {"type":"click","target_tagname":"radio","target_id":"proxyRadioYes","detail":1}
INST d6705ebd82fb3037 2016-03-28T23:28:20.200Z {"type":"command","target_tagname":"radio","target_id":"proxyRadioYes"}
INST d6705ebd82fb3037 2016-03-28T23:28:21.300Z {"type":"click","target_tagname":"wizard","target_id":"TorNetworkSettings","detail":1}
INST d6705ebd82fb3037 2016-03-28T23:28:21.300Z {"type":"pagehide","target_tagname":"wizardpage","target_id":"proxy"}
INST d6705ebd82fb3037 2016-03-28T23:28:21.300Z {"type":"pageadvanced","target_tagname":"wizardpage","target_id":"proxy"}
INST d6705ebd82fb3037 2016-03-28T23:28:21.300Z {"type":"wizardnext","target_tagname":"wizard","target_id":"TorNetworkSettings"}
INST d6705ebd82fb3037 2016-03-28T23:28:21.300Z {"type":"pageshow","target_tagname":"wizardpage","target_id":"proxyYES"}
INST d6705ebd82fb3037 2016-03-28T23:28:21.300Z {"type":"command","target_tagname":"wizard","target_id":"TorNetworkSettings"}
INST d6705ebd82fb3037 2016-03-28T23:28:23.000Z {"type":"popupshown","target_tagname":"menupopup","target_id":"proxyType_menuPopup"}
INST d6705ebd82fb3037 2016-03-28T23:28:23.000Z {"type":"click","target_tagname":"menulist","target_id":"proxyType","value":"","detail":1}
INST d6705ebd82fb3037 2016-03-28T23:28:23.600Z {"type":"mouseover","target_tagname":"menuitem","target_id":"","value":""}
INST d6705ebd82fb3037 2016-03-28T23:28:23.700Z {"type":"mouseout","target_tagname":"menuitem","target_id":"","value":""}
INST d6705ebd82fb3037 2016-03-28T23:28:23.700Z {"type":"mouseover","target_tagname":"menuitem","target_id":"","value":"SOCKS4"}
INST d6705ebd82fb3037 2016-03-28T23:28:23.700Z {"type":"mouseout","target_tagname":"menuitem","target_id":"","value":"SOCKS4"}
INST d6705ebd82fb3037 2016-03-28T23:28:23.700Z {"type":"mouseover","target_tagname":"menuitem","target_id":"","value":"SOCKS5"}
INST d6705ebd82fb3037 2016-03-28T23:28:24.700Z {"type":"click","target_tagname":"menuitem","target_id":"","value":"SOCKS5","detail":1}
INST d6705ebd82fb3037 2016-03-28T23:28:24.700Z {"type":"select","target_tagname":"menulist","target_id":"proxyType","value":"SOCKS5"}
INST d6705ebd82fb3037 2016-03-28T23:28:24.700Z {"type":"command","target_tagname":"menuitem","target_id":"","value":"SOCKS5"}
INST d6705ebd82fb3037 2016-03-28T23:28:24.700Z {"type":"popuphidden","target_tagname":"menupopup","target_id":"proxyType_menuPopup"}
INST d6705ebd82fb3037 2016-03-28T23:28:24.700Z {"type":"mouseout","target_tagname":"menuitem","target_id":"","value":"SOCKS5"}
INST d6705ebd82fb3037 2016-03-28T23:28:26.100Z {"type":"select","target_tagname":"textbox","target_id":"proxyAddr"}
INST d6705ebd82fb3037 2016-03-28T23:28:26.200Z {"type":"click","target_tagname":"textbox","target_id":"proxyAddr","detail":1}
INST d6705ebd82fb3037 2016-03-28T23:30:37.500Z {"type":"click","target_tagname":"wizard","target_id":"TorNetworkSettings","detail":1}
INST d6705ebd82fb3037 2016-03-28T23:30:37.500Z {"type":"pagehide","target_tagname":"wizardpage","target_id":"proxyYES"}
INST d6705ebd82fb3037 2016-03-28T23:30:37.500Z {"type":"pagerewound","target_tagname":"wizardpage","target_id":"proxyYES"}
INST d6705ebd82fb3037 2016-03-28T23:30:37.500Z {"type":"wizardback","target_tagname":"wizard","target_id":"TorNetworkSettings"}
INST d6705ebd82fb3037 2016-03-28T23:30:37.500Z {"type":"pageshow","target_tagname":"wizardpage","target_id":"proxy"}
INST d6705ebd82fb3037 2016-03-28T23:30:37.500Z {"type":"command","target_tagname":"wizard","target_id":"TorNetworkSettings"}
INST d6705ebd82fb3037 2016-03-28T23:30:39.100Z {"type":"click","target_tagname":"radio","target_id":"proxyRadioNo","detail":1}
INST d6705ebd82fb3037 2016-03-28T23:30:39.100Z {"type":"command","target_tagname":"radio","target_id":"proxyRadioNo"}
INST d6705ebd82fb3037 2016-03-28T23:30:40.000Z {"type":"click","target_tagname":"wizard","target_id":"TorNetworkSettings","detail":1}
INST d6705ebd82fb3037 2016-03-28T23:30:40.000Z {"type":"pagehide","target_tagname":"wizardpage","target_id":"proxy"}
INST d6705ebd82fb3037 2016-03-28T23:30:40.000Z {"type":"pageadvanced","target_tagname":"wizardpage","target_id":"proxy"}
INST d6705ebd82fb3037 2016-03-28T23:30:40.000Z {"type":"wizardfinish","target_tagname":"wizard","target_id":"TorNetworkSettings"}
INST d6705ebd82fb3037 2016-03-28T23:30:40.100Z {"type":"load","target_id":"progress_bar"}
INST d6705ebd82fb3037 2016-03-28T23:30:47.100Z {"type":"progresschanged","target_tagname":"progressmeter","target_id":"progressMeter","value":"5"}
INST d6705ebd82fb3037 2016-03-28T23:30:47.100Z {"type":"progresschanged","target_tagname":"progressmeter","target_id":"progressMeter","value":"10"}
INST d6705ebd82fb3037 2016-03-28T23:32:10.900Z {"type":"click","target_tagname":"dialog","target_id":"TorProgress","detail":1}
INST d6705ebd82fb3037 2016-03-28T23:32:10.900Z {"type":"dialogcancel","target_tagname":"dialog","target_id":"TorProgress"}
INST d6705ebd82fb3037 2016-03-28T23:32:10.900Z {"type":"command","target_tagname":"dialog","target_id":"TorProgress"}
INST d6705ebd82fb3037 2016-03-28T23:32:10.900Z {"type":"command","target_tagname":"wizard","target_id":"TorNetworkSettings"}
INST d6705ebd82fb3037 2016-03-28T23:32:16.000Z {"type":"wizardcancel","target_tagname":"wizard","target_id":"TorNetworkSettings"}
INST d6705ebd82fb3037 2016-03-28T23:32:16.000Z {"type":"unload","target_id":"configuration"}
INST 6aa041b190397f92 2016-03-28T23:33:21.300Z {"type":"start"}
INST 6aa041b190397f92 2016-03-28T23:33:22.000Z {"type":"select","target_tagname":"menulist","target_id":"proxyType","value":""}
INST 6aa041b190397f92 2016-03-28T23:33:22.000Z {"type":"wizardnext","target_tagname":"wizard","target_id":"TorNetworkSettings"}
INST 6aa041b190397f92 2016-03-28T23:33:22.000Z {"type":"pageshow","target_tagname":"wizardpage","target_id":"first"}
INST 6aa041b190397f92 2016-03-28T23:33:22.100Z {"type":"load","target_id":"configuration"}
INST 6aa041b190397f92 2016-03-28T23:33:22.100Z {"type":"select","target_tagname":"menulist","target_id":"defaultBridgeType","value":"obfs3"}
INST 6aa041b190397f92 2016-03-28T23:33:35.300Z {"type":"click","target_tagname":"button","target_id":"configure_button","detail":1}
INST 6aa041b190397f92 2016-03-28T23:33:35.300Z {"type":"pagehide","target_tagname":"wizardpage","target_id":"first"}
INST 6aa041b190397f92 2016-03-28T23:33:35.300Z {"type":"pageadvanced","target_tagname":"wizardpage","target_id":"first"}
INST 6aa041b190397f92 2016-03-28T23:33:35.300Z {"type":"wizardnext","target_tagname":"wizard","target_id":"TorNetworkSettings"}
INST 6aa041b190397f92 2016-03-28T23:33:35.300Z {"type":"pageshow","target_tagname":"wizardpage","target_id":"bridges"}
INST 6aa041b190397f92 2016-03-28T23:33:35.300Z {"type":"command","target_tagname":"button","target_id":"configure_button"}
INST 6aa041b190397f92 2016-03-28T23:33:41.100Z {"type":"click","target_tagname":"wizard","target_id":"TorNetworkSettings","detail":1}
INST 6aa041b190397f92 2016-03-28T23:33:41.100Z {"type":"pagehide","target_tagname":"wizardpage","target_id":"bridges"}
INST 6aa041b190397f92 2016-03-28T23:33:41.100Z {"type":"pageadvanced","target_tagname":"wizardpage","target_id":"bridges"}
INST 6aa041b190397f92 2016-03-28T23:33:41.100Z {"type":"wizardnext","target_tagname":"wizard","target_id":"TorNetworkSettings"}
INST 6aa041b190397f92 2016-03-28T23:33:41.200Z {"type":"pageshow","target_tagname":"wizardpage","target_id":"bridgeSettings"}
INST 6aa041b190397f92 2016-03-28T23:33:41.200Z {"type":"command","target_tagname":"wizard","target_id":"TorNetworkSettings"}
INST 6aa041b190397f92 2016-03-28T23:33:45.500Z {"type":"popupshown","target_tagname":"menupopup","target_id":"defaultBridgeType_menuPopup"}
INST 6aa041b190397f92 2016-03-28T23:33:45.600Z {"type":"click","target_tagname":"menulist","target_id":"defaultBridgeType","value":"obfs3","detail":1}
INST 6aa041b190397f92 2016-03-28T23:33:45.900Z {"type":"mouseover","target_tagname":"menuitem","target_id":"","value":"flashproxy"}
INST 6aa041b190397f92 2016-03-28T23:33:46.000Z {"type":"mouseout","target_tagname":"menuitem","target_id":"","value":"flashproxy"}
INST 6aa041b190397f92 2016-03-28T23:33:46.000Z {"type":"mouseover","target_tagname":"menuitem","target_id":"","value":"fte"}
INST 6aa041b190397f92 2016-03-28T23:33:46.000Z {"type":"mouseout","target_tagname":"menuitem","target_id":"","value":"fte"}
INST 6aa041b190397f92 2016-03-28T23:33:46.000Z {"type":"mouseover","target_tagname":"menuitem","target_id":"","value":"fte-ipv6"}
INST 6aa041b190397f92 2016-03-28T23:33:46.100Z {"type":"mouseout","target_tagname":"menuitem","target_id":"","value":"fte-ipv6"}
INST 6aa041b190397f92 2016-03-28T23:33:46.100Z {"type":"mouseover","target_tagname":"menuitem","target_id":"","value":"meek-amazon"}
INST 6aa041b190397f92 2016-03-28T23:33:46.100Z {"type":"mouseout","target_tagname":"menuitem","target_id":"","value":"meek-amazon"}
INST 6aa041b190397f92 2016-03-28T23:33:46.100Z {"type":"mouseover","target_tagname":"menuitem","target_id":"","value":"meek-azure"}
INST 6aa041b190397f92 2016-03-28T23:33:46.300Z {"type":"mouseout","target_tagname":"menuitem","target_id":"","value":"meek-azure"}
INST 6aa041b190397f92 2016-03-28T23:33:46.300Z {"type":"mouseover","target_tagname":"menuitem","target_id":"","value":"meek-google"}
INST 6aa041b190397f92 2016-03-28T23:33:46.500Z {"type":"mouseout","target_tagname":"menuitem","target_id":"","value":"meek-google"}
INST 6aa041b190397f92 2016-03-28T23:33:46.500Z {"type":"mouseover","target_tagname":"menuitem","target_id":"","value":"obfs3"}
INST 6aa041b190397f92 2016-03-28T23:33:47.200Z {"type":"click","target_tagname":"menuitem","target_id":"","value":"obfs3","detail":1}
INST 6aa041b190397f92 2016-03-28T23:33:47.200Z {"type":"command","target_tagname":"menuitem","target_id":"","value":"obfs3"}
INST 6aa041b190397f92 2016-03-28T23:33:47.200Z {"type":"popuphidden","target_tagname":"menupopup","target_id":"defaultBridgeType_menuPopup"}
INST 6aa041b190397f92 2016-03-28T23:33:47.200Z {"type":"mouseout","target_tagname":"menuitem","target_id":"","value":"obfs3"}
INST 6aa041b190397f92 2016-03-28T23:33:48.100Z {"type":"click","target_tagname":"radio","target_id":"bridgeRadioCustom","detail":1}
INST 6aa041b190397f92 2016-03-28T23:33:48.100Z {"type":"command","target_tagname":"radio","target_id":"bridgeRadioCustom"}
INST 6aa041b190397f92 2016-03-28T23:33:49.800Z {"type":"click","target_tagname":"radio","target_id":"bridgeRadioDefault","detail":1}
INST 6aa041b190397f92 2016-03-28T23:33:49.800Z {"type":"command","target_tagname":"radio","target_id":"bridgeRadioDefault"}
INST 6aa041b190397f92 2016-03-28T23:33:51.800Z {"type":"click","target_tagname":"wizard","target_id":"TorNetworkSettings","detail":1}
INST 6aa041b190397f92 2016-03-28T23:33:51.800Z {"type":"pagehide","target_tagname":"wizardpage","target_id":"bridgeSettings"}
INST 6aa041b190397f92 2016-03-28T23:33:51.800Z {"type":"pageadvanced","target_tagname":"wizardpage","target_id":"bridgeSettings"}
INST 6aa041b190397f92 2016-03-28T23:33:51.800Z {"type":"wizardnext","target_tagname":"wizard","target_id":"TorNetworkSettings"}
INST 6aa041b190397f92 2016-03-28T23:33:51.800Z {"type":"pageshow","target_tagname":"wizardpage","target_id":"proxy"}
INST 6aa041b190397f92 2016-03-28T23:33:51.800Z {"type":"command","target_tagname":"wizard","target_id":"TorNetworkSettings"}
INST 6aa041b190397f92 2016-03-28T23:33:56.400Z {"type":"click","target_tagname":"radio","target_id":"proxyRadioYes","detail":1}
INST 6aa041b190397f92 2016-03-28T23:33:56.400Z {"type":"command","target_tagname":"radio","target_id":"proxyRadioYes"}
INST 6aa041b190397f92 2016-03-28T23:33:57.500Z {"type":"click","target_tagname":"wizard","target_id":"TorNetworkSettings","detail":1}
INST 6aa041b190397f92 2016-03-28T23:33:57.500Z {"type":"pagehide","target_tagname":"wizardpage","target_id":"proxy"}
INST 6aa041b190397f92 2016-03-28T23:33:57.500Z {"type":"pageadvanced","target_tagname":"wizardpage","target_id":"proxy"}
INST 6aa041b190397f92 2016-03-28T23:33:57.500Z {"type":"wizardnext","target_tagname":"wizard","target_id":"TorNetworkSettings"}
INST 6aa041b190397f92 2016-03-28T23:33:57.500Z {"type":"pageshow","target_tagname":"wizardpage","target_id":"proxyYES"}
INST 6aa041b190397f92 2016-03-28T23:33:57.500Z {"type":"command","target_tagname":"wizard","target_id":"TorNetworkSettings"}
INST 6aa041b190397f92 2016-03-28T23:33:59.100Z {"type":"click","target_tagname":"hbox","target_id":"","detail":1}
INST 6aa041b190397f92 2016-03-28T23:33:59.400Z {"type":"popupshown","target_tagname":"menupopup","target_id":"proxyType_menuPopup"}
INST 6aa041b190397f92 2016-03-28T23:33:59.400Z {"type":"click","target_tagname":"menulist","target_id":"proxyType","value":"","detail":1}
INST 6aa041b190397f92 2016-03-28T23:34:00.000Z {"type":"mouseover","target_tagname":"menuitem","target_id":"","value":""}
INST 6aa041b190397f92 2016-03-28T23:34:00.100Z {"type":"mouseout","target_tagname":"menuitem","target_id":"","value":""}
INST 6aa041b190397f92 2016-03-28T23:34:00.100Z {"type":"mouseover","target_tagname":"menuitem","target_id":"","value":"SOCKS4"}
INST 6aa041b190397f92 2016-03-28T23:34:00.100Z {"type":"mouseout","target_tagname":"menuitem","target_id":"","value":"SOCKS4"}
INST 6aa041b190397f92 2016-03-28T23:34:00.100Z {"type":"mouseover","target_tagname":"menuitem","target_id":"","value":"SOCKS5"}
INST 6aa041b190397f92 2016-03-28T23:34:00.500Z {"type":"click","target_tagname":"menuitem","target_id":"","value":"SOCKS5","detail":1}
INST 6aa041b190397f92 2016-03-28T23:34:00.500Z {"type":"select","target_tagname":"menulist","target_id":"proxyType","value":"SOCKS5"}
INST 6aa041b190397f92 2016-03-28T23:34:00.500Z {"type":"command","target_tagname":"menuitem","target_id":"","value":"SOCKS5"}
INST 6aa041b190397f92 2016-03-28T23:34:00.500Z {"type":"popuphidden","target_tagname":"menupopup","target_id":"proxyType_menuPopup"}
INST 6aa041b190397f92 2016-03-28T23:34:00.500Z {"type":"mouseout","target_tagname":"menuitem","target_id":"","value":"SOCKS5"}
INST 6aa041b190397f92 2016-03-28T23:34:01.100Z {"type":"select","target_tagname":"textbox","target_id":"proxyAddr"}
INST 6aa041b190397f92 2016-03-28T23:34:01.200Z {"type":"click","target_tagname":"textbox","target_id":"proxyAddr","detail":1}
INST 6aa041b190397f92 2016-03-28T23:34:04.400Z {"type":"click","target_tagname":"textbox","target_id":"proxyAddr","detail":1}
INST 6aa041b190397f92 2016-03-28T23:34:19.900Z {"type":"select","target_tagname":"textbox","target_id":"proxyPort"}
INST 6aa041b190397f92 2016-03-28T23:34:20.000Z {"type":"click","target_tagname":"textbox","target_id":"proxyPort","detail":1}
INST 6aa041b190397f92 2016-03-28T23:34:22.300Z {"type":"change","target_tagname":"textbox","target_id":"proxyPort","value":"0"}
INST 6aa041b190397f92 2016-03-28T23:36:47.400Z {"type":"select","target_tagname":"textbox","target_id":"proxyAddr"}
INST 6aa041b190397f92 2016-03-28T23:36:47.400Z {"type":"click","target_tagname":"textbox","target_id":"proxyAddr","detail":1}
INST 6aa041b190397f92 2016-03-28T23:37:10.500Z {"type":"click","target_tagname":"textbox","target_id":"proxyAddr","detail":1}
INST 6aa041b190397f92 2016-03-28T23:37:17.200Z {"type":"change","target_tagname":"textbox","target_id":"proxyAddr","value":"localhost"}
INST 6aa041b190397f92 2016-03-28T23:37:42.800Z {"type":"click","target_tagname":"wizard","target_id":"TorNetworkSettings","detail":1}
INST 6aa041b190397f92 2016-03-28T23:37:42.800Z {"type":"pagehide","target_tagname":"wizardpage","target_id":"proxyYES"}
INST 6aa041b190397f92 2016-03-28T23:37:42.800Z {"type":"pageadvanced","target_tagname":"wizardpage","target_id":"proxyYES"}
INST 6aa041b190397f92 2016-03-28T23:37:42.800Z {"type":"wizardfinish","target_tagname":"wizard","target_id":"TorNetworkSettings"}
INST 6aa041b190397f92 2016-03-28T23:37:42.900Z {"type":"alert_show","target_id":"failed_to_save_settings","value":"Unable to save Tor settings.\n\nUnacceptable option value: Socks5Proxy failed to parse or resolve. Please fix."}
INST 6aa041b190397f92 2016-03-28T23:37:46.600Z {"type":"alert_exit","target_id":"failed_to_save_settings","value":"Unable to save Tor settings.\n\nUnacceptable option value: Socks5Proxy failed to parse or resolve. Please fix."}
INST 6aa041b190397f92 2016-03-28T23:37:46.600Z {"type":"command","target_tagname":"wizard","target_id":"TorNetworkSettings"}
INST 6aa041b190397f92 2016-03-28T23:37:48.500Z {"type":"click","target_tagname":"wizard","target_id":"TorNetworkSettings","detail":1}
INST 6aa041b190397f92 2016-03-28T23:37:48.500Z {"type":"pagehide","target_tagname":"wizardpage","target_id":"proxyYES"}
INST 6aa041b190397f92 2016-03-28T23:37:48.500Z {"type":"pagerewound","target_tagname":"wizardpage","target_id":"proxyYES"}
INST 6aa041b190397f92 2016-03-28T23:37:48.500Z {"type":"wizardback","target_tagname":"wizard","target_id":"TorNetworkSettings"}
INST 6aa041b190397f92 2016-03-28T23:37:48.500Z {"type":"pageshow","target_tagname":"wizardpage","target_id":"proxy"}
INST 6aa041b190397f92 2016-03-28T23:37:48.500Z {"type":"command","target_tagname":"wizard","target_id":"TorNetworkSettings"}
INST 6aa041b190397f92 2016-03-28T23:37:50.700Z {"type":"click","target_tagname":"radio","target_id":"proxyRadioNo","detail":1}
INST 6aa041b190397f92 2016-03-28T23:37:50.700Z {"type":"command","target_tagname":"radio","target_id":"proxyRadioNo"}
INST 6aa041b190397f92 2016-03-28T23:37:53.200Z {"type":"click","target_tagname":"wizard","target_id":"TorNetworkSettings","detail":1}
INST 6aa041b190397f92 2016-03-28T23:37:53.200Z {"type":"pagehide","target_tagname":"wizardpage","target_id":"proxy"}
INST 6aa041b190397f92 2016-03-28T23:37:53.200Z {"type":"pageadvanced","target_tagname":"wizardpage","target_id":"proxy"}
INST 6aa041b190397f92 2016-03-28T23:37:53.200Z {"type":"wizardfinish","target_tagname":"wizard","target_id":"TorNetworkSettings"}
INST 6aa041b190397f92 2016-03-28T23:37:53.300Z {"type":"load","target_id":"progress_bar"}
INST 6aa041b190397f92 2016-03-28T23:37:59.900Z {"type":"progresschanged","target_tagname":"progressmeter","target_id":"progressMeter","value":"5"}
INST 6aa041b190397f92 2016-03-28T23:37:59.900Z {"type":"progresschanged","target_tagname":"progressmeter","target_id":"progressMeter","value":"10"}
INST 6aa041b190397f92 2016-03-28T23:41:15.600Z {"type":"click","target_tagname":"dialog","target_id":"TorProgress","detail":1}
INST 6aa041b190397f92 2016-03-28T23:41:15.600Z {"type":"dialogcancel","target_tagname":"dialog","target_id":"TorProgress"}
INST 6aa041b190397f92 2016-03-28T23:41:15.600Z {"type":"command","target_tagname":"dialog","target_id":"TorProgress"}
INST 6aa041b190397f92 2016-03-28T23:41:15.600Z {"type":"command","target_tagname":"wizard","target_id":"TorNetworkSettings"}
INST 6aa041b190397f92 2016-03-28T23:42:01.200Z {"type":"click","target_tagname":"wizard","target_id":"TorNetworkSettings","detail":1}
INST 6aa041b190397f92 2016-03-28T23:42:01.200Z {"type":"pagehide","target_tagname":"wizardpage","target_id":"proxy"}
INST 6aa041b190397f92 2016-03-28T23:42:01.200Z {"type":"pagerewound","target_tagname":"wizardpage","target_id":"proxy"}
INST 6aa041b190397f92 2016-03-28T23:42:01.200Z {"type":"wizardback","target_tagname":"wizard","target_id":"TorNetworkSettings"}
INST 6aa041b190397f92 2016-03-28T23:42:01.200Z {"type":"pageshow","target_tagname":"wizardpage","target_id":"bridgeSettings"}
INST 6aa041b190397f92 2016-03-28T23:42:01.200Z {"type":"command","target_tagname":"wizard","target_id":"TorNetworkSettings"}
INST 6aa041b190397f92 2016-03-28T23:42:02.000Z {"type":"click","target_tagname":"wizard","target_id":"TorNetworkSettings","detail":1}
INST 6aa041b190397f92 2016-03-28T23:42:02.000Z {"type":"pagehide","target_tagname":"wizardpage","target_id":"bridgeSettings"}
INST 6aa041b190397f92 2016-03-28T23:42:02.000Z {"type":"pagerewound","target_tagname":"wizardpage","target_id":"bridgeSettings"}
INST 6aa041b190397f92 2016-03-28T23:42:02.000Z {"type":"wizardback","target_tagname":"wizard","target_id":"TorNetworkSettings"}
INST 6aa041b190397f92 2016-03-28T23:42:02.000Z {"type":"pageshow","target_tagname":"wizardpage","target_id":"bridges"}
INST 6aa041b190397f92 2016-03-28T23:42:02.000Z {"type":"command","target_tagname":"wizard","target_id":"TorNetworkSettings"}
INST 6aa041b190397f92 2016-03-28T23:42:02.200Z {"type":"click","target_tagname":"wizard","target_id":"TorNetworkSettings","detail":2}
INST 6aa041b190397f92 2016-03-28T23:42:02.200Z {"type":"pagehide","target_tagname":"wizardpage","target_id":"bridges"}
INST 6aa041b190397f92 2016-03-28T23:42:02.200Z {"type":"pagerewound","target_tagname":"wizardpage","target_id":"bridges"}
INST 6aa041b190397f92 2016-03-28T23:42:02.200Z {"type":"wizardback","target_tagname":"wizard","target_id":"TorNetworkSettings"}
INST 6aa041b190397f92 2016-03-28T23:42:02.200Z {"type":"pageshow","target_tagname":"wizardpage","target_id":"first"}
INST 6aa041b190397f92 2016-03-28T23:42:02.200Z {"type":"command","target_tagname":"wizard","target_id":"TorNetworkSettings"}
INST 6aa041b190397f92 2016-03-28T23:42:02.500Z {"type":"click","target_tagname":"wizard","target_id":"TorNetworkSettings","detail":3}
INST 6aa041b190397f92 2016-03-28T23:42:10.800Z {"type":"click","target_tagname":"button","target_id":"connect_button","detail":1}
INST 6aa041b190397f92 2016-03-28T23:42:10.800Z {"type":"load","target_id":"progress_bar"}
INST 6aa041b190397f92 2016-03-28T23:42:51.900Z {"type":"click","target_tagname":"dialog","target_id":"TorProgress","detail":1}
INST 6aa041b190397f92 2016-03-28T23:42:51.900Z {"type":"dialogcancel","target_tagname":"dialog","target_id":"TorProgress"}
INST 6aa041b190397f92 2016-03-28T23:42:51.900Z {"type":"command","target_tagname":"dialog","target_id":"TorProgress"}
INST 6aa041b190397f92 2016-03-28T23:42:51.900Z {"type":"command","target_tagname":"button","target_id":"connect_button"}
INST 6aa041b190397f92 2016-03-28T23:42:53.000Z {"type":"click","target_tagname":"button","target_id":"configure_button","detail":1}
INST 6aa041b190397f92 2016-03-28T23:42:53.000Z {"type":"pagehide","target_tagname":"wizardpage","target_id":"first"}
INST 6aa041b190397f92 2016-03-28T23:42:53.000Z {"type":"pageadvanced","target_tagname":"wizardpage","target_id":"first"}
INST 6aa041b190397f92 2016-03-28T23:42:53.000Z {"type":"wizardnext","target_tagname":"wizard","target_id":"TorNetworkSettings"}
INST 6aa041b190397f92 2016-03-28T23:42:53.000Z {"type":"pageshow","target_tagname":"wizardpage","target_id":"bridges"}
INST 6aa041b190397f92 2016-03-28T23:42:53.000Z {"type":"command","target_tagname":"button","target_id":"configure_button"}
INST 6aa041b190397f92 2016-03-28T23:42:59.200Z {"type":"click","target_tagname":"radio","target_id":"bridgesRadioNo","detail":1}
INST 6aa041b190397f92 2016-03-28T23:42:59.200Z {"type":"command","target_tagname":"radio","target_id":"bridgesRadioNo"}
INST 6aa041b190397f92 2016-03-28T23:43:04.400Z {"type":"click","target_tagname":"radio","target_id":"bridgesRadioYes","detail":1}
INST 6aa041b190397f92 2016-03-28T23:43:04.400Z {"type":"command","target_tagname":"radio","target_id":"bridgesRadioYes"}
INST 6aa041b190397f92 2016-03-28T23:43:24.600Z {"type":"click","target_tagname":"radio","target_id":"bridgesRadioNo","detail":1}
INST 6aa041b190397f92 2016-03-28T23:43:24.600Z {"type":"command","target_tagname":"radio","target_id":"bridgesRadioNo"}
INST 6aa041b190397f92 2016-03-28T23:43:34.600Z {"type":"click","target_tagname":"wizard","target_id":"TorNetworkSettings","detail":1}
INST 6aa041b190397f92 2016-03-28T23:43:34.600Z {"type":"pagehide","target_tagname":"wizardpage","target_id":"bridges"}
INST 6aa041b190397f92 2016-03-28T23:43:34.600Z {"type":"pageadvanced","target_tagname":"wizardpage","target_id":"bridges"}
INST 6aa041b190397f92 2016-03-28T23:43:34.600Z {"type":"wizardnext","target_tagname":"wizard","target_id":"TorNetworkSettings"}
INST 6aa041b190397f92 2016-03-28T23:43:34.600Z {"type":"pageshow","target_tagname":"wizardpage","target_id":"proxy"}
INST 6aa041b190397f92 2016-03-28T23:43:34.600Z {"type":"command","target_tagname":"wizard","target_id":"TorNetworkSettings"}
INST 6aa041b190397f92 2016-03-28T23:43:37.900Z {"type":"click","target_tagname":"wizard","target_id":"TorNetworkSettings","detail":1}
INST 6aa041b190397f92 2016-03-28T23:43:37.900Z {"type":"pagehide","target_tagname":"wizardpage","target_id":"proxy"}
INST 6aa041b190397f92 2016-03-28T23:43:37.900Z {"type":"pageadvanced","target_tagname":"wizardpage","target_id":"proxy"}
INST 6aa041b190397f92 2016-03-28T23:43:37.900Z {"type":"wizardfinish","target_tagname":"wizard","target_id":"TorNetworkSettings"}
INST 6aa041b190397f92 2016-03-28T23:43:37.900Z {"type":"load","target_id":"progress_bar"}
INST 6aa041b190397f92 2016-03-28T23:43:38.800Z {"type":"progresschanged","target_tagname":"progressmeter","target_id":"progressMeter","value":"10"}
INST 6aa041b190397f92 2016-03-28T23:43:38.800Z {"type":"progresschanged","target_tagname":"progressmeter","target_id":"progressMeter","value":"10"}
INST 6aa041b190397f92 2016-03-28T23:44:39.800Z {"type":"progresschanged","target_tagname":"progressmeter","target_id":"progressMeter","value":"10"}
INST 6aa041b190397f92 2016-03-28T23:45:13.600Z {"type":"dialogcancel","target_tagname":"dialog","target_id":"TorProgress"}
INST 6aa041b190397f92 2016-03-28T23:45:13.600Z {"type":"command","target_tagname":"wizard","target_id":"TorNetworkSettings"}
INST 6aa041b190397f92 2016-03-28T23:45:16.200Z {"type":"click","target_tagname":"wizard","target_id":"TorNetworkSettings","detail":1}
INST 6aa041b190397f92 2016-03-28T23:45:16.200Z {"type":"pagehide","target_tagname":"wizardpage","target_id":"proxy"}
INST 6aa041b190397f92 2016-03-28T23:45:16.200Z {"type":"pagerewound","target_tagname":"wizardpage","target_id":"proxy"}
INST 6aa041b190397f92 2016-03-28T23:45:16.200Z {"type":"wizardback","target_tagname":"wizard","target_id":"TorNetworkSettings"}
INST 6aa041b190397f92 2016-03-28T23:45:16.200Z {"type":"pageshow","target_tagname":"wizardpage","target_id":"bridges"}
INST 6aa041b190397f92 2016-03-28T23:45:16.200Z {"type":"command","target_tagname":"wizard","target_id":"TorNetworkSettings"}
INST 6aa041b190397f92 2016-03-28T23:45:20.200Z {"type":"click","target_tagname":"wizard","target_id":"TorNetworkSettings","detail":1}
INST 6aa041b190397f92 2016-03-28T23:45:20.200Z {"type":"pagehide","target_tagname":"wizardpage","target_id":"bridges"}
INST 6aa041b190397f92 2016-03-28T23:45:20.200Z {"type":"pageadvanced","target_tagname":"wizardpage","target_id":"bridges"}
INST 6aa041b190397f92 2016-03-28T23:45:20.200Z {"type":"wizardnext","target_tagname":"wizard","target_id":"TorNetworkSettings"}
INST 6aa041b190397f92 2016-03-28T23:45:20.200Z {"type":"pageshow","target_tagname":"wizardpage","target_id":"proxy"}
INST 6aa041b190397f92 2016-03-28T23:45:20.200Z {"type":"command","target_tagname":"wizard","target_id":"TorNetworkSettings"}
INST 6aa041b190397f92 2016-03-28T23:45:21.300Z {"type":"click","target_tagname":"radio","target_id":"proxyRadioYes","detail":1}
INST 6aa041b190397f92 2016-03-28T23:45:21.300Z {"type":"command","target_tagname":"radio","target_id":"proxyRadioYes"}
INST 6aa041b190397f92 2016-03-28T23:45:23.200Z {"type":"click","target_tagname":"wizard","target_id":"TorNetworkSettings","detail":1}
INST 6aa041b190397f92 2016-03-28T23:45:23.200Z {"type":"pagehide","target_tagname":"wizardpage","target_id":"proxy"}
INST 6aa041b190397f92 2016-03-28T23:45:23.200Z {"type":"pageadvanced","target_tagname":"wizardpage","target_id":"proxy"}
INST 6aa041b190397f92 2016-03-28T23:45:23.200Z {"type":"wizardnext","target_tagname":"wizard","target_id":"TorNetworkSettings"}
INST 6aa041b190397f92 2016-03-28T23:45:23.200Z {"type":"pageshow","target_tagname":"wizardpage","target_id":"proxyYES"}
INST 6aa041b190397f92 2016-03-28T23:45:23.200Z {"type":"command","target_tagname":"wizard","target_id":"TorNetworkSettings"}
INST 6aa041b190397f92 2016-03-28T23:45:26.700Z {"type":"popupshown","target_tagname":"menupopup","target_id":"proxyType_menuPopup"}
INST 6aa041b190397f92 2016-03-28T23:45:26.800Z {"type":"click","target_tagname":"menulist","target_id":"proxyType","value":"SOCKS5","detail":1}
INST 6aa041b190397f92 2016-03-28T23:45:27.500Z {"type":"mouseover","target_tagname":"menuitem","target_id":"","value":""}
INST 6aa041b190397f92 2016-03-28T23:45:27.700Z {"type":"click","target_tagname":"menuitem","target_id":"","value":"","detail":1}
INST 6aa041b190397f92 2016-03-28T23:45:27.700Z {"type":"select","target_tagname":"menulist","target_id":"proxyType","value":""}
INST 6aa041b190397f92 2016-03-28T23:45:27.700Z {"type":"command","target_tagname":"menuitem","target_id":"","value":""}
INST 6aa041b190397f92 2016-03-28T23:45:27.700Z {"type":"popuphidden","target_tagname":"menupopup","target_id":"proxyType_menuPopup"}
INST 6aa041b190397f92 2016-03-28T23:45:27.700Z {"type":"mouseout","target_tagname":"menuitem","target_id":"","value":""}
INST 6aa041b190397f92 2016-03-28T23:45:28.600Z {"type":"select","target_tagname":"textbox","target_id":"proxyAddr"}
INST 6aa041b190397f92 2016-03-28T23:45:29.100Z {"type":"select","target_tagname":"textbox","target_id":"proxyAddr"}
INST 6aa041b190397f92 2016-03-28T23:45:29.100Z {"type":"click","target_tagname":"textbox","target_id":"proxyAddr","detail":1}
INST 6aa041b190397f92 2016-03-28T23:45:30.700Z {"type":"change","target_tagname":"textbox","target_id":"proxyAddr","value":""}
INST 6aa041b190397f92 2016-03-28T23:46:37.200Z {"type":"popupshown","target_tagname":"menupopup","target_id":"proxyType_menuPopup"}
INST 6aa041b190397f92 2016-03-28T23:46:37.300Z {"type":"click","target_tagname":"menulist","target_id":"proxyType","value":"","detail":1}
INST 6aa041b190397f92 2016-03-28T23:46:38.500Z {"type":"popuphidden","target_tagname":"menupopup","target_id":"proxyType_menuPopup"}
INST dfc088455a9420d2 2016-03-28T23:48:07.400Z {"type":"start"}
INST dfc088455a9420d2 2016-03-28T23:48:08.100Z {"type":"select","target_tagname":"menulist","target_id":"proxyType","value":""}
INST dfc088455a9420d2 2016-03-28T23:48:08.100Z {"type":"wizardnext","target_tagname":"wizard","target_id":"TorNetworkSettings"}
INST dfc088455a9420d2 2016-03-28T23:48:08.100Z {"type":"pageshow","target_tagname":"wizardpage","target_id":"first"}
INST dfc088455a9420d2 2016-03-28T23:48:08.100Z {"type":"load","target_id":"configuration"}
INST dfc088455a9420d2 2016-03-28T23:48:08.100Z {"type":"select","target_tagname":"menulist","target_id":"defaultBridgeType","value":"obfs3"}
INST dfc088455a9420d2 2016-03-28T23:48:13.600Z {"type":"click","target_tagname":"vbox","target_id":"","detail":1}
INST dfc088455a9420d2 2016-03-28T23:48:16.200Z {"type":"click","target_tagname":"button","target_id":"configure_button","detail":1}
INST dfc088455a9420d2 2016-03-28T23:48:16.200Z {"type":"pagehide","target_tagname":"wizardpage","target_id":"first"}
INST dfc088455a9420d2 2016-03-28T23:48:16.200Z {"type":"pageadvanced","target_tagname":"wizardpage","target_id":"first"}
INST dfc088455a9420d2 2016-03-28T23:48:16.200Z {"type":"wizardnext","target_tagname":"wizard","target_id":"TorNetworkSettings"}
INST dfc088455a9420d2 2016-03-28T23:48:16.200Z {"type":"pageshow","target_tagname":"wizardpage","target_id":"bridges"}
INST dfc088455a9420d2 2016-03-28T23:48:16.200Z {"type":"command","target_tagname":"button","target_id":"configure_button"}
INST dfc088455a9420d2 2016-03-28T23:48:24.600Z {"type":"click","target_tagname":"wizard","target_id":"TorNetworkSettings","detail":1}
INST dfc088455a9420d2 2016-03-28T23:48:24.600Z {"type":"pagehide","target_tagname":"wizardpage","target_id":"bridges"}
INST dfc088455a9420d2 2016-03-28T23:48:24.600Z {"type":"pageadvanced","target_tagname":"wizardpage","target_id":"bridges"}
INST dfc088455a9420d2 2016-03-28T23:48:24.600Z {"type":"wizardnext","target_tagname":"wizard","target_id":"TorNetworkSettings"}
INST dfc088455a9420d2 2016-03-28T23:48:24.600Z {"type":"pageshow","target_tagname":"wizardpage","target_id":"bridgeSettings"}
INST dfc088455a9420d2 2016-03-28T23:48:24.600Z {"type":"command","target_tagname":"wizard","target_id":"TorNetworkSettings"}
INST dfc088455a9420d2 2016-03-28T23:48:26.200Z {"type":"click","target_tagname":"wizard","target_id":"TorNetworkSettings","detail":1}
INST dfc088455a9420d2 2016-03-28T23:48:26.200Z {"type":"pagehide","target_tagname":"wizardpage","target_id":"bridgeSettings"}
INST dfc088455a9420d2 2016-03-28T23:48:26.200Z {"type":"pageadvanced","target_tagname":"wizardpage","target_id":"bridgeSettings"}
INST dfc088455a9420d2 2016-03-28T23:48:26.200Z {"type":"wizardnext","target_tagname":"wizard","target_id":"TorNetworkSettings"}
INST dfc088455a9420d2 2016-03-28T23:48:26.200Z {"type":"pageshow","target_tagname":"wizardpage","target_id":"proxy"}
INST dfc088455a9420d2 2016-03-28T23:48:26.200Z {"type":"command","target_tagname":"wizard","target_id":"TorNetworkSettings"}
INST dfc088455a9420d2 2016-03-28T23:48:31.600Z {"type":"click","target_tagname":"radio","target_id":"proxyRadioYes","detail":1}
INST dfc088455a9420d2 2016-03-28T23:48:31.600Z {"type":"command","target_tagname":"radio","target_id":"proxyRadioYes"}
INST dfc088455a9420d2 2016-03-28T23:48:33.000Z {"type":"click","target_tagname":"wizard","target_id":"TorNetworkSettings","detail":1}
INST dfc088455a9420d2 2016-03-28T23:48:33.000Z {"type":"pagehide","target_tagname":"wizardpage","target_id":"proxy"}
INST dfc088455a9420d2 2016-03-28T23:48:33.000Z {"type":"pageadvanced","target_tagname":"wizardpage","target_id":"proxy"}
INST dfc088455a9420d2 2016-03-28T23:48:33.000Z {"type":"wizardnext","target_tagname":"wizard","target_id":"TorNetworkSettings"}
INST dfc088455a9420d2 2016-03-28T23:48:33.000Z {"type":"pageshow","target_tagname":"wizardpage","target_id":"proxyYES"}
INST dfc088455a9420d2 2016-03-28T23:48:33.000Z {"type":"command","target_tagname":"wizard","target_id":"TorNetworkSettings"}
INST dfc088455a9420d2 2016-03-28T23:48:39.400Z {"type":"popupshown","target_tagname":"menupopup","target_id":"proxyType_menuPopup"}
INST dfc088455a9420d2 2016-03-28T23:48:39.400Z {"type":"click","target_tagname":"menulist","target_id":"proxyType","value":"","detail":1}
INST dfc088455a9420d2 2016-03-28T23:48:40.500Z {"type":"popuphidden","target_tagname":"menupopup","target_id":"proxyType_menuPopup"}
INST dfc088455a9420d2 2016-03-28T23:48:41.000Z {"type":"popupshown","target_tagname":"menupopup","target_id":"proxyType_menuPopup"}
INST dfc088455a9420d2 2016-03-28T23:48:41.000Z {"type":"click","target_tagname":"menulist","target_id":"proxyType","value":"","detail":2}
INST dfc088455a9420d2 2016-03-28T23:48:41.300Z {"type":"popuphidden","target_tagname":"menupopup","target_id":"proxyType_menuPopup"}
INST dfc088455a9420d2 2016-03-28T23:48:41.600Z {"type":"popupshown","target_tagname":"menupopup","target_id":"proxyType_menuPopup"}
INST dfc088455a9420d2 2016-03-28T23:48:41.700Z {"type":"click","target_tagname":"menulist","target_id":"proxyType","value":"","detail":2}
INST dfc088455a9420d2 2016-03-28T23:48:41.900Z {"type":"popuphidden","target_tagname":"menupopup","target_id":"proxyType_menuPopup"}
INST dfc088455a9420d2 2016-03-28T23:48:42.300Z {"type":"popupshown","target_tagname":"menupopup","target_id":"proxyType_menuPopup"}
INST dfc088455a9420d2 2016-03-28T23:48:42.400Z {"type":"click","target_tagname":"menulist","target_id":"proxyType","value":"","detail":2}
INST dfc088455a9420d2 2016-03-28T23:48:42.500Z {"type":"popuphidden","target_tagname":"menupopup","target_id":"proxyType_menuPopup"}
INST dfc088455a9420d2 2016-03-28T23:48:43.000Z {"type":"popupshown","target_tagname":"menupopup","target_id":"proxyType_menuPopup"}
INST dfc088455a9420d2 2016-03-28T23:48:43.000Z {"type":"click","target_tagname":"menulist","target_id":"proxyType","value":"","detail":2}
INST dfc088455a9420d2 2016-03-28T23:48:43.200Z {"type":"popuphidden","target_tagname":"menupopup","target_id":"proxyType_menuPopup"}
INST dfc088455a9420d2 2016-03-28T23:48:44.000Z {"type":"select","target_tagname":"textbox","target_id":"proxyAddr"}
INST dfc088455a9420d2 2016-03-28T23:48:44.100Z {"type":"click","target_tagname":"textbox","target_id":"proxyAddr","detail":1}
INST dfc088455a9420d2 2016-03-28T23:50:11.600Z {"type":"popupshown","target_tagname":"menupopup","target_id":"proxyType_menuPopup"}
INST dfc088455a9420d2 2016-03-28T23:50:11.600Z {"type":"click","target_tagname":"menulist","target_id":"proxyType","value":"","detail":1}
INST dfc088455a9420d2 2016-03-28T23:50:12.500Z {"type":"popuphidden","target_tagname":"menupopup","target_id":"proxyType_menuPopup"}
INST dfc088455a9420d2 2016-03-28T23:50:13.000Z {"type":"popupshown","target_tagname":"menupopup","target_id":"proxyType_menuPopup"}
INST dfc088455a9420d2 2016-03-28T23:50:13.000Z {"type":"click","target_tagname":"menulist","target_id":"proxyType","value":"","detail":1}
INST dfc088455a9420d2 2016-03-28T23:50:13.500Z {"type":"popuphidden","target_tagname":"menupopup","target_id":"proxyType_menuPopup"}
INST dfc088455a9420d2 2016-03-28T23:50:13.900Z {"type":"popupshown","target_tagname":"menupopup","target_id":"proxyType_menuPopup"}
INST dfc088455a9420d2 2016-03-28T23:50:14.000Z {"type":"click","target_tagname":"menulist","target_id":"proxyType","value":"","detail":2}
INST dfc088455a9420d2 2016-03-28T23:50:14.100Z {"type":"popuphidden","target_tagname":"menupopup","target_id":"proxyType_menuPopup"}
INST dfc088455a9420d2 2016-03-28T23:50:14.400Z {"type":"popupshown","target_tagname":"menupopup","target_id":"proxyType_menuPopup"}
INST dfc088455a9420d2 2016-03-28T23:50:14.500Z {"type":"click","target_tagname":"menulist","target_id":"proxyType","value":"","detail":2}
INST dfc088455a9420d2 2016-03-28T23:50:14.700Z {"type":"popuphidden","target_tagname":"menupopup","target_id":"proxyType_menuPopup"}
INST dfc088455a9420d2 2016-03-28T23:50:14.800Z {"type":"popupshown","target_tagname":"menupopup","target_id":"proxyType_menuPopup"}
INST dfc088455a9420d2 2016-03-28T23:50:15.100Z {"type":"click","target_tagname":"menulist","target_id":"proxyType","value":"","detail":2}
INST dfc088455a9420d2 2016-03-28T23:50:15.500Z {"type":"popuphidden","target_tagname":"menupopup","target_id":"proxyType_menuPopup"}
INST dfc088455a9420d2 2016-03-28T23:50:16.700Z {"type":"select","target_tagname":"textbox","target_id":"proxyAddr"}
INST dfc088455a9420d2 2016-03-28T23:50:16.800Z {"type":"click","target_tagname":"textbox","target_id":"proxyAddr","detail":1}
INST dfc088455a9420d2 2016-03-28T23:50:18.900Z {"type":"popupshown","target_tagname":"menupopup","target_id":"proxyType_menuPopup"}
INST dfc088455a9420d2 2016-03-28T23:50:19.000Z {"type":"click","target_tagname":"menulist","target_id":"proxyType","value":"","detail":1}
INST dfc088455a9420d2 2016-03-28T23:50:19.100Z {"type":"popuphidden","target_tagname":"menupopup","target_id":"proxyType_menuPopup"}
INST dfc088455a9420d2 2016-03-28T23:50:19.200Z {"type":"click","target_tagname":"menulist","target_id":"proxyType","value":"","detail":2}
INST dfc088455a9420d2 2016-03-28T23:50:19.400Z {"type":"popupshown","target_tagname":"menupopup","target_id":"proxyType_menuPopup"}
INST dfc088455a9420d2 2016-03-28T23:50:19.500Z {"type":"click","target_tagname":"menulist","target_id":"proxyType","value":"","detail":3}
INST dfc088455a9420d2 2016-03-28T23:50:19.900Z {"type":"popuphidden","target_tagname":"menupopup","target_id":"proxyType_menuPopup"}
INST dfc088455a9420d2 2016-03-28T23:50:20.500Z {"type":"click","target_tagname":"wizardpage","target_id":"proxyYES","detail":1}
INST dfc088455a9420d2 2016-03-28T23:50:21.200Z {"type":"click","target_tagname":"wizardpage","target_id":"proxyYES","detail":1}
INST dfc088455a9420d2 2016-03-28T23:51:06.900Z {"type":"popupshown","target_tagname":"menupopup","target_id":"proxyType_menuPopup"}
INST dfc088455a9420d2 2016-03-28T23:51:07.000Z {"type":"click","target_tagname":"menulist","target_id":"proxyType","value":"","detail":1}
INST dfc088455a9420d2 2016-03-28T23:51:07.200Z {"type":"mouseover","target_tagname":"menuitem","target_id":"","value":""}
INST dfc088455a9420d2 2016-03-28T23:51:07.400Z {"type":"mouseout","target_tagname":"menuitem","target_id":"","value":""}
INST dfc088455a9420d2 2016-03-28T23:51:07.400Z {"type":"mouseover","target_tagname":"menuitem","target_id":"","value":"SOCKS4"}
INST dfc088455a9420d2 2016-03-28T23:51:07.700Z {"type":"mouseout","target_tagname":"menuitem","target_id":"","value":"SOCKS4"}
INST dfc088455a9420d2 2016-03-28T23:51:07.700Z {"type":"mouseover","target_tagname":"menuitem","target_id":"","value":"SOCKS5"}
INST dfc088455a9420d2 2016-03-28T23:51:07.900Z {"type":"click","target_tagname":"menuitem","target_id":"","value":"SOCKS5","detail":1}
INST dfc088455a9420d2 2016-03-28T23:51:07.900Z {"type":"select","target_tagname":"menulist","target_id":"proxyType","value":"SOCKS5"}
INST dfc088455a9420d2 2016-03-28T23:51:07.900Z {"type":"command","target_tagname":"menuitem","target_id":"","value":"SOCKS5"}
INST dfc088455a9420d2 2016-03-28T23:51:07.900Z {"type":"popuphidden","target_tagname":"menupopup","target_id":"proxyType_menuPopup"}
INST dfc088455a9420d2 2016-03-28T23:51:07.900Z {"type":"mouseout","target_tagname":"menuitem","target_id":"","value":"SOCKS5"}
INST dfc088455a9420d2 2016-03-28T23:51:14.100Z {"type":"select","target_tagname":"textbox","target_id":"proxyAddr"}
INST dfc088455a9420d2 2016-03-28T23:51:14.200Z {"type":"click","target_tagname":"textbox","target_id":"proxyAddr","detail":1}
INST dfc088455a9420d2 2016-03-28T23:51:16.000Z {"type":"change","target_tagname":"textbox","target_id":"proxyAddr","value":"71.40.204.244"}
INST dfc088455a9420d2 2016-03-28T23:51:19.700Z {"type":"select","target_tagname":"textbox","target_id":"proxyPort"}
INST dfc088455a9420d2 2016-03-28T23:51:19.800Z {"type":"click","target_tagname":"textbox","target_id":"proxyPort","detail":1}
INST dfc088455a9420d2 2016-03-28T23:51:21.000Z {"type":"change","target_tagname":"textbox","target_id":"proxyPort","value":"43032"}
INST dfc088455a9420d2 2016-03-28T23:51:21.000Z {"type":"click","target_tagname":"wizard","target_id":"TorNetworkSettings","detail":1}
INST dfc088455a9420d2 2016-03-28T23:51:21.000Z {"type":"pagehide","target_tagname":"wizardpage","target_id":"proxyYES"}
INST dfc088455a9420d2 2016-03-28T23:51:21.000Z {"type":"pageadvanced","target_tagname":"wizardpage","target_id":"proxyYES"}
INST dfc088455a9420d2 2016-03-28T23:51:21.000Z {"type":"wizardfinish","target_tagname":"wizard","target_id":"TorNetworkSettings"}
INST dfc088455a9420d2 2016-03-28T23:51:21.100Z {"type":"load","target_id":"progress_bar"}
INST dfc088455a9420d2 2016-03-28T23:51:28.900Z {"type":"progresschanged","target_tagname":"progressmeter","target_id":"progressMeter","value":"5"}
INST dfc088455a9420d2 2016-03-28T23:51:28.900Z {"type":"progresschanged","target_tagname":"progressmeter","target_id":"progressMeter","value":"10"}
INST dfc088455a9420d2 2016-03-28T23:51:39.200Z {"type":"click","target_tagname":"dialog","target_id":"TorProgress","detail":1}
INST dfc088455a9420d2 2016-03-28T23:51:39.200Z {"type":"dialogcancel","target_tagname":"dialog","target_id":"TorProgress"}
INST dfc088455a9420d2 2016-03-28T23:51:39.200Z {"type":"command","target_tagname":"dialog","target_id":"TorProgress"}
INST dfc088455a9420d2 2016-03-28T23:51:39.200Z {"type":"command","target_tagname":"wizard","target_id":"TorNetworkSettings"}
INST dfc088455a9420d2 2016-03-28T23:52:01.000Z {"type":"select","target_tagname":"textbox","target_id":"proxyAddr"}
INST dfc088455a9420d2 2016-03-28T23:52:01.500Z {"type":"select","target_tagname":"textbox","target_id":"proxyAddr"}
INST dfc088455a9420d2 2016-03-28T23:52:01.500Z {"type":"click","target_tagname":"textbox","target_id":"proxyAddr","detail":1}
INST dfc088455a9420d2 2016-03-28T23:52:15.400Z {"type":"click","target_tagname":"wizard","target_id":"TorNetworkSettings","detail":1}
INST dfc088455a9420d2 2016-03-28T23:52:15.400Z {"type":"pagehide","target_tagname":"wizardpage","target_id":"proxyYES"}
INST dfc088455a9420d2 2016-03-28T23:52:15.400Z {"type":"pageadvanced","target_tagname":"wizardpage","target_id":"proxyYES"}
INST dfc088455a9420d2 2016-03-28T23:52:15.400Z {"type":"wizardfinish","target_tagname":"wizard","target_id":"TorNetworkSettings"}
INST dfc088455a9420d2 2016-03-28T23:52:15.500Z {"type":"load","target_id":"progress_bar"}
INST dfc088455a9420d2 2016-03-28T23:53:08.400Z {"type":"click","target_tagname":"dialog","target_id":"TorProgress","detail":1}
INST dfc088455a9420d2 2016-03-28T23:53:08.400Z {"type":"dialogcancel","target_tagname":"dialog","target_id":"TorProgress"}
INST dfc088455a9420d2 2016-03-28T23:53:08.500Z {"type":"command","target_tagname":"dialog","target_id":"TorProgress"}
INST dfc088455a9420d2 2016-03-28T23:53:08.500Z {"type":"command","target_tagname":"wizard","target_id":"TorNetworkSettings"}
INST dfc088455a9420d2 2016-03-28T23:53:09.300Z {"type":"select","target_tagname":"textbox","target_id":"proxyAddr"}
INST dfc088455a9420d2 2016-03-28T23:53:09.800Z {"type":"select","target_tagname":"textbox","target_id":"proxyAddr"}
INST dfc088455a9420d2 2016-03-28T23:53:09.800Z {"type":"click","target_tagname":"textbox","target_id":"proxyAddr","detail":1}
INST dfc088455a9420d2 2016-03-28T23:53:19.800Z {"type":"change","target_tagname":"textbox","target_id":"proxyAddr","value":"I don't know how computers work"}
INST dfc088455a9420d2 2016-03-28T23:53:19.800Z {"type":"click","target_tagname":"wizard","target_id":"TorNetworkSettings","detail":1}
INST dfc088455a9420d2 2016-03-28T23:53:19.800Z {"type":"wizardcancel","target_tagname":"wizard","target_id":"TorNetworkSettings"}
INST dfc088455a9420d2 2016-03-28T23:53:19.800Z {"type":"command","target_tagname":"wizard","target_id":"TorNetworkSettings"}
INST dfc088455a9420d2 2016-03-28T23:53:19.900Z {"type":"unload","target_id":"configuration"}
INST 3f2a297e31eeefa8 2016-03-28T23:53:23.500Z {"type":"start"}
INST 3f2a297e31eeefa8 2016-03-28T23:53:24.200Z {"type":"select","target_tagname":"menulist","target_id":"proxyType","value":""}
INST 3f2a297e31eeefa8 2016-03-28T23:53:24.200Z {"type":"wizardnext","target_tagname":"wizard","target_id":"TorNetworkSettings"}
INST 3f2a297e31eeefa8 2016-03-28T23:53:24.200Z {"type":"pageshow","target_tagname":"wizardpage","target_id":"first"}
INST 3f2a297e31eeefa8 2016-03-28T23:53:24.200Z {"type":"load","target_id":"configuration"}
INST 3f2a297e31eeefa8 2016-03-28T23:53:24.200Z {"type":"select","target_tagname":"menulist","target_id":"defaultBridgeType","value":"obfs3"}
INST 3f2a297e31eeefa8 2016-03-28T23:53:24.200Z {"type":"select","target_tagname":"menulist","target_id":"proxyType","value":"SOCKS5"}
INST 3f2a297e31eeefa8 2016-03-28T23:53:29.300Z {"type":"click","target_tagname":"button","target_id":"configure_button","detail":1}
INST 3f2a297e31eeefa8 2016-03-28T23:53:29.300Z {"type":"pagehide","target_tagname":"wizardpage","target_id":"first"}
INST 3f2a297e31eeefa8 2016-03-28T23:53:29.300Z {"type":"pageadvanced","target_tagname":"wizardpage","target_id":"first"}
INST 3f2a297e31eeefa8 2016-03-28T23:53:29.300Z {"type":"wizardnext","target_tagname":"wizard","target_id":"TorNetworkSettings"}
INST 3f2a297e31eeefa8 2016-03-28T23:53:29.300Z {"type":"pageshow","target_tagname":"wizardpage","target_id":"bridges"}
INST 3f2a297e31eeefa8 2016-03-28T23:53:29.300Z {"type":"command","target_tagname":"button","target_id":"configure_button"}
INST 3f2a297e31eeefa8 2016-03-28T23:53:31.900Z {"type":"click","target_tagname":"wizard","target_id":"TorNetworkSettings","detail":1}
INST 3f2a297e31eeefa8 2016-03-28T23:53:31.900Z {"type":"pagehide","target_tagname":"wizardpage","target_id":"bridges"}
INST 3f2a297e31eeefa8 2016-03-28T23:53:31.900Z {"type":"pageadvanced","target_tagname":"wizardpage","target_id":"bridges"}
INST 3f2a297e31eeefa8 2016-03-28T23:53:31.900Z {"type":"wizardnext","target_tagname":"wizard","target_id":"TorNetworkSettings"}
INST 3f2a297e31eeefa8 2016-03-28T23:53:31.900Z {"type":"pageshow","target_tagname":"wizardpage","target_id":"bridgeSettings"}
INST 3f2a297e31eeefa8 2016-03-28T23:53:31.900Z {"type":"command","target_tagname":"wizard","target_id":"TorNetworkSettings"}
INST 3f2a297e31eeefa8 2016-03-28T23:53:32.700Z {"type":"click","target_tagname":"wizard","target_id":"TorNetworkSettings","detail":1}
INST 3f2a297e31eeefa8 2016-03-28T23:53:32.700Z {"type":"pagehide","target_tagname":"wizardpage","target_id":"bridgeSettings"}
INST 3f2a297e31eeefa8 2016-03-28T23:53:32.700Z {"type":"pageadvanced","target_tagname":"wizardpage","target_id":"bridgeSettings"}
INST 3f2a297e31eeefa8 2016-03-28T23:53:32.700Z {"type":"wizardnext","target_tagname":"wizard","target_id":"TorNetworkSettings"}
INST 3f2a297e31eeefa8 2016-03-28T23:53:32.700Z {"type":"pageshow","target_tagname":"wizardpage","target_id":"proxy"}
INST 3f2a297e31eeefa8 2016-03-28T23:53:32.700Z {"type":"command","target_tagname":"wizard","target_id":"TorNetworkSettings"}
INST 3f2a297e31eeefa8 2016-03-28T23:53:35.000Z {"type":"click","target_tagname":"radio","target_id":"proxyRadioNo","detail":1}
INST 3f2a297e31eeefa8 2016-03-28T23:53:35.000Z {"type":"command","target_tagname":"radio","target_id":"proxyRadioNo"}
INST 3f2a297e31eeefa8 2016-03-28T23:53:37.000Z {"type":"click","target_tagname":"radio","target_id":"proxyRadioYes","detail":1}
INST 3f2a297e31eeefa8 2016-03-28T23:53:37.000Z {"type":"command","target_tagname":"radio","target_id":"proxyRadioYes"}
INST 3f2a297e31eeefa8 2016-03-28T23:53:37.400Z {"type":"click","target_tagname":"radio","target_id":"proxyRadioNo","detail":1}
INST 3f2a297e31eeefa8 2016-03-28T23:53:37.400Z {"type":"command","target_tagname":"radio","target_id":"proxyRadioNo"}
INST 3f2a297e31eeefa8 2016-03-28T23:53:38.300Z {"type":"click","target_tagname":"wizard","target_id":"TorNetworkSettings","detail":1}
INST 3f2a297e31eeefa8 2016-03-28T23:53:38.300Z {"type":"pagehide","target_tagname":"wizardpage","target_id":"proxy"}
INST 3f2a297e31eeefa8 2016-03-28T23:53:38.300Z {"type":"pageadvanced","target_tagname":"wizardpage","target_id":"proxy"}
INST 3f2a297e31eeefa8 2016-03-28T23:53:38.300Z {"type":"wizardfinish","target_tagname":"wizard","target_id":"TorNetworkSettings"}
INST 3f2a297e31eeefa8 2016-03-28T23:53:38.400Z {"type":"load","target_id":"progress_bar"}
INST 3f2a297e31eeefa8 2016-03-28T23:53:40.400Z {"type":"click","target_tagname":"dialog","target_id":"TorProgress","detail":1}
INST 3f2a297e31eeefa8 2016-03-28T23:53:40.400Z {"type":"dialogcancel","target_tagname":"dialog","target_id":"TorProgress"}
INST 3f2a297e31eeefa8 2016-03-28T23:53:40.400Z {"type":"command","target_tagname":"dialog","target_id":"TorProgress"}
INST 3f2a297e31eeefa8 2016-03-28T23:53:40.400Z {"type":"command","target_tagname":"wizard","target_id":"TorNetworkSettings"}
INST 3f2a297e31eeefa8 2016-03-28T23:54:57.900Z {"type":"click","target_tagname":"wizard","target_id":"TorNetworkSettings","detail":1}
INST 3f2a297e31eeefa8 2016-03-28T23:54:57.900Z {"type":"pagehide","target_tagname":"wizardpage","target_id":"proxy"}
INST 3f2a297e31eeefa8 2016-03-28T23:54:57.900Z {"type":"pageadvanced","target_tagname":"wizardpage","target_id":"proxy"}
INST 3f2a297e31eeefa8 2016-03-28T23:54:57.900Z {"type":"wizardfinish","target_tagname":"wizard","target_id":"TorNetworkSettings"}
INST 3f2a297e31eeefa8 2016-03-28T23:54:58.000Z {"type":"load","target_id":"progress_bar"}
INST 3f2a297e31eeefa8 2016-03-28T23:55:05.000Z {"type":"progresschanged","target_tagname":"progressmeter","target_id":"progressMeter","value":"5"}
INST 3f2a297e31eeefa8 2016-03-28T23:55:05.000Z {"type":"progresschanged","target_tagname":"progressmeter","target_id":"progressMeter","value":"10"}
INST 3f2a297e31eeefa8 2016-03-28T23:58:28.800Z {"type":"click","target_tagname":"dialog","target_id":"TorProgress","detail":1}
INST 3f2a297e31eeefa8 2016-03-28T23:58:28.800Z {"type":"dialogcancel","target_tagname":"dialog","target_id":"TorProgress"}
INST 3f2a297e31eeefa8 2016-03-28T23:58:28.900Z {"type":"command","target_tagname":"dialog","target_id":"TorProgress"}
INST 3f2a297e31eeefa8 2016-03-28T23:58:28.900Z {"type":"command","target_tagname":"wizard","target_id":"TorNetworkSettings"}
INST 3f2a297e31eeefa8 2016-03-28T23:58:29.900Z {"type":"click","target_tagname":"radio","target_id":"proxyRadioYes","detail":1}
INST 3f2a297e31eeefa8 2016-03-28T23:58:29.900Z {"type":"command","target_tagname":"radio","target_id":"proxyRadioYes"}
INST 3f2a297e31eeefa8 2016-03-28T23:58:30.500Z {"type":"click","target_tagname":"wizard","target_id":"TorNetworkSettings","detail":1}
INST 3f2a297e31eeefa8 2016-03-28T23:58:30.500Z {"type":"pagehide","target_tagname":"wizardpage","target_id":"proxy"}
INST 3f2a297e31eeefa8 2016-03-28T23:58:30.500Z {"type":"pageadvanced","target_tagname":"wizardpage","target_id":"proxy"}
INST 3f2a297e31eeefa8 2016-03-28T23:58:30.500Z {"type":"wizardnext","target_tagname":"wizard","target_id":"TorNetworkSettings"}
INST 3f2a297e31eeefa8 2016-03-28T23:58:30.500Z {"type":"pageshow","target_tagname":"wizardpage","target_id":"proxyYES"}
INST 3f2a297e31eeefa8 2016-03-28T23:58:30.500Z {"type":"command","target_tagname":"wizard","target_id":"TorNetworkSettings"}
INST 3f2a297e31eeefa8 2016-03-28T23:58:31.400Z {"type":"popupshown","target_tagname":"menupopup","target_id":"proxyType_menuPopup"}
INST 3f2a297e31eeefa8 2016-03-28T23:58:31.500Z {"type":"click","target_tagname":"menulist","target_id":"proxyType","value":"SOCKS5","detail":1}
INST 3f2a297e31eeefa8 2016-03-28T23:58:32.000Z {"type":"mouseover","target_tagname":"menuitem","target_id":"","value":""}
INST 3f2a297e31eeefa8 2016-03-28T23:58:32.400Z {"type":"mouseout","target_tagname":"menuitem","target_id":"","value":""}
INST 3f2a297e31eeefa8 2016-03-28T23:58:32.400Z {"type":"mouseover","target_tagname":"menuitem","target_id":"","value":"SOCKS4"}
INST 3f2a297e31eeefa8 2016-03-28T23:58:32.400Z {"type":"mouseout","target_tagname":"menuitem","target_id":"","value":"SOCKS4"}
INST 3f2a297e31eeefa8 2016-03-28T23:58:32.400Z {"type":"mouseover","target_tagname":"menuitem","target_id":"","value":"SOCKS5"}
INST 3f2a297e31eeefa8 2016-03-28T23:58:32.400Z {"type":"mouseout","target_tagname":"menuitem","target_id":"","value":"SOCKS5"}
INST 3f2a297e31eeefa8 2016-03-28T23:58:32.400Z {"type":"mouseover","target_tagname":"menuitem","target_id":"","value":"HTTP"}
INST 3f2a297e31eeefa8 2016-03-28T23:58:32.700Z {"type":"click","target_tagname":"menuitem","target_id":"","value":"HTTP","detail":1}
INST 3f2a297e31eeefa8 2016-03-28T23:58:32.700Z {"type":"select","target_tagname":"menulist","target_id":"proxyType","value":"HTTP"}
INST 3f2a297e31eeefa8 2016-03-28T23:58:32.700Z {"type":"command","target_tagname":"menuitem","target_id":"","value":"HTTP"}
INST 3f2a297e31eeefa8 2016-03-28T23:58:32.800Z {"type":"popuphidden","target_tagname":"menupopup","target_id":"proxyType_menuPopup"}
INST 3f2a297e31eeefa8 2016-03-28T23:58:32.800Z {"type":"mouseout","target_tagname":"menuitem","target_id":"","value":"HTTP"}
INST 3f2a297e31eeefa8 2016-03-28T23:58:34.100Z {"type":"select","target_tagname":"textbox","target_id":"proxyAddr"}
INST 3f2a297e31eeefa8 2016-03-28T23:58:34.500Z {"type":"select","target_tagname":"textbox","target_id":"proxyAddr"}
INST 3f2a297e31eeefa8 2016-03-28T23:58:34.500Z {"type":"click","target_tagname":"textbox","target_id":"proxyAddr","detail":1}
INST 3f2a297e31eeefa8 2016-03-28T23:58:35.700Z {"type":"change","target_tagname":"textbox","target_id":"proxyAddr","value":""}
INST 3f2a297e31eeefa8 2016-03-28T23:58:35.700Z {"type":"select","target_tagname":"textbox","target_id":"proxyPort"}
INST 3f2a297e31eeefa8 2016-03-28T23:58:36.100Z {"type":"click","target_tagname":"textbox","target_id":"proxyPort","detail":1}
INST 3f2a297e31eeefa8 2016-03-28T23:58:36.900Z {"type":"change","target_tagname":"textbox","target_id":"proxyPort","value":""}
INST 3f2a297e31eeefa8 2016-03-29T00:00:19.000Z {"type":"select","target_tagname":"textbox","target_id":"proxyUsername"}
INST 3f2a297e31eeefa8 2016-03-29T00:00:19.000Z {"type":"click","target_tagname":"textbox","target_id":"proxyUsername","detail":1}
INST 3f2a297e31eeefa8 2016-03-29T00:00:19.300Z {"type":"select","target_tagname":"textbox","target_id":"proxyAddr"}
INST 3f2a297e31eeefa8 2016-03-29T00:00:19.300Z {"type":"click","target_tagname":"textbox","target_id":"proxyAddr","detail":1}
INST 3f2a297e31eeefa8 2016-03-29T00:00:21.200Z {"type":"change","target_tagname":"textbox","target_id":"proxyAddr","value":"216.220.165.62"}
INST 3f2a297e31eeefa8 2016-03-29T00:00:21.200Z {"type":"select","target_tagname":"textbox","target_id":"proxyPort"}
INST 3f2a297e31eeefa8 2016-03-29T00:00:21.200Z {"type":"click","target_tagname":"textbox","target_id":"proxyPort","detail":1}
INST 3f2a297e31eeefa8 2016-03-29T00:00:22.900Z {"type":"change","target_tagname":"textbox","target_id":"proxyPort","value":"8080"}
INST 3f2a297e31eeefa8 2016-03-29T00:00:22.900Z {"type":"click","target_tagname":"wizard","target_id":"TorNetworkSettings","detail":1}
INST 3f2a297e31eeefa8 2016-03-29T00:00:22.900Z {"type":"pagehide","target_tagname":"wizardpage","target_id":"proxyYES"}
INST 3f2a297e31eeefa8 2016-03-29T00:00:22.900Z {"type":"pageadvanced","target_tagname":"wizardpage","target_id":"proxyYES"}
INST 3f2a297e31eeefa8 2016-03-29T00:00:22.900Z {"type":"wizardfinish","target_tagname":"wizard","target_id":"TorNetworkSettings"}
INST 3f2a297e31eeefa8 2016-03-29T00:00:23.000Z {"type":"load","target_id":"progress_bar"}
INST 3f2a297e31eeefa8 2016-03-29T00:00:33.400Z {"type":"progresschanged","target_tagname":"progressmeter","target_id":"progressMeter","value":"15"}
INST 3f2a297e31eeefa8 2016-03-29T00:00:33.800Z {"type":"progresschanged","target_tagname":"progressmeter","target_id":"progressMeter","value":"20"}
INST 3f2a297e31eeefa8 2016-03-29T00:00:36.200Z {"type":"progresschanged","target_tagname":"progressmeter","target_id":"progressMeter","value":"25"}
INST 3f2a297e31eeefa8 2016-03-29T00:00:41.000Z {"type":"progresschanged","target_tagname":"progressmeter","target_id":"progressMeter","value":"40"}
INST 3f2a297e31eeefa8 2016-03-29T00:00:42.000Z {"type":"progresschanged","target_tagname":"progressmeter","target_id":"progressMeter","value":"45"}
INST 3f2a297e31eeefa8 2016-03-29T00:00:42.500Z {"type":"progresschanged","target_tagname":"progressmeter","target_id":"progressMeter","value":"50"}
INST 3f2a297e31eeefa8 2016-03-29T00:00:52.500Z {"type":"progresschanged","target_tagname":"progressmeter","target_id":"progressMeter","value":"50"}
INST 3f2a297e31eeefa8 2016-03-29T00:00:55.600Z {"type":"progresschanged","target_tagname":"progressmeter","target_id":"progressMeter","value":"50"}
INST 3f2a297e31eeefa8 2016-03-29T00:00:55.600Z {"type":"progresschanged","target_tagname":"progressmeter","target_id":"progressMeter","value":"50"}
INST 3f2a297e31eeefa8 2016-03-29T00:00:55.600Z {"type":"progresschanged","target_tagname":"progressmeter","target_id":"progressMeter","value":"55"}
INST 3f2a297e31eeefa8 2016-03-29T00:00:55.600Z {"type":"progresschanged","target_tagname":"progressmeter","target_id":"progressMeter","value":"55"}
INST 3f2a297e31eeefa8 2016-03-29T00:00:55.600Z {"type":"progresschanged","target_tagname":"progressmeter","target_id":"progressMeter","value":"61"}
INST 3f2a297e31eeefa8 2016-03-29T00:00:55.900Z {"type":"progresschanged","target_tagname":"progressmeter","target_id":"progressMeter","value":"66"}
INST 3f2a297e31eeefa8 2016-03-29T00:00:56.400Z {"type":"progresschanged","target_tagname":"progressmeter","target_id":"progressMeter","value":"72"}
INST 3f2a297e31eeefa8 2016-03-29T00:00:57.000Z {"type":"progresschanged","target_tagname":"progressmeter","target_id":"progressMeter","value":"80"}
INST 3f2a297e31eeefa8 2016-03-29T00:00:57.000Z {"type":"progresschanged","target_tagname":"progressmeter","target_id":"progressMeter","value":"90"}
INST 3f2a297e31eeefa8 2016-03-29T00:00:59.900Z {"type":"progresschanged","target_tagname":"progressmeter","target_id":"progressMeter","value":"100"}
INST 3f2a297e31eeefa8 2016-03-29T00:01:00.100Z {"type":"unload","target_id":"progress_bar"}
INST 3f2a297e31eeefa8 2016-03-29T00:01:00.200Z {"type":"command","target_tagname":"wizard","target_id":"TorNetworkSettings"}
INST 3f2a297e31eeefa8 2016-03-29T00:01:00.200Z {"type":"unload","target_id":"configuration"}
