INST db260439a77fd033 2016-03-28T23:23:02.500Z {"type":"start"}
INST db260439a77fd033 2016-03-28T23:23:03.600Z {"type":"select","target_tagname":"menulist","target_id":"proxyType","value":""}
INST db260439a77fd033 2016-03-28T23:23:03.600Z {"type":"wizardnext","target_tagname":"wizard","target_id":"TorNetworkSettings"}
INST db260439a77fd033 2016-03-28T23:23:03.600Z {"type":"pageshow","target_tagname":"wizardpage","target_id":"first"}
INST db260439a77fd033 2016-03-28T23:23:03.600Z {"type":"load","target_id":"configuration"}
INST db260439a77fd033 2016-03-28T23:23:03.600Z {"type":"select","target_tagname":"menulist","target_id":"defaultBridgeType","value":"obfs3"}
INST db260439a77fd033 2016-03-28T23:23:12.000Z {"type":"click","target_tagname":"button","target_id":"configure_button","detail":1}
INST db260439a77fd033 2016-03-28T23:23:12.000Z {"type":"pagehide","target_tagname":"wizardpage","target_id":"first"}
INST db260439a77fd033 2016-03-28T23:23:12.000Z {"type":"pageadvanced","target_tagname":"wizardpage","target_id":"first"}
INST db260439a77fd033 2016-03-28T23:23:12.000Z {"type":"wizardnext","target_tagname":"wizard","target_id":"TorNetworkSettings"}
INST db260439a77fd033 2016-03-28T23:23:12.000Z {"type":"pageshow","target_tagname":"wizardpage","target_id":"bridges"}
INST db260439a77fd033 2016-03-28T23:23:12.000Z {"type":"command","target_tagname":"button","target_id":"configure_button"}
INST db260439a77fd033 2016-03-28T23:23:17.100Z {"type":"click","target_tagname":"radio","target_id":"bridgesRadioYes","detail":1}
INST db260439a77fd033 2016-03-28T23:23:17.100Z {"type":"command","target_tagname":"radio","target_id":"bridgesRadioYes"}
INST db260439a77fd033 2016-03-28T23:23:32.500Z {"type":"click","target_tagname":"wizard","target_id":"TorNetworkSettings","detail":1}
INST db260439a77fd033 2016-03-28T23:23:32.500Z {"type":"pagehide","target_tagname":"wizardpage","target_id":"bridges"}
INST db260439a77fd033 2016-03-28T23:23:32.500Z {"type":"pageadvanced","target_tagname":"wizardpage","target_id":"bridges"}
INST db260439a77fd033 2016-03-28T23:23:32.500Z {"type":"wizardnext","target_tagname":"wizard","target_id":"TorNetworkSettings"}
INST db260439a77fd033 2016-03-28T23:23:32.500Z {"type":"pageshow","target_tagname":"wizardpage","target_id":"bridgeSettings"}
INST db260439a77fd033 2016-03-28T23:23:32.500Z {"type":"command","target_tagname":"wizard","target_id":"TorNetworkSettings"}
INST db260439a77fd033 2016-03-28T23:23:35.700Z {"type":"popupshown","target_tagname":"menupopup","target_id":"defaultBridgeType_menuPopup"}
INST db260439a77fd033 2016-03-28T23:23:35.700Z {"type":"click","target_tagname":"menulist","target_id":"defaultBridgeType","value":"obfs3","detail":1}
INST db260439a77fd033 2016-03-28T23:23:38.800Z {"type":"popuphidden","target_tagname":"menupopup","target_id":"defaultBridgeType_menuPopup"}
INST db260439a77fd033 2016-03-28T23:23:42.600Z {"type":"click","target_tagname":"wizard","target_id":"TorNetworkSettings","detail":1}
INST db260439a77fd033 2016-03-28T23:23:42.600Z {"type":"pagehide","target_tagname":"wizardpage","target_id":"bridgeSettings"}
INST db260439a77fd033 2016-03-28T23:23:42.600Z {"type":"pagerewound","target_tagname":"wizardpage","target_id":"bridgeSettings"}
INST db260439a77fd033 2016-03-28T23:23:42.600Z {"type":"wizardback","target_tagname":"wizard","target_id":"TorNetworkSettings"}
INST db260439a77fd033 2016-03-28T23:23:42.600Z {"type":"pageshow","target_tagname":"wizardpage","target_id":"bridges"}
INST db260439a77fd033 2016-03-28T23:23:42.600Z {"type":"command","target_tagname":"wizard","target_id":"TorNetworkSettings"}
INST db260439a77fd033 2016-03-28T23:23:44.400Z {"type":"click","target_tagname":"radio","target_id":"bridgesRadioNo","detail":1}
INST db260439a77fd033 2016-03-28T23:23:44.400Z {"type":"command","target_tagname":"radio","target_id":"bridgesRadioNo"}
INST db260439a77fd033 2016-03-28T23:23:46.300Z {"type":"click","target_tagname":"wizard","target_id":"TorNetworkSettings","detail":1}
INST db260439a77fd033 2016-03-28T23:23:46.300Z {"type":"pagehide","target_tagname":"wizardpage","target_id":"bridges"}
INST db260439a77fd033 2016-03-28T23:23:46.300Z {"type":"pageadvanced","target_tagname":"wizardpage","target_id":"bridges"}
INST db260439a77fd033 2016-03-28T23:23:46.300Z {"type":"wizardnext","target_tagname":"wizard","target_id":"TorNetworkSettings"}
INST db260439a77fd033 2016-03-28T23:23:46.300Z {"type":"pageshow","target_tagname":"wizardpage","target_id":"proxy"}
INST db260439a77fd033 2016-03-28T23:23:46.300Z {"type":"command","target_tagname":"wizard","target_id":"TorNetworkSettings"}
INST db260439a77fd033 2016-03-28T23:31:13.900Z {"type":"click","target_tagname":"wizard","target_id":"TorNetworkSettings","detail":1}
INST db260439a77fd033 2016-03-28T23:31:13.900Z {"type":"pagehide","target_tagname":"wizardpage","target_id":"proxy"}
INST db260439a77fd033 2016-03-28T23:31:13.900Z {"type":"pageadvanced","target_tagname":"wizardpage","target_id":"proxy"}
INST db260439a77fd033 2016-03-28T23:31:13.900Z {"type":"wizardfinish","target_tagname":"wizard","target_id":"TorNetworkSettings"}
INST db260439a77fd033 2016-03-28T23:31:13.900Z {"type":"load","target_id":"progress_bar"}
INST db260439a77fd033 2016-03-28T23:31:14.100Z {"type":"progresschanged","target_tagname":"progressmeter","target_id":"progressMeter","value":"5"}
INST db260439a77fd033 2016-03-28T23:31:14.100Z {"type":"progresschanged","target_tagname":"progressmeter","target_id":"progressMeter","value":"5"}
INST db260439a77fd033 2016-03-28T23:31:14.100Z {"type":"progresschanged","target_tagname":"progressmeter","target_id":"progressMeter","value":"5"}
INST db260439a77fd033 2016-03-28T23:32:15.100Z {"type":"progresschanged","target_tagname":"progressmeter","target_id":"progressMeter","value":"5"}
INST db260439a77fd033 2016-03-28T23:32:45.700Z {"type":"click","target_tagname":"dialog","target_id":"TorProgress","detail":1}
INST db260439a77fd033 2016-03-28T23:32:45.700Z {"type":"dialogcancel","target_tagname":"dialog","target_id":"TorProgress"}
INST db260439a77fd033 2016-03-28T23:32:45.700Z {"type":"command","target_tagname":"dialog","target_id":"TorProgress"}
INST db260439a77fd033 2016-03-28T23:32:45.700Z {"type":"command","target_tagname":"wizard","target_id":"TorNetworkSettings"}
INST db260439a77fd033 2016-03-28T23:32:46.900Z {"type":"click","target_tagname":"radio","target_id":"proxyRadioYes","detail":1}
INST db260439a77fd033 2016-03-28T23:32:46.900Z {"type":"command","target_tagname":"radio","target_id":"proxyRadioYes"}
INST db260439a77fd033 2016-03-28T23:32:48.700Z {"type":"click","target_tagname":"wizard","target_id":"TorNetworkSettings","detail":1}
INST db260439a77fd033 2016-03-28T23:32:48.700Z {"type":"pagehide","target_tagname":"wizardpage","target_id":"proxy"}
INST db260439a77fd033 2016-03-28T23:32:48.700Z {"type":"pageadvanced","target_tagname":"wizardpage","target_id":"proxy"}
INST db260439a77fd033 2016-03-28T23:32:48.700Z {"type":"wizardnext","target_tagname":"wizard","target_id":"TorNetworkSettings"}
INST db260439a77fd033 2016-03-28T23:32:48.700Z {"type":"pageshow","target_tagname":"wizardpage","target_id":"proxyYES"}
INST db260439a77fd033 2016-03-28T23:32:48.700Z {"type":"command","target_tagname":"wizard","target_id":"TorNetworkSettings"}
INST db260439a77fd033 2016-03-28T23:32:50.900Z {"type":"popupshown","target_tagname":"menupopup","target_id":"proxyType_menuPopup"}
INST db260439a77fd033 2016-03-28T23:32:51.000Z {"type":"click","target_tagname":"menulist","target_id":"proxyType","value":"","detail":1}
INST db260439a77fd033 2016-03-28T23:32:51.300Z {"type":"mouseover","target_tagname":"menuitem","target_id":"","value":""}
INST db260439a77fd033 2016-03-28T23:32:51.500Z {"type":"mouseout","target_tagname":"menuitem","target_id":"","value":""}
INST db260439a77fd033 2016-03-28T23:32:51.500Z {"type":"mouseover","target_tagname":"menuitem","target_id":"","value":"SOCKS4"}
INST db260439a77fd033 2016-03-28T23:32:51.600Z {"type":"mouseout","target_tagname":"menuitem","target_id":"","value":"SOCKS4"}
INST db260439a77fd033 2016-03-28T23:32:51.600Z {"type":"mouseover","target_tagname":"menuitem","target_id":"","value":"SOCKS5"}
INST db260439a77fd033 2016-03-28T23:32:51.600Z {"type":"mouseout","target_tagname":"menuitem","target_id":"","value":"SOCKS5"}
INST db260439a77fd033 2016-03-28T23:32:51.600Z {"type":"mouseover","target_tagname":"menuitem","target_id":"","value":"HTTP"}
INST db260439a77fd033 2016-03-28T23:32:51.600Z {"type":"mouseout","target_tagname":"menuitem","target_id":"","value":"HTTP"}
INST db260439a77fd033 2016-03-28T23:32:53.200Z {"type":"mouseover","target_tagname":"menuitem","target_id":"","value":"HTTP"}
INST db260439a77fd033 2016-03-28T23:32:53.700Z {"type":"click","target_tagname":"menuitem","target_id":"","value":"HTTP","detail":1}
INST db260439a77fd033 2016-03-28T23:32:53.700Z {"type":"select","target_tagname":"menulist","target_id":"proxyType","value":"HTTP"}
INST db260439a77fd033 2016-03-28T23:32:53.800Z {"type":"command","target_tagname":"menuitem","target_id":"","value":"HTTP"}
INST db260439a77fd033 2016-03-28T23:32:53.800Z {"type":"popuphidden","target_tagname":"menupopup","target_id":"proxyType_menuPopup"}
INST db260439a77fd033 2016-03-28T23:32:53.800Z {"type":"mouseout","target_tagname":"menuitem","target_id":"","value":"HTTP"}
INST db260439a77fd033 2016-03-28T23:32:55.800Z {"type":"select","target_tagname":"textbox","target_id":"proxyAddr"}
INST db260439a77fd033 2016-03-28T23:32:55.900Z {"type":"click","target_tagname":"textbox","target_id":"proxyAddr","detail":1}
INST db260439a77fd033 2016-03-28T23:33:01.100Z {"type":"select","target_tagname":"textbox","target_id":"proxyPort"}
INST db260439a77fd033 2016-03-28T23:33:01.200Z {"type":"click","target_tagname":"textbox","target_id":"proxyPort","detail":1}
INST db260439a77fd033 2016-03-28T23:34:03.300Z {"type":"select","target_tagname":"textbox","target_id":"proxyAddr"}
INST db260439a77fd033 2016-03-28T23:34:03.400Z {"type":"click","target_tagname":"textbox","target_id":"proxyAddr","detail":1}
INST db260439a77fd033 2016-03-28T23:34:09.200Z {"type":"click","target_tagname":"textbox","target_id":"proxyAddr","detail":1}
INST db260439a77fd033 2016-03-28T23:34:25.400Z {"type":"change","target_tagname":"textbox","target_id":"proxyAddr","value":"128.32.229.105"}
INST db260439a77fd033 2016-03-28T23:34:25.500Z {"type":"click","target_tagname":"wizard","target_id":"TorNetworkSettings","detail":1}
INST db260439a77fd033 2016-03-28T23:34:25.500Z {"type":"pagehide","target_tagname":"wizardpage","target_id":"proxyYES"}
INST db260439a77fd033 2016-03-28T23:34:25.500Z {"type":"pageadvanced","target_tagname":"wizardpage","target_id":"proxyYES"}
INST db260439a77fd033 2016-03-28T23:34:25.500Z {"type":"wizardfinish","target_tagname":"wizard","target_id":"TorNetworkSettings"}
INST db260439a77fd033 2016-03-28T23:34:25.600Z {"type":"load","target_id":"progress_bar"}
INST db260439a77fd033 2016-03-28T23:35:01.600Z {"type":"click","target_tagname":"dialog","target_id":"TorProgress","detail":1}
INST db260439a77fd033 2016-03-28T23:35:01.600Z {"type":"dialogcancel","target_tagname":"dialog","target_id":"TorProgress"}
INST db260439a77fd033 2016-03-28T23:35:01.600Z {"type":"command","target_tagname":"dialog","target_id":"TorProgress"}
INST db260439a77fd033 2016-03-28T23:35:01.600Z {"type":"command","target_tagname":"wizard","target_id":"TorNetworkSettings"}
INST db260439a77fd033 2016-03-28T23:35:02.400Z {"type":"select","target_tagname":"textbox","target_id":"proxyAddr"}
INST db260439a77fd033 2016-03-28T23:35:02.600Z {"type":"select","target_tagname":"textbox","target_id":"proxyAddr"}
INST db260439a77fd033 2016-03-28T23:35:02.600Z {"type":"click","target_tagname":"textbox","target_id":"proxyAddr","detail":1}
INST db260439a77fd033 2016-03-28T23:35:13.000Z {"type":"change","target_tagname":"textbox","target_id":"proxyAddr","value":"64.22.103.201"}
INST db260439a77fd033 2016-03-28T23:35:13.100Z {"type":"click","target_tagname":"wizard","target_id":"TorNetworkSettings","detail":1}
INST db260439a77fd033 2016-03-28T23:35:13.100Z {"type":"pagehide","target_tagname":"wizardpage","target_id":"proxyYES"}
INST db260439a77fd033 2016-03-28T23:35:13.100Z {"type":"pageadvanced","target_tagname":"wizardpage","target_id":"proxyYES"}
INST db260439a77fd033 2016-03-28T23:35:13.100Z {"type":"wizardfinish","target_tagname":"wizard","target_id":"TorNetworkSettings"}
INST db260439a77fd033 2016-03-28T23:35:13.100Z {"type":"load","target_id":"progress_bar"}
INST db260439a77fd033 2016-03-28T23:37:29.200Z {"type":"progresschanged","target_tagname":"progressmeter","target_id":"progressMeter","value":"10"}
INST db260439a77fd033 2016-03-28T23:37:32.400Z {"type":"click","target_tagname":"description","target_id":"progressDesc","detail":1}
INST db260439a77fd033 2016-03-28T23:39:42.300Z {"type":"click","target_tagname":"description","target_id":"progressDesc","detail":1}
INST db260439a77fd033 2016-03-28T23:42:04.800Z {"type":"click","target_tagname":"dialog","target_id":"TorProgress","detail":1}
INST db260439a77fd033 2016-03-28T23:42:04.800Z {"type":"dialogcancel","target_tagname":"dialog","target_id":"TorProgress"}
INST db260439a77fd033 2016-03-28T23:42:04.800Z {"type":"command","target_tagname":"dialog","target_id":"TorProgress"}
INST db260439a77fd033 2016-03-28T23:42:04.800Z {"type":"command","target_tagname":"wizard","target_id":"TorNetworkSettings"}
INST db260439a77fd033 2016-03-28T23:42:06.300Z {"type":"popupshown","target_tagname":"menupopup","target_id":"proxyType_menuPopup"}
INST db260439a77fd033 2016-03-28T23:42:06.400Z {"type":"click","target_tagname":"menulist","target_id":"proxyType","value":"HTTP","detail":1}
INST db260439a77fd033 2016-03-28T23:42:06.700Z {"type":"mouseover","target_tagname":"menuitem","target_id":"","value":""}
INST db260439a77fd033 2016-03-28T23:42:06.900Z {"type":"mouseout","target_tagname":"menuitem","target_id":"","value":""}
INST db260439a77fd033 2016-03-28T23:42:06.900Z {"type":"mouseover","target_tagname":"menuitem","target_id":"","value":"SOCKS4"}
INST db260439a77fd033 2016-03-28T23:42:07.300Z {"type":"mouseout","target_tagname":"menuitem","target_id":"","value":"SOCKS4"}
INST db260439a77fd033 2016-03-28T23:42:07.300Z {"type":"mouseover","target_tagname":"menuitem","target_id":"","value":"SOCKS5"}
INST db260439a77fd033 2016-03-28T23:42:09.100Z {"type":"click","target_tagname":"menuitem","target_id":"","value":"SOCKS5","detail":1}
INST db260439a77fd033 2016-03-28T23:42:09.100Z {"type":"select","target_tagname":"menulist","target_id":"proxyType","value":"SOCKS5"}
INST db260439a77fd033 2016-03-28T23:42:09.100Z {"type":"command","target_tagname":"menuitem","target_id":"","value":"SOCKS5"}
INST db260439a77fd033 2016-03-28T23:42:09.100Z {"type":"popuphidden","target_tagname":"menupopup","target_id":"proxyType_menuPopup"}
INST db260439a77fd033 2016-03-28T23:42:09.100Z {"type":"mouseout","target_tagname":"menuitem","target_id":"","value":"SOCKS5"}
INST db260439a77fd033 2016-03-28T23:42:17.600Z {"type":"select","target_tagname":"textbox","target_id":"proxyAddr"}
INST db260439a77fd033 2016-03-28T23:42:17.700Z {"type":"select","target_tagname":"textbox","target_id":"proxyAddr"}
INST db260439a77fd033 2016-03-28T23:42:17.700Z {"type":"click","target_tagname":"textbox","target_id":"proxyAddr","detail":1}
INST db260439a77fd033 2016-03-28T23:42:21.700Z {"type":"select","target_tagname":"textbox","target_id":"proxyPort"}
INST db260439a77fd033 2016-03-28T23:42:21.800Z {"type":"click","target_tagname":"textbox","target_id":"proxyPort","detail":1}
INST db260439a77fd033 2016-03-28T23:42:25.100Z {"type":"change","target_tagname":"textbox","target_id":"proxyPort","value":"0"}
INST db260439a77fd033 2016-03-28T23:42:25.200Z {"type":"click","target_tagname":"wizard","target_id":"TorNetworkSettings","detail":1}
INST db260439a77fd033 2016-03-28T23:42:25.200Z {"type":"pagehide","target_tagname":"wizardpage","target_id":"proxyYES"}
INST db260439a77fd033 2016-03-28T23:42:25.200Z {"type":"pageadvanced","target_tagname":"wizardpage","target_id":"proxyYES"}
INST db260439a77fd033 2016-03-28T23:42:25.200Z {"type":"wizardfinish","target_tagname":"wizard","target_id":"TorNetworkSettings"}
INST db260439a77fd033 2016-03-28T23:42:25.200Z {"type":"alert_show","target_id":"failed_to_save_settings","value":"Unable to save Tor settings.\n\nUnacceptable option value: Socks5Proxy failed to parse or resolve. Please fix."}
INST db260439a77fd033 2016-03-28T23:42:32.500Z {"type":"alert_exit","target_id":"failed_to_save_settings","value":"Unable to save Tor settings.\n\nUnacceptable option value: Socks5Proxy failed to parse or resolve. Please fix."}
INST db260439a77fd033 2016-03-28T23:42:32.500Z {"type":"command","target_tagname":"wizard","target_id":"TorNetworkSettings"}
INST db260439a77fd033 2016-03-28T23:43:40.000Z {"type":"select","target_tagname":"textbox","target_id":"proxyAddr"}
INST db260439a77fd033 2016-03-28T23:43:40.200Z {"type":"select","target_tagname":"textbox","target_id":"proxyAddr"}
INST db260439a77fd033 2016-03-28T23:43:40.200Z {"type":"click","target_tagname":"textbox","target_id":"proxyAddr","detail":1}
INST db260439a77fd033 2016-03-28T23:43:46.300Z {"type":"change","target_tagname":"textbox","target_id":"proxyAddr","value":"127.0.0.1"}
INST db260439a77fd033 2016-03-28T23:43:46.300Z {"type":"click","target_tagname":"wizard","target_id":"TorNetworkSettings","detail":1}
INST db260439a77fd033 2016-03-28T23:43:46.300Z {"type":"pagehide","target_tagname":"wizardpage","target_id":"proxyYES"}
INST db260439a77fd033 2016-03-28T23:43:46.300Z {"type":"pageadvanced","target_tagname":"wizardpage","target_id":"proxyYES"}
INST db260439a77fd033 2016-03-28T23:43:46.300Z {"type":"wizardfinish","target_tagname":"wizard","target_id":"TorNetworkSettings"}
INST db260439a77fd033 2016-03-28T23:43:46.400Z {"type":"alert_show","target_id":"failed_to_save_settings","value":"Unable to save Tor settings.\n\nUnacceptable option value: Socks5Proxy failed to parse or resolve. Please fix."}
INST db260439a77fd033 2016-03-28T23:43:49.300Z {"type":"alert_exit","target_id":"failed_to_save_settings","value":"Unable to save Tor settings.\n\nUnacceptable option value: Socks5Proxy failed to parse or resolve. Please fix."}
INST db260439a77fd033 2016-03-28T23:43:49.300Z {"type":"command","target_tagname":"wizard","target_id":"TorNetworkSettings"}
INST db260439a77fd033 2016-03-28T23:43:51.600Z {"type":"popupshown","target_tagname":"menupopup","target_id":"proxyType_menuPopup"}
INST db260439a77fd033 2016-03-28T23:43:51.700Z {"type":"click","target_tagname":"menulist","target_id":"proxyType","value":"SOCKS5","detail":1}
INST db260439a77fd033 2016-03-28T23:43:52.100Z {"type":"mouseover","target_tagname":"menuitem","target_id":"","value":""}
INST db260439a77fd033 2016-03-28T23:43:52.600Z {"type":"mouseout","target_tagname":"menuitem","target_id":"","value":""}
INST db260439a77fd033 2016-03-28T23:43:52.600Z {"type":"mouseover","target_tagname":"menuitem","target_id":"","value":"SOCKS4"}
INST db260439a77fd033 2016-03-28T23:43:53.400Z {"type":"mouseout","target_tagname":"menuitem","target_id":"","value":"SOCKS4"}
INST db260439a77fd033 2016-03-28T23:43:53.400Z {"type":"mouseover","target_tagname":"menuitem","target_id":"","value":"SOCKS5"}
INST db260439a77fd033 2016-03-28T23:43:53.800Z {"type":"mouseout","target_tagname":"menuitem","target_id":"","value":"SOCKS5"}
INST db260439a77fd033 2016-03-28T23:43:53.800Z {"type":"mouseover","target_tagname":"menuitem","target_id":"","value":"HTTP"}
INST db260439a77fd033 2016-03-28T23:43:54.100Z {"type":"click","target_tagname":"menuitem","target_id":"","value":"HTTP","detail":1}
INST db260439a77fd033 2016-03-28T23:43:54.100Z {"type":"select","target_tagname":"menulist","target_id":"proxyType","value":"HTTP"}
INST db260439a77fd033 2016-03-28T23:43:54.100Z {"type":"command","target_tagname":"menuitem","target_id":"","value":"HTTP"}
INST db260439a77fd033 2016-03-28T23:43:54.100Z {"type":"popuphidden","target_tagname":"menupopup","target_id":"proxyType_menuPopup"}
INST db260439a77fd033 2016-03-28T23:43:54.100Z {"type":"mouseout","target_tagname":"menuitem","target_id":"","value":"HTTP"}
INST db260439a77fd033 2016-03-28T23:43:55.000Z {"type":"click","target_tagname":"wizard","target_id":"TorNetworkSettings","detail":1}
INST db260439a77fd033 2016-03-28T23:43:55.000Z {"type":"pagehide","target_tagname":"wizardpage","target_id":"proxyYES"}
INST db260439a77fd033 2016-03-28T23:43:55.000Z {"type":"pageadvanced","target_tagname":"wizardpage","target_id":"proxyYES"}
INST db260439a77fd033 2016-03-28T23:43:55.000Z {"type":"wizardfinish","target_tagname":"wizard","target_id":"TorNetworkSettings"}
INST db260439a77fd033 2016-03-28T23:43:55.000Z {"type":"alert_show","target_id":"failed_to_save_settings","value":"Unable to save Tor settings.\n\nUnacceptable option value: HTTPSProxy failed to parse or resolve. Please fix."}
INST db260439a77fd033 2016-03-28T23:43:56.800Z {"type":"alert_exit","target_id":"failed_to_save_settings","value":"Unable to save Tor settings.\n\nUnacceptable option value: HTTPSProxy failed to parse or resolve. Please fix."}
INST db260439a77fd033 2016-03-28T23:43:56.800Z {"type":"command","target_tagname":"wizard","target_id":"TorNetworkSettings"}
INST db260439a77fd033 2016-03-28T23:43:57.700Z {"type":"popupshown","target_tagname":"menupopup","target_id":"proxyType_menuPopup"}
INST db260439a77fd033 2016-03-28T23:43:57.700Z {"type":"click","target_tagname":"menulist","target_id":"proxyType","value":"HTTP","detail":1}
INST db260439a77fd033 2016-03-28T23:43:57.900Z {"type":"mouseover","target_tagname":"menuitem","target_id":"","value":""}
INST db260439a77fd033 2016-03-28T23:43:58.000Z {"type":"mouseout","target_tagname":"menuitem","target_id":"","value":""}
INST db260439a77fd033 2016-03-28T23:43:58.000Z {"type":"mouseover","target_tagname":"menuitem","target_id":"","value":"SOCKS4"}
INST db260439a77fd033 2016-03-28T23:43:58.400Z {"type":"click","target_tagname":"menuitem","target_id":"","value":"SOCKS4","detail":1}
INST db260439a77fd033 2016-03-28T23:43:58.400Z {"type":"select","target_tagname":"menulist","target_id":"proxyType","value":"SOCKS4"}
INST db260439a77fd033 2016-03-28T23:43:58.400Z {"type":"command","target_tagname":"menuitem","target_id":"","value":"SOCKS4"}
INST db260439a77fd033 2016-03-28T23:43:58.400Z {"type":"popuphidden","target_tagname":"menupopup","target_id":"proxyType_menuPopup"}
INST db260439a77fd033 2016-03-28T23:43:58.400Z {"type":"mouseout","target_tagname":"menuitem","target_id":"","value":"SOCKS4"}
INST db260439a77fd033 2016-03-28T23:44:00.500Z {"type":"click","target_tagname":"wizard","target_id":"TorNetworkSettings","detail":1}
INST db260439a77fd033 2016-03-28T23:44:00.500Z {"type":"pagehide","target_tagname":"wizardpage","target_id":"proxyYES"}
INST db260439a77fd033 2016-03-28T23:44:00.500Z {"type":"pageadvanced","target_tagname":"wizardpage","target_id":"proxyYES"}
INST db260439a77fd033 2016-03-28T23:44:00.500Z {"type":"wizardfinish","target_tagname":"wizard","target_id":"TorNetworkSettings"}
INST db260439a77fd033 2016-03-28T23:44:00.500Z {"type":"alert_show","target_id":"failed_to_save_settings","value":"Unable to save Tor settings.\n\nUnacceptable option value: Socks4Proxy failed to parse or resolve. Please fix."}
INST db260439a77fd033 2016-03-28T23:44:01.400Z {"type":"alert_exit","target_id":"failed_to_save_settings","value":"Unable to save Tor settings.\n\nUnacceptable option value: Socks4Proxy failed to parse or resolve. Please fix."}
INST db260439a77fd033 2016-03-28T23:44:01.400Z {"type":"command","target_tagname":"wizard","target_id":"TorNetworkSettings"}
INST db260439a77fd033 2016-03-28T23:44:02.300Z {"type":"wizardcancel","target_tagname":"wizard","target_id":"TorNetworkSettings"}
INST db260439a77fd033 2016-03-28T23:44:02.300Z {"type":"unload","target_id":"configuration"}
INST a49a3cbfdc92f7a5 2016-03-28T23:44:22.000Z {"type":"start"}
INST a49a3cbfdc92f7a5 2016-03-28T23:44:22.700Z {"type":"select","target_tagname":"menulist","target_id":"proxyType","value":""}
INST a49a3cbfdc92f7a5 2016-03-28T23:44:22.700Z {"type":"wizardnext","target_tagname":"wizard","target_id":"TorNetworkSettings"}
INST a49a3cbfdc92f7a5 2016-03-28T23:44:22.700Z {"type":"pageshow","target_tagname":"wizardpage","target_id":"first"}
INST a49a3cbfdc92f7a5 2016-03-28T23:44:22.800Z {"type":"load","target_id":"configuration"}
INST a49a3cbfdc92f7a5 2016-03-28T23:44:22.800Z {"type":"select","target_tagname":"menulist","target_id":"defaultBridgeType","value":"obfs3"}
INST a49a3cbfdc92f7a5 2016-03-28T23:44:22.800Z {"type":"select","target_tagname":"menulist","target_id":"proxyType","value":"HTTP"}
INST a49a3cbfdc92f7a5 2016-03-28T23:44:27.100Z {"type":"click","target_tagname":"button","target_id":"connect_button","detail":1}
INST a49a3cbfdc92f7a5 2016-03-28T23:44:27.100Z {"type":"load","target_id":"progress_bar"}
INST a49a3cbfdc92f7a5 2016-03-28T23:44:27.600Z {"type":"progresschanged","target_tagname":"progressmeter","target_id":"progressMeter","value":"5"}
INST a49a3cbfdc92f7a5 2016-03-28T23:44:27.700Z {"type":"progresschanged","target_tagname":"progressmeter","target_id":"progressMeter","value":"10"}
INST a49a3cbfdc92f7a5 2016-03-28T23:44:54.400Z {"type":"click","target_tagname":"dialog","target_id":"TorProgress","detail":1}
INST a49a3cbfdc92f7a5 2016-03-28T23:44:54.400Z {"type":"dialogcancel","target_tagname":"dialog","target_id":"TorProgress"}
INST a49a3cbfdc92f7a5 2016-03-28T23:44:54.400Z {"type":"command","target_tagname":"dialog","target_id":"TorProgress"}
INST a49a3cbfdc92f7a5 2016-03-28T23:44:54.500Z {"type":"command","target_tagname":"button","target_id":"connect_button"}
INST a49a3cbfdc92f7a5 2016-03-28T23:44:56.100Z {"type":"click","target_tagname":"button","target_id":"configure_button","detail":1}
INST a49a3cbfdc92f7a5 2016-03-28T23:44:56.100Z {"type":"pagehide","target_tagname":"wizardpage","target_id":"first"}
INST a49a3cbfdc92f7a5 2016-03-28T23:44:56.100Z {"type":"pageadvanced","target_tagname":"wizardpage","target_id":"first"}
INST a49a3cbfdc92f7a5 2016-03-28T23:44:56.100Z {"type":"wizardnext","target_tagname":"wizard","target_id":"TorNetworkSettings"}
INST a49a3cbfdc92f7a5 2016-03-28T23:44:56.100Z {"type":"pageshow","target_tagname":"wizardpage","target_id":"bridges"}
INST a49a3cbfdc92f7a5 2016-03-28T23:44:56.100Z {"type":"command","target_tagname":"button","target_id":"configure_button"}
INST a49a3cbfdc92f7a5 2016-03-28T23:44:59.300Z {"type":"click","target_tagname":"radio","target_id":"bridgesRadioYes","detail":1}
INST a49a3cbfdc92f7a5 2016-03-28T23:44:59.300Z {"type":"command","target_tagname":"radio","target_id":"bridgesRadioYes"}
INST a49a3cbfdc92f7a5 2016-03-28T23:45:00.300Z {"type":"click","target_tagname":"wizard","target_id":"TorNetworkSettings","detail":1}
INST a49a3cbfdc92f7a5 2016-03-28T23:45:00.300Z {"type":"pagehide","target_tagname":"wizardpage","target_id":"bridges"}
INST a49a3cbfdc92f7a5 2016-03-28T23:45:00.300Z {"type":"pageadvanced","target_tagname":"wizardpage","target_id":"bridges"}
INST a49a3cbfdc92f7a5 2016-03-28T23:45:00.300Z {"type":"wizardnext","target_tagname":"wizard","target_id":"TorNetworkSettings"}
INST a49a3cbfdc92f7a5 2016-03-28T23:45:00.300Z {"type":"pageshow","target_tagname":"wizardpage","target_id":"bridgeSettings"}
INST a49a3cbfdc92f7a5 2016-03-28T23:45:00.300Z {"type":"command","target_tagname":"wizard","target_id":"TorNetworkSettings"}
INST a49a3cbfdc92f7a5 2016-03-28T23:45:08.400Z {"type":"click","target_tagname":"wizard","target_id":"TorNetworkSettings","detail":1}
INST a49a3cbfdc92f7a5 2016-03-28T23:45:08.400Z {"type":"pagehide","target_tagname":"wizardpage","target_id":"bridgeSettings"}
INST a49a3cbfdc92f7a5 2016-03-28T23:45:08.400Z {"type":"pageadvanced","target_tagname":"wizardpage","target_id":"bridgeSettings"}
INST a49a3cbfdc92f7a5 2016-03-28T23:45:08.400Z {"type":"wizardnext","target_tagname":"wizard","target_id":"TorNetworkSettings"}
INST a49a3cbfdc92f7a5 2016-03-28T23:45:08.400Z {"type":"pageshow","target_tagname":"wizardpage","target_id":"proxy"}
INST a49a3cbfdc92f7a5 2016-03-28T23:45:08.400Z {"type":"command","target_tagname":"wizard","target_id":"TorNetworkSettings"}
INST a49a3cbfdc92f7a5 2016-03-28T23:45:11.700Z {"type":"click","target_tagname":"radio","target_id":"proxyRadioNo","detail":1}
INST a49a3cbfdc92f7a5 2016-03-28T23:45:11.700Z {"type":"command","target_tagname":"radio","target_id":"proxyRadioNo"}
INST a49a3cbfdc92f7a5 2016-03-28T23:45:13.100Z {"type":"click","target_tagname":"wizard","target_id":"TorNetworkSettings","detail":1}
INST a49a3cbfdc92f7a5 2016-03-28T23:45:13.100Z {"type":"pagehide","target_tagname":"wizardpage","target_id":"proxy"}
INST a49a3cbfdc92f7a5 2016-03-28T23:45:13.100Z {"type":"pageadvanced","target_tagname":"wizardpage","target_id":"proxy"}
INST a49a3cbfdc92f7a5 2016-03-28T23:45:13.100Z {"type":"wizardfinish","target_tagname":"wizard","target_id":"TorNetworkSettings"}
INST a49a3cbfdc92f7a5 2016-03-28T23:45:13.200Z {"type":"load","target_id":"progress_bar"}
INST a49a3cbfdc92f7a5 2016-03-28T23:46:32.800Z {"type":"click","target_tagname":"description","target_id":"progressDesc","detail":1}
INST a49a3cbfdc92f7a5 2016-03-28T23:46:35.200Z {"type":"click","target_tagname":"dialog","target_id":"TorProgress","detail":1}
INST a49a3cbfdc92f7a5 2016-03-28T23:46:35.200Z {"type":"dialogcancel","target_tagname":"dialog","target_id":"TorProgress"}
INST a49a3cbfdc92f7a5 2016-03-28T23:46:35.200Z {"type":"command","target_tagname":"dialog","target_id":"TorProgress"}
INST a49a3cbfdc92f7a5 2016-03-28T23:46:35.200Z {"type":"command","target_tagname":"wizard","target_id":"TorNetworkSettings"}
INST a49a3cbfdc92f7a5 2016-03-28T23:46:38.400Z {"type":"click","target_tagname":"radio","target_id":"proxyRadioYes","detail":1}
INST a49a3cbfdc92f7a5 2016-03-28T23:46:38.400Z {"type":"command","target_tagname":"radio","target_id":"proxyRadioYes"}
INST a49a3cbfdc92f7a5 2016-03-28T23:46:40.100Z {"type":"click","target_tagname":"wizard","target_id":"TorNetworkSettings","detail":1}
INST a49a3cbfdc92f7a5 2016-03-28T23:46:40.100Z {"type":"pagehide","target_tagname":"wizardpage","target_id":"proxy"}
INST a49a3cbfdc92f7a5 2016-03-28T23:46:40.100Z {"type":"pageadvanced","target_tagname":"wizardpage","target_id":"proxy"}
INST a49a3cbfdc92f7a5 2016-03-28T23:46:40.100Z {"type":"wizardnext","target_tagname":"wizard","target_id":"TorNetworkSettings"}
INST a49a3cbfdc92f7a5 2016-03-28T23:46:40.100Z {"type":"pageshow","target_tagname":"wizardpage","target_id":"proxyYES"}
INST a49a3cbfdc92f7a5 2016-03-28T23:46:40.100Z {"type":"command","target_tagname":"wizard","target_id":"TorNetworkSettings"}
INST a49a3cbfdc92f7a5 2016-03-28T23:46:46.200Z {"type":"popupshown","target_tagname":"menupopup","target_id":"proxyType_menuPopup"}
INST a49a3cbfdc92f7a5 2016-03-28T23:46:46.200Z {"type":"click","target_tagname":"menulist","target_id":"proxyType","value":"HTTP","detail":1}
INST a49a3cbfdc92f7a5 2016-03-28T23:46:46.900Z {"type":"popuphidden","target_tagname":"menupopup","target_id":"proxyType_menuPopup"}
INST a49a3cbfdc92f7a5 2016-03-28T23:47:39.600Z {"type":"popupshown","target_tagname":"menupopup","target_id":"proxyType_menuPopup"}
INST a49a3cbfdc92f7a5 2016-03-28T23:47:39.600Z {"type":"click","target_tagname":"menulist","target_id":"proxyType","value":"HTTP","detail":1}
INST a49a3cbfdc92f7a5 2016-03-28T23:47:39.800Z {"type":"mouseover","target_tagname":"menuitem","target_id":"","value":""}
INST a49a3cbfdc92f7a5 2016-03-28T23:47:40.100Z {"type":"mouseout","target_tagname":"menuitem","target_id":"","value":""}
INST a49a3cbfdc92f7a5 2016-03-28T23:47:40.100Z {"type":"mouseover","target_tagname":"menuitem","target_id":"","value":"SOCKS4"}
INST a49a3cbfdc92f7a5 2016-03-28T23:47:41.400Z {"type":"click","target_tagname":"menuitem","target_id":"","value":"SOCKS4","detail":1}
INST a49a3cbfdc92f7a5 2016-03-28T23:47:41.400Z {"type":"select","target_tagname":"menulist","target_id":"proxyType","value":"SOCKS4"}
INST a49a3cbfdc92f7a5 2016-03-28T23:47:41.400Z {"type":"command","target_tagname":"menuitem","target_id":"","value":"SOCKS4"}
INST a49a3cbfdc92f7a5 2016-03-28T23:47:41.400Z {"type":"popuphidden","target_tagname":"menupopup","target_id":"proxyType_menuPopup"}
INST a49a3cbfdc92f7a5 2016-03-28T23:47:41.500Z {"type":"mouseout","target_tagname":"menuitem","target_id":"","value":"SOCKS4"}
INST a49a3cbfdc92f7a5 2016-03-28T23:47:43.300Z {"type":"select","target_tagname":"textbox","target_id":"proxyAddr"}
INST a49a3cbfdc92f7a5 2016-03-28T23:47:43.600Z {"type":"select","target_tagname":"textbox","target_id":"proxyAddr"}
INST a49a3cbfdc92f7a5 2016-03-28T23:47:43.600Z {"type":"click","target_tagname":"textbox","target_id":"proxyAddr","detail":1}
INST a49a3cbfdc92f7a5 2016-03-28T23:47:47.700Z {"type":"change","target_tagname":"textbox","target_id":"proxyAddr","value":""}
INST a49a3cbfdc92f7a5 2016-03-28T23:47:59.300Z {"type":"click","target_tagname":"textbox","target_id":"proxyAddr","detail":1}
INST a49a3cbfdc92f7a5 2016-03-28T23:48:25.500Z {"type":"change","target_tagname":"textbox","target_id":"proxyAddr","value":"128.32.229.105"}
INST a49a3cbfdc92f7a5 2016-03-28T23:48:51.600Z {"type":"click","target_tagname":"wizard","target_id":"TorNetworkSettings","detail":1}
INST a49a3cbfdc92f7a5 2016-03-28T23:48:51.600Z {"type":"pagehide","target_tagname":"wizardpage","target_id":"proxyYES"}
INST a49a3cbfdc92f7a5 2016-03-28T23:48:51.600Z {"type":"pageadvanced","target_tagname":"wizardpage","target_id":"proxyYES"}
INST a49a3cbfdc92f7a5 2016-03-28T23:48:51.600Z {"type":"wizardfinish","target_tagname":"wizard","target_id":"TorNetworkSettings"}
INST a49a3cbfdc92f7a5 2016-03-28T23:48:51.700Z {"type":"load","target_id":"progress_bar"}
INST a49a3cbfdc92f7a5 2016-03-28T23:48:54.900Z {"type":"click","target_tagname":"dialog","target_id":"TorProgress","detail":1}
INST a49a3cbfdc92f7a5 2016-03-28T23:48:54.900Z {"type":"dialogcancel","target_tagname":"dialog","target_id":"TorProgress"}
INST a49a3cbfdc92f7a5 2016-03-28T23:48:54.900Z {"type":"command","target_tagname":"dialog","target_id":"TorProgress"}
INST a49a3cbfdc92f7a5 2016-03-28T23:48:55.000Z {"type":"command","target_tagname":"wizard","target_id":"TorNetworkSettings"}
INST a49a3cbfdc92f7a5 2016-03-28T23:48:55.700Z {"type":"select","target_tagname":"textbox","target_id":"proxyPort"}
INST a49a3cbfdc92f7a5 2016-03-28T23:48:55.700Z {"type":"click","target_tagname":"textbox","target_id":"proxyPort","detail":1}
INST a49a3cbfdc92f7a5 2016-03-28T23:48:58.000Z {"type":"change","target_tagname":"textbox","target_id":"proxyPort","value":"1"}
INST a49a3cbfdc92f7a5 2016-03-28T23:48:58.100Z {"type":"click","target_tagname":"wizard","target_id":"TorNetworkSettings","detail":1}
INST a49a3cbfdc92f7a5 2016-03-28T23:48:58.100Z {"type":"pagehide","target_tagname":"wizardpage","target_id":"proxyYES"}
INST a49a3cbfdc92f7a5 2016-03-28T23:48:58.100Z {"type":"pageadvanced","target_tagname":"wizardpage","target_id":"proxyYES"}
INST a49a3cbfdc92f7a5 2016-03-28T23:48:58.100Z {"type":"wizardfinish","target_tagname":"wizard","target_id":"TorNetworkSettings"}
INST a49a3cbfdc92f7a5 2016-03-28T23:48:58.200Z {"type":"load","target_id":"progress_bar"}
INST a49a3cbfdc92f7a5 2016-03-28T23:49:35.800Z {"type":"click","target_tagname":"dialog","target_id":"TorProgress","detail":1}
INST a49a3cbfdc92f7a5 2016-03-28T23:49:35.800Z {"type":"dialogcancel","target_tagname":"dialog","target_id":"TorProgress"}
INST a49a3cbfdc92f7a5 2016-03-28T23:49:35.800Z {"type":"command","target_tagname":"dialog","target_id":"TorProgress"}
INST a49a3cbfdc92f7a5 2016-03-28T23:49:35.900Z {"type":"command","target_tagname":"wizard","target_id":"TorNetworkSettings"}
INST a49a3cbfdc92f7a5 2016-03-28T23:49:36.800Z {"type":"select","target_tagname":"textbox","target_id":"proxyPort"}
INST a49a3cbfdc92f7a5 2016-03-28T23:49:36.900Z {"type":"click","target_tagname":"textbox","target_id":"proxyPort","detail":1}
INST a49a3cbfdc92f7a5 2016-03-28T23:49:41.100Z {"type":"change","target_tagname":"textbox","target_id":"proxyPort","value":"X24"}
INST a49a3cbfdc92f7a5 2016-03-28T23:49:41.200Z {"type":"click","target_tagname":"wizard","target_id":"TorNetworkSettings","detail":1}
INST a49a3cbfdc92f7a5 2016-03-28T23:49:41.200Z {"type":"pagehide","target_tagname":"wizardpage","target_id":"proxyYES"}
INST a49a3cbfdc92f7a5 2016-03-28T23:49:41.200Z {"type":"pageadvanced","target_tagname":"wizardpage","target_id":"proxyYES"}
INST a49a3cbfdc92f7a5 2016-03-28T23:49:41.200Z {"type":"wizardfinish","target_tagname":"wizard","target_id":"TorNetworkSettings"}
INST a49a3cbfdc92f7a5 2016-03-28T23:49:41.200Z {"type":"alert_show","target_id":"failed_to_save_settings","value":"Unable to save Tor settings.\n\nUnacceptable option value: Socks4Proxy failed to parse or resolve. Please fix."}
INST a49a3cbfdc92f7a5 2016-03-28T23:49:44.700Z {"type":"alert_exit","target_id":"failed_to_save_settings","value":"Unable to save Tor settings.\n\nUnacceptable option value: Socks4Proxy failed to parse or resolve. Please fix."}
INST a49a3cbfdc92f7a5 2016-03-28T23:49:44.700Z {"type":"command","target_tagname":"wizard","target_id":"TorNetworkSettings"}
INST a49a3cbfdc92f7a5 2016-03-28T23:49:45.400Z {"type":"select","target_tagname":"textbox","target_id":"proxyPort"}
INST a49a3cbfdc92f7a5 2016-03-28T23:49:45.500Z {"type":"click","target_tagname":"textbox","target_id":"proxyPort","detail":1}
INST a49a3cbfdc92f7a5 2016-03-28T23:49:47.300Z {"type":"change","target_tagname":"textbox","target_id":"proxyPort","value":"24"}
INST a49a3cbfdc92f7a5 2016-03-28T23:49:47.400Z {"type":"click","target_tagname":"wizard","target_id":"TorNetworkSettings","detail":1}
INST a49a3cbfdc92f7a5 2016-03-28T23:49:47.400Z {"type":"pagehide","target_tagname":"wizardpage","target_id":"proxyYES"}
INST a49a3cbfdc92f7a5 2016-03-28T23:49:47.400Z {"type":"pageadvanced","target_tagname":"wizardpage","target_id":"proxyYES"}
INST a49a3cbfdc92f7a5 2016-03-28T23:49:47.400Z {"type":"wizardfinish","target_tagname":"wizard","target_id":"TorNetworkSettings"}
INST a49a3cbfdc92f7a5 2016-03-28T23:49:47.400Z {"type":"load","target_id":"progress_bar"}
INST a49a3cbfdc92f7a5 2016-03-28T23:52:38.400Z {"type":"click","target_tagname":"dialog","target_id":"TorProgress","detail":1}
INST a49a3cbfdc92f7a5 2016-03-28T23:52:38.400Z {"type":"dialogcancel","target_tagname":"dialog","target_id":"TorProgress"}
INST a49a3cbfdc92f7a5 2016-03-28T23:52:38.400Z {"type":"command","target_tagname":"dialog","target_id":"TorProgress"}
INST a49a3cbfdc92f7a5 2016-03-28T23:52:38.500Z {"type":"command","target_tagname":"wizard","target_id":"TorNetworkSettings"}
INST a49a3cbfdc92f7a5 2016-03-28T23:55:53.400Z {"type":"click","target_tagname":"label","target_id":"","detail":1}
INST a49a3cbfdc92f7a5 2016-03-28T23:57:26.200Z {"type":"click","target_tagname":"separator","target_id":"","detail":1}
INST a49a3cbfdc92f7a5 2016-03-28T23:57:27.500Z {"type":"select","target_tagname":"textbox","target_id":"proxyAddr"}
INST a49a3cbfdc92f7a5 2016-03-28T23:57:27.900Z {"type":"select","target_tagname":"textbox","target_id":"proxyAddr"}
INST a49a3cbfdc92f7a5 2016-03-28T23:57:27.900Z {"type":"click","target_tagname":"textbox","target_id":"proxyAddr","detail":1}
INST a49a3cbfdc92f7a5 2016-03-28T23:57:28.400Z {"type":"popupshown","target_tagname":"menupopup","target_id":"proxyType_menuPopup"}
INST a49a3cbfdc92f7a5 2016-03-28T23:57:28.500Z {"type":"click","target_tagname":"menulist","target_id":"proxyType","value":"SOCKS4","detail":1}
INST a49a3cbfdc92f7a5 2016-03-28T23:57:28.600Z {"type":"mouseover","target_tagname":"menuitem","target_id":"","value":""}
INST a49a3cbfdc92f7a5 2016-03-28T23:57:28.700Z {"type":"mouseout","target_tagname":"menuitem","target_id":"","value":""}
INST a49a3cbfdc92f7a5 2016-03-28T23:57:28.700Z {"type":"mouseover","target_tagname":"menuitem","target_id":"","value":"SOCKS4"}
INST a49a3cbfdc92f7a5 2016-03-28T23:57:28.800Z {"type":"mouseout","target_tagname":"menuitem","target_id":"","value":"SOCKS4"}
INST a49a3cbfdc92f7a5 2016-03-28T23:57:28.800Z {"type":"mouseover","target_tagname":"menuitem","target_id":"","value":"SOCKS5"}
INST a49a3cbfdc92f7a5 2016-03-28T23:57:28.900Z {"type":"mouseout","target_tagname":"menuitem","target_id":"","value":"SOCKS5"}
INST a49a3cbfdc92f7a5 2016-03-28T23:57:28.900Z {"type":"mouseover","target_tagname":"menuitem","target_id":"","value":"HTTP"}
INST a49a3cbfdc92f7a5 2016-03-28T23:57:29.200Z {"type":"click","target_tagname":"menuitem","target_id":"","value":"HTTP","detail":1}
INST a49a3cbfdc92f7a5 2016-03-28T23:57:29.200Z {"type":"select","target_tagname":"menulist","target_id":"proxyType","value":"HTTP"}
INST a49a3cbfdc92f7a5 2016-03-28T23:57:29.200Z {"type":"command","target_tagname":"menuitem","target_id":"","value":"HTTP"}
INST a49a3cbfdc92f7a5 2016-03-28T23:57:29.200Z {"type":"popuphidden","target_tagname":"menupopup","target_id":"proxyType_menuPopup"}
INST a49a3cbfdc92f7a5 2016-03-28T23:57:29.200Z {"type":"mouseout","target_tagname":"menuitem","target_id":"","value":"HTTP"}
INST a49a3cbfdc92f7a5 2016-03-28T23:57:29.800Z {"type":"select","target_tagname":"textbox","target_id":"proxyAddr"}
INST a49a3cbfdc92f7a5 2016-03-28T23:57:29.900Z {"type":"select","target_tagname":"textbox","target_id":"proxyAddr"}
INST a49a3cbfdc92f7a5 2016-03-28T23:57:29.900Z {"type":"click","target_tagname":"textbox","target_id":"proxyAddr","detail":1}
INST a49a3cbfdc92f7a5 2016-03-28T23:57:38.100Z {"type":"change","target_tagname":"textbox","target_id":"proxyAddr","value":"192.168.1.1"}
INST a49a3cbfdc92f7a5 2016-03-28T23:57:38.100Z {"type":"select","target_tagname":"textbox","target_id":"proxyPort"}
INST a49a3cbfdc92f7a5 2016-03-28T23:57:38.300Z {"type":"select","target_tagname":"textbox","target_id":"proxyPort"}
INST a49a3cbfdc92f7a5 2016-03-28T23:57:38.300Z {"type":"click","target_tagname":"textbox","target_id":"proxyPort","detail":1}
INST a49a3cbfdc92f7a5 2016-03-28T23:57:41.400Z {"type":"change","target_tagname":"textbox","target_id":"proxyPort","value":"2869"}
INST a49a3cbfdc92f7a5 2016-03-28T23:57:41.500Z {"type":"click","target_tagname":"wizard","target_id":"TorNetworkSettings","detail":1}
INST a49a3cbfdc92f7a5 2016-03-28T23:57:41.500Z {"type":"pagehide","target_tagname":"wizardpage","target_id":"proxyYES"}
INST a49a3cbfdc92f7a5 2016-03-28T23:57:41.500Z {"type":"pageadvanced","target_tagname":"wizardpage","target_id":"proxyYES"}
INST a49a3cbfdc92f7a5 2016-03-28T23:57:41.500Z {"type":"wizardfinish","target_tagname":"wizard","target_id":"TorNetworkSettings"}
INST a49a3cbfdc92f7a5 2016-03-28T23:57:41.500Z {"type":"load","target_id":"progress_bar"}
INST a49a3cbfdc92f7a5 2016-03-28T23:58:32.600Z {"type":"click","detail":1}
INST a49a3cbfdc92f7a5 2016-03-28T23:58:34.700Z {"type":"dialogcancel","target_tagname":"dialog","target_id":"TorProgress"}
INST a49a3cbfdc92f7a5 2016-03-28T23:58:34.700Z {"type":"command","target_tagname":"wizard","target_id":"TorNetworkSettings"}
INST a49a3cbfdc92f7a5 2016-03-28T23:58:35.600Z {"type":"select","target_tagname":"textbox","target_id":"proxyAddr"}
INST a49a3cbfdc92f7a5 2016-03-28T23:58:35.700Z {"type":"click","target_tagname":"textbox","target_id":"proxyAddr","detail":1}
INST a49a3cbfdc92f7a5 2016-03-28T23:58:36.100Z {"type":"select","target_tagname":"textbox","target_id":"proxyAddr"}
INST a49a3cbfdc92f7a5 2016-03-28T23:58:36.100Z {"type":"click","target_tagname":"textbox","target_id":"proxyAddr","detail":1}
INST a49a3cbfdc92f7a5 2016-03-28T23:58:43.100Z {"type":"click","target_tagname":"vbox","target_id":"","detail":1}
INST a49a3cbfdc92f7a5 2016-03-28T23:58:50.100Z {"type":"change","target_tagname":"textbox","target_id":"proxyAddr","value":"127.0.0.1"}
INST a49a3cbfdc92f7a5 2016-03-28T23:58:50.100Z {"type":"select","target_tagname":"textbox","target_id":"proxyPort"}
INST a49a3cbfdc92f7a5 2016-03-28T23:58:50.300Z {"type":"select","target_tagname":"textbox","target_id":"proxyPort"}
INST a49a3cbfdc92f7a5 2016-03-28T23:58:50.300Z {"type":"click","target_tagname":"textbox","target_id":"proxyPort","detail":1}
INST a49a3cbfdc92f7a5 2016-03-28T23:58:53.700Z {"type":"change","target_tagname":"textbox","target_id":"proxyPort","value":""}
INST a49a3cbfdc92f7a5 2016-03-28T23:58:53.800Z {"type":"click","target_tagname":"wizard","target_id":"TorNetworkSettings","detail":1}
INST a49a3cbfdc92f7a5 2016-03-28T23:58:53.800Z {"type":"pagehide","target_tagname":"wizardpage","target_id":"proxyYES"}
INST a49a3cbfdc92f7a5 2016-03-28T23:58:53.800Z {"type":"pageadvanced","target_tagname":"wizardpage","target_id":"proxyYES"}
INST a49a3cbfdc92f7a5 2016-03-28T23:58:53.800Z {"type":"wizardfinish","target_tagname":"wizard","target_id":"TorNetworkSettings"}
INST a49a3cbfdc92f7a5 2016-03-28T23:58:53.900Z {"type":"load","target_id":"progress_bar"}
INST a49a3cbfdc92f7a5 2016-03-29T00:00:55.600Z {"type":"click","target_tagname":"label","target_id":"progressHeading","detail":1}
INST a49a3cbfdc92f7a5 2016-03-29T00:01:48.100Z {"type":"click","target_tagname":"description","target_id":"progressDesc","detail":1}
INST a49a3cbfdc92f7a5 2016-03-29T00:01:51.700Z {"type":"click","target_tagname":"dialog","target_id":"TorProgress","detail":1}
INST a49a3cbfdc92f7a5 2016-03-29T00:01:51.700Z {"type":"dialogcancel","target_tagname":"dialog","target_id":"TorProgress"}
INST a49a3cbfdc92f7a5 2016-03-29T00:01:51.700Z {"type":"command","target_tagname":"dialog","target_id":"TorProgress"}
INST a49a3cbfdc92f7a5 2016-03-29T00:01:51.700Z {"type":"command","target_tagname":"wizard","target_id":"TorNetworkSettings"}
INST a49a3cbfdc92f7a5 2016-03-29T00:01:54.300Z {"type":"popupshown","target_tagname":"menupopup","target_id":"proxyType_menuPopup"}
INST a49a3cbfdc92f7a5 2016-03-29T00:01:54.400Z {"type":"click","target_tagname":"menulist","target_id":"proxyType","value":"HTTP","detail":1}
INST a49a3cbfdc92f7a5 2016-03-29T00:01:54.500Z {"type":"mouseover","target_tagname":"menuitem","target_id":"","value":""}
INST a49a3cbfdc92f7a5 2016-03-29T00:01:54.600Z {"type":"mouseout","target_tagname":"menuitem","target_id":"","value":""}
INST a49a3cbfdc92f7a5 2016-03-29T00:01:54.600Z {"type":"mouseover","target_tagname":"menuitem","target_id":"","value":"SOCKS4"}
INST a49a3cbfdc92f7a5 2016-03-29T00:01:55.200Z {"type":"click","target_tagname":"menuitem","target_id":"","value":"SOCKS4","detail":1}
INST a49a3cbfdc92f7a5 2016-03-29T00:01:55.200Z {"type":"select","target_tagname":"menulist","target_id":"proxyType","value":"SOCKS4"}
INST a49a3cbfdc92f7a5 2016-03-29T00:01:55.200Z {"type":"command","target_tagname":"menuitem","target_id":"","value":"SOCKS4"}
INST a49a3cbfdc92f7a5 2016-03-29T00:01:55.200Z {"type":"popuphidden","target_tagname":"menupopup","target_id":"proxyType_menuPopup"}
INST a49a3cbfdc92f7a5 2016-03-29T00:01:55.200Z {"type":"mouseout","target_tagname":"menuitem","target_id":"","value":"SOCKS4"}
INST a49a3cbfdc92f7a5 2016-03-29T00:01:56.300Z {"type":"click","target_tagname":"wizard","target_id":"TorNetworkSettings","detail":1}
INST a49a3cbfdc92f7a5 2016-03-29T00:01:56.300Z {"type":"pagehide","target_tagname":"wizardpage","target_id":"proxyYES"}
INST a49a3cbfdc92f7a5 2016-03-29T00:01:56.300Z {"type":"pageadvanced","target_tagname":"wizardpage","target_id":"proxyYES"}
INST a49a3cbfdc92f7a5 2016-03-29T00:01:56.300Z {"type":"wizardfinish","target_tagname":"wizard","target_id":"TorNetworkSettings"}
INST a49a3cbfdc92f7a5 2016-03-29T00:01:56.300Z {"type":"load","target_id":"progress_bar"}
INST a49a3cbfdc92f7a5 2016-03-29T00:02:00.500Z {"type":"click","target_tagname":"dialog","target_id":"TorProgress","detail":1}
INST a49a3cbfdc92f7a5 2016-03-29T00:02:00.500Z {"type":"dialogcancel","target_tagname":"dialog","target_id":"TorProgress"}
INST a49a3cbfdc92f7a5 2016-03-29T00:02:00.500Z {"type":"command","target_tagname":"dialog","target_id":"TorProgress"}
INST a49a3cbfdc92f7a5 2016-03-29T00:02:00.500Z {"type":"command","target_tagname":"wizard","target_id":"TorNetworkSettings"}
INST a49a3cbfdc92f7a5 2016-03-29T00:02:01.200Z {"type":"popupshown","target_tagname":"menupopup","target_id":"proxyType_menuPopup"}
INST a49a3cbfdc92f7a5 2016-03-29T00:02:01.300Z {"type":"click","target_tagname":"menulist","target_id":"proxyType","value":"SOCKS4","detail":1}
INST a49a3cbfdc92f7a5 2016-03-29T00:02:01.400Z {"type":"mouseover","target_tagname":"menuitem","target_id":"","value":""}
INST a49a3cbfdc92f7a5 2016-03-29T00:02:01.500Z {"type":"mouseout","target_tagname":"menuitem","target_id":"","value":""}
INST a49a3cbfdc92f7a5 2016-03-29T00:02:01.500Z {"type":"mouseover","target_tagname":"menuitem","target_id":"","value":"SOCKS4"}
INST a49a3cbfdc92f7a5 2016-03-29T00:02:01.600Z {"type":"mouseout","target_tagname":"menuitem","target_id":"","value":"SOCKS4"}
INST a49a3cbfdc92f7a5 2016-03-29T00:02:01.600Z {"type":"mouseover","target_tagname":"menuitem","target_id":"","value":"SOCKS5"}
INST a49a3cbfdc92f7a5 2016-03-29T00:02:02.000Z {"type":"click","target_tagname":"menuitem","target_id":"","value":"SOCKS5","detail":1}
INST a49a3cbfdc92f7a5 2016-03-29T00:02:02.000Z {"type":"select","target_tagname":"menulist","target_id":"proxyType","value":"SOCKS5"}
INST a49a3cbfdc92f7a5 2016-03-29T00:02:02.000Z {"type":"command","target_tagname":"menuitem","target_id":"","value":"SOCKS5"}
INST a49a3cbfdc92f7a5 2016-03-29T00:02:02.000Z {"type":"popuphidden","target_tagname":"menupopup","target_id":"proxyType_menuPopup"}
INST a49a3cbfdc92f7a5 2016-03-29T00:02:02.000Z {"type":"mouseout","target_tagname":"menuitem","target_id":"","value":"SOCKS5"}
INST a49a3cbfdc92f7a5 2016-03-29T00:02:02.900Z {"type":"click","target_tagname":"wizard","target_id":"TorNetworkSettings","detail":1}
INST a49a3cbfdc92f7a5 2016-03-29T00:02:02.900Z {"type":"pagehide","target_tagname":"wizardpage","target_id":"proxyYES"}
INST a49a3cbfdc92f7a5 2016-03-29T00:02:02.900Z {"type":"pageadvanced","target_tagname":"wizardpage","target_id":"proxyYES"}
INST a49a3cbfdc92f7a5 2016-03-29T00:02:02.900Z {"type":"wizardfinish","target_tagname":"wizard","target_id":"TorNetworkSettings"}
INST a49a3cbfdc92f7a5 2016-03-29T00:02:02.900Z {"type":"load","target_id":"progress_bar"}
INST a49a3cbfdc92f7a5 2016-03-29T00:02:05.200Z {"type":"click","target_tagname":"dialog","target_id":"TorProgress","detail":1}
INST a49a3cbfdc92f7a5 2016-03-29T00:02:05.200Z {"type":"dialogcancel","target_tagname":"dialog","target_id":"TorProgress"}
INST a49a3cbfdc92f7a5 2016-03-29T00:02:05.200Z {"type":"command","target_tagname":"dialog","target_id":"TorProgress"}
INST a49a3cbfdc92f7a5 2016-03-29T00:02:05.200Z {"type":"command","target_tagname":"wizard","target_id":"TorNetworkSettings"}
INST a49a3cbfdc92f7a5 2016-03-29T00:02:11.500Z {"type":"popupshown","target_tagname":"menupopup","target_id":"proxyType_menuPopup"}
INST a49a3cbfdc92f7a5 2016-03-29T00:02:11.500Z {"type":"click","target_tagname":"menulist","target_id":"proxyType","value":"SOCKS5","detail":1}
INST a49a3cbfdc92f7a5 2016-03-29T00:02:11.800Z {"type":"mouseover","target_tagname":"menuitem","target_id":"","value":""}
INST a49a3cbfdc92f7a5 2016-03-29T00:02:12.000Z {"type":"mouseout","target_tagname":"menuitem","target_id":"","value":""}
INST a49a3cbfdc92f7a5 2016-03-29T00:02:12.000Z {"type":"mouseover","target_tagname":"menuitem","target_id":"","value":"SOCKS4"}
INST a49a3cbfdc92f7a5 2016-03-29T00:02:12.100Z {"type":"mouseout","target_tagname":"menuitem","target_id":"","value":"SOCKS4"}
INST a49a3cbfdc92f7a5 2016-03-29T00:02:12.100Z {"type":"mouseover","target_tagname":"menuitem","target_id":"","value":"SOCKS5"}
INST a49a3cbfdc92f7a5 2016-03-29T00:02:12.400Z {"type":"mouseout","target_tagname":"menuitem","target_id":"","value":"SOCKS5"}
INST a49a3cbfdc92f7a5 2016-03-29T00:02:12.400Z {"type":"mouseover","target_tagname":"menuitem","target_id":"","value":"HTTP"}
INST a49a3cbfdc92f7a5 2016-03-29T00:02:13.900Z {"type":"mouseout","target_tagname":"menuitem","target_id":"","value":"HTTP"}
INST a49a3cbfdc92f7a5 2016-03-29T00:02:16.000Z {"type":"popuphidden","target_tagname":"menupopup","target_id":"proxyType_menuPopup"}
INST a49a3cbfdc92f7a5 2016-03-29T00:04:25.800Z {"type":"wizardcancel","target_tagname":"wizard","target_id":"TorNetworkSettings"}
INST a49a3cbfdc92f7a5 2016-03-29T00:04:25.800Z {"type":"unload","target_id":"configuration"}
