INST 837033a39055872b 2016-03-28T23:20:50.900Z {"type":"start"}
INST 837033a39055872b 2016-03-28T23:20:51.900Z {"type":"select","target_tagname":"menulist","target_id":"proxyType","value":""}
INST 837033a39055872b 2016-03-28T23:20:51.900Z {"type":"wizardnext","target_tagname":"wizard","target_id":"TorNetworkSettings"}
INST 837033a39055872b 2016-03-28T23:20:51.900Z {"type":"pageshow","target_tagname":"wizardpage","target_id":"first"}
INST 837033a39055872b 2016-03-28T23:20:51.900Z {"type":"load","target_id":"configuration"}
INST 837033a39055872b 2016-03-28T23:20:51.900Z {"type":"select","target_tagname":"menulist","target_id":"defaultBridgeType","value":"obfs3"}
INST 837033a39055872b 2016-03-28T23:21:03.800Z {"type":"click","target_tagname":"button","target_id":"configure_button","detail":1}
INST 837033a39055872b 2016-03-28T23:21:03.800Z {"type":"pagehide","target_tagname":"wizardpage","target_id":"first"}
INST 837033a39055872b 2016-03-28T23:21:03.800Z {"type":"pageadvanced","target_tagname":"wizardpage","target_id":"first"}
INST 837033a39055872b 2016-03-28T23:21:03.800Z {"type":"wizardnext","target_tagname":"wizard","target_id":"TorNetworkSettings"}
INST 837033a39055872b 2016-03-28T23:21:03.800Z {"type":"pageshow","target_tagname":"wizardpage","target_id":"bridges"}
INST 837033a39055872b 2016-03-28T23:21:03.800Z {"type":"command","target_tagname":"button","target_id":"configure_button"}
INST 837033a39055872b 2016-03-28T23:21:08.600Z {"type":"click","target_tagname":"radio","target_id":"bridgesRadioYes","detail":1}
INST 837033a39055872b 2016-03-28T23:21:08.600Z {"type":"command","target_tagname":"radio","target_id":"bridgesRadioYes"}
INST 837033a39055872b 2016-03-28T23:21:13.300Z {"type":"click","target_tagname":"wizard","target_id":"TorNetworkSettings","detail":1}
INST 837033a39055872b 2016-03-28T23:21:13.300Z {"type":"pagehide","target_tagname":"wizardpage","target_id":"bridges"}
INST 837033a39055872b 2016-03-28T23:21:13.300Z {"type":"pageadvanced","target_tagname":"wizardpage","target_id":"bridges"}
INST 837033a39055872b 2016-03-28T23:21:13.300Z {"type":"wizardnext","target_tagname":"wizard","target_id":"TorNetworkSettings"}
INST 837033a39055872b 2016-03-28T23:21:13.300Z {"type":"pageshow","target_tagname":"wizardpage","target_id":"bridgeSettings"}
INST 837033a39055872b 2016-03-28T23:21:13.300Z {"type":"command","target_tagname":"wizard","target_id":"TorNetworkSettings"}
INST 837033a39055872b 2016-03-28T23:21:21.000Z {"type":"click","target_tagname":"wizard","target_id":"TorNetworkSettings","detail":1}
INST 837033a39055872b 2016-03-28T23:21:21.000Z {"type":"pagehide","target_tagname":"wizardpage","target_id":"bridgeSettings"}
INST 837033a39055872b 2016-03-28T23:21:21.000Z {"type":"pageadvanced","target_tagname":"wizardpage","target_id":"bridgeSettings"}
INST 837033a39055872b 2016-03-28T23:21:21.000Z {"type":"wizardnext","target_tagname":"wizard","target_id":"TorNetworkSettings"}
INST 837033a39055872b 2016-03-28T23:21:21.000Z {"type":"pageshow","target_tagname":"wizardpage","target_id":"proxy"}
INST 837033a39055872b 2016-03-28T23:21:21.000Z {"type":"command","target_tagname":"wizard","target_id":"TorNetworkSettings"}
INST 837033a39055872b 2016-03-28T23:21:25.100Z {"type":"click","target_tagname":"radio","target_id":"proxyRadioYes","detail":1}
INST 837033a39055872b 2016-03-28T23:21:25.100Z {"type":"command","target_tagname":"radio","target_id":"proxyRadioYes"}
INST 837033a39055872b 2016-03-28T23:21:30.400Z {"type":"click","target_tagname":"wizard","target_id":"TorNetworkSettings","detail":1}
INST 837033a39055872b 2016-03-28T23:21:30.400Z {"type":"pagehide","target_tagname":"wizardpage","target_id":"proxy"}
INST 837033a39055872b 2016-03-28T23:21:30.400Z {"type":"pageadvanced","target_tagname":"wizardpage","target_id":"proxy"}
INST 837033a39055872b 2016-03-28T23:21:30.400Z {"type":"wizardnext","target_tagname":"wizard","target_id":"TorNetworkSettings"}
INST 837033a39055872b 2016-03-28T23:21:30.400Z {"type":"pageshow","target_tagname":"wizardpage","target_id":"proxyYES"}
INST 837033a39055872b 2016-03-28T23:21:30.400Z {"type":"command","target_tagname":"wizard","target_id":"TorNetworkSettings"}
INST 837033a39055872b 2016-03-28T23:21:32.400Z {"type":"popupshown","target_tagname":"menupopup","target_id":"proxyType_menuPopup"}
INST 837033a39055872b 2016-03-28T23:21:32.400Z {"type":"click","target_tagname":"menulist","target_id":"proxyType","value":"","detail":1}
INST 837033a39055872b 2016-03-28T23:21:34.200Z {"type":"mouseover","target_tagname":"menuitem","target_id":"","value":""}
INST 837033a39055872b 2016-03-28T23:21:34.200Z {"type":"mouseout","target_tagname":"menuitem","target_id":"","value":""}
INST 837033a39055872b 2016-03-28T23:21:34.200Z {"type":"mouseover","target_tagname":"menuitem","target_id":"","value":"SOCKS4"}
INST 837033a39055872b 2016-03-28T23:21:34.500Z {"type":"mouseout","target_tagname":"menuitem","target_id":"","value":"SOCKS4"}
INST 837033a39055872b 2016-03-28T23:21:34.500Z {"type":"mouseover","target_tagname":"menuitem","target_id":"","value":"SOCKS5"}
INST 837033a39055872b 2016-03-28T23:21:34.600Z {"type":"mouseout","target_tagname":"menuitem","target_id":"","value":"SOCKS5"}
INST 837033a39055872b 2016-03-28T23:21:34.600Z {"type":"mouseover","target_tagname":"menuitem","target_id":"","value":"HTTP"}
INST 837033a39055872b 2016-03-28T23:21:34.900Z {"type":"click","target_tagname":"menuitem","target_id":"","value":"HTTP","detail":1}
INST 837033a39055872b 2016-03-28T23:21:34.900Z {"type":"select","target_tagname":"menulist","target_id":"proxyType","value":"HTTP"}
INST 837033a39055872b 2016-03-28T23:21:34.900Z {"type":"command","target_tagname":"menuitem","target_id":"","value":"HTTP"}
INST 837033a39055872b 2016-03-28T23:21:34.900Z {"type":"popuphidden","target_tagname":"menupopup","target_id":"proxyType_menuPopup"}
INST 837033a39055872b 2016-03-28T23:21:34.900Z {"type":"mouseout","target_tagname":"menuitem","target_id":"","value":"HTTP"}
INST 837033a39055872b 2016-03-28T23:21:41.100Z {"type":"click","target_tagname":"wizard","target_id":"TorNetworkSettings","detail":1}
INST 837033a39055872b 2016-03-28T23:21:41.100Z {"type":"pagehide","target_tagname":"wizardpage","target_id":"proxyYES"}
INST 837033a39055872b 2016-03-28T23:21:41.100Z {"type":"pageadvanced","target_tagname":"wizardpage","target_id":"proxyYES"}
INST 837033a39055872b 2016-03-28T23:21:41.200Z {"type":"alert_show","target_id":"failed_to_save_settings","value":"Unable to save Tor settings.\n\nYou must specify both an IP address or hostname and a port number to configure Tor to use a proxy to access the Internet."}
INST 837033a39055872b 2016-03-28T23:21:43.600Z {"type":"alert_exit","target_id":"failed_to_save_settings","value":"Unable to save Tor settings.\n\nYou must specify both an IP address or hostname and a port number to configure Tor to use a proxy to access the Internet."}
INST 837033a39055872b 2016-03-28T23:21:43.600Z {"type":"command","target_tagname":"wizard","target_id":"TorNetworkSettings"}
INST 837033a39055872b 2016-03-28T23:21:45.100Z {"type":"click","target_tagname":"wizard","target_id":"TorNetworkSettings","detail":1}
INST 837033a39055872b 2016-03-28T23:21:45.100Z {"type":"pagehide","target_tagname":"wizardpage","target_id":"proxyYES"}
INST 837033a39055872b 2016-03-28T23:21:45.100Z {"type":"pagerewound","target_tagname":"wizardpage","target_id":"proxyYES"}
INST 837033a39055872b 2016-03-28T23:21:45.100Z {"type":"wizardback","target_tagname":"wizard","target_id":"TorNetworkSettings"}
INST 837033a39055872b 2016-03-28T23:21:45.100Z {"type":"pageshow","target_tagname":"wizardpage","target_id":"proxy"}
INST 837033a39055872b 2016-03-28T23:21:45.100Z {"type":"command","target_tagname":"wizard","target_id":"TorNetworkSettings"}
INST 837033a39055872b 2016-03-28T23:21:46.300Z {"type":"click","target_tagname":"radio","target_id":"proxyRadioNo","detail":1}
INST 837033a39055872b 2016-03-28T23:21:46.300Z {"type":"command","target_tagname":"radio","target_id":"proxyRadioNo"}
INST 837033a39055872b 2016-03-28T23:21:47.500Z {"type":"click","target_tagname":"wizard","target_id":"TorNetworkSettings","detail":1}
INST 837033a39055872b 2016-03-28T23:21:47.500Z {"type":"pagehide","target_tagname":"wizardpage","target_id":"proxy"}
INST 837033a39055872b 2016-03-28T23:21:47.500Z {"type":"pageadvanced","target_tagname":"wizardpage","target_id":"proxy"}
INST 837033a39055872b 2016-03-28T23:21:47.500Z {"type":"wizardfinish","target_tagname":"wizard","target_id":"TorNetworkSettings"}
INST 837033a39055872b 2016-03-28T23:21:47.600Z {"type":"load","target_id":"progress_bar"}
INST 837033a39055872b 2016-03-28T23:21:54.400Z {"type":"progresschanged","target_tagname":"progressmeter","target_id":"progressMeter","value":"5"}
INST 837033a39055872b 2016-03-28T23:21:54.400Z {"type":"progresschanged","target_tagname":"progressmeter","target_id":"progressMeter","value":"10"}
INST 837033a39055872b 2016-03-28T23:22:15.000Z {"type":"click","detail":1}
INST 837033a39055872b 2016-03-28T23:22:53.300Z {"type":"click","target_tagname":"dialog","target_id":"TorProgress","detail":1}
INST 837033a39055872b 2016-03-28T23:22:53.300Z {"type":"dialogcancel","target_tagname":"dialog","target_id":"TorProgress"}
INST 837033a39055872b 2016-03-28T23:22:53.300Z {"type":"command","target_tagname":"dialog","target_id":"TorProgress"}
INST 837033a39055872b 2016-03-28T23:22:53.300Z {"type":"command","target_tagname":"wizard","target_id":"TorNetworkSettings"}
INST 837033a39055872b 2016-03-28T23:22:54.600Z {"type":"click","target_tagname":"radio","target_id":"proxyRadioYes","detail":1}
INST 837033a39055872b 2016-03-28T23:22:54.600Z {"type":"command","target_tagname":"radio","target_id":"proxyRadioYes"}
INST 837033a39055872b 2016-03-28T23:22:55.500Z {"type":"click","target_tagname":"wizard","target_id":"TorNetworkSettings","detail":1}
INST 837033a39055872b 2016-03-28T23:22:55.500Z {"type":"pagehide","target_tagname":"wizardpage","target_id":"proxy"}
INST 837033a39055872b 2016-03-28T23:22:55.500Z {"type":"pageadvanced","target_tagname":"wizardpage","target_id":"proxy"}
INST 837033a39055872b 2016-03-28T23:22:55.500Z {"type":"wizardnext","target_tagname":"wizard","target_id":"TorNetworkSettings"}
INST 837033a39055872b 2016-03-28T23:22:55.500Z {"type":"pageshow","target_tagname":"wizardpage","target_id":"proxyYES"}
INST 837033a39055872b 2016-03-28T23:22:55.500Z {"type":"command","target_tagname":"wizard","target_id":"TorNetworkSettings"}
INST 837033a39055872b 2016-03-28T23:23:00.700Z {"type":"click","target_tagname":"wizard","target_id":"TorNetworkSettings","detail":1}
INST 837033a39055872b 2016-03-28T23:23:00.700Z {"type":"pagehide","target_tagname":"wizardpage","target_id":"proxyYES"}
INST 837033a39055872b 2016-03-28T23:23:00.700Z {"type":"pagerewound","target_tagname":"wizardpage","target_id":"proxyYES"}
INST 837033a39055872b 2016-03-28T23:23:00.700Z {"type":"wizardback","target_tagname":"wizard","target_id":"TorNetworkSettings"}
INST 837033a39055872b 2016-03-28T23:23:00.700Z {"type":"pageshow","target_tagname":"wizardpage","target_id":"proxy"}
INST 837033a39055872b 2016-03-28T23:23:00.700Z {"type":"command","target_tagname":"wizard","target_id":"TorNetworkSettings"}
INST 837033a39055872b 2016-03-28T23:23:03.900Z {"type":"click","target_tagname":"radio","target_id":"proxyRadioNo","detail":1}
INST 837033a39055872b 2016-03-28T23:23:03.900Z {"type":"command","target_tagname":"radio","target_id":"proxyRadioNo"}
INST 837033a39055872b 2016-03-28T23:23:05.500Z {"type":"click","target_tagname":"wizard","target_id":"TorNetworkSettings","detail":1}
INST 837033a39055872b 2016-03-28T23:23:05.500Z {"type":"pagehide","target_tagname":"wizardpage","target_id":"proxy"}
INST 837033a39055872b 2016-03-28T23:23:05.500Z {"type":"pageadvanced","target_tagname":"wizardpage","target_id":"proxy"}
INST 837033a39055872b 2016-03-28T23:23:05.500Z {"type":"wizardfinish","target_tagname":"wizard","target_id":"TorNetworkSettings"}
INST 837033a39055872b 2016-03-28T23:23:05.600Z {"type":"load","target_id":"progress_bar"}
INST 837033a39055872b 2016-03-28T23:24:00.700Z {"type":"click","target_tagname":"vbox","target_id":"","detail":1}
INST 837033a39055872b 2016-03-28T23:24:00.900Z {"type":"click","target_tagname":"vbox","target_id":"","detail":2}
INST 837033a39055872b 2016-03-28T23:24:08.400Z {"type":"click","target_tagname":"label","target_id":"progressHeading","detail":1}
INST 837033a39055872b 2016-03-28T23:24:09.100Z {"type":"click","target_tagname":"vbox","target_id":"","detail":1}
INST 837033a39055872b 2016-03-28T23:24:09.800Z {"type":"click","target_tagname":"progressmeter","target_id":"progressMeter","detail":1}
INST 837033a39055872b 2016-03-28T23:24:09.900Z {"type":"click","target_tagname":"progressmeter","target_id":"progressMeter","detail":2}
INST 837033a39055872b 2016-03-28T23:24:13.700Z {"type":"click","target_tagname":"progressmeter","target_id":"progressMeter","detail":1}
INST 837033a39055872b 2016-03-28T23:24:34.000Z {"type":"click","target_tagname":"description","target_id":"progressDesc","detail":1}
INST 837033a39055872b 2016-03-28T23:24:59.400Z {"type":"click","target_tagname":"dialog","target_id":"TorProgress","detail":1}
INST 837033a39055872b 2016-03-28T23:25:35.500Z {"type":"click","target_tagname":"description","target_id":"progressDesc","detail":1}
INST 837033a39055872b 2016-03-28T23:25:58.600Z {"type":"click","target_tagname":"label","target_id":"progressHeading","detail":1}
INST 837033a39055872b 2016-03-28T23:25:58.800Z {"type":"click","target_tagname":"label","target_id":"progressHeading","detail":2}
INST 837033a39055872b 2016-03-28T23:25:59.000Z {"type":"click","target_tagname":"label","target_id":"progressHeading","detail":3}
INST 837033a39055872b 2016-03-28T23:26:01.300Z {"type":"dialogcancel","target_tagname":"dialog","target_id":"TorProgress"}
INST 837033a39055872b 2016-03-28T23:26:01.300Z {"type":"command","target_tagname":"wizard","target_id":"TorNetworkSettings"}
INST 837033a39055872b 2016-03-28T23:26:02.900Z {"type":"click","target_tagname":"wizard","target_id":"TorNetworkSettings","detail":1}
INST 837033a39055872b 2016-03-28T23:26:02.900Z {"type":"pagehide","target_tagname":"wizardpage","target_id":"proxy"}
INST 837033a39055872b 2016-03-28T23:26:02.900Z {"type":"pageadvanced","target_tagname":"wizardpage","target_id":"proxy"}
INST 837033a39055872b 2016-03-28T23:26:02.900Z {"type":"wizardfinish","target_tagname":"wizard","target_id":"TorNetworkSettings"}
INST 837033a39055872b 2016-03-28T23:26:03.000Z {"type":"load","target_id":"progress_bar"}
INST 837033a39055872b 2016-03-28T23:26:22.500Z {"type":"click","target_tagname":"progressmeter","target_id":"progressMeter","detail":1}
INST 837033a39055872b 2016-03-28T23:26:24.000Z {"type":"click","target_tagname":"description","target_id":"progressDesc","detail":1}
INST 837033a39055872b 2016-03-28T23:27:33.700Z {"type":"click","target_tagname":"vbox","target_id":"","detail":1}
INST 837033a39055872b 2016-03-28T23:27:33.900Z {"type":"click","target_tagname":"vbox","target_id":"","detail":1}
INST 837033a39055872b 2016-03-28T23:27:45.200Z {"type":"dialogcancel","target_tagname":"dialog","target_id":"TorProgress"}
INST 837033a39055872b 2016-03-28T23:27:45.300Z {"type":"command","target_tagname":"wizard","target_id":"TorNetworkSettings"}
INST 837033a39055872b 2016-03-28T23:27:46.800Z {"type":"click","target_tagname":"wizard","target_id":"TorNetworkSettings","detail":1}
INST 837033a39055872b 2016-03-28T23:27:46.800Z {"type":"pagehide","target_tagname":"wizardpage","target_id":"proxy"}
INST 837033a39055872b 2016-03-28T23:27:46.800Z {"type":"pagerewound","target_tagname":"wizardpage","target_id":"proxy"}
INST 837033a39055872b 2016-03-28T23:27:46.800Z {"type":"wizardback","target_tagname":"wizard","target_id":"TorNetworkSettings"}
INST 837033a39055872b 2016-03-28T23:27:46.800Z {"type":"pageshow","target_tagname":"wizardpage","target_id":"bridgeSettings"}
INST 837033a39055872b 2016-03-28T23:27:46.800Z {"type":"command","target_tagname":"wizard","target_id":"TorNetworkSettings"}
INST 837033a39055872b 2016-03-28T23:27:48.800Z {"type":"popupshown","target_tagname":"menupopup","target_id":"defaultBridgeType_menuPopup"}
INST 837033a39055872b 2016-03-28T23:27:48.900Z {"type":"click","target_tagname":"menulist","target_id":"defaultBridgeType","value":"obfs3","detail":1}
INST 837033a39055872b 2016-03-28T23:27:52.500Z {"type":"popuphidden","target_tagname":"menupopup","target_id":"defaultBridgeType_menuPopup"}
INST 837033a39055872b 2016-03-28T23:27:53.600Z {"type":"click","target_tagname":"wizard","target_id":"TorNetworkSettings","detail":1}
INST 837033a39055872b 2016-03-28T23:27:53.600Z {"type":"pagehide","target_tagname":"wizardpage","target_id":"bridgeSettings"}
INST 837033a39055872b 2016-03-28T23:27:53.600Z {"type":"pagerewound","target_tagname":"wizardpage","target_id":"bridgeSettings"}
INST 837033a39055872b 2016-03-28T23:27:53.600Z {"type":"wizardback","target_tagname":"wizard","target_id":"TorNetworkSettings"}
INST 837033a39055872b 2016-03-28T23:27:53.600Z {"type":"pageshow","target_tagname":"wizardpage","target_id":"bridges"}
INST 837033a39055872b 2016-03-28T23:27:53.600Z {"type":"command","target_tagname":"wizard","target_id":"TorNetworkSettings"}
INST 837033a39055872b 2016-03-28T23:27:58.500Z {"type":"click","target_tagname":"wizard","target_id":"TorNetworkSettings","detail":1}
INST 837033a39055872b 2016-03-28T23:27:58.500Z {"type":"pagehide","target_tagname":"wizardpage","target_id":"bridges"}
INST 837033a39055872b 2016-03-28T23:27:58.500Z {"type":"pageadvanced","target_tagname":"wizardpage","target_id":"bridges"}
INST 837033a39055872b 2016-03-28T23:27:58.500Z {"type":"wizardnext","target_tagname":"wizard","target_id":"TorNetworkSettings"}
INST 837033a39055872b 2016-03-28T23:27:58.500Z {"type":"pageshow","target_tagname":"wizardpage","target_id":"bridgeSettings"}
INST 837033a39055872b 2016-03-28T23:27:58.500Z {"type":"command","target_tagname":"wizard","target_id":"TorNetworkSettings"}
INST 837033a39055872b 2016-03-28T23:28:02.800Z {"type":"popupshown","target_tagname":"menupopup","target_id":"defaultBridgeType_menuPopup"}
INST 837033a39055872b 2016-03-28T23:28:02.800Z {"type":"click","target_tagname":"menulist","target_id":"defaultBridgeType","value":"obfs3","detail":1}
INST 837033a39055872b 2016-03-28T23:28:05.400Z {"type":"mouseover","target_tagname":"menuitem","target_id":"","value":"flashproxy"}
INST 837033a39055872b 2016-03-28T23:28:05.500Z {"type":"mouseout","target_tagname":"menuitem","target_id":"","value":"flashproxy"}
INST 837033a39055872b 2016-03-28T23:28:05.500Z {"type":"mouseover","target_tagname":"menuitem","target_id":"","value":"fte"}
INST 837033a39055872b 2016-03-28T23:28:05.500Z {"type":"mouseout","target_tagname":"menuitem","target_id":"","value":"fte"}
INST 837033a39055872b 2016-03-28T23:28:05.500Z {"type":"mouseover","target_tagname":"menuitem","target_id":"","value":"fte-ipv6"}
INST 837033a39055872b 2016-03-28T23:28:05.600Z {"type":"mouseout","target_tagname":"menuitem","target_id":"","value":"fte-ipv6"}
INST 837033a39055872b 2016-03-28T23:28:05.600Z {"type":"mouseover","target_tagname":"menuitem","target_id":"","value":"meek-amazon"}
INST 837033a39055872b 2016-03-28T23:28:05.600Z {"type":"mouseout","target_tagname":"menuitem","target_id":"","value":"meek-amazon"}
INST 837033a39055872b 2016-03-28T23:28:05.600Z {"type":"mouseover","target_tagname":"menuitem","target_id":"","value":"meek-azure"}
INST 837033a39055872b 2016-03-28T23:28:05.800Z {"type":"mouseout","target_tagname":"menuitem","target_id":"","value":"meek-azure"}
INST 837033a39055872b 2016-03-28T23:28:05.800Z {"type":"mouseover","target_tagname":"menuitem","target_id":"","value":"meek-google"}
INST 837033a39055872b 2016-03-28T23:28:06.600Z {"type":"mouseout","target_tagname":"menuitem","target_id":"","value":"meek-google"}
INST 837033a39055872b 2016-03-28T23:28:06.600Z {"type":"mouseover","target_tagname":"menuitem","target_id":"","value":"obfs3"}
INST 837033a39055872b 2016-03-28T23:28:07.300Z {"type":"mouseout","target_tagname":"menuitem","target_id":"","value":"obfs3"}
INST 837033a39055872b 2016-03-28T23:28:07.300Z {"type":"mouseover","target_tagname":"menuitem","target_id":"","value":"meek-google"}
INST 837033a39055872b 2016-03-28T23:28:07.700Z {"type":"click","target_tagname":"menuitem","target_id":"","value":"meek-google","detail":1}
INST 837033a39055872b 2016-03-28T23:28:07.700Z {"type":"select","target_tagname":"menulist","target_id":"defaultBridgeType","value":"meek-google"}
INST 837033a39055872b 2016-03-28T23:28:07.700Z {"type":"command","target_tagname":"menuitem","target_id":"","value":"meek-google"}
INST 837033a39055872b 2016-03-28T23:28:07.700Z {"type":"popuphidden","target_tagname":"menupopup","target_id":"defaultBridgeType_menuPopup"}
INST 837033a39055872b 2016-03-28T23:28:07.800Z {"type":"mouseout","target_tagname":"menuitem","target_id":"","value":"meek-google"}
INST 837033a39055872b 2016-03-28T23:28:09.500Z {"type":"click","target_tagname":"wizard","target_id":"TorNetworkSettings","detail":1}
INST 837033a39055872b 2016-03-28T23:28:09.500Z {"type":"pagehide","target_tagname":"wizardpage","target_id":"bridgeSettings"}
INST 837033a39055872b 2016-03-28T23:28:09.500Z {"type":"pageadvanced","target_tagname":"wizardpage","target_id":"bridgeSettings"}
INST 837033a39055872b 2016-03-28T23:28:09.500Z {"type":"wizardnext","target_tagname":"wizard","target_id":"TorNetworkSettings"}
INST 837033a39055872b 2016-03-28T23:28:09.500Z {"type":"pageshow","target_tagname":"wizardpage","target_id":"proxy"}
INST 837033a39055872b 2016-03-28T23:28:09.500Z {"type":"command","target_tagname":"wizard","target_id":"TorNetworkSettings"}
INST 837033a39055872b 2016-03-28T23:28:11.300Z {"type":"click","target_tagname":"wizard","target_id":"TorNetworkSettings","detail":1}
INST 837033a39055872b 2016-03-28T23:28:11.300Z {"type":"pagehide","target_tagname":"wizardpage","target_id":"proxy"}
INST 837033a39055872b 2016-03-28T23:28:11.300Z {"type":"pageadvanced","target_tagname":"wizardpage","target_id":"proxy"}
INST 837033a39055872b 2016-03-28T23:28:11.300Z {"type":"wizardfinish","target_tagname":"wizard","target_id":"TorNetworkSettings"}
INST 837033a39055872b 2016-03-28T23:28:11.400Z {"type":"load","target_id":"progress_bar"}
INST 837033a39055872b 2016-03-28T23:28:18.400Z {"type":"progresschanged","target_tagname":"progressmeter","target_id":"progressMeter","value":"15"}
INST 837033a39055872b 2016-03-28T23:28:18.600Z {"type":"progresschanged","target_tagname":"progressmeter","target_id":"progressMeter","value":"20"}
INST 837033a39055872b 2016-03-28T23:28:19.300Z {"type":"progresschanged","target_tagname":"progressmeter","target_id":"progressMeter","value":"25"}
INST 837033a39055872b 2016-03-28T23:28:21.800Z {"type":"progresschanged","target_tagname":"progressmeter","target_id":"progressMeter","value":"40"}
INST 837033a39055872b 2016-03-28T23:28:22.300Z {"type":"progresschanged","target_tagname":"progressmeter","target_id":"progressMeter","value":"45"}
INST 837033a39055872b 2016-03-28T23:28:22.500Z {"type":"progresschanged","target_tagname":"progressmeter","target_id":"progressMeter","value":"50"}
INST 837033a39055872b 2016-03-28T23:28:28.900Z {"type":"progresschanged","target_tagname":"progressmeter","target_id":"progressMeter","value":"50"}
INST 837033a39055872b 2016-03-28T23:28:28.900Z {"type":"progresschanged","target_tagname":"progressmeter","target_id":"progressMeter","value":"50"}
INST 837033a39055872b 2016-03-28T23:28:29.100Z {"type":"progresschanged","target_tagname":"progressmeter","target_id":"progressMeter","value":"55"}
INST 837033a39055872b 2016-03-28T23:28:29.300Z {"type":"progresschanged","target_tagname":"progressmeter","target_id":"progressMeter","value":"55"}
INST 837033a39055872b 2016-03-28T23:28:29.300Z {"type":"progresschanged","target_tagname":"progressmeter","target_id":"progressMeter","value":"61"}
INST 837033a39055872b 2016-03-28T23:28:29.300Z {"type":"progresschanged","target_tagname":"progressmeter","target_id":"progressMeter","value":"65"}
INST 837033a39055872b 2016-03-28T23:28:29.300Z {"type":"progresschanged","target_tagname":"progressmeter","target_id":"progressMeter","value":"71"}
INST 837033a39055872b 2016-03-28T23:28:29.300Z {"type":"progresschanged","target_tagname":"progressmeter","target_id":"progressMeter","value":"78"}
INST 837033a39055872b 2016-03-28T23:28:29.400Z {"type":"progresschanged","target_tagname":"progressmeter","target_id":"progressMeter","value":"78"}
INST 837033a39055872b 2016-03-28T23:28:29.400Z {"type":"progresschanged","target_tagname":"progressmeter","target_id":"progressMeter","value":"90"}
INST 837033a39055872b 2016-03-28T23:28:30.400Z {"type":"progresschanged","target_tagname":"progressmeter","target_id":"progressMeter","value":"100"}
INST 837033a39055872b 2016-03-28T23:28:30.700Z {"type":"unload","target_id":"progress_bar"}
INST 837033a39055872b 2016-03-28T23:28:30.700Z {"type":"command","target_tagname":"wizard","target_id":"TorNetworkSettings"}
INST 837033a39055872b 2016-03-28T23:28:30.700Z {"type":"unload","target_id":"configuration"}
