INST ed3460abc5fdd523 2016-04-01T01:06:26.300Z {"type":"start"}
INST ed3460abc5fdd523 2016-04-01T01:06:27.300Z {"type":"select","target_tagname":"menulist","target_id":"proxyType","value":""}
INST ed3460abc5fdd523 2016-04-01T01:06:27.300Z {"type":"wizardnext","target_tagname":"wizard","target_id":"TorNetworkSettings"}
INST ed3460abc5fdd523 2016-04-01T01:06:27.300Z {"type":"pageshow","target_tagname":"wizardpage","target_id":"first"}
INST ed3460abc5fdd523 2016-04-01T01:06:27.400Z {"type":"load","target_id":"configuration"}
INST ed3460abc5fdd523 2016-04-01T01:06:27.400Z {"type":"select","target_tagname":"menulist","target_id":"defaultBridgeType","value":"obfs3"}
INST ed3460abc5fdd523 2016-04-01T01:06:38.100Z {"type":"click","target_tagname":"button","target_id":"configure_button","detail":1}
INST ed3460abc5fdd523 2016-04-01T01:06:38.100Z {"type":"pagehide","target_tagname":"wizardpage","target_id":"first"}
INST ed3460abc5fdd523 2016-04-01T01:06:38.100Z {"type":"pageadvanced","target_tagname":"wizardpage","target_id":"first"}
INST ed3460abc5fdd523 2016-04-01T01:06:38.100Z {"type":"wizardnext","target_tagname":"wizard","target_id":"TorNetworkSettings"}
INST ed3460abc5fdd523 2016-04-01T01:06:38.100Z {"type":"pageshow","target_tagname":"wizardpage","target_id":"bridges"}
INST ed3460abc5fdd523 2016-04-01T01:06:38.100Z {"type":"command","target_tagname":"button","target_id":"configure_button"}
INST ed3460abc5fdd523 2016-04-01T01:06:42.700Z {"type":"click","target_tagname":"radio","target_id":"bridgesRadioYes","detail":1}
INST ed3460abc5fdd523 2016-04-01T01:06:42.700Z {"type":"command","target_tagname":"radio","target_id":"bridgesRadioYes"}
INST ed3460abc5fdd523 2016-04-01T01:07:02.000Z {"type":"click","target_tagname":"radio","target_id":"bridgesRadioNo","detail":1}
INST ed3460abc5fdd523 2016-04-01T01:07:02.000Z {"type":"command","target_tagname":"radio","target_id":"bridgesRadioNo"}
INST ed3460abc5fdd523 2016-04-01T01:07:03.400Z {"type":"click","target_tagname":"wizard","target_id":"TorNetworkSettings","detail":1}
INST ed3460abc5fdd523 2016-04-01T01:07:03.400Z {"type":"pagehide","target_tagname":"wizardpage","target_id":"bridges"}
INST ed3460abc5fdd523 2016-04-01T01:07:03.400Z {"type":"pageadvanced","target_tagname":"wizardpage","target_id":"bridges"}
INST ed3460abc5fdd523 2016-04-01T01:07:03.400Z {"type":"wizardnext","target_tagname":"wizard","target_id":"TorNetworkSettings"}
INST ed3460abc5fdd523 2016-04-01T01:07:03.400Z {"type":"pageshow","target_tagname":"wizardpage","target_id":"proxy"}
INST ed3460abc5fdd523 2016-04-01T01:07:03.400Z {"type":"command","target_tagname":"wizard","target_id":"TorNetworkSettings"}
INST ed3460abc5fdd523 2016-04-01T01:07:15.000Z {"type":"click","target_tagname":"radio","target_id":"proxyRadioYes","detail":1}
INST ed3460abc5fdd523 2016-04-01T01:07:15.000Z {"type":"command","target_tagname":"radio","target_id":"proxyRadioYes"}
INST ed3460abc5fdd523 2016-04-01T01:07:16.200Z {"type":"click","target_tagname":"wizard","target_id":"TorNetworkSettings","detail":1}
INST ed3460abc5fdd523 2016-04-01T01:07:16.200Z {"type":"pagehide","target_tagname":"wizardpage","target_id":"proxy"}
INST ed3460abc5fdd523 2016-04-01T01:07:16.200Z {"type":"pageadvanced","target_tagname":"wizardpage","target_id":"proxy"}
INST ed3460abc5fdd523 2016-04-01T01:07:16.200Z {"type":"wizardnext","target_tagname":"wizard","target_id":"TorNetworkSettings"}
INST ed3460abc5fdd523 2016-04-01T01:07:16.200Z {"type":"pageshow","target_tagname":"wizardpage","target_id":"proxyYES"}
INST ed3460abc5fdd523 2016-04-01T01:07:16.200Z {"type":"command","target_tagname":"wizard","target_id":"TorNetworkSettings"}
INST ed3460abc5fdd523 2016-04-01T01:08:12.300Z {"type":"click","target_tagname":"wizard","target_id":"TorNetworkSettings","detail":1}
INST ed3460abc5fdd523 2016-04-01T01:08:12.300Z {"type":"pagehide","target_tagname":"wizardpage","target_id":"proxyYES"}
INST ed3460abc5fdd523 2016-04-01T01:08:12.300Z {"type":"pagerewound","target_tagname":"wizardpage","target_id":"proxyYES"}
INST ed3460abc5fdd523 2016-04-01T01:08:12.300Z {"type":"wizardback","target_tagname":"wizard","target_id":"TorNetworkSettings"}
INST ed3460abc5fdd523 2016-04-01T01:08:12.300Z {"type":"pageshow","target_tagname":"wizardpage","target_id":"proxy"}
INST ed3460abc5fdd523 2016-04-01T01:08:12.300Z {"type":"command","target_tagname":"wizard","target_id":"TorNetworkSettings"}
INST ed3460abc5fdd523 2016-04-01T01:08:13.700Z {"type":"click","target_tagname":"radio","target_id":"proxyRadioNo","detail":1}
INST ed3460abc5fdd523 2016-04-01T01:08:13.700Z {"type":"command","target_tagname":"radio","target_id":"proxyRadioNo"}
INST ed3460abc5fdd523 2016-04-01T01:08:14.800Z {"type":"click","target_tagname":"wizard","target_id":"TorNetworkSettings","detail":1}
INST ed3460abc5fdd523 2016-04-01T01:08:14.800Z {"type":"pagehide","target_tagname":"wizardpage","target_id":"proxy"}
INST ed3460abc5fdd523 2016-04-01T01:08:14.800Z {"type":"pageadvanced","target_tagname":"wizardpage","target_id":"proxy"}
INST ed3460abc5fdd523 2016-04-01T01:08:14.800Z {"type":"wizardfinish","target_tagname":"wizard","target_id":"TorNetworkSettings"}
INST ed3460abc5fdd523 2016-04-01T01:08:14.900Z {"type":"load","target_id":"progress_bar"}
INST ed3460abc5fdd523 2016-04-01T01:08:15.100Z {"type":"progresschanged","target_tagname":"progressmeter","target_id":"progressMeter","value":"5"}
INST ed3460abc5fdd523 2016-04-01T01:08:15.100Z {"type":"progresschanged","target_tagname":"progressmeter","target_id":"progressMeter","value":"5"}
INST ed3460abc5fdd523 2016-04-01T01:08:15.100Z {"type":"progresschanged","target_tagname":"progressmeter","target_id":"progressMeter","value":"5"}
INST ed3460abc5fdd523 2016-04-01T01:09:16.100Z {"type":"progresschanged","target_tagname":"progressmeter","target_id":"progressMeter","value":"5"}
INST ed3460abc5fdd523 2016-04-01T01:09:19.900Z {"type":"click","target_tagname":"dialog","target_id":"TorProgress","detail":1}
INST ed3460abc5fdd523 2016-04-01T01:09:19.900Z {"type":"dialogcancel","target_tagname":"dialog","target_id":"TorProgress"}
INST ed3460abc5fdd523 2016-04-01T01:09:19.900Z {"type":"command","target_tagname":"dialog","target_id":"TorProgress"}
INST ed3460abc5fdd523 2016-04-01T01:09:19.900Z {"type":"command","target_tagname":"wizard","target_id":"TorNetworkSettings"}
INST ed3460abc5fdd523 2016-04-01T01:09:21.500Z {"type":"click","target_tagname":"wizard","target_id":"TorNetworkSettings","detail":1}
INST ed3460abc5fdd523 2016-04-01T01:09:21.500Z {"type":"pagehide","target_tagname":"wizardpage","target_id":"proxy"}
INST ed3460abc5fdd523 2016-04-01T01:09:21.500Z {"type":"pagerewound","target_tagname":"wizardpage","target_id":"proxy"}
INST ed3460abc5fdd523 2016-04-01T01:09:21.500Z {"type":"wizardback","target_tagname":"wizard","target_id":"TorNetworkSettings"}
INST ed3460abc5fdd523 2016-04-01T01:09:21.500Z {"type":"pageshow","target_tagname":"wizardpage","target_id":"bridges"}
INST ed3460abc5fdd523 2016-04-01T01:09:21.500Z {"type":"command","target_tagname":"wizard","target_id":"TorNetworkSettings"}
INST ed3460abc5fdd523 2016-04-01T01:09:22.000Z {"type":"click","target_tagname":"wizard","target_id":"TorNetworkSettings","detail":1}
INST ed3460abc5fdd523 2016-04-01T01:09:22.000Z {"type":"pagehide","target_tagname":"wizardpage","target_id":"bridges"}
INST ed3460abc5fdd523 2016-04-01T01:09:22.000Z {"type":"pagerewound","target_tagname":"wizardpage","target_id":"bridges"}
INST ed3460abc5fdd523 2016-04-01T01:09:22.000Z {"type":"wizardback","target_tagname":"wizard","target_id":"TorNetworkSettings"}
INST ed3460abc5fdd523 2016-04-01T01:09:22.000Z {"type":"pageshow","target_tagname":"wizardpage","target_id":"first"}
INST ed3460abc5fdd523 2016-04-01T01:09:22.000Z {"type":"command","target_tagname":"wizard","target_id":"TorNetworkSettings"}
INST ed3460abc5fdd523 2016-04-01T01:09:26.800Z {"type":"click","target_tagname":"button","target_id":"configure_button","detail":1}
INST ed3460abc5fdd523 2016-04-01T01:09:26.800Z {"type":"pagehide","target_tagname":"wizardpage","target_id":"first"}
INST ed3460abc5fdd523 2016-04-01T01:09:26.800Z {"type":"pageadvanced","target_tagname":"wizardpage","target_id":"first"}
INST ed3460abc5fdd523 2016-04-01T01:09:26.800Z {"type":"wizardnext","target_tagname":"wizard","target_id":"TorNetworkSettings"}
INST ed3460abc5fdd523 2016-04-01T01:09:26.800Z {"type":"pageshow","target_tagname":"wizardpage","target_id":"bridges"}
INST ed3460abc5fdd523 2016-04-01T01:09:26.800Z {"type":"command","target_tagname":"button","target_id":"configure_button"}
INST ed3460abc5fdd523 2016-04-01T01:09:29.200Z {"type":"click","target_tagname":"radio","target_id":"bridgesRadioYes","detail":1}
INST ed3460abc5fdd523 2016-04-01T01:09:29.200Z {"type":"command","target_tagname":"radio","target_id":"bridgesRadioYes"}
INST ed3460abc5fdd523 2016-04-01T01:09:30.200Z {"type":"click","target_tagname":"wizard","target_id":"TorNetworkSettings","detail":1}
INST ed3460abc5fdd523 2016-04-01T01:09:30.200Z {"type":"pagehide","target_tagname":"wizardpage","target_id":"bridges"}
INST ed3460abc5fdd523 2016-04-01T01:09:30.200Z {"type":"pageadvanced","target_tagname":"wizardpage","target_id":"bridges"}
INST ed3460abc5fdd523 2016-04-01T01:09:30.200Z {"type":"wizardnext","target_tagname":"wizard","target_id":"TorNetworkSettings"}
INST ed3460abc5fdd523 2016-04-01T01:09:30.200Z {"type":"pageshow","target_tagname":"wizardpage","target_id":"bridgeSettings"}
INST ed3460abc5fdd523 2016-04-01T01:09:30.200Z {"type":"command","target_tagname":"wizard","target_id":"TorNetworkSettings"}
INST ed3460abc5fdd523 2016-04-01T01:09:32.400Z {"type":"popupshown","target_tagname":"menupopup","target_id":"defaultBridgeType_menuPopup"}
INST ed3460abc5fdd523 2016-04-01T01:09:32.500Z {"type":"click","target_tagname":"menulist","target_id":"defaultBridgeType","value":"obfs3","detail":1}
INST ed3460abc5fdd523 2016-04-01T01:09:33.000Z {"type":"popuphidden","target_tagname":"menupopup","target_id":"defaultBridgeType_menuPopup"}
INST ed3460abc5fdd523 2016-04-01T01:09:35.000Z {"type":"click","target_tagname":"wizard","target_id":"TorNetworkSettings","detail":1}
INST ed3460abc5fdd523 2016-04-01T01:09:35.000Z {"type":"pagehide","target_tagname":"wizardpage","target_id":"bridgeSettings"}
INST ed3460abc5fdd523 2016-04-01T01:09:35.000Z {"type":"pageadvanced","target_tagname":"wizardpage","target_id":"bridgeSettings"}
INST ed3460abc5fdd523 2016-04-01T01:09:35.000Z {"type":"wizardnext","target_tagname":"wizard","target_id":"TorNetworkSettings"}
INST ed3460abc5fdd523 2016-04-01T01:09:35.000Z {"type":"pageshow","target_tagname":"wizardpage","target_id":"proxy"}
INST ed3460abc5fdd523 2016-04-01T01:09:35.000Z {"type":"command","target_tagname":"wizard","target_id":"TorNetworkSettings"}
INST ed3460abc5fdd523 2016-04-01T01:09:37.600Z {"type":"click","target_tagname":"wizard","target_id":"TorNetworkSettings","detail":1}
INST ed3460abc5fdd523 2016-04-01T01:09:37.600Z {"type":"pagehide","target_tagname":"wizardpage","target_id":"proxy"}
INST ed3460abc5fdd523 2016-04-01T01:09:37.600Z {"type":"pageadvanced","target_tagname":"wizardpage","target_id":"proxy"}
INST ed3460abc5fdd523 2016-04-01T01:09:37.600Z {"type":"wizardfinish","target_tagname":"wizard","target_id":"TorNetworkSettings"}
INST ed3460abc5fdd523 2016-04-01T01:09:37.700Z {"type":"load","target_id":"progress_bar"}
INST ed3460abc5fdd523 2016-04-01T01:09:44.100Z {"type":"progresschanged","target_tagname":"progressmeter","target_id":"progressMeter","value":"10"}
INST ed3460abc5fdd523 2016-04-01T01:13:34.400Z {"type":"click","target_tagname":"dialog","target_id":"TorProgress","detail":1}
INST ed3460abc5fdd523 2016-04-01T01:13:34.400Z {"type":"dialogcancel","target_tagname":"dialog","target_id":"TorProgress"}
INST ed3460abc5fdd523 2016-04-01T01:13:34.400Z {"type":"command","target_tagname":"dialog","target_id":"TorProgress"}
INST ed3460abc5fdd523 2016-04-01T01:13:34.500Z {"type":"command","target_tagname":"wizard","target_id":"TorNetworkSettings"}
INST ed3460abc5fdd523 2016-04-01T01:13:37.200Z {"type":"click","target_tagname":"wizard","target_id":"TorNetworkSettings","detail":1}
INST ed3460abc5fdd523 2016-04-01T01:13:37.200Z {"type":"pagehide","target_tagname":"wizardpage","target_id":"proxy"}
INST ed3460abc5fdd523 2016-04-01T01:13:37.200Z {"type":"pagerewound","target_tagname":"wizardpage","target_id":"proxy"}
INST ed3460abc5fdd523 2016-04-01T01:13:37.200Z {"type":"wizardback","target_tagname":"wizard","target_id":"TorNetworkSettings"}
INST ed3460abc5fdd523 2016-04-01T01:13:37.200Z {"type":"pageshow","target_tagname":"wizardpage","target_id":"bridgeSettings"}
INST ed3460abc5fdd523 2016-04-01T01:13:37.200Z {"type":"command","target_tagname":"wizard","target_id":"TorNetworkSettings"}
INST ed3460abc5fdd523 2016-04-01T01:13:42.800Z {"type":"click","target_tagname":"radio","target_id":"bridgeRadioCustom","detail":1}
INST ed3460abc5fdd523 2016-04-01T01:13:42.800Z {"type":"command","target_tagname":"radio","target_id":"bridgeRadioCustom"}
INST ed3460abc5fdd523 2016-04-01T01:13:45.100Z {"type":"click","target_tagname":"menulist","target_id":"defaultBridgeType","value":"obfs3","detail":1}
INST ed3460abc5fdd523 2016-04-01T01:13:45.700Z {"type":"click","target_tagname":"radio","target_id":"bridgeRadioDefault","detail":1}
INST ed3460abc5fdd523 2016-04-01T01:13:45.700Z {"type":"command","target_tagname":"radio","target_id":"bridgeRadioDefault"}
INST ed3460abc5fdd523 2016-04-01T01:13:46.200Z {"type":"popupshown","target_tagname":"menupopup","target_id":"defaultBridgeType_menuPopup"}
INST ed3460abc5fdd523 2016-04-01T01:13:46.300Z {"type":"click","target_tagname":"menulist","target_id":"defaultBridgeType","value":"obfs3","detail":1}
INST ed3460abc5fdd523 2016-04-01T01:13:47.500Z {"type":"mouseover","target_tagname":"menuitem","target_id":"","value":"flashproxy"}
INST ed3460abc5fdd523 2016-04-01T01:13:47.500Z {"type":"mouseout","target_tagname":"menuitem","target_id":"","value":"flashproxy"}
INST ed3460abc5fdd523 2016-04-01T01:13:48.000Z {"type":"mouseover","target_tagname":"menuitem","target_id":"","value":"fte-ipv6"}
INST ed3460abc5fdd523 2016-04-01T01:13:48.100Z {"type":"mouseout","target_tagname":"menuitem","target_id":"","value":"fte-ipv6"}
INST ed3460abc5fdd523 2016-04-01T01:13:48.100Z {"type":"mouseover","target_tagname":"menuitem","target_id":"","value":"meek-amazon"}
INST ed3460abc5fdd523 2016-04-01T01:13:49.000Z {"type":"mouseout","target_tagname":"menuitem","target_id":"","value":"meek-amazon"}
INST ed3460abc5fdd523 2016-04-01T01:13:49.000Z {"type":"mouseover","target_tagname":"menuitem","target_id":"","value":"meek-azure"}
INST ed3460abc5fdd523 2016-04-01T01:13:49.200Z {"type":"mouseout","target_tagname":"menuitem","target_id":"","value":"meek-azure"}
INST ed3460abc5fdd523 2016-04-01T01:13:49.200Z {"type":"mouseover","target_tagname":"menuitem","target_id":"","value":"meek-google"}
INST ed3460abc5fdd523 2016-04-01T01:13:49.600Z {"type":"click","target_tagname":"menuitem","target_id":"","value":"meek-google","detail":1}
INST ed3460abc5fdd523 2016-04-01T01:13:49.600Z {"type":"select","target_tagname":"menulist","target_id":"defaultBridgeType","value":"meek-google"}
INST ed3460abc5fdd523 2016-04-01T01:13:49.600Z {"type":"command","target_tagname":"menuitem","target_id":"","value":"meek-google"}
INST ed3460abc5fdd523 2016-04-01T01:13:49.600Z {"type":"popuphidden","target_tagname":"menupopup","target_id":"defaultBridgeType_menuPopup"}
INST ed3460abc5fdd523 2016-04-01T01:13:49.600Z {"type":"mouseout","target_tagname":"menuitem","target_id":"","value":"meek-google"}
INST ed3460abc5fdd523 2016-04-01T01:13:50.800Z {"type":"click","target_tagname":"wizard","target_id":"TorNetworkSettings","detail":1}
INST ed3460abc5fdd523 2016-04-01T01:13:50.800Z {"type":"pagehide","target_tagname":"wizardpage","target_id":"bridgeSettings"}
INST ed3460abc5fdd523 2016-04-01T01:13:50.800Z {"type":"pageadvanced","target_tagname":"wizardpage","target_id":"bridgeSettings"}
INST ed3460abc5fdd523 2016-04-01T01:13:50.800Z {"type":"wizardnext","target_tagname":"wizard","target_id":"TorNetworkSettings"}
INST ed3460abc5fdd523 2016-04-01T01:13:50.800Z {"type":"pageshow","target_tagname":"wizardpage","target_id":"proxy"}
INST ed3460abc5fdd523 2016-04-01T01:13:50.800Z {"type":"command","target_tagname":"wizard","target_id":"TorNetworkSettings"}
INST ed3460abc5fdd523 2016-04-01T01:13:54.400Z {"type":"click","target_tagname":"radio","target_id":"proxyRadioYes","detail":1}
INST ed3460abc5fdd523 2016-04-01T01:13:54.400Z {"type":"command","target_tagname":"radio","target_id":"proxyRadioYes"}
INST ed3460abc5fdd523 2016-04-01T01:13:55.300Z {"type":"click","target_tagname":"wizard","target_id":"TorNetworkSettings","detail":1}
INST ed3460abc5fdd523 2016-04-01T01:13:55.300Z {"type":"pagehide","target_tagname":"wizardpage","target_id":"proxy"}
INST ed3460abc5fdd523 2016-04-01T01:13:55.300Z {"type":"pageadvanced","target_tagname":"wizardpage","target_id":"proxy"}
INST ed3460abc5fdd523 2016-04-01T01:13:55.300Z {"type":"wizardnext","target_tagname":"wizard","target_id":"TorNetworkSettings"}
INST ed3460abc5fdd523 2016-04-01T01:13:55.300Z {"type":"pageshow","target_tagname":"wizardpage","target_id":"proxyYES"}
INST ed3460abc5fdd523 2016-04-01T01:13:55.300Z {"type":"command","target_tagname":"wizard","target_id":"TorNetworkSettings"}
INST ed3460abc5fdd523 2016-04-01T01:13:56.800Z {"type":"popupshown","target_tagname":"menupopup","target_id":"proxyType_menuPopup"}
INST ed3460abc5fdd523 2016-04-01T01:13:56.900Z {"type":"click","target_tagname":"menulist","target_id":"proxyType","value":"","detail":1}
INST ed3460abc5fdd523 2016-04-01T01:13:57.900Z {"type":"mouseover","target_tagname":"menuitem","target_id":"","value":""}
INST ed3460abc5fdd523 2016-04-01T01:13:58.000Z {"type":"mouseout","target_tagname":"menuitem","target_id":"","value":""}
INST ed3460abc5fdd523 2016-04-01T01:13:58.000Z {"type":"mouseover","target_tagname":"menuitem","target_id":"","value":"SOCKS4"}
INST ed3460abc5fdd523 2016-04-01T01:13:58.000Z {"type":"mouseout","target_tagname":"menuitem","target_id":"","value":"SOCKS4"}
INST ed3460abc5fdd523 2016-04-01T01:13:58.000Z {"type":"mouseover","target_tagname":"menuitem","target_id":"","value":"SOCKS5"}
INST ed3460abc5fdd523 2016-04-01T01:13:58.200Z {"type":"mouseout","target_tagname":"menuitem","target_id":"","value":"SOCKS5"}
INST ed3460abc5fdd523 2016-04-01T01:13:58.200Z {"type":"mouseover","target_tagname":"menuitem","target_id":"","value":"HTTP"}
INST ed3460abc5fdd523 2016-04-01T01:13:58.600Z {"type":"click","target_tagname":"menuitem","target_id":"","value":"HTTP","detail":1}
INST ed3460abc5fdd523 2016-04-01T01:13:58.600Z {"type":"select","target_tagname":"menulist","target_id":"proxyType","value":"HTTP"}
INST ed3460abc5fdd523 2016-04-01T01:13:58.600Z {"type":"command","target_tagname":"menuitem","target_id":"","value":"HTTP"}
INST ed3460abc5fdd523 2016-04-01T01:13:58.600Z {"type":"popuphidden","target_tagname":"menupopup","target_id":"proxyType_menuPopup"}
INST ed3460abc5fdd523 2016-04-01T01:13:58.600Z {"type":"mouseout","target_tagname":"menuitem","target_id":"","value":"HTTP"}
INST ed3460abc5fdd523 2016-04-01T01:14:39.100Z {"type":"click","target_tagname":"wizard","target_id":"TorNetworkSettings","detail":1}
INST ed3460abc5fdd523 2016-04-01T01:14:39.100Z {"type":"pagehide","target_tagname":"wizardpage","target_id":"proxyYES"}
INST ed3460abc5fdd523 2016-04-01T01:14:39.100Z {"type":"pagerewound","target_tagname":"wizardpage","target_id":"proxyYES"}
INST ed3460abc5fdd523 2016-04-01T01:14:39.100Z {"type":"wizardback","target_tagname":"wizard","target_id":"TorNetworkSettings"}
INST ed3460abc5fdd523 2016-04-01T01:14:39.100Z {"type":"pageshow","target_tagname":"wizardpage","target_id":"proxy"}
INST ed3460abc5fdd523 2016-04-01T01:14:39.100Z {"type":"command","target_tagname":"wizard","target_id":"TorNetworkSettings"}
INST ed3460abc5fdd523 2016-04-01T01:14:40.200Z {"type":"click","target_tagname":"wizard","target_id":"TorNetworkSettings","detail":1}
INST ed3460abc5fdd523 2016-04-01T01:14:40.200Z {"type":"pagehide","target_tagname":"wizardpage","target_id":"proxy"}
INST ed3460abc5fdd523 2016-04-01T01:14:40.200Z {"type":"pagerewound","target_tagname":"wizardpage","target_id":"proxy"}
INST ed3460abc5fdd523 2016-04-01T01:14:40.200Z {"type":"wizardback","target_tagname":"wizard","target_id":"TorNetworkSettings"}
INST ed3460abc5fdd523 2016-04-01T01:14:40.200Z {"type":"pageshow","target_tagname":"wizardpage","target_id":"bridgeSettings"}
INST ed3460abc5fdd523 2016-04-01T01:14:40.200Z {"type":"command","target_tagname":"wizard","target_id":"TorNetworkSettings"}
INST ed3460abc5fdd523 2016-04-01T01:14:40.800Z {"type":"click","target_tagname":"wizard","target_id":"TorNetworkSettings","detail":1}
INST ed3460abc5fdd523 2016-04-01T01:14:40.800Z {"type":"pagehide","target_tagname":"wizardpage","target_id":"bridgeSettings"}
INST ed3460abc5fdd523 2016-04-01T01:14:40.800Z {"type":"pagerewound","target_tagname":"wizardpage","target_id":"bridgeSettings"}
INST ed3460abc5fdd523 2016-04-01T01:14:40.800Z {"type":"wizardback","target_tagname":"wizard","target_id":"TorNetworkSettings"}
INST ed3460abc5fdd523 2016-04-01T01:14:40.800Z {"type":"pageshow","target_tagname":"wizardpage","target_id":"bridges"}
INST ed3460abc5fdd523 2016-04-01T01:14:40.800Z {"type":"command","target_tagname":"wizard","target_id":"TorNetworkSettings"}
INST ed3460abc5fdd523 2016-04-01T01:14:41.300Z {"type":"click","target_tagname":"wizard","target_id":"TorNetworkSettings","detail":2}
INST ed3460abc5fdd523 2016-04-01T01:14:41.300Z {"type":"pagehide","target_tagname":"wizardpage","target_id":"bridges"}
INST ed3460abc5fdd523 2016-04-01T01:14:41.300Z {"type":"pagerewound","target_tagname":"wizardpage","target_id":"bridges"}
INST ed3460abc5fdd523 2016-04-01T01:14:41.300Z {"type":"wizardback","target_tagname":"wizard","target_id":"TorNetworkSettings"}
INST ed3460abc5fdd523 2016-04-01T01:14:41.300Z {"type":"pageshow","target_tagname":"wizardpage","target_id":"first"}
INST ed3460abc5fdd523 2016-04-01T01:14:41.300Z {"type":"command","target_tagname":"wizard","target_id":"TorNetworkSettings"}
INST ed3460abc5fdd523 2016-04-01T01:14:41.700Z {"type":"click","target_tagname":"wizard","target_id":"TorNetworkSettings","detail":3}
INST ed3460abc5fdd523 2016-04-01T01:14:44.100Z {"type":"click","target_tagname":"button","target_id":"connect_button","detail":1}
INST ed3460abc5fdd523 2016-04-01T01:14:44.200Z {"type":"load","target_id":"progress_bar"}
INST ed3460abc5fdd523 2016-04-01T01:14:48.600Z {"type":"click","target_tagname":"dialog","target_id":"TorProgress","detail":1}
INST ed3460abc5fdd523 2016-04-01T01:14:48.600Z {"type":"dialogcancel","target_tagname":"dialog","target_id":"TorProgress"}
INST ed3460abc5fdd523 2016-04-01T01:14:48.600Z {"type":"command","target_tagname":"dialog","target_id":"TorProgress"}
INST ed3460abc5fdd523 2016-04-01T01:14:48.600Z {"type":"command","target_tagname":"button","target_id":"connect_button"}
INST ed3460abc5fdd523 2016-04-01T01:14:51.500Z {"type":"click","target_tagname":"button","target_id":"configure_button","detail":1}
INST ed3460abc5fdd523 2016-04-01T01:14:51.500Z {"type":"pagehide","target_tagname":"wizardpage","target_id":"first"}
INST ed3460abc5fdd523 2016-04-01T01:14:51.500Z {"type":"pageadvanced","target_tagname":"wizardpage","target_id":"first"}
INST ed3460abc5fdd523 2016-04-01T01:14:51.500Z {"type":"wizardnext","target_tagname":"wizard","target_id":"TorNetworkSettings"}
INST ed3460abc5fdd523 2016-04-01T01:14:51.500Z {"type":"pageshow","target_tagname":"wizardpage","target_id":"bridges"}
INST ed3460abc5fdd523 2016-04-01T01:14:51.500Z {"type":"command","target_tagname":"button","target_id":"configure_button"}
INST ed3460abc5fdd523 2016-04-01T01:14:55.500Z {"type":"click","target_tagname":"wizard","target_id":"TorNetworkSettings","detail":1}
INST ed3460abc5fdd523 2016-04-01T01:14:55.500Z {"type":"pagehide","target_tagname":"wizardpage","target_id":"bridges"}
INST ed3460abc5fdd523 2016-04-01T01:14:55.500Z {"type":"pageadvanced","target_tagname":"wizardpage","target_id":"bridges"}
INST ed3460abc5fdd523 2016-04-01T01:14:55.500Z {"type":"wizardnext","target_tagname":"wizard","target_id":"TorNetworkSettings"}
INST ed3460abc5fdd523 2016-04-01T01:14:55.500Z {"type":"pageshow","target_tagname":"wizardpage","target_id":"bridgeSettings"}
INST ed3460abc5fdd523 2016-04-01T01:14:55.500Z {"type":"command","target_tagname":"wizard","target_id":"TorNetworkSettings"}
INST ed3460abc5fdd523 2016-04-01T01:14:57.200Z {"type":"popupshown","target_tagname":"menupopup","target_id":"defaultBridgeType_menuPopup"}
INST ed3460abc5fdd523 2016-04-01T01:14:57.300Z {"type":"click","target_tagname":"menulist","target_id":"defaultBridgeType","value":"meek-google","detail":1}
INST ed3460abc5fdd523 2016-04-01T01:14:57.400Z {"type":"mouseover","target_tagname":"menuitem","target_id":"","value":"flashproxy"}
INST ed3460abc5fdd523 2016-04-01T01:14:57.500Z {"type":"mouseout","target_tagname":"menuitem","target_id":"","value":"flashproxy"}
INST ed3460abc5fdd523 2016-04-01T01:14:57.500Z {"type":"mouseover","target_tagname":"menuitem","target_id":"","value":"fte"}
INST ed3460abc5fdd523 2016-04-01T01:14:57.600Z {"type":"mouseout","target_tagname":"menuitem","target_id":"","value":"fte"}
INST ed3460abc5fdd523 2016-04-01T01:14:57.600Z {"type":"mouseover","target_tagname":"menuitem","target_id":"","value":"fte-ipv6"}
INST ed3460abc5fdd523 2016-04-01T01:14:57.600Z {"type":"mouseout","target_tagname":"menuitem","target_id":"","value":"fte-ipv6"}
INST ed3460abc5fdd523 2016-04-01T01:14:57.600Z {"type":"mouseover","target_tagname":"menuitem","target_id":"","value":"meek-amazon"}
INST ed3460abc5fdd523 2016-04-01T01:14:57.700Z {"type":"mouseout","target_tagname":"menuitem","target_id":"","value":"meek-amazon"}
INST ed3460abc5fdd523 2016-04-01T01:14:57.700Z {"type":"mouseover","target_tagname":"menuitem","target_id":"","value":"meek-azure"}
INST ed3460abc5fdd523 2016-04-01T01:14:57.800Z {"type":"mouseout","target_tagname":"menuitem","target_id":"","value":"meek-azure"}
INST ed3460abc5fdd523 2016-04-01T01:14:57.800Z {"type":"mouseover","target_tagname":"menuitem","target_id":"","value":"meek-google"}
INST ed3460abc5fdd523 2016-04-01T01:14:58.000Z {"type":"mouseout","target_tagname":"menuitem","target_id":"","value":"meek-google"}
INST ed3460abc5fdd523 2016-04-01T01:14:58.000Z {"type":"mouseover","target_tagname":"menuitem","target_id":"","value":"obfs3"}
INST ed3460abc5fdd523 2016-04-01T01:14:58.400Z {"type":"click","target_tagname":"menuitem","target_id":"","value":"obfs3","detail":1}
INST ed3460abc5fdd523 2016-04-01T01:14:58.400Z {"type":"select","target_tagname":"menulist","target_id":"defaultBridgeType","value":"obfs3"}
INST ed3460abc5fdd523 2016-04-01T01:14:58.400Z {"type":"command","target_tagname":"menuitem","target_id":"","value":"obfs3"}
INST ed3460abc5fdd523 2016-04-01T01:14:58.400Z {"type":"popuphidden","target_tagname":"menupopup","target_id":"defaultBridgeType_menuPopup"}
INST ed3460abc5fdd523 2016-04-01T01:14:58.400Z {"type":"mouseout","target_tagname":"menuitem","target_id":"","value":"obfs3"}
INST ed3460abc5fdd523 2016-04-01T01:15:00.200Z {"type":"click","target_tagname":"button","target_id":"bridgeHelpButton","detail":1}
INST ed3460abc5fdd523 2016-04-01T01:15:00.200Z {"type":"pageshow","target_tagname":"wizardpage","target_id":"bridgeHelp"}
INST ed3460abc5fdd523 2016-04-01T01:15:00.200Z {"type":"command","target_tagname":"button","target_id":"bridgeHelpButton"}
INST ed3460abc5fdd523 2016-04-01T01:15:15.600Z {"type":"click","target_tagname":"wizard","target_id":"TorNetworkSettings","detail":1}
INST ed3460abc5fdd523 2016-04-01T01:15:15.600Z {"type":"pagehide","target_tagname":"wizardpage","target_id":"bridgeHelp"}
INST ed3460abc5fdd523 2016-04-01T01:15:15.600Z {"type":"pageadvanced","target_tagname":"wizardpage","target_id":"bridgeHelp"}
INST ed3460abc5fdd523 2016-04-01T01:15:15.600Z {"type":"pageshow","target_tagname":"wizardpage","target_id":"bridgeSettings"}
INST ed3460abc5fdd523 2016-04-01T01:15:15.700Z {"type":"command","target_tagname":"wizard","target_id":"TorNetworkSettings"}
INST ed3460abc5fdd523 2016-04-01T01:15:17.500Z {"type":"click","target_tagname":"wizard","target_id":"TorNetworkSettings","detail":1}
INST ed3460abc5fdd523 2016-04-01T01:15:17.500Z {"type":"pagehide","target_tagname":"wizardpage","target_id":"bridgeSettings"}
INST ed3460abc5fdd523 2016-04-01T01:15:17.500Z {"type":"pageadvanced","target_tagname":"wizardpage","target_id":"bridgeSettings"}
INST ed3460abc5fdd523 2016-04-01T01:15:17.500Z {"type":"wizardnext","target_tagname":"wizard","target_id":"TorNetworkSettings"}
INST ed3460abc5fdd523 2016-04-01T01:15:17.500Z {"type":"pageshow","target_tagname":"wizardpage","target_id":"proxy"}
INST ed3460abc5fdd523 2016-04-01T01:15:17.500Z {"type":"command","target_tagname":"wizard","target_id":"TorNetworkSettings"}
INST ed3460abc5fdd523 2016-04-01T01:15:20.100Z {"type":"click","target_tagname":"radio","target_id":"proxyRadioNo","detail":1}
INST ed3460abc5fdd523 2016-04-01T01:15:20.100Z {"type":"command","target_tagname":"radio","target_id":"proxyRadioNo"}
INST ed3460abc5fdd523 2016-04-01T01:15:52.300Z {"type":"click","target_tagname":"wizard","target_id":"TorNetworkSettings","detail":1}
INST ed3460abc5fdd523 2016-04-01T01:15:52.300Z {"type":"pagehide","target_tagname":"wizardpage","target_id":"proxy"}
INST ed3460abc5fdd523 2016-04-01T01:15:52.300Z {"type":"pageadvanced","target_tagname":"wizardpage","target_id":"proxy"}
INST ed3460abc5fdd523 2016-04-01T01:15:52.300Z {"type":"wizardfinish","target_tagname":"wizard","target_id":"TorNetworkSettings"}
INST ed3460abc5fdd523 2016-04-01T01:15:52.300Z {"type":"load","target_id":"progress_bar"}
INST ed3460abc5fdd523 2016-04-01T01:16:51.000Z {"type":"click","target_tagname":"dialog","target_id":"TorProgress","detail":1}
INST ed3460abc5fdd523 2016-04-01T01:16:51.000Z {"type":"dialogcancel","target_tagname":"dialog","target_id":"TorProgress"}
INST ed3460abc5fdd523 2016-04-01T01:16:51.000Z {"type":"command","target_tagname":"dialog","target_id":"TorProgress"}
INST ed3460abc5fdd523 2016-04-01T01:16:51.000Z {"type":"command","target_tagname":"wizard","target_id":"TorNetworkSettings"}
INST ed3460abc5fdd523 2016-04-01T01:16:52.800Z {"type":"click","target_tagname":"radio","target_id":"proxyRadioYes","detail":1}
INST ed3460abc5fdd523 2016-04-01T01:16:52.800Z {"type":"command","target_tagname":"radio","target_id":"proxyRadioYes"}
INST ed3460abc5fdd523 2016-04-01T01:16:55.500Z {"type":"click","target_tagname":"wizard","target_id":"TorNetworkSettings","detail":1}
INST ed3460abc5fdd523 2016-04-01T01:16:55.500Z {"type":"pagehide","target_tagname":"wizardpage","target_id":"proxy"}
INST ed3460abc5fdd523 2016-04-01T01:16:55.500Z {"type":"pagerewound","target_tagname":"wizardpage","target_id":"proxy"}
INST ed3460abc5fdd523 2016-04-01T01:16:55.500Z {"type":"wizardback","target_tagname":"wizard","target_id":"TorNetworkSettings"}
INST ed3460abc5fdd523 2016-04-01T01:16:55.500Z {"type":"pageshow","target_tagname":"wizardpage","target_id":"bridgeSettings"}
INST ed3460abc5fdd523 2016-04-01T01:16:55.500Z {"type":"command","target_tagname":"wizard","target_id":"TorNetworkSettings"}
INST ed3460abc5fdd523 2016-04-01T01:16:56.900Z {"type":"click","target_tagname":"wizard","target_id":"TorNetworkSettings","detail":1}
INST ed3460abc5fdd523 2016-04-01T01:16:56.900Z {"type":"pagehide","target_tagname":"wizardpage","target_id":"bridgeSettings"}
INST ed3460abc5fdd523 2016-04-01T01:16:56.900Z {"type":"pageadvanced","target_tagname":"wizardpage","target_id":"bridgeSettings"}
INST ed3460abc5fdd523 2016-04-01T01:16:56.900Z {"type":"wizardnext","target_tagname":"wizard","target_id":"TorNetworkSettings"}
INST ed3460abc5fdd523 2016-04-01T01:16:56.900Z {"type":"pageshow","target_tagname":"wizardpage","target_id":"proxy"}
INST ed3460abc5fdd523 2016-04-01T01:16:56.900Z {"type":"command","target_tagname":"wizard","target_id":"TorNetworkSettings"}
INST ed3460abc5fdd523 2016-04-01T01:17:02.200Z {"type":"click","target_tagname":"radio","target_id":"proxyRadioNo","detail":1}
INST ed3460abc5fdd523 2016-04-01T01:17:02.200Z {"type":"command","target_tagname":"radio","target_id":"proxyRadioNo"}
INST ed3460abc5fdd523 2016-04-01T01:17:03.200Z {"type":"click","target_tagname":"wizard","target_id":"TorNetworkSettings","detail":1}
INST ed3460abc5fdd523 2016-04-01T01:17:03.200Z {"type":"pagehide","target_tagname":"wizardpage","target_id":"proxy"}
INST ed3460abc5fdd523 2016-04-01T01:17:03.200Z {"type":"pageadvanced","target_tagname":"wizardpage","target_id":"proxy"}
INST ed3460abc5fdd523 2016-04-01T01:17:03.200Z {"type":"wizardfinish","target_tagname":"wizard","target_id":"TorNetworkSettings"}
INST ed3460abc5fdd523 2016-04-01T01:17:03.300Z {"type":"load","target_id":"progress_bar"}
INST ed3460abc5fdd523 2016-04-01T01:19:17.800Z {"type":"click","target_tagname":"label","target_id":"progressHeading","detail":1}
INST ed3460abc5fdd523 2016-04-01T01:20:00.500Z {"type":"click","target_tagname":"description","target_id":"progressDesc","detail":1}
INST ed3460abc5fdd523 2016-04-01T01:20:41.100Z {"type":"click","target_tagname":"description","target_id":"progressDesc","detail":1}
INST ed3460abc5fdd523 2016-04-01T01:20:47.400Z {"type":"click","target_tagname":"dialog","target_id":"TorProgress","detail":1}
INST ed3460abc5fdd523 2016-04-01T01:20:53.600Z {"type":"click","target_tagname":"dialog","target_id":"TorProgress","detail":1}
INST ed3460abc5fdd523 2016-04-01T01:20:53.600Z {"type":"dialogcancel","target_tagname":"dialog","target_id":"TorProgress"}
INST ed3460abc5fdd523 2016-04-01T01:20:53.600Z {"type":"command","target_tagname":"dialog","target_id":"TorProgress"}
INST ed3460abc5fdd523 2016-04-01T01:20:53.600Z {"type":"command","target_tagname":"wizard","target_id":"TorNetworkSettings"}
INST ed3460abc5fdd523 2016-04-01T01:20:54.800Z {"type":"click","target_tagname":"wizard","target_id":"TorNetworkSettings","detail":1}
INST ed3460abc5fdd523 2016-04-01T01:20:54.800Z {"type":"pagehide","target_tagname":"wizardpage","target_id":"proxy"}
INST ed3460abc5fdd523 2016-04-01T01:20:54.800Z {"type":"pagerewound","target_tagname":"wizardpage","target_id":"proxy"}
INST ed3460abc5fdd523 2016-04-01T01:20:54.800Z {"type":"wizardback","target_tagname":"wizard","target_id":"TorNetworkSettings"}
INST ed3460abc5fdd523 2016-04-01T01:20:54.800Z {"type":"pageshow","target_tagname":"wizardpage","target_id":"bridgeSettings"}
INST ed3460abc5fdd523 2016-04-01T01:20:54.800Z {"type":"command","target_tagname":"wizard","target_id":"TorNetworkSettings"}
INST ed3460abc5fdd523 2016-04-01T01:20:56.200Z {"type":"click","target_tagname":"wizard","target_id":"TorNetworkSettings","detail":1}
INST ed3460abc5fdd523 2016-04-01T01:20:56.200Z {"type":"pagehide","target_tagname":"wizardpage","target_id":"bridgeSettings"}
INST ed3460abc5fdd523 2016-04-01T01:20:56.200Z {"type":"pagerewound","target_tagname":"wizardpage","target_id":"bridgeSettings"}
INST ed3460abc5fdd523 2016-04-01T01:20:56.200Z {"type":"wizardback","target_tagname":"wizard","target_id":"TorNetworkSettings"}
INST ed3460abc5fdd523 2016-04-01T01:20:56.200Z {"type":"pageshow","target_tagname":"wizardpage","target_id":"bridges"}
INST ed3460abc5fdd523 2016-04-01T01:20:56.200Z {"type":"command","target_tagname":"wizard","target_id":"TorNetworkSettings"}
INST ed3460abc5fdd523 2016-04-01T01:20:58.000Z {"type":"click","target_tagname":"wizard","target_id":"TorNetworkSettings","detail":1}
INST ed3460abc5fdd523 2016-04-01T01:20:58.000Z {"type":"pagehide","target_tagname":"wizardpage","target_id":"bridges"}
INST ed3460abc5fdd523 2016-04-01T01:20:58.000Z {"type":"pagerewound","target_tagname":"wizardpage","target_id":"bridges"}
INST ed3460abc5fdd523 2016-04-01T01:20:58.000Z {"type":"wizardback","target_tagname":"wizard","target_id":"TorNetworkSettings"}
INST ed3460abc5fdd523 2016-04-01T01:20:58.000Z {"type":"pageshow","target_tagname":"wizardpage","target_id":"first"}
INST ed3460abc5fdd523 2016-04-01T01:20:58.000Z {"type":"command","target_tagname":"wizard","target_id":"TorNetworkSettings"}
INST ed3460abc5fdd523 2016-04-01T01:21:07.700Z {"type":"click","target_tagname":"button","target_id":"configure_button","detail":1}
INST ed3460abc5fdd523 2016-04-01T01:21:07.700Z {"type":"pagehide","target_tagname":"wizardpage","target_id":"first"}
INST ed3460abc5fdd523 2016-04-01T01:21:07.700Z {"type":"pageadvanced","target_tagname":"wizardpage","target_id":"first"}
INST ed3460abc5fdd523 2016-04-01T01:21:07.700Z {"type":"wizardnext","target_tagname":"wizard","target_id":"TorNetworkSettings"}
INST ed3460abc5fdd523 2016-04-01T01:21:07.700Z {"type":"pageshow","target_tagname":"wizardpage","target_id":"bridges"}
INST ed3460abc5fdd523 2016-04-01T01:21:07.700Z {"type":"command","target_tagname":"button","target_id":"configure_button"}
INST ed3460abc5fdd523 2016-04-01T01:21:17.400Z {"type":"click","target_tagname":"wizard","target_id":"TorNetworkSettings","detail":1}
INST ed3460abc5fdd523 2016-04-01T01:21:17.400Z {"type":"pagehide","target_tagname":"wizardpage","target_id":"bridges"}
INST ed3460abc5fdd523 2016-04-01T01:21:17.500Z {"type":"pageadvanced","target_tagname":"wizardpage","target_id":"bridges"}
INST ed3460abc5fdd523 2016-04-01T01:21:17.500Z {"type":"wizardnext","target_tagname":"wizard","target_id":"TorNetworkSettings"}
INST ed3460abc5fdd523 2016-04-01T01:21:17.500Z {"type":"pageshow","target_tagname":"wizardpage","target_id":"bridgeSettings"}
INST ed3460abc5fdd523 2016-04-01T01:21:17.500Z {"type":"command","target_tagname":"wizard","target_id":"TorNetworkSettings"}
INST ed3460abc5fdd523 2016-04-01T01:21:20.400Z {"type":"click","target_tagname":"wizard","target_id":"TorNetworkSettings","detail":1}
INST ed3460abc5fdd523 2016-04-01T01:21:20.400Z {"type":"pagehide","target_tagname":"wizardpage","target_id":"bridgeSettings"}
INST ed3460abc5fdd523 2016-04-01T01:21:20.400Z {"type":"pagerewound","target_tagname":"wizardpage","target_id":"bridgeSettings"}
INST ed3460abc5fdd523 2016-04-01T01:21:20.400Z {"type":"wizardback","target_tagname":"wizard","target_id":"TorNetworkSettings"}
INST ed3460abc5fdd523 2016-04-01T01:21:20.400Z {"type":"pageshow","target_tagname":"wizardpage","target_id":"bridges"}
INST ed3460abc5fdd523 2016-04-01T01:21:20.400Z {"type":"command","target_tagname":"wizard","target_id":"TorNetworkSettings"}
INST ed3460abc5fdd523 2016-04-01T01:21:21.400Z {"type":"click","target_tagname":"radio","target_id":"bridgesRadioNo","detail":1}
INST ed3460abc5fdd523 2016-04-01T01:21:21.400Z {"type":"command","target_tagname":"radio","target_id":"bridgesRadioNo"}
INST ed3460abc5fdd523 2016-04-01T01:21:22.500Z {"type":"click","target_tagname":"wizard","target_id":"TorNetworkSettings","detail":1}
INST ed3460abc5fdd523 2016-04-01T01:21:22.500Z {"type":"pagehide","target_tagname":"wizardpage","target_id":"bridges"}
INST ed3460abc5fdd523 2016-04-01T01:21:22.500Z {"type":"pageadvanced","target_tagname":"wizardpage","target_id":"bridges"}
INST ed3460abc5fdd523 2016-04-01T01:21:22.500Z {"type":"wizardnext","target_tagname":"wizard","target_id":"TorNetworkSettings"}
INST ed3460abc5fdd523 2016-04-01T01:21:22.500Z {"type":"pageshow","target_tagname":"wizardpage","target_id":"proxy"}
INST ed3460abc5fdd523 2016-04-01T01:21:22.500Z {"type":"command","target_tagname":"wizard","target_id":"TorNetworkSettings"}
INST ed3460abc5fdd523 2016-04-01T01:21:30.200Z {"type":"click","target_tagname":"radio","target_id":"proxyRadioYes","detail":1}
INST ed3460abc5fdd523 2016-04-01T01:21:30.200Z {"type":"command","target_tagname":"radio","target_id":"proxyRadioYes"}
INST ed3460abc5fdd523 2016-04-01T01:21:31.000Z {"type":"click","target_tagname":"wizard","target_id":"TorNetworkSettings","detail":1}
INST ed3460abc5fdd523 2016-04-01T01:21:31.000Z {"type":"pagehide","target_tagname":"wizardpage","target_id":"proxy"}
INST ed3460abc5fdd523 2016-04-01T01:21:31.000Z {"type":"pageadvanced","target_tagname":"wizardpage","target_id":"proxy"}
INST ed3460abc5fdd523 2016-04-01T01:21:31.000Z {"type":"wizardnext","target_tagname":"wizard","target_id":"TorNetworkSettings"}
INST ed3460abc5fdd523 2016-04-01T01:21:31.000Z {"type":"pageshow","target_tagname":"wizardpage","target_id":"proxyYES"}
INST ed3460abc5fdd523 2016-04-01T01:21:31.000Z {"type":"command","target_tagname":"wizard","target_id":"TorNetworkSettings"}
INST ed3460abc5fdd523 2016-04-01T01:21:39.700Z {"type":"popupshown","target_tagname":"menupopup","target_id":"proxyType_menuPopup"}
INST ed3460abc5fdd523 2016-04-01T01:21:39.700Z {"type":"click","target_tagname":"menulist","target_id":"proxyType","value":"HTTP","detail":1}
INST ed3460abc5fdd523 2016-04-01T01:21:40.400Z {"type":"mouseover","target_tagname":"menuitem","target_id":"","value":""}
INST ed3460abc5fdd523 2016-04-01T01:21:40.800Z {"type":"click","target_tagname":"menuitem","target_id":"","value":"","detail":1}
INST ed3460abc5fdd523 2016-04-01T01:21:40.800Z {"type":"select","target_tagname":"menulist","target_id":"proxyType","value":""}
INST ed3460abc5fdd523 2016-04-01T01:21:40.800Z {"type":"command","target_tagname":"menuitem","target_id":"","value":""}
INST ed3460abc5fdd523 2016-04-01T01:21:40.800Z {"type":"popuphidden","target_tagname":"menupopup","target_id":"proxyType_menuPopup"}
INST ed3460abc5fdd523 2016-04-01T01:21:40.800Z {"type":"mouseout","target_tagname":"menuitem","target_id":"","value":""}
INST ed3460abc5fdd523 2016-04-01T01:21:56.400Z {"type":"click","target_tagname":"wizard","target_id":"TorNetworkSettings","detail":1}
INST ed3460abc5fdd523 2016-04-01T01:21:56.400Z {"type":"pagehide","target_tagname":"wizardpage","target_id":"proxyYES"}
INST ed3460abc5fdd523 2016-04-01T01:21:56.400Z {"type":"pagerewound","target_tagname":"wizardpage","target_id":"proxyYES"}
INST ed3460abc5fdd523 2016-04-01T01:21:56.400Z {"type":"wizardback","target_tagname":"wizard","target_id":"TorNetworkSettings"}
INST ed3460abc5fdd523 2016-04-01T01:21:56.400Z {"type":"pageshow","target_tagname":"wizardpage","target_id":"proxy"}
INST ed3460abc5fdd523 2016-04-01T01:21:56.400Z {"type":"command","target_tagname":"wizard","target_id":"TorNetworkSettings"}
INST ed3460abc5fdd523 2016-04-01T01:21:57.300Z {"type":"click","target_tagname":"radio","target_id":"proxyRadioNo","detail":1}
INST ed3460abc5fdd523 2016-04-01T01:21:57.300Z {"type":"command","target_tagname":"radio","target_id":"proxyRadioNo"}
INST ed3460abc5fdd523 2016-04-01T01:21:58.600Z {"type":"click","target_tagname":"wizard","target_id":"TorNetworkSettings","detail":1}
INST ed3460abc5fdd523 2016-04-01T01:21:58.600Z {"type":"pagehide","target_tagname":"wizardpage","target_id":"proxy"}
INST ed3460abc5fdd523 2016-04-01T01:21:58.600Z {"type":"pageadvanced","target_tagname":"wizardpage","target_id":"proxy"}
INST ed3460abc5fdd523 2016-04-01T01:21:58.600Z {"type":"wizardfinish","target_tagname":"wizard","target_id":"TorNetworkSettings"}
INST ed3460abc5fdd523 2016-04-01T01:21:58.600Z {"type":"load","target_id":"progress_bar"}
INST ed3460abc5fdd523 2016-04-01T01:21:59.100Z {"type":"progresschanged","target_tagname":"progressmeter","target_id":"progressMeter","value":"10"}
INST ed3460abc5fdd523 2016-04-01T01:23:51.900Z {"type":"click","target_tagname":"dialog","target_id":"TorProgress","detail":1}
INST ed3460abc5fdd523 2016-04-01T01:23:51.900Z {"type":"dialogcancel","target_tagname":"dialog","target_id":"TorProgress"}
INST ed3460abc5fdd523 2016-04-01T01:23:52.000Z {"type":"command","target_tagname":"dialog","target_id":"TorProgress"}
INST ed3460abc5fdd523 2016-04-01T01:23:52.000Z {"type":"command","target_tagname":"wizard","target_id":"TorNetworkSettings"}
INST ed3460abc5fdd523 2016-04-01T01:23:53.600Z {"type":"click","target_tagname":"radio","target_id":"proxyRadioYes","detail":1}
INST ed3460abc5fdd523 2016-04-01T01:23:53.600Z {"type":"command","target_tagname":"radio","target_id":"proxyRadioYes"}
INST ed3460abc5fdd523 2016-04-01T01:23:54.600Z {"type":"click","target_tagname":"wizard","target_id":"TorNetworkSettings","detail":1}
INST ed3460abc5fdd523 2016-04-01T01:23:54.600Z {"type":"pagehide","target_tagname":"wizardpage","target_id":"proxy"}
INST ed3460abc5fdd523 2016-04-01T01:23:54.600Z {"type":"pageadvanced","target_tagname":"wizardpage","target_id":"proxy"}
INST ed3460abc5fdd523 2016-04-01T01:23:54.600Z {"type":"wizardnext","target_tagname":"wizard","target_id":"TorNetworkSettings"}
INST ed3460abc5fdd523 2016-04-01T01:23:54.600Z {"type":"pageshow","target_tagname":"wizardpage","target_id":"proxyYES"}
INST ed3460abc5fdd523 2016-04-01T01:23:54.600Z {"type":"command","target_tagname":"wizard","target_id":"TorNetworkSettings"}
INST ed3460abc5fdd523 2016-04-01T01:23:55.700Z {"type":"popupshown","target_tagname":"menupopup","target_id":"proxyType_menuPopup"}
INST ed3460abc5fdd523 2016-04-01T01:23:55.700Z {"type":"click","target_tagname":"menulist","target_id":"proxyType","value":"","detail":1}
INST ed3460abc5fdd523 2016-04-01T01:23:56.000Z {"type":"mouseover","target_tagname":"menuitem","target_id":"","value":""}
INST ed3460abc5fdd523 2016-04-01T01:23:56.100Z {"type":"mouseout","target_tagname":"menuitem","target_id":"","value":""}
INST ed3460abc5fdd523 2016-04-01T01:23:56.100Z {"type":"mouseover","target_tagname":"menuitem","target_id":"","value":"SOCKS4"}
INST ed3460abc5fdd523 2016-04-01T01:23:56.100Z {"type":"mouseout","target_tagname":"menuitem","target_id":"","value":"SOCKS4"}
INST ed3460abc5fdd523 2016-04-01T01:23:56.100Z {"type":"mouseover","target_tagname":"menuitem","target_id":"","value":"SOCKS5"}
INST ed3460abc5fdd523 2016-04-01T01:23:56.300Z {"type":"mouseout","target_tagname":"menuitem","target_id":"","value":"SOCKS5"}
INST ed3460abc5fdd523 2016-04-01T01:23:56.300Z {"type":"mouseover","target_tagname":"menuitem","target_id":"","value":"HTTP"}
INST ed3460abc5fdd523 2016-04-01T01:23:56.600Z {"type":"click","target_tagname":"menuitem","target_id":"","value":"HTTP","detail":1}
INST ed3460abc5fdd523 2016-04-01T01:23:56.600Z {"type":"select","target_tagname":"menulist","target_id":"proxyType","value":"HTTP"}
INST ed3460abc5fdd523 2016-04-01T01:23:56.600Z {"type":"command","target_tagname":"menuitem","target_id":"","value":"HTTP"}
INST ed3460abc5fdd523 2016-04-01T01:23:56.600Z {"type":"popuphidden","target_tagname":"menupopup","target_id":"proxyType_menuPopup"}
INST ed3460abc5fdd523 2016-04-01T01:23:56.700Z {"type":"mouseout","target_tagname":"menuitem","target_id":"","value":"HTTP"}
INST ed3460abc5fdd523 2016-04-01T01:24:24.500Z {"type":"click","target_tagname":"wizardpage","target_id":"proxyYES","detail":1}
INST ed3460abc5fdd523 2016-04-01T01:24:26.000Z {"type":"select","target_tagname":"textbox","target_id":"proxyAddr"}
INST ed3460abc5fdd523 2016-04-01T01:24:26.200Z {"type":"click","target_tagname":"textbox","target_id":"proxyAddr","detail":1}
INST ed3460abc5fdd523 2016-04-01T01:24:26.900Z {"type":"popupshown","target_tagname":"menupopup","target_id":"proxyType_menuPopup"}
INST ed3460abc5fdd523 2016-04-01T01:24:27.000Z {"type":"click","target_tagname":"menulist","target_id":"proxyType","value":"HTTP","detail":1}
INST ed3460abc5fdd523 2016-04-01T01:24:27.300Z {"type":"mouseover","target_tagname":"menuitem","target_id":"","value":""}
INST ed3460abc5fdd523 2016-04-01T01:24:27.300Z {"type":"mouseout","target_tagname":"menuitem","target_id":"","value":""}
INST ed3460abc5fdd523 2016-04-01T01:24:27.300Z {"type":"mouseover","target_tagname":"menuitem","target_id":"","value":"SOCKS4"}
INST ed3460abc5fdd523 2016-04-01T01:24:27.400Z {"type":"mouseout","target_tagname":"menuitem","target_id":"","value":"SOCKS4"}
INST ed3460abc5fdd523 2016-04-01T01:24:27.600Z {"type":"mouseover","target_tagname":"menuitem","target_id":"","value":"SOCKS4"}
INST ed3460abc5fdd523 2016-04-01T01:24:27.700Z {"type":"mouseout","target_tagname":"menuitem","target_id":"","value":"SOCKS4"}
INST ed3460abc5fdd523 2016-04-01T01:24:27.700Z {"type":"mouseover","target_tagname":"menuitem","target_id":"","value":""}
INST ed3460abc5fdd523 2016-04-01T01:24:28.000Z {"type":"click","target_tagname":"menuitem","target_id":"","value":"","detail":1}
INST ed3460abc5fdd523 2016-04-01T01:24:28.000Z {"type":"select","target_tagname":"menulist","target_id":"proxyType","value":""}
INST ed3460abc5fdd523 2016-04-01T01:24:28.000Z {"type":"command","target_tagname":"menuitem","target_id":"","value":""}
INST ed3460abc5fdd523 2016-04-01T01:24:28.000Z {"type":"popuphidden","target_tagname":"menupopup","target_id":"proxyType_menuPopup"}
INST ed3460abc5fdd523 2016-04-01T01:24:28.000Z {"type":"mouseout","target_tagname":"menuitem","target_id":"","value":""}
INST ed3460abc5fdd523 2016-04-01T01:24:28.900Z {"type":"click","target_tagname":"wizard","target_id":"TorNetworkSettings","detail":1}
INST ed3460abc5fdd523 2016-04-01T01:24:28.900Z {"type":"pagehide","target_tagname":"wizardpage","target_id":"proxyYES"}
INST ed3460abc5fdd523 2016-04-01T01:24:28.900Z {"type":"pagerewound","target_tagname":"wizardpage","target_id":"proxyYES"}
INST ed3460abc5fdd523 2016-04-01T01:24:28.900Z {"type":"wizardback","target_tagname":"wizard","target_id":"TorNetworkSettings"}
INST ed3460abc5fdd523 2016-04-01T01:24:28.900Z {"type":"pageshow","target_tagname":"wizardpage","target_id":"proxy"}
INST ed3460abc5fdd523 2016-04-01T01:24:28.900Z {"type":"command","target_tagname":"wizard","target_id":"TorNetworkSettings"}
INST ed3460abc5fdd523 2016-04-01T01:24:30.200Z {"type":"click","target_tagname":"radio","target_id":"proxyRadioNo","detail":1}
INST ed3460abc5fdd523 2016-04-01T01:24:30.200Z {"type":"command","target_tagname":"radio","target_id":"proxyRadioNo"}
INST ed3460abc5fdd523 2016-04-01T01:24:32.100Z {"type":"click","target_tagname":"wizard","target_id":"TorNetworkSettings","detail":1}
INST ed3460abc5fdd523 2016-04-01T01:24:32.100Z {"type":"pagehide","target_tagname":"wizardpage","target_id":"proxy"}
INST ed3460abc5fdd523 2016-04-01T01:24:32.100Z {"type":"pageadvanced","target_tagname":"wizardpage","target_id":"proxy"}
INST ed3460abc5fdd523 2016-04-01T01:24:32.100Z {"type":"wizardfinish","target_tagname":"wizard","target_id":"TorNetworkSettings"}
INST ed3460abc5fdd523 2016-04-01T01:24:32.100Z {"type":"load","target_id":"progress_bar"}
INST ed3460abc5fdd523 2016-04-01T01:29:06.800Z {"type":"click","target_tagname":"dialog","target_id":"TorProgress","detail":1}
INST ed3460abc5fdd523 2016-04-01T01:29:06.800Z {"type":"dialogcancel","target_tagname":"dialog","target_id":"TorProgress"}
INST ed3460abc5fdd523 2016-04-01T01:29:06.800Z {"type":"command","target_tagname":"dialog","target_id":"TorProgress"}
INST ed3460abc5fdd523 2016-04-01T01:29:06.800Z {"type":"command","target_tagname":"wizard","target_id":"TorNetworkSettings"}
INST ed3460abc5fdd523 2016-04-01T01:29:48.800Z {"type":"click","target_tagname":"wizard","target_id":"TorNetworkSettings","detail":1}
INST ed3460abc5fdd523 2016-04-01T01:29:48.800Z {"type":"pagehide","target_tagname":"wizardpage","target_id":"proxy"}
INST ed3460abc5fdd523 2016-04-01T01:29:48.800Z {"type":"pagerewound","target_tagname":"wizardpage","target_id":"proxy"}
INST ed3460abc5fdd523 2016-04-01T01:29:48.800Z {"type":"wizardback","target_tagname":"wizard","target_id":"TorNetworkSettings"}
INST ed3460abc5fdd523 2016-04-01T01:29:48.800Z {"type":"pageshow","target_tagname":"wizardpage","target_id":"bridges"}
INST ed3460abc5fdd523 2016-04-01T01:29:48.800Z {"type":"command","target_tagname":"wizard","target_id":"TorNetworkSettings"}
INST ed3460abc5fdd523 2016-04-01T01:29:49.000Z {"type":"click","target_tagname":"wizard","target_id":"TorNetworkSettings","detail":2}
INST ed3460abc5fdd523 2016-04-01T01:29:49.000Z {"type":"pagehide","target_tagname":"wizardpage","target_id":"bridges"}
INST ed3460abc5fdd523 2016-04-01T01:29:49.000Z {"type":"pagerewound","target_tagname":"wizardpage","target_id":"bridges"}
INST ed3460abc5fdd523 2016-04-01T01:29:49.000Z {"type":"wizardback","target_tagname":"wizard","target_id":"TorNetworkSettings"}
INST ed3460abc5fdd523 2016-04-01T01:29:49.000Z {"type":"pageshow","target_tagname":"wizardpage","target_id":"first"}
INST ed3460abc5fdd523 2016-04-01T01:29:49.000Z {"type":"command","target_tagname":"wizard","target_id":"TorNetworkSettings"}
INST ed3460abc5fdd523 2016-04-01T01:29:49.100Z {"type":"click","target_tagname":"wizard","target_id":"TorNetworkSettings","detail":3}
INST ed3460abc5fdd523 2016-04-01T01:29:49.300Z {"type":"click","target_tagname":"wizard","target_id":"TorNetworkSettings","detail":2}
INST ed3460abc5fdd523 2016-04-01T01:29:55.100Z {"type":"click","target_tagname":"button","target_id":"configure_button","detail":1}
INST ed3460abc5fdd523 2016-04-01T01:29:55.100Z {"type":"pagehide","target_tagname":"wizardpage","target_id":"first"}
INST ed3460abc5fdd523 2016-04-01T01:29:55.100Z {"type":"pageadvanced","target_tagname":"wizardpage","target_id":"first"}
INST ed3460abc5fdd523 2016-04-01T01:29:55.100Z {"type":"wizardnext","target_tagname":"wizard","target_id":"TorNetworkSettings"}
INST ed3460abc5fdd523 2016-04-01T01:29:55.100Z {"type":"pageshow","target_tagname":"wizardpage","target_id":"bridges"}
INST ed3460abc5fdd523 2016-04-01T01:29:55.100Z {"type":"command","target_tagname":"button","target_id":"configure_button"}
INST ed3460abc5fdd523 2016-04-01T01:29:56.600Z {"type":"click","target_tagname":"wizard","target_id":"TorNetworkSettings","detail":1}
INST ed3460abc5fdd523 2016-04-01T01:29:56.600Z {"type":"pagehide","target_tagname":"wizardpage","target_id":"bridges"}
INST ed3460abc5fdd523 2016-04-01T01:29:56.600Z {"type":"pageadvanced","target_tagname":"wizardpage","target_id":"bridges"}
INST ed3460abc5fdd523 2016-04-01T01:29:56.600Z {"type":"wizardnext","target_tagname":"wizard","target_id":"TorNetworkSettings"}
INST ed3460abc5fdd523 2016-04-01T01:29:56.600Z {"type":"pageshow","target_tagname":"wizardpage","target_id":"proxy"}
INST ed3460abc5fdd523 2016-04-01T01:29:56.600Z {"type":"command","target_tagname":"wizard","target_id":"TorNetworkSettings"}
INST ed3460abc5fdd523 2016-04-01T01:30:02.800Z {"type":"click","target_tagname":"wizard","target_id":"TorNetworkSettings","detail":1}
INST ed3460abc5fdd523 2016-04-01T01:30:02.800Z {"type":"pagehide","target_tagname":"wizardpage","target_id":"proxy"}
INST ed3460abc5fdd523 2016-04-01T01:30:02.800Z {"type":"pagerewound","target_tagname":"wizardpage","target_id":"proxy"}
INST ed3460abc5fdd523 2016-04-01T01:30:02.800Z {"type":"wizardback","target_tagname":"wizard","target_id":"TorNetworkSettings"}
INST ed3460abc5fdd523 2016-04-01T01:30:02.800Z {"type":"pageshow","target_tagname":"wizardpage","target_id":"bridges"}
INST ed3460abc5fdd523 2016-04-01T01:30:02.800Z {"type":"command","target_tagname":"wizard","target_id":"TorNetworkSettings"}
INST ed3460abc5fdd523 2016-04-01T01:30:04.600Z {"type":"click","target_tagname":"radio","target_id":"bridgesRadioYes","detail":1}
INST ed3460abc5fdd523 2016-04-01T01:30:04.600Z {"type":"command","target_tagname":"radio","target_id":"bridgesRadioYes"}
INST ed3460abc5fdd523 2016-04-01T01:30:05.800Z {"type":"click","target_tagname":"wizard","target_id":"TorNetworkSettings","detail":1}
INST ed3460abc5fdd523 2016-04-01T01:30:05.800Z {"type":"pagehide","target_tagname":"wizardpage","target_id":"bridges"}
INST ed3460abc5fdd523 2016-04-01T01:30:05.800Z {"type":"pageadvanced","target_tagname":"wizardpage","target_id":"bridges"}
INST ed3460abc5fdd523 2016-04-01T01:30:05.800Z {"type":"wizardnext","target_tagname":"wizard","target_id":"TorNetworkSettings"}
INST ed3460abc5fdd523 2016-04-01T01:30:05.800Z {"type":"pageshow","target_tagname":"wizardpage","target_id":"bridgeSettings"}
INST ed3460abc5fdd523 2016-04-01T01:30:05.800Z {"type":"command","target_tagname":"wizard","target_id":"TorNetworkSettings"}
INST ed3460abc5fdd523 2016-04-01T01:30:32.700Z {"type":"popupshown","target_tagname":"menupopup","target_id":"defaultBridgeType_menuPopup"}
INST ed3460abc5fdd523 2016-04-01T01:30:32.700Z {"type":"click","target_tagname":"menulist","target_id":"defaultBridgeType","value":"obfs3","detail":1}
INST ed3460abc5fdd523 2016-04-01T01:30:32.900Z {"type":"mouseover","target_tagname":"menuitem","target_id":"","value":"flashproxy"}
INST ed3460abc5fdd523 2016-04-01T01:30:33.700Z {"type":"click","target_tagname":"menuitem","target_id":"","value":"flashproxy","detail":1}
INST ed3460abc5fdd523 2016-04-01T01:30:33.700Z {"type":"select","target_tagname":"menulist","target_id":"defaultBridgeType","value":"flashproxy"}
INST ed3460abc5fdd523 2016-04-01T01:30:33.700Z {"type":"command","target_tagname":"menuitem","target_id":"","value":"flashproxy"}
INST ed3460abc5fdd523 2016-04-01T01:30:33.700Z {"type":"popuphidden","target_tagname":"menupopup","target_id":"defaultBridgeType_menuPopup"}
INST ed3460abc5fdd523 2016-04-01T01:30:33.800Z {"type":"mouseout","target_tagname":"menuitem","target_id":"","value":"flashproxy"}
INST ed3460abc5fdd523 2016-04-01T01:30:35.300Z {"type":"click","target_tagname":"wizard","target_id":"TorNetworkSettings","detail":1}
INST ed3460abc5fdd523 2016-04-01T01:30:35.300Z {"type":"pagehide","target_tagname":"wizardpage","target_id":"bridgeSettings"}
INST ed3460abc5fdd523 2016-04-01T01:30:35.300Z {"type":"pageadvanced","target_tagname":"wizardpage","target_id":"bridgeSettings"}
INST ed3460abc5fdd523 2016-04-01T01:30:35.300Z {"type":"wizardnext","target_tagname":"wizard","target_id":"TorNetworkSettings"}
INST ed3460abc5fdd523 2016-04-01T01:30:35.300Z {"type":"pageshow","target_tagname":"wizardpage","target_id":"proxy"}
INST ed3460abc5fdd523 2016-04-01T01:30:35.300Z {"type":"command","target_tagname":"wizard","target_id":"TorNetworkSettings"}
INST ed3460abc5fdd523 2016-04-01T01:30:37.900Z {"type":"click","target_tagname":"wizard","target_id":"TorNetworkSettings","detail":1}
INST ed3460abc5fdd523 2016-04-01T01:30:37.900Z {"type":"pagehide","target_tagname":"wizardpage","target_id":"proxy"}
INST ed3460abc5fdd523 2016-04-01T01:30:37.900Z {"type":"pageadvanced","target_tagname":"wizardpage","target_id":"proxy"}
INST ed3460abc5fdd523 2016-04-01T01:30:37.900Z {"type":"wizardfinish","target_tagname":"wizard","target_id":"TorNetworkSettings"}
INST ed3460abc5fdd523 2016-04-01T01:30:38.200Z {"type":"load","target_id":"progress_bar"}
INST ed3460abc5fdd523 2016-04-01T01:30:48.000Z {"type":"click","target_tagname":"description","target_id":"progressPleaseWait","detail":1}
INST ed3460abc5fdd523 2016-04-01T01:31:32.900Z {"type":"click","target_tagname":"dialog","target_id":"TorProgress","detail":1}
INST ed3460abc5fdd523 2016-04-01T01:31:32.900Z {"type":"dialogcancel","target_tagname":"dialog","target_id":"TorProgress"}
INST ed3460abc5fdd523 2016-04-01T01:31:32.900Z {"type":"command","target_tagname":"dialog","target_id":"TorProgress"}
INST ed3460abc5fdd523 2016-04-01T01:31:33.000Z {"type":"alert_show","target_id":"tor_bootstrap_failed","value":"Tor failed to establish a Tor network connection.\n\nEstablishing an encrypted directory connection failed (done - 0.0.1.0:1)."}
INST ed3460abc5fdd523 2016-04-01T01:31:34.300Z {"type":"alert_exit","target_id":"tor_bootstrap_failed","value":"Tor failed to establish a Tor network connection.\n\nEstablishing an encrypted directory connection failed (done - 0.0.1.0:1)."}
INST ed3460abc5fdd523 2016-04-01T01:31:34.300Z {"type":"command","target_tagname":"wizard","target_id":"TorNetworkSettings"}
INST ed3460abc5fdd523 2016-04-01T01:31:35.100Z {"type":"click","target_tagname":"wizard","target_id":"TorNetworkSettings","detail":1}
INST ed3460abc5fdd523 2016-04-01T01:31:35.100Z {"type":"pagehide","target_tagname":"wizardpage","target_id":"proxy"}
INST ed3460abc5fdd523 2016-04-01T01:31:35.100Z {"type":"pageadvanced","target_tagname":"wizardpage","target_id":"proxy"}
INST ed3460abc5fdd523 2016-04-01T01:31:35.200Z {"type":"wizardfinish","target_tagname":"wizard","target_id":"TorNetworkSettings"}
INST ed3460abc5fdd523 2016-04-01T01:31:35.200Z {"type":"load","target_id":"progress_bar"}
INST ed3460abc5fdd523 2016-04-01T01:33:38.200Z {"type":"click","target_tagname":"dialog","target_id":"TorProgress","detail":1}
INST ed3460abc5fdd523 2016-04-01T01:33:38.200Z {"type":"dialogcancel","target_tagname":"dialog","target_id":"TorProgress"}
INST ed3460abc5fdd523 2016-04-01T01:33:38.200Z {"type":"command","target_tagname":"dialog","target_id":"TorProgress"}
INST ed3460abc5fdd523 2016-04-01T01:33:38.300Z {"type":"alert_show","target_id":"tor_bootstrap_failed","value":"Tor failed to establish a Tor network connection.\n\nEstablishing an encrypted directory connection failed (done - 0.0.1.0:1)."}
INST ed3460abc5fdd523 2016-04-01T01:33:42.000Z {"type":"alert_exit","target_id":"tor_bootstrap_failed","value":"Tor failed to establish a Tor network connection.\n\nEstablishing an encrypted directory connection failed (done - 0.0.1.0:1)."}
INST ed3460abc5fdd523 2016-04-01T01:33:42.000Z {"type":"command","target_tagname":"wizard","target_id":"TorNetworkSettings"}
INST ed3460abc5fdd523 2016-04-01T01:33:43.000Z {"type":"click","target_tagname":"wizard","target_id":"TorNetworkSettings","detail":1}
INST ed3460abc5fdd523 2016-04-01T01:33:43.000Z {"type":"wizardcancel","target_tagname":"wizard","target_id":"TorNetworkSettings"}
INST ed3460abc5fdd523 2016-04-01T01:33:43.000Z {"type":"command","target_tagname":"wizard","target_id":"TorNetworkSettings"}
INST ed3460abc5fdd523 2016-04-01T01:33:43.000Z {"type":"unload","target_id":"configuration"}
INST 358abf94572c72a5 2016-04-01T01:33:52.700Z {"type":"start"}
INST 358abf94572c72a5 2016-04-01T01:33:53.500Z {"type":"select","target_tagname":"menulist","target_id":"proxyType","value":""}
INST 358abf94572c72a5 2016-04-01T01:33:53.500Z {"type":"wizardnext","target_tagname":"wizard","target_id":"TorNetworkSettings"}
INST 358abf94572c72a5 2016-04-01T01:33:53.500Z {"type":"pageshow","target_tagname":"wizardpage","target_id":"first"}
INST 358abf94572c72a5 2016-04-01T01:33:53.500Z {"type":"load","target_id":"configuration"}
INST 358abf94572c72a5 2016-04-01T01:33:53.500Z {"type":"select","target_tagname":"menulist","target_id":"defaultBridgeType","value":"flashproxy"}
INST 358abf94572c72a5 2016-04-01T01:33:56.000Z {"type":"click","target_tagname":"button","target_id":"configure_button","detail":1}
INST 358abf94572c72a5 2016-04-01T01:33:56.000Z {"type":"pagehide","target_tagname":"wizardpage","target_id":"first"}
INST 358abf94572c72a5 2016-04-01T01:33:56.000Z {"type":"pageadvanced","target_tagname":"wizardpage","target_id":"first"}
INST 358abf94572c72a5 2016-04-01T01:33:56.000Z {"type":"wizardnext","target_tagname":"wizard","target_id":"TorNetworkSettings"}
INST 358abf94572c72a5 2016-04-01T01:33:56.000Z {"type":"pageshow","target_tagname":"wizardpage","target_id":"bridges"}
INST 358abf94572c72a5 2016-04-01T01:33:56.000Z {"type":"command","target_tagname":"button","target_id":"configure_button"}
INST 358abf94572c72a5 2016-04-01T01:33:59.500Z {"type":"click","target_tagname":"wizard","target_id":"TorNetworkSettings","detail":1}
INST 358abf94572c72a5 2016-04-01T01:33:59.500Z {"type":"pagehide","target_tagname":"wizardpage","target_id":"bridges"}
INST 358abf94572c72a5 2016-04-01T01:33:59.500Z {"type":"pageadvanced","target_tagname":"wizardpage","target_id":"bridges"}
INST 358abf94572c72a5 2016-04-01T01:33:59.500Z {"type":"wizardnext","target_tagname":"wizard","target_id":"TorNetworkSettings"}
INST 358abf94572c72a5 2016-04-01T01:33:59.500Z {"type":"pageshow","target_tagname":"wizardpage","target_id":"bridgeSettings"}
INST 358abf94572c72a5 2016-04-01T01:33:59.500Z {"type":"command","target_tagname":"wizard","target_id":"TorNetworkSettings"}
INST 358abf94572c72a5 2016-04-01T01:34:01.600Z {"type":"click","target_tagname":"wizard","target_id":"TorNetworkSettings","detail":1}
INST 358abf94572c72a5 2016-04-01T01:34:01.600Z {"type":"pagehide","target_tagname":"wizardpage","target_id":"bridgeSettings"}
INST 358abf94572c72a5 2016-04-01T01:34:01.600Z {"type":"pageadvanced","target_tagname":"wizardpage","target_id":"bridgeSettings"}
INST 358abf94572c72a5 2016-04-01T01:34:01.600Z {"type":"wizardnext","target_tagname":"wizard","target_id":"TorNetworkSettings"}
INST 358abf94572c72a5 2016-04-01T01:34:01.600Z {"type":"pageshow","target_tagname":"wizardpage","target_id":"proxy"}
INST 358abf94572c72a5 2016-04-01T01:34:01.600Z {"type":"command","target_tagname":"wizard","target_id":"TorNetworkSettings"}
INST 358abf94572c72a5 2016-04-01T01:34:02.800Z {"type":"click","target_tagname":"wizard","target_id":"TorNetworkSettings","detail":1}
INST 358abf94572c72a5 2016-04-01T01:34:02.800Z {"type":"pagehide","target_tagname":"wizardpage","target_id":"proxy"}
INST 358abf94572c72a5 2016-04-01T01:34:02.800Z {"type":"pageadvanced","target_tagname":"wizardpage","target_id":"proxy"}
INST 358abf94572c72a5 2016-04-01T01:34:02.800Z {"type":"wizardfinish","target_tagname":"wizard","target_id":"TorNetworkSettings"}
INST 358abf94572c72a5 2016-04-01T01:34:03.000Z {"type":"load","target_id":"progress_bar"}
INST 358abf94572c72a5 2016-04-01T01:34:04.200Z {"type":"progresschanged","target_tagname":"progressmeter","target_id":"progressMeter","value":"5"}
INST 358abf94572c72a5 2016-04-01T01:34:04.200Z {"type":"progresschanged","target_tagname":"progressmeter","target_id":"progressMeter","value":"10"}
INST 358abf94572c72a5 2016-04-01T01:39:04.200Z {"type":"progresschanged","target_tagname":"progressmeter","target_id":"progressMeter","value":"10"}
INST 358abf94572c72a5 2016-04-01T01:39:04.200Z {"type":"alert_show","target_id":"tor_bootstrap_failed","value":"Tor failed to establish a Tor network connection.\n\nEstablishing an encrypted directory connection failed (done - 0.0.1.0:1)."}
INST 358abf94572c72a5 2016-04-01T01:39:09.200Z {"type":"alert_exit","target_id":"tor_bootstrap_failed","value":"Tor failed to establish a Tor network connection.\n\nEstablishing an encrypted directory connection failed (done - 0.0.1.0:1)."}
INST 358abf94572c72a5 2016-04-01T01:39:09.200Z {"type":"command","target_tagname":"wizard","target_id":"TorNetworkSettings"}
INST 358abf94572c72a5 2016-04-01T01:39:10.600Z {"type":"click","target_tagname":"wizard","target_id":"TorNetworkSettings","detail":1}
INST 358abf94572c72a5 2016-04-01T01:39:10.600Z {"type":"pagehide","target_tagname":"wizardpage","target_id":"proxy"}
INST 358abf94572c72a5 2016-04-01T01:39:10.600Z {"type":"pagerewound","target_tagname":"wizardpage","target_id":"proxy"}
INST 358abf94572c72a5 2016-04-01T01:39:10.600Z {"type":"wizardback","target_tagname":"wizard","target_id":"TorNetworkSettings"}
INST 358abf94572c72a5 2016-04-01T01:39:10.600Z {"type":"pageshow","target_tagname":"wizardpage","target_id":"bridgeSettings"}
INST 358abf94572c72a5 2016-04-01T01:39:10.600Z {"type":"command","target_tagname":"wizard","target_id":"TorNetworkSettings"}
INST 358abf94572c72a5 2016-04-01T01:39:10.800Z {"type":"click","target_tagname":"wizard","target_id":"TorNetworkSettings","detail":2}
INST 358abf94572c72a5 2016-04-01T01:39:10.800Z {"type":"pagehide","target_tagname":"wizardpage","target_id":"bridgeSettings"}
INST 358abf94572c72a5 2016-04-01T01:39:10.800Z {"type":"pagerewound","target_tagname":"wizardpage","target_id":"bridgeSettings"}
INST 358abf94572c72a5 2016-04-01T01:39:10.800Z {"type":"wizardback","target_tagname":"wizard","target_id":"TorNetworkSettings"}
INST 358abf94572c72a5 2016-04-01T01:39:10.800Z {"type":"pageshow","target_tagname":"wizardpage","target_id":"bridges"}
INST 358abf94572c72a5 2016-04-01T01:39:10.800Z {"type":"command","target_tagname":"wizard","target_id":"TorNetworkSettings"}
INST 358abf94572c72a5 2016-04-01T01:39:10.900Z {"type":"click","target_tagname":"wizard","target_id":"TorNetworkSettings","detail":3}
INST 358abf94572c72a5 2016-04-01T01:39:10.900Z {"type":"pagehide","target_tagname":"wizardpage","target_id":"bridges"}
INST 358abf94572c72a5 2016-04-01T01:39:10.900Z {"type":"pagerewound","target_tagname":"wizardpage","target_id":"bridges"}
INST 358abf94572c72a5 2016-04-01T01:39:10.900Z {"type":"wizardback","target_tagname":"wizard","target_id":"TorNetworkSettings"}
INST 358abf94572c72a5 2016-04-01T01:39:10.900Z {"type":"pageshow","target_tagname":"wizardpage","target_id":"first"}
INST 358abf94572c72a5 2016-04-01T01:39:10.900Z {"type":"command","target_tagname":"wizard","target_id":"TorNetworkSettings"}
INST 358abf94572c72a5 2016-04-01T01:39:11.200Z {"type":"click","target_tagname":"wizard","target_id":"TorNetworkSettings","detail":2}
INST 358abf94572c72a5 2016-04-01T01:39:12.600Z {"type":"click","target_tagname":"button","target_id":"configure_button","detail":1}
INST 358abf94572c72a5 2016-04-01T01:39:12.600Z {"type":"pagehide","target_tagname":"wizardpage","target_id":"first"}
INST 358abf94572c72a5 2016-04-01T01:39:12.600Z {"type":"pageadvanced","target_tagname":"wizardpage","target_id":"first"}
INST 358abf94572c72a5 2016-04-01T01:39:12.600Z {"type":"wizardnext","target_tagname":"wizard","target_id":"TorNetworkSettings"}
INST 358abf94572c72a5 2016-04-01T01:39:12.600Z {"type":"pageshow","target_tagname":"wizardpage","target_id":"bridges"}
INST 358abf94572c72a5 2016-04-01T01:39:12.600Z {"type":"command","target_tagname":"button","target_id":"configure_button"}
INST 358abf94572c72a5 2016-04-01T01:39:15.300Z {"type":"click","target_tagname":"wizard","target_id":"TorNetworkSettings","detail":1}
INST 358abf94572c72a5 2016-04-01T01:39:15.300Z {"type":"pagehide","target_tagname":"wizardpage","target_id":"bridges"}
INST 358abf94572c72a5 2016-04-01T01:39:15.300Z {"type":"pageadvanced","target_tagname":"wizardpage","target_id":"bridges"}
INST 358abf94572c72a5 2016-04-01T01:39:15.300Z {"type":"wizardnext","target_tagname":"wizard","target_id":"TorNetworkSettings"}
INST 358abf94572c72a5 2016-04-01T01:39:15.300Z {"type":"pageshow","target_tagname":"wizardpage","target_id":"bridgeSettings"}
INST 358abf94572c72a5 2016-04-01T01:39:15.300Z {"type":"command","target_tagname":"wizard","target_id":"TorNetworkSettings"}
INST 358abf94572c72a5 2016-04-01T01:39:17.500Z {"type":"popupshown","target_tagname":"menupopup","target_id":"defaultBridgeType_menuPopup"}
INST 358abf94572c72a5 2016-04-01T01:39:17.600Z {"type":"click","target_tagname":"menulist","target_id":"defaultBridgeType","value":"flashproxy","detail":1}
INST 358abf94572c72a5 2016-04-01T01:39:17.800Z {"type":"mouseover","target_tagname":"menuitem","target_id":"","value":"flashproxy"}
INST 358abf94572c72a5 2016-04-01T01:39:17.800Z {"type":"mouseout","target_tagname":"menuitem","target_id":"","value":"flashproxy"}
INST 358abf94572c72a5 2016-04-01T01:39:17.800Z {"type":"mouseover","target_tagname":"menuitem","target_id":"","value":"fte"}
INST 358abf94572c72a5 2016-04-01T01:39:17.900Z {"type":"mouseout","target_tagname":"menuitem","target_id":"","value":"fte"}
INST 358abf94572c72a5 2016-04-01T01:39:17.900Z {"type":"mouseover","target_tagname":"menuitem","target_id":"","value":"fte-ipv6"}
INST 358abf94572c72a5 2016-04-01T01:39:17.900Z {"type":"mouseout","target_tagname":"menuitem","target_id":"","value":"fte-ipv6"}
INST 358abf94572c72a5 2016-04-01T01:39:17.900Z {"type":"mouseover","target_tagname":"menuitem","target_id":"","value":"meek-amazon"}
INST 358abf94572c72a5 2016-04-01T01:39:18.000Z {"type":"mouseout","target_tagname":"menuitem","target_id":"","value":"meek-amazon"}
INST 358abf94572c72a5 2016-04-01T01:39:18.000Z {"type":"mouseover","target_tagname":"menuitem","target_id":"","value":"meek-azure"}
INST 358abf94572c72a5 2016-04-01T01:39:18.000Z {"type":"mouseout","target_tagname":"menuitem","target_id":"","value":"meek-azure"}
INST 358abf94572c72a5 2016-04-01T01:39:18.000Z {"type":"mouseover","target_tagname":"menuitem","target_id":"","value":"meek-google"}
INST 358abf94572c72a5 2016-04-01T01:39:18.300Z {"type":"mouseout","target_tagname":"menuitem","target_id":"","value":"meek-google"}
INST 358abf94572c72a5 2016-04-01T01:39:18.300Z {"type":"mouseover","target_tagname":"menuitem","target_id":"","value":"obfs3"}
INST 358abf94572c72a5 2016-04-01T01:39:18.500Z {"type":"click","target_tagname":"menuitem","target_id":"","value":"obfs3","detail":1}
INST 358abf94572c72a5 2016-04-01T01:39:18.600Z {"type":"select","target_tagname":"menulist","target_id":"defaultBridgeType","value":"obfs3"}
INST 358abf94572c72a5 2016-04-01T01:39:18.600Z {"type":"command","target_tagname":"menuitem","target_id":"","value":"obfs3"}
INST 358abf94572c72a5 2016-04-01T01:39:18.600Z {"type":"popuphidden","target_tagname":"menupopup","target_id":"defaultBridgeType_menuPopup"}
INST 358abf94572c72a5 2016-04-01T01:39:18.600Z {"type":"mouseout","target_tagname":"menuitem","target_id":"","value":"obfs3"}
INST 358abf94572c72a5 2016-04-01T01:39:21.200Z {"type":"click","target_tagname":"wizard","target_id":"TorNetworkSettings","detail":1}
INST 358abf94572c72a5 2016-04-01T01:39:21.200Z {"type":"pagehide","target_tagname":"wizardpage","target_id":"bridgeSettings"}
INST 358abf94572c72a5 2016-04-01T01:39:21.200Z {"type":"pageadvanced","target_tagname":"wizardpage","target_id":"bridgeSettings"}
INST 358abf94572c72a5 2016-04-01T01:39:21.200Z {"type":"wizardnext","target_tagname":"wizard","target_id":"TorNetworkSettings"}
INST 358abf94572c72a5 2016-04-01T01:39:21.200Z {"type":"pageshow","target_tagname":"wizardpage","target_id":"proxy"}
INST 358abf94572c72a5 2016-04-01T01:39:21.200Z {"type":"command","target_tagname":"wizard","target_id":"TorNetworkSettings"}
INST 358abf94572c72a5 2016-04-01T01:39:23.300Z {"type":"click","target_tagname":"wizard","target_id":"TorNetworkSettings","detail":1}
INST 358abf94572c72a5 2016-04-01T01:39:23.300Z {"type":"pagehide","target_tagname":"wizardpage","target_id":"proxy"}
INST 358abf94572c72a5 2016-04-01T01:39:23.300Z {"type":"pageadvanced","target_tagname":"wizardpage","target_id":"proxy"}
INST 358abf94572c72a5 2016-04-01T01:39:23.300Z {"type":"wizardfinish","target_tagname":"wizard","target_id":"TorNetworkSettings"}
INST 358abf94572c72a5 2016-04-01T01:39:23.400Z {"type":"load","target_id":"progress_bar"}
INST 358abf94572c72a5 2016-04-01T01:48:43.700Z {"type":"click","target_tagname":"dialog","target_id":"TorProgress","detail":1}
INST 358abf94572c72a5 2016-04-01T01:48:43.700Z {"type":"dialogcancel","target_tagname":"dialog","target_id":"TorProgress"}
INST 358abf94572c72a5 2016-04-01T01:48:43.700Z {"type":"command","target_tagname":"dialog","target_id":"TorProgress"}
INST 358abf94572c72a5 2016-04-01T01:48:43.700Z {"type":"command","target_tagname":"wizard","target_id":"TorNetworkSettings"}
INST 358abf94572c72a5 2016-04-01T01:48:44.400Z {"type":"click","target_tagname":"wizard","target_id":"TorNetworkSettings","detail":1}
INST 358abf94572c72a5 2016-04-01T01:48:44.400Z {"type":"wizardcancel","target_tagname":"wizard","target_id":"TorNetworkSettings"}
INST 358abf94572c72a5 2016-04-01T01:48:44.400Z {"type":"command","target_tagname":"wizard","target_id":"TorNetworkSettings"}
INST 358abf94572c72a5 2016-04-01T01:48:44.400Z {"type":"unload","target_id":"configuration"}
