INST 55bb797762997a59 2016-03-30T23:41:41.300Z {"type":"start"}
INST 55bb797762997a59 2016-03-30T23:41:42.200Z {"type":"select","target_tagname":"menulist","target_id":"proxyType","value":""}
INST 55bb797762997a59 2016-03-30T23:41:42.200Z {"type":"wizardnext","target_tagname":"wizard","target_id":"TorNetworkSettings"}
INST 55bb797762997a59 2016-03-30T23:41:42.200Z {"type":"pageshow","target_tagname":"wizardpage","target_id":"first"}
INST 55bb797762997a59 2016-03-30T23:41:42.200Z {"type":"load","target_id":"configuration"}
INST 55bb797762997a59 2016-03-30T23:41:42.200Z {"type":"select","target_tagname":"menulist","target_id":"defaultBridgeType","value":"obfs3"}
INST 55bb797762997a59 2016-03-30T23:41:57.800Z {"type":"click","target_tagname":"button","target_id":"connect_button","detail":1}
INST 55bb797762997a59 2016-03-30T23:41:57.800Z {"type":"load","target_id":"progress_bar"}
INST 55bb797762997a59 2016-03-30T23:41:57.900Z {"type":"progresschanged","target_tagname":"progressmeter","target_id":"progressMeter","value":"5"}
INST 55bb797762997a59 2016-03-30T23:41:57.900Z {"type":"progresschanged","target_tagname":"progressmeter","target_id":"progressMeter","value":"5"}
INST 55bb797762997a59 2016-03-30T23:41:57.900Z {"type":"progresschanged","target_tagname":"progressmeter","target_id":"progressMeter","value":"5"}
INST 55bb797762997a59 2016-03-30T23:42:58.900Z {"type":"progresschanged","target_tagname":"progressmeter","target_id":"progressMeter","value":"5"}
INST 55bb797762997a59 2016-03-30T23:43:54.100Z {"type":"click","target_tagname":"dialog","target_id":"TorProgress","detail":1}
INST 55bb797762997a59 2016-03-30T23:43:54.100Z {"type":"dialogcancel","target_tagname":"dialog","target_id":"TorProgress"}
INST 55bb797762997a59 2016-03-30T23:43:54.100Z {"type":"command","target_tagname":"dialog","target_id":"TorProgress"}
INST 55bb797762997a59 2016-03-30T23:43:54.100Z {"type":"command","target_tagname":"button","target_id":"connect_button"}
INST 55bb797762997a59 2016-03-30T23:43:55.100Z {"type":"click","target_tagname":"button","target_id":"configure_button","detail":1}
INST 55bb797762997a59 2016-03-30T23:43:55.100Z {"type":"pagehide","target_tagname":"wizardpage","target_id":"first"}
INST 55bb797762997a59 2016-03-30T23:43:55.100Z {"type":"pageadvanced","target_tagname":"wizardpage","target_id":"first"}
INST 55bb797762997a59 2016-03-30T23:43:55.100Z {"type":"wizardnext","target_tagname":"wizard","target_id":"TorNetworkSettings"}
INST 55bb797762997a59 2016-03-30T23:43:55.100Z {"type":"pageshow","target_tagname":"wizardpage","target_id":"bridges"}
INST 55bb797762997a59 2016-03-30T23:43:55.100Z {"type":"command","target_tagname":"button","target_id":"configure_button"}
INST 55bb797762997a59 2016-03-30T23:44:00.700Z {"type":"click","target_tagname":"radio","target_id":"bridgesRadioYes","detail":1}
INST 55bb797762997a59 2016-03-30T23:44:00.700Z {"type":"command","target_tagname":"radio","target_id":"bridgesRadioYes"}
INST 55bb797762997a59 2016-03-30T23:44:02.000Z {"type":"click","target_tagname":"wizard","target_id":"TorNetworkSettings","detail":1}
INST 55bb797762997a59 2016-03-30T23:44:02.000Z {"type":"pagehide","target_tagname":"wizardpage","target_id":"bridges"}
INST 55bb797762997a59 2016-03-30T23:44:02.000Z {"type":"pageadvanced","target_tagname":"wizardpage","target_id":"bridges"}
INST 55bb797762997a59 2016-03-30T23:44:02.000Z {"type":"wizardnext","target_tagname":"wizard","target_id":"TorNetworkSettings"}
INST 55bb797762997a59 2016-03-30T23:44:02.000Z {"type":"pageshow","target_tagname":"wizardpage","target_id":"bridgeSettings"}
INST 55bb797762997a59 2016-03-30T23:44:02.000Z {"type":"command","target_tagname":"wizard","target_id":"TorNetworkSettings"}
INST 55bb797762997a59 2016-03-30T23:44:07.900Z {"type":"click","target_tagname":"wizard","target_id":"TorNetworkSettings","detail":1}
INST 55bb797762997a59 2016-03-30T23:44:07.900Z {"type":"pagehide","target_tagname":"wizardpage","target_id":"bridgeSettings"}
INST 55bb797762997a59 2016-03-30T23:44:07.900Z {"type":"pageadvanced","target_tagname":"wizardpage","target_id":"bridgeSettings"}
INST 55bb797762997a59 2016-03-30T23:44:07.900Z {"type":"wizardnext","target_tagname":"wizard","target_id":"TorNetworkSettings"}
INST 55bb797762997a59 2016-03-30T23:44:07.900Z {"type":"pageshow","target_tagname":"wizardpage","target_id":"proxy"}
INST 55bb797762997a59 2016-03-30T23:44:07.900Z {"type":"command","target_tagname":"wizard","target_id":"TorNetworkSettings"}
INST 55bb797762997a59 2016-03-30T23:44:12.100Z {"type":"click","target_tagname":"wizard","target_id":"TorNetworkSettings","detail":1}
INST 55bb797762997a59 2016-03-30T23:44:12.100Z {"type":"pagehide","target_tagname":"wizardpage","target_id":"proxy"}
INST 55bb797762997a59 2016-03-30T23:44:12.100Z {"type":"pageadvanced","target_tagname":"wizardpage","target_id":"proxy"}
INST 55bb797762997a59 2016-03-30T23:44:12.100Z {"type":"wizardfinish","target_tagname":"wizard","target_id":"TorNetworkSettings"}
INST 55bb797762997a59 2016-03-30T23:44:12.300Z {"type":"load","target_id":"progress_bar"}
INST 55bb797762997a59 2016-03-30T23:44:18.900Z {"type":"progresschanged","target_tagname":"progressmeter","target_id":"progressMeter","value":"10"}
INST 55bb797762997a59 2016-03-30T23:45:54.600Z {"type":"click","target_tagname":"dialog","target_id":"TorProgress","detail":1}
INST 55bb797762997a59 2016-03-30T23:45:54.600Z {"type":"dialogcancel","target_tagname":"dialog","target_id":"TorProgress"}
INST 55bb797762997a59 2016-03-30T23:45:54.600Z {"type":"command","target_tagname":"dialog","target_id":"TorProgress"}
INST 55bb797762997a59 2016-03-30T23:45:54.600Z {"type":"command","target_tagname":"wizard","target_id":"TorNetworkSettings"}
INST 55bb797762997a59 2016-03-30T23:45:55.400Z {"type":"click","target_tagname":"radio","target_id":"proxyRadioYes","detail":1}
INST 55bb797762997a59 2016-03-30T23:45:55.400Z {"type":"command","target_tagname":"radio","target_id":"proxyRadioYes"}
INST 55bb797762997a59 2016-03-30T23:45:56.400Z {"type":"click","target_tagname":"wizard","target_id":"TorNetworkSettings","detail":1}
INST 55bb797762997a59 2016-03-30T23:45:56.400Z {"type":"pagehide","target_tagname":"wizardpage","target_id":"proxy"}
INST 55bb797762997a59 2016-03-30T23:45:56.400Z {"type":"pageadvanced","target_tagname":"wizardpage","target_id":"proxy"}
INST 55bb797762997a59 2016-03-30T23:45:56.400Z {"type":"wizardnext","target_tagname":"wizard","target_id":"TorNetworkSettings"}
INST 55bb797762997a59 2016-03-30T23:45:56.400Z {"type":"pageshow","target_tagname":"wizardpage","target_id":"proxyYES"}
INST 55bb797762997a59 2016-03-30T23:45:56.400Z {"type":"command","target_tagname":"wizard","target_id":"TorNetworkSettings"}
INST 55bb797762997a59 2016-03-30T23:45:58.300Z {"type":"click","target_tagname":"wizard","target_id":"TorNetworkSettings","detail":1}
INST 55bb797762997a59 2016-03-30T23:45:58.300Z {"type":"pagehide","target_tagname":"wizardpage","target_id":"proxyYES"}
INST 55bb797762997a59 2016-03-30T23:45:58.300Z {"type":"pagerewound","target_tagname":"wizardpage","target_id":"proxyYES"}
INST 55bb797762997a59 2016-03-30T23:45:58.300Z {"type":"wizardback","target_tagname":"wizard","target_id":"TorNetworkSettings"}
INST 55bb797762997a59 2016-03-30T23:45:58.300Z {"type":"pageshow","target_tagname":"wizardpage","target_id":"proxy"}
INST 55bb797762997a59 2016-03-30T23:45:58.300Z {"type":"command","target_tagname":"wizard","target_id":"TorNetworkSettings"}
INST 55bb797762997a59 2016-03-30T23:45:58.500Z {"type":"click","target_tagname":"wizard","target_id":"TorNetworkSettings","detail":2}
INST 55bb797762997a59 2016-03-30T23:45:58.500Z {"type":"pagehide","target_tagname":"wizardpage","target_id":"proxy"}
INST 55bb797762997a59 2016-03-30T23:45:58.500Z {"type":"pagerewound","target_tagname":"wizardpage","target_id":"proxy"}
INST 55bb797762997a59 2016-03-30T23:45:58.500Z {"type":"wizardback","target_tagname":"wizard","target_id":"TorNetworkSettings"}
INST 55bb797762997a59 2016-03-30T23:45:58.500Z {"type":"pageshow","target_tagname":"wizardpage","target_id":"bridgeSettings"}
INST 55bb797762997a59 2016-03-30T23:45:58.500Z {"type":"command","target_tagname":"wizard","target_id":"TorNetworkSettings"}
INST 55bb797762997a59 2016-03-30T23:45:59.000Z {"type":"click","target_tagname":"wizard","target_id":"TorNetworkSettings","detail":1}
INST 55bb797762997a59 2016-03-30T23:45:59.000Z {"type":"pagehide","target_tagname":"wizardpage","target_id":"bridgeSettings"}
INST 55bb797762997a59 2016-03-30T23:45:59.000Z {"type":"pagerewound","target_tagname":"wizardpage","target_id":"bridgeSettings"}
INST 55bb797762997a59 2016-03-30T23:45:59.000Z {"type":"wizardback","target_tagname":"wizard","target_id":"TorNetworkSettings"}
INST 55bb797762997a59 2016-03-30T23:45:59.000Z {"type":"pageshow","target_tagname":"wizardpage","target_id":"bridges"}
INST 55bb797762997a59 2016-03-30T23:45:59.000Z {"type":"command","target_tagname":"wizard","target_id":"TorNetworkSettings"}
INST 55bb797762997a59 2016-03-30T23:45:59.700Z {"type":"click","target_tagname":"wizard","target_id":"TorNetworkSettings","detail":1}
INST 55bb797762997a59 2016-03-30T23:45:59.700Z {"type":"pagehide","target_tagname":"wizardpage","target_id":"bridges"}
INST 55bb797762997a59 2016-03-30T23:45:59.700Z {"type":"pagerewound","target_tagname":"wizardpage","target_id":"bridges"}
INST 55bb797762997a59 2016-03-30T23:45:59.700Z {"type":"wizardback","target_tagname":"wizard","target_id":"TorNetworkSettings"}
INST 55bb797762997a59 2016-03-30T23:45:59.700Z {"type":"pageshow","target_tagname":"wizardpage","target_id":"first"}
INST 55bb797762997a59 2016-03-30T23:45:59.700Z {"type":"command","target_tagname":"wizard","target_id":"TorNetworkSettings"}
INST 55bb797762997a59 2016-03-30T23:46:00.200Z {"type":"click","target_tagname":"wizard","target_id":"TorNetworkSettings","detail":1}
INST 55bb797762997a59 2016-03-30T23:46:01.500Z {"type":"click","target_tagname":"button","target_id":"configure_button","detail":1}
INST 55bb797762997a59 2016-03-30T23:46:01.500Z {"type":"pagehide","target_tagname":"wizardpage","target_id":"first"}
INST 55bb797762997a59 2016-03-30T23:46:01.500Z {"type":"pageadvanced","target_tagname":"wizardpage","target_id":"first"}
INST 55bb797762997a59 2016-03-30T23:46:01.500Z {"type":"wizardnext","target_tagname":"wizard","target_id":"TorNetworkSettings"}
INST 55bb797762997a59 2016-03-30T23:46:01.500Z {"type":"pageshow","target_tagname":"wizardpage","target_id":"bridges"}
INST 55bb797762997a59 2016-03-30T23:46:01.500Z {"type":"command","target_tagname":"button","target_id":"configure_button"}
INST 55bb797762997a59 2016-03-30T23:46:05.500Z {"type":"click","target_tagname":"wizard","target_id":"TorNetworkSettings","detail":1}
INST 55bb797762997a59 2016-03-30T23:46:05.500Z {"type":"pagehide","target_tagname":"wizardpage","target_id":"bridges"}
INST 55bb797762997a59 2016-03-30T23:46:05.500Z {"type":"pageadvanced","target_tagname":"wizardpage","target_id":"bridges"}
INST 55bb797762997a59 2016-03-30T23:46:05.500Z {"type":"wizardnext","target_tagname":"wizard","target_id":"TorNetworkSettings"}
INST 55bb797762997a59 2016-03-30T23:46:05.500Z {"type":"pageshow","target_tagname":"wizardpage","target_id":"bridgeSettings"}
INST 55bb797762997a59 2016-03-30T23:46:05.500Z {"type":"command","target_tagname":"wizard","target_id":"TorNetworkSettings"}
INST 55bb797762997a59 2016-03-30T23:46:08.900Z {"type":"click","target_tagname":"wizard","target_id":"TorNetworkSettings","detail":1}
INST 55bb797762997a59 2016-03-30T23:46:08.900Z {"type":"pagehide","target_tagname":"wizardpage","target_id":"bridgeSettings"}
INST 55bb797762997a59 2016-03-30T23:46:08.900Z {"type":"pagerewound","target_tagname":"wizardpage","target_id":"bridgeSettings"}
INST 55bb797762997a59 2016-03-30T23:46:08.900Z {"type":"wizardback","target_tagname":"wizard","target_id":"TorNetworkSettings"}
INST 55bb797762997a59 2016-03-30T23:46:08.900Z {"type":"pageshow","target_tagname":"wizardpage","target_id":"bridges"}
INST 55bb797762997a59 2016-03-30T23:46:08.900Z {"type":"command","target_tagname":"wizard","target_id":"TorNetworkSettings"}
INST 55bb797762997a59 2016-03-30T23:46:09.600Z {"type":"click","target_tagname":"radio","target_id":"bridgesRadioNo","detail":1}
INST 55bb797762997a59 2016-03-30T23:46:09.600Z {"type":"command","target_tagname":"radio","target_id":"bridgesRadioNo"}
INST 55bb797762997a59 2016-03-30T23:46:10.500Z {"type":"click","target_tagname":"wizard","target_id":"TorNetworkSettings","detail":1}
INST 55bb797762997a59 2016-03-30T23:46:10.500Z {"type":"pagehide","target_tagname":"wizardpage","target_id":"bridges"}
INST 55bb797762997a59 2016-03-30T23:46:10.500Z {"type":"pageadvanced","target_tagname":"wizardpage","target_id":"bridges"}
INST 55bb797762997a59 2016-03-30T23:46:10.500Z {"type":"wizardnext","target_tagname":"wizard","target_id":"TorNetworkSettings"}
INST 55bb797762997a59 2016-03-30T23:46:10.500Z {"type":"pageshow","target_tagname":"wizardpage","target_id":"proxy"}
INST 55bb797762997a59 2016-03-30T23:46:10.500Z {"type":"command","target_tagname":"wizard","target_id":"TorNetworkSettings"}
INST 55bb797762997a59 2016-03-30T23:46:12.700Z {"type":"click","target_tagname":"radio","target_id":"proxyRadioNo","detail":1}
INST 55bb797762997a59 2016-03-30T23:46:12.700Z {"type":"command","target_tagname":"radio","target_id":"proxyRadioNo"}
INST 55bb797762997a59 2016-03-30T23:46:13.500Z {"type":"click","target_tagname":"wizard","target_id":"TorNetworkSettings","detail":1}
INST 55bb797762997a59 2016-03-30T23:46:13.500Z {"type":"pagehide","target_tagname":"wizardpage","target_id":"proxy"}
INST 55bb797762997a59 2016-03-30T23:46:13.500Z {"type":"pageadvanced","target_tagname":"wizardpage","target_id":"proxy"}
INST 55bb797762997a59 2016-03-30T23:46:13.500Z {"type":"wizardfinish","target_tagname":"wizard","target_id":"TorNetworkSettings"}
INST 55bb797762997a59 2016-03-30T23:46:13.600Z {"type":"load","target_id":"progress_bar"}
INST 55bb797762997a59 2016-03-30T23:46:45.700Z {"type":"click","target_tagname":"dialog","target_id":"TorProgress","detail":1}
INST 55bb797762997a59 2016-03-30T23:46:45.700Z {"type":"dialogcancel","target_tagname":"dialog","target_id":"TorProgress"}
INST 55bb797762997a59 2016-03-30T23:46:45.700Z {"type":"command","target_tagname":"dialog","target_id":"TorProgress"}
INST 55bb797762997a59 2016-03-30T23:46:45.700Z {"type":"command","target_tagname":"wizard","target_id":"TorNetworkSettings"}
INST 55bb797762997a59 2016-03-30T23:46:46.400Z {"type":"click","target_tagname":"wizard","target_id":"TorNetworkSettings","detail":1}
INST 55bb797762997a59 2016-03-30T23:46:46.400Z {"type":"pagehide","target_tagname":"wizardpage","target_id":"proxy"}
INST 55bb797762997a59 2016-03-30T23:46:46.400Z {"type":"pagerewound","target_tagname":"wizardpage","target_id":"proxy"}
INST 55bb797762997a59 2016-03-30T23:46:46.400Z {"type":"wizardback","target_tagname":"wizard","target_id":"TorNetworkSettings"}
INST 55bb797762997a59 2016-03-30T23:46:46.400Z {"type":"pageshow","target_tagname":"wizardpage","target_id":"bridges"}
INST 55bb797762997a59 2016-03-30T23:46:46.400Z {"type":"command","target_tagname":"wizard","target_id":"TorNetworkSettings"}
INST 55bb797762997a59 2016-03-30T23:46:46.800Z {"type":"click","target_tagname":"wizard","target_id":"TorNetworkSettings","detail":2}
INST 55bb797762997a59 2016-03-30T23:46:46.800Z {"type":"pagehide","target_tagname":"wizardpage","target_id":"bridges"}
INST 55bb797762997a59 2016-03-30T23:46:46.800Z {"type":"pagerewound","target_tagname":"wizardpage","target_id":"bridges"}
INST 55bb797762997a59 2016-03-30T23:46:46.800Z {"type":"wizardback","target_tagname":"wizard","target_id":"TorNetworkSettings"}
INST 55bb797762997a59 2016-03-30T23:46:46.800Z {"type":"pageshow","target_tagname":"wizardpage","target_id":"first"}
INST 55bb797762997a59 2016-03-30T23:46:46.800Z {"type":"command","target_tagname":"wizard","target_id":"TorNetworkSettings"}
INST 55bb797762997a59 2016-03-30T23:46:47.000Z {"type":"click","target_tagname":"wizard","target_id":"TorNetworkSettings","detail":2}
INST 55bb797762997a59 2016-03-30T23:46:47.200Z {"type":"click","target_tagname":"wizard","target_id":"TorNetworkSettings","detail":3}
INST 55bb797762997a59 2016-03-30T23:46:48.200Z {"type":"click","target_tagname":"button","target_id":"connect_button","detail":1}
INST 55bb797762997a59 2016-03-30T23:46:48.200Z {"type":"load","target_id":"progress_bar"}
INST 55bb797762997a59 2016-03-30T23:47:42.200Z {"type":"click","target_tagname":"description","target_id":"progressPleaseWait","detail":1}
INST 55bb797762997a59 2016-03-30T23:47:44.900Z {"type":"click","target_tagname":"vbox","target_id":"","detail":1}
INST 55bb797762997a59 2016-03-30T23:47:45.200Z {"type":"click","target_tagname":"vbox","target_id":"","detail":1}
INST 55bb797762997a59 2016-03-30T23:47:45.700Z {"type":"click","target_tagname":"dialog","target_id":"TorProgress","detail":1}
INST 55bb797762997a59 2016-03-30T23:47:45.900Z {"type":"click","target_tagname":"dialog","target_id":"TorProgress","detail":1}
INST 55bb797762997a59 2016-03-30T23:47:45.900Z {"type":"dialogcancel","target_tagname":"dialog","target_id":"TorProgress"}
INST 55bb797762997a59 2016-03-30T23:47:45.900Z {"type":"command","target_tagname":"dialog","target_id":"TorProgress"}
INST 55bb797762997a59 2016-03-30T23:47:45.900Z {"type":"command","target_tagname":"button","target_id":"connect_button"}
INST 55bb797762997a59 2016-03-30T23:47:46.800Z {"type":"click","target_tagname":"button","target_id":"configure_button","detail":1}
INST 55bb797762997a59 2016-03-30T23:47:46.800Z {"type":"pagehide","target_tagname":"wizardpage","target_id":"first"}
INST 55bb797762997a59 2016-03-30T23:47:46.800Z {"type":"pageadvanced","target_tagname":"wizardpage","target_id":"first"}
INST 55bb797762997a59 2016-03-30T23:47:46.800Z {"type":"wizardnext","target_tagname":"wizard","target_id":"TorNetworkSettings"}
INST 55bb797762997a59 2016-03-30T23:47:46.800Z {"type":"pageshow","target_tagname":"wizardpage","target_id":"bridges"}
INST 55bb797762997a59 2016-03-30T23:47:46.800Z {"type":"command","target_tagname":"button","target_id":"configure_button"}
INST 55bb797762997a59 2016-03-30T23:47:47.800Z {"type":"click","target_tagname":"radiogroup","target_id":"useBridgesRadioGroup","detail":1}
INST 55bb797762997a59 2016-03-30T23:47:49.000Z {"type":"click","target_tagname":"radio","target_id":"bridgesRadioYes","detail":1}
INST 55bb797762997a59 2016-03-30T23:47:49.000Z {"type":"command","target_tagname":"radio","target_id":"bridgesRadioYes"}
INST 55bb797762997a59 2016-03-30T23:47:50.300Z {"type":"click","target_tagname":"wizard","target_id":"TorNetworkSettings","detail":1}
INST 55bb797762997a59 2016-03-30T23:47:50.300Z {"type":"pagehide","target_tagname":"wizardpage","target_id":"bridges"}
INST 55bb797762997a59 2016-03-30T23:47:50.300Z {"type":"pageadvanced","target_tagname":"wizardpage","target_id":"bridges"}
INST 55bb797762997a59 2016-03-30T23:47:50.300Z {"type":"wizardnext","target_tagname":"wizard","target_id":"TorNetworkSettings"}
INST 55bb797762997a59 2016-03-30T23:47:50.300Z {"type":"pageshow","target_tagname":"wizardpage","target_id":"bridgeSettings"}
INST 55bb797762997a59 2016-03-30T23:47:50.300Z {"type":"command","target_tagname":"wizard","target_id":"TorNetworkSettings"}
INST 55bb797762997a59 2016-03-30T23:47:51.300Z {"type":"popupshown","target_tagname":"menupopup","target_id":"defaultBridgeType_menuPopup"}
INST 55bb797762997a59 2016-03-30T23:47:51.400Z {"type":"click","target_tagname":"menulist","target_id":"defaultBridgeType","value":"obfs3","detail":1}
INST 55bb797762997a59 2016-03-30T23:47:53.300Z {"type":"popuphidden","target_tagname":"menupopup","target_id":"defaultBridgeType_menuPopup"}
INST 55bb797762997a59 2016-03-30T23:47:55.600Z {"type":"click","target_tagname":"wizard","target_id":"TorNetworkSettings","detail":1}
INST 55bb797762997a59 2016-03-30T23:47:55.600Z {"type":"pagehide","target_tagname":"wizardpage","target_id":"bridgeSettings"}
INST 55bb797762997a59 2016-03-30T23:47:55.600Z {"type":"pageadvanced","target_tagname":"wizardpage","target_id":"bridgeSettings"}
INST 55bb797762997a59 2016-03-30T23:47:55.600Z {"type":"wizardnext","target_tagname":"wizard","target_id":"TorNetworkSettings"}
INST 55bb797762997a59 2016-03-30T23:47:55.600Z {"type":"pageshow","target_tagname":"wizardpage","target_id":"proxy"}
INST 55bb797762997a59 2016-03-30T23:47:55.600Z {"type":"command","target_tagname":"wizard","target_id":"TorNetworkSettings"}
INST 55bb797762997a59 2016-03-30T23:47:57.500Z {"type":"click","target_tagname":"radiogroup","target_id":"proxyRadioGroup","detail":1}
INST 55bb797762997a59 2016-03-30T23:47:59.200Z {"type":"click","target_tagname":"wizard","target_id":"TorNetworkSettings","detail":1}
INST 55bb797762997a59 2016-03-30T23:47:59.200Z {"type":"pagehide","target_tagname":"wizardpage","target_id":"proxy"}
INST 55bb797762997a59 2016-03-30T23:47:59.200Z {"type":"pageadvanced","target_tagname":"wizardpage","target_id":"proxy"}
INST 55bb797762997a59 2016-03-30T23:47:59.200Z {"type":"wizardfinish","target_tagname":"wizard","target_id":"TorNetworkSettings"}
INST 55bb797762997a59 2016-03-30T23:47:59.300Z {"type":"load","target_id":"progress_bar"}
INST 55bb797762997a59 2016-03-30T23:49:33.800Z {"type":"click","target_tagname":"description","target_id":"progressDesc","detail":1}
INST 55bb797762997a59 2016-03-30T23:49:40.800Z {"type":"click","target_tagname":"dialog","target_id":"TorProgress","detail":1}
INST 55bb797762997a59 2016-03-30T23:49:40.800Z {"type":"dialogcancel","target_tagname":"dialog","target_id":"TorProgress"}
INST 55bb797762997a59 2016-03-30T23:49:40.800Z {"type":"command","target_tagname":"dialog","target_id":"TorProgress"}
INST 55bb797762997a59 2016-03-30T23:49:40.800Z {"type":"command","target_tagname":"wizard","target_id":"TorNetworkSettings"}
INST 55bb797762997a59 2016-03-30T23:49:41.600Z {"type":"click","target_tagname":"wizard","target_id":"TorNetworkSettings","detail":1}
INST 55bb797762997a59 2016-03-30T23:49:41.600Z {"type":"wizardcancel","target_tagname":"wizard","target_id":"TorNetworkSettings"}
INST 55bb797762997a59 2016-03-30T23:49:41.600Z {"type":"command","target_tagname":"wizard","target_id":"TorNetworkSettings"}
INST 55bb797762997a59 2016-03-30T23:49:41.600Z {"type":"unload","target_id":"configuration"}
INST 6f3ac4930e72575b 2016-03-30T23:49:47.600Z {"type":"start"}
INST 6f3ac4930e72575b 2016-03-30T23:49:48.300Z {"type":"select","target_tagname":"menulist","target_id":"proxyType","value":""}
INST 6f3ac4930e72575b 2016-03-30T23:49:48.300Z {"type":"wizardnext","target_tagname":"wizard","target_id":"TorNetworkSettings"}
INST 6f3ac4930e72575b 2016-03-30T23:49:48.300Z {"type":"pageshow","target_tagname":"wizardpage","target_id":"first"}
INST 6f3ac4930e72575b 2016-03-30T23:49:48.300Z {"type":"load","target_id":"configuration"}
INST 6f3ac4930e72575b 2016-03-30T23:49:48.300Z {"type":"select","target_tagname":"menulist","target_id":"defaultBridgeType","value":"obfs3"}
INST 6f3ac4930e72575b 2016-03-30T23:49:55.400Z {"type":"click","target_tagname":"button","target_id":"connect_button","detail":1}
INST 6f3ac4930e72575b 2016-03-30T23:49:55.500Z {"type":"load","target_id":"progress_bar"}
INST 6f3ac4930e72575b 2016-03-30T23:50:02.100Z {"type":"progresschanged","target_tagname":"progressmeter","target_id":"progressMeter","value":"5"}
INST 6f3ac4930e72575b 2016-03-30T23:50:02.100Z {"type":"progresschanged","target_tagname":"progressmeter","target_id":"progressMeter","value":"10"}
INST 6f3ac4930e72575b 2016-03-30T23:50:17.500Z {"type":"click","target_tagname":"dialog","target_id":"TorProgress","detail":1}
INST 6f3ac4930e72575b 2016-03-30T23:50:17.500Z {"type":"dialogcancel","target_tagname":"dialog","target_id":"TorProgress"}
INST 6f3ac4930e72575b 2016-03-30T23:50:17.500Z {"type":"command","target_tagname":"dialog","target_id":"TorProgress"}
INST 6f3ac4930e72575b 2016-03-30T23:50:17.500Z {"type":"command","target_tagname":"button","target_id":"connect_button"}
INST 6f3ac4930e72575b 2016-03-30T23:50:18.300Z {"type":"click","target_tagname":"vbox","target_id":"","detail":1}
INST 6f3ac4930e72575b 2016-03-30T23:50:18.700Z {"type":"click","target_tagname":"button","target_id":"configure_button","detail":1}
INST 6f3ac4930e72575b 2016-03-30T23:50:18.700Z {"type":"pagehide","target_tagname":"wizardpage","target_id":"first"}
INST 6f3ac4930e72575b 2016-03-30T23:50:18.700Z {"type":"pageadvanced","target_tagname":"wizardpage","target_id":"first"}
INST 6f3ac4930e72575b 2016-03-30T23:50:18.700Z {"type":"wizardnext","target_tagname":"wizard","target_id":"TorNetworkSettings"}
INST 6f3ac4930e72575b 2016-03-30T23:50:18.700Z {"type":"pageshow","target_tagname":"wizardpage","target_id":"bridges"}
INST 6f3ac4930e72575b 2016-03-30T23:50:18.700Z {"type":"command","target_tagname":"button","target_id":"configure_button"}
INST 6f3ac4930e72575b 2016-03-30T23:50:21.600Z {"type":"click","target_tagname":"radio","target_id":"bridgesRadioYes","detail":1}
INST 6f3ac4930e72575b 2016-03-30T23:50:21.600Z {"type":"command","target_tagname":"radio","target_id":"bridgesRadioYes"}
INST 6f3ac4930e72575b 2016-03-30T23:50:22.300Z {"type":"click","target_tagname":"radio","target_id":"bridgesRadioYes","detail":1}
INST 6f3ac4930e72575b 2016-03-30T23:50:22.300Z {"type":"command","target_tagname":"radio","target_id":"bridgesRadioYes"}
INST 6f3ac4930e72575b 2016-03-30T23:50:27.800Z {"type":"click","target_tagname":"radio","target_id":"bridgesRadioNo","detail":1}
INST 6f3ac4930e72575b 2016-03-30T23:50:27.800Z {"type":"command","target_tagname":"radio","target_id":"bridgesRadioNo"}
INST 6f3ac4930e72575b 2016-03-30T23:50:30.200Z {"type":"click","target_tagname":"wizard","target_id":"TorNetworkSettings","detail":1}
INST 6f3ac4930e72575b 2016-03-30T23:50:30.200Z {"type":"pagehide","target_tagname":"wizardpage","target_id":"bridges"}
INST 6f3ac4930e72575b 2016-03-30T23:50:30.200Z {"type":"pageadvanced","target_tagname":"wizardpage","target_id":"bridges"}
INST 6f3ac4930e72575b 2016-03-30T23:50:30.200Z {"type":"wizardnext","target_tagname":"wizard","target_id":"TorNetworkSettings"}
INST 6f3ac4930e72575b 2016-03-30T23:50:30.200Z {"type":"pageshow","target_tagname":"wizardpage","target_id":"proxy"}
INST 6f3ac4930e72575b 2016-03-30T23:50:30.200Z {"type":"command","target_tagname":"wizard","target_id":"TorNetworkSettings"}
INST 6f3ac4930e72575b 2016-03-30T23:50:32.300Z {"type":"click","target_tagname":"wizard","target_id":"TorNetworkSettings","detail":1}
INST 6f3ac4930e72575b 2016-03-30T23:50:32.300Z {"type":"pagehide","target_tagname":"wizardpage","target_id":"proxy"}
INST 6f3ac4930e72575b 2016-03-30T23:50:32.300Z {"type":"pageadvanced","target_tagname":"wizardpage","target_id":"proxy"}
INST 6f3ac4930e72575b 2016-03-30T23:50:32.300Z {"type":"wizardfinish","target_tagname":"wizard","target_id":"TorNetworkSettings"}
INST 6f3ac4930e72575b 2016-03-30T23:50:32.400Z {"type":"load","target_id":"progress_bar"}
INST 6f3ac4930e72575b 2016-03-30T23:50:33.100Z {"type":"progresschanged","target_tagname":"progressmeter","target_id":"progressMeter","value":"10"}
INST 6f3ac4930e72575b 2016-03-30T23:50:33.100Z {"type":"progresschanged","target_tagname":"progressmeter","target_id":"progressMeter","value":"10"}
INST 6f3ac4930e72575b 2016-03-30T23:51:34.100Z {"type":"progresschanged","target_tagname":"progressmeter","target_id":"progressMeter","value":"10"}
INST 6f3ac4930e72575b 2016-03-30T23:52:58.700Z {"type":"click","target_tagname":"dialog","target_id":"TorProgress","detail":1}
INST 6f3ac4930e72575b 2016-03-30T23:52:58.700Z {"type":"dialogcancel","target_tagname":"dialog","target_id":"TorProgress"}
INST 6f3ac4930e72575b 2016-03-30T23:52:58.700Z {"type":"command","target_tagname":"dialog","target_id":"TorProgress"}
INST 6f3ac4930e72575b 2016-03-30T23:52:58.700Z {"type":"command","target_tagname":"wizard","target_id":"TorNetworkSettings"}
INST 6f3ac4930e72575b 2016-03-30T23:53:00.000Z {"type":"click","target_tagname":"wizard","target_id":"TorNetworkSettings","detail":1}
INST 6f3ac4930e72575b 2016-03-30T23:53:00.000Z {"type":"pagehide","target_tagname":"wizardpage","target_id":"proxy"}
INST 6f3ac4930e72575b 2016-03-30T23:53:00.000Z {"type":"pagerewound","target_tagname":"wizardpage","target_id":"proxy"}
INST 6f3ac4930e72575b 2016-03-30T23:53:00.000Z {"type":"wizardback","target_tagname":"wizard","target_id":"TorNetworkSettings"}
INST 6f3ac4930e72575b 2016-03-30T23:53:00.000Z {"type":"pageshow","target_tagname":"wizardpage","target_id":"bridges"}
INST 6f3ac4930e72575b 2016-03-30T23:53:00.000Z {"type":"command","target_tagname":"wizard","target_id":"TorNetworkSettings"}
INST 6f3ac4930e72575b 2016-03-30T23:53:00.200Z {"type":"click","target_tagname":"wizard","target_id":"TorNetworkSettings","detail":2}
INST 6f3ac4930e72575b 2016-03-30T23:53:00.200Z {"type":"pagehide","target_tagname":"wizardpage","target_id":"bridges"}
INST 6f3ac4930e72575b 2016-03-30T23:53:00.200Z {"type":"pagerewound","target_tagname":"wizardpage","target_id":"bridges"}
INST 6f3ac4930e72575b 2016-03-30T23:53:00.200Z {"type":"wizardback","target_tagname":"wizard","target_id":"TorNetworkSettings"}
INST 6f3ac4930e72575b 2016-03-30T23:53:00.200Z {"type":"pageshow","target_tagname":"wizardpage","target_id":"first"}
INST 6f3ac4930e72575b 2016-03-30T23:53:00.200Z {"type":"command","target_tagname":"wizard","target_id":"TorNetworkSettings"}
INST 6f3ac4930e72575b 2016-03-30T23:53:00.500Z {"type":"click","target_tagname":"wizard","target_id":"TorNetworkSettings","detail":3}
INST 6f3ac4930e72575b 2016-03-30T23:53:00.700Z {"type":"click","target_tagname":"wizard","target_id":"TorNetworkSettings","detail":1}
INST 6f3ac4930e72575b 2016-03-30T23:53:00.900Z {"type":"click","target_tagname":"wizard","target_id":"TorNetworkSettings","detail":2}
INST 6f3ac4930e72575b 2016-03-30T23:53:05.700Z {"type":"click","target_tagname":"button","target_id":"configure_button","detail":1}
INST 6f3ac4930e72575b 2016-03-30T23:53:05.700Z {"type":"pagehide","target_tagname":"wizardpage","target_id":"first"}
INST 6f3ac4930e72575b 2016-03-30T23:53:05.700Z {"type":"pageadvanced","target_tagname":"wizardpage","target_id":"first"}
INST 6f3ac4930e72575b 2016-03-30T23:53:05.700Z {"type":"wizardnext","target_tagname":"wizard","target_id":"TorNetworkSettings"}
INST 6f3ac4930e72575b 2016-03-30T23:53:05.700Z {"type":"pageshow","target_tagname":"wizardpage","target_id":"bridges"}
INST 6f3ac4930e72575b 2016-03-30T23:53:05.700Z {"type":"command","target_tagname":"button","target_id":"configure_button"}
INST 6f3ac4930e72575b 2016-03-30T23:53:08.200Z {"type":"click","target_tagname":"radio","target_id":"bridgesRadioNo","detail":1}
INST 6f3ac4930e72575b 2016-03-30T23:53:08.200Z {"type":"command","target_tagname":"radio","target_id":"bridgesRadioNo"}
INST 6f3ac4930e72575b 2016-03-30T23:53:08.700Z {"type":"click","target_tagname":"radio","target_id":"bridgesRadioNo","detail":1}
INST 6f3ac4930e72575b 2016-03-30T23:53:08.700Z {"type":"command","target_tagname":"radio","target_id":"bridgesRadioNo"}
INST 6f3ac4930e72575b 2016-03-30T23:53:09.400Z {"type":"click","target_tagname":"radio","target_id":"bridgesRadioYes","detail":1}
INST 6f3ac4930e72575b 2016-03-30T23:53:09.400Z {"type":"command","target_tagname":"radio","target_id":"bridgesRadioYes"}
INST 6f3ac4930e72575b 2016-03-30T23:53:10.300Z {"type":"click","target_tagname":"wizard","target_id":"TorNetworkSettings","detail":1}
INST 6f3ac4930e72575b 2016-03-30T23:53:10.300Z {"type":"pagehide","target_tagname":"wizardpage","target_id":"bridges"}
INST 6f3ac4930e72575b 2016-03-30T23:53:10.300Z {"type":"pageadvanced","target_tagname":"wizardpage","target_id":"bridges"}
INST 6f3ac4930e72575b 2016-03-30T23:53:10.300Z {"type":"wizardnext","target_tagname":"wizard","target_id":"TorNetworkSettings"}
INST 6f3ac4930e72575b 2016-03-30T23:53:10.300Z {"type":"pageshow","target_tagname":"wizardpage","target_id":"bridgeSettings"}
INST 6f3ac4930e72575b 2016-03-30T23:53:10.300Z {"type":"command","target_tagname":"wizard","target_id":"TorNetworkSettings"}
INST 6f3ac4930e72575b 2016-03-30T23:53:11.600Z {"type":"popupshown","target_tagname":"menupopup","target_id":"defaultBridgeType_menuPopup"}
INST 6f3ac4930e72575b 2016-03-30T23:53:11.700Z {"type":"click","target_tagname":"menulist","target_id":"defaultBridgeType","value":"obfs3","detail":1}
INST 6f3ac4930e72575b 2016-03-30T23:53:12.500Z {"type":"mouseover","target_tagname":"menuitem","target_id":"","value":"flashproxy"}
INST 6f3ac4930e72575b 2016-03-30T23:53:12.500Z {"type":"mouseout","target_tagname":"menuitem","target_id":"","value":"flashproxy"}
INST 6f3ac4930e72575b 2016-03-30T23:53:12.500Z {"type":"mouseover","target_tagname":"menuitem","target_id":"","value":"fte"}
INST 6f3ac4930e72575b 2016-03-30T23:53:12.800Z {"type":"mouseout","target_tagname":"menuitem","target_id":"","value":"fte"}
INST 6f3ac4930e72575b 2016-03-30T23:53:12.800Z {"type":"mouseover","target_tagname":"menuitem","target_id":"","value":"flashproxy"}
INST 6f3ac4930e72575b 2016-03-30T23:53:13.100Z {"type":"click","target_tagname":"menuitem","target_id":"","value":"flashproxy","detail":1}
INST 6f3ac4930e72575b 2016-03-30T23:53:13.100Z {"type":"select","target_tagname":"menulist","target_id":"defaultBridgeType","value":"flashproxy"}
INST 6f3ac4930e72575b 2016-03-30T23:53:13.100Z {"type":"command","target_tagname":"menuitem","target_id":"","value":"flashproxy"}
INST 6f3ac4930e72575b 2016-03-30T23:53:13.100Z {"type":"popuphidden","target_tagname":"menupopup","target_id":"defaultBridgeType_menuPopup"}
INST 6f3ac4930e72575b 2016-03-30T23:53:13.100Z {"type":"mouseout","target_tagname":"menuitem","target_id":"","value":"flashproxy"}
INST 6f3ac4930e72575b 2016-03-30T23:53:15.000Z {"type":"click","target_tagname":"wizard","target_id":"TorNetworkSettings","detail":1}
INST 6f3ac4930e72575b 2016-03-30T23:53:15.000Z {"type":"pagehide","target_tagname":"wizardpage","target_id":"bridgeSettings"}
INST 6f3ac4930e72575b 2016-03-30T23:53:15.000Z {"type":"pageadvanced","target_tagname":"wizardpage","target_id":"bridgeSettings"}
INST 6f3ac4930e72575b 2016-03-30T23:53:15.000Z {"type":"wizardnext","target_tagname":"wizard","target_id":"TorNetworkSettings"}
INST 6f3ac4930e72575b 2016-03-30T23:53:15.000Z {"type":"pageshow","target_tagname":"wizardpage","target_id":"proxy"}
INST 6f3ac4930e72575b 2016-03-30T23:53:15.000Z {"type":"command","target_tagname":"wizard","target_id":"TorNetworkSettings"}
INST 6f3ac4930e72575b 2016-03-30T23:53:17.000Z {"type":"click","target_tagname":"radio","target_id":"proxyRadioYes","detail":1}
INST 6f3ac4930e72575b 2016-03-30T23:53:17.000Z {"type":"command","target_tagname":"radio","target_id":"proxyRadioYes"}
INST 6f3ac4930e72575b 2016-03-30T23:53:17.400Z {"type":"click","target_tagname":"radio","target_id":"proxyRadioNo","detail":1}
INST 6f3ac4930e72575b 2016-03-30T23:53:17.400Z {"type":"command","target_tagname":"radio","target_id":"proxyRadioNo"}
INST 6f3ac4930e72575b 2016-03-30T23:53:18.400Z {"type":"click","target_tagname":"wizard","target_id":"TorNetworkSettings","detail":1}
INST 6f3ac4930e72575b 2016-03-30T23:53:18.400Z {"type":"pagehide","target_tagname":"wizardpage","target_id":"proxy"}
INST 6f3ac4930e72575b 2016-03-30T23:53:18.400Z {"type":"pageadvanced","target_tagname":"wizardpage","target_id":"proxy"}
INST 6f3ac4930e72575b 2016-03-30T23:53:18.400Z {"type":"wizardfinish","target_tagname":"wizard","target_id":"TorNetworkSettings"}
INST 6f3ac4930e72575b 2016-03-30T23:53:18.500Z {"type":"load","target_id":"progress_bar"}
INST 6f3ac4930e72575b 2016-03-30T23:53:39.500Z {"type":"click","target_tagname":"dialog","target_id":"TorProgress","detail":1}
INST 6f3ac4930e72575b 2016-03-30T23:53:39.500Z {"type":"dialogcancel","target_tagname":"dialog","target_id":"TorProgress"}
INST 6f3ac4930e72575b 2016-03-30T23:53:39.500Z {"type":"command","target_tagname":"dialog","target_id":"TorProgress"}
INST 6f3ac4930e72575b 2016-03-30T23:53:39.500Z {"type":"alert_show","target_id":"tor_bootstrap_failed","value":"Tor failed to establish a Tor network connection.\n\nEstablishing an encrypted directory connection failed (done - 0.0.1.0:1)."}
INST 6f3ac4930e72575b 2016-03-30T23:53:40.700Z {"type":"alert_exit","target_id":"tor_bootstrap_failed","value":"Tor failed to establish a Tor network connection.\n\nEstablishing an encrypted directory connection failed (done - 0.0.1.0:1)."}
INST 6f3ac4930e72575b 2016-03-30T23:53:40.700Z {"type":"command","target_tagname":"wizard","target_id":"TorNetworkSettings"}
INST 6f3ac4930e72575b 2016-03-30T23:53:42.000Z {"type":"click","target_tagname":"wizard","target_id":"TorNetworkSettings","detail":1}
INST 6f3ac4930e72575b 2016-03-30T23:53:42.000Z {"type":"pagehide","target_tagname":"wizardpage","target_id":"proxy"}
INST 6f3ac4930e72575b 2016-03-30T23:53:42.000Z {"type":"pagerewound","target_tagname":"wizardpage","target_id":"proxy"}
INST 6f3ac4930e72575b 2016-03-30T23:53:42.000Z {"type":"wizardback","target_tagname":"wizard","target_id":"TorNetworkSettings"}
INST 6f3ac4930e72575b 2016-03-30T23:53:42.000Z {"type":"pageshow","target_tagname":"wizardpage","target_id":"bridgeSettings"}
INST 6f3ac4930e72575b 2016-03-30T23:53:42.000Z {"type":"command","target_tagname":"wizard","target_id":"TorNetworkSettings"}
INST 6f3ac4930e72575b 2016-03-30T23:53:43.100Z {"type":"click","target_tagname":"spacer","target_id":"","detail":1}
INST 6f3ac4930e72575b 2016-03-30T23:53:43.400Z {"type":"popupshown","target_tagname":"menupopup","target_id":"defaultBridgeType_menuPopup"}
INST 6f3ac4930e72575b 2016-03-30T23:53:43.500Z {"type":"click","target_tagname":"menulist","target_id":"defaultBridgeType","value":"flashproxy","detail":1}
INST 6f3ac4930e72575b 2016-03-30T23:53:43.800Z {"type":"mouseover","target_tagname":"menuitem","target_id":"","value":"flashproxy"}
INST 6f3ac4930e72575b 2016-03-30T23:53:43.900Z {"type":"mouseout","target_tagname":"menuitem","target_id":"","value":"flashproxy"}
INST 6f3ac4930e72575b 2016-03-30T23:53:43.900Z {"type":"mouseover","target_tagname":"menuitem","target_id":"","value":"fte"}
INST 6f3ac4930e72575b 2016-03-30T23:53:44.500Z {"type":"mouseout","target_tagname":"menuitem","target_id":"","value":"fte"}
INST 6f3ac4930e72575b 2016-03-30T23:53:44.500Z {"type":"mouseover","target_tagname":"menuitem","target_id":"","value":"fte-ipv6"}
INST 6f3ac4930e72575b 2016-03-30T23:53:44.900Z {"type":"mouseout","target_tagname":"menuitem","target_id":"","value":"fte-ipv6"}
INST 6f3ac4930e72575b 2016-03-30T23:53:44.900Z {"type":"mouseover","target_tagname":"menuitem","target_id":"","value":"meek-amazon"}
INST 6f3ac4930e72575b 2016-03-30T23:53:46.100Z {"type":"click","target_tagname":"menuitem","target_id":"","value":"meek-amazon","detail":1}
INST 6f3ac4930e72575b 2016-03-30T23:53:46.100Z {"type":"select","target_tagname":"menulist","target_id":"defaultBridgeType","value":"meek-amazon"}
INST 6f3ac4930e72575b 2016-03-30T23:53:46.200Z {"type":"command","target_tagname":"menuitem","target_id":"","value":"meek-amazon"}
INST 6f3ac4930e72575b 2016-03-30T23:53:46.200Z {"type":"popuphidden","target_tagname":"menupopup","target_id":"defaultBridgeType_menuPopup"}
INST 6f3ac4930e72575b 2016-03-30T23:53:46.200Z {"type":"mouseout","target_tagname":"menuitem","target_id":"","value":"meek-amazon"}
INST 6f3ac4930e72575b 2016-03-30T23:53:47.500Z {"type":"click","target_tagname":"wizard","target_id":"TorNetworkSettings","detail":1}
INST 6f3ac4930e72575b 2016-03-30T23:53:47.500Z {"type":"pagehide","target_tagname":"wizardpage","target_id":"bridgeSettings"}
INST 6f3ac4930e72575b 2016-03-30T23:53:47.500Z {"type":"pageadvanced","target_tagname":"wizardpage","target_id":"bridgeSettings"}
INST 6f3ac4930e72575b 2016-03-30T23:53:47.500Z {"type":"wizardnext","target_tagname":"wizard","target_id":"TorNetworkSettings"}
INST 6f3ac4930e72575b 2016-03-30T23:53:47.500Z {"type":"pageshow","target_tagname":"wizardpage","target_id":"proxy"}
INST 6f3ac4930e72575b 2016-03-30T23:53:47.500Z {"type":"command","target_tagname":"wizard","target_id":"TorNetworkSettings"}
INST 6f3ac4930e72575b 2016-03-30T23:53:49.500Z {"type":"click","target_tagname":"wizard","target_id":"TorNetworkSettings","detail":1}
INST 6f3ac4930e72575b 2016-03-30T23:53:49.500Z {"type":"pagehide","target_tagname":"wizardpage","target_id":"proxy"}
INST 6f3ac4930e72575b 2016-03-30T23:53:49.500Z {"type":"pageadvanced","target_tagname":"wizardpage","target_id":"proxy"}
INST 6f3ac4930e72575b 2016-03-30T23:53:49.500Z {"type":"wizardfinish","target_tagname":"wizard","target_id":"TorNetworkSettings"}
INST 6f3ac4930e72575b 2016-03-30T23:53:49.700Z {"type":"load","target_id":"progress_bar"}
INST 6f3ac4930e72575b 2016-03-30T23:53:54.200Z {"type":"click","target_tagname":"dialog","target_id":"TorProgress","detail":1}
INST 6f3ac4930e72575b 2016-03-30T23:53:55.600Z {"type":"progresschanged","target_tagname":"progressmeter","target_id":"progressMeter","value":"15"}
INST 6f3ac4930e72575b 2016-03-30T23:53:55.900Z {"type":"progresschanged","target_tagname":"progressmeter","target_id":"progressMeter","value":"20"}
INST 6f3ac4930e72575b 2016-03-30T23:53:56.900Z {"type":"progresschanged","target_tagname":"progressmeter","target_id":"progressMeter","value":"25"}
INST 6f3ac4930e72575b 2016-03-30T23:54:03.900Z {"type":"progresschanged","target_tagname":"progressmeter","target_id":"progressMeter","value":"40"}
INST 6f3ac4930e72575b 2016-03-30T23:54:04.700Z {"type":"progresschanged","target_tagname":"progressmeter","target_id":"progressMeter","value":"45"}
INST 6f3ac4930e72575b 2016-03-30T23:54:05.000Z {"type":"progresschanged","target_tagname":"progressmeter","target_id":"progressMeter","value":"50"}
INST 6f3ac4930e72575b 2016-03-30T23:54:16.800Z {"type":"progresschanged","target_tagname":"progressmeter","target_id":"progressMeter","value":"50"}
INST 6f3ac4930e72575b 2016-03-30T23:54:19.300Z {"type":"progresschanged","target_tagname":"progressmeter","target_id":"progressMeter","value":"50"}
INST 6f3ac4930e72575b 2016-03-30T23:54:19.300Z {"type":"progresschanged","target_tagname":"progressmeter","target_id":"progressMeter","value":"55"}
INST 6f3ac4930e72575b 2016-03-30T23:54:19.300Z {"type":"progresschanged","target_tagname":"progressmeter","target_id":"progressMeter","value":"55"}
INST 6f3ac4930e72575b 2016-03-30T23:54:19.300Z {"type":"progresschanged","target_tagname":"progressmeter","target_id":"progressMeter","value":"62"}
INST 6f3ac4930e72575b 2016-03-30T23:54:19.300Z {"type":"progresschanged","target_tagname":"progressmeter","target_id":"progressMeter","value":"66"}
INST 6f3ac4930e72575b 2016-03-30T23:54:19.300Z {"type":"progresschanged","target_tagname":"progressmeter","target_id":"progressMeter","value":"72"}
INST 6f3ac4930e72575b 2016-03-30T23:54:20.100Z {"type":"progresschanged","target_tagname":"progressmeter","target_id":"progressMeter","value":"80"}
INST 6f3ac4930e72575b 2016-03-30T23:54:20.100Z {"type":"progresschanged","target_tagname":"progressmeter","target_id":"progressMeter","value":"90"}
INST 6f3ac4930e72575b 2016-03-30T23:54:21.300Z {"type":"progresschanged","target_tagname":"progressmeter","target_id":"progressMeter","value":"100"}
INST 6f3ac4930e72575b 2016-03-30T23:54:21.500Z {"type":"unload","target_id":"progress_bar"}
INST 6f3ac4930e72575b 2016-03-30T23:54:21.500Z {"type":"command","target_tagname":"wizard","target_id":"TorNetworkSettings"}
INST 6f3ac4930e72575b 2016-03-30T23:54:21.500Z {"type":"unload","target_id":"configuration"}
