INST 692b187c9ddc0fa6 2016-03-23T21:14:13.000Z {"type":"start"}
INST 692b187c9ddc0fa6 2016-03-23T21:14:14.100Z {"type":"select","target_tagname":"menulist","target_id":"proxyType","value":""}
INST 692b187c9ddc0fa6 2016-03-23T21:14:14.100Z {"type":"wizardnext","target_tagname":"wizard","target_id":"TorNetworkSettings"}
INST 692b187c9ddc0fa6 2016-03-23T21:14:14.100Z {"type":"pageshow","target_tagname":"wizardpage","target_id":"first"}
INST 692b187c9ddc0fa6 2016-03-23T21:14:14.100Z {"type":"load","target_id":"configuration"}
INST 692b187c9ddc0fa6 2016-03-23T21:14:14.100Z {"type":"select","target_tagname":"menulist","target_id":"defaultBridgeType","value":"obfs3"}
INST 692b187c9ddc0fa6 2016-03-23T21:14:22.800Z {"type":"click","target_tagname":"button","target_id":"configure_button","detail":1}
INST 692b187c9ddc0fa6 2016-03-23T21:14:22.800Z {"type":"pagehide","target_tagname":"wizardpage","target_id":"first"}
INST 692b187c9ddc0fa6 2016-03-23T21:14:22.800Z {"type":"pageadvanced","target_tagname":"wizardpage","target_id":"first"}
INST 692b187c9ddc0fa6 2016-03-23T21:14:22.800Z {"type":"wizardnext","target_tagname":"wizard","target_id":"TorNetworkSettings"}
INST 692b187c9ddc0fa6 2016-03-23T21:14:22.800Z {"type":"pageshow","target_tagname":"wizardpage","target_id":"bridges"}
INST 692b187c9ddc0fa6 2016-03-23T21:14:22.800Z {"type":"command","target_tagname":"button","target_id":"configure_button"}
INST 692b187c9ddc0fa6 2016-03-23T21:14:34.000Z {"type":"click","target_tagname":"wizard","target_id":"TorNetworkSettings","detail":1}
INST 692b187c9ddc0fa6 2016-03-23T21:14:34.000Z {"type":"pagehide","target_tagname":"wizardpage","target_id":"bridges"}
INST 692b187c9ddc0fa6 2016-03-23T21:14:34.000Z {"type":"pageadvanced","target_tagname":"wizardpage","target_id":"bridges"}
INST 692b187c9ddc0fa6 2016-03-23T21:14:34.000Z {"type":"wizardnext","target_tagname":"wizard","target_id":"TorNetworkSettings"}
INST 692b187c9ddc0fa6 2016-03-23T21:14:34.100Z {"type":"pageshow","target_tagname":"wizardpage","target_id":"proxy"}
INST 692b187c9ddc0fa6 2016-03-23T21:14:34.100Z {"type":"command","target_tagname":"wizard","target_id":"TorNetworkSettings"}
INST 692b187c9ddc0fa6 2016-03-23T21:17:00.900Z {"type":"click","target_tagname":"wizard","target_id":"TorNetworkSettings","detail":1}
INST 692b187c9ddc0fa6 2016-03-23T21:17:00.900Z {"type":"pagehide","target_tagname":"wizardpage","target_id":"proxy"}
INST 692b187c9ddc0fa6 2016-03-23T21:17:00.900Z {"type":"pageadvanced","target_tagname":"wizardpage","target_id":"proxy"}
INST 692b187c9ddc0fa6 2016-03-23T21:17:00.900Z {"type":"wizardfinish","target_tagname":"wizard","target_id":"TorNetworkSettings"}
INST 692b187c9ddc0fa6 2016-03-23T21:17:01.000Z {"type":"load","target_id":"progress_bar"}
INST 692b187c9ddc0fa6 2016-03-23T21:17:01.700Z {"type":"progresschanged","target_tagname":"progressmeter","target_id":"progressMeter","value":"5"}
INST 692b187c9ddc0fa6 2016-03-23T21:17:01.700Z {"type":"progresschanged","target_tagname":"progressmeter","target_id":"progressMeter","value":"5"}
INST 692b187c9ddc0fa6 2016-03-23T21:17:01.700Z {"type":"progresschanged","target_tagname":"progressmeter","target_id":"progressMeter","value":"5"}
INST 692b187c9ddc0fa6 2016-03-23T21:17:34.600Z {"type":"click","target_tagname":"dialog","target_id":"TorProgress","detail":1}
INST 692b187c9ddc0fa6 2016-03-23T21:17:34.600Z {"type":"dialogcancel","target_tagname":"dialog","target_id":"TorProgress"}
INST 692b187c9ddc0fa6 2016-03-23T21:17:34.600Z {"type":"command","target_tagname":"dialog","target_id":"TorProgress"}
INST 692b187c9ddc0fa6 2016-03-23T21:17:34.600Z {"type":"command","target_tagname":"wizard","target_id":"TorNetworkSettings"}
INST 692b187c9ddc0fa6 2016-03-23T21:17:35.900Z {"type":"click","target_tagname":"wizard","target_id":"TorNetworkSettings","detail":1}
INST 692b187c9ddc0fa6 2016-03-23T21:17:35.900Z {"type":"pagehide","target_tagname":"wizardpage","target_id":"proxy"}
INST 692b187c9ddc0fa6 2016-03-23T21:17:35.900Z {"type":"pagerewound","target_tagname":"wizardpage","target_id":"proxy"}
INST 692b187c9ddc0fa6 2016-03-23T21:17:35.900Z {"type":"wizardback","target_tagname":"wizard","target_id":"TorNetworkSettings"}
INST 692b187c9ddc0fa6 2016-03-23T21:17:35.900Z {"type":"pageshow","target_tagname":"wizardpage","target_id":"bridges"}
INST 692b187c9ddc0fa6 2016-03-23T21:17:35.900Z {"type":"command","target_tagname":"wizard","target_id":"TorNetworkSettings"}
INST 692b187c9ddc0fa6 2016-03-23T21:17:36.900Z {"type":"click","target_tagname":"wizard","target_id":"TorNetworkSettings","detail":1}
INST 692b187c9ddc0fa6 2016-03-23T21:17:36.900Z {"type":"pagehide","target_tagname":"wizardpage","target_id":"bridges"}
INST 692b187c9ddc0fa6 2016-03-23T21:17:36.900Z {"type":"pagerewound","target_tagname":"wizardpage","target_id":"bridges"}
INST 692b187c9ddc0fa6 2016-03-23T21:17:36.900Z {"type":"wizardback","target_tagname":"wizard","target_id":"TorNetworkSettings"}
INST 692b187c9ddc0fa6 2016-03-23T21:17:36.900Z {"type":"pageshow","target_tagname":"wizardpage","target_id":"first"}
INST 692b187c9ddc0fa6 2016-03-23T21:17:36.900Z {"type":"command","target_tagname":"wizard","target_id":"TorNetworkSettings"}
INST 692b187c9ddc0fa6 2016-03-23T21:17:40.300Z {"type":"click","target_tagname":"button","target_id":"connect_button","detail":1}
INST 692b187c9ddc0fa6 2016-03-23T21:17:40.400Z {"type":"load","target_id":"progress_bar"}
INST 692b187c9ddc0fa6 2016-03-23T21:17:53.700Z {"type":"click","target_tagname":"dialog","target_id":"TorProgress","detail":1}
INST 692b187c9ddc0fa6 2016-03-23T21:17:53.700Z {"type":"dialogcancel","target_tagname":"dialog","target_id":"TorProgress"}
INST 692b187c9ddc0fa6 2016-03-23T21:17:53.700Z {"type":"command","target_tagname":"dialog","target_id":"TorProgress"}
INST 692b187c9ddc0fa6 2016-03-23T21:17:53.700Z {"type":"command","target_tagname":"button","target_id":"connect_button"}
INST 692b187c9ddc0fa6 2016-03-23T21:17:54.600Z {"type":"click","target_tagname":"button","target_id":"configure_button","detail":1}
INST 692b187c9ddc0fa6 2016-03-23T21:17:54.600Z {"type":"pagehide","target_tagname":"wizardpage","target_id":"first"}
INST 692b187c9ddc0fa6 2016-03-23T21:17:54.600Z {"type":"pageadvanced","target_tagname":"wizardpage","target_id":"first"}
INST 692b187c9ddc0fa6 2016-03-23T21:17:54.600Z {"type":"wizardnext","target_tagname":"wizard","target_id":"TorNetworkSettings"}
INST 692b187c9ddc0fa6 2016-03-23T21:17:54.600Z {"type":"pageshow","target_tagname":"wizardpage","target_id":"bridges"}
INST 692b187c9ddc0fa6 2016-03-23T21:17:54.600Z {"type":"command","target_tagname":"button","target_id":"configure_button"}
INST 692b187c9ddc0fa6 2016-03-23T21:17:56.800Z {"type":"click","target_tagname":"radio","target_id":"bridgesRadioYes","detail":1}
INST 692b187c9ddc0fa6 2016-03-23T21:17:56.800Z {"type":"command","target_tagname":"radio","target_id":"bridgesRadioYes"}
INST 692b187c9ddc0fa6 2016-03-23T21:17:58.400Z {"type":"click","target_tagname":"wizard","target_id":"TorNetworkSettings","detail":1}
INST 692b187c9ddc0fa6 2016-03-23T21:17:58.400Z {"type":"pagehide","target_tagname":"wizardpage","target_id":"bridges"}
INST 692b187c9ddc0fa6 2016-03-23T21:17:58.400Z {"type":"pageadvanced","target_tagname":"wizardpage","target_id":"bridges"}
INST 692b187c9ddc0fa6 2016-03-23T21:17:58.400Z {"type":"wizardnext","target_tagname":"wizard","target_id":"TorNetworkSettings"}
INST 692b187c9ddc0fa6 2016-03-23T21:17:58.400Z {"type":"pageshow","target_tagname":"wizardpage","target_id":"bridgeSettings"}
INST 692b187c9ddc0fa6 2016-03-23T21:17:58.400Z {"type":"command","target_tagname":"wizard","target_id":"TorNetworkSettings"}
INST 692b187c9ddc0fa6 2016-03-23T21:18:04.800Z {"type":"popupshown","target_tagname":"menupopup","target_id":"defaultBridgeType_menuPopup"}
INST 692b187c9ddc0fa6 2016-03-23T21:18:04.900Z {"type":"click","target_tagname":"menulist","target_id":"defaultBridgeType","value":"obfs3","detail":1}
INST 692b187c9ddc0fa6 2016-03-23T21:18:05.900Z {"type":"popuphidden","target_tagname":"menupopup","target_id":"defaultBridgeType_menuPopup"}
INST 692b187c9ddc0fa6 2016-03-23T21:18:06.900Z {"type":"click","target_tagname":"wizard","target_id":"TorNetworkSettings","detail":1}
INST 692b187c9ddc0fa6 2016-03-23T21:18:06.900Z {"type":"pagehide","target_tagname":"wizardpage","target_id":"bridgeSettings"}
INST 692b187c9ddc0fa6 2016-03-23T21:18:06.900Z {"type":"pageadvanced","target_tagname":"wizardpage","target_id":"bridgeSettings"}
INST 692b187c9ddc0fa6 2016-03-23T21:18:06.900Z {"type":"wizardnext","target_tagname":"wizard","target_id":"TorNetworkSettings"}
INST 692b187c9ddc0fa6 2016-03-23T21:18:06.900Z {"type":"pageshow","target_tagname":"wizardpage","target_id":"proxy"}
INST 692b187c9ddc0fa6 2016-03-23T21:18:06.900Z {"type":"command","target_tagname":"wizard","target_id":"TorNetworkSettings"}
INST 692b187c9ddc0fa6 2016-03-23T21:18:09.800Z {"type":"click","target_tagname":"radio","target_id":"proxyRadioYes","detail":1}
INST 692b187c9ddc0fa6 2016-03-23T21:18:09.800Z {"type":"command","target_tagname":"radio","target_id":"proxyRadioYes"}
INST 692b187c9ddc0fa6 2016-03-23T21:18:10.800Z {"type":"click","target_tagname":"wizard","target_id":"TorNetworkSettings","detail":1}
INST 692b187c9ddc0fa6 2016-03-23T21:18:10.800Z {"type":"pagehide","target_tagname":"wizardpage","target_id":"proxy"}
INST 692b187c9ddc0fa6 2016-03-23T21:18:10.800Z {"type":"pageadvanced","target_tagname":"wizardpage","target_id":"proxy"}
INST 692b187c9ddc0fa6 2016-03-23T21:18:10.800Z {"type":"wizardnext","target_tagname":"wizard","target_id":"TorNetworkSettings"}
INST 692b187c9ddc0fa6 2016-03-23T21:18:10.800Z {"type":"pageshow","target_tagname":"wizardpage","target_id":"proxyYES"}
INST 692b187c9ddc0fa6 2016-03-23T21:18:10.800Z {"type":"command","target_tagname":"wizard","target_id":"TorNetworkSettings"}
INST 692b187c9ddc0fa6 2016-03-23T21:18:12.800Z {"type":"popupshown","target_tagname":"menupopup","target_id":"proxyType_menuPopup"}
INST 692b187c9ddc0fa6 2016-03-23T21:18:12.900Z {"type":"click","target_tagname":"menulist","target_id":"proxyType","value":"","detail":1}
INST 692b187c9ddc0fa6 2016-03-23T21:18:18.100Z {"type":"popuphidden","target_tagname":"menupopup","target_id":"proxyType_menuPopup"}
INST 692b187c9ddc0fa6 2016-03-23T21:18:20.000Z {"type":"click","target_tagname":"wizard","target_id":"TorNetworkSettings","detail":1}
INST 692b187c9ddc0fa6 2016-03-23T21:18:20.000Z {"type":"pagehide","target_tagname":"wizardpage","target_id":"proxyYES"}
INST 692b187c9ddc0fa6 2016-03-23T21:18:20.000Z {"type":"pagerewound","target_tagname":"wizardpage","target_id":"proxyYES"}
INST 692b187c9ddc0fa6 2016-03-23T21:18:20.000Z {"type":"wizardback","target_tagname":"wizard","target_id":"TorNetworkSettings"}
INST 692b187c9ddc0fa6 2016-03-23T21:18:20.000Z {"type":"pageshow","target_tagname":"wizardpage","target_id":"proxy"}
INST 692b187c9ddc0fa6 2016-03-23T21:18:20.000Z {"type":"command","target_tagname":"wizard","target_id":"TorNetworkSettings"}
INST 692b187c9ddc0fa6 2016-03-23T21:18:21.000Z {"type":"click","target_tagname":"radio","target_id":"proxyRadioNo","detail":1}
INST 692b187c9ddc0fa6 2016-03-23T21:18:21.000Z {"type":"command","target_tagname":"radio","target_id":"proxyRadioNo"}
INST 692b187c9ddc0fa6 2016-03-23T21:18:21.900Z {"type":"click","target_tagname":"wizard","target_id":"TorNetworkSettings","detail":1}
INST 692b187c9ddc0fa6 2016-03-23T21:18:21.900Z {"type":"pagehide","target_tagname":"wizardpage","target_id":"proxy"}
INST 692b187c9ddc0fa6 2016-03-23T21:18:21.900Z {"type":"pageadvanced","target_tagname":"wizardpage","target_id":"proxy"}
INST 692b187c9ddc0fa6 2016-03-23T21:18:21.900Z {"type":"wizardfinish","target_tagname":"wizard","target_id":"TorNetworkSettings"}
INST 692b187c9ddc0fa6 2016-03-23T21:18:22.000Z {"type":"load","target_id":"progress_bar"}
INST 692b187c9ddc0fa6 2016-03-23T21:18:28.700Z {"type":"progresschanged","target_tagname":"progressmeter","target_id":"progressMeter","value":"10"}
INST 692b187c9ddc0fa6 2016-03-23T21:20:06.800Z {"type":"click","target_tagname":"dialog","target_id":"TorProgress","detail":1}
INST 692b187c9ddc0fa6 2016-03-23T21:20:06.800Z {"type":"dialogcancel","target_tagname":"dialog","target_id":"TorProgress"}
INST 692b187c9ddc0fa6 2016-03-23T21:20:06.800Z {"type":"command","target_tagname":"dialog","target_id":"TorProgress"}
INST 692b187c9ddc0fa6 2016-03-23T21:20:06.800Z {"type":"command","target_tagname":"wizard","target_id":"TorNetworkSettings"}
INST 692b187c9ddc0fa6 2016-03-23T21:20:08.000Z {"type":"click","target_tagname":"radio","target_id":"proxyRadioYes","detail":1}
INST 692b187c9ddc0fa6 2016-03-23T21:20:08.000Z {"type":"command","target_tagname":"radio","target_id":"proxyRadioYes"}
INST 692b187c9ddc0fa6 2016-03-23T21:20:09.000Z {"type":"click","target_tagname":"wizard","target_id":"TorNetworkSettings","detail":1}
INST 692b187c9ddc0fa6 2016-03-23T21:20:09.000Z {"type":"pagehide","target_tagname":"wizardpage","target_id":"proxy"}
INST 692b187c9ddc0fa6 2016-03-23T21:20:09.000Z {"type":"pageadvanced","target_tagname":"wizardpage","target_id":"proxy"}
INST 692b187c9ddc0fa6 2016-03-23T21:20:09.000Z {"type":"wizardnext","target_tagname":"wizard","target_id":"TorNetworkSettings"}
INST 692b187c9ddc0fa6 2016-03-23T21:20:09.000Z {"type":"pageshow","target_tagname":"wizardpage","target_id":"proxyYES"}
INST 692b187c9ddc0fa6 2016-03-23T21:20:09.000Z {"type":"command","target_tagname":"wizard","target_id":"TorNetworkSettings"}
INST 692b187c9ddc0fa6 2016-03-23T21:20:10.300Z {"type":"popupshown","target_tagname":"menupopup","target_id":"proxyType_menuPopup"}
INST 692b187c9ddc0fa6 2016-03-23T21:20:10.400Z {"type":"click","target_tagname":"menulist","target_id":"proxyType","value":"","detail":1}
INST 692b187c9ddc0fa6 2016-03-23T21:20:10.800Z {"type":"mouseover","target_tagname":"menuitem","target_id":"","value":""}
INST 692b187c9ddc0fa6 2016-03-23T21:20:10.900Z {"type":"mouseout","target_tagname":"menuitem","target_id":"","value":""}
INST 692b187c9ddc0fa6 2016-03-23T21:20:10.900Z {"type":"mouseover","target_tagname":"menuitem","target_id":"","value":"SOCKS4"}
INST 692b187c9ddc0fa6 2016-03-23T21:20:11.100Z {"type":"mouseout","target_tagname":"menuitem","target_id":"","value":"SOCKS4"}
INST 692b187c9ddc0fa6 2016-03-23T21:20:11.100Z {"type":"mouseover","target_tagname":"menuitem","target_id":"","value":"SOCKS5"}
INST 692b187c9ddc0fa6 2016-03-23T21:20:11.500Z {"type":"click","target_tagname":"menuitem","target_id":"","value":"SOCKS5","detail":1}
INST 692b187c9ddc0fa6 2016-03-23T21:20:11.500Z {"type":"select","target_tagname":"menulist","target_id":"proxyType","value":"SOCKS5"}
INST 692b187c9ddc0fa6 2016-03-23T21:20:11.500Z {"type":"command","target_tagname":"menuitem","target_id":"","value":"SOCKS5"}
INST 692b187c9ddc0fa6 2016-03-23T21:20:11.500Z {"type":"popuphidden","target_tagname":"menupopup","target_id":"proxyType_menuPopup"}
INST 692b187c9ddc0fa6 2016-03-23T21:20:11.500Z {"type":"mouseout","target_tagname":"menuitem","target_id":"","value":"SOCKS5"}
INST 692b187c9ddc0fa6 2016-03-23T21:20:12.600Z {"type":"click","target_tagname":"wizard","target_id":"TorNetworkSettings","detail":1}
INST 692b187c9ddc0fa6 2016-03-23T21:20:12.600Z {"type":"pagehide","target_tagname":"wizardpage","target_id":"proxyYES"}
INST 692b187c9ddc0fa6 2016-03-23T21:20:12.600Z {"type":"pageadvanced","target_tagname":"wizardpage","target_id":"proxyYES"}
INST 692b187c9ddc0fa6 2016-03-23T21:20:12.600Z {"type":"alert_show","target_id":"failed_to_save_settings","value":"Unable to save Tor settings.\n\nYou must specify both an IP address or hostname and a port number to configure Tor to use a proxy to access the Internet."}
INST 692b187c9ddc0fa6 2016-03-23T21:20:17.100Z {"type":"alert_exit","target_id":"failed_to_save_settings","value":"Unable to save Tor settings.\n\nYou must specify both an IP address or hostname and a port number to configure Tor to use a proxy to access the Internet."}
INST 692b187c9ddc0fa6 2016-03-23T21:20:17.100Z {"type":"command","target_tagname":"wizard","target_id":"TorNetworkSettings"}
INST 692b187c9ddc0fa6 2016-03-23T21:20:50.500Z {"type":"select","target_tagname":"textbox","target_id":"proxyAddr"}
INST 692b187c9ddc0fa6 2016-03-23T21:20:50.600Z {"type":"click","target_tagname":"textbox","target_id":"proxyAddr","detail":1}
INST 692b187c9ddc0fa6 2016-03-23T21:21:04.200Z {"type":"click","target_tagname":"wizard","target_id":"TorNetworkSettings","detail":1}
INST 692b187c9ddc0fa6 2016-03-23T21:21:24.400Z {"type":"change","target_tagname":"textbox","target_id":"proxyAddr","value":"123.0.0.1"}
INST 692b187c9ddc0fa6 2016-03-23T21:21:24.600Z {"type":"click","target_tagname":"wizard","target_id":"TorNetworkSettings","detail":1}
INST 692b187c9ddc0fa6 2016-03-23T21:21:24.600Z {"type":"pagehide","target_tagname":"wizardpage","target_id":"proxyYES"}
INST 692b187c9ddc0fa6 2016-03-23T21:21:24.600Z {"type":"pageadvanced","target_tagname":"wizardpage","target_id":"proxyYES"}
INST 692b187c9ddc0fa6 2016-03-23T21:21:24.600Z {"type":"wizardfinish","target_tagname":"wizard","target_id":"TorNetworkSettings"}
INST 692b187c9ddc0fa6 2016-03-23T21:21:24.600Z {"type":"load","target_id":"progress_bar"}
INST 692b187c9ddc0fa6 2016-03-23T21:21:29.900Z {"type":"click","target_tagname":"dialog","target_id":"TorProgress","detail":1}
INST 692b187c9ddc0fa6 2016-03-23T21:21:29.900Z {"type":"dialogcancel","target_tagname":"dialog","target_id":"TorProgress"}
INST 692b187c9ddc0fa6 2016-03-23T21:21:30.000Z {"type":"command","target_tagname":"dialog","target_id":"TorProgress"}
INST 692b187c9ddc0fa6 2016-03-23T21:21:30.000Z {"type":"command","target_tagname":"wizard","target_id":"TorNetworkSettings"}
INST 692b187c9ddc0fa6 2016-03-23T21:21:31.200Z {"type":"select","target_tagname":"textbox","target_id":"proxyAddr"}
INST 692b187c9ddc0fa6 2016-03-23T21:21:31.300Z {"type":"click","target_tagname":"textbox","target_id":"proxyAddr","detail":1}
INST 692b187c9ddc0fa6 2016-03-23T21:21:35.300Z {"type":"change","target_tagname":"textbox","target_id":"proxyAddr","value":"127.0.0.1"}
INST 692b187c9ddc0fa6 2016-03-23T21:21:35.400Z {"type":"click","target_tagname":"wizard","target_id":"TorNetworkSettings","detail":1}
INST 692b187c9ddc0fa6 2016-03-23T21:21:35.400Z {"type":"pagehide","target_tagname":"wizardpage","target_id":"proxyYES"}
INST 692b187c9ddc0fa6 2016-03-23T21:21:35.400Z {"type":"pageadvanced","target_tagname":"wizardpage","target_id":"proxyYES"}
INST 692b187c9ddc0fa6 2016-03-23T21:21:35.400Z {"type":"wizardfinish","target_tagname":"wizard","target_id":"TorNetworkSettings"}
INST 692b187c9ddc0fa6 2016-03-23T21:21:35.400Z {"type":"load","target_id":"progress_bar"}
INST 692b187c9ddc0fa6 2016-03-23T21:21:45.800Z {"type":"click","target_tagname":"dialog","target_id":"TorProgress","detail":1}
INST 692b187c9ddc0fa6 2016-03-23T21:21:45.800Z {"type":"dialogcancel","target_tagname":"dialog","target_id":"TorProgress"}
INST 692b187c9ddc0fa6 2016-03-23T21:21:45.900Z {"type":"command","target_tagname":"dialog","target_id":"TorProgress"}
INST 692b187c9ddc0fa6 2016-03-23T21:21:45.900Z {"type":"command","target_tagname":"wizard","target_id":"TorNetworkSettings"}
INST 692b187c9ddc0fa6 2016-03-23T21:21:57.000Z {"type":"click","target_tagname":"wizard","target_id":"TorNetworkSettings","detail":1}
INST 692b187c9ddc0fa6 2016-03-23T21:21:57.000Z {"type":"pagehide","target_tagname":"wizardpage","target_id":"proxyYES"}
INST 692b187c9ddc0fa6 2016-03-23T21:21:57.000Z {"type":"pagerewound","target_tagname":"wizardpage","target_id":"proxyYES"}
INST 692b187c9ddc0fa6 2016-03-23T21:21:57.000Z {"type":"wizardback","target_tagname":"wizard","target_id":"TorNetworkSettings"}
INST 692b187c9ddc0fa6 2016-03-23T21:21:57.000Z {"type":"pageshow","target_tagname":"wizardpage","target_id":"proxy"}
INST 692b187c9ddc0fa6 2016-03-23T21:21:57.000Z {"type":"command","target_tagname":"wizard","target_id":"TorNetworkSettings"}
INST 692b187c9ddc0fa6 2016-03-23T21:21:58.800Z {"type":"click","target_tagname":"radio","target_id":"proxyRadioNo","detail":1}
INST 692b187c9ddc0fa6 2016-03-23T21:21:58.800Z {"type":"command","target_tagname":"radio","target_id":"proxyRadioNo"}
INST 692b187c9ddc0fa6 2016-03-23T21:21:59.700Z {"type":"click","target_tagname":"wizard","target_id":"TorNetworkSettings","detail":1}
INST 692b187c9ddc0fa6 2016-03-23T21:21:59.700Z {"type":"pagehide","target_tagname":"wizardpage","target_id":"proxy"}
INST 692b187c9ddc0fa6 2016-03-23T21:21:59.700Z {"type":"pageadvanced","target_tagname":"wizardpage","target_id":"proxy"}
INST 692b187c9ddc0fa6 2016-03-23T21:21:59.700Z {"type":"wizardfinish","target_tagname":"wizard","target_id":"TorNetworkSettings"}
INST 692b187c9ddc0fa6 2016-03-23T21:21:59.800Z {"type":"load","target_id":"progress_bar"}
INST 692b187c9ddc0fa6 2016-03-23T21:23:12.400Z {"type":"click","target_tagname":"dialog","target_id":"TorProgress","detail":1}
INST 692b187c9ddc0fa6 2016-03-23T21:23:12.400Z {"type":"dialogcancel","target_tagname":"dialog","target_id":"TorProgress"}
INST 692b187c9ddc0fa6 2016-03-23T21:23:12.500Z {"type":"command","target_tagname":"dialog","target_id":"TorProgress"}
INST 692b187c9ddc0fa6 2016-03-23T21:23:12.500Z {"type":"command","target_tagname":"wizard","target_id":"TorNetworkSettings"}
INST 692b187c9ddc0fa6 2016-03-23T21:23:13.400Z {"type":"click","target_tagname":"wizard","target_id":"TorNetworkSettings","detail":1}
INST 692b187c9ddc0fa6 2016-03-23T21:23:13.400Z {"type":"pagehide","target_tagname":"wizardpage","target_id":"proxy"}
INST 692b187c9ddc0fa6 2016-03-23T21:23:13.400Z {"type":"pagerewound","target_tagname":"wizardpage","target_id":"proxy"}
INST 692b187c9ddc0fa6 2016-03-23T21:23:13.400Z {"type":"wizardback","target_tagname":"wizard","target_id":"TorNetworkSettings"}
INST 692b187c9ddc0fa6 2016-03-23T21:23:13.400Z {"type":"pageshow","target_tagname":"wizardpage","target_id":"bridgeSettings"}
INST 692b187c9ddc0fa6 2016-03-23T21:23:13.400Z {"type":"command","target_tagname":"wizard","target_id":"TorNetworkSettings"}
INST 692b187c9ddc0fa6 2016-03-23T21:23:19.100Z {"type":"popupshown","target_tagname":"menupopup","target_id":"defaultBridgeType_menuPopup"}
INST 692b187c9ddc0fa6 2016-03-23T21:23:19.800Z {"type":"click","target_tagname":"menulist","target_id":"defaultBridgeType","value":"obfs3","detail":1}
INST 692b187c9ddc0fa6 2016-03-23T21:23:20.000Z {"type":"mouseover","target_tagname":"menuitem","target_id":"","value":"flashproxy"}
INST 692b187c9ddc0fa6 2016-03-23T21:23:20.000Z {"type":"mouseout","target_tagname":"menuitem","target_id":"","value":"flashproxy"}
INST 692b187c9ddc0fa6 2016-03-23T21:23:20.000Z {"type":"mouseover","target_tagname":"menuitem","target_id":"","value":"fte"}
INST 692b187c9ddc0fa6 2016-03-23T21:23:20.000Z {"type":"mouseout","target_tagname":"menuitem","target_id":"","value":"fte"}
INST 692b187c9ddc0fa6 2016-03-23T21:23:20.700Z {"type":"popuphidden","target_tagname":"menupopup","target_id":"defaultBridgeType_menuPopup"}
INST 692b187c9ddc0fa6 2016-03-23T21:23:21.700Z {"type":"click","target_tagname":"wizard","target_id":"TorNetworkSettings","detail":1}
INST 692b187c9ddc0fa6 2016-03-23T21:23:21.700Z {"type":"pagehide","target_tagname":"wizardpage","target_id":"bridgeSettings"}
INST 692b187c9ddc0fa6 2016-03-23T21:23:21.700Z {"type":"pagerewound","target_tagname":"wizardpage","target_id":"bridgeSettings"}
INST 692b187c9ddc0fa6 2016-03-23T21:23:21.700Z {"type":"wizardback","target_tagname":"wizard","target_id":"TorNetworkSettings"}
INST 692b187c9ddc0fa6 2016-03-23T21:23:21.700Z {"type":"pageshow","target_tagname":"wizardpage","target_id":"bridges"}
INST 692b187c9ddc0fa6 2016-03-23T21:23:21.700Z {"type":"command","target_tagname":"wizard","target_id":"TorNetworkSettings"}
INST 692b187c9ddc0fa6 2016-03-23T21:23:26.000Z {"type":"click","target_tagname":"wizard","target_id":"TorNetworkSettings","detail":1}
INST 692b187c9ddc0fa6 2016-03-23T21:23:26.000Z {"type":"pagehide","target_tagname":"wizardpage","target_id":"bridges"}
INST 692b187c9ddc0fa6 2016-03-23T21:23:26.000Z {"type":"pagerewound","target_tagname":"wizardpage","target_id":"bridges"}
INST 692b187c9ddc0fa6 2016-03-23T21:23:26.000Z {"type":"wizardback","target_tagname":"wizard","target_id":"TorNetworkSettings"}
INST 692b187c9ddc0fa6 2016-03-23T21:23:26.100Z {"type":"pageshow","target_tagname":"wizardpage","target_id":"first"}
INST 692b187c9ddc0fa6 2016-03-23T21:23:26.100Z {"type":"command","target_tagname":"wizard","target_id":"TorNetworkSettings"}
INST 692b187c9ddc0fa6 2016-03-23T21:23:28.700Z {"type":"click","target_tagname":"button","target_id":"connect_button","detail":1}
INST 692b187c9ddc0fa6 2016-03-23T21:23:28.800Z {"type":"load","target_id":"progress_bar"}
INST 692b187c9ddc0fa6 2016-03-23T21:23:35.300Z {"type":"click","target_tagname":"dialog","target_id":"TorProgress","detail":1}
INST 692b187c9ddc0fa6 2016-03-23T21:23:35.300Z {"type":"dialogcancel","target_tagname":"dialog","target_id":"TorProgress"}
INST 692b187c9ddc0fa6 2016-03-23T21:23:35.300Z {"type":"command","target_tagname":"dialog","target_id":"TorProgress"}
INST 692b187c9ddc0fa6 2016-03-23T21:23:35.300Z {"type":"command","target_tagname":"button","target_id":"connect_button"}
INST 692b187c9ddc0fa6 2016-03-23T21:23:36.400Z {"type":"click","target_tagname":"button","target_id":"configure_button","detail":1}
INST 692b187c9ddc0fa6 2016-03-23T21:23:36.400Z {"type":"pagehide","target_tagname":"wizardpage","target_id":"first"}
INST 692b187c9ddc0fa6 2016-03-23T21:23:36.400Z {"type":"pageadvanced","target_tagname":"wizardpage","target_id":"first"}
INST 692b187c9ddc0fa6 2016-03-23T21:23:36.400Z {"type":"wizardnext","target_tagname":"wizard","target_id":"TorNetworkSettings"}
INST 692b187c9ddc0fa6 2016-03-23T21:23:36.400Z {"type":"pageshow","target_tagname":"wizardpage","target_id":"bridges"}
INST 692b187c9ddc0fa6 2016-03-23T21:23:36.400Z {"type":"command","target_tagname":"button","target_id":"configure_button"}
INST 692b187c9ddc0fa6 2016-03-23T21:23:42.000Z {"type":"click","target_tagname":"wizard","target_id":"TorNetworkSettings","detail":1}
INST 692b187c9ddc0fa6 2016-03-23T21:23:42.000Z {"type":"pagehide","target_tagname":"wizardpage","target_id":"bridges"}
INST 692b187c9ddc0fa6 2016-03-23T21:23:42.000Z {"type":"pageadvanced","target_tagname":"wizardpage","target_id":"bridges"}
INST 692b187c9ddc0fa6 2016-03-23T21:23:42.000Z {"type":"wizardnext","target_tagname":"wizard","target_id":"TorNetworkSettings"}
INST 692b187c9ddc0fa6 2016-03-23T21:23:42.000Z {"type":"pageshow","target_tagname":"wizardpage","target_id":"bridgeSettings"}
INST 692b187c9ddc0fa6 2016-03-23T21:23:42.000Z {"type":"command","target_tagname":"wizard","target_id":"TorNetworkSettings"}
INST 692b187c9ddc0fa6 2016-03-23T21:23:45.000Z {"type":"click","target_tagname":"wizard","target_id":"TorNetworkSettings","detail":1}
INST 692b187c9ddc0fa6 2016-03-23T21:23:45.000Z {"type":"pagehide","target_tagname":"wizardpage","target_id":"bridgeSettings"}
INST 692b187c9ddc0fa6 2016-03-23T21:23:45.000Z {"type":"pageadvanced","target_tagname":"wizardpage","target_id":"bridgeSettings"}
INST 692b187c9ddc0fa6 2016-03-23T21:23:45.000Z {"type":"wizardnext","target_tagname":"wizard","target_id":"TorNetworkSettings"}
INST 692b187c9ddc0fa6 2016-03-23T21:23:45.000Z {"type":"pageshow","target_tagname":"wizardpage","target_id":"proxy"}
INST 692b187c9ddc0fa6 2016-03-23T21:23:45.000Z {"type":"command","target_tagname":"wizard","target_id":"TorNetworkSettings"}
INST 692b187c9ddc0fa6 2016-03-23T21:23:46.500Z {"type":"click","target_tagname":"wizard","target_id":"TorNetworkSettings","detail":1}
INST 692b187c9ddc0fa6 2016-03-23T21:23:46.500Z {"type":"pagehide","target_tagname":"wizardpage","target_id":"proxy"}
INST 692b187c9ddc0fa6 2016-03-23T21:23:46.500Z {"type":"pageadvanced","target_tagname":"wizardpage","target_id":"proxy"}
INST 692b187c9ddc0fa6 2016-03-23T21:23:46.500Z {"type":"wizardfinish","target_tagname":"wizard","target_id":"TorNetworkSettings"}
INST 692b187c9ddc0fa6 2016-03-23T21:23:46.600Z {"type":"load","target_id":"progress_bar"}
INST 692b187c9ddc0fa6 2016-03-23T21:26:48.400Z {"type":"click","target_tagname":"dialog","target_id":"TorProgress","detail":1}
INST 692b187c9ddc0fa6 2016-03-23T21:26:48.400Z {"type":"dialogcancel","target_tagname":"dialog","target_id":"TorProgress"}
INST 692b187c9ddc0fa6 2016-03-23T21:26:48.400Z {"type":"command","target_tagname":"dialog","target_id":"TorProgress"}
INST 692b187c9ddc0fa6 2016-03-23T21:26:48.400Z {"type":"command","target_tagname":"wizard","target_id":"TorNetworkSettings"}
INST 692b187c9ddc0fa6 2016-03-23T21:26:51.000Z {"type":"click","target_tagname":"wizard","target_id":"TorNetworkSettings","detail":1}
INST 692b187c9ddc0fa6 2016-03-23T21:26:51.000Z {"type":"pagehide","target_tagname":"wizardpage","target_id":"proxy"}
INST 692b187c9ddc0fa6 2016-03-23T21:26:51.000Z {"type":"pageadvanced","target_tagname":"wizardpage","target_id":"proxy"}
INST 692b187c9ddc0fa6 2016-03-23T21:26:51.000Z {"type":"wizardfinish","target_tagname":"wizard","target_id":"TorNetworkSettings"}
INST 692b187c9ddc0fa6 2016-03-23T21:26:51.100Z {"type":"load","target_id":"progress_bar"}
INST 692b187c9ddc0fa6 2016-03-23T21:26:55.600Z {"type":"click","target_tagname":"dialog","target_id":"TorProgress","detail":1}
INST 692b187c9ddc0fa6 2016-03-23T21:27:40.100Z {"type":"click","detail":1}
INST 692b187c9ddc0fa6 2016-03-23T21:27:46.600Z {"type":"click","target_tagname":"dialog","target_id":"TorProgress","detail":1}
INST 692b187c9ddc0fa6 2016-03-23T21:27:46.600Z {"type":"dialogcancel","target_tagname":"dialog","target_id":"TorProgress"}
INST 692b187c9ddc0fa6 2016-03-23T21:27:46.600Z {"type":"command","target_tagname":"dialog","target_id":"TorProgress"}
INST 692b187c9ddc0fa6 2016-03-23T21:27:46.700Z {"type":"command","target_tagname":"wizard","target_id":"TorNetworkSettings"}
INST 692b187c9ddc0fa6 2016-03-23T21:27:47.400Z {"type":"click","target_tagname":"wizard","target_id":"TorNetworkSettings","detail":1}
INST 692b187c9ddc0fa6 2016-03-23T21:27:47.400Z {"type":"wizardcancel","target_tagname":"wizard","target_id":"TorNetworkSettings"}
INST 692b187c9ddc0fa6 2016-03-23T21:27:47.400Z {"type":"command","target_tagname":"wizard","target_id":"TorNetworkSettings"}
INST 692b187c9ddc0fa6 2016-03-23T21:27:47.500Z {"type":"unload","target_id":"configuration"}
INST 579f651039cf0fb8 2016-03-23T21:27:49.600Z {"type":"start"}
INST 579f651039cf0fb8 2016-03-23T21:27:50.300Z {"type":"select","target_tagname":"menulist","target_id":"proxyType","value":""}
INST 579f651039cf0fb8 2016-03-23T21:27:50.300Z {"type":"wizardnext","target_tagname":"wizard","target_id":"TorNetworkSettings"}
INST 579f651039cf0fb8 2016-03-23T21:27:50.300Z {"type":"pageshow","target_tagname":"wizardpage","target_id":"first"}
INST 579f651039cf0fb8 2016-03-23T21:27:50.300Z {"type":"load","target_id":"configuration"}
INST 579f651039cf0fb8 2016-03-23T21:27:50.300Z {"type":"select","target_tagname":"menulist","target_id":"defaultBridgeType","value":"obfs3"}
INST 579f651039cf0fb8 2016-03-23T21:27:52.400Z {"type":"click","target_tagname":"button","target_id":"configure_button","detail":1}
INST 579f651039cf0fb8 2016-03-23T21:27:52.400Z {"type":"pagehide","target_tagname":"wizardpage","target_id":"first"}
INST 579f651039cf0fb8 2016-03-23T21:27:52.400Z {"type":"pageadvanced","target_tagname":"wizardpage","target_id":"first"}
INST 579f651039cf0fb8 2016-03-23T21:27:52.400Z {"type":"wizardnext","target_tagname":"wizard","target_id":"TorNetworkSettings"}
INST 579f651039cf0fb8 2016-03-23T21:27:52.400Z {"type":"pageshow","target_tagname":"wizardpage","target_id":"bridges"}
INST 579f651039cf0fb8 2016-03-23T21:27:52.400Z {"type":"command","target_tagname":"button","target_id":"configure_button"}
INST 579f651039cf0fb8 2016-03-23T21:27:54.800Z {"type":"click","target_tagname":"radio","target_id":"bridgesRadioNo","detail":1}
INST 579f651039cf0fb8 2016-03-23T21:27:54.800Z {"type":"command","target_tagname":"radio","target_id":"bridgesRadioNo"}
INST 579f651039cf0fb8 2016-03-23T21:27:59.700Z {"type":"click","target_tagname":"radio","target_id":"bridgesRadioYes","detail":1}
INST 579f651039cf0fb8 2016-03-23T21:27:59.700Z {"type":"command","target_tagname":"radio","target_id":"bridgesRadioYes"}
INST 579f651039cf0fb8 2016-03-23T21:28:00.700Z {"type":"click","target_tagname":"wizard","target_id":"TorNetworkSettings","detail":1}
INST 579f651039cf0fb8 2016-03-23T21:28:00.700Z {"type":"pagehide","target_tagname":"wizardpage","target_id":"bridges"}
INST 579f651039cf0fb8 2016-03-23T21:28:00.700Z {"type":"pageadvanced","target_tagname":"wizardpage","target_id":"bridges"}
INST 579f651039cf0fb8 2016-03-23T21:28:00.700Z {"type":"wizardnext","target_tagname":"wizard","target_id":"TorNetworkSettings"}
INST 579f651039cf0fb8 2016-03-23T21:28:00.700Z {"type":"pageshow","target_tagname":"wizardpage","target_id":"bridgeSettings"}
INST 579f651039cf0fb8 2016-03-23T21:28:00.800Z {"type":"command","target_tagname":"wizard","target_id":"TorNetworkSettings"}
INST 579f651039cf0fb8 2016-03-23T21:28:04.300Z {"type":"popupshown","target_tagname":"menupopup","target_id":"defaultBridgeType_menuPopup"}
INST 579f651039cf0fb8 2016-03-23T21:28:04.400Z {"type":"click","target_tagname":"menulist","target_id":"defaultBridgeType","value":"obfs3","detail":1}
INST 579f651039cf0fb8 2016-03-23T21:28:05.000Z {"type":"mouseover","target_tagname":"menuitem","target_id":"","value":"flashproxy"}
INST 579f651039cf0fb8 2016-03-23T21:28:05.500Z {"type":"click","target_tagname":"menuitem","target_id":"","value":"flashproxy","detail":1}
INST 579f651039cf0fb8 2016-03-23T21:28:05.500Z {"type":"select","target_tagname":"menulist","target_id":"defaultBridgeType","value":"flashproxy"}
INST 579f651039cf0fb8 2016-03-23T21:28:05.500Z {"type":"command","target_tagname":"menuitem","target_id":"","value":"flashproxy"}
INST 579f651039cf0fb8 2016-03-23T21:28:05.500Z {"type":"popuphidden","target_tagname":"menupopup","target_id":"defaultBridgeType_menuPopup"}
INST 579f651039cf0fb8 2016-03-23T21:28:05.500Z {"type":"mouseout","target_tagname":"menuitem","target_id":"","value":"flashproxy"}
INST 579f651039cf0fb8 2016-03-23T21:28:06.200Z {"type":"click","target_tagname":"wizard","target_id":"TorNetworkSettings","detail":1}
INST 579f651039cf0fb8 2016-03-23T21:28:06.200Z {"type":"pagehide","target_tagname":"wizardpage","target_id":"bridgeSettings"}
INST 579f651039cf0fb8 2016-03-23T21:28:06.200Z {"type":"pageadvanced","target_tagname":"wizardpage","target_id":"bridgeSettings"}
INST 579f651039cf0fb8 2016-03-23T21:28:06.200Z {"type":"wizardnext","target_tagname":"wizard","target_id":"TorNetworkSettings"}
INST 579f651039cf0fb8 2016-03-23T21:28:06.200Z {"type":"pageshow","target_tagname":"wizardpage","target_id":"proxy"}
INST 579f651039cf0fb8 2016-03-23T21:28:06.200Z {"type":"command","target_tagname":"wizard","target_id":"TorNetworkSettings"}
INST 579f651039cf0fb8 2016-03-23T21:28:08.400Z {"type":"click","target_tagname":"wizard","target_id":"TorNetworkSettings","detail":1}
INST 579f651039cf0fb8 2016-03-23T21:28:08.400Z {"type":"pagehide","target_tagname":"wizardpage","target_id":"proxy"}
INST 579f651039cf0fb8 2016-03-23T21:28:08.400Z {"type":"pageadvanced","target_tagname":"wizardpage","target_id":"proxy"}
INST 579f651039cf0fb8 2016-03-23T21:28:08.400Z {"type":"wizardfinish","target_tagname":"wizard","target_id":"TorNetworkSettings"}
INST 579f651039cf0fb8 2016-03-23T21:28:08.600Z {"type":"load","target_id":"progress_bar"}
INST 579f651039cf0fb8 2016-03-23T21:28:10.200Z {"type":"progresschanged","target_tagname":"progressmeter","target_id":"progressMeter","value":"5"}
INST 579f651039cf0fb8 2016-03-23T21:28:10.200Z {"type":"progresschanged","target_tagname":"progressmeter","target_id":"progressMeter","value":"10"}
INST 579f651039cf0fb8 2016-03-23T21:28:26.800Z {"type":"click","target_tagname":"description","target_id":"progressDesc","detail":1}
INST 579f651039cf0fb8 2016-03-23T21:28:42.300Z {"type":"click","target_tagname":"dialog","target_id":"TorProgress","detail":1}
INST 579f651039cf0fb8 2016-03-23T21:28:42.300Z {"type":"dialogcancel","target_tagname":"dialog","target_id":"TorProgress"}
INST 579f651039cf0fb8 2016-03-23T21:28:42.300Z {"type":"command","target_tagname":"dialog","target_id":"TorProgress"}
INST 579f651039cf0fb8 2016-03-23T21:28:42.300Z {"type":"alert_show","target_id":"tor_bootstrap_failed","value":"Tor failed to establish a Tor network connection.\n\nEstablishing an encrypted directory connection failed (done - 0.0.1.0:1)."}
INST 579f651039cf0fb8 2016-03-23T21:29:43.400Z {"type":"alert_exit","target_id":"tor_bootstrap_failed","value":"Tor failed to establish a Tor network connection.\n\nEstablishing an encrypted directory connection failed (done - 0.0.1.0:1)."}
INST 579f651039cf0fb8 2016-03-23T21:29:43.400Z {"type":"command","target_tagname":"wizard","target_id":"TorNetworkSettings"}
INST 579f651039cf0fb8 2016-03-23T21:29:47.600Z {"type":"click","target_tagname":"wizard","target_id":"TorNetworkSettings","detail":1}
INST 579f651039cf0fb8 2016-03-23T21:29:47.600Z {"type":"pagehide","target_tagname":"wizardpage","target_id":"proxy"}
INST 579f651039cf0fb8 2016-03-23T21:29:47.600Z {"type":"pagerewound","target_tagname":"wizardpage","target_id":"proxy"}
INST 579f651039cf0fb8 2016-03-23T21:29:47.600Z {"type":"wizardback","target_tagname":"wizard","target_id":"TorNetworkSettings"}
INST 579f651039cf0fb8 2016-03-23T21:29:47.600Z {"type":"pageshow","target_tagname":"wizardpage","target_id":"bridgeSettings"}
INST 579f651039cf0fb8 2016-03-23T21:29:47.600Z {"type":"command","target_tagname":"wizard","target_id":"TorNetworkSettings"}
INST 579f651039cf0fb8 2016-03-23T21:29:49.700Z {"type":"popupshown","target_tagname":"menupopup","target_id":"defaultBridgeType_menuPopup"}
INST 579f651039cf0fb8 2016-03-23T21:29:49.800Z {"type":"click","target_tagname":"menulist","target_id":"defaultBridgeType","value":"flashproxy","detail":1}
INST 579f651039cf0fb8 2016-03-23T21:29:51.100Z {"type":"mouseover","target_tagname":"menuitem","target_id":"","value":"flashproxy"}
INST 579f651039cf0fb8 2016-03-23T21:29:51.200Z {"type":"mouseout","target_tagname":"menuitem","target_id":"","value":"flashproxy"}
INST 579f651039cf0fb8 2016-03-23T21:29:51.200Z {"type":"mouseover","target_tagname":"menuitem","target_id":"","value":"fte"}
INST 579f651039cf0fb8 2016-03-23T21:29:51.200Z {"type":"mouseout","target_tagname":"menuitem","target_id":"","value":"fte"}
INST 579f651039cf0fb8 2016-03-23T21:29:51.300Z {"type":"mouseover","target_tagname":"menuitem","target_id":"","value":"fte-ipv6"}
INST 579f651039cf0fb8 2016-03-23T21:29:51.300Z {"type":"mouseout","target_tagname":"menuitem","target_id":"","value":"fte-ipv6"}
INST 579f651039cf0fb8 2016-03-23T21:29:51.300Z {"type":"mouseover","target_tagname":"menuitem","target_id":"","value":"meek-amazon"}
INST 579f651039cf0fb8 2016-03-23T21:29:51.400Z {"type":"mouseout","target_tagname":"menuitem","target_id":"","value":"meek-amazon"}
INST 579f651039cf0fb8 2016-03-23T21:29:51.400Z {"type":"mouseover","target_tagname":"menuitem","target_id":"","value":"meek-azure"}
INST 579f651039cf0fb8 2016-03-23T21:29:51.500Z {"type":"mouseout","target_tagname":"menuitem","target_id":"","value":"meek-azure"}
INST 579f651039cf0fb8 2016-03-23T21:29:51.500Z {"type":"mouseover","target_tagname":"menuitem","target_id":"","value":"meek-google"}
INST 579f651039cf0fb8 2016-03-23T21:29:51.800Z {"type":"mouseout","target_tagname":"menuitem","target_id":"","value":"meek-google"}
INST 579f651039cf0fb8 2016-03-23T21:29:51.800Z {"type":"mouseover","target_tagname":"menuitem","target_id":"","value":"obfs3"}
INST 579f651039cf0fb8 2016-03-23T21:29:52.500Z {"type":"mouseout","target_tagname":"menuitem","target_id":"","value":"obfs3"}
INST 579f651039cf0fb8 2016-03-23T21:29:52.500Z {"type":"mouseover","target_tagname":"menuitem","target_id":"","value":"obfs4"}
INST 579f651039cf0fb8 2016-03-23T21:29:52.800Z {"type":"click","target_tagname":"menuitem","target_id":"","value":"obfs4","detail":1}
INST 579f651039cf0fb8 2016-03-23T21:29:52.800Z {"type":"select","target_tagname":"menulist","target_id":"defaultBridgeType","value":"obfs4"}
INST 579f651039cf0fb8 2016-03-23T21:29:52.900Z {"type":"command","target_tagname":"menuitem","target_id":"","value":"obfs4"}
INST 579f651039cf0fb8 2016-03-23T21:29:52.900Z {"type":"popuphidden","target_tagname":"menupopup","target_id":"defaultBridgeType_menuPopup"}
INST 579f651039cf0fb8 2016-03-23T21:29:52.900Z {"type":"mouseout","target_tagname":"menuitem","target_id":"","value":"obfs4"}
INST 579f651039cf0fb8 2016-03-23T21:29:53.800Z {"type":"click","target_tagname":"wizard","target_id":"TorNetworkSettings","detail":1}
INST 579f651039cf0fb8 2016-03-23T21:29:53.800Z {"type":"pagehide","target_tagname":"wizardpage","target_id":"bridgeSettings"}
INST 579f651039cf0fb8 2016-03-23T21:29:53.800Z {"type":"pageadvanced","target_tagname":"wizardpage","target_id":"bridgeSettings"}
INST 579f651039cf0fb8 2016-03-23T21:29:53.800Z {"type":"wizardnext","target_tagname":"wizard","target_id":"TorNetworkSettings"}
INST 579f651039cf0fb8 2016-03-23T21:29:53.800Z {"type":"pageshow","target_tagname":"wizardpage","target_id":"proxy"}
INST 579f651039cf0fb8 2016-03-23T21:29:53.800Z {"type":"command","target_tagname":"wizard","target_id":"TorNetworkSettings"}
INST 579f651039cf0fb8 2016-03-23T21:29:55.700Z {"type":"click","target_tagname":"wizard","target_id":"TorNetworkSettings","detail":1}
INST 579f651039cf0fb8 2016-03-23T21:29:55.700Z {"type":"pagehide","target_tagname":"wizardpage","target_id":"proxy"}
INST 579f651039cf0fb8 2016-03-23T21:29:55.700Z {"type":"pageadvanced","target_tagname":"wizardpage","target_id":"proxy"}
INST 579f651039cf0fb8 2016-03-23T21:29:55.700Z {"type":"wizardfinish","target_tagname":"wizard","target_id":"TorNetworkSettings"}
INST 579f651039cf0fb8 2016-03-23T21:29:55.700Z {"type":"load","target_id":"progress_bar"}
INST 579f651039cf0fb8 2016-03-23T21:30:14.900Z {"type":"click","target_tagname":"description","target_id":"progressDesc","detail":1}
INST 579f651039cf0fb8 2016-03-23T21:30:16.500Z {"type":"click","target_tagname":"dialog","target_id":"TorProgress","detail":1}
INST 579f651039cf0fb8 2016-03-23T21:30:16.500Z {"type":"dialogcancel","target_tagname":"dialog","target_id":"TorProgress"}
INST 579f651039cf0fb8 2016-03-23T21:30:16.600Z {"type":"command","target_tagname":"dialog","target_id":"TorProgress"}
INST 579f651039cf0fb8 2016-03-23T21:30:16.600Z {"type":"command","target_tagname":"wizard","target_id":"TorNetworkSettings"}
INST 579f651039cf0fb8 2016-03-23T21:30:17.100Z {"type":"click","target_tagname":"wizard","target_id":"TorNetworkSettings","detail":1}
INST 579f651039cf0fb8 2016-03-23T21:30:17.100Z {"type":"pagehide","target_tagname":"wizardpage","target_id":"proxy"}
INST 579f651039cf0fb8 2016-03-23T21:30:17.100Z {"type":"pagerewound","target_tagname":"wizardpage","target_id":"proxy"}
INST 579f651039cf0fb8 2016-03-23T21:30:17.100Z {"type":"wizardback","target_tagname":"wizard","target_id":"TorNetworkSettings"}
INST 579f651039cf0fb8 2016-03-23T21:30:17.100Z {"type":"pageshow","target_tagname":"wizardpage","target_id":"bridgeSettings"}
INST 579f651039cf0fb8 2016-03-23T21:30:17.100Z {"type":"command","target_tagname":"wizard","target_id":"TorNetworkSettings"}
INST 579f651039cf0fb8 2016-03-23T21:30:18.300Z {"type":"popupshown","target_tagname":"menupopup","target_id":"defaultBridgeType_menuPopup"}
INST 579f651039cf0fb8 2016-03-23T21:30:18.400Z {"type":"click","target_tagname":"menulist","target_id":"defaultBridgeType","value":"obfs4","detail":1}
INST 579f651039cf0fb8 2016-03-23T21:30:18.600Z {"type":"mouseover","target_tagname":"menuitem","target_id":"","value":"flashproxy"}
INST 579f651039cf0fb8 2016-03-23T21:30:18.600Z {"type":"mouseout","target_tagname":"menuitem","target_id":"","value":"flashproxy"}
INST 579f651039cf0fb8 2016-03-23T21:30:18.600Z {"type":"mouseover","target_tagname":"menuitem","target_id":"","value":"fte"}
INST 579f651039cf0fb8 2016-03-23T21:30:18.700Z {"type":"mouseout","target_tagname":"menuitem","target_id":"","value":"fte"}
INST 579f651039cf0fb8 2016-03-23T21:30:18.700Z {"type":"mouseover","target_tagname":"menuitem","target_id":"","value":"fte-ipv6"}
INST 579f651039cf0fb8 2016-03-23T21:30:18.700Z {"type":"mouseout","target_tagname":"menuitem","target_id":"","value":"fte-ipv6"}
INST 579f651039cf0fb8 2016-03-23T21:30:18.700Z {"type":"mouseover","target_tagname":"menuitem","target_id":"","value":"meek-amazon"}
INST 579f651039cf0fb8 2016-03-23T21:30:18.700Z {"type":"mouseout","target_tagname":"menuitem","target_id":"","value":"meek-amazon"}
INST 579f651039cf0fb8 2016-03-23T21:30:18.700Z {"type":"mouseover","target_tagname":"menuitem","target_id":"","value":"meek-azure"}
INST 579f651039cf0fb8 2016-03-23T21:30:18.800Z {"type":"mouseout","target_tagname":"menuitem","target_id":"","value":"meek-azure"}
INST 579f651039cf0fb8 2016-03-23T21:30:18.800Z {"type":"mouseover","target_tagname":"menuitem","target_id":"","value":"meek-google"}
INST 579f651039cf0fb8 2016-03-23T21:30:18.800Z {"type":"mouseout","target_tagname":"menuitem","target_id":"","value":"meek-google"}
INST 579f651039cf0fb8 2016-03-23T21:30:18.800Z {"type":"mouseover","target_tagname":"menuitem","target_id":"","value":"obfs3"}
INST 579f651039cf0fb8 2016-03-23T21:30:19.200Z {"type":"click","target_tagname":"menuitem","target_id":"","value":"obfs3","detail":1}
INST 579f651039cf0fb8 2016-03-23T21:30:19.200Z {"type":"select","target_tagname":"menulist","target_id":"defaultBridgeType","value":"obfs3"}
INST 579f651039cf0fb8 2016-03-23T21:30:19.200Z {"type":"command","target_tagname":"menuitem","target_id":"","value":"obfs3"}
INST 579f651039cf0fb8 2016-03-23T21:30:19.200Z {"type":"popuphidden","target_tagname":"menupopup","target_id":"defaultBridgeType_menuPopup"}
INST 579f651039cf0fb8 2016-03-23T21:30:19.200Z {"type":"mouseout","target_tagname":"menuitem","target_id":"","value":"obfs3"}
INST 579f651039cf0fb8 2016-03-23T21:30:19.800Z {"type":"click","target_tagname":"wizard","target_id":"TorNetworkSettings","detail":1}
INST 579f651039cf0fb8 2016-03-23T21:30:19.900Z {"type":"pagehide","target_tagname":"wizardpage","target_id":"bridgeSettings"}
INST 579f651039cf0fb8 2016-03-23T21:30:19.900Z {"type":"pageadvanced","target_tagname":"wizardpage","target_id":"bridgeSettings"}
INST 579f651039cf0fb8 2016-03-23T21:30:19.900Z {"type":"wizardnext","target_tagname":"wizard","target_id":"TorNetworkSettings"}
INST 579f651039cf0fb8 2016-03-23T21:30:19.900Z {"type":"pageshow","target_tagname":"wizardpage","target_id":"proxy"}
INST 579f651039cf0fb8 2016-03-23T21:30:19.900Z {"type":"command","target_tagname":"wizard","target_id":"TorNetworkSettings"}
INST 579f651039cf0fb8 2016-03-23T21:30:21.900Z {"type":"click","target_tagname":"wizard","target_id":"TorNetworkSettings","detail":1}
INST 579f651039cf0fb8 2016-03-23T21:30:21.900Z {"type":"pagehide","target_tagname":"wizardpage","target_id":"proxy"}
INST 579f651039cf0fb8 2016-03-23T21:30:21.900Z {"type":"pageadvanced","target_tagname":"wizardpage","target_id":"proxy"}
INST 579f651039cf0fb8 2016-03-23T21:30:21.900Z {"type":"wizardfinish","target_tagname":"wizard","target_id":"TorNetworkSettings"}
INST 579f651039cf0fb8 2016-03-23T21:30:21.900Z {"type":"load","target_id":"progress_bar"}
INST 579f651039cf0fb8 2016-03-23T21:32:24.400Z {"type":"click","target_tagname":"dialog","target_id":"TorProgress","detail":1}
INST 579f651039cf0fb8 2016-03-23T21:32:24.400Z {"type":"dialogcancel","target_tagname":"dialog","target_id":"TorProgress"}
INST 579f651039cf0fb8 2016-03-23T21:32:24.400Z {"type":"command","target_tagname":"dialog","target_id":"TorProgress"}
INST 579f651039cf0fb8 2016-03-23T21:32:24.400Z {"type":"command","target_tagname":"wizard","target_id":"TorNetworkSettings"}
INST 579f651039cf0fb8 2016-03-23T21:32:25.000Z {"type":"click","target_tagname":"wizard","target_id":"TorNetworkSettings","detail":1}
INST 579f651039cf0fb8 2016-03-23T21:32:25.000Z {"type":"pagehide","target_tagname":"wizardpage","target_id":"proxy"}
INST 579f651039cf0fb8 2016-03-23T21:32:25.000Z {"type":"pagerewound","target_tagname":"wizardpage","target_id":"proxy"}
INST 579f651039cf0fb8 2016-03-23T21:32:25.000Z {"type":"wizardback","target_tagname":"wizard","target_id":"TorNetworkSettings"}
INST 579f651039cf0fb8 2016-03-23T21:32:25.000Z {"type":"pageshow","target_tagname":"wizardpage","target_id":"bridgeSettings"}
INST 579f651039cf0fb8 2016-03-23T21:32:25.000Z {"type":"command","target_tagname":"wizard","target_id":"TorNetworkSettings"}
INST 579f651039cf0fb8 2016-03-23T21:32:26.900Z {"type":"click","target_tagname":"wizard","target_id":"TorNetworkSettings","detail":1}
INST 579f651039cf0fb8 2016-03-23T21:32:26.900Z {"type":"pagehide","target_tagname":"wizardpage","target_id":"bridgeSettings"}
INST 579f651039cf0fb8 2016-03-23T21:32:26.900Z {"type":"pagerewound","target_tagname":"wizardpage","target_id":"bridgeSettings"}
INST 579f651039cf0fb8 2016-03-23T21:32:26.900Z {"type":"wizardback","target_tagname":"wizard","target_id":"TorNetworkSettings"}
INST 579f651039cf0fb8 2016-03-23T21:32:26.900Z {"type":"pageshow","target_tagname":"wizardpage","target_id":"bridges"}
INST 579f651039cf0fb8 2016-03-23T21:32:26.900Z {"type":"command","target_tagname":"wizard","target_id":"TorNetworkSettings"}
INST 579f651039cf0fb8 2016-03-23T21:32:30.200Z {"type":"click","target_tagname":"wizard","target_id":"TorNetworkSettings","detail":1}
INST 579f651039cf0fb8 2016-03-23T21:32:30.200Z {"type":"pagehide","target_tagname":"wizardpage","target_id":"bridges"}
INST 579f651039cf0fb8 2016-03-23T21:32:30.200Z {"type":"pageadvanced","target_tagname":"wizardpage","target_id":"bridges"}
INST 579f651039cf0fb8 2016-03-23T21:32:30.200Z {"type":"wizardnext","target_tagname":"wizard","target_id":"TorNetworkSettings"}
INST 579f651039cf0fb8 2016-03-23T21:32:30.300Z {"type":"pageshow","target_tagname":"wizardpage","target_id":"bridgeSettings"}
INST 579f651039cf0fb8 2016-03-23T21:32:30.300Z {"type":"command","target_tagname":"wizard","target_id":"TorNetworkSettings"}
INST 579f651039cf0fb8 2016-03-23T21:32:32.900Z {"type":"click","target_tagname":"button","target_id":"bridgeHelpButton","detail":1}
INST 579f651039cf0fb8 2016-03-23T21:32:32.900Z {"type":"pageshow","target_tagname":"wizardpage","target_id":"bridgeHelp"}
INST 579f651039cf0fb8 2016-03-23T21:32:32.900Z {"type":"command","target_tagname":"button","target_id":"bridgeHelpButton"}
INST 579f651039cf0fb8 2016-03-23T21:32:45.200Z {"type":"click","target_tagname":"wizard","target_id":"TorNetworkSettings","detail":1}
INST 579f651039cf0fb8 2016-03-23T21:32:45.200Z {"type":"pagehide","target_tagname":"wizardpage","target_id":"bridgeHelp"}
INST 579f651039cf0fb8 2016-03-23T21:32:45.200Z {"type":"pageadvanced","target_tagname":"wizardpage","target_id":"bridgeHelp"}
INST 579f651039cf0fb8 2016-03-23T21:32:45.200Z {"type":"pageshow","target_tagname":"wizardpage","target_id":"bridgeSettings"}
INST 579f651039cf0fb8 2016-03-23T21:32:45.200Z {"type":"command","target_tagname":"wizard","target_id":"TorNetworkSettings"}
INST 579f651039cf0fb8 2016-03-23T21:33:40.500Z {"type":"click","target_tagname":"wizard","target_id":"TorNetworkSettings","detail":1}
INST 579f651039cf0fb8 2016-03-23T21:33:40.500Z {"type":"pagehide","target_tagname":"wizardpage","target_id":"bridgeSettings"}
INST 579f651039cf0fb8 2016-03-23T21:33:40.500Z {"type":"pageadvanced","target_tagname":"wizardpage","target_id":"bridgeSettings"}
INST 579f651039cf0fb8 2016-03-23T21:33:40.500Z {"type":"wizardnext","target_tagname":"wizard","target_id":"TorNetworkSettings"}
INST 579f651039cf0fb8 2016-03-23T21:33:40.500Z {"type":"pageshow","target_tagname":"wizardpage","target_id":"proxy"}
INST 579f651039cf0fb8 2016-03-23T21:33:40.500Z {"type":"command","target_tagname":"wizard","target_id":"TorNetworkSettings"}
INST 579f651039cf0fb8 2016-03-23T21:33:42.500Z {"type":"click","target_tagname":"wizard","target_id":"TorNetworkSettings","detail":1}
INST 579f651039cf0fb8 2016-03-23T21:33:42.500Z {"type":"pagehide","target_tagname":"wizardpage","target_id":"proxy"}
INST 579f651039cf0fb8 2016-03-23T21:33:42.500Z {"type":"pageadvanced","target_tagname":"wizardpage","target_id":"proxy"}
INST 579f651039cf0fb8 2016-03-23T21:33:42.500Z {"type":"wizardfinish","target_tagname":"wizard","target_id":"TorNetworkSettings"}
INST 579f651039cf0fb8 2016-03-23T21:33:42.600Z {"type":"load","target_id":"progress_bar"}
INST 579f651039cf0fb8 2016-03-23T21:34:04.500Z {"type":"click","target_tagname":"dialog","target_id":"TorProgress","detail":1}
INST 579f651039cf0fb8 2016-03-23T21:34:04.500Z {"type":"dialogcancel","target_tagname":"dialog","target_id":"TorProgress"}
INST 579f651039cf0fb8 2016-03-23T21:34:04.600Z {"type":"command","target_tagname":"dialog","target_id":"TorProgress"}
INST 579f651039cf0fb8 2016-03-23T21:34:04.600Z {"type":"command","target_tagname":"wizard","target_id":"TorNetworkSettings"}
INST 579f651039cf0fb8 2016-03-23T21:34:05.300Z {"type":"click","target_tagname":"wizard","target_id":"TorNetworkSettings","detail":1}
INST 579f651039cf0fb8 2016-03-23T21:34:05.300Z {"type":"pagehide","target_tagname":"wizardpage","target_id":"proxy"}
INST 579f651039cf0fb8 2016-03-23T21:34:05.300Z {"type":"pagerewound","target_tagname":"wizardpage","target_id":"proxy"}
INST 579f651039cf0fb8 2016-03-23T21:34:05.300Z {"type":"wizardback","target_tagname":"wizard","target_id":"TorNetworkSettings"}
INST 579f651039cf0fb8 2016-03-23T21:34:05.300Z {"type":"pageshow","target_tagname":"wizardpage","target_id":"bridgeSettings"}
INST 579f651039cf0fb8 2016-03-23T21:34:05.300Z {"type":"command","target_tagname":"wizard","target_id":"TorNetworkSettings"}
INST 579f651039cf0fb8 2016-03-23T21:34:06.400Z {"type":"click","target_tagname":"wizard","target_id":"TorNetworkSettings","detail":1}
INST 579f651039cf0fb8 2016-03-23T21:34:06.400Z {"type":"pagehide","target_tagname":"wizardpage","target_id":"bridgeSettings"}
INST 579f651039cf0fb8 2016-03-23T21:34:06.400Z {"type":"pagerewound","target_tagname":"wizardpage","target_id":"bridgeSettings"}
INST 579f651039cf0fb8 2016-03-23T21:34:06.400Z {"type":"wizardback","target_tagname":"wizard","target_id":"TorNetworkSettings"}
INST 579f651039cf0fb8 2016-03-23T21:34:06.400Z {"type":"pageshow","target_tagname":"wizardpage","target_id":"bridges"}
INST 579f651039cf0fb8 2016-03-23T21:34:06.400Z {"type":"command","target_tagname":"wizard","target_id":"TorNetworkSettings"}
INST 579f651039cf0fb8 2016-03-23T21:34:07.400Z {"type":"click","target_tagname":"wizard","target_id":"TorNetworkSettings","detail":1}
INST 579f651039cf0fb8 2016-03-23T21:34:07.400Z {"type":"pagehide","target_tagname":"wizardpage","target_id":"bridges"}
INST 579f651039cf0fb8 2016-03-23T21:34:07.400Z {"type":"pagerewound","target_tagname":"wizardpage","target_id":"bridges"}
INST 579f651039cf0fb8 2016-03-23T21:34:07.400Z {"type":"wizardback","target_tagname":"wizard","target_id":"TorNetworkSettings"}
INST 579f651039cf0fb8 2016-03-23T21:34:07.400Z {"type":"pageshow","target_tagname":"wizardpage","target_id":"first"}
INST 579f651039cf0fb8 2016-03-23T21:34:07.400Z {"type":"command","target_tagname":"wizard","target_id":"TorNetworkSettings"}
INST 579f651039cf0fb8 2016-03-23T21:34:29.200Z {"type":"click","target_tagname":"button","target_id":"configure_button","detail":1}
INST 579f651039cf0fb8 2016-03-23T21:34:29.200Z {"type":"pagehide","target_tagname":"wizardpage","target_id":"first"}
INST 579f651039cf0fb8 2016-03-23T21:34:29.200Z {"type":"pageadvanced","target_tagname":"wizardpage","target_id":"first"}
INST 579f651039cf0fb8 2016-03-23T21:34:29.200Z {"type":"wizardnext","target_tagname":"wizard","target_id":"TorNetworkSettings"}
INST 579f651039cf0fb8 2016-03-23T21:34:29.200Z {"type":"pageshow","target_tagname":"wizardpage","target_id":"bridges"}
INST 579f651039cf0fb8 2016-03-23T21:34:29.200Z {"type":"command","target_tagname":"button","target_id":"configure_button"}
INST 579f651039cf0fb8 2016-03-23T21:37:27.400Z {"type":"click","target_tagname":"wizard","target_id":"TorNetworkSettings","detail":1}
INST 579f651039cf0fb8 2016-03-23T21:37:27.400Z {"type":"pagehide","target_tagname":"wizardpage","target_id":"bridges"}
INST 579f651039cf0fb8 2016-03-23T21:37:27.400Z {"type":"pageadvanced","target_tagname":"wizardpage","target_id":"bridges"}
INST 579f651039cf0fb8 2016-03-23T21:37:27.400Z {"type":"wizardnext","target_tagname":"wizard","target_id":"TorNetworkSettings"}
INST 579f651039cf0fb8 2016-03-23T21:37:27.400Z {"type":"pageshow","target_tagname":"wizardpage","target_id":"bridgeSettings"}
INST 579f651039cf0fb8 2016-03-23T21:37:27.400Z {"type":"command","target_tagname":"wizard","target_id":"TorNetworkSettings"}
INST 579f651039cf0fb8 2016-03-23T21:37:31.200Z {"type":"click","target_tagname":"wizard","target_id":"TorNetworkSettings","detail":1}
INST 579f651039cf0fb8 2016-03-23T21:37:31.200Z {"type":"pagehide","target_tagname":"wizardpage","target_id":"bridgeSettings"}
INST 579f651039cf0fb8 2016-03-23T21:37:31.200Z {"type":"pageadvanced","target_tagname":"wizardpage","target_id":"bridgeSettings"}
INST 579f651039cf0fb8 2016-03-23T21:37:31.200Z {"type":"wizardnext","target_tagname":"wizard","target_id":"TorNetworkSettings"}
INST 579f651039cf0fb8 2016-03-23T21:37:31.200Z {"type":"pageshow","target_tagname":"wizardpage","target_id":"proxy"}
INST 579f651039cf0fb8 2016-03-23T21:37:31.200Z {"type":"command","target_tagname":"wizard","target_id":"TorNetworkSettings"}
INST 579f651039cf0fb8 2016-03-23T21:37:33.100Z {"type":"click","target_tagname":"wizard","target_id":"TorNetworkSettings","detail":1}
INST 579f651039cf0fb8 2016-03-23T21:37:33.100Z {"type":"pagehide","target_tagname":"wizardpage","target_id":"proxy"}
INST 579f651039cf0fb8 2016-03-23T21:37:33.100Z {"type":"pageadvanced","target_tagname":"wizardpage","target_id":"proxy"}
INST 579f651039cf0fb8 2016-03-23T21:37:33.100Z {"type":"wizardfinish","target_tagname":"wizard","target_id":"TorNetworkSettings"}
INST 579f651039cf0fb8 2016-03-23T21:37:33.200Z {"type":"load","target_id":"progress_bar"}
INST 579f651039cf0fb8 2016-03-23T21:38:09.500Z {"type":"click","target_tagname":"vbox","target_id":"","detail":1}
INST 579f651039cf0fb8 2016-03-23T21:38:22.300Z {"type":"click","target_tagname":"dialog","target_id":"TorProgress","detail":1}
INST 579f651039cf0fb8 2016-03-23T21:38:22.300Z {"type":"dialogcancel","target_tagname":"dialog","target_id":"TorProgress"}
INST 579f651039cf0fb8 2016-03-23T21:38:22.400Z {"type":"command","target_tagname":"dialog","target_id":"TorProgress"}
INST 579f651039cf0fb8 2016-03-23T21:38:22.400Z {"type":"command","target_tagname":"wizard","target_id":"TorNetworkSettings"}
INST 579f651039cf0fb8 2016-03-23T21:38:24.600Z {"type":"click","target_tagname":"wizard","target_id":"TorNetworkSettings","detail":1}
INST 579f651039cf0fb8 2016-03-23T21:38:24.600Z {"type":"pagehide","target_tagname":"wizardpage","target_id":"proxy"}
INST 579f651039cf0fb8 2016-03-23T21:38:24.600Z {"type":"pagerewound","target_tagname":"wizardpage","target_id":"proxy"}
INST 579f651039cf0fb8 2016-03-23T21:38:24.600Z {"type":"wizardback","target_tagname":"wizard","target_id":"TorNetworkSettings"}
INST 579f651039cf0fb8 2016-03-23T21:38:24.600Z {"type":"pageshow","target_tagname":"wizardpage","target_id":"bridgeSettings"}
INST 579f651039cf0fb8 2016-03-23T21:38:24.600Z {"type":"command","target_tagname":"wizard","target_id":"TorNetworkSettings"}
INST 579f651039cf0fb8 2016-03-23T21:38:26.000Z {"type":"popupshown","target_tagname":"menupopup","target_id":"defaultBridgeType_menuPopup"}
INST 579f651039cf0fb8 2016-03-23T21:38:26.100Z {"type":"click","target_tagname":"menulist","target_id":"defaultBridgeType","value":"obfs3","detail":1}
INST 579f651039cf0fb8 2016-03-23T21:38:26.900Z {"type":"mouseover","target_tagname":"menuitem","target_id":"","value":"flashproxy"}
INST 579f651039cf0fb8 2016-03-23T21:38:26.900Z {"type":"mouseout","target_tagname":"menuitem","target_id":"","value":"flashproxy"}
INST 579f651039cf0fb8 2016-03-23T21:38:26.900Z {"type":"mouseover","target_tagname":"menuitem","target_id":"","value":"fte"}
INST 579f651039cf0fb8 2016-03-23T21:38:27.400Z {"type":"click","target_tagname":"menuitem","target_id":"","value":"fte","detail":1}
INST 579f651039cf0fb8 2016-03-23T21:38:27.400Z {"type":"select","target_tagname":"menulist","target_id":"defaultBridgeType","value":"fte"}
INST 579f651039cf0fb8 2016-03-23T21:38:27.400Z {"type":"command","target_tagname":"menuitem","target_id":"","value":"fte"}
INST 579f651039cf0fb8 2016-03-23T21:38:27.400Z {"type":"popuphidden","target_tagname":"menupopup","target_id":"defaultBridgeType_menuPopup"}
INST 579f651039cf0fb8 2016-03-23T21:38:27.400Z {"type":"mouseout","target_tagname":"menuitem","target_id":"","value":"fte"}
INST 579f651039cf0fb8 2016-03-23T21:38:28.300Z {"type":"click","target_tagname":"wizard","target_id":"TorNetworkSettings","detail":1}
INST 579f651039cf0fb8 2016-03-23T21:38:28.300Z {"type":"pagehide","target_tagname":"wizardpage","target_id":"bridgeSettings"}
INST 579f651039cf0fb8 2016-03-23T21:38:28.300Z {"type":"pageadvanced","target_tagname":"wizardpage","target_id":"bridgeSettings"}
INST 579f651039cf0fb8 2016-03-23T21:38:28.300Z {"type":"wizardnext","target_tagname":"wizard","target_id":"TorNetworkSettings"}
INST 579f651039cf0fb8 2016-03-23T21:38:28.300Z {"type":"pageshow","target_tagname":"wizardpage","target_id":"proxy"}
INST 579f651039cf0fb8 2016-03-23T21:38:28.300Z {"type":"command","target_tagname":"wizard","target_id":"TorNetworkSettings"}
INST 579f651039cf0fb8 2016-03-23T21:38:29.400Z {"type":"click","target_tagname":"wizard","target_id":"TorNetworkSettings","detail":1}
INST 579f651039cf0fb8 2016-03-23T21:38:29.400Z {"type":"pagehide","target_tagname":"wizardpage","target_id":"proxy"}
INST 579f651039cf0fb8 2016-03-23T21:38:29.400Z {"type":"pageadvanced","target_tagname":"wizardpage","target_id":"proxy"}
INST 579f651039cf0fb8 2016-03-23T21:38:29.400Z {"type":"wizardfinish","target_tagname":"wizard","target_id":"TorNetworkSettings"}
INST 579f651039cf0fb8 2016-03-23T21:38:29.600Z {"type":"load","target_id":"progress_bar"}
INST 579f651039cf0fb8 2016-03-23T21:38:48.900Z {"type":"click","target_tagname":"dialog","target_id":"TorProgress","detail":1}
INST 579f651039cf0fb8 2016-03-23T21:38:48.900Z {"type":"dialogcancel","target_tagname":"dialog","target_id":"TorProgress"}
INST 579f651039cf0fb8 2016-03-23T21:38:49.000Z {"type":"command","target_tagname":"dialog","target_id":"TorProgress"}
INST 579f651039cf0fb8 2016-03-23T21:38:49.000Z {"type":"command","target_tagname":"wizard","target_id":"TorNetworkSettings"}
INST 579f651039cf0fb8 2016-03-23T21:38:49.700Z {"type":"click","target_tagname":"wizard","target_id":"TorNetworkSettings","detail":1}
INST 579f651039cf0fb8 2016-03-23T21:38:49.700Z {"type":"pagehide","target_tagname":"wizardpage","target_id":"proxy"}
INST 579f651039cf0fb8 2016-03-23T21:38:49.700Z {"type":"pagerewound","target_tagname":"wizardpage","target_id":"proxy"}
INST 579f651039cf0fb8 2016-03-23T21:38:49.700Z {"type":"wizardback","target_tagname":"wizard","target_id":"TorNetworkSettings"}
INST 579f651039cf0fb8 2016-03-23T21:38:49.700Z {"type":"pageshow","target_tagname":"wizardpage","target_id":"bridgeSettings"}
INST 579f651039cf0fb8 2016-03-23T21:38:49.700Z {"type":"command","target_tagname":"wizard","target_id":"TorNetworkSettings"}
INST 579f651039cf0fb8 2016-03-23T21:38:50.800Z {"type":"popupshown","target_tagname":"menupopup","target_id":"defaultBridgeType_menuPopup"}
INST 579f651039cf0fb8 2016-03-23T21:38:50.900Z {"type":"click","target_tagname":"menulist","target_id":"defaultBridgeType","value":"fte","detail":1}
INST 579f651039cf0fb8 2016-03-23T21:38:51.300Z {"type":"mouseover","target_tagname":"menuitem","target_id":"","value":"flashproxy"}
INST 579f651039cf0fb8 2016-03-23T21:38:51.400Z {"type":"mouseout","target_tagname":"menuitem","target_id":"","value":"flashproxy"}
INST 579f651039cf0fb8 2016-03-23T21:38:51.400Z {"type":"mouseover","target_tagname":"menuitem","target_id":"","value":"fte"}
INST 579f651039cf0fb8 2016-03-23T21:38:51.500Z {"type":"mouseout","target_tagname":"menuitem","target_id":"","value":"fte"}
INST 579f651039cf0fb8 2016-03-23T21:38:51.500Z {"type":"mouseover","target_tagname":"menuitem","target_id":"","value":"fte-ipv6"}
INST 579f651039cf0fb8 2016-03-23T21:38:52.000Z {"type":"click","target_tagname":"menuitem","target_id":"","value":"fte-ipv6","detail":1}
INST 579f651039cf0fb8 2016-03-23T21:38:52.000Z {"type":"select","target_tagname":"menulist","target_id":"defaultBridgeType","value":"fte-ipv6"}
INST 579f651039cf0fb8 2016-03-23T21:38:52.000Z {"type":"command","target_tagname":"menuitem","target_id":"","value":"fte-ipv6"}
INST 579f651039cf0fb8 2016-03-23T21:38:52.000Z {"type":"popuphidden","target_tagname":"menupopup","target_id":"defaultBridgeType_menuPopup"}
INST 579f651039cf0fb8 2016-03-23T21:38:52.000Z {"type":"mouseout","target_tagname":"menuitem","target_id":"","value":"fte-ipv6"}
INST 579f651039cf0fb8 2016-03-23T21:38:53.000Z {"type":"click","target_tagname":"wizard","target_id":"TorNetworkSettings","detail":1}
INST 579f651039cf0fb8 2016-03-23T21:38:53.000Z {"type":"pagehide","target_tagname":"wizardpage","target_id":"bridgeSettings"}
INST 579f651039cf0fb8 2016-03-23T21:38:53.000Z {"type":"pageadvanced","target_tagname":"wizardpage","target_id":"bridgeSettings"}
INST 579f651039cf0fb8 2016-03-23T21:38:53.000Z {"type":"wizardnext","target_tagname":"wizard","target_id":"TorNetworkSettings"}
INST 579f651039cf0fb8 2016-03-23T21:38:53.000Z {"type":"pageshow","target_tagname":"wizardpage","target_id":"proxy"}
INST 579f651039cf0fb8 2016-03-23T21:38:53.000Z {"type":"command","target_tagname":"wizard","target_id":"TorNetworkSettings"}
INST 579f651039cf0fb8 2016-03-23T21:38:54.800Z {"type":"click","target_tagname":"wizard","target_id":"TorNetworkSettings","detail":1}
INST 579f651039cf0fb8 2016-03-23T21:38:54.800Z {"type":"pagehide","target_tagname":"wizardpage","target_id":"proxy"}
INST 579f651039cf0fb8 2016-03-23T21:38:54.800Z {"type":"pageadvanced","target_tagname":"wizardpage","target_id":"proxy"}
INST 579f651039cf0fb8 2016-03-23T21:38:54.800Z {"type":"wizardfinish","target_tagname":"wizard","target_id":"TorNetworkSettings"}
INST 579f651039cf0fb8 2016-03-23T21:38:54.900Z {"type":"load","target_id":"progress_bar"}
INST 579f651039cf0fb8 2016-03-23T21:39:28.100Z {"type":"click","target_tagname":"dialog","target_id":"TorProgress","detail":1}
INST 579f651039cf0fb8 2016-03-23T21:39:28.100Z {"type":"dialogcancel","target_tagname":"dialog","target_id":"TorProgress"}
INST 579f651039cf0fb8 2016-03-23T21:39:28.100Z {"type":"command","target_tagname":"dialog","target_id":"TorProgress"}
INST 579f651039cf0fb8 2016-03-23T21:39:28.100Z {"type":"command","target_tagname":"wizard","target_id":"TorNetworkSettings"}
INST 579f651039cf0fb8 2016-03-23T21:39:32.800Z {"type":"click","target_tagname":"wizard","target_id":"TorNetworkSettings","detail":1}
INST 579f651039cf0fb8 2016-03-23T21:39:33.400Z {"type":"click","target_tagname":"wizard","target_id":"TorNetworkSettings","detail":1}
INST 579f651039cf0fb8 2016-03-23T21:39:33.400Z {"type":"wizardcancel","target_tagname":"wizard","target_id":"TorNetworkSettings"}
INST 579f651039cf0fb8 2016-03-23T21:39:33.400Z {"type":"command","target_tagname":"wizard","target_id":"TorNetworkSettings"}
INST 579f651039cf0fb8 2016-03-23T21:39:33.400Z {"type":"unload","target_id":"configuration"}
INST 295c05930c9cc53b 2016-03-23T21:42:20.900Z {"type":"start"}
INST 295c05930c9cc53b 2016-03-23T21:42:21.600Z {"type":"select","target_tagname":"menulist","target_id":"proxyType","value":""}
INST 295c05930c9cc53b 2016-03-23T21:42:21.600Z {"type":"wizardnext","target_tagname":"wizard","target_id":"TorNetworkSettings"}
INST 295c05930c9cc53b 2016-03-23T21:42:21.600Z {"type":"pageshow","target_tagname":"wizardpage","target_id":"first"}
INST 295c05930c9cc53b 2016-03-23T21:42:21.700Z {"type":"load","target_id":"configuration"}
INST 295c05930c9cc53b 2016-03-23T21:42:21.700Z {"type":"select","target_tagname":"menulist","target_id":"defaultBridgeType","value":"fte-ipv6"}
INST 295c05930c9cc53b 2016-03-23T21:42:23.200Z {"type":"click","target_tagname":"button","target_id":"configure_button","detail":1}
INST 295c05930c9cc53b 2016-03-23T21:42:23.200Z {"type":"pagehide","target_tagname":"wizardpage","target_id":"first"}
INST 295c05930c9cc53b 2016-03-23T21:42:23.200Z {"type":"pageadvanced","target_tagname":"wizardpage","target_id":"first"}
INST 295c05930c9cc53b 2016-03-23T21:42:23.200Z {"type":"wizardnext","target_tagname":"wizard","target_id":"TorNetworkSettings"}
INST 295c05930c9cc53b 2016-03-23T21:42:23.200Z {"type":"pageshow","target_tagname":"wizardpage","target_id":"bridges"}
INST 295c05930c9cc53b 2016-03-23T21:42:23.200Z {"type":"command","target_tagname":"button","target_id":"configure_button"}
INST 295c05930c9cc53b 2016-03-23T21:42:26.500Z {"type":"click","target_tagname":"wizard","target_id":"TorNetworkSettings","detail":1}
INST 295c05930c9cc53b 2016-03-23T21:42:26.500Z {"type":"pagehide","target_tagname":"wizardpage","target_id":"bridges"}
INST 295c05930c9cc53b 2016-03-23T21:42:26.500Z {"type":"pageadvanced","target_tagname":"wizardpage","target_id":"bridges"}
INST 295c05930c9cc53b 2016-03-23T21:42:26.500Z {"type":"wizardnext","target_tagname":"wizard","target_id":"TorNetworkSettings"}
INST 295c05930c9cc53b 2016-03-23T21:42:26.500Z {"type":"pageshow","target_tagname":"wizardpage","target_id":"bridgeSettings"}
INST 295c05930c9cc53b 2016-03-23T21:42:26.500Z {"type":"command","target_tagname":"wizard","target_id":"TorNetworkSettings"}
INST 295c05930c9cc53b 2016-03-23T21:42:27.700Z {"type":"popupshown","target_tagname":"menupopup","target_id":"defaultBridgeType_menuPopup"}
INST 295c05930c9cc53b 2016-03-23T21:42:27.800Z {"type":"click","target_tagname":"menulist","target_id":"defaultBridgeType","value":"fte-ipv6","detail":1}
INST 295c05930c9cc53b 2016-03-23T21:42:28.200Z {"type":"mouseover","target_tagname":"menuitem","target_id":"","value":"flashproxy"}
INST 295c05930c9cc53b 2016-03-23T21:42:28.200Z {"type":"mouseout","target_tagname":"menuitem","target_id":"","value":"flashproxy"}
INST 295c05930c9cc53b 2016-03-23T21:42:28.200Z {"type":"mouseover","target_tagname":"menuitem","target_id":"","value":"fte"}
INST 295c05930c9cc53b 2016-03-23T21:42:28.400Z {"type":"mouseout","target_tagname":"menuitem","target_id":"","value":"fte"}
INST 295c05930c9cc53b 2016-03-23T21:42:28.400Z {"type":"mouseover","target_tagname":"menuitem","target_id":"","value":"fte-ipv6"}
INST 295c05930c9cc53b 2016-03-23T21:42:28.500Z {"type":"mouseout","target_tagname":"menuitem","target_id":"","value":"fte-ipv6"}
INST 295c05930c9cc53b 2016-03-23T21:42:28.500Z {"type":"mouseover","target_tagname":"menuitem","target_id":"","value":"meek-amazon"}
INST 295c05930c9cc53b 2016-03-23T21:42:28.500Z {"type":"mouseout","target_tagname":"menuitem","target_id":"","value":"meek-amazon"}
INST 295c05930c9cc53b 2016-03-23T21:42:28.500Z {"type":"mouseover","target_tagname":"menuitem","target_id":"","value":"meek-azure"}
INST 295c05930c9cc53b 2016-03-23T21:42:28.500Z {"type":"mouseout","target_tagname":"menuitem","target_id":"","value":"meek-azure"}
INST 295c05930c9cc53b 2016-03-23T21:42:28.500Z {"type":"mouseover","target_tagname":"menuitem","target_id":"","value":"meek-google"}
INST 295c05930c9cc53b 2016-03-23T21:42:28.600Z {"type":"mouseout","target_tagname":"menuitem","target_id":"","value":"meek-google"}
INST 295c05930c9cc53b 2016-03-23T21:42:28.600Z {"type":"mouseover","target_tagname":"menuitem","target_id":"","value":"obfs3"}
INST 295c05930c9cc53b 2016-03-23T21:42:28.700Z {"type":"mouseout","target_tagname":"menuitem","target_id":"","value":"obfs3"}
INST 295c05930c9cc53b 2016-03-23T21:42:28.700Z {"type":"mouseover","target_tagname":"menuitem","target_id":"","value":"obfs4"}
INST 295c05930c9cc53b 2016-03-23T21:42:29.000Z {"type":"mouseout","target_tagname":"menuitem","target_id":"","value":"obfs4"}
INST 295c05930c9cc53b 2016-03-23T21:42:29.000Z {"type":"mouseover","target_tagname":"menuitem","target_id":"","value":"scramblesuit"}
INST 295c05930c9cc53b 2016-03-23T21:42:29.400Z {"type":"click","target_tagname":"menuitem","target_id":"","value":"scramblesuit","detail":1}
INST 295c05930c9cc53b 2016-03-23T21:42:29.400Z {"type":"select","target_tagname":"menulist","target_id":"defaultBridgeType","value":"scramblesuit"}
INST 295c05930c9cc53b 2016-03-23T21:42:29.400Z {"type":"command","target_tagname":"menuitem","target_id":"","value":"scramblesuit"}
INST 295c05930c9cc53b 2016-03-23T21:42:29.400Z {"type":"popuphidden","target_tagname":"menupopup","target_id":"defaultBridgeType_menuPopup"}
INST 295c05930c9cc53b 2016-03-23T21:42:29.400Z {"type":"mouseout","target_tagname":"menuitem","target_id":"","value":"scramblesuit"}
INST 295c05930c9cc53b 2016-03-23T21:42:30.200Z {"type":"click","target_tagname":"wizard","target_id":"TorNetworkSettings","detail":1}
INST 295c05930c9cc53b 2016-03-23T21:42:30.200Z {"type":"pagehide","target_tagname":"wizardpage","target_id":"bridgeSettings"}
INST 295c05930c9cc53b 2016-03-23T21:42:30.200Z {"type":"pageadvanced","target_tagname":"wizardpage","target_id":"bridgeSettings"}
INST 295c05930c9cc53b 2016-03-23T21:42:30.200Z {"type":"wizardnext","target_tagname":"wizard","target_id":"TorNetworkSettings"}
INST 295c05930c9cc53b 2016-03-23T21:42:30.200Z {"type":"pageshow","target_tagname":"wizardpage","target_id":"proxy"}
INST 295c05930c9cc53b 2016-03-23T21:42:30.200Z {"type":"command","target_tagname":"wizard","target_id":"TorNetworkSettings"}
INST 295c05930c9cc53b 2016-03-23T21:42:30.800Z {"type":"click","target_tagname":"wizard","target_id":"TorNetworkSettings","detail":1}
INST 295c05930c9cc53b 2016-03-23T21:42:30.800Z {"type":"pagehide","target_tagname":"wizardpage","target_id":"proxy"}
INST 295c05930c9cc53b 2016-03-23T21:42:30.800Z {"type":"pageadvanced","target_tagname":"wizardpage","target_id":"proxy"}
INST 295c05930c9cc53b 2016-03-23T21:42:30.800Z {"type":"wizardfinish","target_tagname":"wizard","target_id":"TorNetworkSettings"}
INST 295c05930c9cc53b 2016-03-23T21:42:30.900Z {"type":"load","target_id":"progress_bar"}
INST 295c05930c9cc53b 2016-03-23T21:42:37.500Z {"type":"progresschanged","target_tagname":"progressmeter","target_id":"progressMeter","value":"5"}
INST 295c05930c9cc53b 2016-03-23T21:42:37.500Z {"type":"progresschanged","target_tagname":"progressmeter","target_id":"progressMeter","value":"10"}
INST 295c05930c9cc53b 2016-03-23T21:43:52.700Z {"type":"click","target_tagname":"dialog","target_id":"TorProgress","detail":1}
INST 295c05930c9cc53b 2016-03-23T21:43:52.700Z {"type":"dialogcancel","target_tagname":"dialog","target_id":"TorProgress"}
INST 295c05930c9cc53b 2016-03-23T21:43:52.700Z {"type":"command","target_tagname":"dialog","target_id":"TorProgress"}
INST 295c05930c9cc53b 2016-03-23T21:43:52.800Z {"type":"command","target_tagname":"wizard","target_id":"TorNetworkSettings"}
INST 295c05930c9cc53b 2016-03-23T21:44:00.200Z {"type":"click","target_tagname":"label","target_id":"forAssistance","detail":1}
INST 295c05930c9cc53b 2016-03-23T21:45:19.300Z {"type":"click","target_tagname":"wizard","target_id":"TorNetworkSettings","detail":1}
INST 295c05930c9cc53b 2016-03-23T21:45:19.300Z {"type":"pagehide","target_tagname":"wizardpage","target_id":"proxy"}
INST 295c05930c9cc53b 2016-03-23T21:45:19.300Z {"type":"pagerewound","target_tagname":"wizardpage","target_id":"proxy"}
INST 295c05930c9cc53b 2016-03-23T21:45:19.300Z {"type":"wizardback","target_tagname":"wizard","target_id":"TorNetworkSettings"}
INST 295c05930c9cc53b 2016-03-23T21:45:19.300Z {"type":"pageshow","target_tagname":"wizardpage","target_id":"bridgeSettings"}
INST 295c05930c9cc53b 2016-03-23T21:45:19.300Z {"type":"command","target_tagname":"wizard","target_id":"TorNetworkSettings"}
INST 295c05930c9cc53b 2016-03-23T21:45:20.200Z {"type":"click","target_tagname":"wizard","target_id":"TorNetworkSettings","detail":1}
INST 295c05930c9cc53b 2016-03-23T21:45:20.200Z {"type":"pagehide","target_tagname":"wizardpage","target_id":"bridgeSettings"}
INST 295c05930c9cc53b 2016-03-23T21:45:20.200Z {"type":"pagerewound","target_tagname":"wizardpage","target_id":"bridgeSettings"}
INST 295c05930c9cc53b 2016-03-23T21:45:20.200Z {"type":"wizardback","target_tagname":"wizard","target_id":"TorNetworkSettings"}
INST 295c05930c9cc53b 2016-03-23T21:45:20.200Z {"type":"pageshow","target_tagname":"wizardpage","target_id":"bridges"}
INST 295c05930c9cc53b 2016-03-23T21:45:20.200Z {"type":"command","target_tagname":"wizard","target_id":"TorNetworkSettings"}
INST 295c05930c9cc53b 2016-03-23T21:46:02.400Z {"type":"click","target_tagname":"wizard","target_id":"TorNetworkSettings","detail":1}
INST 295c05930c9cc53b 2016-03-23T21:46:02.400Z {"type":"pagehide","target_tagname":"wizardpage","target_id":"bridges"}
INST 295c05930c9cc53b 2016-03-23T21:46:02.400Z {"type":"pageadvanced","target_tagname":"wizardpage","target_id":"bridges"}
INST 295c05930c9cc53b 2016-03-23T21:46:02.400Z {"type":"wizardnext","target_tagname":"wizard","target_id":"TorNetworkSettings"}
INST 295c05930c9cc53b 2016-03-23T21:46:02.400Z {"type":"pageshow","target_tagname":"wizardpage","target_id":"bridgeSettings"}
INST 295c05930c9cc53b 2016-03-23T21:46:02.400Z {"type":"command","target_tagname":"wizard","target_id":"TorNetworkSettings"}
INST 295c05930c9cc53b 2016-03-23T21:46:06.600Z {"type":"click","target_tagname":"wizard","target_id":"TorNetworkSettings","detail":1}
INST 295c05930c9cc53b 2016-03-23T21:46:06.600Z {"type":"pagehide","target_tagname":"wizardpage","target_id":"bridgeSettings"}
INST 295c05930c9cc53b 2016-03-23T21:46:06.600Z {"type":"pagerewound","target_tagname":"wizardpage","target_id":"bridgeSettings"}
INST 295c05930c9cc53b 2016-03-23T21:46:06.600Z {"type":"wizardback","target_tagname":"wizard","target_id":"TorNetworkSettings"}
INST 295c05930c9cc53b 2016-03-23T21:46:06.600Z {"type":"pageshow","target_tagname":"wizardpage","target_id":"bridges"}
INST 295c05930c9cc53b 2016-03-23T21:46:06.600Z {"type":"command","target_tagname":"wizard","target_id":"TorNetworkSettings"}
INST 295c05930c9cc53b 2016-03-23T21:46:07.200Z {"type":"click","target_tagname":"wizard","target_id":"TorNetworkSettings","detail":1}
INST 295c05930c9cc53b 2016-03-23T21:46:07.200Z {"type":"pagehide","target_tagname":"wizardpage","target_id":"bridges"}
INST 295c05930c9cc53b 2016-03-23T21:46:07.200Z {"type":"pagerewound","target_tagname":"wizardpage","target_id":"bridges"}
INST 295c05930c9cc53b 2016-03-23T21:46:07.200Z {"type":"wizardback","target_tagname":"wizard","target_id":"TorNetworkSettings"}
INST 295c05930c9cc53b 2016-03-23T21:46:07.200Z {"type":"pageshow","target_tagname":"wizardpage","target_id":"first"}
INST 295c05930c9cc53b 2016-03-23T21:46:07.200Z {"type":"command","target_tagname":"wizard","target_id":"TorNetworkSettings"}
INST 295c05930c9cc53b 2016-03-23T21:46:09.200Z {"type":"click","target_tagname":"button","target_id":"configure_button","detail":1}
INST 295c05930c9cc53b 2016-03-23T21:46:09.200Z {"type":"pagehide","target_tagname":"wizardpage","target_id":"first"}
INST 295c05930c9cc53b 2016-03-23T21:46:09.200Z {"type":"pageadvanced","target_tagname":"wizardpage","target_id":"first"}
INST 295c05930c9cc53b 2016-03-23T21:46:09.200Z {"type":"wizardnext","target_tagname":"wizard","target_id":"TorNetworkSettings"}
INST 295c05930c9cc53b 2016-03-23T21:46:09.200Z {"type":"pageshow","target_tagname":"wizardpage","target_id":"bridges"}
INST 295c05930c9cc53b 2016-03-23T21:46:09.200Z {"type":"command","target_tagname":"button","target_id":"configure_button"}
INST 295c05930c9cc53b 2016-03-23T21:46:12.400Z {"type":"click","target_tagname":"wizard","target_id":"TorNetworkSettings","detail":1}
INST 295c05930c9cc53b 2016-03-23T21:46:12.400Z {"type":"pagehide","target_tagname":"wizardpage","target_id":"bridges"}
INST 295c05930c9cc53b 2016-03-23T21:46:12.400Z {"type":"pageadvanced","target_tagname":"wizardpage","target_id":"bridges"}
INST 295c05930c9cc53b 2016-03-23T21:46:12.400Z {"type":"wizardnext","target_tagname":"wizard","target_id":"TorNetworkSettings"}
INST 295c05930c9cc53b 2016-03-23T21:46:12.400Z {"type":"pageshow","target_tagname":"wizardpage","target_id":"bridgeSettings"}
INST 295c05930c9cc53b 2016-03-23T21:46:12.400Z {"type":"command","target_tagname":"wizard","target_id":"TorNetworkSettings"}
INST 295c05930c9cc53b 2016-03-23T21:46:14.600Z {"type":"popupshown","target_tagname":"menupopup","target_id":"defaultBridgeType_menuPopup"}
INST 295c05930c9cc53b 2016-03-23T21:46:14.700Z {"type":"click","target_tagname":"menulist","target_id":"defaultBridgeType","value":"scramblesuit","detail":1}
INST 295c05930c9cc53b 2016-03-23T21:46:15.400Z {"type":"mouseover","target_tagname":"menuitem","target_id":"","value":"flashproxy"}
INST 295c05930c9cc53b 2016-03-23T21:46:15.400Z {"type":"mouseout","target_tagname":"menuitem","target_id":"","value":"flashproxy"}
INST 295c05930c9cc53b 2016-03-23T21:46:15.400Z {"type":"mouseover","target_tagname":"menuitem","target_id":"","value":"fte"}
INST 295c05930c9cc53b 2016-03-23T21:46:15.400Z {"type":"mouseout","target_tagname":"menuitem","target_id":"","value":"fte"}
INST 295c05930c9cc53b 2016-03-23T21:46:15.400Z {"type":"mouseover","target_tagname":"menuitem","target_id":"","value":"fte-ipv6"}
INST 295c05930c9cc53b 2016-03-23T21:46:15.400Z {"type":"mouseout","target_tagname":"menuitem","target_id":"","value":"fte-ipv6"}
INST 295c05930c9cc53b 2016-03-23T21:46:15.400Z {"type":"mouseover","target_tagname":"menuitem","target_id":"","value":"meek-amazon"}
INST 295c05930c9cc53b 2016-03-23T21:46:15.400Z {"type":"mouseout","target_tagname":"menuitem","target_id":"","value":"meek-amazon"}
INST 295c05930c9cc53b 2016-03-23T21:46:15.400Z {"type":"mouseover","target_tagname":"menuitem","target_id":"","value":"meek-azure"}
INST 295c05930c9cc53b 2016-03-23T21:46:15.500Z {"type":"mouseout","target_tagname":"menuitem","target_id":"","value":"meek-azure"}
INST 295c05930c9cc53b 2016-03-23T21:46:15.500Z {"type":"mouseover","target_tagname":"menuitem","target_id":"","value":"meek-google"}
INST 295c05930c9cc53b 2016-03-23T21:46:15.500Z {"type":"mouseout","target_tagname":"menuitem","target_id":"","value":"meek-google"}
INST 295c05930c9cc53b 2016-03-23T21:46:15.500Z {"type":"mouseover","target_tagname":"menuitem","target_id":"","value":"obfs3"}
INST 295c05930c9cc53b 2016-03-23T21:46:15.900Z {"type":"mouseout","target_tagname":"menuitem","target_id":"","value":"obfs3"}
INST 295c05930c9cc53b 2016-03-23T21:46:15.900Z {"type":"mouseover","target_tagname":"menuitem","target_id":"","value":"obfs4"}
INST 295c05930c9cc53b 2016-03-23T21:46:16.200Z {"type":"mouseout","target_tagname":"menuitem","target_id":"","value":"obfs4"}
INST 295c05930c9cc53b 2016-03-23T21:46:16.200Z {"type":"mouseover","target_tagname":"menuitem","target_id":"","value":"obfs3"}
INST 295c05930c9cc53b 2016-03-23T21:46:16.300Z {"type":"mouseout","target_tagname":"menuitem","target_id":"","value":"obfs3"}
INST 295c05930c9cc53b 2016-03-23T21:46:16.300Z {"type":"mouseover","target_tagname":"menuitem","target_id":"","value":"meek-google"}
INST 295c05930c9cc53b 2016-03-23T21:46:16.700Z {"type":"click","target_tagname":"menuitem","target_id":"","value":"meek-google","detail":1}
INST 295c05930c9cc53b 2016-03-23T21:46:16.700Z {"type":"select","target_tagname":"menulist","target_id":"defaultBridgeType","value":"meek-google"}
INST 295c05930c9cc53b 2016-03-23T21:46:16.700Z {"type":"command","target_tagname":"menuitem","target_id":"","value":"meek-google"}
INST 295c05930c9cc53b 2016-03-23T21:46:16.700Z {"type":"popuphidden","target_tagname":"menupopup","target_id":"defaultBridgeType_menuPopup"}
INST 295c05930c9cc53b 2016-03-23T21:46:16.800Z {"type":"mouseout","target_tagname":"menuitem","target_id":"","value":"meek-google"}
INST 295c05930c9cc53b 2016-03-23T21:46:18.100Z {"type":"click","target_tagname":"wizard","target_id":"TorNetworkSettings","detail":1}
INST 295c05930c9cc53b 2016-03-23T21:46:18.100Z {"type":"pagehide","target_tagname":"wizardpage","target_id":"bridgeSettings"}
INST 295c05930c9cc53b 2016-03-23T21:46:18.100Z {"type":"pageadvanced","target_tagname":"wizardpage","target_id":"bridgeSettings"}
INST 295c05930c9cc53b 2016-03-23T21:46:18.100Z {"type":"wizardnext","target_tagname":"wizard","target_id":"TorNetworkSettings"}
INST 295c05930c9cc53b 2016-03-23T21:46:18.100Z {"type":"pageshow","target_tagname":"wizardpage","target_id":"proxy"}
INST 295c05930c9cc53b 2016-03-23T21:46:18.100Z {"type":"command","target_tagname":"wizard","target_id":"TorNetworkSettings"}
INST 295c05930c9cc53b 2016-03-23T21:46:22.400Z {"type":"click","target_tagname":"wizard","target_id":"TorNetworkSettings","detail":1}
INST 295c05930c9cc53b 2016-03-23T21:46:22.400Z {"type":"pagehide","target_tagname":"wizardpage","target_id":"proxy"}
INST 295c05930c9cc53b 2016-03-23T21:46:22.400Z {"type":"pageadvanced","target_tagname":"wizardpage","target_id":"proxy"}
INST 295c05930c9cc53b 2016-03-23T21:46:22.400Z {"type":"wizardfinish","target_tagname":"wizard","target_id":"TorNetworkSettings"}
INST 295c05930c9cc53b 2016-03-23T21:46:22.500Z {"type":"load","target_id":"progress_bar"}
INST 295c05930c9cc53b 2016-03-23T21:46:29.300Z {"type":"progresschanged","target_tagname":"progressmeter","target_id":"progressMeter","value":"15"}
INST 295c05930c9cc53b 2016-03-23T21:46:29.400Z {"type":"progresschanged","target_tagname":"progressmeter","target_id":"progressMeter","value":"20"}
INST 295c05930c9cc53b 2016-03-23T21:46:30.200Z {"type":"progresschanged","target_tagname":"progressmeter","target_id":"progressMeter","value":"25"}
INST 295c05930c9cc53b 2016-03-23T21:46:33.100Z {"type":"progresschanged","target_tagname":"progressmeter","target_id":"progressMeter","value":"40"}
INST 295c05930c9cc53b 2016-03-23T21:46:33.500Z {"type":"progresschanged","target_tagname":"progressmeter","target_id":"progressMeter","value":"45"}
INST 295c05930c9cc53b 2016-03-23T21:46:33.700Z {"type":"progresschanged","target_tagname":"progressmeter","target_id":"progressMeter","value":"50"}
INST 295c05930c9cc53b 2016-03-23T21:46:40.700Z {"type":"progresschanged","target_tagname":"progressmeter","target_id":"progressMeter","value":"50"}
INST 295c05930c9cc53b 2016-03-23T21:46:43.000Z {"type":"progresschanged","target_tagname":"progressmeter","target_id":"progressMeter","value":"50"}
INST 295c05930c9cc53b 2016-03-23T21:46:43.400Z {"type":"progresschanged","target_tagname":"progressmeter","target_id":"progressMeter","value":"54"}
INST 295c05930c9cc53b 2016-03-23T21:46:43.400Z {"type":"progresschanged","target_tagname":"progressmeter","target_id":"progressMeter","value":"54"}
INST 295c05930c9cc53b 2016-03-23T21:46:43.400Z {"type":"progresschanged","target_tagname":"progressmeter","target_id":"progressMeter","value":"59"}
INST 295c05930c9cc53b 2016-03-23T21:46:43.400Z {"type":"progresschanged","target_tagname":"progressmeter","target_id":"progressMeter","value":"59"}
INST 295c05930c9cc53b 2016-03-23T21:46:43.400Z {"type":"progresschanged","target_tagname":"progressmeter","target_id":"progressMeter","value":"66"}
INST 295c05930c9cc53b 2016-03-23T21:46:43.400Z {"type":"progresschanged","target_tagname":"progressmeter","target_id":"progressMeter","value":"72"}
INST 295c05930c9cc53b 2016-03-23T21:46:43.400Z {"type":"progresschanged","target_tagname":"progressmeter","target_id":"progressMeter","value":"78"}
INST 295c05930c9cc53b 2016-03-23T21:46:43.500Z {"type":"progresschanged","target_tagname":"progressmeter","target_id":"progressMeter","value":"78"}
INST 295c05930c9cc53b 2016-03-23T21:46:43.500Z {"type":"progresschanged","target_tagname":"progressmeter","target_id":"progressMeter","value":"90"}
INST 295c05930c9cc53b 2016-03-23T21:46:44.600Z {"type":"progresschanged","target_tagname":"progressmeter","target_id":"progressMeter","value":"100"}
INST 295c05930c9cc53b 2016-03-23T21:46:44.800Z {"type":"unload","target_id":"progress_bar"}
INST 295c05930c9cc53b 2016-03-23T21:46:44.800Z {"type":"command","target_tagname":"wizard","target_id":"TorNetworkSettings"}
INST 295c05930c9cc53b 2016-03-23T21:46:44.800Z {"type":"unload","target_id":"configuration"}
