INST 21359a9577fa5a1d 2016-03-28T21:20:25.100Z {"type":"start"}
INST 21359a9577fa5a1d 2016-03-28T21:20:27.300Z {"type":"select","target_tagname":"menulist","target_id":"proxyType","value":""}
INST 21359a9577fa5a1d 2016-03-28T21:20:27.300Z {"type":"wizardnext","target_tagname":"wizard","target_id":"TorNetworkSettings"}
INST 21359a9577fa5a1d 2016-03-28T21:20:27.300Z {"type":"pageshow","target_tagname":"wizardpage","target_id":"first"}
INST 21359a9577fa5a1d 2016-03-28T21:20:27.300Z {"type":"load","target_id":"configuration"}
INST 21359a9577fa5a1d 2016-03-28T21:20:27.300Z {"type":"select","target_tagname":"menulist","target_id":"defaultBridgeType","value":"obfs3"}
INST 21359a9577fa5a1d 2016-03-28T21:20:40.700Z {"type":"click","target_tagname":"button","target_id":"configure_button","detail":1}
INST 21359a9577fa5a1d 2016-03-28T21:20:40.700Z {"type":"pagehide","target_tagname":"wizardpage","target_id":"first"}
INST 21359a9577fa5a1d 2016-03-28T21:20:40.700Z {"type":"pageadvanced","target_tagname":"wizardpage","target_id":"first"}
INST 21359a9577fa5a1d 2016-03-28T21:20:40.700Z {"type":"wizardnext","target_tagname":"wizard","target_id":"TorNetworkSettings"}
INST 21359a9577fa5a1d 2016-03-28T21:20:40.700Z {"type":"pageshow","target_tagname":"wizardpage","target_id":"bridges"}
INST 21359a9577fa5a1d 2016-03-28T21:20:40.700Z {"type":"command","target_tagname":"button","target_id":"configure_button"}
INST 21359a9577fa5a1d 2016-03-28T21:20:57.100Z {"type":"click","target_tagname":"wizard","target_id":"TorNetworkSettings","detail":1}
INST 21359a9577fa5a1d 2016-03-28T21:20:57.100Z {"type":"pagehide","target_tagname":"wizardpage","target_id":"bridges"}
INST 21359a9577fa5a1d 2016-03-28T21:20:57.100Z {"type":"pageadvanced","target_tagname":"wizardpage","target_id":"bridges"}
INST 21359a9577fa5a1d 2016-03-28T21:20:57.100Z {"type":"wizardnext","target_tagname":"wizard","target_id":"TorNetworkSettings"}
INST 21359a9577fa5a1d 2016-03-28T21:20:57.100Z {"type":"pageshow","target_tagname":"wizardpage","target_id":"proxy"}
INST 21359a9577fa5a1d 2016-03-28T21:20:57.100Z {"type":"command","target_tagname":"wizard","target_id":"TorNetworkSettings"}
INST 21359a9577fa5a1d 2016-03-28T21:21:48.300Z {"type":"click","target_tagname":"wizard","target_id":"TorNetworkSettings","detail":1}
INST 21359a9577fa5a1d 2016-03-28T21:21:48.300Z {"type":"pagehide","target_tagname":"wizardpage","target_id":"proxy"}
INST 21359a9577fa5a1d 2016-03-28T21:21:48.300Z {"type":"pageadvanced","target_tagname":"wizardpage","target_id":"proxy"}
INST 21359a9577fa5a1d 2016-03-28T21:21:48.300Z {"type":"wizardfinish","target_tagname":"wizard","target_id":"TorNetworkSettings"}
INST 21359a9577fa5a1d 2016-03-28T21:21:48.500Z {"type":"load","target_id":"progress_bar"}
INST 21359a9577fa5a1d 2016-03-28T21:21:49.100Z {"type":"progresschanged","target_tagname":"progressmeter","target_id":"progressMeter","value":"5"}
INST 21359a9577fa5a1d 2016-03-28T21:21:49.100Z {"type":"progresschanged","target_tagname":"progressmeter","target_id":"progressMeter","value":"5"}
INST 21359a9577fa5a1d 2016-03-28T21:21:49.100Z {"type":"progresschanged","target_tagname":"progressmeter","target_id":"progressMeter","value":"5"}
INST 21359a9577fa5a1d 2016-03-28T21:22:50.000Z {"type":"progresschanged","target_tagname":"progressmeter","target_id":"progressMeter","value":"5"}
INST 21359a9577fa5a1d 2016-03-28T21:25:45.500Z {"type":"click","target_tagname":"progressmeter","target_id":"progressMeter","detail":1}
INST 21359a9577fa5a1d 2016-03-28T21:26:21.600Z {"type":"click","detail":1}
INST 21359a9577fa5a1d 2016-03-28T21:27:55.100Z {"type":"progresschanged","target_tagname":"progressmeter","target_id":"progressMeter","value":"5"}
INST 21359a9577fa5a1d 2016-03-28T21:28:53.100Z {"type":"click","target_tagname":"description","target_id":"progressDesc","detail":1}
INST 21359a9577fa5a1d 2016-03-28T21:29:00.600Z {"type":"click","target_tagname":"description","target_id":"progressPleaseWait","detail":1}
INST 21359a9577fa5a1d 2016-03-28T21:29:01.000Z {"type":"click","target_tagname":"description","target_id":"progressPleaseWait","detail":1}
INST 21359a9577fa5a1d 2016-03-28T21:30:30.900Z {"type":"click","target_tagname":"dialog","target_id":"TorProgress","detail":1}
INST 21359a9577fa5a1d 2016-03-28T21:30:30.900Z {"type":"dialogcancel","target_tagname":"dialog","target_id":"TorProgress"}
INST 21359a9577fa5a1d 2016-03-28T21:30:31.000Z {"type":"command","target_tagname":"dialog","target_id":"TorProgress"}
INST 21359a9577fa5a1d 2016-03-28T21:30:31.100Z {"type":"command","target_tagname":"wizard","target_id":"TorNetworkSettings"}
INST 21359a9577fa5a1d 2016-03-28T21:30:32.000Z {"type":"click","target_tagname":"radio","target_id":"proxyRadioYes","detail":1}
INST 21359a9577fa5a1d 2016-03-28T21:30:32.000Z {"type":"command","target_tagname":"radio","target_id":"proxyRadioYes"}
INST 21359a9577fa5a1d 2016-03-28T21:30:33.200Z {"type":"click","target_tagname":"wizard","target_id":"TorNetworkSettings","detail":1}
INST 21359a9577fa5a1d 2016-03-28T21:30:33.200Z {"type":"pagehide","target_tagname":"wizardpage","target_id":"proxy"}
INST 21359a9577fa5a1d 2016-03-28T21:30:33.200Z {"type":"pageadvanced","target_tagname":"wizardpage","target_id":"proxy"}
INST 21359a9577fa5a1d 2016-03-28T21:30:33.200Z {"type":"wizardnext","target_tagname":"wizard","target_id":"TorNetworkSettings"}
INST 21359a9577fa5a1d 2016-03-28T21:30:33.200Z {"type":"pageshow","target_tagname":"wizardpage","target_id":"proxyYES"}
INST 21359a9577fa5a1d 2016-03-28T21:30:33.200Z {"type":"command","target_tagname":"wizard","target_id":"TorNetworkSettings"}
INST 21359a9577fa5a1d 2016-03-28T21:30:35.000Z {"type":"popupshown","target_tagname":"menupopup","target_id":"proxyType_menuPopup"}
INST 21359a9577fa5a1d 2016-03-28T21:30:35.000Z {"type":"click","target_tagname":"menulist","target_id":"proxyType","value":"","detail":1}
INST 21359a9577fa5a1d 2016-03-28T21:30:35.700Z {"type":"mouseover","target_tagname":"menuitem","target_id":"","value":""}
INST 21359a9577fa5a1d 2016-03-28T21:30:35.800Z {"type":"mouseout","target_tagname":"menuitem","target_id":"","value":""}
INST 21359a9577fa5a1d 2016-03-28T21:30:35.800Z {"type":"mouseover","target_tagname":"menuitem","target_id":"","value":"SOCKS4"}
INST 21359a9577fa5a1d 2016-03-28T21:30:35.900Z {"type":"mouseout","target_tagname":"menuitem","target_id":"","value":"SOCKS4"}
INST 21359a9577fa5a1d 2016-03-28T21:30:35.900Z {"type":"mouseover","target_tagname":"menuitem","target_id":"","value":"SOCKS5"}
INST 21359a9577fa5a1d 2016-03-28T21:30:36.000Z {"type":"mouseout","target_tagname":"menuitem","target_id":"","value":"SOCKS5"}
INST 21359a9577fa5a1d 2016-03-28T21:30:36.000Z {"type":"mouseover","target_tagname":"menuitem","target_id":"","value":"HTTP"}
INST 21359a9577fa5a1d 2016-03-28T21:30:36.700Z {"type":"mouseout","target_tagname":"menuitem","target_id":"","value":"HTTP"}
INST 21359a9577fa5a1d 2016-03-28T21:30:37.000Z {"type":"popuphidden","target_tagname":"menupopup","target_id":"proxyType_menuPopup"}
INST 21359a9577fa5a1d 2016-03-28T21:30:37.900Z {"type":"click","target_tagname":"hbox","target_id":"","detail":1}
INST 21359a9577fa5a1d 2016-03-28T21:30:38.200Z {"type":"select","target_tagname":"textbox","target_id":"proxyAddr"}
INST 21359a9577fa5a1d 2016-03-28T21:30:38.200Z {"type":"click","target_tagname":"textbox","target_id":"proxyAddr","detail":1}
INST 21359a9577fa5a1d 2016-03-28T21:30:38.700Z {"type":"select","target_tagname":"textbox","target_id":"proxyUsername"}
INST 21359a9577fa5a1d 2016-03-28T21:30:38.800Z {"type":"click","target_tagname":"textbox","target_id":"proxyUsername","detail":1}
INST 21359a9577fa5a1d 2016-03-28T21:30:39.400Z {"type":"select","target_tagname":"textbox","target_id":"proxyPort"}
INST 21359a9577fa5a1d 2016-03-28T21:30:39.500Z {"type":"click","target_tagname":"textbox","target_id":"proxyPort","detail":1}
INST 21359a9577fa5a1d 2016-03-28T21:30:39.800Z {"type":"select","target_tagname":"textbox","target_id":"proxyPassword"}
INST 21359a9577fa5a1d 2016-03-28T21:30:39.800Z {"type":"click","target_tagname":"textbox","target_id":"proxyPassword","detail":1}
INST 21359a9577fa5a1d 2016-03-28T21:30:42.900Z {"type":"popupshown","target_tagname":"menupopup","target_id":"proxyType_menuPopup"}
INST 21359a9577fa5a1d 2016-03-28T21:30:43.000Z {"type":"click","target_tagname":"menulist","target_id":"proxyType","value":"","detail":1}
INST 21359a9577fa5a1d 2016-03-28T21:30:43.800Z {"type":"mouseover","target_tagname":"menuitem","target_id":"","value":""}
INST 21359a9577fa5a1d 2016-03-28T21:30:43.900Z {"type":"mouseout","target_tagname":"menuitem","target_id":"","value":""}
INST 21359a9577fa5a1d 2016-03-28T21:30:43.900Z {"type":"mouseover","target_tagname":"menuitem","target_id":"","value":"SOCKS4"}
INST 21359a9577fa5a1d 2016-03-28T21:30:44.500Z {"type":"mouseout","target_tagname":"menuitem","target_id":"","value":"SOCKS4"}
INST 21359a9577fa5a1d 2016-03-28T21:30:44.500Z {"type":"mouseover","target_tagname":"menuitem","target_id":"","value":"SOCKS5"}
INST 21359a9577fa5a1d 2016-03-28T21:30:44.600Z {"type":"mouseout","target_tagname":"menuitem","target_id":"","value":"SOCKS5"}
INST 21359a9577fa5a1d 2016-03-28T21:30:44.600Z {"type":"mouseover","target_tagname":"menuitem","target_id":"","value":"HTTP"}
INST 21359a9577fa5a1d 2016-03-28T21:30:44.600Z {"type":"mouseout","target_tagname":"menuitem","target_id":"","value":"HTTP"}
INST 21359a9577fa5a1d 2016-03-28T21:30:44.900Z {"type":"popuphidden","target_tagname":"menupopup","target_id":"proxyType_menuPopup"}
INST 21359a9577fa5a1d 2016-03-28T21:30:46.000Z {"type":"click","target_tagname":"wizard","target_id":"TorNetworkSettings","detail":1}
INST 21359a9577fa5a1d 2016-03-28T21:30:46.000Z {"type":"pagehide","target_tagname":"wizardpage","target_id":"proxyYES"}
INST 21359a9577fa5a1d 2016-03-28T21:30:46.000Z {"type":"pagerewound","target_tagname":"wizardpage","target_id":"proxyYES"}
INST 21359a9577fa5a1d 2016-03-28T21:30:46.000Z {"type":"wizardback","target_tagname":"wizard","target_id":"TorNetworkSettings"}
INST 21359a9577fa5a1d 2016-03-28T21:30:46.000Z {"type":"pageshow","target_tagname":"wizardpage","target_id":"proxy"}
INST 21359a9577fa5a1d 2016-03-28T21:30:46.000Z {"type":"command","target_tagname":"wizard","target_id":"TorNetworkSettings"}
INST 21359a9577fa5a1d 2016-03-28T21:30:46.900Z {"type":"click","target_tagname":"radio","target_id":"proxyRadioNo","detail":1}
INST 21359a9577fa5a1d 2016-03-28T21:30:46.900Z {"type":"command","target_tagname":"radio","target_id":"proxyRadioNo"}
INST 21359a9577fa5a1d 2016-03-28T21:30:47.700Z {"type":"click","target_tagname":"wizard","target_id":"TorNetworkSettings","detail":1}
INST 21359a9577fa5a1d 2016-03-28T21:30:47.700Z {"type":"pagehide","target_tagname":"wizardpage","target_id":"proxy"}
INST 21359a9577fa5a1d 2016-03-28T21:30:47.700Z {"type":"pageadvanced","target_tagname":"wizardpage","target_id":"proxy"}
INST 21359a9577fa5a1d 2016-03-28T21:30:47.700Z {"type":"wizardfinish","target_tagname":"wizard","target_id":"TorNetworkSettings"}
INST 21359a9577fa5a1d 2016-03-28T21:30:47.900Z {"type":"load","target_id":"progress_bar"}
INST 21359a9577fa5a1d 2016-03-28T21:30:52.100Z {"type":"click","target_tagname":"vbox","target_id":"","detail":1}
INST 21359a9577fa5a1d 2016-03-28T21:31:29.900Z {"type":"click","target_tagname":"progressmeter","target_id":"progressMeter","detail":1}
INST 21359a9577fa5a1d 2016-03-28T21:31:53.100Z {"type":"click","target_tagname":"dialog","target_id":"TorProgress","detail":1}
INST 21359a9577fa5a1d 2016-03-28T21:31:53.100Z {"type":"dialogcancel","target_tagname":"dialog","target_id":"TorProgress"}
INST 21359a9577fa5a1d 2016-03-28T21:31:53.100Z {"type":"command","target_tagname":"dialog","target_id":"TorProgress"}
INST 21359a9577fa5a1d 2016-03-28T21:31:53.200Z {"type":"command","target_tagname":"wizard","target_id":"TorNetworkSettings"}
INST 21359a9577fa5a1d 2016-03-28T21:31:53.800Z {"type":"click","target_tagname":"wizard","target_id":"TorNetworkSettings","detail":1}
INST 21359a9577fa5a1d 2016-03-28T21:31:53.800Z {"type":"pagehide","target_tagname":"wizardpage","target_id":"proxy"}
INST 21359a9577fa5a1d 2016-03-28T21:31:53.800Z {"type":"pagerewound","target_tagname":"wizardpage","target_id":"proxy"}
INST 21359a9577fa5a1d 2016-03-28T21:31:53.800Z {"type":"wizardback","target_tagname":"wizard","target_id":"TorNetworkSettings"}
INST 21359a9577fa5a1d 2016-03-28T21:31:53.800Z {"type":"pageshow","target_tagname":"wizardpage","target_id":"bridges"}
INST 21359a9577fa5a1d 2016-03-28T21:31:53.800Z {"type":"command","target_tagname":"wizard","target_id":"TorNetworkSettings"}
INST 21359a9577fa5a1d 2016-03-28T21:31:54.400Z {"type":"click","target_tagname":"wizard","target_id":"TorNetworkSettings","detail":1}
INST 21359a9577fa5a1d 2016-03-28T21:31:54.400Z {"type":"pagehide","target_tagname":"wizardpage","target_id":"bridges"}
INST 21359a9577fa5a1d 2016-03-28T21:31:54.400Z {"type":"pagerewound","target_tagname":"wizardpage","target_id":"bridges"}
INST 21359a9577fa5a1d 2016-03-28T21:31:54.400Z {"type":"wizardback","target_tagname":"wizard","target_id":"TorNetworkSettings"}
INST 21359a9577fa5a1d 2016-03-28T21:31:54.400Z {"type":"pageshow","target_tagname":"wizardpage","target_id":"first"}
INST 21359a9577fa5a1d 2016-03-28T21:31:54.400Z {"type":"command","target_tagname":"wizard","target_id":"TorNetworkSettings"}
INST 21359a9577fa5a1d 2016-03-28T21:31:57.400Z {"type":"click","target_tagname":"button","target_id":"connect_button","detail":1}
INST 21359a9577fa5a1d 2016-03-28T21:31:57.500Z {"type":"load","target_id":"progress_bar"}
INST 21359a9577fa5a1d 2016-03-28T21:32:16.800Z {"type":"click","target_tagname":"description","target_id":"progressPleaseWait","detail":1}
INST 21359a9577fa5a1d 2016-03-28T21:32:24.000Z {"type":"click","detail":1}
INST 21359a9577fa5a1d 2016-03-28T21:32:30.900Z {"type":"click","target_tagname":"dialog","target_id":"TorProgress","detail":1}
INST 21359a9577fa5a1d 2016-03-28T21:32:30.900Z {"type":"dialogcancel","target_tagname":"dialog","target_id":"TorProgress"}
INST 21359a9577fa5a1d 2016-03-28T21:32:31.000Z {"type":"command","target_tagname":"dialog","target_id":"TorProgress"}
INST 21359a9577fa5a1d 2016-03-28T21:32:31.000Z {"type":"command","target_tagname":"button","target_id":"connect_button"}
INST 21359a9577fa5a1d 2016-03-28T21:32:31.600Z {"type":"click","target_tagname":"vbox","target_id":"","detail":1}
INST 21359a9577fa5a1d 2016-03-28T21:32:31.900Z {"type":"click","target_tagname":"button","target_id":"configure_button","detail":1}
INST 21359a9577fa5a1d 2016-03-28T21:32:31.900Z {"type":"pagehide","target_tagname":"wizardpage","target_id":"first"}
INST 21359a9577fa5a1d 2016-03-28T21:32:31.900Z {"type":"pageadvanced","target_tagname":"wizardpage","target_id":"first"}
INST 21359a9577fa5a1d 2016-03-28T21:32:31.900Z {"type":"wizardnext","target_tagname":"wizard","target_id":"TorNetworkSettings"}
INST 21359a9577fa5a1d 2016-03-28T21:32:31.900Z {"type":"pageshow","target_tagname":"wizardpage","target_id":"bridges"}
INST 21359a9577fa5a1d 2016-03-28T21:32:31.900Z {"type":"command","target_tagname":"button","target_id":"configure_button"}
INST 21359a9577fa5a1d 2016-03-28T21:32:40.500Z {"type":"click","target_tagname":"radio","target_id":"bridgesRadioYes","detail":1}
INST 21359a9577fa5a1d 2016-03-28T21:32:40.500Z {"type":"command","target_tagname":"radio","target_id":"bridgesRadioYes"}
INST 21359a9577fa5a1d 2016-03-28T21:32:41.900Z {"type":"click","target_tagname":"wizard","target_id":"TorNetworkSettings","detail":1}
INST 21359a9577fa5a1d 2016-03-28T21:32:41.900Z {"type":"pagehide","target_tagname":"wizardpage","target_id":"bridges"}
INST 21359a9577fa5a1d 2016-03-28T21:32:41.900Z {"type":"pageadvanced","target_tagname":"wizardpage","target_id":"bridges"}
INST 21359a9577fa5a1d 2016-03-28T21:32:41.900Z {"type":"wizardnext","target_tagname":"wizard","target_id":"TorNetworkSettings"}
INST 21359a9577fa5a1d 2016-03-28T21:32:41.900Z {"type":"pageshow","target_tagname":"wizardpage","target_id":"bridgeSettings"}
INST 21359a9577fa5a1d 2016-03-28T21:32:41.900Z {"type":"command","target_tagname":"wizard","target_id":"TorNetworkSettings"}
INST 21359a9577fa5a1d 2016-03-28T21:32:45.600Z {"type":"click","target_tagname":"wizard","target_id":"TorNetworkSettings","detail":1}
INST 21359a9577fa5a1d 2016-03-28T21:32:45.600Z {"type":"pagehide","target_tagname":"wizardpage","target_id":"bridgeSettings"}
INST 21359a9577fa5a1d 2016-03-28T21:32:45.600Z {"type":"pageadvanced","target_tagname":"wizardpage","target_id":"bridgeSettings"}
INST 21359a9577fa5a1d 2016-03-28T21:32:45.600Z {"type":"wizardnext","target_tagname":"wizard","target_id":"TorNetworkSettings"}
INST 21359a9577fa5a1d 2016-03-28T21:32:45.600Z {"type":"pageshow","target_tagname":"wizardpage","target_id":"proxy"}
INST 21359a9577fa5a1d 2016-03-28T21:32:45.600Z {"type":"command","target_tagname":"wizard","target_id":"TorNetworkSettings"}
INST 21359a9577fa5a1d 2016-03-28T21:32:49.400Z {"type":"click","target_tagname":"wizard","target_id":"TorNetworkSettings","detail":1}
INST 21359a9577fa5a1d 2016-03-28T21:32:49.400Z {"type":"pagehide","target_tagname":"wizardpage","target_id":"proxy"}
INST 21359a9577fa5a1d 2016-03-28T21:32:49.400Z {"type":"pageadvanced","target_tagname":"wizardpage","target_id":"proxy"}
INST 21359a9577fa5a1d 2016-03-28T21:32:49.400Z {"type":"wizardfinish","target_tagname":"wizard","target_id":"TorNetworkSettings"}
INST 21359a9577fa5a1d 2016-03-28T21:32:49.500Z {"type":"load","target_id":"progress_bar"}
INST 21359a9577fa5a1d 2016-03-28T21:32:56.000Z {"type":"progresschanged","target_tagname":"progressmeter","target_id":"progressMeter","value":"10"}
INST 21359a9577fa5a1d 2016-03-28T21:34:24.400Z {"type":"click","target_tagname":"dialog","target_id":"TorProgress","detail":1}
INST 21359a9577fa5a1d 2016-03-28T21:34:24.400Z {"type":"dialogcancel","target_tagname":"dialog","target_id":"TorProgress"}
INST 21359a9577fa5a1d 2016-03-28T21:34:24.500Z {"type":"command","target_tagname":"dialog","target_id":"TorProgress"}
INST 21359a9577fa5a1d 2016-03-28T21:34:24.500Z {"type":"command","target_tagname":"wizard","target_id":"TorNetworkSettings"}
INST 21359a9577fa5a1d 2016-03-28T21:34:25.300Z {"type":"click","target_tagname":"radio","target_id":"proxyRadioYes","detail":1}
INST 21359a9577fa5a1d 2016-03-28T21:34:25.300Z {"type":"command","target_tagname":"radio","target_id":"proxyRadioYes"}
INST 21359a9577fa5a1d 2016-03-28T21:34:26.200Z {"type":"click","target_tagname":"wizard","target_id":"TorNetworkSettings","detail":1}
INST 21359a9577fa5a1d 2016-03-28T21:34:26.200Z {"type":"pagehide","target_tagname":"wizardpage","target_id":"proxy"}
INST 21359a9577fa5a1d 2016-03-28T21:34:26.200Z {"type":"pageadvanced","target_tagname":"wizardpage","target_id":"proxy"}
INST 21359a9577fa5a1d 2016-03-28T21:34:26.200Z {"type":"wizardnext","target_tagname":"wizard","target_id":"TorNetworkSettings"}
INST 21359a9577fa5a1d 2016-03-28T21:34:26.200Z {"type":"pageshow","target_tagname":"wizardpage","target_id":"proxyYES"}
INST 21359a9577fa5a1d 2016-03-28T21:34:26.200Z {"type":"command","target_tagname":"wizard","target_id":"TorNetworkSettings"}
INST 21359a9577fa5a1d 2016-03-28T21:34:27.200Z {"type":"popupshown","target_tagname":"menupopup","target_id":"proxyType_menuPopup"}
INST 21359a9577fa5a1d 2016-03-28T21:34:27.300Z {"type":"click","target_tagname":"menulist","target_id":"proxyType","value":"","detail":1}
INST 21359a9577fa5a1d 2016-03-28T21:34:28.400Z {"type":"mouseover","target_tagname":"menuitem","target_id":"","value":""}
INST 21359a9577fa5a1d 2016-03-28T21:34:28.400Z {"type":"mouseout","target_tagname":"menuitem","target_id":"","value":""}
INST 21359a9577fa5a1d 2016-03-28T21:34:28.400Z {"type":"mouseover","target_tagname":"menuitem","target_id":"","value":"SOCKS4"}
INST 21359a9577fa5a1d 2016-03-28T21:34:28.500Z {"type":"mouseout","target_tagname":"menuitem","target_id":"","value":"SOCKS4"}
INST 21359a9577fa5a1d 2016-03-28T21:34:28.500Z {"type":"mouseover","target_tagname":"menuitem","target_id":"","value":"SOCKS5"}
INST 21359a9577fa5a1d 2016-03-28T21:34:28.700Z {"type":"mouseout","target_tagname":"menuitem","target_id":"","value":"SOCKS5"}
INST 21359a9577fa5a1d 2016-03-28T21:34:28.700Z {"type":"mouseover","target_tagname":"menuitem","target_id":"","value":"HTTP"}
INST 21359a9577fa5a1d 2016-03-28T21:34:29.000Z {"type":"click","target_tagname":"menuitem","target_id":"","value":"HTTP","detail":1}
INST 21359a9577fa5a1d 2016-03-28T21:34:29.000Z {"type":"select","target_tagname":"menulist","target_id":"proxyType","value":"HTTP"}
INST 21359a9577fa5a1d 2016-03-28T21:34:29.000Z {"type":"command","target_tagname":"menuitem","target_id":"","value":"HTTP"}
INST 21359a9577fa5a1d 2016-03-28T21:34:29.000Z {"type":"popuphidden","target_tagname":"menupopup","target_id":"proxyType_menuPopup"}
INST 21359a9577fa5a1d 2016-03-28T21:34:29.000Z {"type":"mouseout","target_tagname":"menuitem","target_id":"","value":"HTTP"}
INST 21359a9577fa5a1d 2016-03-28T21:34:29.700Z {"type":"click","target_tagname":"wizardpage","target_id":"proxyYES","detail":1}
INST 21359a9577fa5a1d 2016-03-28T21:34:30.100Z {"type":"click","target_tagname":"wizardpage","target_id":"proxyYES","detail":1}
INST 21359a9577fa5a1d 2016-03-28T21:34:30.700Z {"type":"select","target_tagname":"textbox","target_id":"proxyAddr"}
INST 21359a9577fa5a1d 2016-03-28T21:34:30.800Z {"type":"click","target_tagname":"textbox","target_id":"proxyAddr","detail":1}
INST 21359a9577fa5a1d 2016-03-28T21:34:32.000Z {"type":"click","target_tagname":"wizard","target_id":"TorNetworkSettings","detail":1}
INST 21359a9577fa5a1d 2016-03-28T21:34:32.000Z {"type":"pagehide","target_tagname":"wizardpage","target_id":"proxyYES"}
INST 21359a9577fa5a1d 2016-03-28T21:34:32.000Z {"type":"pageadvanced","target_tagname":"wizardpage","target_id":"proxyYES"}
INST 21359a9577fa5a1d 2016-03-28T21:34:32.000Z {"type":"alert_show","target_id":"failed_to_save_settings","value":"Unable to save Tor settings.\n\nYou must specify both an IP address or hostname and a port number to configure Tor to use a proxy to access the Internet."}
INST 21359a9577fa5a1d 2016-03-28T21:34:38.600Z {"type":"alert_exit","target_id":"failed_to_save_settings","value":"Unable to save Tor settings.\n\nYou must specify both an IP address or hostname and a port number to configure Tor to use a proxy to access the Internet."}
INST 21359a9577fa5a1d 2016-03-28T21:34:38.600Z {"type":"command","target_tagname":"wizard","target_id":"TorNetworkSettings"}
INST 21359a9577fa5a1d 2016-03-28T21:34:39.200Z {"type":"click","target_tagname":"wizardpage","target_id":"proxyYES","detail":1}
INST 21359a9577fa5a1d 2016-03-28T21:36:57.000Z {"type":"click","target_tagname":"wizard","target_id":"TorNetworkSettings","detail":1}
INST 21359a9577fa5a1d 2016-03-28T21:39:11.700Z {"type":"select","target_tagname":"textbox","target_id":"proxyAddr"}
INST 21359a9577fa5a1d 2016-03-28T21:39:11.700Z {"type":"click","target_tagname":"textbox","target_id":"proxyAddr","detail":1}
INST 21359a9577fa5a1d 2016-03-28T21:39:12.100Z {"type":"click","target_tagname":"textbox","target_id":"proxyAddr","detail":1}
INST 21359a9577fa5a1d 2016-03-28T21:39:23.000Z {"type":"change","target_tagname":"textbox","target_id":"proxyAddr","value":"www.torproject.org"}
INST 21359a9577fa5a1d 2016-03-28T21:39:23.100Z {"type":"click","target_tagname":"wizard","target_id":"TorNetworkSettings","detail":1}
INST 21359a9577fa5a1d 2016-03-28T21:39:23.100Z {"type":"pagehide","target_tagname":"wizardpage","target_id":"proxyYES"}
INST 21359a9577fa5a1d 2016-03-28T21:39:23.100Z {"type":"pageadvanced","target_tagname":"wizardpage","target_id":"proxyYES"}
INST 21359a9577fa5a1d 2016-03-28T21:39:23.100Z {"type":"wizardfinish","target_tagname":"wizard","target_id":"TorNetworkSettings"}
INST 21359a9577fa5a1d 2016-03-28T21:39:23.300Z {"type":"load","target_id":"progress_bar"}
INST 21359a9577fa5a1d 2016-03-28T21:40:56.300Z {"type":"click","target_tagname":"dialog","target_id":"TorProgress","detail":1}
INST 21359a9577fa5a1d 2016-03-28T21:40:56.300Z {"type":"dialogcancel","target_tagname":"dialog","target_id":"TorProgress"}
INST 21359a9577fa5a1d 2016-03-28T21:40:56.300Z {"type":"command","target_tagname":"dialog","target_id":"TorProgress"}
INST 21359a9577fa5a1d 2016-03-28T21:40:56.400Z {"type":"command","target_tagname":"wizard","target_id":"TorNetworkSettings"}
INST 21359a9577fa5a1d 2016-03-28T21:40:58.000Z {"type":"click","target_tagname":"wizard","target_id":"TorNetworkSettings","detail":1}
INST 21359a9577fa5a1d 2016-03-28T21:40:58.000Z {"type":"pagehide","target_tagname":"wizardpage","target_id":"proxyYES"}
INST 21359a9577fa5a1d 2016-03-28T21:40:58.000Z {"type":"pagerewound","target_tagname":"wizardpage","target_id":"proxyYES"}
INST 21359a9577fa5a1d 2016-03-28T21:40:58.000Z {"type":"wizardback","target_tagname":"wizard","target_id":"TorNetworkSettings"}
INST 21359a9577fa5a1d 2016-03-28T21:40:58.000Z {"type":"pageshow","target_tagname":"wizardpage","target_id":"proxy"}
INST 21359a9577fa5a1d 2016-03-28T21:40:58.000Z {"type":"command","target_tagname":"wizard","target_id":"TorNetworkSettings"}
INST 21359a9577fa5a1d 2016-03-28T21:41:00.200Z {"type":"click","target_tagname":"radio","target_id":"proxyRadioNo","detail":1}
INST 21359a9577fa5a1d 2016-03-28T21:41:00.200Z {"type":"command","target_tagname":"radio","target_id":"proxyRadioNo"}
INST 21359a9577fa5a1d 2016-03-28T21:41:01.200Z {"type":"click","target_tagname":"wizard","target_id":"TorNetworkSettings","detail":1}
INST 21359a9577fa5a1d 2016-03-28T21:41:01.200Z {"type":"pagehide","target_tagname":"wizardpage","target_id":"proxy"}
INST 21359a9577fa5a1d 2016-03-28T21:41:01.200Z {"type":"pageadvanced","target_tagname":"wizardpage","target_id":"proxy"}
INST 21359a9577fa5a1d 2016-03-28T21:41:01.200Z {"type":"wizardfinish","target_tagname":"wizard","target_id":"TorNetworkSettings"}
INST 21359a9577fa5a1d 2016-03-28T21:41:01.300Z {"type":"load","target_id":"progress_bar"}
INST 21359a9577fa5a1d 2016-03-28T21:42:42.800Z {"type":"click","target_tagname":"vbox","target_id":"","detail":1}
INST 21359a9577fa5a1d 2016-03-28T21:42:58.500Z {"type":"click","target_tagname":"description","target_id":"progressPleaseWait","detail":1}
INST 21359a9577fa5a1d 2016-03-28T21:43:27.100Z {"type":"click","target_tagname":"dialog","target_id":"TorProgress","detail":1}
INST 21359a9577fa5a1d 2016-03-28T21:43:28.200Z {"type":"click","target_tagname":"dialog","target_id":"TorProgress","detail":1}
INST 21359a9577fa5a1d 2016-03-28T21:43:28.200Z {"type":"dialogcancel","target_tagname":"dialog","target_id":"TorProgress"}
INST 21359a9577fa5a1d 2016-03-28T21:43:28.200Z {"type":"command","target_tagname":"dialog","target_id":"TorProgress"}
INST 21359a9577fa5a1d 2016-03-28T21:43:28.200Z {"type":"command","target_tagname":"wizard","target_id":"TorNetworkSettings"}
INST 21359a9577fa5a1d 2016-03-28T21:43:29.600Z {"type":"click","target_tagname":"wizard","target_id":"TorNetworkSettings","detail":1}
INST 21359a9577fa5a1d 2016-03-28T21:43:29.600Z {"type":"pagehide","target_tagname":"wizardpage","target_id":"proxy"}
INST 21359a9577fa5a1d 2016-03-28T21:43:29.600Z {"type":"pageadvanced","target_tagname":"wizardpage","target_id":"proxy"}
INST 21359a9577fa5a1d 2016-03-28T21:43:29.600Z {"type":"wizardfinish","target_tagname":"wizard","target_id":"TorNetworkSettings"}
INST 21359a9577fa5a1d 2016-03-28T21:43:29.700Z {"type":"load","target_id":"progress_bar"}
INST 21359a9577fa5a1d 2016-03-28T21:43:50.700Z {"type":"click","target_tagname":"dialog","target_id":"TorProgress","detail":1}
INST 21359a9577fa5a1d 2016-03-28T21:43:50.700Z {"type":"dialogcancel","target_tagname":"dialog","target_id":"TorProgress"}
INST 21359a9577fa5a1d 2016-03-28T21:43:50.700Z {"type":"command","target_tagname":"dialog","target_id":"TorProgress"}
INST 21359a9577fa5a1d 2016-03-28T21:43:50.700Z {"type":"command","target_tagname":"wizard","target_id":"TorNetworkSettings"}
INST 21359a9577fa5a1d 2016-03-28T21:43:51.600Z {"type":"click","target_tagname":"wizard","target_id":"TorNetworkSettings","detail":1}
INST 21359a9577fa5a1d 2016-03-28T21:43:51.600Z {"type":"wizardcancel","target_tagname":"wizard","target_id":"TorNetworkSettings"}
INST 21359a9577fa5a1d 2016-03-28T21:43:51.600Z {"type":"command","target_tagname":"wizard","target_id":"TorNetworkSettings"}
INST 21359a9577fa5a1d 2016-03-28T21:43:51.600Z {"type":"unload","target_id":"configuration"}
INST d9e0393afc3aa917 2016-03-28T21:43:55.400Z {"type":"start"}
INST d9e0393afc3aa917 2016-03-28T21:43:56.100Z {"type":"select","target_tagname":"menulist","target_id":"proxyType","value":""}
INST d9e0393afc3aa917 2016-03-28T21:43:56.100Z {"type":"wizardnext","target_tagname":"wizard","target_id":"TorNetworkSettings"}
INST d9e0393afc3aa917 2016-03-28T21:43:56.100Z {"type":"pageshow","target_tagname":"wizardpage","target_id":"first"}
INST d9e0393afc3aa917 2016-03-28T21:43:56.200Z {"type":"load","target_id":"configuration"}
INST d9e0393afc3aa917 2016-03-28T21:43:56.200Z {"type":"select","target_tagname":"menulist","target_id":"defaultBridgeType","value":"obfs3"}
INST d9e0393afc3aa917 2016-03-28T21:44:03.300Z {"type":"click","target_tagname":"button","target_id":"configure_button","detail":1}
INST d9e0393afc3aa917 2016-03-28T21:44:03.300Z {"type":"pagehide","target_tagname":"wizardpage","target_id":"first"}
INST d9e0393afc3aa917 2016-03-28T21:44:03.300Z {"type":"pageadvanced","target_tagname":"wizardpage","target_id":"first"}
INST d9e0393afc3aa917 2016-03-28T21:44:03.300Z {"type":"wizardnext","target_tagname":"wizard","target_id":"TorNetworkSettings"}
INST d9e0393afc3aa917 2016-03-28T21:44:03.300Z {"type":"pageshow","target_tagname":"wizardpage","target_id":"bridges"}
INST d9e0393afc3aa917 2016-03-28T21:44:03.300Z {"type":"command","target_tagname":"button","target_id":"configure_button"}
INST d9e0393afc3aa917 2016-03-28T21:44:09.600Z {"type":"click","target_tagname":"wizard","target_id":"TorNetworkSettings","detail":1}
INST d9e0393afc3aa917 2016-03-28T21:44:09.600Z {"type":"pagehide","target_tagname":"wizardpage","target_id":"bridges"}
INST d9e0393afc3aa917 2016-03-28T21:44:09.600Z {"type":"pageadvanced","target_tagname":"wizardpage","target_id":"bridges"}
INST d9e0393afc3aa917 2016-03-28T21:44:09.600Z {"type":"wizardnext","target_tagname":"wizard","target_id":"TorNetworkSettings"}
INST d9e0393afc3aa917 2016-03-28T21:44:09.600Z {"type":"pageshow","target_tagname":"wizardpage","target_id":"bridgeSettings"}
INST d9e0393afc3aa917 2016-03-28T21:44:09.600Z {"type":"command","target_tagname":"wizard","target_id":"TorNetworkSettings"}
INST d9e0393afc3aa917 2016-03-28T21:44:13.300Z {"type":"click","target_tagname":"radio","target_id":"bridgeRadioCustom","detail":1}
INST d9e0393afc3aa917 2016-03-28T21:44:13.300Z {"type":"command","target_tagname":"radio","target_id":"bridgeRadioCustom"}
INST d9e0393afc3aa917 2016-03-28T21:44:13.600Z {"type":"click","target_tagname":"menulist","target_id":"defaultBridgeType","value":"obfs3","detail":1}
INST d9e0393afc3aa917 2016-03-28T21:44:14.800Z {"type":"click","target_tagname":"radio","target_id":"bridgeRadioDefault","detail":1}
INST d9e0393afc3aa917 2016-03-28T21:44:14.800Z {"type":"command","target_tagname":"radio","target_id":"bridgeRadioDefault"}
INST d9e0393afc3aa917 2016-03-28T21:44:15.400Z {"type":"popupshown","target_tagname":"menupopup","target_id":"defaultBridgeType_menuPopup"}
INST d9e0393afc3aa917 2016-03-28T21:44:15.400Z {"type":"click","target_tagname":"menulist","target_id":"defaultBridgeType","value":"obfs3","detail":1}
INST d9e0393afc3aa917 2016-03-28T21:44:18.800Z {"type":"popuphidden","target_tagname":"menupopup","target_id":"defaultBridgeType_menuPopup"}
INST d9e0393afc3aa917 2016-03-28T21:44:20.300Z {"type":"click","target_tagname":"wizard","target_id":"TorNetworkSettings","detail":1}
INST d9e0393afc3aa917 2016-03-28T21:44:20.300Z {"type":"pagehide","target_tagname":"wizardpage","target_id":"bridgeSettings"}
INST d9e0393afc3aa917 2016-03-28T21:44:20.300Z {"type":"pageadvanced","target_tagname":"wizardpage","target_id":"bridgeSettings"}
INST d9e0393afc3aa917 2016-03-28T21:44:20.300Z {"type":"wizardnext","target_tagname":"wizard","target_id":"TorNetworkSettings"}
INST d9e0393afc3aa917 2016-03-28T21:44:20.300Z {"type":"pageshow","target_tagname":"wizardpage","target_id":"proxy"}
INST d9e0393afc3aa917 2016-03-28T21:44:20.300Z {"type":"command","target_tagname":"wizard","target_id":"TorNetworkSettings"}
INST d9e0393afc3aa917 2016-03-28T21:44:22.700Z {"type":"click","target_tagname":"wizard","target_id":"TorNetworkSettings","detail":1}
INST d9e0393afc3aa917 2016-03-28T21:44:22.700Z {"type":"pagehide","target_tagname":"wizardpage","target_id":"proxy"}
INST d9e0393afc3aa917 2016-03-28T21:44:22.700Z {"type":"pageadvanced","target_tagname":"wizardpage","target_id":"proxy"}
INST d9e0393afc3aa917 2016-03-28T21:44:22.700Z {"type":"wizardfinish","target_tagname":"wizard","target_id":"TorNetworkSettings"}
INST d9e0393afc3aa917 2016-03-28T21:44:22.800Z {"type":"load","target_id":"progress_bar"}
INST d9e0393afc3aa917 2016-03-28T21:44:29.000Z {"type":"progresschanged","target_tagname":"progressmeter","target_id":"progressMeter","value":"5"}
INST d9e0393afc3aa917 2016-03-28T21:44:29.000Z {"type":"progresschanged","target_tagname":"progressmeter","target_id":"progressMeter","value":"10"}
INST d9e0393afc3aa917 2016-03-28T21:47:05.200Z {"type":"click","target_tagname":"vbox","target_id":"","detail":1}
INST d9e0393afc3aa917 2016-03-28T21:47:47.300Z {"type":"click","target_tagname":"dialog","target_id":"TorProgress","detail":1}
INST d9e0393afc3aa917 2016-03-28T21:47:47.300Z {"type":"dialogcancel","target_tagname":"dialog","target_id":"TorProgress"}
INST d9e0393afc3aa917 2016-03-28T21:47:47.300Z {"type":"command","target_tagname":"dialog","target_id":"TorProgress"}
INST d9e0393afc3aa917 2016-03-28T21:47:47.300Z {"type":"command","target_tagname":"wizard","target_id":"TorNetworkSettings"}
INST d9e0393afc3aa917 2016-03-28T21:47:48.200Z {"type":"click","target_tagname":"wizard","target_id":"TorNetworkSettings","detail":1}
INST d9e0393afc3aa917 2016-03-28T21:47:48.200Z {"type":"pagehide","target_tagname":"wizardpage","target_id":"proxy"}
INST d9e0393afc3aa917 2016-03-28T21:47:48.200Z {"type":"pagerewound","target_tagname":"wizardpage","target_id":"proxy"}
INST d9e0393afc3aa917 2016-03-28T21:47:48.200Z {"type":"wizardback","target_tagname":"wizard","target_id":"TorNetworkSettings"}
INST d9e0393afc3aa917 2016-03-28T21:47:48.300Z {"type":"pageshow","target_tagname":"wizardpage","target_id":"bridgeSettings"}
INST d9e0393afc3aa917 2016-03-28T21:47:48.300Z {"type":"command","target_tagname":"wizard","target_id":"TorNetworkSettings"}
INST d9e0393afc3aa917 2016-03-28T21:47:48.400Z {"type":"click","target_tagname":"wizard","target_id":"TorNetworkSettings","detail":2}
INST d9e0393afc3aa917 2016-03-28T21:47:48.400Z {"type":"pagehide","target_tagname":"wizardpage","target_id":"bridgeSettings"}
INST d9e0393afc3aa917 2016-03-28T21:47:48.400Z {"type":"pagerewound","target_tagname":"wizardpage","target_id":"bridgeSettings"}
INST d9e0393afc3aa917 2016-03-28T21:47:48.400Z {"type":"wizardback","target_tagname":"wizard","target_id":"TorNetworkSettings"}
INST d9e0393afc3aa917 2016-03-28T21:47:48.400Z {"type":"pageshow","target_tagname":"wizardpage","target_id":"bridges"}
INST d9e0393afc3aa917 2016-03-28T21:47:48.400Z {"type":"command","target_tagname":"wizard","target_id":"TorNetworkSettings"}
INST d9e0393afc3aa917 2016-03-28T21:47:49.300Z {"type":"click","target_tagname":"wizard","target_id":"TorNetworkSettings","detail":1}
INST d9e0393afc3aa917 2016-03-28T21:47:49.300Z {"type":"pagehide","target_tagname":"wizardpage","target_id":"bridges"}
INST d9e0393afc3aa917 2016-03-28T21:47:49.300Z {"type":"pageadvanced","target_tagname":"wizardpage","target_id":"bridges"}
INST d9e0393afc3aa917 2016-03-28T21:47:49.300Z {"type":"wizardnext","target_tagname":"wizard","target_id":"TorNetworkSettings"}
INST d9e0393afc3aa917 2016-03-28T21:47:49.300Z {"type":"pageshow","target_tagname":"wizardpage","target_id":"bridgeSettings"}
INST d9e0393afc3aa917 2016-03-28T21:47:49.300Z {"type":"command","target_tagname":"wizard","target_id":"TorNetworkSettings"}
INST d9e0393afc3aa917 2016-03-28T21:47:50.100Z {"type":"click","target_tagname":"wizard","target_id":"TorNetworkSettings","detail":1}
INST d9e0393afc3aa917 2016-03-28T21:47:50.100Z {"type":"pagehide","target_tagname":"wizardpage","target_id":"bridgeSettings"}
INST d9e0393afc3aa917 2016-03-28T21:47:50.100Z {"type":"pageadvanced","target_tagname":"wizardpage","target_id":"bridgeSettings"}
INST d9e0393afc3aa917 2016-03-28T21:47:50.100Z {"type":"wizardnext","target_tagname":"wizard","target_id":"TorNetworkSettings"}
INST d9e0393afc3aa917 2016-03-28T21:47:50.100Z {"type":"pageshow","target_tagname":"wizardpage","target_id":"proxy"}
INST d9e0393afc3aa917 2016-03-28T21:47:50.100Z {"type":"command","target_tagname":"wizard","target_id":"TorNetworkSettings"}
INST d9e0393afc3aa917 2016-03-28T21:47:50.800Z {"type":"click","target_tagname":"radio","target_id":"proxyRadioYes","detail":1}
INST d9e0393afc3aa917 2016-03-28T21:47:50.800Z {"type":"command","target_tagname":"radio","target_id":"proxyRadioYes"}
INST d9e0393afc3aa917 2016-03-28T21:47:51.600Z {"type":"click","target_tagname":"wizard","target_id":"TorNetworkSettings","detail":1}
INST d9e0393afc3aa917 2016-03-28T21:47:51.600Z {"type":"pagehide","target_tagname":"wizardpage","target_id":"proxy"}
INST d9e0393afc3aa917 2016-03-28T21:47:51.600Z {"type":"pageadvanced","target_tagname":"wizardpage","target_id":"proxy"}
INST d9e0393afc3aa917 2016-03-28T21:47:51.600Z {"type":"wizardnext","target_tagname":"wizard","target_id":"TorNetworkSettings"}
INST d9e0393afc3aa917 2016-03-28T21:47:51.600Z {"type":"pageshow","target_tagname":"wizardpage","target_id":"proxyYES"}
INST d9e0393afc3aa917 2016-03-28T21:47:51.600Z {"type":"command","target_tagname":"wizard","target_id":"TorNetworkSettings"}
INST d9e0393afc3aa917 2016-03-28T21:47:52.900Z {"type":"popupshown","target_tagname":"menupopup","target_id":"proxyType_menuPopup"}
INST d9e0393afc3aa917 2016-03-28T21:47:53.000Z {"type":"click","target_tagname":"menulist","target_id":"proxyType","value":"","detail":1}
INST d9e0393afc3aa917 2016-03-28T21:47:57.300Z {"type":"mouseover","target_tagname":"menuitem","target_id":"","value":""}
INST d9e0393afc3aa917 2016-03-28T21:47:57.400Z {"type":"mouseout","target_tagname":"menuitem","target_id":"","value":""}
INST d9e0393afc3aa917 2016-03-28T21:47:57.400Z {"type":"mouseover","target_tagname":"menuitem","target_id":"","value":"SOCKS4"}
INST d9e0393afc3aa917 2016-03-28T21:47:57.400Z {"type":"mouseout","target_tagname":"menuitem","target_id":"","value":"SOCKS4"}
INST d9e0393afc3aa917 2016-03-28T21:47:57.400Z {"type":"mouseover","target_tagname":"menuitem","target_id":"","value":"SOCKS5"}
INST d9e0393afc3aa917 2016-03-28T21:47:57.800Z {"type":"mouseout","target_tagname":"menuitem","target_id":"","value":"SOCKS5"}
INST d9e0393afc3aa917 2016-03-28T21:47:57.800Z {"type":"mouseover","target_tagname":"menuitem","target_id":"","value":"HTTP"}
INST d9e0393afc3aa917 2016-03-28T21:47:58.300Z {"type":"click","target_tagname":"menuitem","target_id":"","value":"HTTP","detail":1}
INST d9e0393afc3aa917 2016-03-28T21:47:58.300Z {"type":"select","target_tagname":"menulist","target_id":"proxyType","value":"HTTP"}
INST d9e0393afc3aa917 2016-03-28T21:47:58.300Z {"type":"command","target_tagname":"menuitem","target_id":"","value":"HTTP"}
INST d9e0393afc3aa917 2016-03-28T21:47:58.300Z {"type":"popuphidden","target_tagname":"menupopup","target_id":"proxyType_menuPopup"}
INST d9e0393afc3aa917 2016-03-28T21:47:58.300Z {"type":"mouseout","target_tagname":"menuitem","target_id":"","value":"HTTP"}
INST d9e0393afc3aa917 2016-03-28T21:47:59.600Z {"type":"popupshown","target_tagname":"menupopup","target_id":"proxyType_menuPopup"}
INST d9e0393afc3aa917 2016-03-28T21:47:59.700Z {"type":"click","target_tagname":"menulist","target_id":"proxyType","value":"HTTP","detail":1}
INST d9e0393afc3aa917 2016-03-28T21:48:00.100Z {"type":"mouseover","target_tagname":"menuitem","target_id":"","value":""}
INST d9e0393afc3aa917 2016-03-28T21:48:00.400Z {"type":"click","target_tagname":"menuitem","target_id":"","value":"","detail":1}
INST d9e0393afc3aa917 2016-03-28T21:48:00.400Z {"type":"select","target_tagname":"menulist","target_id":"proxyType","value":""}
INST d9e0393afc3aa917 2016-03-28T21:48:00.400Z {"type":"command","target_tagname":"menuitem","target_id":"","value":""}
INST d9e0393afc3aa917 2016-03-28T21:48:00.400Z {"type":"popuphidden","target_tagname":"menupopup","target_id":"proxyType_menuPopup"}
INST d9e0393afc3aa917 2016-03-28T21:48:00.500Z {"type":"mouseout","target_tagname":"menuitem","target_id":"","value":""}
INST d9e0393afc3aa917 2016-03-28T21:48:01.300Z {"type":"popupshown","target_tagname":"menupopup","target_id":"proxyType_menuPopup"}
INST d9e0393afc3aa917 2016-03-28T21:48:01.300Z {"type":"click","target_tagname":"menulist","target_id":"proxyType","value":"","detail":1}
INST d9e0393afc3aa917 2016-03-28T21:48:02.500Z {"type":"mouseover","target_tagname":"menuitem","target_id":"","value":""}
INST d9e0393afc3aa917 2016-03-28T21:48:02.600Z {"type":"mouseout","target_tagname":"menuitem","target_id":"","value":""}
INST d9e0393afc3aa917 2016-03-28T21:48:02.600Z {"type":"mouseover","target_tagname":"menuitem","target_id":"","value":"SOCKS4"}
INST d9e0393afc3aa917 2016-03-28T21:48:02.700Z {"type":"mouseout","target_tagname":"menuitem","target_id":"","value":"SOCKS4"}
INST d9e0393afc3aa917 2016-03-28T21:48:02.700Z {"type":"mouseover","target_tagname":"menuitem","target_id":"","value":"SOCKS5"}
INST d9e0393afc3aa917 2016-03-28T21:48:02.900Z {"type":"mouseout","target_tagname":"menuitem","target_id":"","value":"SOCKS5"}
INST d9e0393afc3aa917 2016-03-28T21:48:02.900Z {"type":"mouseover","target_tagname":"menuitem","target_id":"","value":"HTTP"}
INST d9e0393afc3aa917 2016-03-28T21:48:03.300Z {"type":"click","target_tagname":"menuitem","target_id":"","value":"HTTP","detail":1}
INST d9e0393afc3aa917 2016-03-28T21:48:03.300Z {"type":"select","target_tagname":"menulist","target_id":"proxyType","value":"HTTP"}
INST d9e0393afc3aa917 2016-03-28T21:48:03.300Z {"type":"command","target_tagname":"menuitem","target_id":"","value":"HTTP"}
INST d9e0393afc3aa917 2016-03-28T21:48:03.300Z {"type":"popuphidden","target_tagname":"menupopup","target_id":"proxyType_menuPopup"}
INST d9e0393afc3aa917 2016-03-28T21:48:03.400Z {"type":"mouseout","target_tagname":"menuitem","target_id":"","value":"HTTP"}
INST d9e0393afc3aa917 2016-03-28T21:48:03.900Z {"type":"select","target_tagname":"textbox","target_id":"proxyAddr"}
INST d9e0393afc3aa917 2016-03-28T21:48:04.000Z {"type":"click","target_tagname":"textbox","target_id":"proxyAddr","detail":1}
INST d9e0393afc3aa917 2016-03-28T21:48:05.300Z {"type":"click","target_tagname":"textbox","target_id":"proxyAddr","detail":1}
INST d9e0393afc3aa917 2016-03-28T21:48:05.300Z {"type":"popupshown","target_tagname":"textbox","target_id":"proxyAddr"}
INST d9e0393afc3aa917 2016-03-28T21:48:06.200Z {"type":"click","target_tagname":"textbox","target_id":"proxyAddr","detail":1}
INST d9e0393afc3aa917 2016-03-28T21:48:06.300Z {"type":"popuphidden","target_tagname":"textbox","target_id":"proxyAddr"}
INST d9e0393afc3aa917 2016-03-28T21:48:11.800Z {"type":"change","target_tagname":"textbox","target_id":"proxyAddr","value":"128.32.229.78"}
INST d9e0393afc3aa917 2016-03-28T21:48:11.900Z {"type":"click","target_tagname":"wizard","target_id":"TorNetworkSettings","detail":1}
INST d9e0393afc3aa917 2016-03-28T21:48:11.900Z {"type":"pagehide","target_tagname":"wizardpage","target_id":"proxyYES"}
INST d9e0393afc3aa917 2016-03-28T21:48:11.900Z {"type":"pageadvanced","target_tagname":"wizardpage","target_id":"proxyYES"}
INST d9e0393afc3aa917 2016-03-28T21:48:11.900Z {"type":"wizardfinish","target_tagname":"wizard","target_id":"TorNetworkSettings"}
INST d9e0393afc3aa917 2016-03-28T21:48:12.000Z {"type":"load","target_id":"progress_bar"}
INST d9e0393afc3aa917 2016-03-28T21:49:14.100Z {"type":"click","target_tagname":"dialog","target_id":"TorProgress","detail":1}
INST d9e0393afc3aa917 2016-03-28T21:49:14.400Z {"type":"click","target_tagname":"dialog","target_id":"TorProgress","detail":1}
INST d9e0393afc3aa917 2016-03-28T21:49:14.400Z {"type":"dialogcancel","target_tagname":"dialog","target_id":"TorProgress"}
INST d9e0393afc3aa917 2016-03-28T21:49:14.400Z {"type":"command","target_tagname":"dialog","target_id":"TorProgress"}
INST d9e0393afc3aa917 2016-03-28T21:49:14.400Z {"type":"command","target_tagname":"wizard","target_id":"TorNetworkSettings"}
INST d9e0393afc3aa917 2016-03-28T21:49:15.000Z {"type":"popupshown","target_tagname":"menupopup","target_id":"proxyType_menuPopup"}
INST d9e0393afc3aa917 2016-03-28T21:49:15.000Z {"type":"click","target_tagname":"menulist","target_id":"proxyType","value":"HTTP","detail":1}
INST d9e0393afc3aa917 2016-03-28T21:49:15.300Z {"type":"mouseover","target_tagname":"menuitem","target_id":"","value":""}
INST d9e0393afc3aa917 2016-03-28T21:49:15.600Z {"type":"mouseout","target_tagname":"menuitem","target_id":"","value":""}
INST d9e0393afc3aa917 2016-03-28T21:49:15.600Z {"type":"mouseover","target_tagname":"menuitem","target_id":"","value":"SOCKS4"}
INST d9e0393afc3aa917 2016-03-28T21:49:15.900Z {"type":"click","target_tagname":"menuitem","target_id":"","value":"SOCKS4","detail":1}
INST d9e0393afc3aa917 2016-03-28T21:49:15.900Z {"type":"select","target_tagname":"menulist","target_id":"proxyType","value":"SOCKS4"}
INST d9e0393afc3aa917 2016-03-28T21:49:15.900Z {"type":"command","target_tagname":"menuitem","target_id":"","value":"SOCKS4"}
INST d9e0393afc3aa917 2016-03-28T21:49:15.900Z {"type":"popuphidden","target_tagname":"menupopup","target_id":"proxyType_menuPopup"}
INST d9e0393afc3aa917 2016-03-28T21:49:15.900Z {"type":"mouseout","target_tagname":"menuitem","target_id":"","value":"SOCKS4"}
INST d9e0393afc3aa917 2016-03-28T21:49:16.900Z {"type":"click","target_tagname":"wizard","target_id":"TorNetworkSettings","detail":1}
INST d9e0393afc3aa917 2016-03-28T21:49:16.900Z {"type":"pagehide","target_tagname":"wizardpage","target_id":"proxyYES"}
INST d9e0393afc3aa917 2016-03-28T21:49:16.900Z {"type":"pageadvanced","target_tagname":"wizardpage","target_id":"proxyYES"}
INST d9e0393afc3aa917 2016-03-28T21:49:16.900Z {"type":"wizardfinish","target_tagname":"wizard","target_id":"TorNetworkSettings"}
INST d9e0393afc3aa917 2016-03-28T21:49:17.000Z {"type":"load","target_id":"progress_bar"}
INST d9e0393afc3aa917 2016-03-28T21:50:08.400Z {"type":"click","target_tagname":"dialog","target_id":"TorProgress","detail":1}
INST d9e0393afc3aa917 2016-03-28T21:50:08.400Z {"type":"dialogcancel","target_tagname":"dialog","target_id":"TorProgress"}
INST d9e0393afc3aa917 2016-03-28T21:50:08.500Z {"type":"command","target_tagname":"dialog","target_id":"TorProgress"}
INST d9e0393afc3aa917 2016-03-28T21:50:08.500Z {"type":"command","target_tagname":"wizard","target_id":"TorNetworkSettings"}
INST d9e0393afc3aa917 2016-03-28T21:50:09.100Z {"type":"popupshown","target_tagname":"menupopup","target_id":"proxyType_menuPopup"}
INST d9e0393afc3aa917 2016-03-28T21:50:09.200Z {"type":"click","target_tagname":"menulist","target_id":"proxyType","value":"SOCKS4","detail":1}
INST d9e0393afc3aa917 2016-03-28T21:50:09.300Z {"type":"mouseover","target_tagname":"menuitem","target_id":"","value":""}
INST d9e0393afc3aa917 2016-03-28T21:50:09.400Z {"type":"mouseout","target_tagname":"menuitem","target_id":"","value":""}
INST d9e0393afc3aa917 2016-03-28T21:50:09.400Z {"type":"mouseover","target_tagname":"menuitem","target_id":"","value":"SOCKS4"}
INST d9e0393afc3aa917 2016-03-28T21:50:09.500Z {"type":"mouseout","target_tagname":"menuitem","target_id":"","value":"SOCKS4"}
INST d9e0393afc3aa917 2016-03-28T21:50:09.500Z {"type":"mouseover","target_tagname":"menuitem","target_id":"","value":"SOCKS5"}
INST d9e0393afc3aa917 2016-03-28T21:50:09.800Z {"type":"click","target_tagname":"menuitem","target_id":"","value":"SOCKS5","detail":1}
INST d9e0393afc3aa917 2016-03-28T21:50:09.800Z {"type":"select","target_tagname":"menulist","target_id":"proxyType","value":"SOCKS5"}
INST d9e0393afc3aa917 2016-03-28T21:50:09.800Z {"type":"command","target_tagname":"menuitem","target_id":"","value":"SOCKS5"}
INST d9e0393afc3aa917 2016-03-28T21:50:09.900Z {"type":"popuphidden","target_tagname":"menupopup","target_id":"proxyType_menuPopup"}
INST d9e0393afc3aa917 2016-03-28T21:50:09.900Z {"type":"mouseout","target_tagname":"menuitem","target_id":"","value":"SOCKS5"}
INST d9e0393afc3aa917 2016-03-28T21:50:11.400Z {"type":"click","target_tagname":"wizard","target_id":"TorNetworkSettings","detail":1}
INST d9e0393afc3aa917 2016-03-28T21:50:11.400Z {"type":"pagehide","target_tagname":"wizardpage","target_id":"proxyYES"}
INST d9e0393afc3aa917 2016-03-28T21:50:11.400Z {"type":"pageadvanced","target_tagname":"wizardpage","target_id":"proxyYES"}
INST d9e0393afc3aa917 2016-03-28T21:50:11.400Z {"type":"wizardfinish","target_tagname":"wizard","target_id":"TorNetworkSettings"}
INST d9e0393afc3aa917 2016-03-28T21:50:11.500Z {"type":"load","target_id":"progress_bar"}
INST d9e0393afc3aa917 2016-03-28T21:51:07.200Z {"type":"click","target_tagname":"dialog","target_id":"TorProgress","detail":1}
INST d9e0393afc3aa917 2016-03-28T21:51:07.200Z {"type":"dialogcancel","target_tagname":"dialog","target_id":"TorProgress"}
INST d9e0393afc3aa917 2016-03-28T21:51:07.200Z {"type":"command","target_tagname":"dialog","target_id":"TorProgress"}
INST d9e0393afc3aa917 2016-03-28T21:51:07.200Z {"type":"command","target_tagname":"wizard","target_id":"TorNetworkSettings"}
INST d9e0393afc3aa917 2016-03-28T21:51:08.000Z {"type":"click","target_tagname":"wizard","target_id":"TorNetworkSettings","detail":1}
INST d9e0393afc3aa917 2016-03-28T21:51:08.000Z {"type":"pagehide","target_tagname":"wizardpage","target_id":"proxyYES"}
INST d9e0393afc3aa917 2016-03-28T21:51:08.000Z {"type":"pagerewound","target_tagname":"wizardpage","target_id":"proxyYES"}
INST d9e0393afc3aa917 2016-03-28T21:51:08.000Z {"type":"wizardback","target_tagname":"wizard","target_id":"TorNetworkSettings"}
INST d9e0393afc3aa917 2016-03-28T21:51:08.000Z {"type":"pageshow","target_tagname":"wizardpage","target_id":"proxy"}
INST d9e0393afc3aa917 2016-03-28T21:51:08.000Z {"type":"command","target_tagname":"wizard","target_id":"TorNetworkSettings"}
INST d9e0393afc3aa917 2016-03-28T21:51:10.200Z {"type":"click","target_tagname":"radio","target_id":"proxyRadioNo","detail":1}
INST d9e0393afc3aa917 2016-03-28T21:51:10.200Z {"type":"command","target_tagname":"radio","target_id":"proxyRadioNo"}
INST d9e0393afc3aa917 2016-03-28T21:51:11.300Z {"type":"click","target_tagname":"wizard","target_id":"TorNetworkSettings","detail":1}
INST d9e0393afc3aa917 2016-03-28T21:51:11.300Z {"type":"pagehide","target_tagname":"wizardpage","target_id":"proxy"}
INST d9e0393afc3aa917 2016-03-28T21:51:11.300Z {"type":"pageadvanced","target_tagname":"wizardpage","target_id":"proxy"}
INST d9e0393afc3aa917 2016-03-28T21:51:11.300Z {"type":"wizardfinish","target_tagname":"wizard","target_id":"TorNetworkSettings"}
INST d9e0393afc3aa917 2016-03-28T21:51:11.400Z {"type":"load","target_id":"progress_bar"}
INST d9e0393afc3aa917 2016-03-28T21:52:12.700Z {"type":"click","target_tagname":"description","target_id":"progressDesc","detail":1}
INST d9e0393afc3aa917 2016-03-28T21:52:13.200Z {"type":"click","target_tagname":"dialog","target_id":"TorProgress","detail":1}
INST d9e0393afc3aa917 2016-03-28T21:52:13.200Z {"type":"dialogcancel","target_tagname":"dialog","target_id":"TorProgress"}
INST d9e0393afc3aa917 2016-03-28T21:52:13.200Z {"type":"command","target_tagname":"dialog","target_id":"TorProgress"}
INST d9e0393afc3aa917 2016-03-28T21:52:13.200Z {"type":"command","target_tagname":"wizard","target_id":"TorNetworkSettings"}
INST d9e0393afc3aa917 2016-03-28T21:52:14.000Z {"type":"click","target_tagname":"wizard","target_id":"TorNetworkSettings","detail":1}
INST d9e0393afc3aa917 2016-03-28T21:52:14.000Z {"type":"pagehide","target_tagname":"wizardpage","target_id":"proxy"}
INST d9e0393afc3aa917 2016-03-28T21:52:14.000Z {"type":"pageadvanced","target_tagname":"wizardpage","target_id":"proxy"}
INST d9e0393afc3aa917 2016-03-28T21:52:14.000Z {"type":"wizardfinish","target_tagname":"wizard","target_id":"TorNetworkSettings"}
INST d9e0393afc3aa917 2016-03-28T21:52:14.000Z {"type":"load","target_id":"progress_bar"}
INST d9e0393afc3aa917 2016-03-28T21:52:32.000Z {"type":"click","detail":1}
INST d9e0393afc3aa917 2016-03-28T21:53:05.600Z {"type":"click","target_tagname":"dialog","target_id":"TorProgress","detail":1}
INST d9e0393afc3aa917 2016-03-28T21:53:05.600Z {"type":"dialogcancel","target_tagname":"dialog","target_id":"TorProgress"}
INST d9e0393afc3aa917 2016-03-28T21:53:05.600Z {"type":"command","target_tagname":"dialog","target_id":"TorProgress"}
INST d9e0393afc3aa917 2016-03-28T21:53:05.600Z {"type":"command","target_tagname":"wizard","target_id":"TorNetworkSettings"}
INST d9e0393afc3aa917 2016-03-28T21:53:06.400Z {"type":"click","target_tagname":"radio","target_id":"proxyRadioYes","detail":1}
INST d9e0393afc3aa917 2016-03-28T21:53:06.400Z {"type":"command","target_tagname":"radio","target_id":"proxyRadioYes"}
INST d9e0393afc3aa917 2016-03-28T21:53:07.300Z {"type":"click","target_tagname":"wizard","target_id":"TorNetworkSettings","detail":1}
INST d9e0393afc3aa917 2016-03-28T21:53:07.300Z {"type":"pagehide","target_tagname":"wizardpage","target_id":"proxy"}
INST d9e0393afc3aa917 2016-03-28T21:53:07.300Z {"type":"pageadvanced","target_tagname":"wizardpage","target_id":"proxy"}
INST d9e0393afc3aa917 2016-03-28T21:53:07.300Z {"type":"wizardnext","target_tagname":"wizard","target_id":"TorNetworkSettings"}
INST d9e0393afc3aa917 2016-03-28T21:53:07.300Z {"type":"pageshow","target_tagname":"wizardpage","target_id":"proxyYES"}
INST d9e0393afc3aa917 2016-03-28T21:53:07.300Z {"type":"command","target_tagname":"wizard","target_id":"TorNetworkSettings"}
INST d9e0393afc3aa917 2016-03-28T21:53:08.200Z {"type":"select","target_tagname":"textbox","target_id":"proxyPort"}
INST d9e0393afc3aa917 2016-03-28T21:53:08.300Z {"type":"click","target_tagname":"textbox","target_id":"proxyPort","detail":1}
INST d9e0393afc3aa917 2016-03-28T21:53:10.800Z {"type":"change","target_tagname":"textbox","target_id":"proxyPort","value":"0"}
INST d9e0393afc3aa917 2016-03-28T21:53:10.900Z {"type":"click","target_tagname":"wizard","target_id":"TorNetworkSettings","detail":1}
INST d9e0393afc3aa917 2016-03-28T21:53:10.900Z {"type":"pagehide","target_tagname":"wizardpage","target_id":"proxyYES"}
INST d9e0393afc3aa917 2016-03-28T21:53:10.900Z {"type":"pageadvanced","target_tagname":"wizardpage","target_id":"proxyYES"}
INST d9e0393afc3aa917 2016-03-28T21:53:10.900Z {"type":"wizardfinish","target_tagname":"wizard","target_id":"TorNetworkSettings"}
INST d9e0393afc3aa917 2016-03-28T21:53:10.900Z {"type":"alert_show","target_id":"failed_to_save_settings","value":"Unable to save Tor settings.\n\nUnacceptable option value: Socks5Proxy failed to parse or resolve. Please fix."}
INST d9e0393afc3aa917 2016-03-28T21:53:14.900Z {"type":"alert_exit","target_id":"failed_to_save_settings","value":"Unable to save Tor settings.\n\nUnacceptable option value: Socks5Proxy failed to parse or resolve. Please fix."}
INST d9e0393afc3aa917 2016-03-28T21:53:14.900Z {"type":"command","target_tagname":"wizard","target_id":"TorNetworkSettings"}
INST d9e0393afc3aa917 2016-03-28T21:53:15.300Z {"type":"popupshown","target_tagname":"menupopup","target_id":"proxyType_menuPopup"}
INST d9e0393afc3aa917 2016-03-28T21:53:15.400Z {"type":"click","target_tagname":"menulist","target_id":"proxyType","value":"SOCKS5","detail":1}
INST d9e0393afc3aa917 2016-03-28T21:53:15.500Z {"type":"mouseover","target_tagname":"menuitem","target_id":"","value":""}
INST d9e0393afc3aa917 2016-03-28T21:53:15.500Z {"type":"mouseout","target_tagname":"menuitem","target_id":"","value":""}
INST d9e0393afc3aa917 2016-03-28T21:53:15.500Z {"type":"mouseover","target_tagname":"menuitem","target_id":"","value":"SOCKS4"}
INST d9e0393afc3aa917 2016-03-28T21:53:15.600Z {"type":"mouseout","target_tagname":"menuitem","target_id":"","value":"SOCKS4"}
INST d9e0393afc3aa917 2016-03-28T21:53:15.600Z {"type":"mouseover","target_tagname":"menuitem","target_id":"","value":"SOCKS5"}
INST d9e0393afc3aa917 2016-03-28T21:53:15.600Z {"type":"mouseout","target_tagname":"menuitem","target_id":"","value":"SOCKS5"}
INST d9e0393afc3aa917 2016-03-28T21:53:15.600Z {"type":"mouseover","target_tagname":"menuitem","target_id":"","value":"HTTP"}
INST d9e0393afc3aa917 2016-03-28T21:53:15.800Z {"type":"mouseout","target_tagname":"menuitem","target_id":"","value":"HTTP"}
INST d9e0393afc3aa917 2016-03-28T21:53:15.800Z {"type":"mouseover","target_tagname":"menuitem","target_id":"","value":"HTTP"}
INST d9e0393afc3aa917 2016-03-28T21:53:16.100Z {"type":"click","target_tagname":"menuitem","target_id":"","value":"HTTP","detail":1}
INST d9e0393afc3aa917 2016-03-28T21:53:16.100Z {"type":"select","target_tagname":"menulist","target_id":"proxyType","value":"HTTP"}
INST d9e0393afc3aa917 2016-03-28T21:53:16.100Z {"type":"command","target_tagname":"menuitem","target_id":"","value":"HTTP"}
INST d9e0393afc3aa917 2016-03-28T21:53:16.100Z {"type":"popuphidden","target_tagname":"menupopup","target_id":"proxyType_menuPopup"}
INST d9e0393afc3aa917 2016-03-28T21:53:16.100Z {"type":"mouseout","target_tagname":"menuitem","target_id":"","value":"HTTP"}
INST d9e0393afc3aa917 2016-03-28T21:53:17.000Z {"type":"click","target_tagname":"wizard","target_id":"TorNetworkSettings","detail":1}
INST d9e0393afc3aa917 2016-03-28T21:53:17.000Z {"type":"pagehide","target_tagname":"wizardpage","target_id":"proxyYES"}
INST d9e0393afc3aa917 2016-03-28T21:53:17.000Z {"type":"pageadvanced","target_tagname":"wizardpage","target_id":"proxyYES"}
INST d9e0393afc3aa917 2016-03-28T21:53:17.000Z {"type":"wizardfinish","target_tagname":"wizard","target_id":"TorNetworkSettings"}
INST d9e0393afc3aa917 2016-03-28T21:53:17.000Z {"type":"alert_show","target_id":"failed_to_save_settings","value":"Unable to save Tor settings.\n\nUnacceptable option value: HTTPSProxy failed to parse or resolve. Please fix."}
INST d9e0393afc3aa917 2016-03-28T21:53:23.600Z {"type":"alert_exit","target_id":"failed_to_save_settings","value":"Unable to save Tor settings.\n\nUnacceptable option value: HTTPSProxy failed to parse or resolve. Please fix."}
INST d9e0393afc3aa917 2016-03-28T21:53:23.600Z {"type":"command","target_tagname":"wizard","target_id":"TorNetworkSettings"}
INST d9e0393afc3aa917 2016-03-28T21:53:24.400Z {"type":"click","target_tagname":"hbox","target_id":"","detail":1}
INST d9e0393afc3aa917 2016-03-28T21:53:24.600Z {"type":"select","target_tagname":"textbox","target_id":"proxyPort"}
INST d9e0393afc3aa917 2016-03-28T21:53:24.700Z {"type":"click","target_tagname":"textbox","target_id":"proxyPort","detail":1}
INST d9e0393afc3aa917 2016-03-28T21:53:28.000Z {"type":"click","target_tagname":"wizardpage","target_id":"proxyYES","detail":1}
INST d9e0393afc3aa917 2016-03-28T21:53:28.500Z {"type":"change","target_tagname":"textbox","target_id":"proxyPort","value":""}
INST d9e0393afc3aa917 2016-03-28T21:53:28.600Z {"type":"click","target_tagname":"wizard","target_id":"TorNetworkSettings","detail":1}
INST d9e0393afc3aa917 2016-03-28T21:53:28.600Z {"type":"pagehide","target_tagname":"wizardpage","target_id":"proxyYES"}
INST d9e0393afc3aa917 2016-03-28T21:53:28.600Z {"type":"pageadvanced","target_tagname":"wizardpage","target_id":"proxyYES"}
INST d9e0393afc3aa917 2016-03-28T21:53:28.600Z {"type":"wizardfinish","target_tagname":"wizard","target_id":"TorNetworkSettings"}
INST d9e0393afc3aa917 2016-03-28T21:53:28.700Z {"type":"load","target_id":"progress_bar"}
INST d9e0393afc3aa917 2016-03-28T21:54:17.400Z {"type":"click","target_tagname":"dialog","target_id":"TorProgress","detail":1}
INST d9e0393afc3aa917 2016-03-28T21:55:02.700Z {"type":"click","target_tagname":"dialog","target_id":"TorProgress","detail":1}
INST d9e0393afc3aa917 2016-03-28T21:55:02.700Z {"type":"dialogcancel","target_tagname":"dialog","target_id":"TorProgress"}
INST d9e0393afc3aa917 2016-03-28T21:55:02.700Z {"type":"command","target_tagname":"dialog","target_id":"TorProgress"}
INST d9e0393afc3aa917 2016-03-28T21:55:02.700Z {"type":"command","target_tagname":"wizard","target_id":"TorNetworkSettings"}
INST d9e0393afc3aa917 2016-03-28T21:55:03.700Z {"type":"click","target_tagname":"wizard","target_id":"TorNetworkSettings","detail":1}
INST d9e0393afc3aa917 2016-03-28T21:55:03.700Z {"type":"pagehide","target_tagname":"wizardpage","target_id":"proxyYES"}
INST d9e0393afc3aa917 2016-03-28T21:55:03.700Z {"type":"pagerewound","target_tagname":"wizardpage","target_id":"proxyYES"}
INST d9e0393afc3aa917 2016-03-28T21:55:03.700Z {"type":"wizardback","target_tagname":"wizard","target_id":"TorNetworkSettings"}
INST d9e0393afc3aa917 2016-03-28T21:55:03.700Z {"type":"pageshow","target_tagname":"wizardpage","target_id":"proxy"}
INST d9e0393afc3aa917 2016-03-28T21:55:03.700Z {"type":"command","target_tagname":"wizard","target_id":"TorNetworkSettings"}
INST d9e0393afc3aa917 2016-03-28T21:55:03.900Z {"type":"click","target_tagname":"wizard","target_id":"TorNetworkSettings","detail":2}
INST d9e0393afc3aa917 2016-03-28T21:55:03.900Z {"type":"pagehide","target_tagname":"wizardpage","target_id":"proxy"}
INST d9e0393afc3aa917 2016-03-28T21:55:03.900Z {"type":"pagerewound","target_tagname":"wizardpage","target_id":"proxy"}
INST d9e0393afc3aa917 2016-03-28T21:55:03.900Z {"type":"wizardback","target_tagname":"wizard","target_id":"TorNetworkSettings"}
INST d9e0393afc3aa917 2016-03-28T21:55:03.900Z {"type":"pageshow","target_tagname":"wizardpage","target_id":"bridgeSettings"}
INST d9e0393afc3aa917 2016-03-28T21:55:03.900Z {"type":"command","target_tagname":"wizard","target_id":"TorNetworkSettings"}
INST d9e0393afc3aa917 2016-03-28T21:55:04.100Z {"type":"click","target_tagname":"wizard","target_id":"TorNetworkSettings","detail":2}
INST d9e0393afc3aa917 2016-03-28T21:55:04.100Z {"type":"pagehide","target_tagname":"wizardpage","target_id":"bridgeSettings"}
INST d9e0393afc3aa917 2016-03-28T21:55:04.100Z {"type":"pagerewound","target_tagname":"wizardpage","target_id":"bridgeSettings"}
INST d9e0393afc3aa917 2016-03-28T21:55:04.100Z {"type":"wizardback","target_tagname":"wizard","target_id":"TorNetworkSettings"}
INST d9e0393afc3aa917 2016-03-28T21:55:04.100Z {"type":"pageshow","target_tagname":"wizardpage","target_id":"bridges"}
INST d9e0393afc3aa917 2016-03-28T21:55:04.100Z {"type":"command","target_tagname":"wizard","target_id":"TorNetworkSettings"}
INST d9e0393afc3aa917 2016-03-28T21:55:04.300Z {"type":"click","target_tagname":"wizard","target_id":"TorNetworkSettings","detail":3}
INST d9e0393afc3aa917 2016-03-28T21:55:04.300Z {"type":"pagehide","target_tagname":"wizardpage","target_id":"bridges"}
INST d9e0393afc3aa917 2016-03-28T21:55:04.300Z {"type":"pagerewound","target_tagname":"wizardpage","target_id":"bridges"}
INST d9e0393afc3aa917 2016-03-28T21:55:04.300Z {"type":"wizardback","target_tagname":"wizard","target_id":"TorNetworkSettings"}
INST d9e0393afc3aa917 2016-03-28T21:55:04.300Z {"type":"pageshow","target_tagname":"wizardpage","target_id":"first"}
INST d9e0393afc3aa917 2016-03-28T21:55:04.300Z {"type":"command","target_tagname":"wizard","target_id":"TorNetworkSettings"}
INST d9e0393afc3aa917 2016-03-28T21:55:04.400Z {"type":"click","target_tagname":"wizard","target_id":"TorNetworkSettings","detail":2}
INST d9e0393afc3aa917 2016-03-28T21:55:18.600Z {"type":"click","target_tagname":"button","target_id":"connect_button","detail":1}
INST d9e0393afc3aa917 2016-03-28T21:55:18.600Z {"type":"load","target_id":"progress_bar"}
INST d9e0393afc3aa917 2016-03-28T21:56:29.000Z {"type":"click","target_tagname":"dialog","target_id":"TorProgress","detail":1}
INST d9e0393afc3aa917 2016-03-28T21:56:29.000Z {"type":"dialogcancel","target_tagname":"dialog","target_id":"TorProgress"}
INST d9e0393afc3aa917 2016-03-28T21:56:29.100Z {"type":"command","target_tagname":"dialog","target_id":"TorProgress"}
INST d9e0393afc3aa917 2016-03-28T21:56:29.100Z {"type":"command","target_tagname":"button","target_id":"connect_button"}
INST d9e0393afc3aa917 2016-03-28T21:56:31.700Z {"type":"click","target_tagname":"wizard","target_id":"TorNetworkSettings","detail":1}
INST d9e0393afc3aa917 2016-03-28T21:56:31.700Z {"type":"wizardcancel","target_tagname":"wizard","target_id":"TorNetworkSettings"}
INST d9e0393afc3aa917 2016-03-28T21:56:31.700Z {"type":"command","target_tagname":"wizard","target_id":"TorNetworkSettings"}
INST d9e0393afc3aa917 2016-03-28T21:56:31.700Z {"type":"unload","target_id":"configuration"}
INST 7bab538c5bad5996 2016-03-28T21:56:40.600Z {"type":"start"}
INST 7bab538c5bad5996 2016-03-28T21:56:41.200Z {"type":"select","target_tagname":"menulist","target_id":"proxyType","value":""}
INST 7bab538c5bad5996 2016-03-28T21:56:41.200Z {"type":"wizardnext","target_tagname":"wizard","target_id":"TorNetworkSettings"}
INST 7bab538c5bad5996 2016-03-28T21:56:41.200Z {"type":"pageshow","target_tagname":"wizardpage","target_id":"first"}
INST 7bab538c5bad5996 2016-03-28T21:56:41.300Z {"type":"load","target_id":"configuration"}
INST 7bab538c5bad5996 2016-03-28T21:56:41.300Z {"type":"select","target_tagname":"menulist","target_id":"defaultBridgeType","value":"obfs3"}
INST 7bab538c5bad5996 2016-03-28T21:56:41.300Z {"type":"select","target_tagname":"menulist","target_id":"proxyType","value":"HTTP"}
INST 7bab538c5bad5996 2016-03-28T21:56:52.200Z {"type":"click","target_tagname":"button","target_id":"configure_button","detail":1}
INST 7bab538c5bad5996 2016-03-28T21:56:52.200Z {"type":"pagehide","target_tagname":"wizardpage","target_id":"first"}
INST 7bab538c5bad5996 2016-03-28T21:56:52.200Z {"type":"pageadvanced","target_tagname":"wizardpage","target_id":"first"}
INST 7bab538c5bad5996 2016-03-28T21:56:52.200Z {"type":"wizardnext","target_tagname":"wizard","target_id":"TorNetworkSettings"}
INST 7bab538c5bad5996 2016-03-28T21:56:52.200Z {"type":"pageshow","target_tagname":"wizardpage","target_id":"bridges"}
INST 7bab538c5bad5996 2016-03-28T21:56:52.200Z {"type":"command","target_tagname":"button","target_id":"configure_button"}
INST 7bab538c5bad5996 2016-03-28T21:57:18.800Z {"type":"click","target_tagname":"wizard","target_id":"TorNetworkSettings","detail":1}
INST 7bab538c5bad5996 2016-03-28T21:57:18.800Z {"type":"pagehide","target_tagname":"wizardpage","target_id":"bridges"}
INST 7bab538c5bad5996 2016-03-28T21:57:18.800Z {"type":"pageadvanced","target_tagname":"wizardpage","target_id":"bridges"}
INST 7bab538c5bad5996 2016-03-28T21:57:18.800Z {"type":"wizardnext","target_tagname":"wizard","target_id":"TorNetworkSettings"}
INST 7bab538c5bad5996 2016-03-28T21:57:18.800Z {"type":"pageshow","target_tagname":"wizardpage","target_id":"bridgeSettings"}
INST 7bab538c5bad5996 2016-03-28T21:57:18.800Z {"type":"command","target_tagname":"wizard","target_id":"TorNetworkSettings"}
INST 7bab538c5bad5996 2016-03-28T21:57:26.700Z {"type":"click","target_tagname":"wizard","target_id":"TorNetworkSettings","detail":1}
INST 7bab538c5bad5996 2016-03-28T21:57:26.700Z {"type":"pagehide","target_tagname":"wizardpage","target_id":"bridgeSettings"}
INST 7bab538c5bad5996 2016-03-28T21:57:26.700Z {"type":"pagerewound","target_tagname":"wizardpage","target_id":"bridgeSettings"}
INST 7bab538c5bad5996 2016-03-28T21:57:26.700Z {"type":"wizardback","target_tagname":"wizard","target_id":"TorNetworkSettings"}
INST 7bab538c5bad5996 2016-03-28T21:57:26.700Z {"type":"pageshow","target_tagname":"wizardpage","target_id":"bridges"}
INST 7bab538c5bad5996 2016-03-28T21:57:26.700Z {"type":"command","target_tagname":"wizard","target_id":"TorNetworkSettings"}
INST 7bab538c5bad5996 2016-03-28T21:57:27.600Z {"type":"click","target_tagname":"radiogroup","target_id":"useBridgesRadioGroup","detail":1}
INST 7bab538c5bad5996 2016-03-28T21:57:27.900Z {"type":"click","target_tagname":"radio","target_id":"bridgesRadioNo","detail":1}
INST 7bab538c5bad5996 2016-03-28T21:57:27.900Z {"type":"command","target_tagname":"radio","target_id":"bridgesRadioNo"}
INST 7bab538c5bad5996 2016-03-28T21:57:28.700Z {"type":"click","target_tagname":"wizard","target_id":"TorNetworkSettings","detail":1}
INST 7bab538c5bad5996 2016-03-28T21:57:28.700Z {"type":"pagehide","target_tagname":"wizardpage","target_id":"bridges"}
INST 7bab538c5bad5996 2016-03-28T21:57:28.700Z {"type":"pageadvanced","target_tagname":"wizardpage","target_id":"bridges"}
INST 7bab538c5bad5996 2016-03-28T21:57:28.700Z {"type":"wizardnext","target_tagname":"wizard","target_id":"TorNetworkSettings"}
INST 7bab538c5bad5996 2016-03-28T21:57:28.700Z {"type":"pageshow","target_tagname":"wizardpage","target_id":"proxy"}
INST 7bab538c5bad5996 2016-03-28T21:57:28.700Z {"type":"command","target_tagname":"wizard","target_id":"TorNetworkSettings"}
INST 7bab538c5bad5996 2016-03-28T21:57:33.200Z {"type":"click","target_tagname":"wizard","target_id":"TorNetworkSettings","detail":1}
INST 7bab538c5bad5996 2016-03-28T21:57:33.200Z {"type":"pagehide","target_tagname":"wizardpage","target_id":"proxy"}
INST 7bab538c5bad5996 2016-03-28T21:57:33.200Z {"type":"pageadvanced","target_tagname":"wizardpage","target_id":"proxy"}
INST 7bab538c5bad5996 2016-03-28T21:57:33.200Z {"type":"wizardnext","target_tagname":"wizard","target_id":"TorNetworkSettings"}
INST 7bab538c5bad5996 2016-03-28T21:57:33.200Z {"type":"pageshow","target_tagname":"wizardpage","target_id":"proxyYES"}
INST 7bab538c5bad5996 2016-03-28T21:57:33.200Z {"type":"command","target_tagname":"wizard","target_id":"TorNetworkSettings"}
INST 7bab538c5bad5996 2016-03-28T21:57:35.500Z {"type":"click","target_tagname":"wizard","target_id":"TorNetworkSettings","detail":1}
INST 7bab538c5bad5996 2016-03-28T21:57:35.500Z {"type":"pagehide","target_tagname":"wizardpage","target_id":"proxyYES"}
INST 7bab538c5bad5996 2016-03-28T21:57:35.500Z {"type":"pageadvanced","target_tagname":"wizardpage","target_id":"proxyYES"}
INST 7bab538c5bad5996 2016-03-28T21:57:35.500Z {"type":"wizardfinish","target_tagname":"wizard","target_id":"TorNetworkSettings"}
INST 7bab538c5bad5996 2016-03-28T21:57:35.600Z {"type":"load","target_id":"progress_bar"}
INST 7bab538c5bad5996 2016-03-28T21:57:36.100Z {"type":"progresschanged","target_tagname":"progressmeter","target_id":"progressMeter","value":"5"}
INST 7bab538c5bad5996 2016-03-28T21:57:37.100Z {"type":"progresschanged","target_tagname":"progressmeter","target_id":"progressMeter","value":"5"}
INST 7bab538c5bad5996 2016-03-28T21:57:38.100Z {"type":"progresschanged","target_tagname":"progressmeter","target_id":"progressMeter","value":"5"}
INST 7bab538c5bad5996 2016-03-28T21:58:27.500Z {"type":"click","target_tagname":"dialog","target_id":"TorProgress","detail":1}
INST 7bab538c5bad5996 2016-03-28T21:58:27.500Z {"type":"dialogcancel","target_tagname":"dialog","target_id":"TorProgress"}
INST 7bab538c5bad5996 2016-03-28T21:58:27.600Z {"type":"command","target_tagname":"dialog","target_id":"TorProgress"}
INST 7bab538c5bad5996 2016-03-28T21:58:27.600Z {"type":"command","target_tagname":"wizard","target_id":"TorNetworkSettings"}
INST 7bab538c5bad5996 2016-03-28T21:58:28.400Z {"type":"select","target_tagname":"textbox","target_id":"proxyAddr"}
INST 7bab538c5bad5996 2016-03-28T21:58:28.500Z {"type":"click","target_tagname":"textbox","target_id":"proxyAddr","detail":1}
INST 7bab538c5bad5996 2016-03-28T21:58:28.600Z {"type":"select","target_tagname":"textbox","target_id":"proxyAddr"}
INST 7bab538c5bad5996 2016-03-28T21:58:28.600Z {"type":"click","target_tagname":"textbox","target_id":"proxyAddr","detail":2}
INST 7bab538c5bad5996 2016-03-28T21:58:29.700Z {"type":"select","target_tagname":"textbox","target_id":"proxyAddr"}
INST 7bab538c5bad5996 2016-03-28T21:58:29.700Z {"type":"click","target_tagname":"textbox","target_id":"proxyAddr","detail":3}
INST 7bab538c5bad5996 2016-03-28T21:58:37.600Z {"type":"click","target_tagname":"wizard","target_id":"TorNetworkSettings","detail":1}
INST 7bab538c5bad5996 2016-03-28T21:58:37.700Z {"type":"change","target_tagname":"textbox","target_id":"proxyAddr","value":"www.torproject.org"}
INST 7bab538c5bad5996 2016-03-28T21:58:37.800Z {"type":"click","target_tagname":"wizard","target_id":"TorNetworkSettings","detail":1}
INST 7bab538c5bad5996 2016-03-28T21:58:37.800Z {"type":"pagehide","target_tagname":"wizardpage","target_id":"proxyYES"}
INST 7bab538c5bad5996 2016-03-28T21:58:37.800Z {"type":"pageadvanced","target_tagname":"wizardpage","target_id":"proxyYES"}
INST 7bab538c5bad5996 2016-03-28T21:58:37.800Z {"type":"wizardfinish","target_tagname":"wizard","target_id":"TorNetworkSettings"}
INST 7bab538c5bad5996 2016-03-28T21:58:37.900Z {"type":"load","target_id":"progress_bar"}
INST 7bab538c5bad5996 2016-03-28T21:58:39.100Z {"type":"progresschanged","target_tagname":"progressmeter","target_id":"progressMeter","value":"5"}
INST 7bab538c5bad5996 2016-03-28T21:59:57.900Z {"type":"click","target_tagname":"dialog","target_id":"TorProgress","detail":1}
INST 7bab538c5bad5996 2016-03-28T21:59:57.900Z {"type":"dialogcancel","target_tagname":"dialog","target_id":"TorProgress"}
INST 7bab538c5bad5996 2016-03-28T21:59:57.900Z {"type":"command","target_tagname":"dialog","target_id":"TorProgress"}
INST 7bab538c5bad5996 2016-03-28T21:59:58.000Z {"type":"command","target_tagname":"wizard","target_id":"TorNetworkSettings"}
INST 7bab538c5bad5996 2016-03-28T21:59:58.800Z {"type":"click","target_tagname":"wizard","target_id":"TorNetworkSettings","detail":1}
INST 7bab538c5bad5996 2016-03-28T21:59:58.800Z {"type":"pagehide","target_tagname":"wizardpage","target_id":"proxyYES"}
INST 7bab538c5bad5996 2016-03-28T21:59:58.800Z {"type":"pagerewound","target_tagname":"wizardpage","target_id":"proxyYES"}
INST 7bab538c5bad5996 2016-03-28T21:59:58.800Z {"type":"wizardback","target_tagname":"wizard","target_id":"TorNetworkSettings"}
INST 7bab538c5bad5996 2016-03-28T21:59:58.800Z {"type":"pageshow","target_tagname":"wizardpage","target_id":"proxy"}
INST 7bab538c5bad5996 2016-03-28T21:59:58.800Z {"type":"command","target_tagname":"wizard","target_id":"TorNetworkSettings"}
INST 7bab538c5bad5996 2016-03-28T21:59:59.500Z {"type":"click","target_tagname":"radio","target_id":"proxyRadioNo","detail":1}
INST 7bab538c5bad5996 2016-03-28T21:59:59.500Z {"type":"command","target_tagname":"radio","target_id":"proxyRadioNo"}
INST 7bab538c5bad5996 2016-03-28T22:00:00.300Z {"type":"click","target_tagname":"wizard","target_id":"TorNetworkSettings","detail":1}
INST 7bab538c5bad5996 2016-03-28T22:00:00.300Z {"type":"pagehide","target_tagname":"wizardpage","target_id":"proxy"}
INST 7bab538c5bad5996 2016-03-28T22:00:00.300Z {"type":"pageadvanced","target_tagname":"wizardpage","target_id":"proxy"}
INST 7bab538c5bad5996 2016-03-28T22:00:00.300Z {"type":"wizardfinish","target_tagname":"wizard","target_id":"TorNetworkSettings"}
INST 7bab538c5bad5996 2016-03-28T22:00:00.400Z {"type":"load","target_id":"progress_bar"}
INST 7bab538c5bad5996 2016-03-28T22:00:47.400Z {"type":"click","target_tagname":"dialog","target_id":"TorProgress","detail":1}
INST 7bab538c5bad5996 2016-03-28T22:00:47.400Z {"type":"dialogcancel","target_tagname":"dialog","target_id":"TorProgress"}
INST 7bab538c5bad5996 2016-03-28T22:00:47.400Z {"type":"command","target_tagname":"dialog","target_id":"TorProgress"}
INST 7bab538c5bad5996 2016-03-28T22:00:47.400Z {"type":"command","target_tagname":"wizard","target_id":"TorNetworkSettings"}
INST 7bab538c5bad5996 2016-03-28T22:00:48.500Z {"type":"click","target_tagname":"wizard","target_id":"TorNetworkSettings","detail":1}
INST 7bab538c5bad5996 2016-03-28T22:00:48.500Z {"type":"wizardcancel","target_tagname":"wizard","target_id":"TorNetworkSettings"}
INST 7bab538c5bad5996 2016-03-28T22:00:48.500Z {"type":"command","target_tagname":"wizard","target_id":"TorNetworkSettings"}
INST 7bab538c5bad5996 2016-03-28T22:00:48.500Z {"type":"unload","target_id":"configuration"}
