INST d9e34bf2c616856d 2016-03-23T21:12:32.800Z {"type":"start"}
INST d9e34bf2c616856d 2016-03-23T21:12:33.900Z {"type":"select","target_tagname":"menulist","target_id":"proxyType","value":""}
INST d9e34bf2c616856d 2016-03-23T21:12:33.900Z {"type":"wizardnext","target_tagname":"wizard","target_id":"TorNetworkSettings"}
INST d9e34bf2c616856d 2016-03-23T21:12:33.900Z {"type":"pageshow","target_tagname":"wizardpage","target_id":"first"}
INST d9e34bf2c616856d 2016-03-23T21:12:34.000Z {"type":"load","target_id":"configuration"}
INST d9e34bf2c616856d 2016-03-23T21:12:34.000Z {"type":"select","target_tagname":"menulist","target_id":"defaultBridgeType","value":"obfs3"}
INST d9e34bf2c616856d 2016-03-23T21:13:03.600Z {"type":"click","target_tagname":"button","target_id":"connect_button","detail":1}
INST d9e34bf2c616856d 2016-03-23T21:13:03.600Z {"type":"load","target_id":"progress_bar"}
INST d9e34bf2c616856d 2016-03-23T21:13:04.500Z {"type":"progresschanged","target_tagname":"progressmeter","target_id":"progressMeter","value":"5"}
INST d9e34bf2c616856d 2016-03-23T21:13:04.500Z {"type":"progresschanged","target_tagname":"progressmeter","target_id":"progressMeter","value":"5"}
INST d9e34bf2c616856d 2016-03-23T21:13:04.500Z {"type":"progresschanged","target_tagname":"progressmeter","target_id":"progressMeter","value":"5"}
INST d9e34bf2c616856d 2016-03-23T21:14:05.500Z {"type":"progresschanged","target_tagname":"progressmeter","target_id":"progressMeter","value":"5"}
INST d9e34bf2c616856d 2016-03-23T21:14:29.800Z {"type":"click","target_tagname":"dialog","target_id":"TorProgress","detail":1}
INST d9e34bf2c616856d 2016-03-23T21:14:29.800Z {"type":"dialogcancel","target_tagname":"dialog","target_id":"TorProgress"}
INST d9e34bf2c616856d 2016-03-23T21:14:29.800Z {"type":"command","target_tagname":"dialog","target_id":"TorProgress"}
INST d9e34bf2c616856d 2016-03-23T21:14:29.800Z {"type":"command","target_tagname":"button","target_id":"connect_button"}
INST d9e34bf2c616856d 2016-03-23T21:14:31.400Z {"type":"click","target_tagname":"button","target_id":"configure_button","detail":1}
INST d9e34bf2c616856d 2016-03-23T21:14:31.400Z {"type":"pagehide","target_tagname":"wizardpage","target_id":"first"}
INST d9e34bf2c616856d 2016-03-23T21:14:31.400Z {"type":"pageadvanced","target_tagname":"wizardpage","target_id":"first"}
INST d9e34bf2c616856d 2016-03-23T21:14:31.400Z {"type":"wizardnext","target_tagname":"wizard","target_id":"TorNetworkSettings"}
INST d9e34bf2c616856d 2016-03-23T21:14:31.400Z {"type":"pageshow","target_tagname":"wizardpage","target_id":"bridges"}
INST d9e34bf2c616856d 2016-03-23T21:14:31.400Z {"type":"command","target_tagname":"button","target_id":"configure_button"}
INST d9e34bf2c616856d 2016-03-23T21:14:47.100Z {"type":"click","target_tagname":"radio","target_id":"bridgesRadioYes","detail":1}
INST d9e34bf2c616856d 2016-03-23T21:14:47.100Z {"type":"command","target_tagname":"radio","target_id":"bridgesRadioYes"}
INST d9e34bf2c616856d 2016-03-23T21:14:56.400Z {"type":"click","target_tagname":"radio","target_id":"bridgesRadioNo","detail":1}
INST d9e34bf2c616856d 2016-03-23T21:14:56.400Z {"type":"command","target_tagname":"radio","target_id":"bridgesRadioNo"}
INST d9e34bf2c616856d 2016-03-23T21:15:11.200Z {"type":"click","target_tagname":"wizard","target_id":"TorNetworkSettings","detail":1}
INST d9e34bf2c616856d 2016-03-23T21:15:11.200Z {"type":"pagehide","target_tagname":"wizardpage","target_id":"bridges"}
INST d9e34bf2c616856d 2016-03-23T21:15:11.200Z {"type":"pageadvanced","target_tagname":"wizardpage","target_id":"bridges"}
INST d9e34bf2c616856d 2016-03-23T21:15:11.200Z {"type":"wizardnext","target_tagname":"wizard","target_id":"TorNetworkSettings"}
INST d9e34bf2c616856d 2016-03-23T21:15:11.200Z {"type":"pageshow","target_tagname":"wizardpage","target_id":"proxy"}
INST d9e34bf2c616856d 2016-03-23T21:15:11.200Z {"type":"command","target_tagname":"wizard","target_id":"TorNetworkSettings"}
INST d9e34bf2c616856d 2016-03-23T21:15:16.300Z {"type":"click","target_tagname":"wizard","target_id":"TorNetworkSettings","detail":1}
INST d9e34bf2c616856d 2016-03-23T21:15:16.300Z {"type":"wizardcancel","target_tagname":"wizard","target_id":"TorNetworkSettings"}
INST d9e34bf2c616856d 2016-03-23T21:15:16.300Z {"type":"command","target_tagname":"wizard","target_id":"TorNetworkSettings"}
INST d9e34bf2c616856d 2016-03-23T21:15:16.300Z {"type":"unload","target_id":"configuration"}
INST 61f6b72e5e3a78ee 2016-03-23T21:15:22.900Z {"type":"start"}
INST 61f6b72e5e3a78ee 2016-03-23T21:15:23.500Z {"type":"select","target_tagname":"menulist","target_id":"proxyType","value":""}
INST 61f6b72e5e3a78ee 2016-03-23T21:15:23.500Z {"type":"wizardnext","target_tagname":"wizard","target_id":"TorNetworkSettings"}
INST 61f6b72e5e3a78ee 2016-03-23T21:15:23.500Z {"type":"pageshow","target_tagname":"wizardpage","target_id":"first"}
INST 61f6b72e5e3a78ee 2016-03-23T21:15:23.600Z {"type":"load","target_id":"configuration"}
INST 61f6b72e5e3a78ee 2016-03-23T21:15:23.600Z {"type":"select","target_tagname":"menulist","target_id":"defaultBridgeType","value":"obfs3"}
INST 61f6b72e5e3a78ee 2016-03-23T21:15:29.200Z {"type":"click","target_tagname":"button","target_id":"configure_button","detail":1}
INST 61f6b72e5e3a78ee 2016-03-23T21:15:29.200Z {"type":"pagehide","target_tagname":"wizardpage","target_id":"first"}
INST 61f6b72e5e3a78ee 2016-03-23T21:15:29.200Z {"type":"pageadvanced","target_tagname":"wizardpage","target_id":"first"}
INST 61f6b72e5e3a78ee 2016-03-23T21:15:29.200Z {"type":"wizardnext","target_tagname":"wizard","target_id":"TorNetworkSettings"}
INST 61f6b72e5e3a78ee 2016-03-23T21:15:29.200Z {"type":"pageshow","target_tagname":"wizardpage","target_id":"bridges"}
INST 61f6b72e5e3a78ee 2016-03-23T21:15:29.200Z {"type":"command","target_tagname":"button","target_id":"configure_button"}
INST 61f6b72e5e3a78ee 2016-03-23T21:15:32.400Z {"type":"click","target_tagname":"wizard","target_id":"TorNetworkSettings","detail":1}
INST 61f6b72e5e3a78ee 2016-03-23T21:15:32.400Z {"type":"pagehide","target_tagname":"wizardpage","target_id":"bridges"}
INST 61f6b72e5e3a78ee 2016-03-23T21:15:32.400Z {"type":"pageadvanced","target_tagname":"wizardpage","target_id":"bridges"}
INST 61f6b72e5e3a78ee 2016-03-23T21:15:32.400Z {"type":"wizardnext","target_tagname":"wizard","target_id":"TorNetworkSettings"}
INST 61f6b72e5e3a78ee 2016-03-23T21:15:32.400Z {"type":"pageshow","target_tagname":"wizardpage","target_id":"proxy"}
INST 61f6b72e5e3a78ee 2016-03-23T21:15:32.400Z {"type":"command","target_tagname":"wizard","target_id":"TorNetworkSettings"}
INST 61f6b72e5e3a78ee 2016-03-23T21:15:35.400Z {"type":"click","target_tagname":"wizard","target_id":"TorNetworkSettings","detail":1}
INST 61f6b72e5e3a78ee 2016-03-23T21:15:35.400Z {"type":"pagehide","target_tagname":"wizardpage","target_id":"proxy"}
INST 61f6b72e5e3a78ee 2016-03-23T21:15:35.400Z {"type":"pageadvanced","target_tagname":"wizardpage","target_id":"proxy"}
INST 61f6b72e5e3a78ee 2016-03-23T21:15:35.400Z {"type":"wizardfinish","target_tagname":"wizard","target_id":"TorNetworkSettings"}
INST 61f6b72e5e3a78ee 2016-03-23T21:15:35.400Z {"type":"load","target_id":"progress_bar"}
INST 61f6b72e5e3a78ee 2016-03-23T21:15:56.200Z {"type":"click","target_tagname":"dialog","target_id":"TorProgress","detail":1}
INST 61f6b72e5e3a78ee 2016-03-23T21:15:56.200Z {"type":"dialogcancel","target_tagname":"dialog","target_id":"TorProgress"}
INST 61f6b72e5e3a78ee 2016-03-23T21:15:56.200Z {"type":"command","target_tagname":"dialog","target_id":"TorProgress"}
INST 61f6b72e5e3a78ee 2016-03-23T21:15:56.300Z {"type":"command","target_tagname":"wizard","target_id":"TorNetworkSettings"}
INST 61f6b72e5e3a78ee 2016-03-23T21:16:03.700Z {"type":"click","target_tagname":"wizard","target_id":"TorNetworkSettings","detail":1}
INST 61f6b72e5e3a78ee 2016-03-23T21:16:03.700Z {"type":"pagehide","target_tagname":"wizardpage","target_id":"proxy"}
INST 61f6b72e5e3a78ee 2016-03-23T21:16:03.700Z {"type":"pagerewound","target_tagname":"wizardpage","target_id":"proxy"}
INST 61f6b72e5e3a78ee 2016-03-23T21:16:03.700Z {"type":"wizardback","target_tagname":"wizard","target_id":"TorNetworkSettings"}
INST 61f6b72e5e3a78ee 2016-03-23T21:16:03.700Z {"type":"pageshow","target_tagname":"wizardpage","target_id":"bridges"}
INST 61f6b72e5e3a78ee 2016-03-23T21:16:03.700Z {"type":"command","target_tagname":"wizard","target_id":"TorNetworkSettings"}
INST 61f6b72e5e3a78ee 2016-03-23T21:16:09.300Z {"type":"click","target_tagname":"radio","target_id":"bridgesRadioYes","detail":1}
INST 61f6b72e5e3a78ee 2016-03-23T21:16:09.300Z {"type":"command","target_tagname":"radio","target_id":"bridgesRadioYes"}
INST 61f6b72e5e3a78ee 2016-03-23T21:16:11.000Z {"type":"click","target_tagname":"wizard","target_id":"TorNetworkSettings","detail":1}
INST 61f6b72e5e3a78ee 2016-03-23T21:16:11.000Z {"type":"pagehide","target_tagname":"wizardpage","target_id":"bridges"}
INST 61f6b72e5e3a78ee 2016-03-23T21:16:11.000Z {"type":"pageadvanced","target_tagname":"wizardpage","target_id":"bridges"}
INST 61f6b72e5e3a78ee 2016-03-23T21:16:11.000Z {"type":"wizardnext","target_tagname":"wizard","target_id":"TorNetworkSettings"}
INST 61f6b72e5e3a78ee 2016-03-23T21:16:11.000Z {"type":"pageshow","target_tagname":"wizardpage","target_id":"bridgeSettings"}
INST 61f6b72e5e3a78ee 2016-03-23T21:16:11.000Z {"type":"command","target_tagname":"wizard","target_id":"TorNetworkSettings"}
INST 61f6b72e5e3a78ee 2016-03-23T21:16:21.100Z {"type":"click","target_tagname":"wizard","target_id":"TorNetworkSettings","detail":1}
INST 61f6b72e5e3a78ee 2016-03-23T21:16:21.100Z {"type":"pagehide","target_tagname":"wizardpage","target_id":"bridgeSettings"}
INST 61f6b72e5e3a78ee 2016-03-23T21:16:21.100Z {"type":"pageadvanced","target_tagname":"wizardpage","target_id":"bridgeSettings"}
INST 61f6b72e5e3a78ee 2016-03-23T21:16:21.100Z {"type":"wizardnext","target_tagname":"wizard","target_id":"TorNetworkSettings"}
INST 61f6b72e5e3a78ee 2016-03-23T21:16:21.100Z {"type":"pageshow","target_tagname":"wizardpage","target_id":"proxy"}
INST 61f6b72e5e3a78ee 2016-03-23T21:16:21.100Z {"type":"command","target_tagname":"wizard","target_id":"TorNetworkSettings"}
INST 61f6b72e5e3a78ee 2016-03-23T21:16:23.100Z {"type":"click","target_tagname":"wizard","target_id":"TorNetworkSettings","detail":1}
INST 61f6b72e5e3a78ee 2016-03-23T21:16:23.100Z {"type":"pagehide","target_tagname":"wizardpage","target_id":"proxy"}
INST 61f6b72e5e3a78ee 2016-03-23T21:16:23.100Z {"type":"pageadvanced","target_tagname":"wizardpage","target_id":"proxy"}
INST 61f6b72e5e3a78ee 2016-03-23T21:16:23.100Z {"type":"wizardfinish","target_tagname":"wizard","target_id":"TorNetworkSettings"}
INST 61f6b72e5e3a78ee 2016-03-23T21:16:23.200Z {"type":"load","target_id":"progress_bar"}
INST 61f6b72e5e3a78ee 2016-03-23T21:16:29.400Z {"type":"progresschanged","target_tagname":"progressmeter","target_id":"progressMeter","value":"10"}
INST 61f6b72e5e3a78ee 2016-03-23T21:18:52.000Z {"type":"click","target_tagname":"dialog","target_id":"TorProgress","detail":1}
INST 61f6b72e5e3a78ee 2016-03-23T21:18:52.000Z {"type":"dialogcancel","target_tagname":"dialog","target_id":"TorProgress"}
INST 61f6b72e5e3a78ee 2016-03-23T21:18:52.000Z {"type":"command","target_tagname":"dialog","target_id":"TorProgress"}
INST 61f6b72e5e3a78ee 2016-03-23T21:18:52.000Z {"type":"command","target_tagname":"wizard","target_id":"TorNetworkSettings"}
INST 61f6b72e5e3a78ee 2016-03-23T21:19:00.100Z {"type":"click","target_tagname":"wizard","target_id":"TorNetworkSettings","detail":1}
INST 61f6b72e5e3a78ee 2016-03-23T21:19:00.100Z {"type":"pagehide","target_tagname":"wizardpage","target_id":"proxy"}
INST 61f6b72e5e3a78ee 2016-03-23T21:19:00.100Z {"type":"pageadvanced","target_tagname":"wizardpage","target_id":"proxy"}
INST 61f6b72e5e3a78ee 2016-03-23T21:19:00.100Z {"type":"wizardfinish","target_tagname":"wizard","target_id":"TorNetworkSettings"}
INST 61f6b72e5e3a78ee 2016-03-23T21:19:00.200Z {"type":"load","target_id":"progress_bar"}
INST 61f6b72e5e3a78ee 2016-03-23T21:19:10.200Z {"type":"dialogcancel","target_tagname":"dialog","target_id":"TorProgress"}
INST 61f6b72e5e3a78ee 2016-03-23T21:19:10.200Z {"type":"command","target_tagname":"wizard","target_id":"TorNetworkSettings"}
INST 61f6b72e5e3a78ee 2016-03-23T21:19:12.500Z {"type":"wizardcancel","target_tagname":"wizard","target_id":"TorNetworkSettings"}
INST 61f6b72e5e3a78ee 2016-03-23T21:19:12.500Z {"type":"unload","target_id":"configuration"}
INST ff6b6b4672c9b023 2016-03-23T21:19:21.500Z {"type":"start"}
INST ff6b6b4672c9b023 2016-03-23T21:19:22.200Z {"type":"select","target_tagname":"menulist","target_id":"proxyType","value":""}
INST ff6b6b4672c9b023 2016-03-23T21:19:22.200Z {"type":"wizardnext","target_tagname":"wizard","target_id":"TorNetworkSettings"}
INST ff6b6b4672c9b023 2016-03-23T21:19:22.200Z {"type":"pageshow","target_tagname":"wizardpage","target_id":"first"}
INST ff6b6b4672c9b023 2016-03-23T21:19:22.200Z {"type":"load","target_id":"configuration"}
INST ff6b6b4672c9b023 2016-03-23T21:19:22.200Z {"type":"select","target_tagname":"menulist","target_id":"defaultBridgeType","value":"obfs3"}
INST ff6b6b4672c9b023 2016-03-23T21:19:26.400Z {"type":"click","target_tagname":"button","target_id":"configure_button","detail":1}
INST ff6b6b4672c9b023 2016-03-23T21:19:26.400Z {"type":"pagehide","target_tagname":"wizardpage","target_id":"first"}
INST ff6b6b4672c9b023 2016-03-23T21:19:26.400Z {"type":"pageadvanced","target_tagname":"wizardpage","target_id":"first"}
INST ff6b6b4672c9b023 2016-03-23T21:19:26.400Z {"type":"wizardnext","target_tagname":"wizard","target_id":"TorNetworkSettings"}
INST ff6b6b4672c9b023 2016-03-23T21:19:26.400Z {"type":"pageshow","target_tagname":"wizardpage","target_id":"bridges"}
INST ff6b6b4672c9b023 2016-03-23T21:19:26.400Z {"type":"command","target_tagname":"button","target_id":"configure_button"}
INST ff6b6b4672c9b023 2016-03-23T21:19:34.000Z {"type":"click","target_tagname":"wizard","target_id":"TorNetworkSettings","detail":1}
INST ff6b6b4672c9b023 2016-03-23T21:19:34.000Z {"type":"pagehide","target_tagname":"wizardpage","target_id":"bridges"}
INST ff6b6b4672c9b023 2016-03-23T21:19:34.000Z {"type":"pageadvanced","target_tagname":"wizardpage","target_id":"bridges"}
INST ff6b6b4672c9b023 2016-03-23T21:19:34.000Z {"type":"wizardnext","target_tagname":"wizard","target_id":"TorNetworkSettings"}
INST ff6b6b4672c9b023 2016-03-23T21:19:34.100Z {"type":"pageshow","target_tagname":"wizardpage","target_id":"bridgeSettings"}
INST ff6b6b4672c9b023 2016-03-23T21:19:34.100Z {"type":"command","target_tagname":"wizard","target_id":"TorNetworkSettings"}
INST ff6b6b4672c9b023 2016-03-23T21:19:41.800Z {"type":"popupshown","target_tagname":"menupopup","target_id":"defaultBridgeType_menuPopup"}
INST ff6b6b4672c9b023 2016-03-23T21:19:41.900Z {"type":"click","target_tagname":"menulist","target_id":"defaultBridgeType","value":"obfs3","detail":1}
INST ff6b6b4672c9b023 2016-03-23T21:19:43.100Z {"type":"mouseover","target_tagname":"menuitem","target_id":"","value":"flashproxy"}
INST ff6b6b4672c9b023 2016-03-23T21:19:43.200Z {"type":"mouseout","target_tagname":"menuitem","target_id":"","value":"flashproxy"}
INST ff6b6b4672c9b023 2016-03-23T21:19:43.200Z {"type":"mouseover","target_tagname":"menuitem","target_id":"","value":"fte"}
INST ff6b6b4672c9b023 2016-03-23T21:19:43.300Z {"type":"mouseout","target_tagname":"menuitem","target_id":"","value":"fte"}
INST ff6b6b4672c9b023 2016-03-23T21:19:43.300Z {"type":"mouseover","target_tagname":"menuitem","target_id":"","value":"fte-ipv6"}
INST ff6b6b4672c9b023 2016-03-23T21:19:44.000Z {"type":"mouseout","target_tagname":"menuitem","target_id":"","value":"fte-ipv6"}
INST ff6b6b4672c9b023 2016-03-23T21:19:44.000Z {"type":"mouseover","target_tagname":"menuitem","target_id":"","value":"meek-amazon"}
INST ff6b6b4672c9b023 2016-03-23T21:19:44.700Z {"type":"mouseout","target_tagname":"menuitem","target_id":"","value":"meek-amazon"}
INST ff6b6b4672c9b023 2016-03-23T21:19:44.700Z {"type":"mouseover","target_tagname":"menuitem","target_id":"","value":"meek-azure"}
INST ff6b6b4672c9b023 2016-03-23T21:19:45.600Z {"type":"click","target_tagname":"menuitem","target_id":"","value":"meek-azure","detail":1}
INST ff6b6b4672c9b023 2016-03-23T21:19:45.600Z {"type":"select","target_tagname":"menulist","target_id":"defaultBridgeType","value":"meek-azure"}
INST ff6b6b4672c9b023 2016-03-23T21:19:45.600Z {"type":"command","target_tagname":"menuitem","target_id":"","value":"meek-azure"}
INST ff6b6b4672c9b023 2016-03-23T21:19:45.600Z {"type":"popuphidden","target_tagname":"menupopup","target_id":"defaultBridgeType_menuPopup"}
INST ff6b6b4672c9b023 2016-03-23T21:19:45.600Z {"type":"mouseout","target_tagname":"menuitem","target_id":"","value":"meek-azure"}
INST ff6b6b4672c9b023 2016-03-23T21:19:47.400Z {"type":"click","target_tagname":"wizard","target_id":"TorNetworkSettings","detail":1}
INST ff6b6b4672c9b023 2016-03-23T21:19:47.400Z {"type":"pagehide","target_tagname":"wizardpage","target_id":"bridgeSettings"}
INST ff6b6b4672c9b023 2016-03-23T21:19:47.400Z {"type":"pageadvanced","target_tagname":"wizardpage","target_id":"bridgeSettings"}
INST ff6b6b4672c9b023 2016-03-23T21:19:47.400Z {"type":"wizardnext","target_tagname":"wizard","target_id":"TorNetworkSettings"}
INST ff6b6b4672c9b023 2016-03-23T21:19:47.400Z {"type":"pageshow","target_tagname":"wizardpage","target_id":"proxy"}
INST ff6b6b4672c9b023 2016-03-23T21:19:47.400Z {"type":"command","target_tagname":"wizard","target_id":"TorNetworkSettings"}
INST ff6b6b4672c9b023 2016-03-23T21:19:50.300Z {"type":"click","target_tagname":"wizard","target_id":"TorNetworkSettings","detail":1}
INST ff6b6b4672c9b023 2016-03-23T21:19:50.300Z {"type":"pagehide","target_tagname":"wizardpage","target_id":"proxy"}
INST ff6b6b4672c9b023 2016-03-23T21:19:50.300Z {"type":"pageadvanced","target_tagname":"wizardpage","target_id":"proxy"}
INST ff6b6b4672c9b023 2016-03-23T21:19:50.300Z {"type":"wizardfinish","target_tagname":"wizard","target_id":"TorNetworkSettings"}
INST ff6b6b4672c9b023 2016-03-23T21:19:50.400Z {"type":"load","target_id":"progress_bar"}
INST ff6b6b4672c9b023 2016-03-23T21:19:54.900Z {"type":"progresschanged","target_tagname":"progressmeter","target_id":"progressMeter","value":"5"}
INST ff6b6b4672c9b023 2016-03-23T21:19:54.900Z {"type":"progresschanged","target_tagname":"progressmeter","target_id":"progressMeter","value":"10"}
INST ff6b6b4672c9b023 2016-03-23T21:19:55.200Z {"type":"progresschanged","target_tagname":"progressmeter","target_id":"progressMeter","value":"15"}
INST ff6b6b4672c9b023 2016-03-23T21:19:55.200Z {"type":"progresschanged","target_tagname":"progressmeter","target_id":"progressMeter","value":"20"}
INST ff6b6b4672c9b023 2016-03-23T21:19:55.600Z {"type":"progresschanged","target_tagname":"progressmeter","target_id":"progressMeter","value":"25"}
INST ff6b6b4672c9b023 2016-03-23T21:19:56.500Z {"type":"progresschanged","target_tagname":"progressmeter","target_id":"progressMeter","value":"40"}
INST ff6b6b4672c9b023 2016-03-23T21:19:56.800Z {"type":"progresschanged","target_tagname":"progressmeter","target_id":"progressMeter","value":"45"}
INST ff6b6b4672c9b023 2016-03-23T21:19:57.000Z {"type":"progresschanged","target_tagname":"progressmeter","target_id":"progressMeter","value":"50"}
INST ff6b6b4672c9b023 2016-03-23T21:19:59.800Z {"type":"progresschanged","target_tagname":"progressmeter","target_id":"progressMeter","value":"50"}
INST ff6b6b4672c9b023 2016-03-23T21:20:00.100Z {"type":"progresschanged","target_tagname":"progressmeter","target_id":"progressMeter","value":"50"}
INST ff6b6b4672c9b023 2016-03-23T21:20:00.100Z {"type":"progresschanged","target_tagname":"progressmeter","target_id":"progressMeter","value":"54"}
INST ff6b6b4672c9b023 2016-03-23T21:20:00.200Z {"type":"progresschanged","target_tagname":"progressmeter","target_id":"progressMeter","value":"54"}
INST ff6b6b4672c9b023 2016-03-23T21:20:00.200Z {"type":"progresschanged","target_tagname":"progressmeter","target_id":"progressMeter","value":"59"}
INST ff6b6b4672c9b023 2016-03-23T21:20:00.200Z {"type":"progresschanged","target_tagname":"progressmeter","target_id":"progressMeter","value":"63"}
INST ff6b6b4672c9b023 2016-03-23T21:20:00.200Z {"type":"progresschanged","target_tagname":"progressmeter","target_id":"progressMeter","value":"67"}
INST ff6b6b4672c9b023 2016-03-23T21:20:00.300Z {"type":"progresschanged","target_tagname":"progressmeter","target_id":"progressMeter","value":"72"}
INST ff6b6b4672c9b023 2016-03-23T21:20:00.300Z {"type":"progresschanged","target_tagname":"progressmeter","target_id":"progressMeter","value":"78"}
INST ff6b6b4672c9b023 2016-03-23T21:20:00.900Z {"type":"progresschanged","target_tagname":"progressmeter","target_id":"progressMeter","value":"78"}
INST ff6b6b4672c9b023 2016-03-23T21:20:00.900Z {"type":"progresschanged","target_tagname":"progressmeter","target_id":"progressMeter","value":"90"}
INST ff6b6b4672c9b023 2016-03-23T21:20:01.700Z {"type":"progresschanged","target_tagname":"progressmeter","target_id":"progressMeter","value":"100"}
INST ff6b6b4672c9b023 2016-03-23T21:20:02.000Z {"type":"unload","target_id":"progress_bar"}
INST ff6b6b4672c9b023 2016-03-23T21:20:02.000Z {"type":"command","target_tagname":"wizard","target_id":"TorNetworkSettings"}
INST ff6b6b4672c9b023 2016-03-23T21:20:02.000Z {"type":"unload","target_id":"configuration"}
INST 2e425945db398035 2016-03-23T21:28:00.700Z {"type":"start"}
INST 2e425945db398035 2016-03-23T21:28:01.700Z {"type":"load","target_id":"progress_bar"}
INST 2e425945db398035 2016-03-23T21:28:05.600Z {"type":"progresschanged","target_tagname":"progressmeter","target_id":"progressMeter","value":"5"}
INST 2e425945db398035 2016-03-23T21:28:05.600Z {"type":"progresschanged","target_tagname":"progressmeter","target_id":"progressMeter","value":"10"}
INST 2e425945db398035 2016-03-23T21:28:05.800Z {"type":"progresschanged","target_tagname":"progressmeter","target_id":"progressMeter","value":"15"}
INST 2e425945db398035 2016-03-23T21:28:05.900Z {"type":"progresschanged","target_tagname":"progressmeter","target_id":"progressMeter","value":"20"}
INST 2e425945db398035 2016-03-23T21:28:06.000Z {"type":"progresschanged","target_tagname":"progressmeter","target_id":"progressMeter","value":"25"}
INST 2e425945db398035 2016-03-23T21:28:06.900Z {"type":"progresschanged","target_tagname":"progressmeter","target_id":"progressMeter","value":"80"}
INST 2e425945db398035 2016-03-23T21:28:07.600Z {"type":"progresschanged","target_tagname":"progressmeter","target_id":"progressMeter","value":"90"}
INST 2e425945db398035 2016-03-23T21:28:08.200Z {"type":"progresschanged","target_tagname":"progressmeter","target_id":"progressMeter","value":"100"}
INST 2e425945db398035 2016-03-23T21:28:08.500Z {"type":"unload","target_id":"progress_bar"}
