INST 2949b2e1ad05dc1f 2016-03-28T21:19:00.800Z {"type":"start"}
INST 2949b2e1ad05dc1f 2016-03-28T21:19:01.800Z {"type":"select","target_tagname":"menulist","target_id":"proxyType","value":""}
INST 2949b2e1ad05dc1f 2016-03-28T21:19:01.800Z {"type":"wizardnext","target_tagname":"wizard","target_id":"TorNetworkSettings"}
INST 2949b2e1ad05dc1f 2016-03-28T21:19:01.800Z {"type":"pageshow","target_tagname":"wizardpage","target_id":"first"}
INST 2949b2e1ad05dc1f 2016-03-28T21:19:01.800Z {"type":"load","target_id":"configuration"}
INST 2949b2e1ad05dc1f 2016-03-28T21:19:01.800Z {"type":"select","target_tagname":"menulist","target_id":"defaultBridgeType","value":"obfs3"}
INST 2949b2e1ad05dc1f 2016-03-28T21:19:13.400Z {"type":"click","target_tagname":"button","target_id":"connect_button","detail":1}
INST 2949b2e1ad05dc1f 2016-03-28T21:19:13.500Z {"type":"load","target_id":"progress_bar"}
INST 2949b2e1ad05dc1f 2016-03-28T21:19:14.400Z {"type":"progresschanged","target_tagname":"progressmeter","target_id":"progressMeter","value":"5"}
INST 2949b2e1ad05dc1f 2016-03-28T21:19:14.400Z {"type":"progresschanged","target_tagname":"progressmeter","target_id":"progressMeter","value":"5"}
INST 2949b2e1ad05dc1f 2016-03-28T21:19:14.400Z {"type":"progresschanged","target_tagname":"progressmeter","target_id":"progressMeter","value":"5"}
INST 2949b2e1ad05dc1f 2016-03-28T21:20:15.400Z {"type":"progresschanged","target_tagname":"progressmeter","target_id":"progressMeter","value":"5"}
INST 2949b2e1ad05dc1f 2016-03-28T21:21:10.000Z {"type":"click","target_tagname":"dialog","target_id":"TorProgress","detail":1}
INST 2949b2e1ad05dc1f 2016-03-28T21:21:10.000Z {"type":"dialogcancel","target_tagname":"dialog","target_id":"TorProgress"}
INST 2949b2e1ad05dc1f 2016-03-28T21:21:10.000Z {"type":"command","target_tagname":"dialog","target_id":"TorProgress"}
INST 2949b2e1ad05dc1f 2016-03-28T21:21:10.000Z {"type":"command","target_tagname":"button","target_id":"connect_button"}
INST 2949b2e1ad05dc1f 2016-03-28T21:21:14.100Z {"type":"click","target_tagname":"button","target_id":"configure_button","detail":1}
INST 2949b2e1ad05dc1f 2016-03-28T21:21:14.100Z {"type":"pagehide","target_tagname":"wizardpage","target_id":"first"}
INST 2949b2e1ad05dc1f 2016-03-28T21:21:14.100Z {"type":"pageadvanced","target_tagname":"wizardpage","target_id":"first"}
INST 2949b2e1ad05dc1f 2016-03-28T21:21:14.100Z {"type":"wizardnext","target_tagname":"wizard","target_id":"TorNetworkSettings"}
INST 2949b2e1ad05dc1f 2016-03-28T21:21:14.100Z {"type":"pageshow","target_tagname":"wizardpage","target_id":"bridges"}
INST 2949b2e1ad05dc1f 2016-03-28T21:21:14.100Z {"type":"command","target_tagname":"button","target_id":"configure_button"}
INST 2949b2e1ad05dc1f 2016-03-28T21:21:32.600Z {"type":"click","target_tagname":"wizard","target_id":"TorNetworkSettings","detail":1}
INST 2949b2e1ad05dc1f 2016-03-28T21:21:32.600Z {"type":"pagehide","target_tagname":"wizardpage","target_id":"bridges"}
INST 2949b2e1ad05dc1f 2016-03-28T21:21:32.600Z {"type":"pageadvanced","target_tagname":"wizardpage","target_id":"bridges"}
INST 2949b2e1ad05dc1f 2016-03-28T21:21:32.600Z {"type":"wizardnext","target_tagname":"wizard","target_id":"TorNetworkSettings"}
INST 2949b2e1ad05dc1f 2016-03-28T21:21:32.600Z {"type":"pageshow","target_tagname":"wizardpage","target_id":"proxy"}
INST 2949b2e1ad05dc1f 2016-03-28T21:21:32.600Z {"type":"command","target_tagname":"wizard","target_id":"TorNetworkSettings"}
INST 2949b2e1ad05dc1f 2016-03-28T21:21:41.600Z {"type":"click","target_tagname":"wizard","target_id":"TorNetworkSettings","detail":1}
INST 2949b2e1ad05dc1f 2016-03-28T21:21:41.600Z {"type":"pagehide","target_tagname":"wizardpage","target_id":"proxy"}
INST 2949b2e1ad05dc1f 2016-03-28T21:21:41.600Z {"type":"pageadvanced","target_tagname":"wizardpage","target_id":"proxy"}
INST 2949b2e1ad05dc1f 2016-03-28T21:21:41.600Z {"type":"wizardfinish","target_tagname":"wizard","target_id":"TorNetworkSettings"}
INST 2949b2e1ad05dc1f 2016-03-28T21:21:41.700Z {"type":"load","target_id":"progress_bar"}
INST 2949b2e1ad05dc1f 2016-03-28T21:22:52.900Z {"type":"click","target_tagname":"dialog","target_id":"TorProgress","detail":1}
INST 2949b2e1ad05dc1f 2016-03-28T21:22:52.900Z {"type":"dialogcancel","target_tagname":"dialog","target_id":"TorProgress"}
INST 2949b2e1ad05dc1f 2016-03-28T21:22:52.900Z {"type":"command","target_tagname":"dialog","target_id":"TorProgress"}
INST 2949b2e1ad05dc1f 2016-03-28T21:22:52.900Z {"type":"command","target_tagname":"wizard","target_id":"TorNetworkSettings"}
INST 2949b2e1ad05dc1f 2016-03-28T21:22:55.800Z {"type":"click","target_tagname":"wizard","target_id":"TorNetworkSettings","detail":1}
INST 2949b2e1ad05dc1f 2016-03-28T21:22:55.800Z {"type":"wizardcancel","target_tagname":"wizard","target_id":"TorNetworkSettings"}
INST 2949b2e1ad05dc1f 2016-03-28T21:22:55.800Z {"type":"command","target_tagname":"wizard","target_id":"TorNetworkSettings"}
INST 2949b2e1ad05dc1f 2016-03-28T21:22:55.800Z {"type":"unload","target_id":"configuration"}
INST 888b756d2b76df48 2016-03-28T21:22:58.700Z {"type":"start"}
INST 888b756d2b76df48 2016-03-28T21:22:59.400Z {"type":"select","target_tagname":"menulist","target_id":"proxyType","value":""}
INST 888b756d2b76df48 2016-03-28T21:22:59.400Z {"type":"wizardnext","target_tagname":"wizard","target_id":"TorNetworkSettings"}
INST 888b756d2b76df48 2016-03-28T21:22:59.400Z {"type":"pageshow","target_tagname":"wizardpage","target_id":"first"}
INST 888b756d2b76df48 2016-03-28T21:22:59.400Z {"type":"load","target_id":"configuration"}
INST 888b756d2b76df48 2016-03-28T21:22:59.400Z {"type":"select","target_tagname":"menulist","target_id":"defaultBridgeType","value":"obfs3"}
INST 888b756d2b76df48 2016-03-28T21:23:08.800Z {"type":"click","target_tagname":"button","target_id":"configure_button","detail":1}
INST 888b756d2b76df48 2016-03-28T21:23:08.800Z {"type":"pagehide","target_tagname":"wizardpage","target_id":"first"}
INST 888b756d2b76df48 2016-03-28T21:23:08.800Z {"type":"pageadvanced","target_tagname":"wizardpage","target_id":"first"}
INST 888b756d2b76df48 2016-03-28T21:23:08.800Z {"type":"wizardnext","target_tagname":"wizard","target_id":"TorNetworkSettings"}
INST 888b756d2b76df48 2016-03-28T21:23:08.800Z {"type":"pageshow","target_tagname":"wizardpage","target_id":"bridges"}
INST 888b756d2b76df48 2016-03-28T21:23:08.800Z {"type":"command","target_tagname":"button","target_id":"configure_button"}
INST 888b756d2b76df48 2016-03-28T21:23:12.100Z {"type":"click","target_tagname":"wizard","target_id":"TorNetworkSettings","detail":1}
INST 888b756d2b76df48 2016-03-28T21:23:12.100Z {"type":"pagehide","target_tagname":"wizardpage","target_id":"bridges"}
INST 888b756d2b76df48 2016-03-28T21:23:12.100Z {"type":"pageadvanced","target_tagname":"wizardpage","target_id":"bridges"}
INST 888b756d2b76df48 2016-03-28T21:23:12.100Z {"type":"wizardnext","target_tagname":"wizard","target_id":"TorNetworkSettings"}
INST 888b756d2b76df48 2016-03-28T21:23:12.100Z {"type":"pageshow","target_tagname":"wizardpage","target_id":"proxy"}
INST 888b756d2b76df48 2016-03-28T21:23:12.100Z {"type":"command","target_tagname":"wizard","target_id":"TorNetworkSettings"}
INST 888b756d2b76df48 2016-03-28T21:23:16.700Z {"type":"click","target_tagname":"wizard","target_id":"TorNetworkSettings","detail":1}
INST 888b756d2b76df48 2016-03-28T21:23:16.700Z {"type":"pagehide","target_tagname":"wizardpage","target_id":"proxy"}
INST 888b756d2b76df48 2016-03-28T21:23:16.700Z {"type":"pageadvanced","target_tagname":"wizardpage","target_id":"proxy"}
INST 888b756d2b76df48 2016-03-28T21:23:16.700Z {"type":"wizardfinish","target_tagname":"wizard","target_id":"TorNetworkSettings"}
INST 888b756d2b76df48 2016-03-28T21:23:16.800Z {"type":"load","target_id":"progress_bar"}
INST 888b756d2b76df48 2016-03-28T21:23:17.200Z {"type":"progresschanged","target_tagname":"progressmeter","target_id":"progressMeter","value":"5"}
INST 888b756d2b76df48 2016-03-28T21:23:17.200Z {"type":"progresschanged","target_tagname":"progressmeter","target_id":"progressMeter","value":"5"}
INST 888b756d2b76df48 2016-03-28T21:23:17.200Z {"type":"progresschanged","target_tagname":"progressmeter","target_id":"progressMeter","value":"5"}
INST 888b756d2b76df48 2016-03-28T21:23:52.100Z {"type":"click","target_tagname":"dialog","target_id":"TorProgress","detail":1}
INST 888b756d2b76df48 2016-03-28T21:23:52.100Z {"type":"dialogcancel","target_tagname":"dialog","target_id":"TorProgress"}
INST 888b756d2b76df48 2016-03-28T21:23:52.100Z {"type":"command","target_tagname":"dialog","target_id":"TorProgress"}
INST 888b756d2b76df48 2016-03-28T21:23:52.100Z {"type":"command","target_tagname":"wizard","target_id":"TorNetworkSettings"}
INST 888b756d2b76df48 2016-03-28T21:23:53.400Z {"type":"click","target_tagname":"wizard","target_id":"TorNetworkSettings","detail":1}
INST 888b756d2b76df48 2016-03-28T21:23:53.400Z {"type":"wizardcancel","target_tagname":"wizard","target_id":"TorNetworkSettings"}
INST 888b756d2b76df48 2016-03-28T21:23:53.400Z {"type":"command","target_tagname":"wizard","target_id":"TorNetworkSettings"}
INST 888b756d2b76df48 2016-03-28T21:23:53.400Z {"type":"unload","target_id":"configuration"}
INST 1ae62fccb9eab824 2016-03-28T21:23:55.800Z {"type":"start"}
INST 1ae62fccb9eab824 2016-03-28T21:23:56.500Z {"type":"select","target_tagname":"menulist","target_id":"proxyType","value":""}
INST 1ae62fccb9eab824 2016-03-28T21:23:56.500Z {"type":"wizardnext","target_tagname":"wizard","target_id":"TorNetworkSettings"}
INST 1ae62fccb9eab824 2016-03-28T21:23:56.500Z {"type":"pageshow","target_tagname":"wizardpage","target_id":"first"}
INST 1ae62fccb9eab824 2016-03-28T21:23:56.500Z {"type":"load","target_id":"configuration"}
INST 1ae62fccb9eab824 2016-03-28T21:23:56.500Z {"type":"select","target_tagname":"menulist","target_id":"defaultBridgeType","value":"obfs3"}
INST 1ae62fccb9eab824 2016-03-28T21:24:18.900Z {"type":"click","target_tagname":"button","target_id":"configure_button","detail":1}
INST 1ae62fccb9eab824 2016-03-28T21:24:18.900Z {"type":"pagehide","target_tagname":"wizardpage","target_id":"first"}
INST 1ae62fccb9eab824 2016-03-28T21:24:18.900Z {"type":"pageadvanced","target_tagname":"wizardpage","target_id":"first"}
INST 1ae62fccb9eab824 2016-03-28T21:24:18.900Z {"type":"wizardnext","target_tagname":"wizard","target_id":"TorNetworkSettings"}
INST 1ae62fccb9eab824 2016-03-28T21:24:18.900Z {"type":"pageshow","target_tagname":"wizardpage","target_id":"bridges"}
INST 1ae62fccb9eab824 2016-03-28T21:24:18.900Z {"type":"command","target_tagname":"button","target_id":"configure_button"}
INST 1ae62fccb9eab824 2016-03-28T21:24:22.200Z {"type":"click","target_tagname":"wizard","target_id":"TorNetworkSettings","detail":1}
INST 1ae62fccb9eab824 2016-03-28T21:24:22.200Z {"type":"pagehide","target_tagname":"wizardpage","target_id":"bridges"}
INST 1ae62fccb9eab824 2016-03-28T21:24:22.200Z {"type":"pageadvanced","target_tagname":"wizardpage","target_id":"bridges"}
INST 1ae62fccb9eab824 2016-03-28T21:24:22.200Z {"type":"wizardnext","target_tagname":"wizard","target_id":"TorNetworkSettings"}
INST 1ae62fccb9eab824 2016-03-28T21:24:22.200Z {"type":"pageshow","target_tagname":"wizardpage","target_id":"proxy"}
INST 1ae62fccb9eab824 2016-03-28T21:24:22.200Z {"type":"command","target_tagname":"wizard","target_id":"TorNetworkSettings"}
INST 1ae62fccb9eab824 2016-03-28T21:24:24.900Z {"type":"click","target_tagname":"wizard","target_id":"TorNetworkSettings","detail":1}
INST 1ae62fccb9eab824 2016-03-28T21:24:24.900Z {"type":"pagehide","target_tagname":"wizardpage","target_id":"proxy"}
INST 1ae62fccb9eab824 2016-03-28T21:24:24.900Z {"type":"pageadvanced","target_tagname":"wizardpage","target_id":"proxy"}
INST 1ae62fccb9eab824 2016-03-28T21:24:24.900Z {"type":"wizardfinish","target_tagname":"wizard","target_id":"TorNetworkSettings"}
INST 1ae62fccb9eab824 2016-03-28T21:24:25.000Z {"type":"load","target_id":"progress_bar"}
INST 1ae62fccb9eab824 2016-03-28T21:24:25.400Z {"type":"progresschanged","target_tagname":"progressmeter","target_id":"progressMeter","value":"5"}
INST 1ae62fccb9eab824 2016-03-28T21:24:25.400Z {"type":"progresschanged","target_tagname":"progressmeter","target_id":"progressMeter","value":"5"}
INST 1ae62fccb9eab824 2016-03-28T21:24:25.400Z {"type":"progresschanged","target_tagname":"progressmeter","target_id":"progressMeter","value":"5"}
INST 1ae62fccb9eab824 2016-03-28T21:25:26.300Z {"type":"progresschanged","target_tagname":"progressmeter","target_id":"progressMeter","value":"5"}
INST 1ae62fccb9eab824 2016-03-28T21:26:27.700Z {"type":"click","target_tagname":"dialog","target_id":"TorProgress","detail":1}
INST 1ae62fccb9eab824 2016-03-28T21:26:27.700Z {"type":"dialogcancel","target_tagname":"dialog","target_id":"TorProgress"}
INST 1ae62fccb9eab824 2016-03-28T21:26:27.700Z {"type":"command","target_tagname":"dialog","target_id":"TorProgress"}
INST 1ae62fccb9eab824 2016-03-28T21:26:27.700Z {"type":"command","target_tagname":"wizard","target_id":"TorNetworkSettings"}
INST 1ae62fccb9eab824 2016-03-28T21:26:41.400Z {"type":"click","target_tagname":"wizard","target_id":"TorNetworkSettings","detail":1}
INST 1ae62fccb9eab824 2016-03-28T21:26:41.400Z {"type":"wizardcancel","target_tagname":"wizard","target_id":"TorNetworkSettings"}
INST 1ae62fccb9eab824 2016-03-28T21:26:41.400Z {"type":"command","target_tagname":"wizard","target_id":"TorNetworkSettings"}
INST 1ae62fccb9eab824 2016-03-28T21:26:41.400Z {"type":"unload","target_id":"configuration"}
INST 6d97a08a1b2e336f 2016-03-28T21:26:43.700Z {"type":"start"}
INST 6d97a08a1b2e336f 2016-03-28T21:26:44.400Z {"type":"select","target_tagname":"menulist","target_id":"proxyType","value":""}
INST 6d97a08a1b2e336f 2016-03-28T21:26:44.400Z {"type":"wizardnext","target_tagname":"wizard","target_id":"TorNetworkSettings"}
INST 6d97a08a1b2e336f 2016-03-28T21:26:44.400Z {"type":"pageshow","target_tagname":"wizardpage","target_id":"first"}
INST 6d97a08a1b2e336f 2016-03-28T21:26:44.400Z {"type":"load","target_id":"configuration"}
INST 6d97a08a1b2e336f 2016-03-28T21:26:44.400Z {"type":"select","target_tagname":"menulist","target_id":"defaultBridgeType","value":"obfs3"}
INST 6d97a08a1b2e336f 2016-03-28T21:26:45.900Z {"type":"click","target_tagname":"button","target_id":"connect_button","detail":1}
INST 6d97a08a1b2e336f 2016-03-28T21:26:46.000Z {"type":"load","target_id":"progress_bar"}
INST 6d97a08a1b2e336f 2016-03-28T21:26:46.200Z {"type":"progresschanged","target_tagname":"progressmeter","target_id":"progressMeter","value":"5"}
INST 6d97a08a1b2e336f 2016-03-28T21:26:46.200Z {"type":"progresschanged","target_tagname":"progressmeter","target_id":"progressMeter","value":"5"}
INST 6d97a08a1b2e336f 2016-03-28T21:26:46.300Z {"type":"progresschanged","target_tagname":"progressmeter","target_id":"progressMeter","value":"5"}
INST 6d97a08a1b2e336f 2016-03-28T21:27:47.200Z {"type":"progresschanged","target_tagname":"progressmeter","target_id":"progressMeter","value":"5"}
INST 6d97a08a1b2e336f 2016-03-28T21:28:23.400Z {"type":"click","target_tagname":"dialog","target_id":"TorProgress","detail":1}
INST 6d97a08a1b2e336f 2016-03-28T21:28:23.400Z {"type":"dialogcancel","target_tagname":"dialog","target_id":"TorProgress"}
INST 6d97a08a1b2e336f 2016-03-28T21:28:23.400Z {"type":"command","target_tagname":"dialog","target_id":"TorProgress"}
INST 6d97a08a1b2e336f 2016-03-28T21:28:23.400Z {"type":"command","target_tagname":"button","target_id":"connect_button"}
INST 6d97a08a1b2e336f 2016-03-28T21:28:25.000Z {"type":"click","target_tagname":"wizard","target_id":"TorNetworkSettings","detail":1}
INST 6d97a08a1b2e336f 2016-03-28T21:28:25.000Z {"type":"wizardcancel","target_tagname":"wizard","target_id":"TorNetworkSettings"}
INST 6d97a08a1b2e336f 2016-03-28T21:28:25.100Z {"type":"command","target_tagname":"wizard","target_id":"TorNetworkSettings"}
INST 6d97a08a1b2e336f 2016-03-28T21:28:25.100Z {"type":"unload","target_id":"configuration"}
INST 08703e3ff653023a 2016-03-28T21:28:34.100Z {"type":"start"}
INST 08703e3ff653023a 2016-03-28T21:28:34.300Z {"type":"select","target_tagname":"menulist","target_id":"proxyType","value":""}
INST 08703e3ff653023a 2016-03-28T21:28:34.300Z {"type":"wizardnext","target_tagname":"wizard","target_id":"TorNetworkSettings"}
INST 08703e3ff653023a 2016-03-28T21:28:34.300Z {"type":"pageshow","target_tagname":"wizardpage","target_id":"first"}
INST 08703e3ff653023a 2016-03-28T21:28:34.800Z {"type":"load","target_id":"configuration"}
INST 08703e3ff653023a 2016-03-28T21:28:34.800Z {"type":"select","target_tagname":"menulist","target_id":"defaultBridgeType","value":"obfs3"}
INST 08703e3ff653023a 2016-03-28T21:28:44.400Z {"type":"click","target_tagname":"button","target_id":"connect_button","detail":1}
INST 08703e3ff653023a 2016-03-28T21:28:44.500Z {"type":"load","target_id":"progress_bar"}
INST 08703e3ff653023a 2016-03-28T21:28:44.600Z {"type":"progresschanged","target_tagname":"progressmeter","target_id":"progressMeter","value":"5"}
INST 08703e3ff653023a 2016-03-28T21:28:44.600Z {"type":"progresschanged","target_tagname":"progressmeter","target_id":"progressMeter","value":"5"}
INST 08703e3ff653023a 2016-03-28T21:28:44.700Z {"type":"progresschanged","target_tagname":"progressmeter","target_id":"progressMeter","value":"5"}
INST 08703e3ff653023a 2016-03-28T21:29:45.600Z {"type":"progresschanged","target_tagname":"progressmeter","target_id":"progressMeter","value":"5"}
INST 08703e3ff653023a 2016-03-28T21:30:42.700Z {"type":"click","target_tagname":"dialog","target_id":"TorProgress","detail":1}
INST 08703e3ff653023a 2016-03-28T21:30:42.700Z {"type":"dialogcancel","target_tagname":"dialog","target_id":"TorProgress"}
INST 08703e3ff653023a 2016-03-28T21:30:42.700Z {"type":"command","target_tagname":"dialog","target_id":"TorProgress"}
INST 08703e3ff653023a 2016-03-28T21:30:42.800Z {"type":"command","target_tagname":"button","target_id":"connect_button"}
INST 08703e3ff653023a 2016-03-28T21:30:44.300Z {"type":"click","target_tagname":"button","target_id":"configure_button","detail":1}
INST 08703e3ff653023a 2016-03-28T21:30:44.300Z {"type":"pagehide","target_tagname":"wizardpage","target_id":"first"}
INST 08703e3ff653023a 2016-03-28T21:30:44.300Z {"type":"pageadvanced","target_tagname":"wizardpage","target_id":"first"}
INST 08703e3ff653023a 2016-03-28T21:30:44.300Z {"type":"wizardnext","target_tagname":"wizard","target_id":"TorNetworkSettings"}
INST 08703e3ff653023a 2016-03-28T21:30:44.300Z {"type":"pageshow","target_tagname":"wizardpage","target_id":"bridges"}
INST 08703e3ff653023a 2016-03-28T21:30:44.300Z {"type":"command","target_tagname":"button","target_id":"configure_button"}
INST 08703e3ff653023a 2016-03-28T21:30:44.500Z {"type":"click","target_tagname":"wizardpage","target_id":"bridges","detail":2}
INST 08703e3ff653023a 2016-03-28T21:30:58.300Z {"type":"click","target_tagname":"radio","target_id":"bridgesRadioYes","detail":1}
INST 08703e3ff653023a 2016-03-28T21:30:58.300Z {"type":"command","target_tagname":"radio","target_id":"bridgesRadioYes"}
INST 08703e3ff653023a 2016-03-28T21:31:00.200Z {"type":"click","target_tagname":"wizard","target_id":"TorNetworkSettings","detail":1}
INST 08703e3ff653023a 2016-03-28T21:31:00.200Z {"type":"pagehide","target_tagname":"wizardpage","target_id":"bridges"}
INST 08703e3ff653023a 2016-03-28T21:31:00.200Z {"type":"pageadvanced","target_tagname":"wizardpage","target_id":"bridges"}
INST 08703e3ff653023a 2016-03-28T21:31:00.200Z {"type":"wizardnext","target_tagname":"wizard","target_id":"TorNetworkSettings"}
INST 08703e3ff653023a 2016-03-28T21:31:00.200Z {"type":"pageshow","target_tagname":"wizardpage","target_id":"bridgeSettings"}
INST 08703e3ff653023a 2016-03-28T21:31:00.200Z {"type":"command","target_tagname":"wizard","target_id":"TorNetworkSettings"}
INST 08703e3ff653023a 2016-03-28T21:31:14.400Z {"type":"click","target_tagname":"wizard","target_id":"TorNetworkSettings","detail":1}
INST 08703e3ff653023a 2016-03-28T21:31:14.400Z {"type":"pagehide","target_tagname":"wizardpage","target_id":"bridgeSettings"}
INST 08703e3ff653023a 2016-03-28T21:31:14.400Z {"type":"pageadvanced","target_tagname":"wizardpage","target_id":"bridgeSettings"}
INST 08703e3ff653023a 2016-03-28T21:31:14.400Z {"type":"wizardnext","target_tagname":"wizard","target_id":"TorNetworkSettings"}
INST 08703e3ff653023a 2016-03-28T21:31:14.400Z {"type":"pageshow","target_tagname":"wizardpage","target_id":"proxy"}
INST 08703e3ff653023a 2016-03-28T21:31:14.400Z {"type":"command","target_tagname":"wizard","target_id":"TorNetworkSettings"}
INST 08703e3ff653023a 2016-03-28T21:31:31.200Z {"type":"click","target_tagname":"wizard","target_id":"TorNetworkSettings","detail":1}
INST 08703e3ff653023a 2016-03-28T21:31:31.200Z {"type":"pagehide","target_tagname":"wizardpage","target_id":"proxy"}
INST 08703e3ff653023a 2016-03-28T21:31:31.200Z {"type":"pageadvanced","target_tagname":"wizardpage","target_id":"proxy"}
INST 08703e3ff653023a 2016-03-28T21:31:31.200Z {"type":"wizardfinish","target_tagname":"wizard","target_id":"TorNetworkSettings"}
INST 08703e3ff653023a 2016-03-28T21:31:31.300Z {"type":"load","target_id":"progress_bar"}
INST 08703e3ff653023a 2016-03-28T21:31:37.700Z {"type":"progresschanged","target_tagname":"progressmeter","target_id":"progressMeter","value":"10"}
INST 08703e3ff653023a 2016-03-28T21:33:15.900Z {"type":"click","target_tagname":"dialog","target_id":"TorProgress","detail":1}
INST 08703e3ff653023a 2016-03-28T21:33:15.900Z {"type":"dialogcancel","target_tagname":"dialog","target_id":"TorProgress"}
INST 08703e3ff653023a 2016-03-28T21:33:15.900Z {"type":"command","target_tagname":"dialog","target_id":"TorProgress"}
INST 08703e3ff653023a 2016-03-28T21:33:15.900Z {"type":"command","target_tagname":"wizard","target_id":"TorNetworkSettings"}
INST 08703e3ff653023a 2016-03-28T21:33:47.600Z {"type":"click","target_tagname":"radio","target_id":"proxyRadioYes","detail":1}
INST 08703e3ff653023a 2016-03-28T21:33:47.700Z {"type":"command","target_tagname":"radio","target_id":"proxyRadioYes"}
INST 08703e3ff653023a 2016-03-28T21:33:49.400Z {"type":"click","target_tagname":"wizard","target_id":"TorNetworkSettings","detail":1}
INST 08703e3ff653023a 2016-03-28T21:33:49.400Z {"type":"pagehide","target_tagname":"wizardpage","target_id":"proxy"}
INST 08703e3ff653023a 2016-03-28T21:33:49.400Z {"type":"pageadvanced","target_tagname":"wizardpage","target_id":"proxy"}
INST 08703e3ff653023a 2016-03-28T21:33:49.400Z {"type":"wizardnext","target_tagname":"wizard","target_id":"TorNetworkSettings"}
INST 08703e3ff653023a 2016-03-28T21:33:49.400Z {"type":"pageshow","target_tagname":"wizardpage","target_id":"proxyYES"}
INST 08703e3ff653023a 2016-03-28T21:33:49.400Z {"type":"command","target_tagname":"wizard","target_id":"TorNetworkSettings"}
INST 08703e3ff653023a 2016-03-28T21:33:57.100Z {"type":"click","target_tagname":"wizard","target_id":"TorNetworkSettings","detail":1}
INST 08703e3ff653023a 2016-03-28T21:33:57.100Z {"type":"pagehide","target_tagname":"wizardpage","target_id":"proxyYES"}
INST 08703e3ff653023a 2016-03-28T21:33:57.100Z {"type":"pagerewound","target_tagname":"wizardpage","target_id":"proxyYES"}
INST 08703e3ff653023a 2016-03-28T21:33:57.100Z {"type":"wizardback","target_tagname":"wizard","target_id":"TorNetworkSettings"}
INST 08703e3ff653023a 2016-03-28T21:33:57.100Z {"type":"pageshow","target_tagname":"wizardpage","target_id":"proxy"}
INST 08703e3ff653023a 2016-03-28T21:33:57.100Z {"type":"command","target_tagname":"wizard","target_id":"TorNetworkSettings"}
INST 08703e3ff653023a 2016-03-28T21:33:58.300Z {"type":"click","target_tagname":"radio","target_id":"proxyRadioNo","detail":1}
INST 08703e3ff653023a 2016-03-28T21:33:58.300Z {"type":"command","target_tagname":"radio","target_id":"proxyRadioNo"}
INST 08703e3ff653023a 2016-03-28T21:33:59.900Z {"type":"click","target_tagname":"wizard","target_id":"TorNetworkSettings","detail":1}
INST 08703e3ff653023a 2016-03-28T21:33:59.900Z {"type":"pagehide","target_tagname":"wizardpage","target_id":"proxy"}
INST 08703e3ff653023a 2016-03-28T21:33:59.900Z {"type":"pageadvanced","target_tagname":"wizardpage","target_id":"proxy"}
INST 08703e3ff653023a 2016-03-28T21:33:59.900Z {"type":"wizardfinish","target_tagname":"wizard","target_id":"TorNetworkSettings"}
INST 08703e3ff653023a 2016-03-28T21:33:59.900Z {"type":"load","target_id":"progress_bar"}
INST 08703e3ff653023a 2016-03-28T21:34:47.500Z {"type":"click","target_tagname":"dialog","target_id":"TorProgress","detail":1}
INST 08703e3ff653023a 2016-03-28T21:34:47.500Z {"type":"dialogcancel","target_tagname":"dialog","target_id":"TorProgress"}
INST 08703e3ff653023a 2016-03-28T21:34:47.500Z {"type":"command","target_tagname":"dialog","target_id":"TorProgress"}
INST 08703e3ff653023a 2016-03-28T21:34:47.500Z {"type":"command","target_tagname":"wizard","target_id":"TorNetworkSettings"}
INST 08703e3ff653023a 2016-03-28T21:34:48.900Z {"type":"click","target_tagname":"wizard","target_id":"TorNetworkSettings","detail":1}
INST 08703e3ff653023a 2016-03-28T21:34:48.900Z {"type":"wizardcancel","target_tagname":"wizard","target_id":"TorNetworkSettings"}
INST 08703e3ff653023a 2016-03-28T21:34:48.900Z {"type":"command","target_tagname":"wizard","target_id":"TorNetworkSettings"}
INST 08703e3ff653023a 2016-03-28T21:34:48.900Z {"type":"unload","target_id":"configuration"}
INST 42c876967a640a74 2016-03-28T21:34:56.000Z {"type":"start"}
INST 42c876967a640a74 2016-03-28T21:34:56.800Z {"type":"select","target_tagname":"menulist","target_id":"proxyType","value":""}
INST 42c876967a640a74 2016-03-28T21:34:56.800Z {"type":"wizardnext","target_tagname":"wizard","target_id":"TorNetworkSettings"}
INST 42c876967a640a74 2016-03-28T21:34:56.800Z {"type":"pageshow","target_tagname":"wizardpage","target_id":"first"}
INST 42c876967a640a74 2016-03-28T21:34:56.800Z {"type":"load","target_id":"configuration"}
INST 42c876967a640a74 2016-03-28T21:34:56.800Z {"type":"select","target_tagname":"menulist","target_id":"defaultBridgeType","value":"obfs3"}
INST 42c876967a640a74 2016-03-28T21:35:00.200Z {"type":"click","target_tagname":"button","target_id":"connect_button","detail":1}
INST 42c876967a640a74 2016-03-28T21:35:00.200Z {"type":"load","target_id":"progress_bar"}
INST 42c876967a640a74 2016-03-28T21:35:06.500Z {"type":"progresschanged","target_tagname":"progressmeter","target_id":"progressMeter","value":"5"}
INST 42c876967a640a74 2016-03-28T21:35:06.500Z {"type":"progresschanged","target_tagname":"progressmeter","target_id":"progressMeter","value":"10"}
INST 42c876967a640a74 2016-03-28T22:04:42.300Z {"type":"dialogcancel","target_tagname":"dialog","target_id":"TorProgress"}
INST 42c876967a640a74 2016-03-28T22:04:42.300Z {"type":"command","target_tagname":"button","target_id":"connect_button"}
INST 42c876967a640a74 2016-03-28T22:04:42.600Z {"type":"wizardcancel","target_tagname":"wizard","target_id":"TorNetworkSettings"}
INST 42c876967a640a74 2016-03-28T22:04:42.600Z {"type":"unload","target_id":"configuration"}
