INST dd0e50d68660e9c3 2016-03-24T23:15:24.500Z {"type":"start"}
INST dd0e50d68660e9c3 2016-03-24T23:15:25.500Z {"type":"select","target_tagname":"menulist","target_id":"proxyType","value":""}
INST dd0e50d68660e9c3 2016-03-24T23:15:25.500Z {"type":"wizardnext","target_tagname":"wizard","target_id":"TorNetworkSettings"}
INST dd0e50d68660e9c3 2016-03-24T23:15:25.500Z {"type":"pageshow","target_tagname":"wizardpage","target_id":"first"}
INST dd0e50d68660e9c3 2016-03-24T23:15:25.500Z {"type":"load","target_id":"configuration"}
INST dd0e50d68660e9c3 2016-03-24T23:15:25.600Z {"type":"select","target_tagname":"menulist","target_id":"defaultBridgeType","value":"obfs3"}
INST dd0e50d68660e9c3 2016-03-24T23:15:35.500Z {"type":"click","target_tagname":"button","target_id":"connect_button","detail":1}
INST dd0e50d68660e9c3 2016-03-24T23:15:35.600Z {"type":"load","target_id":"progress_bar"}
INST dd0e50d68660e9c3 2016-03-24T23:15:36.100Z {"type":"progresschanged","target_tagname":"progressmeter","target_id":"progressMeter","value":"5"}
INST dd0e50d68660e9c3 2016-03-24T23:15:36.100Z {"type":"progresschanged","target_tagname":"progressmeter","target_id":"progressMeter","value":"5"}
INST dd0e50d68660e9c3 2016-03-24T23:15:36.100Z {"type":"progresschanged","target_tagname":"progressmeter","target_id":"progressMeter","value":"5"}
INST dd0e50d68660e9c3 2016-03-24T23:16:37.100Z {"type":"progresschanged","target_tagname":"progressmeter","target_id":"progressMeter","value":"5"}
INST dd0e50d68660e9c3 2016-03-24T23:17:53.900Z {"type":"click","target_tagname":"dialog","target_id":"TorProgress","detail":1}
INST dd0e50d68660e9c3 2016-03-24T23:17:53.900Z {"type":"dialogcancel","target_tagname":"dialog","target_id":"TorProgress"}
INST dd0e50d68660e9c3 2016-03-24T23:17:53.900Z {"type":"command","target_tagname":"dialog","target_id":"TorProgress"}
INST dd0e50d68660e9c3 2016-03-24T23:17:53.900Z {"type":"command","target_tagname":"button","target_id":"connect_button"}
INST dd0e50d68660e9c3 2016-03-24T23:18:02.100Z {"type":"click","target_tagname":"button","target_id":"configure_button","detail":1}
INST dd0e50d68660e9c3 2016-03-24T23:18:02.100Z {"type":"pagehide","target_tagname":"wizardpage","target_id":"first"}
INST dd0e50d68660e9c3 2016-03-24T23:18:02.100Z {"type":"pageadvanced","target_tagname":"wizardpage","target_id":"first"}
INST dd0e50d68660e9c3 2016-03-24T23:18:02.100Z {"type":"wizardnext","target_tagname":"wizard","target_id":"TorNetworkSettings"}
INST dd0e50d68660e9c3 2016-03-24T23:18:02.100Z {"type":"pageshow","target_tagname":"wizardpage","target_id":"bridges"}
INST dd0e50d68660e9c3 2016-03-24T23:18:02.100Z {"type":"command","target_tagname":"button","target_id":"configure_button"}
INST dd0e50d68660e9c3 2016-03-24T23:18:12.700Z {"type":"click","target_tagname":"wizard","target_id":"TorNetworkSettings","detail":1}
INST dd0e50d68660e9c3 2016-03-24T23:18:12.700Z {"type":"pagehide","target_tagname":"wizardpage","target_id":"bridges"}
INST dd0e50d68660e9c3 2016-03-24T23:18:12.700Z {"type":"pageadvanced","target_tagname":"wizardpage","target_id":"bridges"}
INST dd0e50d68660e9c3 2016-03-24T23:18:12.700Z {"type":"wizardnext","target_tagname":"wizard","target_id":"TorNetworkSettings"}
INST dd0e50d68660e9c3 2016-03-24T23:18:12.700Z {"type":"pageshow","target_tagname":"wizardpage","target_id":"proxy"}
INST dd0e50d68660e9c3 2016-03-24T23:18:12.700Z {"type":"command","target_tagname":"wizard","target_id":"TorNetworkSettings"}
INST dd0e50d68660e9c3 2016-03-24T23:18:22.000Z {"type":"click","target_tagname":"wizard","target_id":"TorNetworkSettings","detail":1}
INST dd0e50d68660e9c3 2016-03-24T23:18:22.000Z {"type":"pagehide","target_tagname":"wizardpage","target_id":"proxy"}
INST dd0e50d68660e9c3 2016-03-24T23:18:22.000Z {"type":"pageadvanced","target_tagname":"wizardpage","target_id":"proxy"}
INST dd0e50d68660e9c3 2016-03-24T23:18:22.100Z {"type":"wizardfinish","target_tagname":"wizard","target_id":"TorNetworkSettings"}
INST dd0e50d68660e9c3 2016-03-24T23:18:22.100Z {"type":"load","target_id":"progress_bar"}
INST dd0e50d68660e9c3 2016-03-24T23:18:35.000Z {"type":"click","target_tagname":"dialog","target_id":"TorProgress","detail":1}
INST dd0e50d68660e9c3 2016-03-24T23:18:35.000Z {"type":"dialogcancel","target_tagname":"dialog","target_id":"TorProgress"}
INST dd0e50d68660e9c3 2016-03-24T23:18:35.000Z {"type":"command","target_tagname":"dialog","target_id":"TorProgress"}
INST dd0e50d68660e9c3 2016-03-24T23:18:35.100Z {"type":"command","target_tagname":"wizard","target_id":"TorNetworkSettings"}
INST dd0e50d68660e9c3 2016-03-24T23:18:36.200Z {"type":"wizardcancel","target_tagname":"wizard","target_id":"TorNetworkSettings"}
INST dd0e50d68660e9c3 2016-03-24T23:18:36.200Z {"type":"unload","target_id":"configuration"}
INST 7376844a1471e99a 2016-03-24T23:18:40.500Z {"type":"start"}
INST 7376844a1471e99a 2016-03-24T23:18:41.200Z {"type":"select","target_tagname":"menulist","target_id":"proxyType","value":""}
INST 7376844a1471e99a 2016-03-24T23:18:41.200Z {"type":"wizardnext","target_tagname":"wizard","target_id":"TorNetworkSettings"}
INST 7376844a1471e99a 2016-03-24T23:18:41.200Z {"type":"pageshow","target_tagname":"wizardpage","target_id":"first"}
INST 7376844a1471e99a 2016-03-24T23:18:41.200Z {"type":"load","target_id":"configuration"}
INST 7376844a1471e99a 2016-03-24T23:18:41.200Z {"type":"select","target_tagname":"menulist","target_id":"defaultBridgeType","value":"obfs3"}
INST 7376844a1471e99a 2016-03-24T23:18:43.800Z {"type":"click","target_tagname":"button","target_id":"connect_button","detail":1}
INST 7376844a1471e99a 2016-03-24T23:18:43.900Z {"type":"load","target_id":"progress_bar"}
INST 7376844a1471e99a 2016-03-24T23:18:44.000Z {"type":"progresschanged","target_tagname":"progressmeter","target_id":"progressMeter","value":"5"}
INST 7376844a1471e99a 2016-03-24T23:18:44.000Z {"type":"progresschanged","target_tagname":"progressmeter","target_id":"progressMeter","value":"5"}
INST 7376844a1471e99a 2016-03-24T23:18:44.000Z {"type":"progresschanged","target_tagname":"progressmeter","target_id":"progressMeter","value":"5"}
INST 7376844a1471e99a 2016-03-24T23:19:45.000Z {"type":"progresschanged","target_tagname":"progressmeter","target_id":"progressMeter","value":"5"}
INST 7376844a1471e99a 2016-03-24T23:23:15.000Z {"type":"click","target_tagname":"dialog","target_id":"TorProgress","detail":1}
INST 7376844a1471e99a 2016-03-24T23:23:15.000Z {"type":"dialogcancel","target_tagname":"dialog","target_id":"TorProgress"}
INST 7376844a1471e99a 2016-03-24T23:23:15.000Z {"type":"command","target_tagname":"dialog","target_id":"TorProgress"}
INST 7376844a1471e99a 2016-03-24T23:23:15.000Z {"type":"command","target_tagname":"button","target_id":"connect_button"}
INST 7376844a1471e99a 2016-03-24T23:23:15.900Z {"type":"click","target_tagname":"button","target_id":"configure_button","detail":1}
INST 7376844a1471e99a 2016-03-24T23:23:15.900Z {"type":"pagehide","target_tagname":"wizardpage","target_id":"first"}
INST 7376844a1471e99a 2016-03-24T23:23:16.000Z {"type":"pageadvanced","target_tagname":"wizardpage","target_id":"first"}
INST 7376844a1471e99a 2016-03-24T23:23:16.000Z {"type":"wizardnext","target_tagname":"wizard","target_id":"TorNetworkSettings"}
INST 7376844a1471e99a 2016-03-24T23:23:16.000Z {"type":"pageshow","target_tagname":"wizardpage","target_id":"bridges"}
INST 7376844a1471e99a 2016-03-24T23:23:16.000Z {"type":"command","target_tagname":"button","target_id":"configure_button"}
INST 7376844a1471e99a 2016-03-24T23:23:28.300Z {"type":"click","target_tagname":"radio","target_id":"bridgesRadioYes","detail":1}
INST 7376844a1471e99a 2016-03-24T23:23:28.300Z {"type":"command","target_tagname":"radio","target_id":"bridgesRadioYes"}
INST 7376844a1471e99a 2016-03-24T23:23:29.300Z {"type":"click","target_tagname":"wizard","target_id":"TorNetworkSettings","detail":1}
INST 7376844a1471e99a 2016-03-24T23:23:29.300Z {"type":"pagehide","target_tagname":"wizardpage","target_id":"bridges"}
INST 7376844a1471e99a 2016-03-24T23:23:29.300Z {"type":"pageadvanced","target_tagname":"wizardpage","target_id":"bridges"}
INST 7376844a1471e99a 2016-03-24T23:23:29.300Z {"type":"wizardnext","target_tagname":"wizard","target_id":"TorNetworkSettings"}
INST 7376844a1471e99a 2016-03-24T23:23:29.300Z {"type":"pageshow","target_tagname":"wizardpage","target_id":"bridgeSettings"}
INST 7376844a1471e99a 2016-03-24T23:23:29.300Z {"type":"command","target_tagname":"wizard","target_id":"TorNetworkSettings"}
INST 7376844a1471e99a 2016-03-24T23:23:31.700Z {"type":"click","target_tagname":"wizard","target_id":"TorNetworkSettings","detail":1}
INST 7376844a1471e99a 2016-03-24T23:23:31.700Z {"type":"pagehide","target_tagname":"wizardpage","target_id":"bridgeSettings"}
INST 7376844a1471e99a 2016-03-24T23:23:31.700Z {"type":"pageadvanced","target_tagname":"wizardpage","target_id":"bridgeSettings"}
INST 7376844a1471e99a 2016-03-24T23:23:31.700Z {"type":"wizardnext","target_tagname":"wizard","target_id":"TorNetworkSettings"}
INST 7376844a1471e99a 2016-03-24T23:23:31.700Z {"type":"pageshow","target_tagname":"wizardpage","target_id":"proxy"}
INST 7376844a1471e99a 2016-03-24T23:23:31.700Z {"type":"command","target_tagname":"wizard","target_id":"TorNetworkSettings"}
INST 7376844a1471e99a 2016-03-24T23:23:35.100Z {"type":"click","target_tagname":"radio","target_id":"proxyRadioYes","detail":1}
INST 7376844a1471e99a 2016-03-24T23:23:35.100Z {"type":"command","target_tagname":"radio","target_id":"proxyRadioYes"}
INST 7376844a1471e99a 2016-03-24T23:23:42.300Z {"type":"click","target_tagname":"wizard","target_id":"TorNetworkSettings","detail":1}
INST 7376844a1471e99a 2016-03-24T23:23:42.300Z {"type":"pagehide","target_tagname":"wizardpage","target_id":"proxy"}
INST 7376844a1471e99a 2016-03-24T23:23:42.300Z {"type":"pageadvanced","target_tagname":"wizardpage","target_id":"proxy"}
INST 7376844a1471e99a 2016-03-24T23:23:42.300Z {"type":"wizardnext","target_tagname":"wizard","target_id":"TorNetworkSettings"}
INST 7376844a1471e99a 2016-03-24T23:23:42.300Z {"type":"pageshow","target_tagname":"wizardpage","target_id":"proxyYES"}
INST 7376844a1471e99a 2016-03-24T23:23:42.300Z {"type":"command","target_tagname":"wizard","target_id":"TorNetworkSettings"}
INST 7376844a1471e99a 2016-03-24T23:23:44.500Z {"type":"popupshown","target_tagname":"menupopup","target_id":"proxyType_menuPopup"}
INST 7376844a1471e99a 2016-03-24T23:23:44.600Z {"type":"click","target_tagname":"menulist","target_id":"proxyType","value":"","detail":1}
INST 7376844a1471e99a 2016-03-24T23:23:45.500Z {"type":"mouseover","target_tagname":"menuitem","target_id":"","value":""}
INST 7376844a1471e99a 2016-03-24T23:23:45.900Z {"type":"mouseout","target_tagname":"menuitem","target_id":"","value":""}
INST 7376844a1471e99a 2016-03-24T23:23:45.900Z {"type":"mouseover","target_tagname":"menuitem","target_id":"","value":"SOCKS4"}
INST 7376844a1471e99a 2016-03-24T23:23:46.400Z {"type":"click","target_tagname":"menuitem","target_id":"","value":"SOCKS4","detail":1}
INST 7376844a1471e99a 2016-03-24T23:23:46.400Z {"type":"select","target_tagname":"menulist","target_id":"proxyType","value":"SOCKS4"}
INST 7376844a1471e99a 2016-03-24T23:23:46.400Z {"type":"command","target_tagname":"menuitem","target_id":"","value":"SOCKS4"}
INST 7376844a1471e99a 2016-03-24T23:23:46.400Z {"type":"popuphidden","target_tagname":"menupopup","target_id":"proxyType_menuPopup"}
INST 7376844a1471e99a 2016-03-24T23:23:46.500Z {"type":"mouseout","target_tagname":"menuitem","target_id":"","value":"SOCKS4"}
INST 7376844a1471e99a 2016-03-24T23:23:48.000Z {"type":"click","target_tagname":"wizard","target_id":"TorNetworkSettings","detail":1}
INST 7376844a1471e99a 2016-03-24T23:23:48.000Z {"type":"pagehide","target_tagname":"wizardpage","target_id":"proxyYES"}
INST 7376844a1471e99a 2016-03-24T23:23:48.000Z {"type":"pageadvanced","target_tagname":"wizardpage","target_id":"proxyYES"}
INST 7376844a1471e99a 2016-03-24T23:23:48.000Z {"type":"alert_show","target_id":"failed_to_save_settings","value":"Unable to save Tor settings.\n\nYou must specify both an IP address or hostname and a port number to configure Tor to use a proxy to access the Internet."}
INST 7376844a1471e99a 2016-03-24T23:23:50.900Z {"type":"alert_exit","target_id":"failed_to_save_settings","value":"Unable to save Tor settings.\n\nYou must specify both an IP address or hostname and a port number to configure Tor to use a proxy to access the Internet."}
INST 7376844a1471e99a 2016-03-24T23:23:50.900Z {"type":"command","target_tagname":"wizard","target_id":"TorNetworkSettings"}
INST 7376844a1471e99a 2016-03-24T23:23:51.700Z {"type":"popupshown","target_tagname":"menupopup","target_id":"proxyType_menuPopup"}
INST 7376844a1471e99a 2016-03-24T23:23:51.700Z {"type":"click","target_tagname":"menulist","target_id":"proxyType","value":"SOCKS4","detail":1}
INST 7376844a1471e99a 2016-03-24T23:23:52.000Z {"type":"mouseover","target_tagname":"menuitem","target_id":"","value":""}
INST 7376844a1471e99a 2016-03-24T23:23:52.400Z {"type":"click","target_tagname":"menuitem","target_id":"","value":"","detail":1}
INST 7376844a1471e99a 2016-03-24T23:23:52.400Z {"type":"select","target_tagname":"menulist","target_id":"proxyType","value":""}
INST 7376844a1471e99a 2016-03-24T23:23:52.400Z {"type":"command","target_tagname":"menuitem","target_id":"","value":""}
INST 7376844a1471e99a 2016-03-24T23:23:52.400Z {"type":"popuphidden","target_tagname":"menupopup","target_id":"proxyType_menuPopup"}
INST 7376844a1471e99a 2016-03-24T23:23:52.400Z {"type":"mouseout","target_tagname":"menuitem","target_id":"","value":""}
INST 7376844a1471e99a 2016-03-24T23:23:54.100Z {"type":"click","target_tagname":"wizard","target_id":"TorNetworkSettings","detail":1}
INST 7376844a1471e99a 2016-03-24T23:23:54.100Z {"type":"pagehide","target_tagname":"wizardpage","target_id":"proxyYES"}
INST 7376844a1471e99a 2016-03-24T23:23:54.100Z {"type":"pagerewound","target_tagname":"wizardpage","target_id":"proxyYES"}
INST 7376844a1471e99a 2016-03-24T23:23:54.100Z {"type":"wizardback","target_tagname":"wizard","target_id":"TorNetworkSettings"}
INST 7376844a1471e99a 2016-03-24T23:23:54.100Z {"type":"pageshow","target_tagname":"wizardpage","target_id":"proxy"}
INST 7376844a1471e99a 2016-03-24T23:23:54.100Z {"type":"command","target_tagname":"wizard","target_id":"TorNetworkSettings"}
INST 7376844a1471e99a 2016-03-24T23:23:55.700Z {"type":"click","target_tagname":"radio","target_id":"proxyRadioNo","detail":1}
INST 7376844a1471e99a 2016-03-24T23:23:55.700Z {"type":"command","target_tagname":"radio","target_id":"proxyRadioNo"}
INST 7376844a1471e99a 2016-03-24T23:23:57.100Z {"type":"click","target_tagname":"wizard","target_id":"TorNetworkSettings","detail":1}
INST 7376844a1471e99a 2016-03-24T23:23:57.100Z {"type":"pagehide","target_tagname":"wizardpage","target_id":"proxy"}
INST 7376844a1471e99a 2016-03-24T23:23:57.100Z {"type":"pageadvanced","target_tagname":"wizardpage","target_id":"proxy"}
INST 7376844a1471e99a 2016-03-24T23:23:57.100Z {"type":"wizardfinish","target_tagname":"wizard","target_id":"TorNetworkSettings"}
INST 7376844a1471e99a 2016-03-24T23:23:57.200Z {"type":"load","target_id":"progress_bar"}
INST 7376844a1471e99a 2016-03-24T23:24:04.000Z {"type":"progresschanged","target_tagname":"progressmeter","target_id":"progressMeter","value":"10"}
INST 7376844a1471e99a 2016-03-24T23:26:46.200Z {"type":"click","target_tagname":"dialog","target_id":"TorProgress","detail":1}
INST 7376844a1471e99a 2016-03-24T23:26:46.200Z {"type":"dialogcancel","target_tagname":"dialog","target_id":"TorProgress"}
INST 7376844a1471e99a 2016-03-24T23:26:46.200Z {"type":"command","target_tagname":"dialog","target_id":"TorProgress"}
INST 7376844a1471e99a 2016-03-24T23:26:46.200Z {"type":"command","target_tagname":"wizard","target_id":"TorNetworkSettings"}
INST 7376844a1471e99a 2016-03-24T23:26:48.400Z {"type":"click","target_tagname":"wizard","target_id":"TorNetworkSettings","detail":1}
INST 7376844a1471e99a 2016-03-24T23:26:48.400Z {"type":"pagehide","target_tagname":"wizardpage","target_id":"proxy"}
INST 7376844a1471e99a 2016-03-24T23:26:48.400Z {"type":"pageadvanced","target_tagname":"wizardpage","target_id":"proxy"}
INST 7376844a1471e99a 2016-03-24T23:26:48.400Z {"type":"wizardfinish","target_tagname":"wizard","target_id":"TorNetworkSettings"}
INST 7376844a1471e99a 2016-03-24T23:26:48.500Z {"type":"load","target_id":"progress_bar"}
INST 7376844a1471e99a 2016-03-24T23:27:26.700Z {"type":"click","target_tagname":"dialog","target_id":"TorProgress","detail":1}
INST 7376844a1471e99a 2016-03-24T23:27:26.700Z {"type":"dialogcancel","target_tagname":"dialog","target_id":"TorProgress"}
INST 7376844a1471e99a 2016-03-24T23:27:26.700Z {"type":"command","target_tagname":"dialog","target_id":"TorProgress"}
INST 7376844a1471e99a 2016-03-24T23:27:26.700Z {"type":"command","target_tagname":"wizard","target_id":"TorNetworkSettings"}
INST 7376844a1471e99a 2016-03-24T23:27:27.800Z {"type":"wizardcancel","target_tagname":"wizard","target_id":"TorNetworkSettings"}
INST 7376844a1471e99a 2016-03-24T23:27:27.800Z {"type":"unload","target_id":"configuration"}
INST 1cd0d653483aa490 2016-03-24T23:27:35.100Z {"type":"start"}
INST 1cd0d653483aa490 2016-03-24T23:27:35.800Z {"type":"select","target_tagname":"menulist","target_id":"proxyType","value":""}
INST 1cd0d653483aa490 2016-03-24T23:27:35.800Z {"type":"wizardnext","target_tagname":"wizard","target_id":"TorNetworkSettings"}
INST 1cd0d653483aa490 2016-03-24T23:27:35.800Z {"type":"pageshow","target_tagname":"wizardpage","target_id":"first"}
INST 1cd0d653483aa490 2016-03-24T23:27:35.800Z {"type":"load","target_id":"configuration"}
INST 1cd0d653483aa490 2016-03-24T23:27:35.800Z {"type":"select","target_tagname":"menulist","target_id":"defaultBridgeType","value":"obfs3"}
INST 1cd0d653483aa490 2016-03-24T23:27:37.900Z {"type":"click","target_tagname":"button","target_id":"connect_button","detail":1}
INST 1cd0d653483aa490 2016-03-24T23:27:38.000Z {"type":"load","target_id":"progress_bar"}
INST 1cd0d653483aa490 2016-03-24T23:27:44.500Z {"type":"progresschanged","target_tagname":"progressmeter","target_id":"progressMeter","value":"5"}
INST 1cd0d653483aa490 2016-03-24T23:27:44.500Z {"type":"progresschanged","target_tagname":"progressmeter","target_id":"progressMeter","value":"10"}
INST 1cd0d653483aa490 2016-03-24T23:31:28.700Z {"type":"click","target_tagname":"dialog","target_id":"TorProgress","detail":1}
INST 1cd0d653483aa490 2016-03-24T23:31:28.700Z {"type":"dialogcancel","target_tagname":"dialog","target_id":"TorProgress"}
INST 1cd0d653483aa490 2016-03-24T23:31:28.700Z {"type":"command","target_tagname":"dialog","target_id":"TorProgress"}
INST 1cd0d653483aa490 2016-03-24T23:31:28.700Z {"type":"command","target_tagname":"button","target_id":"connect_button"}
INST 1cd0d653483aa490 2016-03-24T23:31:29.700Z {"type":"click","target_tagname":"button","target_id":"configure_button","detail":1}
INST 1cd0d653483aa490 2016-03-24T23:31:29.700Z {"type":"pagehide","target_tagname":"wizardpage","target_id":"first"}
INST 1cd0d653483aa490 2016-03-24T23:31:29.700Z {"type":"pageadvanced","target_tagname":"wizardpage","target_id":"first"}
INST 1cd0d653483aa490 2016-03-24T23:31:29.700Z {"type":"wizardnext","target_tagname":"wizard","target_id":"TorNetworkSettings"}
INST 1cd0d653483aa490 2016-03-24T23:31:29.700Z {"type":"pageshow","target_tagname":"wizardpage","target_id":"bridges"}
INST 1cd0d653483aa490 2016-03-24T23:31:29.700Z {"type":"command","target_tagname":"button","target_id":"configure_button"}
INST 1cd0d653483aa490 2016-03-24T23:31:33.800Z {"type":"click","target_tagname":"wizard","target_id":"TorNetworkSettings","detail":1}
INST 1cd0d653483aa490 2016-03-24T23:31:33.800Z {"type":"pagehide","target_tagname":"wizardpage","target_id":"bridges"}
INST 1cd0d653483aa490 2016-03-24T23:31:33.800Z {"type":"pageadvanced","target_tagname":"wizardpage","target_id":"bridges"}
INST 1cd0d653483aa490 2016-03-24T23:31:33.800Z {"type":"wizardnext","target_tagname":"wizard","target_id":"TorNetworkSettings"}
INST 1cd0d653483aa490 2016-03-24T23:31:33.800Z {"type":"pageshow","target_tagname":"wizardpage","target_id":"bridgeSettings"}
INST 1cd0d653483aa490 2016-03-24T23:31:33.800Z {"type":"command","target_tagname":"wizard","target_id":"TorNetworkSettings"}
INST 1cd0d653483aa490 2016-03-24T23:31:37.100Z {"type":"click","target_tagname":"wizard","target_id":"TorNetworkSettings","detail":1}
INST 1cd0d653483aa490 2016-03-24T23:31:37.100Z {"type":"pagehide","target_tagname":"wizardpage","target_id":"bridgeSettings"}
INST 1cd0d653483aa490 2016-03-24T23:31:37.100Z {"type":"pageadvanced","target_tagname":"wizardpage","target_id":"bridgeSettings"}
INST 1cd0d653483aa490 2016-03-24T23:31:37.100Z {"type":"wizardnext","target_tagname":"wizard","target_id":"TorNetworkSettings"}
INST 1cd0d653483aa490 2016-03-24T23:31:37.100Z {"type":"pageshow","target_tagname":"wizardpage","target_id":"proxy"}
INST 1cd0d653483aa490 2016-03-24T23:31:37.100Z {"type":"command","target_tagname":"wizard","target_id":"TorNetworkSettings"}
INST 1cd0d653483aa490 2016-03-24T23:31:50.800Z {"type":"click","target_tagname":"radio","target_id":"proxyRadioYes","detail":1}
INST 1cd0d653483aa490 2016-03-24T23:31:50.800Z {"type":"command","target_tagname":"radio","target_id":"proxyRadioYes"}
INST 1cd0d653483aa490 2016-03-24T23:31:51.800Z {"type":"click","target_tagname":"wizard","target_id":"TorNetworkSettings","detail":1}
INST 1cd0d653483aa490 2016-03-24T23:31:51.800Z {"type":"pagehide","target_tagname":"wizardpage","target_id":"proxy"}
INST 1cd0d653483aa490 2016-03-24T23:31:51.800Z {"type":"pageadvanced","target_tagname":"wizardpage","target_id":"proxy"}
INST 1cd0d653483aa490 2016-03-24T23:31:51.800Z {"type":"wizardnext","target_tagname":"wizard","target_id":"TorNetworkSettings"}
INST 1cd0d653483aa490 2016-03-24T23:31:51.800Z {"type":"pageshow","target_tagname":"wizardpage","target_id":"proxyYES"}
INST 1cd0d653483aa490 2016-03-24T23:31:51.800Z {"type":"command","target_tagname":"wizard","target_id":"TorNetworkSettings"}
INST 1cd0d653483aa490 2016-03-24T23:31:53.600Z {"type":"popupshown","target_tagname":"menupopup","target_id":"proxyType_menuPopup"}
INST 1cd0d653483aa490 2016-03-24T23:31:53.600Z {"type":"click","target_tagname":"menulist","target_id":"proxyType","value":"","detail":1}
INST 1cd0d653483aa490 2016-03-24T23:31:54.700Z {"type":"mouseover","target_tagname":"menuitem","target_id":"","value":""}
INST 1cd0d653483aa490 2016-03-24T23:31:54.800Z {"type":"mouseout","target_tagname":"menuitem","target_id":"","value":""}
INST 1cd0d653483aa490 2016-03-24T23:31:54.800Z {"type":"mouseover","target_tagname":"menuitem","target_id":"","value":"SOCKS4"}
INST 1cd0d653483aa490 2016-03-24T23:31:55.000Z {"type":"mouseout","target_tagname":"menuitem","target_id":"","value":"SOCKS4"}
INST 1cd0d653483aa490 2016-03-24T23:31:55.000Z {"type":"mouseover","target_tagname":"menuitem","target_id":"","value":"SOCKS5"}
INST 1cd0d653483aa490 2016-03-24T23:31:55.300Z {"type":"mouseout","target_tagname":"menuitem","target_id":"","value":"SOCKS5"}
INST 1cd0d653483aa490 2016-03-24T23:31:55.300Z {"type":"mouseover","target_tagname":"menuitem","target_id":"","value":"HTTP"}
INST 1cd0d653483aa490 2016-03-24T23:31:56.000Z {"type":"click","target_tagname":"menuitem","target_id":"","value":"HTTP","detail":1}
INST 1cd0d653483aa490 2016-03-24T23:31:56.000Z {"type":"select","target_tagname":"menulist","target_id":"proxyType","value":"HTTP"}
INST 1cd0d653483aa490 2016-03-24T23:31:56.000Z {"type":"command","target_tagname":"menuitem","target_id":"","value":"HTTP"}
INST 1cd0d653483aa490 2016-03-24T23:31:56.000Z {"type":"popuphidden","target_tagname":"menupopup","target_id":"proxyType_menuPopup"}
INST 1cd0d653483aa490 2016-03-24T23:31:56.000Z {"type":"mouseout","target_tagname":"menuitem","target_id":"","value":"HTTP"}
INST 1cd0d653483aa490 2016-03-24T23:31:56.800Z {"type":"click","target_tagname":"wizard","target_id":"TorNetworkSettings","detail":1}
INST 1cd0d653483aa490 2016-03-24T23:31:56.800Z {"type":"pagehide","target_tagname":"wizardpage","target_id":"proxyYES"}
INST 1cd0d653483aa490 2016-03-24T23:31:56.800Z {"type":"pageadvanced","target_tagname":"wizardpage","target_id":"proxyYES"}
INST 1cd0d653483aa490 2016-03-24T23:31:56.800Z {"type":"alert_show","target_id":"failed_to_save_settings","value":"Unable to save Tor settings.\n\nYou must specify both an IP address or hostname and a port number to configure Tor to use a proxy to access the Internet."}
INST 1cd0d653483aa490 2016-03-24T23:31:59.600Z {"type":"alert_exit","target_id":"failed_to_save_settings","value":"Unable to save Tor settings.\n\nYou must specify both an IP address or hostname and a port number to configure Tor to use a proxy to access the Internet."}
INST 1cd0d653483aa490 2016-03-24T23:31:59.600Z {"type":"command","target_tagname":"wizard","target_id":"TorNetworkSettings"}
INST 1cd0d653483aa490 2016-03-24T23:32:02.400Z {"type":"popupshown","target_tagname":"menupopup","target_id":"proxyType_menuPopup"}
INST 1cd0d653483aa490 2016-03-24T23:32:02.500Z {"type":"click","target_tagname":"menulist","target_id":"proxyType","value":"HTTP","detail":1}
INST 1cd0d653483aa490 2016-03-24T23:32:02.900Z {"type":"mouseover","target_tagname":"menuitem","target_id":"","value":""}
INST 1cd0d653483aa490 2016-03-24T23:32:02.900Z {"type":"mouseout","target_tagname":"menuitem","target_id":"","value":""}
INST 1cd0d653483aa490 2016-03-24T23:32:02.900Z {"type":"mouseover","target_tagname":"menuitem","target_id":"","value":"SOCKS4"}
INST 1cd0d653483aa490 2016-03-24T23:32:03.300Z {"type":"mouseout","target_tagname":"menuitem","target_id":"","value":"SOCKS4"}
INST 1cd0d653483aa490 2016-03-24T23:32:03.300Z {"type":"mouseover","target_tagname":"menuitem","target_id":"","value":"SOCKS5"}
INST 1cd0d653483aa490 2016-03-24T23:32:03.600Z {"type":"click","target_tagname":"menuitem","target_id":"","value":"SOCKS5","detail":1}
INST 1cd0d653483aa490 2016-03-24T23:32:03.600Z {"type":"select","target_tagname":"menulist","target_id":"proxyType","value":"SOCKS5"}
INST 1cd0d653483aa490 2016-03-24T23:32:03.600Z {"type":"command","target_tagname":"menuitem","target_id":"","value":"SOCKS5"}
INST 1cd0d653483aa490 2016-03-24T23:32:03.600Z {"type":"popuphidden","target_tagname":"menupopup","target_id":"proxyType_menuPopup"}
INST 1cd0d653483aa490 2016-03-24T23:32:03.600Z {"type":"mouseout","target_tagname":"menuitem","target_id":"","value":"SOCKS5"}
INST 1cd0d653483aa490 2016-03-24T23:32:04.500Z {"type":"click","target_tagname":"wizard","target_id":"TorNetworkSettings","detail":1}
INST 1cd0d653483aa490 2016-03-24T23:32:04.500Z {"type":"pagehide","target_tagname":"wizardpage","target_id":"proxyYES"}
INST 1cd0d653483aa490 2016-03-24T23:32:04.500Z {"type":"pageadvanced","target_tagname":"wizardpage","target_id":"proxyYES"}
INST 1cd0d653483aa490 2016-03-24T23:32:04.500Z {"type":"alert_show","target_id":"failed_to_save_settings","value":"Unable to save Tor settings.\n\nYou must specify both an IP address or hostname and a port number to configure Tor to use a proxy to access the Internet."}
INST 1cd0d653483aa490 2016-03-24T23:32:06.500Z {"type":"alert_exit","target_id":"failed_to_save_settings","value":"Unable to save Tor settings.\n\nYou must specify both an IP address or hostname and a port number to configure Tor to use a proxy to access the Internet."}
INST 1cd0d653483aa490 2016-03-24T23:32:06.500Z {"type":"command","target_tagname":"wizard","target_id":"TorNetworkSettings"}
INST 1cd0d653483aa490 2016-03-24T23:32:11.000Z {"type":"click","target_tagname":"wizard","target_id":"TorNetworkSettings","detail":1}
INST 1cd0d653483aa490 2016-03-24T23:32:11.000Z {"type":"wizardcancel","target_tagname":"wizard","target_id":"TorNetworkSettings"}
INST 1cd0d653483aa490 2016-03-24T23:32:11.000Z {"type":"command","target_tagname":"wizard","target_id":"TorNetworkSettings"}
INST 1cd0d653483aa490 2016-03-24T23:32:11.000Z {"type":"unload","target_id":"configuration"}
INST 3e0132c4c7d0289f 2016-03-24T23:32:14.100Z {"type":"start"}
INST 3e0132c4c7d0289f 2016-03-24T23:32:14.200Z {"type":"select","target_tagname":"menulist","target_id":"proxyType","value":""}
INST 3e0132c4c7d0289f 2016-03-24T23:32:14.200Z {"type":"wizardnext","target_tagname":"wizard","target_id":"TorNetworkSettings"}
INST 3e0132c4c7d0289f 2016-03-24T23:32:14.200Z {"type":"pageshow","target_tagname":"wizardpage","target_id":"first"}
INST 3e0132c4c7d0289f 2016-03-24T23:32:14.800Z {"type":"load","target_id":"configuration"}
INST 3e0132c4c7d0289f 2016-03-24T23:32:14.800Z {"type":"select","target_tagname":"menulist","target_id":"defaultBridgeType","value":"obfs3"}
INST 3e0132c4c7d0289f 2016-03-24T23:32:16.200Z {"type":"click","target_tagname":"button","target_id":"connect_button","detail":1}
INST 3e0132c4c7d0289f 2016-03-24T23:32:16.200Z {"type":"load","target_id":"progress_bar"}
INST 3e0132c4c7d0289f 2016-03-24T23:32:22.600Z {"type":"progresschanged","target_tagname":"progressmeter","target_id":"progressMeter","value":"5"}
INST 3e0132c4c7d0289f 2016-03-24T23:32:22.600Z {"type":"progresschanged","target_tagname":"progressmeter","target_id":"progressMeter","value":"10"}
INST 3e0132c4c7d0289f 2016-03-24T23:36:00.300Z {"type":"click","target_tagname":"dialog","target_id":"TorProgress","detail":1}
INST 3e0132c4c7d0289f 2016-03-24T23:36:00.300Z {"type":"dialogcancel","target_tagname":"dialog","target_id":"TorProgress"}
INST 3e0132c4c7d0289f 2016-03-24T23:36:00.400Z {"type":"command","target_tagname":"dialog","target_id":"TorProgress"}
INST 3e0132c4c7d0289f 2016-03-24T23:36:00.400Z {"type":"command","target_tagname":"button","target_id":"connect_button"}
INST 3e0132c4c7d0289f 2016-03-24T23:36:07.500Z {"type":"click","target_tagname":"button","target_id":"configure_button","detail":1}
INST 3e0132c4c7d0289f 2016-03-24T23:36:07.500Z {"type":"pagehide","target_tagname":"wizardpage","target_id":"first"}
INST 3e0132c4c7d0289f 2016-03-24T23:36:07.500Z {"type":"pageadvanced","target_tagname":"wizardpage","target_id":"first"}
INST 3e0132c4c7d0289f 2016-03-24T23:36:07.500Z {"type":"wizardnext","target_tagname":"wizard","target_id":"TorNetworkSettings"}
INST 3e0132c4c7d0289f 2016-03-24T23:36:07.500Z {"type":"pageshow","target_tagname":"wizardpage","target_id":"bridges"}
INST 3e0132c4c7d0289f 2016-03-24T23:36:07.500Z {"type":"command","target_tagname":"button","target_id":"configure_button"}
INST 3e0132c4c7d0289f 2016-03-24T23:36:09.800Z {"type":"click","target_tagname":"wizard","target_id":"TorNetworkSettings","detail":1}
INST 3e0132c4c7d0289f 2016-03-24T23:36:09.800Z {"type":"pagehide","target_tagname":"wizardpage","target_id":"bridges"}
INST 3e0132c4c7d0289f 2016-03-24T23:36:09.800Z {"type":"pageadvanced","target_tagname":"wizardpage","target_id":"bridges"}
INST 3e0132c4c7d0289f 2016-03-24T23:36:09.800Z {"type":"wizardnext","target_tagname":"wizard","target_id":"TorNetworkSettings"}
INST 3e0132c4c7d0289f 2016-03-24T23:36:09.800Z {"type":"pageshow","target_tagname":"wizardpage","target_id":"bridgeSettings"}
INST 3e0132c4c7d0289f 2016-03-24T23:36:09.800Z {"type":"command","target_tagname":"wizard","target_id":"TorNetworkSettings"}
INST 3e0132c4c7d0289f 2016-03-24T23:36:14.600Z {"type":"popupshown","target_tagname":"menupopup","target_id":"defaultBridgeType_menuPopup"}
INST 3e0132c4c7d0289f 2016-03-24T23:36:14.700Z {"type":"click","target_tagname":"menulist","target_id":"defaultBridgeType","value":"obfs3","detail":1}
INST 3e0132c4c7d0289f 2016-03-24T23:36:16.700Z {"type":"mouseover","target_tagname":"menuitem","target_id":"","value":"flashproxy"}
INST 3e0132c4c7d0289f 2016-03-24T23:36:18.500Z {"type":"click","target_tagname":"menuitem","target_id":"","value":"flashproxy","detail":1}
INST 3e0132c4c7d0289f 2016-03-24T23:36:18.500Z {"type":"select","target_tagname":"menulist","target_id":"defaultBridgeType","value":"flashproxy"}
INST 3e0132c4c7d0289f 2016-03-24T23:36:18.500Z {"type":"command","target_tagname":"menuitem","target_id":"","value":"flashproxy"}
INST 3e0132c4c7d0289f 2016-03-24T23:36:18.500Z {"type":"popuphidden","target_tagname":"menupopup","target_id":"defaultBridgeType_menuPopup"}
INST 3e0132c4c7d0289f 2016-03-24T23:36:18.500Z {"type":"mouseout","target_tagname":"menuitem","target_id":"","value":"flashproxy"}
INST 3e0132c4c7d0289f 2016-03-24T23:36:19.300Z {"type":"click","target_tagname":"wizard","target_id":"TorNetworkSettings","detail":1}
INST 3e0132c4c7d0289f 2016-03-24T23:36:19.300Z {"type":"pagehide","target_tagname":"wizardpage","target_id":"bridgeSettings"}
INST 3e0132c4c7d0289f 2016-03-24T23:36:19.300Z {"type":"pageadvanced","target_tagname":"wizardpage","target_id":"bridgeSettings"}
INST 3e0132c4c7d0289f 2016-03-24T23:36:19.300Z {"type":"wizardnext","target_tagname":"wizard","target_id":"TorNetworkSettings"}
INST 3e0132c4c7d0289f 2016-03-24T23:36:19.300Z {"type":"pageshow","target_tagname":"wizardpage","target_id":"proxy"}
INST 3e0132c4c7d0289f 2016-03-24T23:36:19.300Z {"type":"command","target_tagname":"wizard","target_id":"TorNetworkSettings"}
INST 3e0132c4c7d0289f 2016-03-24T23:36:20.200Z {"type":"click","target_tagname":"wizard","target_id":"TorNetworkSettings","detail":1}
INST 3e0132c4c7d0289f 2016-03-24T23:36:20.200Z {"type":"pagehide","target_tagname":"wizardpage","target_id":"proxy"}
INST 3e0132c4c7d0289f 2016-03-24T23:36:20.200Z {"type":"pageadvanced","target_tagname":"wizardpage","target_id":"proxy"}
INST 3e0132c4c7d0289f 2016-03-24T23:36:20.200Z {"type":"wizardfinish","target_tagname":"wizard","target_id":"TorNetworkSettings"}
INST 3e0132c4c7d0289f 2016-03-24T23:36:20.300Z {"type":"load","target_id":"progress_bar"}
INST 3e0132c4c7d0289f 2016-03-24T23:38:58.500Z {"type":"click","target_tagname":"dialog","target_id":"TorProgress","detail":1}
INST 3e0132c4c7d0289f 2016-03-24T23:38:58.500Z {"type":"dialogcancel","target_tagname":"dialog","target_id":"TorProgress"}
INST 3e0132c4c7d0289f 2016-03-24T23:38:58.500Z {"type":"command","target_tagname":"dialog","target_id":"TorProgress"}
INST 3e0132c4c7d0289f 2016-03-24T23:38:58.500Z {"type":"alert_show","target_id":"tor_bootstrap_failed","value":"Tor failed to establish a Tor network connection.\n\nEstablishing an encrypted directory connection failed (done - 0.0.1.0:1)."}
INST 3e0132c4c7d0289f 2016-03-24T23:39:03.400Z {"type":"alert_exit","target_id":"tor_bootstrap_failed","value":"Tor failed to establish a Tor network connection.\n\nEstablishing an encrypted directory connection failed (done - 0.0.1.0:1)."}
INST 3e0132c4c7d0289f 2016-03-24T23:39:03.500Z {"type":"command","target_tagname":"wizard","target_id":"TorNetworkSettings"}
INST 3e0132c4c7d0289f 2016-03-24T23:39:06.600Z {"type":"click","target_tagname":"wizard","target_id":"TorNetworkSettings","detail":1}
INST 3e0132c4c7d0289f 2016-03-24T23:39:06.600Z {"type":"pagehide","target_tagname":"wizardpage","target_id":"proxy"}
INST 3e0132c4c7d0289f 2016-03-24T23:39:06.600Z {"type":"pageadvanced","target_tagname":"wizardpage","target_id":"proxy"}
INST 3e0132c4c7d0289f 2016-03-24T23:39:06.600Z {"type":"wizardfinish","target_tagname":"wizard","target_id":"TorNetworkSettings"}
INST 3e0132c4c7d0289f 2016-03-24T23:39:06.700Z {"type":"load","target_id":"progress_bar"}
INST 3e0132c4c7d0289f 2016-03-24T23:39:08.200Z {"type":"click","target_tagname":"dialog","target_id":"TorProgress","detail":1}
INST 3e0132c4c7d0289f 2016-03-24T23:39:08.200Z {"type":"dialogcancel","target_tagname":"dialog","target_id":"TorProgress"}
INST 3e0132c4c7d0289f 2016-03-24T23:39:08.200Z {"type":"command","target_tagname":"dialog","target_id":"TorProgress"}
INST 3e0132c4c7d0289f 2016-03-24T23:39:08.300Z {"type":"command","target_tagname":"wizard","target_id":"TorNetworkSettings"}
INST 3e0132c4c7d0289f 2016-03-24T23:39:09.800Z {"type":"click","target_tagname":"radio","target_id":"proxyRadioYes","detail":1}
INST 3e0132c4c7d0289f 2016-03-24T23:39:09.800Z {"type":"command","target_tagname":"radio","target_id":"proxyRadioYes"}
INST 3e0132c4c7d0289f 2016-03-24T23:39:10.700Z {"type":"click","target_tagname":"wizard","target_id":"TorNetworkSettings","detail":1}
INST 3e0132c4c7d0289f 2016-03-24T23:39:10.700Z {"type":"pagehide","target_tagname":"wizardpage","target_id":"proxy"}
INST 3e0132c4c7d0289f 2016-03-24T23:39:10.700Z {"type":"pageadvanced","target_tagname":"wizardpage","target_id":"proxy"}
INST 3e0132c4c7d0289f 2016-03-24T23:39:10.700Z {"type":"wizardnext","target_tagname":"wizard","target_id":"TorNetworkSettings"}
INST 3e0132c4c7d0289f 2016-03-24T23:39:10.800Z {"type":"pageshow","target_tagname":"wizardpage","target_id":"proxyYES"}
INST 3e0132c4c7d0289f 2016-03-24T23:39:10.800Z {"type":"command","target_tagname":"wizard","target_id":"TorNetworkSettings"}
INST 3e0132c4c7d0289f 2016-03-24T23:39:11.800Z {"type":"popupshown","target_tagname":"menupopup","target_id":"proxyType_menuPopup"}
INST 3e0132c4c7d0289f 2016-03-24T23:39:11.800Z {"type":"click","target_tagname":"menulist","target_id":"proxyType","value":"","detail":1}
INST 3e0132c4c7d0289f 2016-03-24T23:39:12.800Z {"type":"popuphidden","target_tagname":"menupopup","target_id":"proxyType_menuPopup"}
INST 3e0132c4c7d0289f 2016-03-24T23:39:13.600Z {"type":"click","target_tagname":"wizard","target_id":"TorNetworkSettings","detail":1}
INST 3e0132c4c7d0289f 2016-03-24T23:39:13.600Z {"type":"pagehide","target_tagname":"wizardpage","target_id":"proxyYES"}
INST 3e0132c4c7d0289f 2016-03-24T23:39:13.600Z {"type":"pagerewound","target_tagname":"wizardpage","target_id":"proxyYES"}
INST 3e0132c4c7d0289f 2016-03-24T23:39:13.600Z {"type":"wizardback","target_tagname":"wizard","target_id":"TorNetworkSettings"}
INST 3e0132c4c7d0289f 2016-03-24T23:39:13.600Z {"type":"pageshow","target_tagname":"wizardpage","target_id":"proxy"}
INST 3e0132c4c7d0289f 2016-03-24T23:39:13.600Z {"type":"command","target_tagname":"wizard","target_id":"TorNetworkSettings"}
INST 3e0132c4c7d0289f 2016-03-24T23:39:14.400Z {"type":"click","target_tagname":"wizard","target_id":"TorNetworkSettings","detail":1}
INST 3e0132c4c7d0289f 2016-03-24T23:39:14.400Z {"type":"pagehide","target_tagname":"wizardpage","target_id":"proxy"}
INST 3e0132c4c7d0289f 2016-03-24T23:39:14.400Z {"type":"pagerewound","target_tagname":"wizardpage","target_id":"proxy"}
INST 3e0132c4c7d0289f 2016-03-24T23:39:14.400Z {"type":"wizardback","target_tagname":"wizard","target_id":"TorNetworkSettings"}
INST 3e0132c4c7d0289f 2016-03-24T23:39:14.400Z {"type":"pageshow","target_tagname":"wizardpage","target_id":"bridgeSettings"}
INST 3e0132c4c7d0289f 2016-03-24T23:39:14.400Z {"type":"command","target_tagname":"wizard","target_id":"TorNetworkSettings"}
INST 3e0132c4c7d0289f 2016-03-24T23:39:15.700Z {"type":"popupshown","target_tagname":"menupopup","target_id":"defaultBridgeType_menuPopup"}
INST 3e0132c4c7d0289f 2016-03-24T23:39:15.800Z {"type":"click","target_tagname":"menulist","target_id":"defaultBridgeType","value":"flashproxy","detail":1}
INST 3e0132c4c7d0289f 2016-03-24T23:39:16.600Z {"type":"mouseover","target_tagname":"menuitem","target_id":"","value":"flashproxy"}
INST 3e0132c4c7d0289f 2016-03-24T23:39:16.700Z {"type":"mouseout","target_tagname":"menuitem","target_id":"","value":"flashproxy"}
INST 3e0132c4c7d0289f 2016-03-24T23:39:16.700Z {"type":"mouseover","target_tagname":"menuitem","target_id":"","value":"fte"}
INST 3e0132c4c7d0289f 2016-03-24T23:39:16.800Z {"type":"mouseout","target_tagname":"menuitem","target_id":"","value":"fte"}
INST 3e0132c4c7d0289f 2016-03-24T23:39:16.800Z {"type":"mouseover","target_tagname":"menuitem","target_id":"","value":"fte-ipv6"}
INST 3e0132c4c7d0289f 2016-03-24T23:39:16.900Z {"type":"mouseout","target_tagname":"menuitem","target_id":"","value":"fte-ipv6"}
INST 3e0132c4c7d0289f 2016-03-24T23:39:16.900Z {"type":"mouseover","target_tagname":"menuitem","target_id":"","value":"meek-amazon"}
INST 3e0132c4c7d0289f 2016-03-24T23:39:17.300Z {"type":"click","target_tagname":"menuitem","target_id":"","value":"meek-amazon","detail":1}
INST 3e0132c4c7d0289f 2016-03-24T23:39:17.300Z {"type":"select","target_tagname":"menulist","target_id":"defaultBridgeType","value":"meek-amazon"}
INST 3e0132c4c7d0289f 2016-03-24T23:39:17.300Z {"type":"command","target_tagname":"menuitem","target_id":"","value":"meek-amazon"}
INST 3e0132c4c7d0289f 2016-03-24T23:39:17.300Z {"type":"popuphidden","target_tagname":"menupopup","target_id":"defaultBridgeType_menuPopup"}
INST 3e0132c4c7d0289f 2016-03-24T23:39:17.300Z {"type":"mouseout","target_tagname":"menuitem","target_id":"","value":"meek-amazon"}
INST 3e0132c4c7d0289f 2016-03-24T23:39:18.300Z {"type":"click","target_tagname":"wizard","target_id":"TorNetworkSettings","detail":1}
INST 3e0132c4c7d0289f 2016-03-24T23:39:18.300Z {"type":"pagehide","target_tagname":"wizardpage","target_id":"bridgeSettings"}
INST 3e0132c4c7d0289f 2016-03-24T23:39:18.300Z {"type":"pageadvanced","target_tagname":"wizardpage","target_id":"bridgeSettings"}
INST 3e0132c4c7d0289f 2016-03-24T23:39:18.300Z {"type":"wizardnext","target_tagname":"wizard","target_id":"TorNetworkSettings"}
INST 3e0132c4c7d0289f 2016-03-24T23:39:18.300Z {"type":"pageshow","target_tagname":"wizardpage","target_id":"proxy"}
INST 3e0132c4c7d0289f 2016-03-24T23:39:18.300Z {"type":"command","target_tagname":"wizard","target_id":"TorNetworkSettings"}
INST 3e0132c4c7d0289f 2016-03-24T23:39:19.100Z {"type":"click","target_tagname":"wizard","target_id":"TorNetworkSettings","detail":1}
INST 3e0132c4c7d0289f 2016-03-24T23:39:19.100Z {"type":"pagehide","target_tagname":"wizardpage","target_id":"proxy"}
INST 3e0132c4c7d0289f 2016-03-24T23:39:19.100Z {"type":"pageadvanced","target_tagname":"wizardpage","target_id":"proxy"}
INST 3e0132c4c7d0289f 2016-03-24T23:39:19.100Z {"type":"wizardnext","target_tagname":"wizard","target_id":"TorNetworkSettings"}
INST 3e0132c4c7d0289f 2016-03-24T23:39:19.100Z {"type":"pageshow","target_tagname":"wizardpage","target_id":"proxyYES"}
INST 3e0132c4c7d0289f 2016-03-24T23:39:19.100Z {"type":"command","target_tagname":"wizard","target_id":"TorNetworkSettings"}
INST 3e0132c4c7d0289f 2016-03-24T23:39:19.600Z {"type":"click","target_tagname":"wizard","target_id":"TorNetworkSettings","detail":1}
INST 3e0132c4c7d0289f 2016-03-24T23:39:19.600Z {"type":"pagehide","target_tagname":"wizardpage","target_id":"proxyYES"}
INST 3e0132c4c7d0289f 2016-03-24T23:39:19.600Z {"type":"pageadvanced","target_tagname":"wizardpage","target_id":"proxyYES"}
INST 3e0132c4c7d0289f 2016-03-24T23:39:19.600Z {"type":"alert_show","target_id":"failed_to_save_settings","value":"Unable to save Tor settings.\n\nYou must specify both an IP address or hostname and a port number to configure Tor to use a proxy to access the Internet."}
INST 3e0132c4c7d0289f 2016-03-24T23:39:20.500Z {"type":"alert_exit","target_id":"failed_to_save_settings","value":"Unable to save Tor settings.\n\nYou must specify both an IP address or hostname and a port number to configure Tor to use a proxy to access the Internet."}
INST 3e0132c4c7d0289f 2016-03-24T23:39:20.500Z {"type":"command","target_tagname":"wizard","target_id":"TorNetworkSettings"}
INST 3e0132c4c7d0289f 2016-03-24T23:39:21.200Z {"type":"click","target_tagname":"wizard","target_id":"TorNetworkSettings","detail":1}
INST 3e0132c4c7d0289f 2016-03-24T23:39:21.200Z {"type":"pagehide","target_tagname":"wizardpage","target_id":"proxyYES"}
INST 3e0132c4c7d0289f 2016-03-24T23:39:21.200Z {"type":"pagerewound","target_tagname":"wizardpage","target_id":"proxyYES"}
INST 3e0132c4c7d0289f 2016-03-24T23:39:21.200Z {"type":"wizardback","target_tagname":"wizard","target_id":"TorNetworkSettings"}
INST 3e0132c4c7d0289f 2016-03-24T23:39:21.200Z {"type":"pageshow","target_tagname":"wizardpage","target_id":"proxy"}
INST 3e0132c4c7d0289f 2016-03-24T23:39:21.200Z {"type":"command","target_tagname":"wizard","target_id":"TorNetworkSettings"}
INST 3e0132c4c7d0289f 2016-03-24T23:39:22.200Z {"type":"click","target_tagname":"radio","target_id":"proxyRadioNo","detail":1}
INST 3e0132c4c7d0289f 2016-03-24T23:39:22.200Z {"type":"command","target_tagname":"radio","target_id":"proxyRadioNo"}
INST 3e0132c4c7d0289f 2016-03-24T23:39:22.800Z {"type":"click","target_tagname":"wizard","target_id":"TorNetworkSettings","detail":1}
INST 3e0132c4c7d0289f 2016-03-24T23:39:22.800Z {"type":"pagehide","target_tagname":"wizardpage","target_id":"proxy"}
INST 3e0132c4c7d0289f 2016-03-24T23:39:22.800Z {"type":"pageadvanced","target_tagname":"wizardpage","target_id":"proxy"}
INST 3e0132c4c7d0289f 2016-03-24T23:39:22.800Z {"type":"wizardfinish","target_tagname":"wizard","target_id":"TorNetworkSettings"}
INST 3e0132c4c7d0289f 2016-03-24T23:39:22.900Z {"type":"load","target_id":"progress_bar"}
INST 3e0132c4c7d0289f 2016-03-24T23:39:27.700Z {"type":"progresschanged","target_tagname":"progressmeter","target_id":"progressMeter","value":"15"}
INST 3e0132c4c7d0289f 2016-03-24T23:39:28.000Z {"type":"progresschanged","target_tagname":"progressmeter","target_id":"progressMeter","value":"20"}
INST 3e0132c4c7d0289f 2016-03-24T23:39:29.000Z {"type":"progresschanged","target_tagname":"progressmeter","target_id":"progressMeter","value":"25"}
INST 3e0132c4c7d0289f 2016-03-24T23:39:35.400Z {"type":"progresschanged","target_tagname":"progressmeter","target_id":"progressMeter","value":"40"}
INST 3e0132c4c7d0289f 2016-03-24T23:39:36.300Z {"type":"progresschanged","target_tagname":"progressmeter","target_id":"progressMeter","value":"45"}
INST 3e0132c4c7d0289f 2016-03-24T23:39:36.500Z {"type":"progresschanged","target_tagname":"progressmeter","target_id":"progressMeter","value":"50"}
INST 3e0132c4c7d0289f 2016-03-24T23:39:48.400Z {"type":"progresschanged","target_tagname":"progressmeter","target_id":"progressMeter","value":"50"}
INST 3e0132c4c7d0289f 2016-03-24T23:39:51.800Z {"type":"progresschanged","target_tagname":"progressmeter","target_id":"progressMeter","value":"50"}
INST 3e0132c4c7d0289f 2016-03-24T23:39:52.000Z {"type":"progresschanged","target_tagname":"progressmeter","target_id":"progressMeter","value":"54"}
INST 3e0132c4c7d0289f 2016-03-24T23:39:52.000Z {"type":"progresschanged","target_tagname":"progressmeter","target_id":"progressMeter","value":"54"}
INST 3e0132c4c7d0289f 2016-03-24T23:39:52.000Z {"type":"progresschanged","target_tagname":"progressmeter","target_id":"progressMeter","value":"59"}
INST 3e0132c4c7d0289f 2016-03-24T23:39:52.000Z {"type":"progresschanged","target_tagname":"progressmeter","target_id":"progressMeter","value":"63"}
INST 3e0132c4c7d0289f 2016-03-24T23:39:52.000Z {"type":"progresschanged","target_tagname":"progressmeter","target_id":"progressMeter","value":"67"}
INST 3e0132c4c7d0289f 2016-03-24T23:39:52.000Z {"type":"progresschanged","target_tagname":"progressmeter","target_id":"progressMeter","value":"72"}
INST 3e0132c4c7d0289f 2016-03-24T23:39:52.000Z {"type":"progresschanged","target_tagname":"progressmeter","target_id":"progressMeter","value":"77"}
INST 3e0132c4c7d0289f 2016-03-24T23:39:52.600Z {"type":"progresschanged","target_tagname":"progressmeter","target_id":"progressMeter","value":"77"}
INST 3e0132c4c7d0289f 2016-03-24T23:39:52.600Z {"type":"progresschanged","target_tagname":"progressmeter","target_id":"progressMeter","value":"90"}
INST 3e0132c4c7d0289f 2016-03-24T23:39:53.800Z {"type":"progresschanged","target_tagname":"progressmeter","target_id":"progressMeter","value":"100"}
INST 3e0132c4c7d0289f 2016-03-24T23:39:54.000Z {"type":"unload","target_id":"progress_bar"}
INST 3e0132c4c7d0289f 2016-03-24T23:39:54.100Z {"type":"command","target_tagname":"wizard","target_id":"TorNetworkSettings"}
INST 3e0132c4c7d0289f 2016-03-24T23:39:54.100Z {"type":"unload","target_id":"configuration"}
