INST b6adce618d6e21b1 2016-03-28T21:20:05.900Z {"type":"start"}
INST b6adce618d6e21b1 2016-03-28T21:20:08.100Z {"type":"select","target_tagname":"menulist","target_id":"proxyType","value":""}
INST b6adce618d6e21b1 2016-03-28T21:20:08.100Z {"type":"wizardnext","target_tagname":"wizard","target_id":"TorNetworkSettings"}
INST b6adce618d6e21b1 2016-03-28T21:20:08.100Z {"type":"pageshow","target_tagname":"wizardpage","target_id":"first"}
INST b6adce618d6e21b1 2016-03-28T21:20:08.200Z {"type":"load","target_id":"configuration"}
INST b6adce618d6e21b1 2016-03-28T21:20:08.200Z {"type":"select","target_tagname":"menulist","target_id":"defaultBridgeType","value":"obfs3"}
INST b6adce618d6e21b1 2016-03-28T21:20:16.300Z {"type":"click","target_tagname":"button","target_id":"configure_button","detail":1}
INST b6adce618d6e21b1 2016-03-28T21:20:16.300Z {"type":"pagehide","target_tagname":"wizardpage","target_id":"first"}
INST b6adce618d6e21b1 2016-03-28T21:20:16.300Z {"type":"pageadvanced","target_tagname":"wizardpage","target_id":"first"}
INST b6adce618d6e21b1 2016-03-28T21:20:16.300Z {"type":"wizardnext","target_tagname":"wizard","target_id":"TorNetworkSettings"}
INST b6adce618d6e21b1 2016-03-28T21:20:16.300Z {"type":"pageshow","target_tagname":"wizardpage","target_id":"bridges"}
INST b6adce618d6e21b1 2016-03-28T21:20:16.300Z {"type":"command","target_tagname":"button","target_id":"configure_button"}
INST b6adce618d6e21b1 2016-03-28T21:20:21.500Z {"type":"click","target_tagname":"radio","target_id":"bridgesRadioYes","detail":1}
INST b6adce618d6e21b1 2016-03-28T21:20:21.500Z {"type":"command","target_tagname":"radio","target_id":"bridgesRadioYes"}
INST b6adce618d6e21b1 2016-03-28T21:20:22.800Z {"type":"click","target_tagname":"wizard","target_id":"TorNetworkSettings","detail":1}
INST b6adce618d6e21b1 2016-03-28T21:20:22.800Z {"type":"pagehide","target_tagname":"wizardpage","target_id":"bridges"}
INST b6adce618d6e21b1 2016-03-28T21:20:22.800Z {"type":"pageadvanced","target_tagname":"wizardpage","target_id":"bridges"}
INST b6adce618d6e21b1 2016-03-28T21:20:22.800Z {"type":"wizardnext","target_tagname":"wizard","target_id":"TorNetworkSettings"}
INST b6adce618d6e21b1 2016-03-28T21:20:22.800Z {"type":"pageshow","target_tagname":"wizardpage","target_id":"bridgeSettings"}
INST b6adce618d6e21b1 2016-03-28T21:20:22.800Z {"type":"command","target_tagname":"wizard","target_id":"TorNetworkSettings"}
INST b6adce618d6e21b1 2016-03-28T21:20:28.800Z {"type":"click","target_tagname":"wizard","target_id":"TorNetworkSettings","detail":1}
INST b6adce618d6e21b1 2016-03-28T21:20:28.800Z {"type":"pagehide","target_tagname":"wizardpage","target_id":"bridgeSettings"}
INST b6adce618d6e21b1 2016-03-28T21:20:28.800Z {"type":"pageadvanced","target_tagname":"wizardpage","target_id":"bridgeSettings"}
INST b6adce618d6e21b1 2016-03-28T21:20:28.800Z {"type":"wizardnext","target_tagname":"wizard","target_id":"TorNetworkSettings"}
INST b6adce618d6e21b1 2016-03-28T21:20:28.800Z {"type":"pageshow","target_tagname":"wizardpage","target_id":"proxy"}
INST b6adce618d6e21b1 2016-03-28T21:20:28.800Z {"type":"command","target_tagname":"wizard","target_id":"TorNetworkSettings"}
INST b6adce618d6e21b1 2016-03-28T21:20:35.000Z {"type":"click","target_tagname":"wizard","target_id":"TorNetworkSettings","detail":1}
INST b6adce618d6e21b1 2016-03-28T21:20:35.000Z {"type":"pagehide","target_tagname":"wizardpage","target_id":"proxy"}
INST b6adce618d6e21b1 2016-03-28T21:20:35.000Z {"type":"pageadvanced","target_tagname":"wizardpage","target_id":"proxy"}
INST b6adce618d6e21b1 2016-03-28T21:20:35.000Z {"type":"wizardfinish","target_tagname":"wizard","target_id":"TorNetworkSettings"}
INST b6adce618d6e21b1 2016-03-28T21:20:35.200Z {"type":"load","target_id":"progress_bar"}
INST b6adce618d6e21b1 2016-03-28T21:20:41.900Z {"type":"progresschanged","target_tagname":"progressmeter","target_id":"progressMeter","value":"5"}
INST b6adce618d6e21b1 2016-03-28T21:20:41.900Z {"type":"progresschanged","target_tagname":"progressmeter","target_id":"progressMeter","value":"10"}
INST b6adce618d6e21b1 2016-03-28T21:21:45.300Z {"type":"click","target_tagname":"dialog","target_id":"TorProgress","detail":1}
INST b6adce618d6e21b1 2016-03-28T21:21:45.300Z {"type":"dialogcancel","target_tagname":"dialog","target_id":"TorProgress"}
INST b6adce618d6e21b1 2016-03-28T21:21:45.300Z {"type":"command","target_tagname":"dialog","target_id":"TorProgress"}
INST b6adce618d6e21b1 2016-03-28T21:21:45.300Z {"type":"command","target_tagname":"wizard","target_id":"TorNetworkSettings"}
INST b6adce618d6e21b1 2016-03-28T21:25:08.400Z {"type":"click","target_tagname":"wizardpage","target_id":"proxy","detail":1}
INST b6adce618d6e21b1 2016-03-28T21:25:10.900Z {"type":"click","target_tagname":"wizard","target_id":"TorNetworkSettings","detail":1}
INST b6adce618d6e21b1 2016-03-28T21:25:10.900Z {"type":"pagehide","target_tagname":"wizardpage","target_id":"proxy"}
INST b6adce618d6e21b1 2016-03-28T21:25:10.900Z {"type":"pageadvanced","target_tagname":"wizardpage","target_id":"proxy"}
INST b6adce618d6e21b1 2016-03-28T21:25:10.900Z {"type":"wizardfinish","target_tagname":"wizard","target_id":"TorNetworkSettings"}
INST b6adce618d6e21b1 2016-03-28T21:25:11.000Z {"type":"load","target_id":"progress_bar"}
INST 1dd1cca7e0c8e578 2016-03-28T21:27:22.000Z {"type":"start"}
INST 1dd1cca7e0c8e578 2016-03-28T21:27:22.700Z {"type":"select","target_tagname":"menulist","target_id":"proxyType","value":""}
INST 1dd1cca7e0c8e578 2016-03-28T21:27:22.700Z {"type":"wizardnext","target_tagname":"wizard","target_id":"TorNetworkSettings"}
INST 1dd1cca7e0c8e578 2016-03-28T21:27:22.700Z {"type":"pageshow","target_tagname":"wizardpage","target_id":"first"}
INST 1dd1cca7e0c8e578 2016-03-28T21:27:22.700Z {"type":"load","target_id":"configuration"}
INST 1dd1cca7e0c8e578 2016-03-28T21:27:22.700Z {"type":"select","target_tagname":"menulist","target_id":"defaultBridgeType","value":"obfs3"}
INST 1dd1cca7e0c8e578 2016-03-28T21:27:27.300Z {"type":"click","target_tagname":"button","target_id":"configure_button","detail":1}
INST 1dd1cca7e0c8e578 2016-03-28T21:27:27.300Z {"type":"pagehide","target_tagname":"wizardpage","target_id":"first"}
INST 1dd1cca7e0c8e578 2016-03-28T21:27:27.300Z {"type":"pageadvanced","target_tagname":"wizardpage","target_id":"first"}
INST 1dd1cca7e0c8e578 2016-03-28T21:27:27.300Z {"type":"wizardnext","target_tagname":"wizard","target_id":"TorNetworkSettings"}
INST 1dd1cca7e0c8e578 2016-03-28T21:27:27.300Z {"type":"pageshow","target_tagname":"wizardpage","target_id":"bridges"}
INST 1dd1cca7e0c8e578 2016-03-28T21:27:27.300Z {"type":"command","target_tagname":"button","target_id":"configure_button"}
INST 1dd1cca7e0c8e578 2016-03-28T21:27:31.700Z {"type":"click","target_tagname":"wizard","target_id":"TorNetworkSettings","detail":1}
INST 1dd1cca7e0c8e578 2016-03-28T21:27:31.700Z {"type":"pagehide","target_tagname":"wizardpage","target_id":"bridges"}
INST 1dd1cca7e0c8e578 2016-03-28T21:27:31.700Z {"type":"pageadvanced","target_tagname":"wizardpage","target_id":"bridges"}
INST 1dd1cca7e0c8e578 2016-03-28T21:27:31.700Z {"type":"wizardnext","target_tagname":"wizard","target_id":"TorNetworkSettings"}
INST 1dd1cca7e0c8e578 2016-03-28T21:27:31.700Z {"type":"pageshow","target_tagname":"wizardpage","target_id":"bridgeSettings"}
INST 1dd1cca7e0c8e578 2016-03-28T21:27:31.700Z {"type":"command","target_tagname":"wizard","target_id":"TorNetworkSettings"}
INST 1dd1cca7e0c8e578 2016-03-28T21:27:40.300Z {"type":"click","target_tagname":"radio","target_id":"bridgeRadioDefault","detail":1}
INST 1dd1cca7e0c8e578 2016-03-28T21:27:40.300Z {"type":"command","target_tagname":"radio","target_id":"bridgeRadioDefault"}
INST 1dd1cca7e0c8e578 2016-03-28T21:27:44.300Z {"type":"click","target_tagname":"wizard","target_id":"TorNetworkSettings","detail":1}
INST 1dd1cca7e0c8e578 2016-03-28T21:27:44.300Z {"type":"pagehide","target_tagname":"wizardpage","target_id":"bridgeSettings"}
INST 1dd1cca7e0c8e578 2016-03-28T21:27:44.300Z {"type":"pageadvanced","target_tagname":"wizardpage","target_id":"bridgeSettings"}
INST 1dd1cca7e0c8e578 2016-03-28T21:27:44.300Z {"type":"wizardnext","target_tagname":"wizard","target_id":"TorNetworkSettings"}
INST 1dd1cca7e0c8e578 2016-03-28T21:27:44.300Z {"type":"pageshow","target_tagname":"wizardpage","target_id":"proxy"}
INST 1dd1cca7e0c8e578 2016-03-28T21:27:44.300Z {"type":"command","target_tagname":"wizard","target_id":"TorNetworkSettings"}
INST 1dd1cca7e0c8e578 2016-03-28T21:27:46.300Z {"type":"click","target_tagname":"wizard","target_id":"TorNetworkSettings","detail":1}
INST 1dd1cca7e0c8e578 2016-03-28T21:27:46.300Z {"type":"pagehide","target_tagname":"wizardpage","target_id":"proxy"}
INST 1dd1cca7e0c8e578 2016-03-28T21:27:46.300Z {"type":"pageadvanced","target_tagname":"wizardpage","target_id":"proxy"}
INST 1dd1cca7e0c8e578 2016-03-28T21:27:46.300Z {"type":"wizardfinish","target_tagname":"wizard","target_id":"TorNetworkSettings"}
INST 1dd1cca7e0c8e578 2016-03-28T21:27:46.400Z {"type":"load","target_id":"progress_bar"}
INST 1dd1cca7e0c8e578 2016-03-28T21:27:52.600Z {"type":"progresschanged","target_tagname":"progressmeter","target_id":"progressMeter","value":"5"}
INST 1dd1cca7e0c8e578 2016-03-28T21:27:52.600Z {"type":"progresschanged","target_tagname":"progressmeter","target_id":"progressMeter","value":"10"}
INST 0f9d3d897d91c30a 2016-03-28T21:28:56.300Z {"type":"start"}
INST 0f9d3d897d91c30a 2016-03-28T21:28:56.900Z {"type":"select","target_tagname":"menulist","target_id":"proxyType","value":""}
INST 0f9d3d897d91c30a 2016-03-28T21:28:56.900Z {"type":"wizardnext","target_tagname":"wizard","target_id":"TorNetworkSettings"}
INST 0f9d3d897d91c30a 2016-03-28T21:28:56.900Z {"type":"pageshow","target_tagname":"wizardpage","target_id":"first"}
INST 0f9d3d897d91c30a 2016-03-28T21:28:57.000Z {"type":"load","target_id":"configuration"}
INST 0f9d3d897d91c30a 2016-03-28T21:28:57.000Z {"type":"select","target_tagname":"menulist","target_id":"defaultBridgeType","value":"obfs3"}
INST 0f9d3d897d91c30a 2016-03-28T21:29:00.100Z {"type":"click","target_tagname":"button","target_id":"connect_button","detail":1}
INST 0f9d3d897d91c30a 2016-03-28T21:29:00.200Z {"type":"load","target_id":"progress_bar"}
INST 0f9d3d897d91c30a 2016-03-28T21:29:06.800Z {"type":"progresschanged","target_tagname":"progressmeter","target_id":"progressMeter","value":"5"}
INST 0f9d3d897d91c30a 2016-03-28T21:29:06.800Z {"type":"progresschanged","target_tagname":"progressmeter","target_id":"progressMeter","value":"10"}
INST 0f9d3d897d91c30a 2016-03-28T21:30:00.800Z {"type":"click","target_tagname":"description","target_id":"progressDesc","detail":1}
INST 0f9d3d897d91c30a 2016-03-28T21:30:01.500Z {"type":"click","target_tagname":"dialog","target_id":"TorProgress","detail":1}
INST 0f9d3d897d91c30a 2016-03-28T21:30:01.500Z {"type":"dialogcancel","target_tagname":"dialog","target_id":"TorProgress"}
INST 0f9d3d897d91c30a 2016-03-28T21:30:01.500Z {"type":"command","target_tagname":"dialog","target_id":"TorProgress"}
INST 0f9d3d897d91c30a 2016-03-28T21:30:01.500Z {"type":"command","target_tagname":"button","target_id":"connect_button"}
INST 0f9d3d897d91c30a 2016-03-28T21:30:02.300Z {"type":"click","target_tagname":"vbox","target_id":"","detail":1}
INST 0f9d3d897d91c30a 2016-03-28T21:30:02.800Z {"type":"click","target_tagname":"button","target_id":"configure_button","detail":1}
INST 0f9d3d897d91c30a 2016-03-28T21:30:02.800Z {"type":"pagehide","target_tagname":"wizardpage","target_id":"first"}
INST 0f9d3d897d91c30a 2016-03-28T21:30:02.800Z {"type":"pageadvanced","target_tagname":"wizardpage","target_id":"first"}
INST 0f9d3d897d91c30a 2016-03-28T21:30:02.800Z {"type":"wizardnext","target_tagname":"wizard","target_id":"TorNetworkSettings"}
INST 0f9d3d897d91c30a 2016-03-28T21:30:02.800Z {"type":"pageshow","target_tagname":"wizardpage","target_id":"bridges"}
INST 0f9d3d897d91c30a 2016-03-28T21:30:02.800Z {"type":"command","target_tagname":"button","target_id":"configure_button"}
INST 0f9d3d897d91c30a 2016-03-28T21:30:36.300Z {"type":"click","target_tagname":"wizard","target_id":"TorNetworkSettings","detail":1}
INST 0f9d3d897d91c30a 2016-03-28T21:30:36.300Z {"type":"pagehide","target_tagname":"wizardpage","target_id":"bridges"}
INST 0f9d3d897d91c30a 2016-03-28T21:30:36.300Z {"type":"pageadvanced","target_tagname":"wizardpage","target_id":"bridges"}
INST 0f9d3d897d91c30a 2016-03-28T21:30:36.300Z {"type":"wizardnext","target_tagname":"wizard","target_id":"TorNetworkSettings"}
INST 0f9d3d897d91c30a 2016-03-28T21:30:36.300Z {"type":"pageshow","target_tagname":"wizardpage","target_id":"bridgeSettings"}
INST 0f9d3d897d91c30a 2016-03-28T21:30:36.300Z {"type":"command","target_tagname":"wizard","target_id":"TorNetworkSettings"}
INST 0f9d3d897d91c30a 2016-03-28T21:30:48.400Z {"type":"click","target_tagname":"button","target_id":"bridgeHelpButton","detail":1}
INST 0f9d3d897d91c30a 2016-03-28T21:30:48.400Z {"type":"pageshow","target_tagname":"wizardpage","target_id":"bridgeHelp"}
INST 0f9d3d897d91c30a 2016-03-28T21:30:48.400Z {"type":"command","target_tagname":"button","target_id":"bridgeHelpButton"}
INST 0f9d3d897d91c30a 2016-03-28T21:31:10.100Z {"type":"click","target_tagname":"html:div","target_id":"","detail":1}
INST 0f9d3d897d91c30a 2016-03-28T21:32:07.200Z {"type":"click","target_tagname":"html:div","target_id":"","detail":1}
INST 0f9d3d897d91c30a 2016-03-28T21:34:23.800Z {"type":"click","target_tagname":"wizard","target_id":"TorNetworkSettings","detail":1}
INST 0f9d3d897d91c30a 2016-03-28T21:34:23.800Z {"type":"pagehide","target_tagname":"wizardpage","target_id":"bridgeHelp"}
INST 0f9d3d897d91c30a 2016-03-28T21:34:23.800Z {"type":"pageadvanced","target_tagname":"wizardpage","target_id":"bridgeHelp"}
INST 0f9d3d897d91c30a 2016-03-28T21:34:23.800Z {"type":"pageshow","target_tagname":"wizardpage","target_id":"bridgeSettings"}
INST 0f9d3d897d91c30a 2016-03-28T21:34:23.800Z {"type":"command","target_tagname":"wizard","target_id":"TorNetworkSettings"}
INST 0f9d3d897d91c30a 2016-03-28T21:34:30.800Z {"type":"click","target_tagname":"radio","target_id":"bridgeRadioDefault","detail":1}
INST 0f9d3d897d91c30a 2016-03-28T21:34:30.800Z {"type":"command","target_tagname":"radio","target_id":"bridgeRadioDefault"}
INST 0f9d3d897d91c30a 2016-03-28T21:34:31.700Z {"type":"popupshown","target_tagname":"menupopup","target_id":"defaultBridgeType_menuPopup"}
INST 0f9d3d897d91c30a 2016-03-28T21:34:31.700Z {"type":"click","target_tagname":"menulist","target_id":"defaultBridgeType","value":"obfs3","detail":1}
INST 0f9d3d897d91c30a 2016-03-28T21:34:39.500Z {"type":"mouseover","target_tagname":"menuitem","target_id":"","value":"flashproxy"}
INST 0f9d3d897d91c30a 2016-03-28T21:34:39.500Z {"type":"mouseout","target_tagname":"menuitem","target_id":"","value":"flashproxy"}
INST 0f9d3d897d91c30a 2016-03-28T21:34:39.500Z {"type":"mouseover","target_tagname":"menuitem","target_id":"","value":"fte"}
INST 0f9d3d897d91c30a 2016-03-28T21:34:39.600Z {"type":"mouseout","target_tagname":"menuitem","target_id":"","value":"fte"}
INST 0f9d3d897d91c30a 2016-03-28T21:34:39.600Z {"type":"mouseover","target_tagname":"menuitem","target_id":"","value":"fte-ipv6"}
INST 0f9d3d897d91c30a 2016-03-28T21:34:39.700Z {"type":"mouseout","target_tagname":"menuitem","target_id":"","value":"fte-ipv6"}
INST 0f9d3d897d91c30a 2016-03-28T21:34:39.700Z {"type":"mouseover","target_tagname":"menuitem","target_id":"","value":"meek-amazon"}
INST 0f9d3d897d91c30a 2016-03-28T21:34:39.700Z {"type":"mouseout","target_tagname":"menuitem","target_id":"","value":"meek-amazon"}
INST 0f9d3d897d91c30a 2016-03-28T21:34:39.700Z {"type":"mouseover","target_tagname":"menuitem","target_id":"","value":"meek-azure"}
INST 0f9d3d897d91c30a 2016-03-28T21:34:39.800Z {"type":"mouseout","target_tagname":"menuitem","target_id":"","value":"meek-azure"}
INST 0f9d3d897d91c30a 2016-03-28T21:34:39.800Z {"type":"mouseover","target_tagname":"menuitem","target_id":"","value":"meek-google"}
INST 0f9d3d897d91c30a 2016-03-28T21:34:39.900Z {"type":"mouseout","target_tagname":"menuitem","target_id":"","value":"meek-google"}
INST 0f9d3d897d91c30a 2016-03-28T21:34:39.900Z {"type":"mouseover","target_tagname":"menuitem","target_id":"","value":"obfs3"}
INST 0f9d3d897d91c30a 2016-03-28T21:34:40.800Z {"type":"mouseout","target_tagname":"menuitem","target_id":"","value":"obfs3"}
INST 0f9d3d897d91c30a 2016-03-28T21:34:40.800Z {"type":"mouseover","target_tagname":"menuitem","target_id":"","value":"obfs4"}
INST 0f9d3d897d91c30a 2016-03-28T21:34:41.100Z {"type":"mouseout","target_tagname":"menuitem","target_id":"","value":"obfs4"}
INST 0f9d3d897d91c30a 2016-03-28T21:34:41.100Z {"type":"mouseover","target_tagname":"menuitem","target_id":"","value":"scramblesuit"}
INST 0f9d3d897d91c30a 2016-03-28T21:34:41.800Z {"type":"mouseout","target_tagname":"menuitem","target_id":"","value":"scramblesuit"}
INST 0f9d3d897d91c30a 2016-03-28T21:34:41.800Z {"type":"mouseover","target_tagname":"menuitem","target_id":"","value":"obfs4"}
INST 0f9d3d897d91c30a 2016-03-28T21:34:41.900Z {"type":"mouseout","target_tagname":"menuitem","target_id":"","value":"obfs4"}
INST 0f9d3d897d91c30a 2016-03-28T21:34:41.900Z {"type":"mouseover","target_tagname":"menuitem","target_id":"","value":"obfs3"}
INST 0f9d3d897d91c30a 2016-03-28T21:34:41.900Z {"type":"mouseout","target_tagname":"menuitem","target_id":"","value":"obfs3"}
INST 0f9d3d897d91c30a 2016-03-28T21:34:41.900Z {"type":"mouseover","target_tagname":"menuitem","target_id":"","value":"meek-google"}
INST 0f9d3d897d91c30a 2016-03-28T21:34:42.900Z {"type":"mouseout","target_tagname":"menuitem","target_id":"","value":"meek-google"}
INST 0f9d3d897d91c30a 2016-03-28T21:34:42.900Z {"type":"mouseover","target_tagname":"menuitem","target_id":"","value":"obfs3"}
INST 0f9d3d897d91c30a 2016-03-28T21:34:43.500Z {"type":"mouseout","target_tagname":"menuitem","target_id":"","value":"obfs3"}
INST 0f9d3d897d91c30a 2016-03-28T21:34:43.500Z {"type":"mouseover","target_tagname":"menuitem","target_id":"","value":"meek-google"}
INST 0f9d3d897d91c30a 2016-03-28T21:34:43.600Z {"type":"mouseout","target_tagname":"menuitem","target_id":"","value":"meek-google"}
INST 0f9d3d897d91c30a 2016-03-28T21:34:43.600Z {"type":"mouseover","target_tagname":"menuitem","target_id":"","value":"meek-azure"}
INST 0f9d3d897d91c30a 2016-03-28T21:34:43.600Z {"type":"mouseout","target_tagname":"menuitem","target_id":"","value":"meek-azure"}
INST 0f9d3d897d91c30a 2016-03-28T21:34:43.600Z {"type":"mouseover","target_tagname":"menuitem","target_id":"","value":"meek-amazon"}
INST 0f9d3d897d91c30a 2016-03-28T21:34:43.600Z {"type":"mouseout","target_tagname":"menuitem","target_id":"","value":"meek-amazon"}
INST 0f9d3d897d91c30a 2016-03-28T21:34:43.600Z {"type":"mouseover","target_tagname":"menuitem","target_id":"","value":"fte-ipv6"}
INST 0f9d3d897d91c30a 2016-03-28T21:34:43.600Z {"type":"mouseout","target_tagname":"menuitem","target_id":"","value":"fte-ipv6"}
INST 0f9d3d897d91c30a 2016-03-28T21:34:43.600Z {"type":"mouseover","target_tagname":"menuitem","target_id":"","value":"fte"}
INST 0f9d3d897d91c30a 2016-03-28T21:34:43.700Z {"type":"mouseout","target_tagname":"menuitem","target_id":"","value":"fte"}
INST 0f9d3d897d91c30a 2016-03-28T21:34:43.700Z {"type":"mouseover","target_tagname":"menuitem","target_id":"","value":"flashproxy"}
INST 0f9d3d897d91c30a 2016-03-28T21:34:43.700Z {"type":"mouseout","target_tagname":"menuitem","target_id":"","value":"flashproxy"}
INST 0f9d3d897d91c30a 2016-03-28T21:34:44.000Z {"type":"mouseover","target_tagname":"menuitem","target_id":"","value":"flashproxy"}
INST 0f9d3d897d91c30a 2016-03-28T21:34:45.300Z {"type":"mouseout","target_tagname":"menuitem","target_id":"","value":"flashproxy"}
INST 0f9d3d897d91c30a 2016-03-28T21:34:45.300Z {"type":"mouseover","target_tagname":"menuitem","target_id":"","value":"fte"}
INST 0f9d3d897d91c30a 2016-03-28T21:34:45.400Z {"type":"mouseout","target_tagname":"menuitem","target_id":"","value":"fte"}
INST 0f9d3d897d91c30a 2016-03-28T21:34:45.400Z {"type":"mouseover","target_tagname":"menuitem","target_id":"","value":"fte-ipv6"}
INST 0f9d3d897d91c30a 2016-03-28T21:34:45.400Z {"type":"mouseout","target_tagname":"menuitem","target_id":"","value":"fte-ipv6"}
INST 0f9d3d897d91c30a 2016-03-28T21:34:45.400Z {"type":"mouseover","target_tagname":"menuitem","target_id":"","value":"meek-amazon"}
INST 0f9d3d897d91c30a 2016-03-28T21:34:45.500Z {"type":"mouseout","target_tagname":"menuitem","target_id":"","value":"meek-amazon"}
INST 0f9d3d897d91c30a 2016-03-28T21:34:45.500Z {"type":"mouseover","target_tagname":"menuitem","target_id":"","value":"meek-azure"}
INST 0f9d3d897d91c30a 2016-03-28T21:34:45.700Z {"type":"mouseout","target_tagname":"menuitem","target_id":"","value":"meek-azure"}
INST 0f9d3d897d91c30a 2016-03-28T21:34:45.700Z {"type":"mouseover","target_tagname":"menuitem","target_id":"","value":"meek-google"}
INST 0f9d3d897d91c30a 2016-03-28T21:34:46.100Z {"type":"mouseout","target_tagname":"menuitem","target_id":"","value":"meek-google"}
INST 0f9d3d897d91c30a 2016-03-28T21:34:46.100Z {"type":"mouseover","target_tagname":"menuitem","target_id":"","value":"obfs3"}
INST 0f9d3d897d91c30a 2016-03-28T21:34:46.400Z {"type":"click","target_tagname":"menuitem","target_id":"","value":"obfs3","detail":1}
INST 0f9d3d897d91c30a 2016-03-28T21:34:46.400Z {"type":"command","target_tagname":"menuitem","target_id":"","value":"obfs3"}
INST 0f9d3d897d91c30a 2016-03-28T21:34:46.400Z {"type":"popuphidden","target_tagname":"menupopup","target_id":"defaultBridgeType_menuPopup"}
INST 0f9d3d897d91c30a 2016-03-28T21:34:46.400Z {"type":"mouseout","target_tagname":"menuitem","target_id":"","value":"obfs3"}
INST 0f9d3d897d91c30a 2016-03-28T21:34:47.200Z {"type":"click","target_tagname":"button","target_id":"bridgeHelpButton","detail":1}
INST 0f9d3d897d91c30a 2016-03-28T21:34:47.200Z {"type":"pageshow","target_tagname":"wizardpage","target_id":"bridgeHelp"}
INST 0f9d3d897d91c30a 2016-03-28T21:34:47.200Z {"type":"command","target_tagname":"button","target_id":"bridgeHelpButton"}
INST 0f9d3d897d91c30a 2016-03-28T21:34:48.600Z {"type":"click","target_tagname":"html:div","target_id":"","detail":1}
INST 0f9d3d897d91c30a 2016-03-28T21:35:02.700Z {"type":"click","target_tagname":"wizard","target_id":"TorNetworkSettings","detail":1}
INST 0f9d3d897d91c30a 2016-03-28T21:35:02.700Z {"type":"pagehide","target_tagname":"wizardpage","target_id":"bridgeHelp"}
INST 0f9d3d897d91c30a 2016-03-28T21:35:02.700Z {"type":"pageadvanced","target_tagname":"wizardpage","target_id":"bridgeHelp"}
INST 0f9d3d897d91c30a 2016-03-28T21:35:02.700Z {"type":"pageshow","target_tagname":"wizardpage","target_id":"bridgeSettings"}
INST 0f9d3d897d91c30a 2016-03-28T21:35:02.700Z {"type":"command","target_tagname":"wizard","target_id":"TorNetworkSettings"}
INST 0f9d3d897d91c30a 2016-03-28T21:35:30.400Z {"type":"click","target_tagname":"button","target_id":"bridgeHelpButton","detail":1}
INST 0f9d3d897d91c30a 2016-03-28T21:35:30.400Z {"type":"pageshow","target_tagname":"wizardpage","target_id":"bridgeHelp"}
INST 0f9d3d897d91c30a 2016-03-28T21:35:30.400Z {"type":"command","target_tagname":"button","target_id":"bridgeHelpButton"}
INST 0f9d3d897d91c30a 2016-03-28T21:35:47.300Z {"type":"click","target_tagname":"html:div","target_id":"","detail":1}
INST 0f9d3d897d91c30a 2016-03-28T21:36:27.600Z {"type":"click","target_tagname":"html:div","target_id":"","detail":1}
INST 0f9d3d897d91c30a 2016-03-28T21:36:38.600Z {"type":"click","target_tagname":"wizard","target_id":"TorNetworkSettings","detail":1}
INST 0f9d3d897d91c30a 2016-03-28T21:36:38.600Z {"type":"pagehide","target_tagname":"wizardpage","target_id":"bridgeHelp"}
INST 0f9d3d897d91c30a 2016-03-28T21:36:38.600Z {"type":"pageadvanced","target_tagname":"wizardpage","target_id":"bridgeHelp"}
INST 0f9d3d897d91c30a 2016-03-28T21:36:38.600Z {"type":"pageshow","target_tagname":"wizardpage","target_id":"bridgeSettings"}
INST 0f9d3d897d91c30a 2016-03-28T21:36:38.600Z {"type":"command","target_tagname":"wizard","target_id":"TorNetworkSettings"}
INST 0f9d3d897d91c30a 2016-03-28T21:36:41.200Z {"type":"click","target_tagname":"radio","target_id":"bridgeRadioCustom","detail":1}
INST 0f9d3d897d91c30a 2016-03-28T21:36:41.200Z {"type":"command","target_tagname":"radio","target_id":"bridgeRadioCustom"}
INST 0f9d3d897d91c30a 2016-03-28T21:36:49.400Z {"type":"click","target_tagname":"wizard","target_id":"TorNetworkSettings","detail":1}
INST 0f9d3d897d91c30a 2016-03-28T21:36:49.400Z {"type":"pagehide","target_tagname":"wizardpage","target_id":"bridgeSettings"}
INST 0f9d3d897d91c30a 2016-03-28T21:36:49.400Z {"type":"pageadvanced","target_tagname":"wizardpage","target_id":"bridgeSettings"}
INST 0f9d3d897d91c30a 2016-03-28T21:36:49.400Z {"type":"wizardnext","target_tagname":"wizard","target_id":"TorNetworkSettings"}
INST 0f9d3d897d91c30a 2016-03-28T21:36:49.400Z {"type":"pageshow","target_tagname":"wizardpage","target_id":"proxy"}
INST 0f9d3d897d91c30a 2016-03-28T21:36:49.400Z {"type":"command","target_tagname":"wizard","target_id":"TorNetworkSettings"}
INST 0f9d3d897d91c30a 2016-03-28T21:36:52.800Z {"type":"click","target_tagname":"wizard","target_id":"TorNetworkSettings","detail":1}
INST 0f9d3d897d91c30a 2016-03-28T21:36:52.800Z {"type":"pagehide","target_tagname":"wizardpage","target_id":"proxy"}
INST 0f9d3d897d91c30a 2016-03-28T21:36:52.800Z {"type":"pageadvanced","target_tagname":"wizardpage","target_id":"proxy"}
INST 0f9d3d897d91c30a 2016-03-28T21:36:52.800Z {"type":"wizardfinish","target_tagname":"wizard","target_id":"TorNetworkSettings"}
INST 0f9d3d897d91c30a 2016-03-28T21:36:52.900Z {"type":"load","target_id":"progress_bar"}
INST 0f9d3d897d91c30a 2016-03-28T21:38:38.000Z {"type":"click","target_tagname":"dialog","target_id":"TorProgress","detail":1}
INST 0f9d3d897d91c30a 2016-03-28T21:38:38.000Z {"type":"dialogcancel","target_tagname":"dialog","target_id":"TorProgress"}
INST 0f9d3d897d91c30a 2016-03-28T21:38:38.000Z {"type":"command","target_tagname":"dialog","target_id":"TorProgress"}
INST 0f9d3d897d91c30a 2016-03-28T21:38:38.000Z {"type":"command","target_tagname":"wizard","target_id":"TorNetworkSettings"}
INST 0f9d3d897d91c30a 2016-03-28T21:38:39.000Z {"type":"click","target_tagname":"wizard","target_id":"TorNetworkSettings","detail":1}
INST 0f9d3d897d91c30a 2016-03-28T21:38:39.000Z {"type":"pagehide","target_tagname":"wizardpage","target_id":"proxy"}
INST 0f9d3d897d91c30a 2016-03-28T21:38:39.000Z {"type":"pageadvanced","target_tagname":"wizardpage","target_id":"proxy"}
INST 0f9d3d897d91c30a 2016-03-28T21:38:39.000Z {"type":"wizardfinish","target_tagname":"wizard","target_id":"TorNetworkSettings"}
INST 0f9d3d897d91c30a 2016-03-28T21:38:39.100Z {"type":"load","target_id":"progress_bar"}
INST 0f9d3d897d91c30a 2016-03-28T21:39:09.800Z {"type":"dialogcancel","target_tagname":"dialog","target_id":"TorProgress"}
INST 0f9d3d897d91c30a 2016-03-28T21:39:09.800Z {"type":"command","target_tagname":"wizard","target_id":"TorNetworkSettings"}
INST 0f9d3d897d91c30a 2016-03-28T21:39:13.700Z {"type":"click","target_tagname":"wizard","target_id":"TorNetworkSettings","detail":1}
INST 0f9d3d897d91c30a 2016-03-28T21:39:13.700Z {"type":"extra2","target_tagname":"wizardpage","target_id":"proxy"}
INST 0f9d3d897d91c30a 2016-03-28T21:39:13.700Z {"type":"command","target_tagname":"wizard","target_id":"TorNetworkSettings"}
INST 0f9d3d897d91c30a 2016-03-28T21:39:13.800Z {"type":"popupshown","target_tagname":"panel","target_id":"copyLogFeedbackPanel"}
INST 0f9d3d897d91c30a 2016-03-28T21:39:17.400Z {"type":"click","target_tagname":"wizardpage","target_id":"proxy","detail":1}
INST 0f9d3d897d91c30a 2016-03-28T21:39:17.500Z {"type":"popuphidden","target_tagname":"panel","target_id":"copyLogFeedbackPanel"}
INST 0f9d3d897d91c30a 2016-03-28T21:39:20.000Z {"type":"click","target_tagname":"wizard","target_id":"TorNetworkSettings","detail":1}
INST 0f9d3d897d91c30a 2016-03-28T21:39:20.000Z {"type":"pagehide","target_tagname":"wizardpage","target_id":"proxy"}
INST 0f9d3d897d91c30a 2016-03-28T21:39:20.000Z {"type":"pagerewound","target_tagname":"wizardpage","target_id":"proxy"}
INST 0f9d3d897d91c30a 2016-03-28T21:39:20.000Z {"type":"wizardback","target_tagname":"wizard","target_id":"TorNetworkSettings"}
INST 0f9d3d897d91c30a 2016-03-28T21:39:20.000Z {"type":"pageshow","target_tagname":"wizardpage","target_id":"bridgeSettings"}
INST 0f9d3d897d91c30a 2016-03-28T21:39:20.000Z {"type":"command","target_tagname":"wizard","target_id":"TorNetworkSettings"}
INST 0f9d3d897d91c30a 2016-03-28T21:39:23.000Z {"type":"click","target_tagname":"wizard","target_id":"TorNetworkSettings","detail":1}
INST 0f9d3d897d91c30a 2016-03-28T21:39:23.000Z {"type":"pagehide","target_tagname":"wizardpage","target_id":"bridgeSettings"}
INST 0f9d3d897d91c30a 2016-03-28T21:39:23.000Z {"type":"pagerewound","target_tagname":"wizardpage","target_id":"bridgeSettings"}
INST 0f9d3d897d91c30a 2016-03-28T21:39:23.000Z {"type":"wizardback","target_tagname":"wizard","target_id":"TorNetworkSettings"}
INST 0f9d3d897d91c30a 2016-03-28T21:39:23.000Z {"type":"pageshow","target_tagname":"wizardpage","target_id":"bridges"}
INST 0f9d3d897d91c30a 2016-03-28T21:39:23.000Z {"type":"command","target_tagname":"wizard","target_id":"TorNetworkSettings"}
INST 0f9d3d897d91c30a 2016-03-28T21:39:23.900Z {"type":"click","target_tagname":"wizard","target_id":"TorNetworkSettings","detail":1}
INST 0f9d3d897d91c30a 2016-03-28T21:39:23.900Z {"type":"pagehide","target_tagname":"wizardpage","target_id":"bridges"}
INST 0f9d3d897d91c30a 2016-03-28T21:39:23.900Z {"type":"pagerewound","target_tagname":"wizardpage","target_id":"bridges"}
INST 0f9d3d897d91c30a 2016-03-28T21:39:23.900Z {"type":"wizardback","target_tagname":"wizard","target_id":"TorNetworkSettings"}
INST 0f9d3d897d91c30a 2016-03-28T21:39:23.900Z {"type":"pageshow","target_tagname":"wizardpage","target_id":"first"}
INST 0f9d3d897d91c30a 2016-03-28T21:39:23.900Z {"type":"command","target_tagname":"wizard","target_id":"TorNetworkSettings"}
INST 0f9d3d897d91c30a 2016-03-28T21:39:43.400Z {"type":"click","target_tagname":"button","target_id":"connect_button","detail":1}
INST 0f9d3d897d91c30a 2016-03-28T21:39:43.500Z {"type":"load","target_id":"progress_bar"}
INST 0f9d3d897d91c30a 2016-03-28T21:39:57.600Z {"type":"click","target_tagname":"dialog","target_id":"TorProgress","detail":1}
INST 0f9d3d897d91c30a 2016-03-28T21:39:57.600Z {"type":"dialogcancel","target_tagname":"dialog","target_id":"TorProgress"}
INST 0f9d3d897d91c30a 2016-03-28T21:39:57.700Z {"type":"command","target_tagname":"dialog","target_id":"TorProgress"}
INST 0f9d3d897d91c30a 2016-03-28T21:39:57.700Z {"type":"command","target_tagname":"button","target_id":"connect_button"}
INST 0f9d3d897d91c30a 2016-03-28T21:39:58.500Z {"type":"click","target_tagname":"button","target_id":"configure_button","detail":1}
INST 0f9d3d897d91c30a 2016-03-28T21:39:58.500Z {"type":"pagehide","target_tagname":"wizardpage","target_id":"first"}
INST 0f9d3d897d91c30a 2016-03-28T21:39:58.500Z {"type":"pageadvanced","target_tagname":"wizardpage","target_id":"first"}
INST 0f9d3d897d91c30a 2016-03-28T21:39:58.500Z {"type":"wizardnext","target_tagname":"wizard","target_id":"TorNetworkSettings"}
INST 0f9d3d897d91c30a 2016-03-28T21:39:58.500Z {"type":"pageshow","target_tagname":"wizardpage","target_id":"bridges"}
INST 0f9d3d897d91c30a 2016-03-28T21:39:58.500Z {"type":"command","target_tagname":"button","target_id":"configure_button"}
INST 0f9d3d897d91c30a 2016-03-28T21:40:06.400Z {"type":"click","target_tagname":"wizard","target_id":"TorNetworkSettings","detail":1}
INST 0f9d3d897d91c30a 2016-03-28T21:40:06.400Z {"type":"pagehide","target_tagname":"wizardpage","target_id":"bridges"}
INST 0f9d3d897d91c30a 2016-03-28T21:40:06.400Z {"type":"pageadvanced","target_tagname":"wizardpage","target_id":"bridges"}
INST 0f9d3d897d91c30a 2016-03-28T21:40:06.400Z {"type":"wizardnext","target_tagname":"wizard","target_id":"TorNetworkSettings"}
INST 0f9d3d897d91c30a 2016-03-28T21:40:06.400Z {"type":"pageshow","target_tagname":"wizardpage","target_id":"bridgeSettings"}
INST 0f9d3d897d91c30a 2016-03-28T21:40:06.400Z {"type":"command","target_tagname":"wizard","target_id":"TorNetworkSettings"}
INST 0f9d3d897d91c30a 2016-03-28T21:40:15.700Z {"type":"click","target_tagname":"radio","target_id":"bridgeRadioDefault","detail":1}
INST 0f9d3d897d91c30a 2016-03-28T21:40:15.700Z {"type":"command","target_tagname":"radio","target_id":"bridgeRadioDefault"}
INST 0f9d3d897d91c30a 2016-03-28T21:40:17.700Z {"type":"click","target_tagname":"wizard","target_id":"TorNetworkSettings","detail":1}
INST 0f9d3d897d91c30a 2016-03-28T21:40:17.700Z {"type":"pagehide","target_tagname":"wizardpage","target_id":"bridgeSettings"}
INST 0f9d3d897d91c30a 2016-03-28T21:40:17.700Z {"type":"pageadvanced","target_tagname":"wizardpage","target_id":"bridgeSettings"}
INST 0f9d3d897d91c30a 2016-03-28T21:40:17.700Z {"type":"wizardnext","target_tagname":"wizard","target_id":"TorNetworkSettings"}
INST 0f9d3d897d91c30a 2016-03-28T21:40:17.700Z {"type":"pageshow","target_tagname":"wizardpage","target_id":"proxy"}
INST 0f9d3d897d91c30a 2016-03-28T21:40:17.700Z {"type":"command","target_tagname":"wizard","target_id":"TorNetworkSettings"}
INST 0f9d3d897d91c30a 2016-03-28T21:40:18.700Z {"type":"click","target_tagname":"wizard","target_id":"TorNetworkSettings","detail":1}
INST 0f9d3d897d91c30a 2016-03-28T21:40:18.700Z {"type":"pagehide","target_tagname":"wizardpage","target_id":"proxy"}
INST 0f9d3d897d91c30a 2016-03-28T21:40:18.700Z {"type":"pageadvanced","target_tagname":"wizardpage","target_id":"proxy"}
INST 0f9d3d897d91c30a 2016-03-28T21:40:18.700Z {"type":"wizardfinish","target_tagname":"wizard","target_id":"TorNetworkSettings"}
INST 0f9d3d897d91c30a 2016-03-28T21:40:18.700Z {"type":"load","target_id":"progress_bar"}
INST 0f9d3d897d91c30a 2016-03-28T21:40:40.900Z {"type":"click","target_tagname":"dialog","target_id":"TorProgress","detail":1}
INST 0f9d3d897d91c30a 2016-03-28T21:40:40.900Z {"type":"dialogcancel","target_tagname":"dialog","target_id":"TorProgress"}
INST 0f9d3d897d91c30a 2016-03-28T21:40:40.900Z {"type":"command","target_tagname":"dialog","target_id":"TorProgress"}
INST 0f9d3d897d91c30a 2016-03-28T21:40:40.900Z {"type":"command","target_tagname":"wizard","target_id":"TorNetworkSettings"}
INST 0f9d3d897d91c30a 2016-03-28T21:40:42.400Z {"type":"click","target_tagname":"radio","target_id":"proxyRadioYes","detail":1}
INST 0f9d3d897d91c30a 2016-03-28T21:40:42.400Z {"type":"command","target_tagname":"radio","target_id":"proxyRadioYes"}
INST 0f9d3d897d91c30a 2016-03-28T21:40:43.700Z {"type":"click","target_tagname":"wizard","target_id":"TorNetworkSettings","detail":1}
INST 0f9d3d897d91c30a 2016-03-28T21:40:43.700Z {"type":"pagehide","target_tagname":"wizardpage","target_id":"proxy"}
INST 0f9d3d897d91c30a 2016-03-28T21:40:43.700Z {"type":"pageadvanced","target_tagname":"wizardpage","target_id":"proxy"}
INST 0f9d3d897d91c30a 2016-03-28T21:40:43.700Z {"type":"wizardnext","target_tagname":"wizard","target_id":"TorNetworkSettings"}
INST 0f9d3d897d91c30a 2016-03-28T21:40:43.700Z {"type":"pageshow","target_tagname":"wizardpage","target_id":"proxyYES"}
INST 0f9d3d897d91c30a 2016-03-28T21:40:43.700Z {"type":"command","target_tagname":"wizard","target_id":"TorNetworkSettings"}
INST 0f9d3d897d91c30a 2016-03-28T21:40:46.600Z {"type":"popupshown","target_tagname":"menupopup","target_id":"proxyType_menuPopup"}
INST 0f9d3d897d91c30a 2016-03-28T21:40:46.700Z {"type":"click","target_tagname":"menulist","target_id":"proxyType","value":"","detail":1}
INST 0f9d3d897d91c30a 2016-03-28T21:40:49.200Z {"type":"popuphidden","target_tagname":"menupopup","target_id":"proxyType_menuPopup"}
INST 0f9d3d897d91c30a 2016-03-28T21:40:51.300Z {"type":"click","target_tagname":"wizard","target_id":"TorNetworkSettings","detail":1}
INST 0f9d3d897d91c30a 2016-03-28T21:40:51.300Z {"type":"pagehide","target_tagname":"wizardpage","target_id":"proxyYES"}
INST 0f9d3d897d91c30a 2016-03-28T21:40:51.300Z {"type":"pagerewound","target_tagname":"wizardpage","target_id":"proxyYES"}
INST 0f9d3d897d91c30a 2016-03-28T21:40:51.300Z {"type":"wizardback","target_tagname":"wizard","target_id":"TorNetworkSettings"}
INST 0f9d3d897d91c30a 2016-03-28T21:40:51.300Z {"type":"pageshow","target_tagname":"wizardpage","target_id":"proxy"}
INST 0f9d3d897d91c30a 2016-03-28T21:40:51.300Z {"type":"command","target_tagname":"wizard","target_id":"TorNetworkSettings"}
INST 0f9d3d897d91c30a 2016-03-28T21:40:53.100Z {"type":"click","target_tagname":"radio","target_id":"proxyRadioNo","detail":1}
INST 0f9d3d897d91c30a 2016-03-28T21:40:53.100Z {"type":"command","target_tagname":"radio","target_id":"proxyRadioNo"}
INST 0f9d3d897d91c30a 2016-03-28T21:40:54.100Z {"type":"click","target_tagname":"wizard","target_id":"TorNetworkSettings","detail":1}
INST 0f9d3d897d91c30a 2016-03-28T21:40:54.100Z {"type":"pagehide","target_tagname":"wizardpage","target_id":"proxy"}
INST 0f9d3d897d91c30a 2016-03-28T21:40:54.100Z {"type":"pageadvanced","target_tagname":"wizardpage","target_id":"proxy"}
INST 0f9d3d897d91c30a 2016-03-28T21:40:54.100Z {"type":"wizardfinish","target_tagname":"wizard","target_id":"TorNetworkSettings"}
INST 0f9d3d897d91c30a 2016-03-28T21:40:54.200Z {"type":"load","target_id":"progress_bar"}
INST 0f9d3d897d91c30a 2016-03-28T21:41:30.500Z {"type":"click","target_tagname":"dialog","target_id":"TorProgress","detail":1}
INST 0f9d3d897d91c30a 2016-03-28T21:41:30.500Z {"type":"dialogcancel","target_tagname":"dialog","target_id":"TorProgress"}
INST 0f9d3d897d91c30a 2016-03-28T21:41:30.500Z {"type":"command","target_tagname":"dialog","target_id":"TorProgress"}
INST 0f9d3d897d91c30a 2016-03-28T21:41:30.500Z {"type":"command","target_tagname":"wizard","target_id":"TorNetworkSettings"}
INST 0f9d3d897d91c30a 2016-03-28T21:41:31.300Z {"type":"click","target_tagname":"wizard","target_id":"TorNetworkSettings","detail":1}
INST 0f9d3d897d91c30a 2016-03-28T21:41:31.300Z {"type":"pagehide","target_tagname":"wizardpage","target_id":"proxy"}
INST 0f9d3d897d91c30a 2016-03-28T21:41:31.300Z {"type":"pagerewound","target_tagname":"wizardpage","target_id":"proxy"}
INST 0f9d3d897d91c30a 2016-03-28T21:41:31.300Z {"type":"wizardback","target_tagname":"wizard","target_id":"TorNetworkSettings"}
INST 0f9d3d897d91c30a 2016-03-28T21:41:31.300Z {"type":"pageshow","target_tagname":"wizardpage","target_id":"bridgeSettings"}
INST 0f9d3d897d91c30a 2016-03-28T21:41:31.300Z {"type":"command","target_tagname":"wizard","target_id":"TorNetworkSettings"}
INST 0f9d3d897d91c30a 2016-03-28T21:41:32.300Z {"type":"click","target_tagname":"radio","target_id":"bridgeRadioCustom","detail":1}
INST 0f9d3d897d91c30a 2016-03-28T21:41:32.300Z {"type":"command","target_tagname":"radio","target_id":"bridgeRadioCustom"}
INST 0f9d3d897d91c30a 2016-03-28T21:41:35.300Z {"type":"click","target_tagname":"textbox","target_id":"bridgeList","detail":1}
INST 0f9d3d897d91c30a 2016-03-28T21:41:42.000Z {"type":"click","target_tagname":"wizard","target_id":"TorNetworkSettings","detail":1}
INST 0f9d3d897d91c30a 2016-03-28T21:41:42.000Z {"type":"pagehide","target_tagname":"wizardpage","target_id":"bridgeSettings"}
INST 0f9d3d897d91c30a 2016-03-28T21:41:42.000Z {"type":"pageadvanced","target_tagname":"wizardpage","target_id":"bridgeSettings"}
INST 0f9d3d897d91c30a 2016-03-28T21:41:42.000Z {"type":"wizardnext","target_tagname":"wizard","target_id":"TorNetworkSettings"}
INST 0f9d3d897d91c30a 2016-03-28T21:41:42.000Z {"type":"pageshow","target_tagname":"wizardpage","target_id":"proxy"}
INST 0f9d3d897d91c30a 2016-03-28T21:41:42.000Z {"type":"command","target_tagname":"wizard","target_id":"TorNetworkSettings"}
INST 0f9d3d897d91c30a 2016-03-28T21:41:42.900Z {"type":"click","target_tagname":"wizard","target_id":"TorNetworkSettings","detail":1}
INST 0f9d3d897d91c30a 2016-03-28T21:41:42.900Z {"type":"pagehide","target_tagname":"wizardpage","target_id":"proxy"}
INST 0f9d3d897d91c30a 2016-03-28T21:41:42.900Z {"type":"pageadvanced","target_tagname":"wizardpage","target_id":"proxy"}
INST 0f9d3d897d91c30a 2016-03-28T21:41:42.900Z {"type":"wizardfinish","target_tagname":"wizard","target_id":"TorNetworkSettings"}
INST 0f9d3d897d91c30a 2016-03-28T21:41:43.000Z {"type":"load","target_id":"progress_bar"}
INST 0f9d3d897d91c30a 2016-03-28T21:45:35.500Z {"type":"click","target_tagname":"dialog","target_id":"TorProgress","detail":1}
INST 0f9d3d897d91c30a 2016-03-28T21:45:35.500Z {"type":"dialogcancel","target_tagname":"dialog","target_id":"TorProgress"}
INST 0f9d3d897d91c30a 2016-03-28T21:45:35.600Z {"type":"command","target_tagname":"dialog","target_id":"TorProgress"}
INST 0f9d3d897d91c30a 2016-03-28T21:45:35.600Z {"type":"command","target_tagname":"wizard","target_id":"TorNetworkSettings"}
INST 0f9d3d897d91c30a 2016-03-28T21:45:36.100Z {"type":"click","target_tagname":"wizard","target_id":"TorNetworkSettings","detail":1}
INST 0f9d3d897d91c30a 2016-03-28T21:45:36.100Z {"type":"pagehide","target_tagname":"wizardpage","target_id":"proxy"}
INST 0f9d3d897d91c30a 2016-03-28T21:45:36.100Z {"type":"pagerewound","target_tagname":"wizardpage","target_id":"proxy"}
INST 0f9d3d897d91c30a 2016-03-28T21:45:36.100Z {"type":"wizardback","target_tagname":"wizard","target_id":"TorNetworkSettings"}
INST 0f9d3d897d91c30a 2016-03-28T21:45:36.100Z {"type":"pageshow","target_tagname":"wizardpage","target_id":"bridgeSettings"}
INST 0f9d3d897d91c30a 2016-03-28T21:45:36.100Z {"type":"command","target_tagname":"wizard","target_id":"TorNetworkSettings"}
INST 0f9d3d897d91c30a 2016-03-28T21:45:37.900Z {"type":"click","target_tagname":"radio","target_id":"bridgeRadioDefault","detail":1}
INST 0f9d3d897d91c30a 2016-03-28T21:45:37.900Z {"type":"command","target_tagname":"radio","target_id":"bridgeRadioDefault"}
INST 0f9d3d897d91c30a 2016-03-28T21:45:38.800Z {"type":"popupshown","target_tagname":"menupopup","target_id":"defaultBridgeType_menuPopup"}
INST 0f9d3d897d91c30a 2016-03-28T21:45:38.900Z {"type":"click","target_tagname":"menulist","target_id":"defaultBridgeType","value":"obfs3","detail":1}
INST 0f9d3d897d91c30a 2016-03-28T21:45:39.000Z {"type":"mouseover","target_tagname":"menuitem","target_id":"","value":"flashproxy"}
INST 0f9d3d897d91c30a 2016-03-28T21:45:39.100Z {"type":"mouseout","target_tagname":"menuitem","target_id":"","value":"flashproxy"}
INST 0f9d3d897d91c30a 2016-03-28T21:45:39.100Z {"type":"mouseover","target_tagname":"menuitem","target_id":"","value":"fte"}
INST 0f9d3d897d91c30a 2016-03-28T21:45:39.100Z {"type":"mouseout","target_tagname":"menuitem","target_id":"","value":"fte"}
INST 0f9d3d897d91c30a 2016-03-28T21:45:39.100Z {"type":"mouseover","target_tagname":"menuitem","target_id":"","value":"fte-ipv6"}
INST 0f9d3d897d91c30a 2016-03-28T21:45:39.300Z {"type":"mouseout","target_tagname":"menuitem","target_id":"","value":"fte-ipv6"}
INST 0f9d3d897d91c30a 2016-03-28T21:45:39.300Z {"type":"mouseover","target_tagname":"menuitem","target_id":"","value":"fte"}
INST 0f9d3d897d91c30a 2016-03-28T21:45:39.400Z {"type":"mouseout","target_tagname":"menuitem","target_id":"","value":"fte"}
INST 0f9d3d897d91c30a 2016-03-28T21:45:39.400Z {"type":"mouseover","target_tagname":"menuitem","target_id":"","value":"flashproxy"}
INST 0f9d3d897d91c30a 2016-03-28T21:45:39.700Z {"type":"click","target_tagname":"menuitem","target_id":"","value":"flashproxy","detail":1}
INST 0f9d3d897d91c30a 2016-03-28T21:45:39.700Z {"type":"select","target_tagname":"menulist","target_id":"defaultBridgeType","value":"flashproxy"}
INST 0f9d3d897d91c30a 2016-03-28T21:45:39.700Z {"type":"command","target_tagname":"menuitem","target_id":"","value":"flashproxy"}
INST 0f9d3d897d91c30a 2016-03-28T21:45:39.700Z {"type":"popuphidden","target_tagname":"menupopup","target_id":"defaultBridgeType_menuPopup"}
INST 0f9d3d897d91c30a 2016-03-28T21:45:39.800Z {"type":"mouseout","target_tagname":"menuitem","target_id":"","value":"flashproxy"}
INST 0f9d3d897d91c30a 2016-03-28T21:45:40.800Z {"type":"click","target_tagname":"wizard","target_id":"TorNetworkSettings","detail":1}
INST 0f9d3d897d91c30a 2016-03-28T21:45:40.800Z {"type":"pagehide","target_tagname":"wizardpage","target_id":"bridgeSettings"}
INST 0f9d3d897d91c30a 2016-03-28T21:45:40.800Z {"type":"pageadvanced","target_tagname":"wizardpage","target_id":"bridgeSettings"}
INST 0f9d3d897d91c30a 2016-03-28T21:45:40.800Z {"type":"wizardnext","target_tagname":"wizard","target_id":"TorNetworkSettings"}
INST 0f9d3d897d91c30a 2016-03-28T21:45:40.800Z {"type":"pageshow","target_tagname":"wizardpage","target_id":"proxy"}
INST 0f9d3d897d91c30a 2016-03-28T21:45:40.800Z {"type":"command","target_tagname":"wizard","target_id":"TorNetworkSettings"}
INST 0f9d3d897d91c30a 2016-03-28T21:45:41.300Z {"type":"click","target_tagname":"wizard","target_id":"TorNetworkSettings","detail":2}
INST 0f9d3d897d91c30a 2016-03-28T21:45:41.300Z {"type":"pagehide","target_tagname":"wizardpage","target_id":"proxy"}
INST 0f9d3d897d91c30a 2016-03-28T21:45:41.300Z {"type":"pageadvanced","target_tagname":"wizardpage","target_id":"proxy"}
INST 0f9d3d897d91c30a 2016-03-28T21:45:41.300Z {"type":"wizardfinish","target_tagname":"wizard","target_id":"TorNetworkSettings"}
INST 0f9d3d897d91c30a 2016-03-28T21:45:41.500Z {"type":"load","target_id":"progress_bar"}
INST 0f9d3d897d91c30a 2016-03-28T21:45:51.200Z {"type":"click","target_tagname":"dialog","target_id":"TorProgress","detail":1}
INST 0f9d3d897d91c30a 2016-03-28T21:45:51.200Z {"type":"dialogcancel","target_tagname":"dialog","target_id":"TorProgress"}
INST 0f9d3d897d91c30a 2016-03-28T21:45:51.200Z {"type":"command","target_tagname":"dialog","target_id":"TorProgress"}
INST 0f9d3d897d91c30a 2016-03-28T21:45:51.200Z {"type":"alert_show","target_id":"tor_bootstrap_failed","value":"Tor failed to establish a Tor network connection.\n\nEstablishing an encrypted directory connection failed (done - 0.0.1.0:1)."}
INST 0f9d3d897d91c30a 2016-03-28T21:45:52.900Z {"type":"alert_exit","target_id":"tor_bootstrap_failed","value":"Tor failed to establish a Tor network connection.\n\nEstablishing an encrypted directory connection failed (done - 0.0.1.0:1)."}
INST 0f9d3d897d91c30a 2016-03-28T21:45:52.900Z {"type":"command","target_tagname":"wizard","target_id":"TorNetworkSettings"}
INST 0f9d3d897d91c30a 2016-03-28T21:45:53.900Z {"type":"click","target_tagname":"wizard","target_id":"TorNetworkSettings","detail":1}
INST 0f9d3d897d91c30a 2016-03-28T21:45:53.900Z {"type":"pagehide","target_tagname":"wizardpage","target_id":"proxy"}
INST 0f9d3d897d91c30a 2016-03-28T21:45:53.900Z {"type":"pagerewound","target_tagname":"wizardpage","target_id":"proxy"}
INST 0f9d3d897d91c30a 2016-03-28T21:45:53.900Z {"type":"wizardback","target_tagname":"wizard","target_id":"TorNetworkSettings"}
INST 0f9d3d897d91c30a 2016-03-28T21:45:53.900Z {"type":"pageshow","target_tagname":"wizardpage","target_id":"bridgeSettings"}
INST 0f9d3d897d91c30a 2016-03-28T21:45:53.900Z {"type":"command","target_tagname":"wizard","target_id":"TorNetworkSettings"}
INST 0f9d3d897d91c30a 2016-03-28T21:45:55.000Z {"type":"popupshown","target_tagname":"menupopup","target_id":"defaultBridgeType_menuPopup"}
INST 0f9d3d897d91c30a 2016-03-28T21:45:55.100Z {"type":"click","target_tagname":"menulist","target_id":"defaultBridgeType","value":"flashproxy","detail":1}
INST 0f9d3d897d91c30a 2016-03-28T21:45:55.300Z {"type":"mouseover","target_tagname":"menuitem","target_id":"","value":"flashproxy"}
INST 0f9d3d897d91c30a 2016-03-28T21:45:55.400Z {"type":"mouseout","target_tagname":"menuitem","target_id":"","value":"flashproxy"}
INST 0f9d3d897d91c30a 2016-03-28T21:45:55.400Z {"type":"mouseover","target_tagname":"menuitem","target_id":"","value":"fte"}
INST 0f9d3d897d91c30a 2016-03-28T21:45:56.800Z {"type":"click","target_tagname":"menuitem","target_id":"","value":"fte","detail":1}
INST 0f9d3d897d91c30a 2016-03-28T21:45:56.800Z {"type":"select","target_tagname":"menulist","target_id":"defaultBridgeType","value":"fte"}
INST 0f9d3d897d91c30a 2016-03-28T21:45:56.800Z {"type":"command","target_tagname":"menuitem","target_id":"","value":"fte"}
INST 0f9d3d897d91c30a 2016-03-28T21:45:56.800Z {"type":"popuphidden","target_tagname":"menupopup","target_id":"defaultBridgeType_menuPopup"}
INST 0f9d3d897d91c30a 2016-03-28T21:45:56.800Z {"type":"mouseout","target_tagname":"menuitem","target_id":"","value":"fte"}
INST 0f9d3d897d91c30a 2016-03-28T21:45:57.600Z {"type":"click","target_tagname":"wizard","target_id":"TorNetworkSettings","detail":1}
INST 0f9d3d897d91c30a 2016-03-28T21:45:57.600Z {"type":"pagehide","target_tagname":"wizardpage","target_id":"bridgeSettings"}
INST 0f9d3d897d91c30a 2016-03-28T21:45:57.600Z {"type":"pageadvanced","target_tagname":"wizardpage","target_id":"bridgeSettings"}
INST 0f9d3d897d91c30a 2016-03-28T21:45:57.600Z {"type":"wizardnext","target_tagname":"wizard","target_id":"TorNetworkSettings"}
INST 0f9d3d897d91c30a 2016-03-28T21:45:57.600Z {"type":"pageshow","target_tagname":"wizardpage","target_id":"proxy"}
INST 0f9d3d897d91c30a 2016-03-28T21:45:57.600Z {"type":"command","target_tagname":"wizard","target_id":"TorNetworkSettings"}
INST 0f9d3d897d91c30a 2016-03-28T21:45:58.300Z {"type":"click","target_tagname":"wizard","target_id":"TorNetworkSettings","detail":1}
INST 0f9d3d897d91c30a 2016-03-28T21:45:58.300Z {"type":"pagehide","target_tagname":"wizardpage","target_id":"proxy"}
INST 0f9d3d897d91c30a 2016-03-28T21:45:58.300Z {"type":"pageadvanced","target_tagname":"wizardpage","target_id":"proxy"}
INST 0f9d3d897d91c30a 2016-03-28T21:45:58.300Z {"type":"wizardfinish","target_tagname":"wizard","target_id":"TorNetworkSettings"}
INST 0f9d3d897d91c30a 2016-03-28T21:45:58.300Z {"type":"load","target_id":"progress_bar"}
INST 0f9d3d897d91c30a 2016-03-28T21:46:58.400Z {"type":"click","target_tagname":"dialog","target_id":"TorProgress","detail":1}
INST 0f9d3d897d91c30a 2016-03-28T21:46:58.400Z {"type":"dialogcancel","target_tagname":"dialog","target_id":"TorProgress"}
INST 0f9d3d897d91c30a 2016-03-28T21:46:58.400Z {"type":"command","target_tagname":"dialog","target_id":"TorProgress"}
INST 0f9d3d897d91c30a 2016-03-28T21:46:58.400Z {"type":"command","target_tagname":"wizard","target_id":"TorNetworkSettings"}
INST 0f9d3d897d91c30a 2016-03-28T21:46:59.000Z {"type":"click","target_tagname":"wizard","target_id":"TorNetworkSettings","detail":1}
INST 0f9d3d897d91c30a 2016-03-28T21:46:59.000Z {"type":"pagehide","target_tagname":"wizardpage","target_id":"proxy"}
INST 0f9d3d897d91c30a 2016-03-28T21:46:59.000Z {"type":"pagerewound","target_tagname":"wizardpage","target_id":"proxy"}
INST 0f9d3d897d91c30a 2016-03-28T21:46:59.000Z {"type":"wizardback","target_tagname":"wizard","target_id":"TorNetworkSettings"}
INST 0f9d3d897d91c30a 2016-03-28T21:46:59.000Z {"type":"pageshow","target_tagname":"wizardpage","target_id":"bridgeSettings"}
INST 0f9d3d897d91c30a 2016-03-28T21:46:59.000Z {"type":"command","target_tagname":"wizard","target_id":"TorNetworkSettings"}
INST 0f9d3d897d91c30a 2016-03-28T21:47:00.900Z {"type":"click","target_tagname":"radio","target_id":"bridgeRadioCustom","detail":1}
INST 0f9d3d897d91c30a 2016-03-28T21:47:00.900Z {"type":"command","target_tagname":"radio","target_id":"bridgeRadioCustom"}
INST 0f9d3d897d91c30a 2016-03-28T21:47:02.000Z {"type":"click","target_tagname":"wizard","target_id":"TorNetworkSettings","detail":1}
INST 0f9d3d897d91c30a 2016-03-28T21:47:02.000Z {"type":"pagehide","target_tagname":"wizardpage","target_id":"bridgeSettings"}
INST 0f9d3d897d91c30a 2016-03-28T21:47:02.000Z {"type":"pageadvanced","target_tagname":"wizardpage","target_id":"bridgeSettings"}
INST 0f9d3d897d91c30a 2016-03-28T21:47:02.000Z {"type":"wizardnext","target_tagname":"wizard","target_id":"TorNetworkSettings"}
INST 0f9d3d897d91c30a 2016-03-28T21:47:02.000Z {"type":"pageshow","target_tagname":"wizardpage","target_id":"proxy"}
INST 0f9d3d897d91c30a 2016-03-28T21:47:02.000Z {"type":"command","target_tagname":"wizard","target_id":"TorNetworkSettings"}
INST 0f9d3d897d91c30a 2016-03-28T21:47:02.500Z {"type":"click","target_tagname":"wizard","target_id":"TorNetworkSettings","detail":2}
INST 0f9d3d897d91c30a 2016-03-28T21:47:02.500Z {"type":"pagehide","target_tagname":"wizardpage","target_id":"proxy"}
INST 0f9d3d897d91c30a 2016-03-28T21:47:02.500Z {"type":"pageadvanced","target_tagname":"wizardpage","target_id":"proxy"}
INST 0f9d3d897d91c30a 2016-03-28T21:47:02.500Z {"type":"wizardfinish","target_tagname":"wizard","target_id":"TorNetworkSettings"}
INST 0f9d3d897d91c30a 2016-03-28T21:47:02.600Z {"type":"load","target_id":"progress_bar"}
INST 1e266b816961b568 2016-03-28T21:47:49.100Z {"type":"start"}
INST 1e266b816961b568 2016-03-28T21:47:49.900Z {"type":"select","target_tagname":"menulist","target_id":"proxyType","value":""}
INST 1e266b816961b568 2016-03-28T21:47:49.900Z {"type":"wizardnext","target_tagname":"wizard","target_id":"TorNetworkSettings"}
INST 1e266b816961b568 2016-03-28T21:47:49.900Z {"type":"pageshow","target_tagname":"wizardpage","target_id":"first"}
INST 1e266b816961b568 2016-03-28T21:47:49.900Z {"type":"load","target_id":"configuration"}
INST 1e266b816961b568 2016-03-28T21:47:49.900Z {"type":"select","target_tagname":"menulist","target_id":"defaultBridgeType","value":"obfs3"}
INST 1e266b816961b568 2016-03-28T21:47:58.000Z {"type":"wizardcancel","target_tagname":"wizard","target_id":"TorNetworkSettings"}
INST 1e266b816961b568 2016-03-28T21:47:58.000Z {"type":"unload","target_id":"configuration"}
INST fcb70f409ee07b1e 2016-03-28T21:48:09.000Z {"type":"start"}
INST fcb70f409ee07b1e 2016-03-28T21:48:09.600Z {"type":"select","target_tagname":"menulist","target_id":"proxyType","value":""}
INST fcb70f409ee07b1e 2016-03-28T21:48:09.600Z {"type":"wizardnext","target_tagname":"wizard","target_id":"TorNetworkSettings"}
INST fcb70f409ee07b1e 2016-03-28T21:48:09.600Z {"type":"pageshow","target_tagname":"wizardpage","target_id":"first"}
INST fcb70f409ee07b1e 2016-03-28T21:48:09.600Z {"type":"load","target_id":"configuration"}
INST fcb70f409ee07b1e 2016-03-28T21:48:09.700Z {"type":"select","target_tagname":"menulist","target_id":"defaultBridgeType","value":"obfs3"}
INST fcb70f409ee07b1e 2016-03-28T21:48:14.100Z {"type":"click","target_tagname":"button","target_id":"configure_button","detail":1}
INST fcb70f409ee07b1e 2016-03-28T21:48:14.100Z {"type":"pagehide","target_tagname":"wizardpage","target_id":"first"}
INST fcb70f409ee07b1e 2016-03-28T21:48:14.100Z {"type":"pageadvanced","target_tagname":"wizardpage","target_id":"first"}
INST fcb70f409ee07b1e 2016-03-28T21:48:14.100Z {"type":"wizardnext","target_tagname":"wizard","target_id":"TorNetworkSettings"}
INST fcb70f409ee07b1e 2016-03-28T21:48:14.100Z {"type":"pageshow","target_tagname":"wizardpage","target_id":"bridges"}
INST fcb70f409ee07b1e 2016-03-28T21:48:14.100Z {"type":"command","target_tagname":"button","target_id":"configure_button"}
INST fcb70f409ee07b1e 2016-03-28T21:48:17.700Z {"type":"click","target_tagname":"wizard","target_id":"TorNetworkSettings","detail":1}
INST fcb70f409ee07b1e 2016-03-28T21:48:17.700Z {"type":"pagehide","target_tagname":"wizardpage","target_id":"bridges"}
INST fcb70f409ee07b1e 2016-03-28T21:48:17.700Z {"type":"pageadvanced","target_tagname":"wizardpage","target_id":"bridges"}
INST fcb70f409ee07b1e 2016-03-28T21:48:17.700Z {"type":"wizardnext","target_tagname":"wizard","target_id":"TorNetworkSettings"}
INST fcb70f409ee07b1e 2016-03-28T21:48:17.700Z {"type":"pageshow","target_tagname":"wizardpage","target_id":"bridgeSettings"}
INST fcb70f409ee07b1e 2016-03-28T21:48:17.700Z {"type":"command","target_tagname":"wizard","target_id":"TorNetworkSettings"}
INST fcb70f409ee07b1e 2016-03-28T21:48:23.200Z {"type":"click","target_tagname":"wizard","target_id":"TorNetworkSettings","detail":1}
INST fcb70f409ee07b1e 2016-03-28T21:48:23.200Z {"type":"pagehide","target_tagname":"wizardpage","target_id":"bridgeSettings"}
INST fcb70f409ee07b1e 2016-03-28T21:48:23.200Z {"type":"pageadvanced","target_tagname":"wizardpage","target_id":"bridgeSettings"}
INST fcb70f409ee07b1e 2016-03-28T21:48:23.200Z {"type":"wizardnext","target_tagname":"wizard","target_id":"TorNetworkSettings"}
INST fcb70f409ee07b1e 2016-03-28T21:48:23.200Z {"type":"pageshow","target_tagname":"wizardpage","target_id":"proxy"}
INST fcb70f409ee07b1e 2016-03-28T21:48:23.200Z {"type":"command","target_tagname":"wizard","target_id":"TorNetworkSettings"}
INST fcb70f409ee07b1e 2016-03-28T21:48:26.300Z {"type":"click","target_tagname":"wizard","target_id":"TorNetworkSettings","detail":1}
INST fcb70f409ee07b1e 2016-03-28T21:48:26.300Z {"type":"pagehide","target_tagname":"wizardpage","target_id":"proxy"}
INST fcb70f409ee07b1e 2016-03-28T21:48:26.300Z {"type":"pageadvanced","target_tagname":"wizardpage","target_id":"proxy"}
INST fcb70f409ee07b1e 2016-03-28T21:48:26.300Z {"type":"wizardfinish","target_tagname":"wizard","target_id":"TorNetworkSettings"}
INST fcb70f409ee07b1e 2016-03-28T21:48:26.400Z {"type":"load","target_id":"progress_bar"}
INST fcb70f409ee07b1e 2016-03-28T21:48:32.500Z {"type":"progresschanged","target_tagname":"progressmeter","target_id":"progressMeter","value":"5"}
INST fcb70f409ee07b1e 2016-03-28T21:48:32.500Z {"type":"progresschanged","target_tagname":"progressmeter","target_id":"progressMeter","value":"10"}
