INST 7e844576521e72a1 2016-03-23T21:11:55.600Z {"type":"start"}
INST 7e844576521e72a1 2016-03-23T21:11:56.700Z {"type":"select","target_tagname":"menulist","target_id":"proxyType","value":""}
INST 7e844576521e72a1 2016-03-23T21:11:56.700Z {"type":"wizardnext","target_tagname":"wizard","target_id":"TorNetworkSettings"}
INST 7e844576521e72a1 2016-03-23T21:11:56.700Z {"type":"pageshow","target_tagname":"wizardpage","target_id":"first"}
INST 7e844576521e72a1 2016-03-23T21:11:56.700Z {"type":"load","target_id":"configuration"}
INST 7e844576521e72a1 2016-03-23T21:11:56.700Z {"type":"select","target_tagname":"menulist","target_id":"defaultBridgeType","value":"obfs3"}
INST 7e844576521e72a1 2016-03-23T21:12:05.800Z {"type":"click","target_tagname":"button","target_id":"connect_button","detail":1}
INST 7e844576521e72a1 2016-03-23T21:12:05.900Z {"type":"load","target_id":"progress_bar"}
INST 7e844576521e72a1 2016-03-23T21:12:06.200Z {"type":"progresschanged","target_tagname":"progressmeter","target_id":"progressMeter","value":"5"}
INST 7e844576521e72a1 2016-03-23T21:12:06.200Z {"type":"progresschanged","target_tagname":"progressmeter","target_id":"progressMeter","value":"5"}
INST 7e844576521e72a1 2016-03-23T21:12:06.200Z {"type":"progresschanged","target_tagname":"progressmeter","target_id":"progressMeter","value":"5"}
INST 7e844576521e72a1 2016-03-23T21:12:32.400Z {"type":"click","target_tagname":"dialog","target_id":"TorProgress","detail":1}
INST 7e844576521e72a1 2016-03-23T21:12:32.400Z {"type":"dialogcancel","target_tagname":"dialog","target_id":"TorProgress"}
INST 7e844576521e72a1 2016-03-23T21:12:32.400Z {"type":"command","target_tagname":"dialog","target_id":"TorProgress"}
INST 7e844576521e72a1 2016-03-23T21:12:32.500Z {"type":"command","target_tagname":"button","target_id":"connect_button"}
INST 7e844576521e72a1 2016-03-23T21:12:33.500Z {"type":"click","target_tagname":"vbox","target_id":"","detail":1}
INST 7e844576521e72a1 2016-03-23T21:12:34.000Z {"type":"click","target_tagname":"button","target_id":"configure_button","detail":1}
INST 7e844576521e72a1 2016-03-23T21:12:34.000Z {"type":"pagehide","target_tagname":"wizardpage","target_id":"first"}
INST 7e844576521e72a1 2016-03-23T21:12:34.000Z {"type":"pageadvanced","target_tagname":"wizardpage","target_id":"first"}
INST 7e844576521e72a1 2016-03-23T21:12:34.000Z {"type":"wizardnext","target_tagname":"wizard","target_id":"TorNetworkSettings"}
INST 7e844576521e72a1 2016-03-23T21:12:34.000Z {"type":"pageshow","target_tagname":"wizardpage","target_id":"bridges"}
INST 7e844576521e72a1 2016-03-23T21:12:34.000Z {"type":"command","target_tagname":"button","target_id":"configure_button"}
INST 7e844576521e72a1 2016-03-23T21:12:39.600Z {"type":"click","target_tagname":"wizard","target_id":"TorNetworkSettings","detail":1}
INST 7e844576521e72a1 2016-03-23T21:12:39.600Z {"type":"pagehide","target_tagname":"wizardpage","target_id":"bridges"}
INST 7e844576521e72a1 2016-03-23T21:12:39.600Z {"type":"pageadvanced","target_tagname":"wizardpage","target_id":"bridges"}
INST 7e844576521e72a1 2016-03-23T21:12:39.600Z {"type":"wizardnext","target_tagname":"wizard","target_id":"TorNetworkSettings"}
INST 7e844576521e72a1 2016-03-23T21:12:39.600Z {"type":"pageshow","target_tagname":"wizardpage","target_id":"proxy"}
INST 7e844576521e72a1 2016-03-23T21:12:39.600Z {"type":"command","target_tagname":"wizard","target_id":"TorNetworkSettings"}
INST 7e844576521e72a1 2016-03-23T21:12:43.200Z {"type":"click","target_tagname":"wizard","target_id":"TorNetworkSettings","detail":1}
INST 7e844576521e72a1 2016-03-23T21:12:43.200Z {"type":"pagehide","target_tagname":"wizardpage","target_id":"proxy"}
INST 7e844576521e72a1 2016-03-23T21:12:43.200Z {"type":"pageadvanced","target_tagname":"wizardpage","target_id":"proxy"}
INST 7e844576521e72a1 2016-03-23T21:12:43.200Z {"type":"wizardfinish","target_tagname":"wizard","target_id":"TorNetworkSettings"}
INST 7e844576521e72a1 2016-03-23T21:12:43.300Z {"type":"load","target_id":"progress_bar"}
INST 7e844576521e72a1 2016-03-23T21:12:56.300Z {"type":"dialogcancel","target_tagname":"dialog","target_id":"TorProgress"}
INST 7e844576521e72a1 2016-03-23T21:12:56.300Z {"type":"command","target_tagname":"wizard","target_id":"TorNetworkSettings"}
INST 7e844576521e72a1 2016-03-23T21:12:57.100Z {"type":"wizardcancel","target_tagname":"wizard","target_id":"TorNetworkSettings"}
INST 7e844576521e72a1 2016-03-23T21:12:57.100Z {"type":"unload","target_id":"configuration"}
INST f6197e130294d0f6 2016-03-23T21:14:12.800Z {"type":"start"}
INST f6197e130294d0f6 2016-03-23T21:14:13.500Z {"type":"select","target_tagname":"menulist","target_id":"proxyType","value":""}
INST f6197e130294d0f6 2016-03-23T21:14:13.500Z {"type":"wizardnext","target_tagname":"wizard","target_id":"TorNetworkSettings"}
INST f6197e130294d0f6 2016-03-23T21:14:13.500Z {"type":"pageshow","target_tagname":"wizardpage","target_id":"first"}
INST f6197e130294d0f6 2016-03-23T21:14:13.500Z {"type":"load","target_id":"configuration"}
INST f6197e130294d0f6 2016-03-23T21:14:13.600Z {"type":"select","target_tagname":"menulist","target_id":"defaultBridgeType","value":"obfs3"}
INST f6197e130294d0f6 2016-03-23T21:14:15.000Z {"type":"click","target_tagname":"button","target_id":"connect_button","detail":1}
INST f6197e130294d0f6 2016-03-23T21:14:15.100Z {"type":"load","target_id":"progress_bar"}
INST f6197e130294d0f6 2016-03-23T21:14:15.400Z {"type":"progresschanged","target_tagname":"progressmeter","target_id":"progressMeter","value":"5"}
INST f6197e130294d0f6 2016-03-23T21:14:15.400Z {"type":"progresschanged","target_tagname":"progressmeter","target_id":"progressMeter","value":"5"}
INST f6197e130294d0f6 2016-03-23T21:14:15.400Z {"type":"progresschanged","target_tagname":"progressmeter","target_id":"progressMeter","value":"5"}
INST f6197e130294d0f6 2016-03-23T21:15:16.400Z {"type":"progresschanged","target_tagname":"progressmeter","target_id":"progressMeter","value":"5"}
INST f6197e130294d0f6 2016-03-23T21:16:07.700Z {"type":"click","target_tagname":"vbox","target_id":"","detail":1}
INST f6197e130294d0f6 2016-03-23T21:16:54.000Z {"type":"dialogcancel","target_tagname":"dialog","target_id":"TorProgress"}
INST f6197e130294d0f6 2016-03-23T21:16:54.100Z {"type":"command","target_tagname":"button","target_id":"connect_button"}
INST f6197e130294d0f6 2016-03-23T21:16:55.400Z {"type":"wizardcancel","target_tagname":"wizard","target_id":"TorNetworkSettings"}
INST f6197e130294d0f6 2016-03-23T21:16:55.400Z {"type":"unload","target_id":"configuration"}
INST 6745c01f8e7c4287 2016-03-23T21:17:01.800Z {"type":"start"}
INST 6745c01f8e7c4287 2016-03-23T21:17:02.400Z {"type":"select","target_tagname":"menulist","target_id":"proxyType","value":""}
INST 6745c01f8e7c4287 2016-03-23T21:17:02.400Z {"type":"wizardnext","target_tagname":"wizard","target_id":"TorNetworkSettings"}
INST 6745c01f8e7c4287 2016-03-23T21:17:02.400Z {"type":"pageshow","target_tagname":"wizardpage","target_id":"first"}
INST 6745c01f8e7c4287 2016-03-23T21:17:02.500Z {"type":"load","target_id":"configuration"}
INST 6745c01f8e7c4287 2016-03-23T21:17:02.500Z {"type":"select","target_tagname":"menulist","target_id":"defaultBridgeType","value":"obfs3"}
INST 6745c01f8e7c4287 2016-03-23T21:17:17.500Z {"type":"click","target_tagname":"button","target_id":"configure_button","detail":1}
INST 6745c01f8e7c4287 2016-03-23T21:17:17.500Z {"type":"pagehide","target_tagname":"wizardpage","target_id":"first"}
INST 6745c01f8e7c4287 2016-03-23T21:17:17.500Z {"type":"pageadvanced","target_tagname":"wizardpage","target_id":"first"}
INST 6745c01f8e7c4287 2016-03-23T21:17:17.500Z {"type":"wizardnext","target_tagname":"wizard","target_id":"TorNetworkSettings"}
INST 6745c01f8e7c4287 2016-03-23T21:17:17.500Z {"type":"pageshow","target_tagname":"wizardpage","target_id":"bridges"}
INST 6745c01f8e7c4287 2016-03-23T21:17:17.500Z {"type":"command","target_tagname":"button","target_id":"configure_button"}
INST 6745c01f8e7c4287 2016-03-23T21:17:20.400Z {"type":"click","target_tagname":"radio","target_id":"bridgesRadioYes","detail":1}
INST 6745c01f8e7c4287 2016-03-23T21:17:20.400Z {"type":"command","target_tagname":"radio","target_id":"bridgesRadioYes"}
INST 6745c01f8e7c4287 2016-03-23T21:17:21.500Z {"type":"click","target_tagname":"wizard","target_id":"TorNetworkSettings","detail":1}
INST 6745c01f8e7c4287 2016-03-23T21:17:21.500Z {"type":"pagehide","target_tagname":"wizardpage","target_id":"bridges"}
INST 6745c01f8e7c4287 2016-03-23T21:17:21.500Z {"type":"pageadvanced","target_tagname":"wizardpage","target_id":"bridges"}
INST 6745c01f8e7c4287 2016-03-23T21:17:21.500Z {"type":"wizardnext","target_tagname":"wizard","target_id":"TorNetworkSettings"}
INST 6745c01f8e7c4287 2016-03-23T21:17:21.500Z {"type":"pageshow","target_tagname":"wizardpage","target_id":"bridgeSettings"}
INST 6745c01f8e7c4287 2016-03-23T21:17:21.500Z {"type":"command","target_tagname":"wizard","target_id":"TorNetworkSettings"}
INST 6745c01f8e7c4287 2016-03-23T21:17:27.500Z {"type":"popupshown","target_tagname":"menupopup","target_id":"defaultBridgeType_menuPopup"}
INST 6745c01f8e7c4287 2016-03-23T21:17:27.600Z {"type":"click","target_tagname":"menulist","target_id":"defaultBridgeType","value":"obfs3","detail":1}
INST 6745c01f8e7c4287 2016-03-23T21:17:31.000Z {"type":"mouseover","target_tagname":"menuitem","target_id":"","value":"flashproxy"}
INST 6745c01f8e7c4287 2016-03-23T21:17:31.100Z {"type":"mouseout","target_tagname":"menuitem","target_id":"","value":"flashproxy"}
INST 6745c01f8e7c4287 2016-03-23T21:17:31.100Z {"type":"mouseover","target_tagname":"menuitem","target_id":"","value":"fte"}
INST 6745c01f8e7c4287 2016-03-23T21:17:31.100Z {"type":"mouseout","target_tagname":"menuitem","target_id":"","value":"fte"}
INST 6745c01f8e7c4287 2016-03-23T21:17:31.100Z {"type":"mouseover","target_tagname":"menuitem","target_id":"","value":"fte-ipv6"}
INST 6745c01f8e7c4287 2016-03-23T21:17:31.200Z {"type":"mouseout","target_tagname":"menuitem","target_id":"","value":"fte-ipv6"}
INST 6745c01f8e7c4287 2016-03-23T21:17:31.200Z {"type":"mouseover","target_tagname":"menuitem","target_id":"","value":"meek-amazon"}
INST 6745c01f8e7c4287 2016-03-23T21:17:31.200Z {"type":"mouseout","target_tagname":"menuitem","target_id":"","value":"meek-amazon"}
INST 6745c01f8e7c4287 2016-03-23T21:17:31.200Z {"type":"mouseover","target_tagname":"menuitem","target_id":"","value":"meek-azure"}
INST 6745c01f8e7c4287 2016-03-23T21:17:31.300Z {"type":"mouseout","target_tagname":"menuitem","target_id":"","value":"meek-azure"}
INST 6745c01f8e7c4287 2016-03-23T21:17:31.300Z {"type":"mouseover","target_tagname":"menuitem","target_id":"","value":"meek-google"}
INST 6745c01f8e7c4287 2016-03-23T21:17:32.000Z {"type":"click","target_tagname":"menuitem","target_id":"","value":"meek-google","detail":1}
INST 6745c01f8e7c4287 2016-03-23T21:17:32.000Z {"type":"select","target_tagname":"menulist","target_id":"defaultBridgeType","value":"meek-google"}
INST 6745c01f8e7c4287 2016-03-23T21:17:32.000Z {"type":"command","target_tagname":"menuitem","target_id":"","value":"meek-google"}
INST 6745c01f8e7c4287 2016-03-23T21:17:32.000Z {"type":"popuphidden","target_tagname":"menupopup","target_id":"defaultBridgeType_menuPopup"}
INST 6745c01f8e7c4287 2016-03-23T21:17:32.000Z {"type":"mouseout","target_tagname":"menuitem","target_id":"","value":"meek-google"}
INST 6745c01f8e7c4287 2016-03-23T21:17:33.200Z {"type":"click","target_tagname":"wizard","target_id":"TorNetworkSettings","detail":1}
INST 6745c01f8e7c4287 2016-03-23T21:17:33.200Z {"type":"pagehide","target_tagname":"wizardpage","target_id":"bridgeSettings"}
INST 6745c01f8e7c4287 2016-03-23T21:17:33.200Z {"type":"pageadvanced","target_tagname":"wizardpage","target_id":"bridgeSettings"}
INST 6745c01f8e7c4287 2016-03-23T21:17:33.200Z {"type":"wizardnext","target_tagname":"wizard","target_id":"TorNetworkSettings"}
INST 6745c01f8e7c4287 2016-03-23T21:17:33.200Z {"type":"pageshow","target_tagname":"wizardpage","target_id":"proxy"}
INST 6745c01f8e7c4287 2016-03-23T21:17:33.200Z {"type":"command","target_tagname":"wizard","target_id":"TorNetworkSettings"}
INST 6745c01f8e7c4287 2016-03-23T21:17:35.700Z {"type":"click","target_tagname":"radio","target_id":"proxyRadioYes","detail":1}
INST 6745c01f8e7c4287 2016-03-23T21:17:35.700Z {"type":"command","target_tagname":"radio","target_id":"proxyRadioYes"}
INST 6745c01f8e7c4287 2016-03-23T21:17:36.700Z {"type":"click","target_tagname":"wizard","target_id":"TorNetworkSettings","detail":1}
INST 6745c01f8e7c4287 2016-03-23T21:17:36.700Z {"type":"pagehide","target_tagname":"wizardpage","target_id":"proxy"}
INST 6745c01f8e7c4287 2016-03-23T21:17:36.700Z {"type":"pageadvanced","target_tagname":"wizardpage","target_id":"proxy"}
INST 6745c01f8e7c4287 2016-03-23T21:17:36.700Z {"type":"wizardnext","target_tagname":"wizard","target_id":"TorNetworkSettings"}
INST 6745c01f8e7c4287 2016-03-23T21:17:36.700Z {"type":"pageshow","target_tagname":"wizardpage","target_id":"proxyYES"}
INST 6745c01f8e7c4287 2016-03-23T21:17:36.700Z {"type":"command","target_tagname":"wizard","target_id":"TorNetworkSettings"}
INST 6745c01f8e7c4287 2016-03-23T21:17:38.500Z {"type":"popupshown","target_tagname":"menupopup","target_id":"proxyType_menuPopup"}
INST 6745c01f8e7c4287 2016-03-23T21:17:38.600Z {"type":"click","target_tagname":"menulist","target_id":"proxyType","value":"","detail":1}
INST 6745c01f8e7c4287 2016-03-23T21:17:39.900Z {"type":"mouseover","target_tagname":"menuitem","target_id":"","value":""}
INST 6745c01f8e7c4287 2016-03-23T21:17:39.900Z {"type":"mouseout","target_tagname":"menuitem","target_id":"","value":""}
INST 6745c01f8e7c4287 2016-03-23T21:17:39.900Z {"type":"mouseover","target_tagname":"menuitem","target_id":"","value":"SOCKS4"}
INST 6745c01f8e7c4287 2016-03-23T21:17:40.000Z {"type":"mouseout","target_tagname":"menuitem","target_id":"","value":"SOCKS4"}
INST 6745c01f8e7c4287 2016-03-23T21:17:40.000Z {"type":"mouseover","target_tagname":"menuitem","target_id":"","value":"SOCKS5"}
INST 6745c01f8e7c4287 2016-03-23T21:17:40.200Z {"type":"mouseout","target_tagname":"menuitem","target_id":"","value":"SOCKS5"}
INST 6745c01f8e7c4287 2016-03-23T21:17:40.200Z {"type":"mouseover","target_tagname":"menuitem","target_id":"","value":"HTTP"}
INST 6745c01f8e7c4287 2016-03-23T21:17:40.500Z {"type":"click","target_tagname":"menuitem","target_id":"","value":"HTTP","detail":1}
INST 6745c01f8e7c4287 2016-03-23T21:17:40.500Z {"type":"select","target_tagname":"menulist","target_id":"proxyType","value":"HTTP"}
INST 6745c01f8e7c4287 2016-03-23T21:17:40.500Z {"type":"command","target_tagname":"menuitem","target_id":"","value":"HTTP"}
INST 6745c01f8e7c4287 2016-03-23T21:17:40.500Z {"type":"popuphidden","target_tagname":"menupopup","target_id":"proxyType_menuPopup"}
INST 6745c01f8e7c4287 2016-03-23T21:17:40.500Z {"type":"mouseout","target_tagname":"menuitem","target_id":"","value":"HTTP"}
INST 6745c01f8e7c4287 2016-03-23T21:17:41.900Z {"type":"click","target_tagname":"wizard","target_id":"TorNetworkSettings","detail":1}
INST 6745c01f8e7c4287 2016-03-23T21:17:41.900Z {"type":"pagehide","target_tagname":"wizardpage","target_id":"proxyYES"}
INST 6745c01f8e7c4287 2016-03-23T21:17:41.900Z {"type":"pageadvanced","target_tagname":"wizardpage","target_id":"proxyYES"}
INST 6745c01f8e7c4287 2016-03-23T21:17:42.000Z {"type":"alert_show","target_id":"failed_to_save_settings","value":"Unable to save Tor settings.\n\nYou must specify both an IP address or hostname and a port number to configure Tor to use a proxy to access the Internet."}
INST 6745c01f8e7c4287 2016-03-23T21:17:43.100Z {"type":"alert_exit","target_id":"failed_to_save_settings","value":"Unable to save Tor settings.\n\nYou must specify both an IP address or hostname and a port number to configure Tor to use a proxy to access the Internet."}
INST 6745c01f8e7c4287 2016-03-23T21:17:43.100Z {"type":"command","target_tagname":"wizard","target_id":"TorNetworkSettings"}
INST 6745c01f8e7c4287 2016-03-23T21:17:46.700Z {"type":"click","target_tagname":"wizard","target_id":"TorNetworkSettings","detail":1}
INST 6745c01f8e7c4287 2016-03-23T21:17:46.700Z {"type":"pagehide","target_tagname":"wizardpage","target_id":"proxyYES"}
INST 6745c01f8e7c4287 2016-03-23T21:17:46.700Z {"type":"pagerewound","target_tagname":"wizardpage","target_id":"proxyYES"}
INST 6745c01f8e7c4287 2016-03-23T21:17:46.700Z {"type":"wizardback","target_tagname":"wizard","target_id":"TorNetworkSettings"}
INST 6745c01f8e7c4287 2016-03-23T21:17:46.700Z {"type":"pageshow","target_tagname":"wizardpage","target_id":"proxy"}
INST 6745c01f8e7c4287 2016-03-23T21:17:46.700Z {"type":"command","target_tagname":"wizard","target_id":"TorNetworkSettings"}
INST 6745c01f8e7c4287 2016-03-23T21:17:48.200Z {"type":"click","target_tagname":"radio","target_id":"proxyRadioNo","detail":1}
INST 6745c01f8e7c4287 2016-03-23T21:17:48.200Z {"type":"command","target_tagname":"radio","target_id":"proxyRadioNo"}
INST 6745c01f8e7c4287 2016-03-23T21:17:51.000Z {"type":"click","target_tagname":"wizard","target_id":"TorNetworkSettings","detail":1}
INST 6745c01f8e7c4287 2016-03-23T21:17:51.000Z {"type":"pagehide","target_tagname":"wizardpage","target_id":"proxy"}
INST 6745c01f8e7c4287 2016-03-23T21:17:51.000Z {"type":"pageadvanced","target_tagname":"wizardpage","target_id":"proxy"}
INST 6745c01f8e7c4287 2016-03-23T21:17:51.000Z {"type":"wizardfinish","target_tagname":"wizard","target_id":"TorNetworkSettings"}
INST 6745c01f8e7c4287 2016-03-23T21:17:51.100Z {"type":"load","target_id":"progress_bar"}
INST 6745c01f8e7c4287 2016-03-23T21:17:55.200Z {"type":"progresschanged","target_tagname":"progressmeter","target_id":"progressMeter","value":"5"}
INST 6745c01f8e7c4287 2016-03-23T21:17:55.200Z {"type":"progresschanged","target_tagname":"progressmeter","target_id":"progressMeter","value":"10"}
INST 6745c01f8e7c4287 2016-03-23T21:17:57.900Z {"type":"progresschanged","target_tagname":"progressmeter","target_id":"progressMeter","value":"15"}
INST 6745c01f8e7c4287 2016-03-23T21:17:58.000Z {"type":"progresschanged","target_tagname":"progressmeter","target_id":"progressMeter","value":"20"}
INST 6745c01f8e7c4287 2016-03-23T21:17:58.800Z {"type":"progresschanged","target_tagname":"progressmeter","target_id":"progressMeter","value":"25"}
INST 6745c01f8e7c4287 2016-03-23T21:18:01.700Z {"type":"progresschanged","target_tagname":"progressmeter","target_id":"progressMeter","value":"40"}
INST 6745c01f8e7c4287 2016-03-23T21:18:02.200Z {"type":"progresschanged","target_tagname":"progressmeter","target_id":"progressMeter","value":"45"}
INST 6745c01f8e7c4287 2016-03-23T21:18:02.400Z {"type":"progresschanged","target_tagname":"progressmeter","target_id":"progressMeter","value":"50"}
INST 6745c01f8e7c4287 2016-03-23T21:18:09.800Z {"type":"progresschanged","target_tagname":"progressmeter","target_id":"progressMeter","value":"50"}
INST 6745c01f8e7c4287 2016-03-23T21:18:10.500Z {"type":"progresschanged","target_tagname":"progressmeter","target_id":"progressMeter","value":"50"}
INST 6745c01f8e7c4287 2016-03-23T21:18:10.700Z {"type":"progresschanged","target_tagname":"progressmeter","target_id":"progressMeter","value":"50"}
INST 6745c01f8e7c4287 2016-03-23T21:18:10.900Z {"type":"progresschanged","target_tagname":"progressmeter","target_id":"progressMeter","value":"56"}
INST 6745c01f8e7c4287 2016-03-23T21:18:10.900Z {"type":"progresschanged","target_tagname":"progressmeter","target_id":"progressMeter","value":"56"}
INST 6745c01f8e7c4287 2016-03-23T21:18:10.900Z {"type":"progresschanged","target_tagname":"progressmeter","target_id":"progressMeter","value":"63"}
INST 6745c01f8e7c4287 2016-03-23T21:18:10.900Z {"type":"progresschanged","target_tagname":"progressmeter","target_id":"progressMeter","value":"67"}
INST 6745c01f8e7c4287 2016-03-23T21:18:10.900Z {"type":"progresschanged","target_tagname":"progressmeter","target_id":"progressMeter","value":"72"}
INST 6745c01f8e7c4287 2016-03-23T21:18:10.900Z {"type":"progresschanged","target_tagname":"progressmeter","target_id":"progressMeter","value":"78"}
INST 6745c01f8e7c4287 2016-03-23T21:18:11.200Z {"type":"progresschanged","target_tagname":"progressmeter","target_id":"progressMeter","value":"78"}
INST 6745c01f8e7c4287 2016-03-23T21:18:11.200Z {"type":"progresschanged","target_tagname":"progressmeter","target_id":"progressMeter","value":"90"}
INST 6745c01f8e7c4287 2016-03-23T21:18:12.300Z {"type":"progresschanged","target_tagname":"progressmeter","target_id":"progressMeter","value":"100"}
INST 6745c01f8e7c4287 2016-03-23T21:18:12.600Z {"type":"unload","target_id":"progress_bar"}
INST 6745c01f8e7c4287 2016-03-23T21:18:12.600Z {"type":"command","target_tagname":"wizard","target_id":"TorNetworkSettings"}
INST 6745c01f8e7c4287 2016-03-23T21:18:12.600Z {"type":"unload","target_id":"configuration"}
