INST 80b6a842f071b430 2016-03-28T21:19:00.800Z {"type":"start"}
INST 80b6a842f071b430 2016-03-28T21:19:02.400Z {"type":"select","target_tagname":"menulist","target_id":"proxyType","value":""}
INST 80b6a842f071b430 2016-03-28T21:19:02.400Z {"type":"wizardnext","target_tagname":"wizard","target_id":"TorNetworkSettings"}
INST 80b6a842f071b430 2016-03-28T21:19:02.400Z {"type":"pageshow","target_tagname":"wizardpage","target_id":"first"}
INST 80b6a842f071b430 2016-03-28T21:19:02.500Z {"type":"load","target_id":"configuration"}
INST 80b6a842f071b430 2016-03-28T21:19:02.500Z {"type":"select","target_tagname":"menulist","target_id":"defaultBridgeType","value":"obfs3"}
INST 80b6a842f071b430 2016-03-28T21:19:06.900Z {"type":"click","target_tagname":"button","target_id":"connect_button","detail":1}
INST 80b6a842f071b430 2016-03-28T21:19:06.900Z {"type":"load","target_id":"progress_bar"}
INST 80b6a842f071b430 2016-03-28T21:19:07.600Z {"type":"progresschanged","target_tagname":"progressmeter","target_id":"progressMeter","value":"5"}
INST 80b6a842f071b430 2016-03-28T21:19:07.600Z {"type":"progresschanged","target_tagname":"progressmeter","target_id":"progressMeter","value":"5"}
INST 80b6a842f071b430 2016-03-28T21:19:07.700Z {"type":"progresschanged","target_tagname":"progressmeter","target_id":"progressMeter","value":"5"}
INST 80b6a842f071b430 2016-03-28T21:19:23.900Z {"type":"click","target_tagname":"dialog","target_id":"TorProgress","detail":1}
INST 80b6a842f071b430 2016-03-28T21:19:41.100Z {"type":"click","target_tagname":"dialog","target_id":"TorProgress","detail":1}
INST 80b6a842f071b430 2016-03-28T21:19:41.100Z {"type":"dialogcancel","target_tagname":"dialog","target_id":"TorProgress"}
INST 80b6a842f071b430 2016-03-28T21:19:41.100Z {"type":"command","target_tagname":"dialog","target_id":"TorProgress"}
INST 80b6a842f071b430 2016-03-28T21:19:41.100Z {"type":"command","target_tagname":"button","target_id":"connect_button"}
INST 80b6a842f071b430 2016-03-28T21:19:42.700Z {"type":"click","target_tagname":"wizard","target_id":"TorNetworkSettings","detail":1}
INST 80b6a842f071b430 2016-03-28T21:19:42.700Z {"type":"wizardcancel","target_tagname":"wizard","target_id":"TorNetworkSettings"}
INST 80b6a842f071b430 2016-03-28T21:19:42.700Z {"type":"command","target_tagname":"wizard","target_id":"TorNetworkSettings"}
INST 80b6a842f071b430 2016-03-28T21:19:42.700Z {"type":"unload","target_id":"configuration"}
INST 58ce461cf85344b9 2016-03-28T21:19:50.200Z {"type":"start"}
INST 58ce461cf85344b9 2016-03-28T21:19:51.000Z {"type":"select","target_tagname":"menulist","target_id":"proxyType","value":""}
INST 58ce461cf85344b9 2016-03-28T21:19:51.000Z {"type":"wizardnext","target_tagname":"wizard","target_id":"TorNetworkSettings"}
INST 58ce461cf85344b9 2016-03-28T21:19:51.000Z {"type":"pageshow","target_tagname":"wizardpage","target_id":"first"}
INST 58ce461cf85344b9 2016-03-28T21:19:51.000Z {"type":"load","target_id":"configuration"}
INST 58ce461cf85344b9 2016-03-28T21:19:51.000Z {"type":"select","target_tagname":"menulist","target_id":"defaultBridgeType","value":"obfs3"}
INST 58ce461cf85344b9 2016-03-28T21:19:55.100Z {"type":"click","target_tagname":"wizard","target_id":"TorNetworkSettings","detail":1}
INST 58ce461cf85344b9 2016-03-28T21:19:55.100Z {"type":"wizardcancel","target_tagname":"wizard","target_id":"TorNetworkSettings"}
INST 58ce461cf85344b9 2016-03-28T21:19:55.100Z {"type":"command","target_tagname":"wizard","target_id":"TorNetworkSettings"}
INST 58ce461cf85344b9 2016-03-28T21:19:55.100Z {"type":"unload","target_id":"configuration"}
INST df37c1942c0e9a37 2016-03-28T21:19:57.700Z {"type":"start"}
INST df37c1942c0e9a37 2016-03-28T21:19:58.400Z {"type":"select","target_tagname":"menulist","target_id":"proxyType","value":""}
INST df37c1942c0e9a37 2016-03-28T21:19:58.400Z {"type":"wizardnext","target_tagname":"wizard","target_id":"TorNetworkSettings"}
INST df37c1942c0e9a37 2016-03-28T21:19:58.400Z {"type":"pageshow","target_tagname":"wizardpage","target_id":"first"}
INST df37c1942c0e9a37 2016-03-28T21:19:58.400Z {"type":"load","target_id":"configuration"}
INST df37c1942c0e9a37 2016-03-28T21:19:58.400Z {"type":"select","target_tagname":"menulist","target_id":"defaultBridgeType","value":"obfs3"}
INST df37c1942c0e9a37 2016-03-28T21:19:59.300Z {"type":"click","target_tagname":"button","target_id":"connect_button","detail":1}
INST df37c1942c0e9a37 2016-03-28T21:19:59.400Z {"type":"load","target_id":"progress_bar"}
INST df37c1942c0e9a37 2016-03-28T21:19:59.700Z {"type":"progresschanged","target_tagname":"progressmeter","target_id":"progressMeter","value":"5"}
INST df37c1942c0e9a37 2016-03-28T21:19:59.700Z {"type":"progresschanged","target_tagname":"progressmeter","target_id":"progressMeter","value":"5"}
INST df37c1942c0e9a37 2016-03-28T21:19:59.700Z {"type":"progresschanged","target_tagname":"progressmeter","target_id":"progressMeter","value":"5"}
INST df37c1942c0e9a37 2016-03-28T21:21:01.200Z {"type":"progresschanged","target_tagname":"progressmeter","target_id":"progressMeter","value":"5"}
INST df37c1942c0e9a37 2016-03-28T21:23:01.600Z {"type":"click","target_tagname":"dialog","target_id":"TorProgress","detail":1}
INST df37c1942c0e9a37 2016-03-28T21:23:01.600Z {"type":"dialogcancel","target_tagname":"dialog","target_id":"TorProgress"}
INST df37c1942c0e9a37 2016-03-28T21:23:01.600Z {"type":"command","target_tagname":"dialog","target_id":"TorProgress"}
INST df37c1942c0e9a37 2016-03-28T21:23:01.600Z {"type":"command","target_tagname":"button","target_id":"connect_button"}
INST df37c1942c0e9a37 2016-03-28T21:23:02.800Z {"type":"click","target_tagname":"button","target_id":"configure_button","detail":1}
INST df37c1942c0e9a37 2016-03-28T21:23:02.800Z {"type":"pagehide","target_tagname":"wizardpage","target_id":"first"}
INST df37c1942c0e9a37 2016-03-28T21:23:02.800Z {"type":"pageadvanced","target_tagname":"wizardpage","target_id":"first"}
INST df37c1942c0e9a37 2016-03-28T21:23:02.800Z {"type":"wizardnext","target_tagname":"wizard","target_id":"TorNetworkSettings"}
INST df37c1942c0e9a37 2016-03-28T21:23:02.800Z {"type":"pageshow","target_tagname":"wizardpage","target_id":"bridges"}
INST df37c1942c0e9a37 2016-03-28T21:23:02.800Z {"type":"command","target_tagname":"button","target_id":"configure_button"}
INST df37c1942c0e9a37 2016-03-28T21:23:06.900Z {"type":"click","target_tagname":"radio","target_id":"bridgesRadioYes","detail":1}
INST df37c1942c0e9a37 2016-03-28T21:23:06.900Z {"type":"command","target_tagname":"radio","target_id":"bridgesRadioYes"}
INST df37c1942c0e9a37 2016-03-28T21:23:08.300Z {"type":"click","target_tagname":"wizard","target_id":"TorNetworkSettings","detail":1}
INST df37c1942c0e9a37 2016-03-28T21:23:08.300Z {"type":"pagehide","target_tagname":"wizardpage","target_id":"bridges"}
INST df37c1942c0e9a37 2016-03-28T21:23:08.300Z {"type":"pageadvanced","target_tagname":"wizardpage","target_id":"bridges"}
INST df37c1942c0e9a37 2016-03-28T21:23:08.300Z {"type":"wizardnext","target_tagname":"wizard","target_id":"TorNetworkSettings"}
INST df37c1942c0e9a37 2016-03-28T21:23:08.300Z {"type":"pageshow","target_tagname":"wizardpage","target_id":"bridgeSettings"}
INST df37c1942c0e9a37 2016-03-28T21:23:08.300Z {"type":"command","target_tagname":"wizard","target_id":"TorNetworkSettings"}
INST df37c1942c0e9a37 2016-03-28T21:23:10.000Z {"type":"popupshown","target_tagname":"menupopup","target_id":"defaultBridgeType_menuPopup"}
INST df37c1942c0e9a37 2016-03-28T21:23:10.100Z {"type":"click","target_tagname":"menulist","target_id":"defaultBridgeType","value":"obfs3","detail":1}
INST df37c1942c0e9a37 2016-03-28T21:23:11.600Z {"type":"mouseover","target_tagname":"menuitem","target_id":"","value":"flashproxy"}
INST df37c1942c0e9a37 2016-03-28T21:23:11.700Z {"type":"mouseout","target_tagname":"menuitem","target_id":"","value":"flashproxy"}
INST df37c1942c0e9a37 2016-03-28T21:23:11.700Z {"type":"mouseover","target_tagname":"menuitem","target_id":"","value":"fte"}
INST df37c1942c0e9a37 2016-03-28T21:23:11.700Z {"type":"mouseout","target_tagname":"menuitem","target_id":"","value":"fte"}
INST df37c1942c0e9a37 2016-03-28T21:23:11.700Z {"type":"mouseover","target_tagname":"menuitem","target_id":"","value":"fte-ipv6"}
INST df37c1942c0e9a37 2016-03-28T21:23:11.800Z {"type":"mouseout","target_tagname":"menuitem","target_id":"","value":"fte-ipv6"}
INST df37c1942c0e9a37 2016-03-28T21:23:11.800Z {"type":"mouseover","target_tagname":"menuitem","target_id":"","value":"meek-amazon"}
INST df37c1942c0e9a37 2016-03-28T21:23:11.900Z {"type":"mouseout","target_tagname":"menuitem","target_id":"","value":"meek-amazon"}
INST df37c1942c0e9a37 2016-03-28T21:23:11.900Z {"type":"mouseover","target_tagname":"menuitem","target_id":"","value":"meek-azure"}
INST df37c1942c0e9a37 2016-03-28T21:23:12.200Z {"type":"mouseout","target_tagname":"menuitem","target_id":"","value":"meek-azure"}
INST df37c1942c0e9a37 2016-03-28T21:23:12.200Z {"type":"mouseover","target_tagname":"menuitem","target_id":"","value":"meek-google"}
INST df37c1942c0e9a37 2016-03-28T21:23:12.800Z {"type":"mouseout","target_tagname":"menuitem","target_id":"","value":"meek-google"}
INST df37c1942c0e9a37 2016-03-28T21:23:12.800Z {"type":"mouseover","target_tagname":"menuitem","target_id":"","value":"meek-azure"}
INST df37c1942c0e9a37 2016-03-28T21:23:12.900Z {"type":"mouseout","target_tagname":"menuitem","target_id":"","value":"meek-azure"}
INST df37c1942c0e9a37 2016-03-28T21:23:12.900Z {"type":"mouseover","target_tagname":"menuitem","target_id":"","value":"meek-amazon"}
INST df37c1942c0e9a37 2016-03-28T21:23:12.900Z {"type":"mouseout","target_tagname":"menuitem","target_id":"","value":"meek-amazon"}
INST df37c1942c0e9a37 2016-03-28T21:23:12.900Z {"type":"mouseover","target_tagname":"menuitem","target_id":"","value":"fte-ipv6"}
INST df37c1942c0e9a37 2016-03-28T21:23:13.100Z {"type":"mouseout","target_tagname":"menuitem","target_id":"","value":"fte-ipv6"}
INST df37c1942c0e9a37 2016-03-28T21:23:13.100Z {"type":"mouseover","target_tagname":"menuitem","target_id":"","value":"fte"}
INST df37c1942c0e9a37 2016-03-28T21:23:13.200Z {"type":"mouseout","target_tagname":"menuitem","target_id":"","value":"fte"}
INST df37c1942c0e9a37 2016-03-28T21:23:13.200Z {"type":"mouseover","target_tagname":"menuitem","target_id":"","value":"flashproxy"}
INST df37c1942c0e9a37 2016-03-28T21:23:13.500Z {"type":"mouseout","target_tagname":"menuitem","target_id":"","value":"flashproxy"}
INST df37c1942c0e9a37 2016-03-28T21:23:13.800Z {"type":"popuphidden","target_tagname":"menupopup","target_id":"defaultBridgeType_menuPopup"}
INST df37c1942c0e9a37 2016-03-28T21:23:14.900Z {"type":"click","target_tagname":"wizard","target_id":"TorNetworkSettings","detail":1}
INST df37c1942c0e9a37 2016-03-28T21:23:14.900Z {"type":"pagehide","target_tagname":"wizardpage","target_id":"bridgeSettings"}
INST df37c1942c0e9a37 2016-03-28T21:23:14.900Z {"type":"pageadvanced","target_tagname":"wizardpage","target_id":"bridgeSettings"}
INST df37c1942c0e9a37 2016-03-28T21:23:14.900Z {"type":"wizardnext","target_tagname":"wizard","target_id":"TorNetworkSettings"}
INST df37c1942c0e9a37 2016-03-28T21:23:14.900Z {"type":"pageshow","target_tagname":"wizardpage","target_id":"proxy"}
INST df37c1942c0e9a37 2016-03-28T21:23:14.900Z {"type":"command","target_tagname":"wizard","target_id":"TorNetworkSettings"}
INST df37c1942c0e9a37 2016-03-28T21:23:17.700Z {"type":"click","target_tagname":"radiogroup","target_id":"proxyRadioGroup","detail":1}
INST df37c1942c0e9a37 2016-03-28T21:23:18.200Z {"type":"click","target_tagname":"radio","target_id":"proxyRadioYes","detail":1}
INST df37c1942c0e9a37 2016-03-28T21:23:18.200Z {"type":"command","target_tagname":"radio","target_id":"proxyRadioYes"}
INST df37c1942c0e9a37 2016-03-28T21:23:19.700Z {"type":"click","target_tagname":"wizard","target_id":"TorNetworkSettings","detail":1}
INST df37c1942c0e9a37 2016-03-28T21:23:19.700Z {"type":"pagehide","target_tagname":"wizardpage","target_id":"proxy"}
INST df37c1942c0e9a37 2016-03-28T21:23:19.700Z {"type":"pageadvanced","target_tagname":"wizardpage","target_id":"proxy"}
INST df37c1942c0e9a37 2016-03-28T21:23:19.700Z {"type":"wizardnext","target_tagname":"wizard","target_id":"TorNetworkSettings"}
INST df37c1942c0e9a37 2016-03-28T21:23:19.700Z {"type":"pageshow","target_tagname":"wizardpage","target_id":"proxyYES"}
INST df37c1942c0e9a37 2016-03-28T21:23:19.700Z {"type":"command","target_tagname":"wizard","target_id":"TorNetworkSettings"}
INST df37c1942c0e9a37 2016-03-28T21:23:20.900Z {"type":"click","target_tagname":"wizard","target_id":"TorNetworkSettings","detail":1}
INST df37c1942c0e9a37 2016-03-28T21:23:20.900Z {"type":"pagehide","target_tagname":"wizardpage","target_id":"proxyYES"}
INST df37c1942c0e9a37 2016-03-28T21:23:20.900Z {"type":"pageadvanced","target_tagname":"wizardpage","target_id":"proxyYES"}
INST df37c1942c0e9a37 2016-03-28T21:23:20.900Z {"type":"alert_show","target_id":"failed_to_save_settings","value":"Unable to save Tor settings.\n\nYou must specify both an IP address or hostname and a port number to configure Tor to use a proxy to access the Internet."}
INST df37c1942c0e9a37 2016-03-28T21:23:22.000Z {"type":"alert_exit","target_id":"failed_to_save_settings","value":"Unable to save Tor settings.\n\nYou must specify both an IP address or hostname and a port number to configure Tor to use a proxy to access the Internet."}
INST df37c1942c0e9a37 2016-03-28T21:23:22.000Z {"type":"command","target_tagname":"wizard","target_id":"TorNetworkSettings"}
INST df37c1942c0e9a37 2016-03-28T21:23:23.000Z {"type":"popupshown","target_tagname":"menupopup","target_id":"proxyType_menuPopup"}
INST df37c1942c0e9a37 2016-03-28T21:23:23.100Z {"type":"click","target_tagname":"menulist","target_id":"proxyType","value":"","detail":1}
INST df37c1942c0e9a37 2016-03-28T21:23:23.400Z {"type":"mouseover","target_tagname":"menuitem","target_id":"","value":""}
INST df37c1942c0e9a37 2016-03-28T21:23:23.600Z {"type":"mouseout","target_tagname":"menuitem","target_id":"","value":""}
INST df37c1942c0e9a37 2016-03-28T21:23:23.600Z {"type":"mouseover","target_tagname":"menuitem","target_id":"","value":"SOCKS4"}
INST df37c1942c0e9a37 2016-03-28T21:23:24.100Z {"type":"click","target_tagname":"menuitem","target_id":"","value":"SOCKS4","detail":1}
INST df37c1942c0e9a37 2016-03-28T21:23:24.100Z {"type":"select","target_tagname":"menulist","target_id":"proxyType","value":"SOCKS4"}
INST df37c1942c0e9a37 2016-03-28T21:23:24.100Z {"type":"command","target_tagname":"menuitem","target_id":"","value":"SOCKS4"}
INST df37c1942c0e9a37 2016-03-28T21:23:24.100Z {"type":"popuphidden","target_tagname":"menupopup","target_id":"proxyType_menuPopup"}
INST df37c1942c0e9a37 2016-03-28T21:23:24.100Z {"type":"mouseout","target_tagname":"menuitem","target_id":"","value":"SOCKS4"}
INST df37c1942c0e9a37 2016-03-28T21:23:24.700Z {"type":"select","target_tagname":"textbox","target_id":"proxyAddr"}
INST df37c1942c0e9a37 2016-03-28T21:23:24.800Z {"type":"click","target_tagname":"textbox","target_id":"proxyAddr","detail":1}
INST df37c1942c0e9a37 2016-03-28T21:23:25.700Z {"type":"click","target_tagname":"label","target_id":"","detail":1}
INST df37c1942c0e9a37 2016-03-28T21:23:26.200Z {"type":"click","target_tagname":"textbox","target_id":"proxyPort","detail":1}
INST df37c1942c0e9a37 2016-03-28T21:23:27.500Z {"type":"click","target_tagname":"wizard","target_id":"TorNetworkSettings","detail":1}
INST df37c1942c0e9a37 2016-03-28T21:23:27.500Z {"type":"pagehide","target_tagname":"wizardpage","target_id":"proxyYES"}
INST df37c1942c0e9a37 2016-03-28T21:23:27.500Z {"type":"pagerewound","target_tagname":"wizardpage","target_id":"proxyYES"}
INST df37c1942c0e9a37 2016-03-28T21:23:27.500Z {"type":"wizardback","target_tagname":"wizard","target_id":"TorNetworkSettings"}
INST df37c1942c0e9a37 2016-03-28T21:23:27.500Z {"type":"pageshow","target_tagname":"wizardpage","target_id":"proxy"}
INST df37c1942c0e9a37 2016-03-28T21:23:27.500Z {"type":"command","target_tagname":"wizard","target_id":"TorNetworkSettings"}
INST df37c1942c0e9a37 2016-03-28T21:23:28.400Z {"type":"click","target_tagname":"wizard","target_id":"TorNetworkSettings","detail":1}
INST df37c1942c0e9a37 2016-03-28T21:23:28.400Z {"type":"pagehide","target_tagname":"wizardpage","target_id":"proxy"}
INST df37c1942c0e9a37 2016-03-28T21:23:28.400Z {"type":"pagerewound","target_tagname":"wizardpage","target_id":"proxy"}
INST df37c1942c0e9a37 2016-03-28T21:23:28.400Z {"type":"wizardback","target_tagname":"wizard","target_id":"TorNetworkSettings"}
INST df37c1942c0e9a37 2016-03-28T21:23:28.400Z {"type":"pageshow","target_tagname":"wizardpage","target_id":"bridgeSettings"}
INST df37c1942c0e9a37 2016-03-28T21:23:28.400Z {"type":"command","target_tagname":"wizard","target_id":"TorNetworkSettings"}
INST df37c1942c0e9a37 2016-03-28T21:23:29.500Z {"type":"popupshown","target_tagname":"menupopup","target_id":"defaultBridgeType_menuPopup"}
INST df37c1942c0e9a37 2016-03-28T21:23:29.600Z {"type":"click","target_tagname":"menulist","target_id":"defaultBridgeType","value":"obfs3","detail":1}
INST df37c1942c0e9a37 2016-03-28T21:23:30.200Z {"type":"mouseover","target_tagname":"menuitem","target_id":"","value":"flashproxy"}
INST df37c1942c0e9a37 2016-03-28T21:23:30.200Z {"type":"mouseout","target_tagname":"menuitem","target_id":"","value":"flashproxy"}
INST df37c1942c0e9a37 2016-03-28T21:23:30.200Z {"type":"mouseover","target_tagname":"menuitem","target_id":"","value":"fte"}
INST df37c1942c0e9a37 2016-03-28T21:23:30.300Z {"type":"mouseout","target_tagname":"menuitem","target_id":"","value":"fte"}
INST df37c1942c0e9a37 2016-03-28T21:23:30.300Z {"type":"mouseover","target_tagname":"menuitem","target_id":"","value":"fte-ipv6"}
INST df37c1942c0e9a37 2016-03-28T21:23:30.800Z {"type":"mouseout","target_tagname":"menuitem","target_id":"","value":"fte-ipv6"}
INST df37c1942c0e9a37 2016-03-28T21:23:30.800Z {"type":"mouseover","target_tagname":"menuitem","target_id":"","value":"meek-amazon"}
INST df37c1942c0e9a37 2016-03-28T21:23:31.100Z {"type":"click","target_tagname":"menuitem","target_id":"","value":"meek-amazon","detail":1}
INST df37c1942c0e9a37 2016-03-28T21:23:31.100Z {"type":"select","target_tagname":"menulist","target_id":"defaultBridgeType","value":"meek-amazon"}
INST df37c1942c0e9a37 2016-03-28T21:23:31.100Z {"type":"command","target_tagname":"menuitem","target_id":"","value":"meek-amazon"}
INST df37c1942c0e9a37 2016-03-28T21:23:31.100Z {"type":"popuphidden","target_tagname":"menupopup","target_id":"defaultBridgeType_menuPopup"}
INST df37c1942c0e9a37 2016-03-28T21:23:31.100Z {"type":"mouseout","target_tagname":"menuitem","target_id":"","value":"meek-amazon"}
INST df37c1942c0e9a37 2016-03-28T21:23:32.100Z {"type":"click","target_tagname":"wizard","target_id":"TorNetworkSettings","detail":1}
INST df37c1942c0e9a37 2016-03-28T21:23:32.100Z {"type":"pagehide","target_tagname":"wizardpage","target_id":"bridgeSettings"}
INST df37c1942c0e9a37 2016-03-28T21:23:32.100Z {"type":"pageadvanced","target_tagname":"wizardpage","target_id":"bridgeSettings"}
INST df37c1942c0e9a37 2016-03-28T21:23:32.100Z {"type":"wizardnext","target_tagname":"wizard","target_id":"TorNetworkSettings"}
INST df37c1942c0e9a37 2016-03-28T21:23:32.100Z {"type":"pageshow","target_tagname":"wizardpage","target_id":"proxy"}
INST df37c1942c0e9a37 2016-03-28T21:23:32.100Z {"type":"command","target_tagname":"wizard","target_id":"TorNetworkSettings"}
INST df37c1942c0e9a37 2016-03-28T21:23:34.100Z {"type":"click","target_tagname":"radio","target_id":"proxyRadioNo","detail":1}
INST df37c1942c0e9a37 2016-03-28T21:23:34.100Z {"type":"command","target_tagname":"radio","target_id":"proxyRadioNo"}
INST df37c1942c0e9a37 2016-03-28T21:23:35.900Z {"type":"click","target_tagname":"wizard","target_id":"TorNetworkSettings","detail":1}
INST df37c1942c0e9a37 2016-03-28T21:23:35.900Z {"type":"pagehide","target_tagname":"wizardpage","target_id":"proxy"}
INST df37c1942c0e9a37 2016-03-28T21:23:35.900Z {"type":"pageadvanced","target_tagname":"wizardpage","target_id":"proxy"}
INST df37c1942c0e9a37 2016-03-28T21:23:35.900Z {"type":"wizardfinish","target_tagname":"wizard","target_id":"TorNetworkSettings"}
INST df37c1942c0e9a37 2016-03-28T21:23:36.000Z {"type":"load","target_id":"progress_bar"}
INST df37c1942c0e9a37 2016-03-28T21:23:41.200Z {"type":"progresschanged","target_tagname":"progressmeter","target_id":"progressMeter","value":"10"}
INST df37c1942c0e9a37 2016-03-28T21:23:43.700Z {"type":"progresschanged","target_tagname":"progressmeter","target_id":"progressMeter","value":"15"}
INST df37c1942c0e9a37 2016-03-28T21:23:44.000Z {"type":"progresschanged","target_tagname":"progressmeter","target_id":"progressMeter","value":"20"}
INST df37c1942c0e9a37 2016-03-28T21:23:45.100Z {"type":"progresschanged","target_tagname":"progressmeter","target_id":"progressMeter","value":"25"}
INST df37c1942c0e9a37 2016-03-28T21:23:52.000Z {"type":"progresschanged","target_tagname":"progressmeter","target_id":"progressMeter","value":"40"}
INST df37c1942c0e9a37 2016-03-28T21:23:52.700Z {"type":"progresschanged","target_tagname":"progressmeter","target_id":"progressMeter","value":"45"}
INST df37c1942c0e9a37 2016-03-28T21:23:52.900Z {"type":"progresschanged","target_tagname":"progressmeter","target_id":"progressMeter","value":"50"}
INST df37c1942c0e9a37 2016-03-28T21:24:09.800Z {"type":"progresschanged","target_tagname":"progressmeter","target_id":"progressMeter","value":"50"}
INST df37c1942c0e9a37 2016-03-28T21:24:09.900Z {"type":"progresschanged","target_tagname":"progressmeter","target_id":"progressMeter","value":"50"}
INST df37c1942c0e9a37 2016-03-28T21:24:09.900Z {"type":"progresschanged","target_tagname":"progressmeter","target_id":"progressMeter","value":"50"}
INST df37c1942c0e9a37 2016-03-28T21:24:10.200Z {"type":"progresschanged","target_tagname":"progressmeter","target_id":"progressMeter","value":"55"}
INST df37c1942c0e9a37 2016-03-28T21:24:10.200Z {"type":"progresschanged","target_tagname":"progressmeter","target_id":"progressMeter","value":"55"}
INST df37c1942c0e9a37 2016-03-28T21:24:10.200Z {"type":"progresschanged","target_tagname":"progressmeter","target_id":"progressMeter","value":"62"}
INST df37c1942c0e9a37 2016-03-28T21:24:10.200Z {"type":"progresschanged","target_tagname":"progressmeter","target_id":"progressMeter","value":"67"}
INST df37c1942c0e9a37 2016-03-28T21:24:10.200Z {"type":"progresschanged","target_tagname":"progressmeter","target_id":"progressMeter","value":"73"}
INST df37c1942c0e9a37 2016-03-28T21:24:10.200Z {"type":"progresschanged","target_tagname":"progressmeter","target_id":"progressMeter","value":"80"}
INST df37c1942c0e9a37 2016-03-28T21:24:10.200Z {"type":"progresschanged","target_tagname":"progressmeter","target_id":"progressMeter","value":"90"}
INST df37c1942c0e9a37 2016-03-28T21:24:11.700Z {"type":"progresschanged","target_tagname":"progressmeter","target_id":"progressMeter","value":"100"}
INST df37c1942c0e9a37 2016-03-28T21:24:11.900Z {"type":"unload","target_id":"progress_bar"}
INST df37c1942c0e9a37 2016-03-28T21:24:11.900Z {"type":"command","target_tagname":"wizard","target_id":"TorNetworkSettings"}
INST df37c1942c0e9a37 2016-03-28T21:24:11.900Z {"type":"unload","target_id":"configuration"}
