INST 6474e3fe54df3c92 2016-03-31T01:44:58.500Z {"type":"start"}
INST 6474e3fe54df3c92 2016-03-31T01:44:59.500Z {"type":"select","target_tagname":"menulist","target_id":"proxyType","value":""}
INST 6474e3fe54df3c92 2016-03-31T01:44:59.500Z {"type":"wizardnext","target_tagname":"wizard","target_id":"TorNetworkSettings"}
INST 6474e3fe54df3c92 2016-03-31T01:44:59.500Z {"type":"pageshow","target_tagname":"wizardpage","target_id":"first"}
INST 6474e3fe54df3c92 2016-03-31T01:44:59.500Z {"type":"load","target_id":"configuration"}
INST 6474e3fe54df3c92 2016-03-31T01:44:59.500Z {"type":"select","target_tagname":"menulist","target_id":"defaultBridgeType","value":"obfs3"}
INST 6474e3fe54df3c92 2016-03-31T01:45:15.200Z {"type":"click","target_tagname":"button","target_id":"configure_button","detail":1}
INST 6474e3fe54df3c92 2016-03-31T01:45:15.200Z {"type":"pagehide","target_tagname":"wizardpage","target_id":"first"}
INST 6474e3fe54df3c92 2016-03-31T01:45:15.200Z {"type":"pageadvanced","target_tagname":"wizardpage","target_id":"first"}
INST 6474e3fe54df3c92 2016-03-31T01:45:15.200Z {"type":"wizardnext","target_tagname":"wizard","target_id":"TorNetworkSettings"}
INST 6474e3fe54df3c92 2016-03-31T01:45:15.200Z {"type":"pageshow","target_tagname":"wizardpage","target_id":"bridges"}
INST 6474e3fe54df3c92 2016-03-31T01:45:15.200Z {"type":"command","target_tagname":"button","target_id":"configure_button"}
INST 6474e3fe54df3c92 2016-03-31T01:45:19.700Z {"type":"click","target_tagname":"radio","target_id":"bridgesRadioYes","detail":1}
INST 6474e3fe54df3c92 2016-03-31T01:45:19.700Z {"type":"command","target_tagname":"radio","target_id":"bridgesRadioYes"}
INST 6474e3fe54df3c92 2016-03-31T01:45:21.500Z {"type":"click","target_tagname":"wizard","target_id":"TorNetworkSettings","detail":1}
INST 6474e3fe54df3c92 2016-03-31T01:45:21.500Z {"type":"pagehide","target_tagname":"wizardpage","target_id":"bridges"}
INST 6474e3fe54df3c92 2016-03-31T01:45:21.500Z {"type":"pageadvanced","target_tagname":"wizardpage","target_id":"bridges"}
INST 6474e3fe54df3c92 2016-03-31T01:45:21.500Z {"type":"wizardnext","target_tagname":"wizard","target_id":"TorNetworkSettings"}
INST 6474e3fe54df3c92 2016-03-31T01:45:21.500Z {"type":"pageshow","target_tagname":"wizardpage","target_id":"bridgeSettings"}
INST 6474e3fe54df3c92 2016-03-31T01:45:21.500Z {"type":"command","target_tagname":"wizard","target_id":"TorNetworkSettings"}
INST 6474e3fe54df3c92 2016-03-31T01:45:27.900Z {"type":"click","target_tagname":"wizard","target_id":"TorNetworkSettings","detail":1}
INST 6474e3fe54df3c92 2016-03-31T01:45:27.900Z {"type":"pagehide","target_tagname":"wizardpage","target_id":"bridgeSettings"}
INST 6474e3fe54df3c92 2016-03-31T01:45:27.900Z {"type":"pageadvanced","target_tagname":"wizardpage","target_id":"bridgeSettings"}
INST 6474e3fe54df3c92 2016-03-31T01:45:27.900Z {"type":"wizardnext","target_tagname":"wizard","target_id":"TorNetworkSettings"}
INST 6474e3fe54df3c92 2016-03-31T01:45:27.900Z {"type":"pageshow","target_tagname":"wizardpage","target_id":"proxy"}
INST 6474e3fe54df3c92 2016-03-31T01:45:27.900Z {"type":"command","target_tagname":"wizard","target_id":"TorNetworkSettings"}
INST 6474e3fe54df3c92 2016-03-31T01:45:45.400Z {"type":"click","target_tagname":"wizard","target_id":"TorNetworkSettings","detail":1}
INST 6474e3fe54df3c92 2016-03-31T01:45:45.400Z {"type":"pagehide","target_tagname":"wizardpage","target_id":"proxy"}
INST 6474e3fe54df3c92 2016-03-31T01:45:45.400Z {"type":"pageadvanced","target_tagname":"wizardpage","target_id":"proxy"}
INST 6474e3fe54df3c92 2016-03-31T01:45:45.400Z {"type":"wizardfinish","target_tagname":"wizard","target_id":"TorNetworkSettings"}
INST 6474e3fe54df3c92 2016-03-31T01:45:45.500Z {"type":"load","target_id":"progress_bar"}
INST 6474e3fe54df3c92 2016-03-31T01:45:52.000Z {"type":"progresschanged","target_tagname":"progressmeter","target_id":"progressMeter","value":"5"}
INST 6474e3fe54df3c92 2016-03-31T01:45:52.000Z {"type":"progresschanged","target_tagname":"progressmeter","target_id":"progressMeter","value":"10"}
INST 6474e3fe54df3c92 2016-03-31T01:46:26.300Z {"type":"click","target_tagname":"dialog","target_id":"TorProgress","detail":1}
INST 6474e3fe54df3c92 2016-03-31T01:46:26.300Z {"type":"dialogcancel","target_tagname":"dialog","target_id":"TorProgress"}
INST 6474e3fe54df3c92 2016-03-31T01:46:26.300Z {"type":"command","target_tagname":"dialog","target_id":"TorProgress"}
INST 6474e3fe54df3c92 2016-03-31T01:46:26.300Z {"type":"command","target_tagname":"wizard","target_id":"TorNetworkSettings"}
INST 6474e3fe54df3c92 2016-03-31T01:46:27.600Z {"type":"click","target_tagname":"radio","target_id":"proxyRadioYes","detail":1}
INST 6474e3fe54df3c92 2016-03-31T01:46:27.600Z {"type":"command","target_tagname":"radio","target_id":"proxyRadioYes"}
INST 6474e3fe54df3c92 2016-03-31T01:46:28.800Z {"type":"click","target_tagname":"wizard","target_id":"TorNetworkSettings","detail":1}
INST 6474e3fe54df3c92 2016-03-31T01:46:28.800Z {"type":"pagehide","target_tagname":"wizardpage","target_id":"proxy"}
INST 6474e3fe54df3c92 2016-03-31T01:46:28.800Z {"type":"pageadvanced","target_tagname":"wizardpage","target_id":"proxy"}
INST 6474e3fe54df3c92 2016-03-31T01:46:28.800Z {"type":"wizardnext","target_tagname":"wizard","target_id":"TorNetworkSettings"}
INST 6474e3fe54df3c92 2016-03-31T01:46:28.800Z {"type":"pageshow","target_tagname":"wizardpage","target_id":"proxyYES"}
INST 6474e3fe54df3c92 2016-03-31T01:46:28.800Z {"type":"command","target_tagname":"wizard","target_id":"TorNetworkSettings"}
INST 6474e3fe54df3c92 2016-03-31T01:46:33.300Z {"type":"popupshown","target_tagname":"menupopup","target_id":"proxyType_menuPopup"}
INST 6474e3fe54df3c92 2016-03-31T01:46:33.400Z {"type":"click","target_tagname":"menulist","target_id":"proxyType","value":"","detail":1}
INST 6474e3fe54df3c92 2016-03-31T01:46:35.800Z {"type":"popuphidden","target_tagname":"menupopup","target_id":"proxyType_menuPopup"}
INST 6474e3fe54df3c92 2016-03-31T01:46:39.400Z {"type":"click","target_tagname":"wizard","target_id":"TorNetworkSettings","detail":1}
INST 6474e3fe54df3c92 2016-03-31T01:46:39.400Z {"type":"pagehide","target_tagname":"wizardpage","target_id":"proxyYES"}
INST 6474e3fe54df3c92 2016-03-31T01:46:39.400Z {"type":"pagerewound","target_tagname":"wizardpage","target_id":"proxyYES"}
INST 6474e3fe54df3c92 2016-03-31T01:46:39.400Z {"type":"wizardback","target_tagname":"wizard","target_id":"TorNetworkSettings"}
INST 6474e3fe54df3c92 2016-03-31T01:46:39.400Z {"type":"pageshow","target_tagname":"wizardpage","target_id":"proxy"}
INST 6474e3fe54df3c92 2016-03-31T01:46:39.400Z {"type":"command","target_tagname":"wizard","target_id":"TorNetworkSettings"}
INST 6474e3fe54df3c92 2016-03-31T01:47:07.500Z {"type":"click","target_tagname":"wizardpage","target_id":"proxy","detail":1}
INST 6474e3fe54df3c92 2016-03-31T01:47:08.900Z {"type":"click","target_tagname":"wizard","target_id":"TorNetworkSettings","detail":1}
INST 6474e3fe54df3c92 2016-03-31T01:47:27.800Z {"type":"click","target_tagname":"wizardpage","target_id":"proxy","detail":1}
INST 6474e3fe54df3c92 2016-03-31T01:47:34.400Z {"type":"click","target_tagname":"wizard","target_id":"TorNetworkSettings","detail":1}
INST 6474e3fe54df3c92 2016-03-31T01:47:34.400Z {"type":"pagehide","target_tagname":"wizardpage","target_id":"proxy"}
INST 6474e3fe54df3c92 2016-03-31T01:47:34.400Z {"type":"pagerewound","target_tagname":"wizardpage","target_id":"proxy"}
INST 6474e3fe54df3c92 2016-03-31T01:47:34.400Z {"type":"wizardback","target_tagname":"wizard","target_id":"TorNetworkSettings"}
INST 6474e3fe54df3c92 2016-03-31T01:47:34.400Z {"type":"pageshow","target_tagname":"wizardpage","target_id":"bridgeSettings"}
INST 6474e3fe54df3c92 2016-03-31T01:47:34.400Z {"type":"command","target_tagname":"wizard","target_id":"TorNetworkSettings"}
INST 6474e3fe54df3c92 2016-03-31T01:47:36.100Z {"type":"click","target_tagname":"wizard","target_id":"TorNetworkSettings","detail":1}
INST 6474e3fe54df3c92 2016-03-31T01:47:36.100Z {"type":"pagehide","target_tagname":"wizardpage","target_id":"bridgeSettings"}
INST 6474e3fe54df3c92 2016-03-31T01:47:36.100Z {"type":"pagerewound","target_tagname":"wizardpage","target_id":"bridgeSettings"}
INST 6474e3fe54df3c92 2016-03-31T01:47:36.100Z {"type":"wizardback","target_tagname":"wizard","target_id":"TorNetworkSettings"}
INST 6474e3fe54df3c92 2016-03-31T01:47:36.100Z {"type":"pageshow","target_tagname":"wizardpage","target_id":"bridges"}
INST 6474e3fe54df3c92 2016-03-31T01:47:36.200Z {"type":"command","target_tagname":"wizard","target_id":"TorNetworkSettings"}
INST 6474e3fe54df3c92 2016-03-31T01:47:38.200Z {"type":"click","target_tagname":"radio","target_id":"bridgesRadioNo","detail":1}
INST 6474e3fe54df3c92 2016-03-31T01:47:38.200Z {"type":"command","target_tagname":"radio","target_id":"bridgesRadioNo"}
INST 6474e3fe54df3c92 2016-03-31T01:47:39.500Z {"type":"click","target_tagname":"wizard","target_id":"TorNetworkSettings","detail":1}
INST 6474e3fe54df3c92 2016-03-31T01:47:39.500Z {"type":"pagehide","target_tagname":"wizardpage","target_id":"bridges"}
INST 6474e3fe54df3c92 2016-03-31T01:47:39.500Z {"type":"pageadvanced","target_tagname":"wizardpage","target_id":"bridges"}
INST 6474e3fe54df3c92 2016-03-31T01:47:39.500Z {"type":"wizardnext","target_tagname":"wizard","target_id":"TorNetworkSettings"}
INST 6474e3fe54df3c92 2016-03-31T01:47:39.600Z {"type":"pageshow","target_tagname":"wizardpage","target_id":"proxy"}
INST 6474e3fe54df3c92 2016-03-31T01:47:39.600Z {"type":"command","target_tagname":"wizard","target_id":"TorNetworkSettings"}
INST 6474e3fe54df3c92 2016-03-31T01:47:41.500Z {"type":"click","target_tagname":"wizard","target_id":"TorNetworkSettings","detail":1}
INST 6474e3fe54df3c92 2016-03-31T01:47:41.500Z {"type":"pagehide","target_tagname":"wizardpage","target_id":"proxy"}
INST 6474e3fe54df3c92 2016-03-31T01:47:41.500Z {"type":"pageadvanced","target_tagname":"wizardpage","target_id":"proxy"}
INST 6474e3fe54df3c92 2016-03-31T01:47:41.500Z {"type":"wizardnext","target_tagname":"wizard","target_id":"TorNetworkSettings"}
INST 6474e3fe54df3c92 2016-03-31T01:47:41.500Z {"type":"pageshow","target_tagname":"wizardpage","target_id":"proxyYES"}
INST 6474e3fe54df3c92 2016-03-31T01:47:41.500Z {"type":"command","target_tagname":"wizard","target_id":"TorNetworkSettings"}
INST 6474e3fe54df3c92 2016-03-31T01:47:42.300Z {"type":"click","target_tagname":"wizard","target_id":"TorNetworkSettings","detail":1}
INST 6474e3fe54df3c92 2016-03-31T01:47:42.300Z {"type":"pagehide","target_tagname":"wizardpage","target_id":"proxyYES"}
INST 6474e3fe54df3c92 2016-03-31T01:47:42.300Z {"type":"pagerewound","target_tagname":"wizardpage","target_id":"proxyYES"}
INST 6474e3fe54df3c92 2016-03-31T01:47:42.300Z {"type":"wizardback","target_tagname":"wizard","target_id":"TorNetworkSettings"}
INST 6474e3fe54df3c92 2016-03-31T01:47:42.300Z {"type":"pageshow","target_tagname":"wizardpage","target_id":"proxy"}
INST 6474e3fe54df3c92 2016-03-31T01:47:42.300Z {"type":"command","target_tagname":"wizard","target_id":"TorNetworkSettings"}
INST 6474e3fe54df3c92 2016-03-31T01:47:43.400Z {"type":"click","target_tagname":"radio","target_id":"proxyRadioNo","detail":1}
INST 6474e3fe54df3c92 2016-03-31T01:47:43.400Z {"type":"command","target_tagname":"radio","target_id":"proxyRadioNo"}
INST 6474e3fe54df3c92 2016-03-31T01:47:44.700Z {"type":"click","target_tagname":"wizard","target_id":"TorNetworkSettings","detail":1}
INST 6474e3fe54df3c92 2016-03-31T01:47:44.700Z {"type":"pagehide","target_tagname":"wizardpage","target_id":"proxy"}
INST 6474e3fe54df3c92 2016-03-31T01:47:44.700Z {"type":"pageadvanced","target_tagname":"wizardpage","target_id":"proxy"}
INST 6474e3fe54df3c92 2016-03-31T01:47:44.700Z {"type":"wizardfinish","target_tagname":"wizard","target_id":"TorNetworkSettings"}
INST 6474e3fe54df3c92 2016-03-31T01:47:44.800Z {"type":"load","target_id":"progress_bar"}
INST 6474e3fe54df3c92 2016-03-31T01:47:45.000Z {"type":"progresschanged","target_tagname":"progressmeter","target_id":"progressMeter","value":"10"}
INST 6474e3fe54df3c92 2016-03-31T01:47:45.000Z {"type":"progresschanged","target_tagname":"progressmeter","target_id":"progressMeter","value":"10"}
INST 6474e3fe54df3c92 2016-03-31T01:48:06.800Z {"type":"click","target_tagname":"dialog","target_id":"TorProgress","detail":1}
INST 6474e3fe54df3c92 2016-03-31T01:48:06.800Z {"type":"dialogcancel","target_tagname":"dialog","target_id":"TorProgress"}
INST 6474e3fe54df3c92 2016-03-31T01:48:06.800Z {"type":"command","target_tagname":"dialog","target_id":"TorProgress"}
INST 6474e3fe54df3c92 2016-03-31T01:48:06.800Z {"type":"command","target_tagname":"wizard","target_id":"TorNetworkSettings"}
INST 6474e3fe54df3c92 2016-03-31T01:48:17.800Z {"type":"click","target_tagname":"wizard","target_id":"TorNetworkSettings","detail":1}
INST 6474e3fe54df3c92 2016-03-31T01:48:18.000Z {"type":"click","target_tagname":"wizard","target_id":"TorNetworkSettings","detail":1}
INST 6474e3fe54df3c92 2016-03-31T01:48:18.000Z {"type":"pagehide","target_tagname":"wizardpage","target_id":"proxy"}
INST 6474e3fe54df3c92 2016-03-31T01:48:18.000Z {"type":"pagerewound","target_tagname":"wizardpage","target_id":"proxy"}
INST 6474e3fe54df3c92 2016-03-31T01:48:18.000Z {"type":"wizardback","target_tagname":"wizard","target_id":"TorNetworkSettings"}
INST 6474e3fe54df3c92 2016-03-31T01:48:18.100Z {"type":"pageshow","target_tagname":"wizardpage","target_id":"bridges"}
INST 6474e3fe54df3c92 2016-03-31T01:48:18.100Z {"type":"command","target_tagname":"wizard","target_id":"TorNetworkSettings"}
INST 6474e3fe54df3c92 2016-03-31T01:48:18.300Z {"type":"click","target_tagname":"wizard","target_id":"TorNetworkSettings","detail":1}
INST 6474e3fe54df3c92 2016-03-31T01:48:18.300Z {"type":"pagehide","target_tagname":"wizardpage","target_id":"bridges"}
INST 6474e3fe54df3c92 2016-03-31T01:48:18.300Z {"type":"pagerewound","target_tagname":"wizardpage","target_id":"bridges"}
INST 6474e3fe54df3c92 2016-03-31T01:48:18.300Z {"type":"wizardback","target_tagname":"wizard","target_id":"TorNetworkSettings"}
INST 6474e3fe54df3c92 2016-03-31T01:48:18.300Z {"type":"pageshow","target_tagname":"wizardpage","target_id":"first"}
INST 6474e3fe54df3c92 2016-03-31T01:48:18.300Z {"type":"command","target_tagname":"wizard","target_id":"TorNetworkSettings"}
INST 6474e3fe54df3c92 2016-03-31T01:48:18.500Z {"type":"click","target_tagname":"wizard","target_id":"TorNetworkSettings","detail":2}
INST 6474e3fe54df3c92 2016-03-31T01:48:18.700Z {"type":"click","target_tagname":"wizard","target_id":"TorNetworkSettings","detail":3}
INST 6474e3fe54df3c92 2016-03-31T01:48:20.500Z {"type":"click","target_tagname":"button","target_id":"connect_button","detail":1}
INST 6474e3fe54df3c92 2016-03-31T01:48:20.500Z {"type":"load","target_id":"progress_bar"}
INST 6474e3fe54df3c92 2016-03-31T01:48:25.300Z {"type":"dialogcancel","target_tagname":"dialog","target_id":"TorProgress"}
INST 6474e3fe54df3c92 2016-03-31T01:48:25.300Z {"type":"command","target_tagname":"button","target_id":"connect_button"}
INST 6474e3fe54df3c92 2016-03-31T01:48:26.300Z {"type":"click","target_tagname":"button","target_id":"configure_button","detail":1}
INST 6474e3fe54df3c92 2016-03-31T01:48:26.300Z {"type":"pagehide","target_tagname":"wizardpage","target_id":"first"}
INST 6474e3fe54df3c92 2016-03-31T01:48:26.300Z {"type":"pageadvanced","target_tagname":"wizardpage","target_id":"first"}
INST 6474e3fe54df3c92 2016-03-31T01:48:26.300Z {"type":"wizardnext","target_tagname":"wizard","target_id":"TorNetworkSettings"}
INST 6474e3fe54df3c92 2016-03-31T01:48:26.400Z {"type":"pageshow","target_tagname":"wizardpage","target_id":"bridges"}
INST 6474e3fe54df3c92 2016-03-31T01:48:26.400Z {"type":"command","target_tagname":"button","target_id":"configure_button"}
INST 6474e3fe54df3c92 2016-03-31T01:48:28.800Z {"type":"click","target_tagname":"radio","target_id":"bridgesRadioYes","detail":1}
INST 6474e3fe54df3c92 2016-03-31T01:48:28.800Z {"type":"command","target_tagname":"radio","target_id":"bridgesRadioYes"}
INST 6474e3fe54df3c92 2016-03-31T01:48:29.900Z {"type":"click","target_tagname":"wizard","target_id":"TorNetworkSettings","detail":1}
INST 6474e3fe54df3c92 2016-03-31T01:48:29.900Z {"type":"pagehide","target_tagname":"wizardpage","target_id":"bridges"}
INST 6474e3fe54df3c92 2016-03-31T01:48:29.900Z {"type":"pageadvanced","target_tagname":"wizardpage","target_id":"bridges"}
INST 6474e3fe54df3c92 2016-03-31T01:48:29.900Z {"type":"wizardnext","target_tagname":"wizard","target_id":"TorNetworkSettings"}
INST 6474e3fe54df3c92 2016-03-31T01:48:29.900Z {"type":"pageshow","target_tagname":"wizardpage","target_id":"bridgeSettings"}
INST 6474e3fe54df3c92 2016-03-31T01:48:29.900Z {"type":"command","target_tagname":"wizard","target_id":"TorNetworkSettings"}
INST 6474e3fe54df3c92 2016-03-31T01:48:33.500Z {"type":"click","target_tagname":"radio","target_id":"bridgeRadioCustom","detail":1}
INST 6474e3fe54df3c92 2016-03-31T01:48:33.500Z {"type":"command","target_tagname":"radio","target_id":"bridgeRadioCustom"}
INST 6474e3fe54df3c92 2016-03-31T01:48:37.300Z {"type":"click","target_tagname":"textbox","target_id":"bridgeList","detail":1}
INST 6474e3fe54df3c92 2016-03-31T01:48:40.900Z {"type":"click","target_tagname":"radio","target_id":"bridgeRadioDefault","detail":1}
INST 6474e3fe54df3c92 2016-03-31T01:48:40.900Z {"type":"command","target_tagname":"radio","target_id":"bridgeRadioDefault"}
INST 6474e3fe54df3c92 2016-03-31T01:48:42.800Z {"type":"click","target_tagname":"wizard","target_id":"TorNetworkSettings","detail":1}
INST 6474e3fe54df3c92 2016-03-31T01:48:42.800Z {"type":"pagehide","target_tagname":"wizardpage","target_id":"bridgeSettings"}
INST 6474e3fe54df3c92 2016-03-31T01:48:42.800Z {"type":"pageadvanced","target_tagname":"wizardpage","target_id":"bridgeSettings"}
INST 6474e3fe54df3c92 2016-03-31T01:48:42.800Z {"type":"wizardnext","target_tagname":"wizard","target_id":"TorNetworkSettings"}
INST 6474e3fe54df3c92 2016-03-31T01:48:42.800Z {"type":"pageshow","target_tagname":"wizardpage","target_id":"proxy"}
INST 6474e3fe54df3c92 2016-03-31T01:48:42.800Z {"type":"command","target_tagname":"wizard","target_id":"TorNetworkSettings"}
INST 6474e3fe54df3c92 2016-03-31T01:48:54.200Z {"type":"click","detail":1}
INST 6474e3fe54df3c92 2016-03-31T01:50:10.300Z {"type":"click","target_tagname":"radio","target_id":"proxyRadioYes","detail":1}
INST 6474e3fe54df3c92 2016-03-31T01:50:10.300Z {"type":"command","target_tagname":"radio","target_id":"proxyRadioYes"}
INST 6474e3fe54df3c92 2016-03-31T01:50:11.600Z {"type":"click","target_tagname":"wizard","target_id":"TorNetworkSettings","detail":1}
INST 6474e3fe54df3c92 2016-03-31T01:50:11.600Z {"type":"pagehide","target_tagname":"wizardpage","target_id":"proxy"}
INST 6474e3fe54df3c92 2016-03-31T01:50:11.600Z {"type":"pageadvanced","target_tagname":"wizardpage","target_id":"proxy"}
INST 6474e3fe54df3c92 2016-03-31T01:50:11.600Z {"type":"wizardnext","target_tagname":"wizard","target_id":"TorNetworkSettings"}
INST 6474e3fe54df3c92 2016-03-31T01:50:11.600Z {"type":"pageshow","target_tagname":"wizardpage","target_id":"proxyYES"}
INST 6474e3fe54df3c92 2016-03-31T01:50:11.600Z {"type":"command","target_tagname":"wizard","target_id":"TorNetworkSettings"}
INST 6474e3fe54df3c92 2016-03-31T01:50:15.100Z {"type":"popupshown","target_tagname":"menupopup","target_id":"proxyType_menuPopup"}
INST 6474e3fe54df3c92 2016-03-31T01:50:15.200Z {"type":"click","target_tagname":"menulist","target_id":"proxyType","value":"","detail":1}
INST 6474e3fe54df3c92 2016-03-31T01:50:15.800Z {"type":"popuphidden","target_tagname":"menupopup","target_id":"proxyType_menuPopup"}
INST 6474e3fe54df3c92 2016-03-31T01:50:16.600Z {"type":"select","target_tagname":"textbox","target_id":"proxyPort"}
INST 6474e3fe54df3c92 2016-03-31T01:50:16.700Z {"type":"click","target_tagname":"textbox","target_id":"proxyPort","detail":1}
INST 6474e3fe54df3c92 2016-03-31T01:50:40.500Z {"type":"click","target_tagname":"wizardpage","target_id":"proxyYES","detail":1}
INST 6474e3fe54df3c92 2016-03-31T01:50:43.100Z {"type":"popupshown","target_tagname":"menupopup","target_id":"proxyType_menuPopup"}
INST 6474e3fe54df3c92 2016-03-31T01:50:43.200Z {"type":"click","target_tagname":"menulist","target_id":"proxyType","value":"","detail":1}
INST 6474e3fe54df3c92 2016-03-31T01:50:43.800Z {"type":"mouseover","target_tagname":"menuitem","target_id":"","value":""}
INST 6474e3fe54df3c92 2016-03-31T01:50:44.200Z {"type":"mouseout","target_tagname":"menuitem","target_id":"","value":""}
INST 6474e3fe54df3c92 2016-03-31T01:50:44.200Z {"type":"mouseover","target_tagname":"menuitem","target_id":"","value":"SOCKS4"}
INST 6474e3fe54df3c92 2016-03-31T01:50:44.400Z {"type":"mouseout","target_tagname":"menuitem","target_id":"","value":"SOCKS4"}
INST 6474e3fe54df3c92 2016-03-31T01:50:44.400Z {"type":"mouseover","target_tagname":"menuitem","target_id":"","value":"SOCKS5"}
INST 6474e3fe54df3c92 2016-03-31T01:50:44.600Z {"type":"mouseout","target_tagname":"menuitem","target_id":"","value":"SOCKS5"}
INST 6474e3fe54df3c92 2016-03-31T01:50:44.600Z {"type":"mouseover","target_tagname":"menuitem","target_id":"","value":"HTTP"}
INST 6474e3fe54df3c92 2016-03-31T01:50:45.100Z {"type":"click","target_tagname":"menuitem","target_id":"","value":"HTTP","detail":1}
INST 6474e3fe54df3c92 2016-03-31T01:50:45.100Z {"type":"select","target_tagname":"menulist","target_id":"proxyType","value":"HTTP"}
INST 6474e3fe54df3c92 2016-03-31T01:50:45.100Z {"type":"command","target_tagname":"menuitem","target_id":"","value":"HTTP"}
INST 6474e3fe54df3c92 2016-03-31T01:50:45.100Z {"type":"popuphidden","target_tagname":"menupopup","target_id":"proxyType_menuPopup"}
INST 6474e3fe54df3c92 2016-03-31T01:50:45.100Z {"type":"mouseout","target_tagname":"menuitem","target_id":"","value":"HTTP"}
INST 6474e3fe54df3c92 2016-03-31T01:50:46.900Z {"type":"popupshown","target_tagname":"menupopup","target_id":"proxyType_menuPopup"}
INST 6474e3fe54df3c92 2016-03-31T01:50:47.000Z {"type":"click","target_tagname":"menulist","target_id":"proxyType","value":"HTTP","detail":1}
INST 6474e3fe54df3c92 2016-03-31T01:50:47.700Z {"type":"popuphidden","target_tagname":"menupopup","target_id":"proxyType_menuPopup"}
INST 6474e3fe54df3c92 2016-03-31T01:50:53.000Z {"type":"click","target_tagname":"wizard","target_id":"TorNetworkSettings","detail":1}
INST 6474e3fe54df3c92 2016-03-31T01:50:53.000Z {"type":"pagehide","target_tagname":"wizardpage","target_id":"proxyYES"}
INST 6474e3fe54df3c92 2016-03-31T01:50:53.000Z {"type":"pagerewound","target_tagname":"wizardpage","target_id":"proxyYES"}
INST 6474e3fe54df3c92 2016-03-31T01:50:53.000Z {"type":"wizardback","target_tagname":"wizard","target_id":"TorNetworkSettings"}
INST 6474e3fe54df3c92 2016-03-31T01:50:53.000Z {"type":"pageshow","target_tagname":"wizardpage","target_id":"proxy"}
INST 6474e3fe54df3c92 2016-03-31T01:50:53.000Z {"type":"command","target_tagname":"wizard","target_id":"TorNetworkSettings"}
INST 6474e3fe54df3c92 2016-03-31T01:51:04.300Z {"type":"click","target_tagname":"wizard","target_id":"TorNetworkSettings","detail":1}
INST 6474e3fe54df3c92 2016-03-31T01:51:04.300Z {"type":"pagehide","target_tagname":"wizardpage","target_id":"proxy"}
INST 6474e3fe54df3c92 2016-03-31T01:51:04.300Z {"type":"pageadvanced","target_tagname":"wizardpage","target_id":"proxy"}
INST 6474e3fe54df3c92 2016-03-31T01:51:04.300Z {"type":"wizardnext","target_tagname":"wizard","target_id":"TorNetworkSettings"}
INST 6474e3fe54df3c92 2016-03-31T01:51:04.300Z {"type":"pageshow","target_tagname":"wizardpage","target_id":"proxyYES"}
INST 6474e3fe54df3c92 2016-03-31T01:51:04.300Z {"type":"command","target_tagname":"wizard","target_id":"TorNetworkSettings"}
INST 6474e3fe54df3c92 2016-03-31T01:52:28.400Z {"type":"click","target_tagname":"wizard","target_id":"TorNetworkSettings","detail":1}
INST 6474e3fe54df3c92 2016-03-31T01:52:28.400Z {"type":"pagehide","target_tagname":"wizardpage","target_id":"proxyYES"}
INST 6474e3fe54df3c92 2016-03-31T01:52:28.400Z {"type":"pagerewound","target_tagname":"wizardpage","target_id":"proxyYES"}
INST 6474e3fe54df3c92 2016-03-31T01:52:28.400Z {"type":"wizardback","target_tagname":"wizard","target_id":"TorNetworkSettings"}
INST 6474e3fe54df3c92 2016-03-31T01:52:28.400Z {"type":"pageshow","target_tagname":"wizardpage","target_id":"proxy"}
INST 6474e3fe54df3c92 2016-03-31T01:52:28.400Z {"type":"command","target_tagname":"wizard","target_id":"TorNetworkSettings"}
INST 6474e3fe54df3c92 2016-03-31T01:55:31.400Z {"type":"click","target_tagname":"wizard","target_id":"TorNetworkSettings","detail":1}
INST 6474e3fe54df3c92 2016-03-31T01:55:31.400Z {"type":"pagehide","target_tagname":"wizardpage","target_id":"proxy"}
INST 6474e3fe54df3c92 2016-03-31T01:55:31.400Z {"type":"pageadvanced","target_tagname":"wizardpage","target_id":"proxy"}
INST 6474e3fe54df3c92 2016-03-31T01:55:31.400Z {"type":"wizardnext","target_tagname":"wizard","target_id":"TorNetworkSettings"}
INST 6474e3fe54df3c92 2016-03-31T01:55:31.400Z {"type":"pageshow","target_tagname":"wizardpage","target_id":"proxyYES"}
INST 6474e3fe54df3c92 2016-03-31T01:55:31.400Z {"type":"command","target_tagname":"wizard","target_id":"TorNetworkSettings"}
INST 6474e3fe54df3c92 2016-03-31T01:55:33.800Z {"type":"popupshown","target_tagname":"menupopup","target_id":"proxyType_menuPopup"}
INST 6474e3fe54df3c92 2016-03-31T01:55:33.900Z {"type":"click","target_tagname":"menulist","target_id":"proxyType","value":"HTTP","detail":1}
INST 6474e3fe54df3c92 2016-03-31T01:55:34.500Z {"type":"popuphidden","target_tagname":"menupopup","target_id":"proxyType_menuPopup"}
INST 6474e3fe54df3c92 2016-03-31T01:55:35.900Z {"type":"click","target_tagname":"wizardpage","target_id":"proxyYES","detail":1}
INST 6474e3fe54df3c92 2016-03-31T01:55:51.500Z {"type":"click","target_tagname":"wizard","target_id":"TorNetworkSettings","detail":1}
INST 6474e3fe54df3c92 2016-03-31T01:55:51.500Z {"type":"wizardcancel","target_tagname":"wizard","target_id":"TorNetworkSettings"}
INST 6474e3fe54df3c92 2016-03-31T01:55:51.500Z {"type":"command","target_tagname":"wizard","target_id":"TorNetworkSettings"}
INST 6474e3fe54df3c92 2016-03-31T01:55:51.500Z {"type":"unload","target_id":"configuration"}
INST 8ebd01e22f2ef963 2016-03-31T01:55:57.700Z {"type":"start"}
INST 8ebd01e22f2ef963 2016-03-31T01:55:58.400Z {"type":"select","target_tagname":"menulist","target_id":"proxyType","value":""}
INST 8ebd01e22f2ef963 2016-03-31T01:55:58.400Z {"type":"wizardnext","target_tagname":"wizard","target_id":"TorNetworkSettings"}
INST 8ebd01e22f2ef963 2016-03-31T01:55:58.400Z {"type":"pageshow","target_tagname":"wizardpage","target_id":"first"}
INST 8ebd01e22f2ef963 2016-03-31T01:55:58.400Z {"type":"load","target_id":"configuration"}
INST 8ebd01e22f2ef963 2016-03-31T01:55:58.500Z {"type":"select","target_tagname":"menulist","target_id":"defaultBridgeType","value":"obfs3"}
INST 8ebd01e22f2ef963 2016-03-31T01:57:16.900Z {"type":"click","target_tagname":"button","target_id":"configure_button","detail":1}
INST 8ebd01e22f2ef963 2016-03-31T01:57:16.900Z {"type":"pagehide","target_tagname":"wizardpage","target_id":"first"}
INST 8ebd01e22f2ef963 2016-03-31T01:57:16.900Z {"type":"pageadvanced","target_tagname":"wizardpage","target_id":"first"}
INST 8ebd01e22f2ef963 2016-03-31T01:57:16.900Z {"type":"wizardnext","target_tagname":"wizard","target_id":"TorNetworkSettings"}
INST 8ebd01e22f2ef963 2016-03-31T01:57:16.900Z {"type":"pageshow","target_tagname":"wizardpage","target_id":"bridges"}
INST 8ebd01e22f2ef963 2016-03-31T01:57:16.900Z {"type":"command","target_tagname":"button","target_id":"configure_button"}
INST 8ebd01e22f2ef963 2016-03-31T01:57:22.500Z {"type":"click","target_tagname":"radio","target_id":"bridgesRadioYes","detail":1}
INST 8ebd01e22f2ef963 2016-03-31T01:57:22.500Z {"type":"command","target_tagname":"radio","target_id":"bridgesRadioYes"}
INST 8ebd01e22f2ef963 2016-03-31T01:57:23.800Z {"type":"click","target_tagname":"wizard","target_id":"TorNetworkSettings","detail":1}
INST 8ebd01e22f2ef963 2016-03-31T01:57:23.800Z {"type":"pagehide","target_tagname":"wizardpage","target_id":"bridges"}
INST 8ebd01e22f2ef963 2016-03-31T01:57:23.800Z {"type":"pageadvanced","target_tagname":"wizardpage","target_id":"bridges"}
INST 8ebd01e22f2ef963 2016-03-31T01:57:23.800Z {"type":"wizardnext","target_tagname":"wizard","target_id":"TorNetworkSettings"}
INST 8ebd01e22f2ef963 2016-03-31T01:57:23.800Z {"type":"pageshow","target_tagname":"wizardpage","target_id":"bridgeSettings"}
INST 8ebd01e22f2ef963 2016-03-31T01:57:23.800Z {"type":"command","target_tagname":"wizard","target_id":"TorNetworkSettings"}
INST 8ebd01e22f2ef963 2016-03-31T01:57:26.500Z {"type":"popupshown","target_tagname":"menupopup","target_id":"defaultBridgeType_menuPopup"}
INST 8ebd01e22f2ef963 2016-03-31T01:57:26.600Z {"type":"click","target_tagname":"menulist","target_id":"defaultBridgeType","value":"obfs3","detail":1}
INST 8ebd01e22f2ef963 2016-03-31T01:57:27.600Z {"type":"popuphidden","target_tagname":"menupopup","target_id":"defaultBridgeType_menuPopup"}
INST 8ebd01e22f2ef963 2016-03-31T01:57:28.700Z {"type":"popupshown","target_tagname":"menupopup","target_id":"defaultBridgeType_menuPopup"}
INST 8ebd01e22f2ef963 2016-03-31T01:57:28.900Z {"type":"click","target_tagname":"menulist","target_id":"defaultBridgeType","value":"obfs3","detail":1}
INST 8ebd01e22f2ef963 2016-03-31T01:57:29.800Z {"type":"mouseover","target_tagname":"menuitem","target_id":"","value":"flashproxy"}
INST 8ebd01e22f2ef963 2016-03-31T01:57:30.300Z {"type":"click","target_tagname":"menuitem","target_id":"","value":"flashproxy","detail":1}
INST 8ebd01e22f2ef963 2016-03-31T01:57:30.300Z {"type":"select","target_tagname":"menulist","target_id":"defaultBridgeType","value":"flashproxy"}
INST 8ebd01e22f2ef963 2016-03-31T01:57:30.300Z {"type":"command","target_tagname":"menuitem","target_id":"","value":"flashproxy"}
INST 8ebd01e22f2ef963 2016-03-31T01:57:30.300Z {"type":"popuphidden","target_tagname":"menupopup","target_id":"defaultBridgeType_menuPopup"}
INST 8ebd01e22f2ef963 2016-03-31T01:57:30.300Z {"type":"mouseout","target_tagname":"menuitem","target_id":"","value":"flashproxy"}
INST 8ebd01e22f2ef963 2016-03-31T01:57:31.000Z {"type":"click","target_tagname":"wizard","target_id":"TorNetworkSettings","detail":1}
INST 8ebd01e22f2ef963 2016-03-31T01:57:31.000Z {"type":"pagehide","target_tagname":"wizardpage","target_id":"bridgeSettings"}
INST 8ebd01e22f2ef963 2016-03-31T01:57:31.000Z {"type":"pageadvanced","target_tagname":"wizardpage","target_id":"bridgeSettings"}
INST 8ebd01e22f2ef963 2016-03-31T01:57:31.000Z {"type":"wizardnext","target_tagname":"wizard","target_id":"TorNetworkSettings"}
INST 8ebd01e22f2ef963 2016-03-31T01:57:31.000Z {"type":"pageshow","target_tagname":"wizardpage","target_id":"proxy"}
INST 8ebd01e22f2ef963 2016-03-31T01:57:31.000Z {"type":"command","target_tagname":"wizard","target_id":"TorNetworkSettings"}
INST 8ebd01e22f2ef963 2016-03-31T01:57:32.300Z {"type":"click","target_tagname":"wizard","target_id":"TorNetworkSettings","detail":1}
INST 8ebd01e22f2ef963 2016-03-31T01:57:32.300Z {"type":"pagehide","target_tagname":"wizardpage","target_id":"proxy"}
INST 8ebd01e22f2ef963 2016-03-31T01:57:32.300Z {"type":"pagerewound","target_tagname":"wizardpage","target_id":"proxy"}
INST 8ebd01e22f2ef963 2016-03-31T01:57:32.300Z {"type":"wizardback","target_tagname":"wizard","target_id":"TorNetworkSettings"}
INST 8ebd01e22f2ef963 2016-03-31T01:57:32.300Z {"type":"pageshow","target_tagname":"wizardpage","target_id":"bridgeSettings"}
INST 8ebd01e22f2ef963 2016-03-31T01:57:32.300Z {"type":"command","target_tagname":"wizard","target_id":"TorNetworkSettings"}
INST 8ebd01e22f2ef963 2016-03-31T01:57:33.100Z {"type":"popupshown","target_tagname":"menupopup","target_id":"defaultBridgeType_menuPopup"}
INST 8ebd01e22f2ef963 2016-03-31T01:57:33.200Z {"type":"click","target_tagname":"menulist","target_id":"defaultBridgeType","value":"flashproxy","detail":1}
INST 8ebd01e22f2ef963 2016-03-31T01:57:33.400Z {"type":"mouseover","target_tagname":"menuitem","target_id":"","value":"flashproxy"}
INST 8ebd01e22f2ef963 2016-03-31T01:57:33.600Z {"type":"mouseout","target_tagname":"menuitem","target_id":"","value":"flashproxy"}
INST 8ebd01e22f2ef963 2016-03-31T01:57:33.600Z {"type":"mouseover","target_tagname":"menuitem","target_id":"","value":"fte"}
INST 8ebd01e22f2ef963 2016-03-31T01:57:34.000Z {"type":"click","target_tagname":"menuitem","target_id":"","value":"fte","detail":1}
INST 8ebd01e22f2ef963 2016-03-31T01:57:34.000Z {"type":"select","target_tagname":"menulist","target_id":"defaultBridgeType","value":"fte"}
INST 8ebd01e22f2ef963 2016-03-31T01:57:34.000Z {"type":"command","target_tagname":"menuitem","target_id":"","value":"fte"}
INST 8ebd01e22f2ef963 2016-03-31T01:57:34.000Z {"type":"popuphidden","target_tagname":"menupopup","target_id":"defaultBridgeType_menuPopup"}
INST 8ebd01e22f2ef963 2016-03-31T01:57:34.000Z {"type":"mouseout","target_tagname":"menuitem","target_id":"","value":"fte"}
INST 8ebd01e22f2ef963 2016-03-31T01:57:34.700Z {"type":"click","target_tagname":"wizard","target_id":"TorNetworkSettings","detail":1}
INST 8ebd01e22f2ef963 2016-03-31T01:57:34.700Z {"type":"pagehide","target_tagname":"wizardpage","target_id":"bridgeSettings"}
INST 8ebd01e22f2ef963 2016-03-31T01:57:34.700Z {"type":"pageadvanced","target_tagname":"wizardpage","target_id":"bridgeSettings"}
INST 8ebd01e22f2ef963 2016-03-31T01:57:34.700Z {"type":"wizardnext","target_tagname":"wizard","target_id":"TorNetworkSettings"}
INST 8ebd01e22f2ef963 2016-03-31T01:57:34.700Z {"type":"pageshow","target_tagname":"wizardpage","target_id":"proxy"}
INST 8ebd01e22f2ef963 2016-03-31T01:57:34.700Z {"type":"command","target_tagname":"wizard","target_id":"TorNetworkSettings"}
INST 8ebd01e22f2ef963 2016-03-31T01:57:36.800Z {"type":"click","target_tagname":"wizard","target_id":"TorNetworkSettings","detail":1}
INST 8ebd01e22f2ef963 2016-03-31T01:57:36.800Z {"type":"pagehide","target_tagname":"wizardpage","target_id":"proxy"}
INST 8ebd01e22f2ef963 2016-03-31T01:57:36.800Z {"type":"pagerewound","target_tagname":"wizardpage","target_id":"proxy"}
INST 8ebd01e22f2ef963 2016-03-31T01:57:36.800Z {"type":"wizardback","target_tagname":"wizard","target_id":"TorNetworkSettings"}
INST 8ebd01e22f2ef963 2016-03-31T01:57:36.800Z {"type":"pageshow","target_tagname":"wizardpage","target_id":"bridgeSettings"}
INST 8ebd01e22f2ef963 2016-03-31T01:57:36.800Z {"type":"command","target_tagname":"wizard","target_id":"TorNetworkSettings"}
INST 8ebd01e22f2ef963 2016-03-31T01:57:37.700Z {"type":"popupshown","target_tagname":"menupopup","target_id":"defaultBridgeType_menuPopup"}
INST 8ebd01e22f2ef963 2016-03-31T01:57:37.700Z {"type":"click","target_tagname":"menulist","target_id":"defaultBridgeType","value":"fte","detail":1}
INST 8ebd01e22f2ef963 2016-03-31T01:57:38.000Z {"type":"mouseover","target_tagname":"menuitem","target_id":"","value":"flashproxy"}
INST 8ebd01e22f2ef963 2016-03-31T01:57:38.000Z {"type":"mouseout","target_tagname":"menuitem","target_id":"","value":"flashproxy"}
INST 8ebd01e22f2ef963 2016-03-31T01:57:38.000Z {"type":"mouseover","target_tagname":"menuitem","target_id":"","value":"fte"}
INST 8ebd01e22f2ef963 2016-03-31T01:57:38.100Z {"type":"mouseout","target_tagname":"menuitem","target_id":"","value":"fte"}
INST 8ebd01e22f2ef963 2016-03-31T01:57:38.100Z {"type":"mouseover","target_tagname":"menuitem","target_id":"","value":"fte-ipv6"}
INST 8ebd01e22f2ef963 2016-03-31T01:57:38.500Z {"type":"click","target_tagname":"menuitem","target_id":"","value":"fte-ipv6","detail":1}
INST 8ebd01e22f2ef963 2016-03-31T01:57:38.500Z {"type":"select","target_tagname":"menulist","target_id":"defaultBridgeType","value":"fte-ipv6"}
INST 8ebd01e22f2ef963 2016-03-31T01:57:38.500Z {"type":"command","target_tagname":"menuitem","target_id":"","value":"fte-ipv6"}
INST 8ebd01e22f2ef963 2016-03-31T01:57:38.500Z {"type":"popuphidden","target_tagname":"menupopup","target_id":"defaultBridgeType_menuPopup"}
INST 8ebd01e22f2ef963 2016-03-31T01:57:38.500Z {"type":"mouseout","target_tagname":"menuitem","target_id":"","value":"fte-ipv6"}
INST 8ebd01e22f2ef963 2016-03-31T01:57:39.300Z {"type":"click","target_tagname":"wizard","target_id":"TorNetworkSettings","detail":1}
INST 8ebd01e22f2ef963 2016-03-31T01:57:39.300Z {"type":"pagehide","target_tagname":"wizardpage","target_id":"bridgeSettings"}
INST 8ebd01e22f2ef963 2016-03-31T01:57:39.300Z {"type":"pageadvanced","target_tagname":"wizardpage","target_id":"bridgeSettings"}
INST 8ebd01e22f2ef963 2016-03-31T01:57:39.300Z {"type":"wizardnext","target_tagname":"wizard","target_id":"TorNetworkSettings"}
INST 8ebd01e22f2ef963 2016-03-31T01:57:39.300Z {"type":"pageshow","target_tagname":"wizardpage","target_id":"proxy"}
INST 8ebd01e22f2ef963 2016-03-31T01:57:39.300Z {"type":"command","target_tagname":"wizard","target_id":"TorNetworkSettings"}
INST 8ebd01e22f2ef963 2016-03-31T01:57:41.200Z {"type":"click","target_tagname":"wizard","target_id":"TorNetworkSettings","detail":1}
INST 8ebd01e22f2ef963 2016-03-31T01:57:41.900Z {"type":"click","target_tagname":"wizard","target_id":"TorNetworkSettings","detail":1}
INST 8ebd01e22f2ef963 2016-03-31T01:57:41.900Z {"type":"pagehide","target_tagname":"wizardpage","target_id":"proxy"}
INST 8ebd01e22f2ef963 2016-03-31T01:57:41.900Z {"type":"pageadvanced","target_tagname":"wizardpage","target_id":"proxy"}
INST 8ebd01e22f2ef963 2016-03-31T01:57:41.900Z {"type":"wizardfinish","target_tagname":"wizard","target_id":"TorNetworkSettings"}
INST 8ebd01e22f2ef963 2016-03-31T01:57:42.000Z {"type":"load","target_id":"progress_bar"}
INST 8ebd01e22f2ef963 2016-03-31T01:57:44.300Z {"type":"progresschanged","target_tagname":"progressmeter","target_id":"progressMeter","value":"5"}
INST 8ebd01e22f2ef963 2016-03-31T01:57:44.300Z {"type":"progresschanged","target_tagname":"progressmeter","target_id":"progressMeter","value":"10"}
INST 8ebd01e22f2ef963 2016-03-31T01:57:58.500Z {"type":"dialogcancel","target_tagname":"dialog","target_id":"TorProgress"}
INST 8ebd01e22f2ef963 2016-03-31T01:57:58.500Z {"type":"command","target_tagname":"wizard","target_id":"TorNetworkSettings"}
INST 8ebd01e22f2ef963 2016-03-31T01:57:59.800Z {"type":"click","target_tagname":"wizard","target_id":"TorNetworkSettings","detail":1}
INST 8ebd01e22f2ef963 2016-03-31T01:57:59.800Z {"type":"pagehide","target_tagname":"wizardpage","target_id":"proxy"}
INST 8ebd01e22f2ef963 2016-03-31T01:57:59.800Z {"type":"pagerewound","target_tagname":"wizardpage","target_id":"proxy"}
INST 8ebd01e22f2ef963 2016-03-31T01:57:59.800Z {"type":"wizardback","target_tagname":"wizard","target_id":"TorNetworkSettings"}
INST 8ebd01e22f2ef963 2016-03-31T01:57:59.800Z {"type":"pageshow","target_tagname":"wizardpage","target_id":"bridgeSettings"}
INST 8ebd01e22f2ef963 2016-03-31T01:57:59.800Z {"type":"command","target_tagname":"wizard","target_id":"TorNetworkSettings"}
INST 8ebd01e22f2ef963 2016-03-31T01:58:00.900Z {"type":"popupshown","target_tagname":"menupopup","target_id":"defaultBridgeType_menuPopup"}
INST 8ebd01e22f2ef963 2016-03-31T01:58:01.000Z {"type":"click","target_tagname":"menulist","target_id":"defaultBridgeType","value":"fte-ipv6","detail":1}
INST 8ebd01e22f2ef963 2016-03-31T01:58:01.100Z {"type":"mouseover","target_tagname":"menuitem","target_id":"","value":"flashproxy"}
INST 8ebd01e22f2ef963 2016-03-31T01:58:01.200Z {"type":"mouseout","target_tagname":"menuitem","target_id":"","value":"flashproxy"}
INST 8ebd01e22f2ef963 2016-03-31T01:58:01.200Z {"type":"mouseover","target_tagname":"menuitem","target_id":"","value":"fte"}
INST 8ebd01e22f2ef963 2016-03-31T01:58:01.200Z {"type":"mouseout","target_tagname":"menuitem","target_id":"","value":"fte"}
INST 8ebd01e22f2ef963 2016-03-31T01:58:01.200Z {"type":"mouseover","target_tagname":"menuitem","target_id":"","value":"fte-ipv6"}
INST 8ebd01e22f2ef963 2016-03-31T01:58:01.300Z {"type":"mouseout","target_tagname":"menuitem","target_id":"","value":"fte-ipv6"}
INST 8ebd01e22f2ef963 2016-03-31T01:58:01.300Z {"type":"mouseover","target_tagname":"menuitem","target_id":"","value":"meek-amazon"}
INST 8ebd01e22f2ef963 2016-03-31T01:58:01.800Z {"type":"click","target_tagname":"menuitem","target_id":"","value":"meek-amazon","detail":1}
INST 8ebd01e22f2ef963 2016-03-31T01:58:01.800Z {"type":"select","target_tagname":"menulist","target_id":"defaultBridgeType","value":"meek-amazon"}
INST 8ebd01e22f2ef963 2016-03-31T01:58:01.800Z {"type":"command","target_tagname":"menuitem","target_id":"","value":"meek-amazon"}
INST 8ebd01e22f2ef963 2016-03-31T01:58:01.800Z {"type":"popuphidden","target_tagname":"menupopup","target_id":"defaultBridgeType_menuPopup"}
INST 8ebd01e22f2ef963 2016-03-31T01:58:01.800Z {"type":"mouseout","target_tagname":"menuitem","target_id":"","value":"meek-amazon"}
INST 8ebd01e22f2ef963 2016-03-31T01:58:02.500Z {"type":"click","target_tagname":"wizard","target_id":"TorNetworkSettings","detail":1}
INST 8ebd01e22f2ef963 2016-03-31T01:58:02.500Z {"type":"pagehide","target_tagname":"wizardpage","target_id":"bridgeSettings"}
INST 8ebd01e22f2ef963 2016-03-31T01:58:02.500Z {"type":"pageadvanced","target_tagname":"wizardpage","target_id":"bridgeSettings"}
INST 8ebd01e22f2ef963 2016-03-31T01:58:02.500Z {"type":"wizardnext","target_tagname":"wizard","target_id":"TorNetworkSettings"}
INST 8ebd01e22f2ef963 2016-03-31T01:58:02.500Z {"type":"pageshow","target_tagname":"wizardpage","target_id":"proxy"}
INST 8ebd01e22f2ef963 2016-03-31T01:58:02.500Z {"type":"command","target_tagname":"wizard","target_id":"TorNetworkSettings"}
INST 8ebd01e22f2ef963 2016-03-31T01:58:04.100Z {"type":"click","target_tagname":"wizard","target_id":"TorNetworkSettings","detail":1}
INST 8ebd01e22f2ef963 2016-03-31T01:58:04.100Z {"type":"pagehide","target_tagname":"wizardpage","target_id":"proxy"}
INST 8ebd01e22f2ef963 2016-03-31T01:58:04.100Z {"type":"pageadvanced","target_tagname":"wizardpage","target_id":"proxy"}
INST 8ebd01e22f2ef963 2016-03-31T01:58:04.100Z {"type":"wizardfinish","target_tagname":"wizard","target_id":"TorNetworkSettings"}
INST 8ebd01e22f2ef963 2016-03-31T01:58:04.200Z {"type":"load","target_id":"progress_bar"}
INST 8ebd01e22f2ef963 2016-03-31T01:58:05.900Z {"type":"dialogcancel","target_tagname":"dialog","target_id":"TorProgress"}
INST 8ebd01e22f2ef963 2016-03-31T01:58:05.900Z {"type":"command","target_tagname":"wizard","target_id":"TorNetworkSettings"}
INST 8ebd01e22f2ef963 2016-03-31T01:58:06.800Z {"type":"click","target_tagname":"wizard","target_id":"TorNetworkSettings","detail":1}
INST 8ebd01e22f2ef963 2016-03-31T01:58:06.800Z {"type":"pagehide","target_tagname":"wizardpage","target_id":"proxy"}
INST 8ebd01e22f2ef963 2016-03-31T01:58:06.800Z {"type":"pagerewound","target_tagname":"wizardpage","target_id":"proxy"}
INST 8ebd01e22f2ef963 2016-03-31T01:58:06.800Z {"type":"wizardback","target_tagname":"wizard","target_id":"TorNetworkSettings"}
INST 8ebd01e22f2ef963 2016-03-31T01:58:06.800Z {"type":"pageshow","target_tagname":"wizardpage","target_id":"bridgeSettings"}
INST 8ebd01e22f2ef963 2016-03-31T01:58:06.800Z {"type":"command","target_tagname":"wizard","target_id":"TorNetworkSettings"}
INST 8ebd01e22f2ef963 2016-03-31T01:58:07.600Z {"type":"popupshown","target_tagname":"menupopup","target_id":"defaultBridgeType_menuPopup"}
INST 8ebd01e22f2ef963 2016-03-31T01:58:07.700Z {"type":"click","target_tagname":"menulist","target_id":"defaultBridgeType","value":"meek-amazon","detail":1}
INST 8ebd01e22f2ef963 2016-03-31T01:58:07.800Z {"type":"mouseover","target_tagname":"menuitem","target_id":"","value":"flashproxy"}
INST 8ebd01e22f2ef963 2016-03-31T01:58:07.900Z {"type":"mouseout","target_tagname":"menuitem","target_id":"","value":"flashproxy"}
INST 8ebd01e22f2ef963 2016-03-31T01:58:07.900Z {"type":"mouseover","target_tagname":"menuitem","target_id":"","value":"fte"}
INST 8ebd01e22f2ef963 2016-03-31T01:58:08.000Z {"type":"mouseout","target_tagname":"menuitem","target_id":"","value":"fte"}
INST 8ebd01e22f2ef963 2016-03-31T01:58:08.000Z {"type":"mouseover","target_tagname":"menuitem","target_id":"","value":"fte-ipv6"}
INST 8ebd01e22f2ef963 2016-03-31T01:58:08.200Z {"type":"mouseout","target_tagname":"menuitem","target_id":"","value":"fte-ipv6"}
INST 8ebd01e22f2ef963 2016-03-31T01:58:08.200Z {"type":"mouseover","target_tagname":"menuitem","target_id":"","value":"meek-amazon"}
INST 8ebd01e22f2ef963 2016-03-31T01:58:08.300Z {"type":"mouseout","target_tagname":"menuitem","target_id":"","value":"meek-amazon"}
INST 8ebd01e22f2ef963 2016-03-31T01:58:08.300Z {"type":"mouseover","target_tagname":"menuitem","target_id":"","value":"meek-azure"}
INST 8ebd01e22f2ef963 2016-03-31T01:58:08.700Z {"type":"click","target_tagname":"menuitem","target_id":"","value":"meek-azure","detail":1}
INST 8ebd01e22f2ef963 2016-03-31T01:58:08.700Z {"type":"select","target_tagname":"menulist","target_id":"defaultBridgeType","value":"meek-azure"}
INST 8ebd01e22f2ef963 2016-03-31T01:58:08.700Z {"type":"command","target_tagname":"menuitem","target_id":"","value":"meek-azure"}
INST 8ebd01e22f2ef963 2016-03-31T01:58:08.700Z {"type":"popuphidden","target_tagname":"menupopup","target_id":"defaultBridgeType_menuPopup"}
INST 8ebd01e22f2ef963 2016-03-31T01:58:08.700Z {"type":"mouseout","target_tagname":"menuitem","target_id":"","value":"meek-azure"}
INST 8ebd01e22f2ef963 2016-03-31T01:58:09.600Z {"type":"click","target_tagname":"wizard","target_id":"TorNetworkSettings","detail":1}
INST 8ebd01e22f2ef963 2016-03-31T01:58:09.600Z {"type":"pagehide","target_tagname":"wizardpage","target_id":"bridgeSettings"}
INST 8ebd01e22f2ef963 2016-03-31T01:58:09.600Z {"type":"pageadvanced","target_tagname":"wizardpage","target_id":"bridgeSettings"}
INST 8ebd01e22f2ef963 2016-03-31T01:58:09.600Z {"type":"wizardnext","target_tagname":"wizard","target_id":"TorNetworkSettings"}
INST 8ebd01e22f2ef963 2016-03-31T01:58:09.600Z {"type":"pageshow","target_tagname":"wizardpage","target_id":"proxy"}
INST 8ebd01e22f2ef963 2016-03-31T01:58:09.600Z {"type":"command","target_tagname":"wizard","target_id":"TorNetworkSettings"}
INST 8ebd01e22f2ef963 2016-03-31T01:58:10.700Z {"type":"click","target_tagname":"wizard","target_id":"TorNetworkSettings","detail":1}
INST 8ebd01e22f2ef963 2016-03-31T01:58:10.700Z {"type":"pagehide","target_tagname":"wizardpage","target_id":"proxy"}
INST 8ebd01e22f2ef963 2016-03-31T01:58:10.700Z {"type":"pageadvanced","target_tagname":"wizardpage","target_id":"proxy"}
INST 8ebd01e22f2ef963 2016-03-31T01:58:10.700Z {"type":"wizardfinish","target_tagname":"wizard","target_id":"TorNetworkSettings"}
INST 8ebd01e22f2ef963 2016-03-31T01:58:10.700Z {"type":"load","target_id":"progress_bar"}
INST 8ebd01e22f2ef963 2016-03-31T01:58:12.200Z {"type":"click","target_tagname":"dialog","target_id":"TorProgress","detail":1}
INST 8ebd01e22f2ef963 2016-03-31T01:58:12.200Z {"type":"dialogcancel","target_tagname":"dialog","target_id":"TorProgress"}
INST 8ebd01e22f2ef963 2016-03-31T01:58:12.200Z {"type":"command","target_tagname":"dialog","target_id":"TorProgress"}
INST 8ebd01e22f2ef963 2016-03-31T01:58:12.300Z {"type":"command","target_tagname":"wizard","target_id":"TorNetworkSettings"}
INST 8ebd01e22f2ef963 2016-03-31T01:58:12.900Z {"type":"click","target_tagname":"wizard","target_id":"TorNetworkSettings","detail":1}
INST 8ebd01e22f2ef963 2016-03-31T01:58:12.900Z {"type":"pagehide","target_tagname":"wizardpage","target_id":"proxy"}
INST 8ebd01e22f2ef963 2016-03-31T01:58:12.900Z {"type":"pagerewound","target_tagname":"wizardpage","target_id":"proxy"}
INST 8ebd01e22f2ef963 2016-03-31T01:58:12.900Z {"type":"wizardback","target_tagname":"wizard","target_id":"TorNetworkSettings"}
INST 8ebd01e22f2ef963 2016-03-31T01:58:12.900Z {"type":"pageshow","target_tagname":"wizardpage","target_id":"bridgeSettings"}
INST 8ebd01e22f2ef963 2016-03-31T01:58:12.900Z {"type":"command","target_tagname":"wizard","target_id":"TorNetworkSettings"}
INST 8ebd01e22f2ef963 2016-03-31T01:58:13.800Z {"type":"popupshown","target_tagname":"menupopup","target_id":"defaultBridgeType_menuPopup"}
INST 8ebd01e22f2ef963 2016-03-31T01:58:13.900Z {"type":"click","target_tagname":"menulist","target_id":"defaultBridgeType","value":"meek-azure","detail":1}
INST 8ebd01e22f2ef963 2016-03-31T01:58:14.000Z {"type":"mouseover","target_tagname":"menuitem","target_id":"","value":"flashproxy"}
INST 8ebd01e22f2ef963 2016-03-31T01:58:14.100Z {"type":"mouseout","target_tagname":"menuitem","target_id":"","value":"flashproxy"}
INST 8ebd01e22f2ef963 2016-03-31T01:58:14.100Z {"type":"mouseover","target_tagname":"menuitem","target_id":"","value":"fte"}
INST 8ebd01e22f2ef963 2016-03-31T01:58:14.100Z {"type":"mouseout","target_tagname":"menuitem","target_id":"","value":"fte"}
INST 8ebd01e22f2ef963 2016-03-31T01:58:14.100Z {"type":"mouseover","target_tagname":"menuitem","target_id":"","value":"fte-ipv6"}
INST 8ebd01e22f2ef963 2016-03-31T01:58:14.200Z {"type":"mouseout","target_tagname":"menuitem","target_id":"","value":"fte-ipv6"}
INST 8ebd01e22f2ef963 2016-03-31T01:58:14.200Z {"type":"mouseover","target_tagname":"menuitem","target_id":"","value":"meek-amazon"}
INST 8ebd01e22f2ef963 2016-03-31T01:58:14.200Z {"type":"mouseout","target_tagname":"menuitem","target_id":"","value":"meek-amazon"}
INST 8ebd01e22f2ef963 2016-03-31T01:58:14.200Z {"type":"mouseover","target_tagname":"menuitem","target_id":"","value":"meek-azure"}
INST 8ebd01e22f2ef963 2016-03-31T01:58:14.600Z {"type":"mouseout","target_tagname":"menuitem","target_id":"","value":"meek-azure"}
INST 8ebd01e22f2ef963 2016-03-31T01:58:14.600Z {"type":"mouseover","target_tagname":"menuitem","target_id":"","value":"meek-google"}
INST 8ebd01e22f2ef963 2016-03-31T01:58:14.900Z {"type":"click","target_tagname":"menuitem","target_id":"","value":"meek-google","detail":1}
INST 8ebd01e22f2ef963 2016-03-31T01:58:14.900Z {"type":"select","target_tagname":"menulist","target_id":"defaultBridgeType","value":"meek-google"}
INST 8ebd01e22f2ef963 2016-03-31T01:58:14.900Z {"type":"command","target_tagname":"menuitem","target_id":"","value":"meek-google"}
INST 8ebd01e22f2ef963 2016-03-31T01:58:14.900Z {"type":"popuphidden","target_tagname":"menupopup","target_id":"defaultBridgeType_menuPopup"}
INST 8ebd01e22f2ef963 2016-03-31T01:58:14.900Z {"type":"mouseout","target_tagname":"menuitem","target_id":"","value":"meek-google"}
INST 8ebd01e22f2ef963 2016-03-31T01:58:15.800Z {"type":"click","target_tagname":"wizard","target_id":"TorNetworkSettings","detail":1}
INST 8ebd01e22f2ef963 2016-03-31T01:58:15.800Z {"type":"pagehide","target_tagname":"wizardpage","target_id":"bridgeSettings"}
INST 8ebd01e22f2ef963 2016-03-31T01:58:15.800Z {"type":"pageadvanced","target_tagname":"wizardpage","target_id":"bridgeSettings"}
INST 8ebd01e22f2ef963 2016-03-31T01:58:15.800Z {"type":"wizardnext","target_tagname":"wizard","target_id":"TorNetworkSettings"}
INST 8ebd01e22f2ef963 2016-03-31T01:58:15.800Z {"type":"pageshow","target_tagname":"wizardpage","target_id":"proxy"}
INST 8ebd01e22f2ef963 2016-03-31T01:58:15.800Z {"type":"command","target_tagname":"wizard","target_id":"TorNetworkSettings"}
INST 8ebd01e22f2ef963 2016-03-31T01:58:16.900Z {"type":"click","target_tagname":"wizard","target_id":"TorNetworkSettings","detail":1}
INST 8ebd01e22f2ef963 2016-03-31T01:58:16.900Z {"type":"pagehide","target_tagname":"wizardpage","target_id":"proxy"}
INST 8ebd01e22f2ef963 2016-03-31T01:58:16.900Z {"type":"pageadvanced","target_tagname":"wizardpage","target_id":"proxy"}
INST 8ebd01e22f2ef963 2016-03-31T01:58:16.900Z {"type":"wizardfinish","target_tagname":"wizard","target_id":"TorNetworkSettings"}
INST 8ebd01e22f2ef963 2016-03-31T01:58:17.000Z {"type":"load","target_id":"progress_bar"}
INST 8ebd01e22f2ef963 2016-03-31T01:58:19.400Z {"type":"dialogcancel","target_tagname":"dialog","target_id":"TorProgress"}
INST 8ebd01e22f2ef963 2016-03-31T01:58:19.400Z {"type":"command","target_tagname":"wizard","target_id":"TorNetworkSettings"}
INST 8ebd01e22f2ef963 2016-03-31T01:58:20.400Z {"type":"click","target_tagname":"wizard","target_id":"TorNetworkSettings","detail":1}
INST 8ebd01e22f2ef963 2016-03-31T01:58:20.400Z {"type":"pagehide","target_tagname":"wizardpage","target_id":"proxy"}
INST 8ebd01e22f2ef963 2016-03-31T01:58:20.400Z {"type":"pagerewound","target_tagname":"wizardpage","target_id":"proxy"}
INST 8ebd01e22f2ef963 2016-03-31T01:58:20.400Z {"type":"wizardback","target_tagname":"wizard","target_id":"TorNetworkSettings"}
INST 8ebd01e22f2ef963 2016-03-31T01:58:20.400Z {"type":"pageshow","target_tagname":"wizardpage","target_id":"bridgeSettings"}
INST 8ebd01e22f2ef963 2016-03-31T01:58:20.400Z {"type":"command","target_tagname":"wizard","target_id":"TorNetworkSettings"}
INST 8ebd01e22f2ef963 2016-03-31T01:58:21.400Z {"type":"popupshown","target_tagname":"menupopup","target_id":"defaultBridgeType_menuPopup"}
INST 8ebd01e22f2ef963 2016-03-31T01:58:21.500Z {"type":"click","target_tagname":"menulist","target_id":"defaultBridgeType","value":"meek-google","detail":1}
INST 8ebd01e22f2ef963 2016-03-31T01:58:21.800Z {"type":"mouseover","target_tagname":"menuitem","target_id":"","value":"flashproxy"}
INST 8ebd01e22f2ef963 2016-03-31T01:58:21.900Z {"type":"mouseout","target_tagname":"menuitem","target_id":"","value":"flashproxy"}
INST 8ebd01e22f2ef963 2016-03-31T01:58:21.900Z {"type":"mouseover","target_tagname":"menuitem","target_id":"","value":"fte"}
INST 8ebd01e22f2ef963 2016-03-31T01:58:22.000Z {"type":"mouseout","target_tagname":"menuitem","target_id":"","value":"fte"}
INST 8ebd01e22f2ef963 2016-03-31T01:58:22.000Z {"type":"mouseover","target_tagname":"menuitem","target_id":"","value":"fte-ipv6"}
INST 8ebd01e22f2ef963 2016-03-31T01:58:22.000Z {"type":"mouseout","target_tagname":"menuitem","target_id":"","value":"fte-ipv6"}
INST 8ebd01e22f2ef963 2016-03-31T01:58:22.000Z {"type":"mouseover","target_tagname":"menuitem","target_id":"","value":"meek-amazon"}
INST 8ebd01e22f2ef963 2016-03-31T01:58:22.200Z {"type":"mouseout","target_tagname":"menuitem","target_id":"","value":"meek-amazon"}
INST 8ebd01e22f2ef963 2016-03-31T01:58:22.200Z {"type":"mouseover","target_tagname":"menuitem","target_id":"","value":"meek-azure"}
INST 8ebd01e22f2ef963 2016-03-31T01:58:22.200Z {"type":"mouseout","target_tagname":"menuitem","target_id":"","value":"meek-azure"}
INST 8ebd01e22f2ef963 2016-03-31T01:58:22.200Z {"type":"mouseover","target_tagname":"menuitem","target_id":"","value":"meek-google"}
INST 8ebd01e22f2ef963 2016-03-31T01:58:22.300Z {"type":"mouseout","target_tagname":"menuitem","target_id":"","value":"meek-google"}
INST 8ebd01e22f2ef963 2016-03-31T01:58:22.300Z {"type":"mouseover","target_tagname":"menuitem","target_id":"","value":"obfs3"}
INST 8ebd01e22f2ef963 2016-03-31T01:58:22.500Z {"type":"mouseout","target_tagname":"menuitem","target_id":"","value":"obfs3"}
INST 8ebd01e22f2ef963 2016-03-31T01:58:22.500Z {"type":"mouseover","target_tagname":"menuitem","target_id":"","value":"obfs4"}
INST 8ebd01e22f2ef963 2016-03-31T01:58:23.000Z {"type":"mouseout","target_tagname":"menuitem","target_id":"","value":"obfs4"}
INST 8ebd01e22f2ef963 2016-03-31T01:58:23.000Z {"type":"mouseover","target_tagname":"menuitem","target_id":"","value":"scramblesuit"}
INST 8ebd01e22f2ef963 2016-03-31T01:58:23.600Z {"type":"click","target_tagname":"menuitem","target_id":"","value":"scramblesuit","detail":1}
INST 8ebd01e22f2ef963 2016-03-31T01:58:23.600Z {"type":"select","target_tagname":"menulist","target_id":"defaultBridgeType","value":"scramblesuit"}
INST 8ebd01e22f2ef963 2016-03-31T01:58:23.600Z {"type":"command","target_tagname":"menuitem","target_id":"","value":"scramblesuit"}
INST 8ebd01e22f2ef963 2016-03-31T01:58:23.600Z {"type":"popuphidden","target_tagname":"menupopup","target_id":"defaultBridgeType_menuPopup"}
INST 8ebd01e22f2ef963 2016-03-31T01:58:23.600Z {"type":"mouseout","target_tagname":"menuitem","target_id":"","value":"scramblesuit"}
INST 8ebd01e22f2ef963 2016-03-31T01:58:24.400Z {"type":"click","target_tagname":"wizard","target_id":"TorNetworkSettings","detail":1}
INST 8ebd01e22f2ef963 2016-03-31T01:58:24.400Z {"type":"pagehide","target_tagname":"wizardpage","target_id":"bridgeSettings"}
INST 8ebd01e22f2ef963 2016-03-31T01:58:24.400Z {"type":"pageadvanced","target_tagname":"wizardpage","target_id":"bridgeSettings"}
INST 8ebd01e22f2ef963 2016-03-31T01:58:24.400Z {"type":"wizardnext","target_tagname":"wizard","target_id":"TorNetworkSettings"}
INST 8ebd01e22f2ef963 2016-03-31T01:58:24.400Z {"type":"pageshow","target_tagname":"wizardpage","target_id":"proxy"}
INST 8ebd01e22f2ef963 2016-03-31T01:58:24.400Z {"type":"command","target_tagname":"wizard","target_id":"TorNetworkSettings"}
INST 8ebd01e22f2ef963 2016-03-31T01:58:25.400Z {"type":"click","target_tagname":"wizard","target_id":"TorNetworkSettings","detail":1}
INST 8ebd01e22f2ef963 2016-03-31T01:58:25.400Z {"type":"pagehide","target_tagname":"wizardpage","target_id":"proxy"}
INST 8ebd01e22f2ef963 2016-03-31T01:58:25.400Z {"type":"pagerewound","target_tagname":"wizardpage","target_id":"proxy"}
INST 8ebd01e22f2ef963 2016-03-31T01:58:25.400Z {"type":"wizardback","target_tagname":"wizard","target_id":"TorNetworkSettings"}
INST 8ebd01e22f2ef963 2016-03-31T01:58:25.400Z {"type":"pageshow","target_tagname":"wizardpage","target_id":"bridgeSettings"}
INST 8ebd01e22f2ef963 2016-03-31T01:58:25.400Z {"type":"command","target_tagname":"wizard","target_id":"TorNetworkSettings"}
INST 8ebd01e22f2ef963 2016-03-31T01:58:26.100Z {"type":"click","target_tagname":"wizard","target_id":"TorNetworkSettings","detail":1}
INST 8ebd01e22f2ef963 2016-03-31T01:58:26.100Z {"type":"pagehide","target_tagname":"wizardpage","target_id":"bridgeSettings"}
INST 8ebd01e22f2ef963 2016-03-31T01:58:26.100Z {"type":"pageadvanced","target_tagname":"wizardpage","target_id":"bridgeSettings"}
INST 8ebd01e22f2ef963 2016-03-31T01:58:26.100Z {"type":"wizardnext","target_tagname":"wizard","target_id":"TorNetworkSettings"}
INST 8ebd01e22f2ef963 2016-03-31T01:58:26.100Z {"type":"pageshow","target_tagname":"wizardpage","target_id":"proxy"}
INST 8ebd01e22f2ef963 2016-03-31T01:58:26.100Z {"type":"command","target_tagname":"wizard","target_id":"TorNetworkSettings"}
INST 8ebd01e22f2ef963 2016-03-31T01:58:26.400Z {"type":"click","target_tagname":"wizard","target_id":"TorNetworkSettings","detail":2}
INST 8ebd01e22f2ef963 2016-03-31T01:58:26.400Z {"type":"pagehide","target_tagname":"wizardpage","target_id":"proxy"}
INST 8ebd01e22f2ef963 2016-03-31T01:58:26.400Z {"type":"pageadvanced","target_tagname":"wizardpage","target_id":"proxy"}
INST 8ebd01e22f2ef963 2016-03-31T01:58:26.400Z {"type":"wizardfinish","target_tagname":"wizard","target_id":"TorNetworkSettings"}
INST 8ebd01e22f2ef963 2016-03-31T01:58:26.500Z {"type":"load","target_id":"progress_bar"}
INST 8ebd01e22f2ef963 2016-03-31T01:58:28.100Z {"type":"dialogcancel","target_tagname":"dialog","target_id":"TorProgress"}
INST 8ebd01e22f2ef963 2016-03-31T01:58:28.100Z {"type":"command","target_tagname":"wizard","target_id":"TorNetworkSettings"}
INST 8ebd01e22f2ef963 2016-03-31T01:58:29.000Z {"type":"click","target_tagname":"wizard","target_id":"TorNetworkSettings","detail":1}
INST 8ebd01e22f2ef963 2016-03-31T01:58:29.000Z {"type":"pagehide","target_tagname":"wizardpage","target_id":"proxy"}
INST 8ebd01e22f2ef963 2016-03-31T01:58:29.000Z {"type":"pagerewound","target_tagname":"wizardpage","target_id":"proxy"}
INST 8ebd01e22f2ef963 2016-03-31T01:58:29.000Z {"type":"wizardback","target_tagname":"wizard","target_id":"TorNetworkSettings"}
INST 8ebd01e22f2ef963 2016-03-31T01:58:29.000Z {"type":"pageshow","target_tagname":"wizardpage","target_id":"bridgeSettings"}
INST 8ebd01e22f2ef963 2016-03-31T01:58:29.000Z {"type":"command","target_tagname":"wizard","target_id":"TorNetworkSettings"}
INST 8ebd01e22f2ef963 2016-03-31T01:58:30.800Z {"type":"popupshown","target_tagname":"menupopup","target_id":"defaultBridgeType_menuPopup"}
INST 8ebd01e22f2ef963 2016-03-31T01:58:30.900Z {"type":"click","target_tagname":"menulist","target_id":"defaultBridgeType","value":"scramblesuit","detail":1}
INST 8ebd01e22f2ef963 2016-03-31T01:58:31.100Z {"type":"mouseover","target_tagname":"menuitem","target_id":"","value":"flashproxy"}
INST 8ebd01e22f2ef963 2016-03-31T01:58:31.100Z {"type":"mouseout","target_tagname":"menuitem","target_id":"","value":"flashproxy"}
INST 8ebd01e22f2ef963 2016-03-31T01:58:31.100Z {"type":"mouseover","target_tagname":"menuitem","target_id":"","value":"fte"}
INST 8ebd01e22f2ef963 2016-03-31T01:58:31.200Z {"type":"mouseout","target_tagname":"menuitem","target_id":"","value":"fte"}
INST 8ebd01e22f2ef963 2016-03-31T01:58:31.200Z {"type":"mouseover","target_tagname":"menuitem","target_id":"","value":"fte-ipv6"}
INST 8ebd01e22f2ef963 2016-03-31T01:58:31.200Z {"type":"mouseout","target_tagname":"menuitem","target_id":"","value":"fte-ipv6"}
INST 8ebd01e22f2ef963 2016-03-31T01:58:31.200Z {"type":"mouseover","target_tagname":"menuitem","target_id":"","value":"meek-amazon"}
INST 8ebd01e22f2ef963 2016-03-31T01:58:31.300Z {"type":"mouseout","target_tagname":"menuitem","target_id":"","value":"meek-amazon"}
INST 8ebd01e22f2ef963 2016-03-31T01:58:31.300Z {"type":"mouseover","target_tagname":"menuitem","target_id":"","value":"meek-azure"}
INST 8ebd01e22f2ef963 2016-03-31T01:58:31.300Z {"type":"mouseout","target_tagname":"menuitem","target_id":"","value":"meek-azure"}
INST 8ebd01e22f2ef963 2016-03-31T01:58:31.300Z {"type":"mouseover","target_tagname":"menuitem","target_id":"","value":"meek-google"}
INST 8ebd01e22f2ef963 2016-03-31T01:58:31.400Z {"type":"mouseout","target_tagname":"menuitem","target_id":"","value":"meek-google"}
INST 8ebd01e22f2ef963 2016-03-31T01:58:31.400Z {"type":"mouseover","target_tagname":"menuitem","target_id":"","value":"obfs3"}
INST 8ebd01e22f2ef963 2016-03-31T01:58:31.600Z {"type":"mouseout","target_tagname":"menuitem","target_id":"","value":"obfs3"}
INST 8ebd01e22f2ef963 2016-03-31T01:58:31.600Z {"type":"mouseover","target_tagname":"menuitem","target_id":"","value":"obfs4"}
INST 8ebd01e22f2ef963 2016-03-31T01:58:31.700Z {"type":"mouseout","target_tagname":"menuitem","target_id":"","value":"obfs4"}
INST 8ebd01e22f2ef963 2016-03-31T01:58:31.700Z {"type":"mouseover","target_tagname":"menuitem","target_id":"","value":"obfs3"}
INST 8ebd01e22f2ef963 2016-03-31T01:58:31.700Z {"type":"mouseout","target_tagname":"menuitem","target_id":"","value":"obfs3"}
INST 8ebd01e22f2ef963 2016-03-31T01:58:31.700Z {"type":"mouseover","target_tagname":"menuitem","target_id":"","value":"meek-google"}
INST 8ebd01e22f2ef963 2016-03-31T01:58:32.400Z {"type":"mouseout","target_tagname":"menuitem","target_id":"","value":"meek-google"}
INST 8ebd01e22f2ef963 2016-03-31T01:58:32.400Z {"type":"mouseover","target_tagname":"menuitem","target_id":"","value":"obfs3"}
INST 8ebd01e22f2ef963 2016-03-31T01:58:33.600Z {"type":"click","target_tagname":"menuitem","target_id":"","value":"obfs3","detail":1}
INST 8ebd01e22f2ef963 2016-03-31T01:58:33.600Z {"type":"select","target_tagname":"menulist","target_id":"defaultBridgeType","value":"obfs3"}
INST 8ebd01e22f2ef963 2016-03-31T01:58:33.600Z {"type":"command","target_tagname":"menuitem","target_id":"","value":"obfs3"}
INST 8ebd01e22f2ef963 2016-03-31T01:58:33.600Z {"type":"popuphidden","target_tagname":"menupopup","target_id":"defaultBridgeType_menuPopup"}
INST 8ebd01e22f2ef963 2016-03-31T01:58:33.600Z {"type":"mouseout","target_tagname":"menuitem","target_id":"","value":"obfs3"}
INST 8ebd01e22f2ef963 2016-03-31T01:58:34.600Z {"type":"click","target_tagname":"wizard","target_id":"TorNetworkSettings","detail":1}
INST 8ebd01e22f2ef963 2016-03-31T01:58:34.600Z {"type":"pagehide","target_tagname":"wizardpage","target_id":"bridgeSettings"}
INST 8ebd01e22f2ef963 2016-03-31T01:58:34.600Z {"type":"pageadvanced","target_tagname":"wizardpage","target_id":"bridgeSettings"}
INST 8ebd01e22f2ef963 2016-03-31T01:58:34.600Z {"type":"wizardnext","target_tagname":"wizard","target_id":"TorNetworkSettings"}
INST 8ebd01e22f2ef963 2016-03-31T01:58:34.600Z {"type":"pageshow","target_tagname":"wizardpage","target_id":"proxy"}
INST 8ebd01e22f2ef963 2016-03-31T01:58:34.600Z {"type":"command","target_tagname":"wizard","target_id":"TorNetworkSettings"}
INST 8ebd01e22f2ef963 2016-03-31T01:58:35.400Z {"type":"click","target_tagname":"wizard","target_id":"TorNetworkSettings","detail":1}
INST 8ebd01e22f2ef963 2016-03-31T01:58:35.400Z {"type":"pagehide","target_tagname":"wizardpage","target_id":"proxy"}
INST 8ebd01e22f2ef963 2016-03-31T01:58:35.400Z {"type":"pageadvanced","target_tagname":"wizardpage","target_id":"proxy"}
INST 8ebd01e22f2ef963 2016-03-31T01:58:35.400Z {"type":"wizardfinish","target_tagname":"wizard","target_id":"TorNetworkSettings"}
INST 8ebd01e22f2ef963 2016-03-31T01:58:35.500Z {"type":"load","target_id":"progress_bar"}
INST 8ebd01e22f2ef963 2016-03-31T01:58:37.500Z {"type":"dialogcancel","target_tagname":"dialog","target_id":"TorProgress"}
INST 8ebd01e22f2ef963 2016-03-31T01:58:37.500Z {"type":"command","target_tagname":"wizard","target_id":"TorNetworkSettings"}
INST 8ebd01e22f2ef963 2016-03-31T01:58:39.500Z {"type":"click","target_tagname":"wizard","target_id":"TorNetworkSettings","detail":1}
INST 8ebd01e22f2ef963 2016-03-31T01:58:39.500Z {"type":"pagehide","target_tagname":"wizardpage","target_id":"proxy"}
INST 8ebd01e22f2ef963 2016-03-31T01:58:39.500Z {"type":"pagerewound","target_tagname":"wizardpage","target_id":"proxy"}
INST 8ebd01e22f2ef963 2016-03-31T01:58:39.500Z {"type":"wizardback","target_tagname":"wizard","target_id":"TorNetworkSettings"}
INST 8ebd01e22f2ef963 2016-03-31T01:58:39.500Z {"type":"pageshow","target_tagname":"wizardpage","target_id":"bridgeSettings"}
INST 8ebd01e22f2ef963 2016-03-31T01:58:39.500Z {"type":"command","target_tagname":"wizard","target_id":"TorNetworkSettings"}
INST 8ebd01e22f2ef963 2016-03-31T01:58:43.300Z {"type":"click","target_tagname":"wizard","target_id":"TorNetworkSettings","detail":1}
INST 8ebd01e22f2ef963 2016-03-31T01:58:43.300Z {"type":"pagehide","target_tagname":"wizardpage","target_id":"bridgeSettings"}
INST 8ebd01e22f2ef963 2016-03-31T01:58:43.300Z {"type":"pageadvanced","target_tagname":"wizardpage","target_id":"bridgeSettings"}
INST 8ebd01e22f2ef963 2016-03-31T01:58:43.300Z {"type":"wizardnext","target_tagname":"wizard","target_id":"TorNetworkSettings"}
INST 8ebd01e22f2ef963 2016-03-31T01:58:43.300Z {"type":"pageshow","target_tagname":"wizardpage","target_id":"proxy"}
INST 8ebd01e22f2ef963 2016-03-31T01:58:43.300Z {"type":"command","target_tagname":"wizard","target_id":"TorNetworkSettings"}
INST 8ebd01e22f2ef963 2016-03-31T01:58:45.700Z {"type":"click","target_tagname":"radio","target_id":"proxyRadioYes","detail":1}
INST 8ebd01e22f2ef963 2016-03-31T01:58:45.700Z {"type":"command","target_tagname":"radio","target_id":"proxyRadioYes"}
INST 8ebd01e22f2ef963 2016-03-31T01:58:46.500Z {"type":"click","target_tagname":"radio","target_id":"proxyRadioNo","detail":1}
INST 8ebd01e22f2ef963 2016-03-31T01:58:46.500Z {"type":"command","target_tagname":"radio","target_id":"proxyRadioNo"}
INST 8ebd01e22f2ef963 2016-03-31T01:58:47.300Z {"type":"click","target_tagname":"wizard","target_id":"TorNetworkSettings","detail":1}
INST 8ebd01e22f2ef963 2016-03-31T01:58:47.300Z {"type":"pagehide","target_tagname":"wizardpage","target_id":"proxy"}
INST 8ebd01e22f2ef963 2016-03-31T01:58:47.300Z {"type":"pageadvanced","target_tagname":"wizardpage","target_id":"proxy"}
INST 8ebd01e22f2ef963 2016-03-31T01:58:47.300Z {"type":"wizardfinish","target_tagname":"wizard","target_id":"TorNetworkSettings"}
INST 8ebd01e22f2ef963 2016-03-31T01:58:47.400Z {"type":"load","target_id":"progress_bar"}
INST 8ebd01e22f2ef963 2016-03-31T01:58:51.600Z {"type":"dialogcancel","target_tagname":"dialog","target_id":"TorProgress"}
INST 8ebd01e22f2ef963 2016-03-31T01:58:51.700Z {"type":"command","target_tagname":"wizard","target_id":"TorNetworkSettings"}
INST 8ebd01e22f2ef963 2016-03-31T01:58:52.600Z {"type":"click","target_tagname":"radio","target_id":"proxyRadioYes","detail":1}
INST 8ebd01e22f2ef963 2016-03-31T01:58:52.600Z {"type":"command","target_tagname":"radio","target_id":"proxyRadioYes"}
INST 8ebd01e22f2ef963 2016-03-31T01:58:53.500Z {"type":"click","target_tagname":"wizard","target_id":"TorNetworkSettings","detail":1}
INST 8ebd01e22f2ef963 2016-03-31T01:58:53.500Z {"type":"pagehide","target_tagname":"wizardpage","target_id":"proxy"}
INST 8ebd01e22f2ef963 2016-03-31T01:58:53.500Z {"type":"pageadvanced","target_tagname":"wizardpage","target_id":"proxy"}
INST 8ebd01e22f2ef963 2016-03-31T01:58:53.500Z {"type":"wizardnext","target_tagname":"wizard","target_id":"TorNetworkSettings"}
INST 8ebd01e22f2ef963 2016-03-31T01:58:53.500Z {"type":"pageshow","target_tagname":"wizardpage","target_id":"proxyYES"}
INST 8ebd01e22f2ef963 2016-03-31T01:58:53.500Z {"type":"command","target_tagname":"wizard","target_id":"TorNetworkSettings"}
INST 8ebd01e22f2ef963 2016-03-31T02:00:05.100Z {"type":"popupshown","target_tagname":"menupopup","target_id":"proxyType_menuPopup"}
INST 8ebd01e22f2ef963 2016-03-31T02:00:05.200Z {"type":"click","target_tagname":"menulist","target_id":"proxyType","value":"","detail":1}
INST 8ebd01e22f2ef963 2016-03-31T02:00:07.700Z {"type":"mouseover","target_tagname":"menuitem","target_id":"","value":""}
INST 8ebd01e22f2ef963 2016-03-31T02:00:07.700Z {"type":"mouseout","target_tagname":"menuitem","target_id":"","value":""}
INST 8ebd01e22f2ef963 2016-03-31T02:00:07.700Z {"type":"mouseover","target_tagname":"menuitem","target_id":"","value":"SOCKS4"}
INST 8ebd01e22f2ef963 2016-03-31T02:00:07.700Z {"type":"mouseout","target_tagname":"menuitem","target_id":"","value":"SOCKS4"}
INST 8ebd01e22f2ef963 2016-03-31T02:00:07.700Z {"type":"mouseover","target_tagname":"menuitem","target_id":"","value":"SOCKS5"}
INST 8ebd01e22f2ef963 2016-03-31T02:00:07.800Z {"type":"mouseout","target_tagname":"menuitem","target_id":"","value":"SOCKS5"}
INST 8ebd01e22f2ef963 2016-03-31T02:00:07.800Z {"type":"mouseover","target_tagname":"menuitem","target_id":"","value":"HTTP"}
INST 8ebd01e22f2ef963 2016-03-31T02:00:07.800Z {"type":"mouseout","target_tagname":"menuitem","target_id":"","value":"HTTP"}
INST 8ebd01e22f2ef963 2016-03-31T02:00:08.700Z {"type":"popuphidden","target_tagname":"menupopup","target_id":"proxyType_menuPopup"}
INST 8ebd01e22f2ef963 2016-03-31T02:01:10.500Z {"type":"select","target_tagname":"textbox","target_id":"proxyPort"}
INST 8ebd01e22f2ef963 2016-03-31T02:01:10.700Z {"type":"click","target_tagname":"textbox","target_id":"proxyPort","detail":1}
INST 8ebd01e22f2ef963 2016-03-31T02:01:11.400Z {"type":"popupshown","target_tagname":"menupopup","target_id":"proxyType_menuPopup"}
INST 8ebd01e22f2ef963 2016-03-31T02:01:11.600Z {"type":"click","target_tagname":"menulist","target_id":"proxyType","value":"","detail":1}
INST 8ebd01e22f2ef963 2016-03-31T02:01:11.800Z {"type":"mouseover","target_tagname":"menuitem","target_id":"","value":""}
INST 8ebd01e22f2ef963 2016-03-31T02:01:12.000Z {"type":"mouseout","target_tagname":"menuitem","target_id":"","value":""}
INST 8ebd01e22f2ef963 2016-03-31T02:01:12.000Z {"type":"mouseover","target_tagname":"menuitem","target_id":"","value":"SOCKS4"}
INST 8ebd01e22f2ef963 2016-03-31T02:01:12.300Z {"type":"click","target_tagname":"menuitem","target_id":"","value":"SOCKS4","detail":1}
INST 8ebd01e22f2ef963 2016-03-31T02:01:12.300Z {"type":"select","target_tagname":"menulist","target_id":"proxyType","value":"SOCKS4"}
INST 8ebd01e22f2ef963 2016-03-31T02:01:12.300Z {"type":"command","target_tagname":"menuitem","target_id":"","value":"SOCKS4"}
INST 8ebd01e22f2ef963 2016-03-31T02:01:12.300Z {"type":"popuphidden","target_tagname":"menupopup","target_id":"proxyType_menuPopup"}
INST 8ebd01e22f2ef963 2016-03-31T02:01:12.300Z {"type":"mouseout","target_tagname":"menuitem","target_id":"","value":"SOCKS4"}
INST 8ebd01e22f2ef963 2016-03-31T02:01:13.200Z {"type":"click","target_tagname":"wizard","target_id":"TorNetworkSettings","detail":1}
INST 8ebd01e22f2ef963 2016-03-31T02:01:13.200Z {"type":"pagehide","target_tagname":"wizardpage","target_id":"proxyYES"}
INST 8ebd01e22f2ef963 2016-03-31T02:01:13.200Z {"type":"pageadvanced","target_tagname":"wizardpage","target_id":"proxyYES"}
INST 8ebd01e22f2ef963 2016-03-31T02:01:13.200Z {"type":"alert_show","target_id":"failed_to_save_settings","value":"Unable to save Tor settings.\n\nYou must specify both an IP address or hostname and a port number to configure Tor to use a proxy to access the Internet."}
INST 8ebd01e22f2ef963 2016-03-31T02:01:17.900Z {"type":"alert_exit","target_id":"failed_to_save_settings","value":"Unable to save Tor settings.\n\nYou must specify both an IP address or hostname and a port number to configure Tor to use a proxy to access the Internet."}
INST 8ebd01e22f2ef963 2016-03-31T02:01:17.900Z {"type":"command","target_tagname":"wizard","target_id":"TorNetworkSettings"}
INST 8ebd01e22f2ef963 2016-03-31T02:07:48.200Z {"type":"click","target_tagname":"wizard","target_id":"TorNetworkSettings","detail":1}
INST 8ebd01e22f2ef963 2016-03-31T02:07:48.200Z {"type":"pagehide","target_tagname":"wizardpage","target_id":"proxyYES"}
INST 8ebd01e22f2ef963 2016-03-31T02:07:48.200Z {"type":"pagerewound","target_tagname":"wizardpage","target_id":"proxyYES"}
INST 8ebd01e22f2ef963 2016-03-31T02:07:48.200Z {"type":"wizardback","target_tagname":"wizard","target_id":"TorNetworkSettings"}
INST 8ebd01e22f2ef963 2016-03-31T02:07:48.200Z {"type":"pageshow","target_tagname":"wizardpage","target_id":"proxy"}
INST 8ebd01e22f2ef963 2016-03-31T02:07:48.200Z {"type":"command","target_tagname":"wizard","target_id":"TorNetworkSettings"}
INST 8ebd01e22f2ef963 2016-03-31T02:14:09.400Z {"type":"click","target_tagname":"wizard","target_id":"TorNetworkSettings","detail":1}
INST 8ebd01e22f2ef963 2016-03-31T02:14:09.400Z {"type":"pagehide","target_tagname":"wizardpage","target_id":"proxy"}
INST 8ebd01e22f2ef963 2016-03-31T02:14:09.400Z {"type":"pageadvanced","target_tagname":"wizardpage","target_id":"proxy"}
INST 8ebd01e22f2ef963 2016-03-31T02:14:09.400Z {"type":"wizardnext","target_tagname":"wizard","target_id":"TorNetworkSettings"}
INST 8ebd01e22f2ef963 2016-03-31T02:14:09.400Z {"type":"pageshow","target_tagname":"wizardpage","target_id":"proxyYES"}
INST 8ebd01e22f2ef963 2016-03-31T02:14:09.400Z {"type":"command","target_tagname":"wizard","target_id":"TorNetworkSettings"}
INST 8ebd01e22f2ef963 2016-03-31T02:15:40.300Z {"type":"click","target_tagname":"wizard","target_id":"TorNetworkSettings","detail":1}
INST 8ebd01e22f2ef963 2016-03-31T02:15:40.300Z {"type":"extra2","target_tagname":"wizardpage","target_id":"proxyYES"}
INST 8ebd01e22f2ef963 2016-03-31T02:15:40.400Z {"type":"command","target_tagname":"wizard","target_id":"TorNetworkSettings"}
INST 8ebd01e22f2ef963 2016-03-31T02:15:40.500Z {"type":"popupshown","target_tagname":"panel","target_id":"copyLogFeedbackPanel"}
INST 8ebd01e22f2ef963 2016-03-31T02:15:44.600Z {"type":"popuphidden","target_tagname":"panel","target_id":"copyLogFeedbackPanel"}
INST 8ebd01e22f2ef963 2016-03-31T02:15:49.400Z {"type":"select","target_tagname":"textbox","target_id":"proxyAddr"}
INST 8ebd01e22f2ef963 2016-03-31T02:15:49.600Z {"type":"click","target_tagname":"textbox","target_id":"proxyAddr","detail":1}
INST 8ebd01e22f2ef963 2016-03-31T02:15:50.300Z {"type":"select","target_tagname":"textbox","target_id":"proxyPort"}
INST 8ebd01e22f2ef963 2016-03-31T02:15:50.500Z {"type":"click","target_tagname":"textbox","target_id":"proxyPort","detail":1}
INST 8ebd01e22f2ef963 2016-03-31T02:15:55.300Z {"type":"popupshown","target_tagname":"menupopup","target_id":"proxyType_menuPopup"}
INST 8ebd01e22f2ef963 2016-03-31T02:15:55.500Z {"type":"click","target_tagname":"menulist","target_id":"proxyType","value":"SOCKS4","detail":1}
INST 8ebd01e22f2ef963 2016-03-31T02:15:55.600Z {"type":"mouseover","target_tagname":"menuitem","target_id":"","value":""}
INST 8ebd01e22f2ef963 2016-03-31T02:15:55.700Z {"type":"mouseout","target_tagname":"menuitem","target_id":"","value":""}
INST 8ebd01e22f2ef963 2016-03-31T02:15:55.700Z {"type":"mouseover","target_tagname":"menuitem","target_id":"","value":"SOCKS4"}
INST 8ebd01e22f2ef963 2016-03-31T02:15:56.100Z {"type":"mouseout","target_tagname":"menuitem","target_id":"","value":"SOCKS4"}
INST 8ebd01e22f2ef963 2016-03-31T02:15:56.100Z {"type":"mouseover","target_tagname":"menuitem","target_id":"","value":"SOCKS5"}
INST 8ebd01e22f2ef963 2016-03-31T02:15:56.300Z {"type":"click","target_tagname":"menuitem","target_id":"","value":"SOCKS5","detail":1}
INST 8ebd01e22f2ef963 2016-03-31T02:15:56.300Z {"type":"select","target_tagname":"menulist","target_id":"proxyType","value":"SOCKS5"}
INST 8ebd01e22f2ef963 2016-03-31T02:15:56.300Z {"type":"command","target_tagname":"menuitem","target_id":"","value":"SOCKS5"}
INST 8ebd01e22f2ef963 2016-03-31T02:15:56.300Z {"type":"popuphidden","target_tagname":"menupopup","target_id":"proxyType_menuPopup"}
INST 8ebd01e22f2ef963 2016-03-31T02:15:56.300Z {"type":"mouseout","target_tagname":"menuitem","target_id":"","value":"SOCKS5"}
INST 8ebd01e22f2ef963 2016-03-31T02:15:57.300Z {"type":"popupshown","target_tagname":"menupopup","target_id":"proxyType_menuPopup"}
INST 8ebd01e22f2ef963 2016-03-31T02:15:57.400Z {"type":"click","target_tagname":"menulist","target_id":"proxyType","value":"SOCKS5","detail":1}
INST 8ebd01e22f2ef963 2016-03-31T02:15:57.500Z {"type":"mouseover","target_tagname":"menuitem","target_id":"","value":""}
INST 8ebd01e22f2ef963 2016-03-31T02:15:57.500Z {"type":"mouseout","target_tagname":"menuitem","target_id":"","value":""}
INST 8ebd01e22f2ef963 2016-03-31T02:15:57.500Z {"type":"mouseover","target_tagname":"menuitem","target_id":"","value":"SOCKS4"}
INST 8ebd01e22f2ef963 2016-03-31T02:15:57.600Z {"type":"mouseout","target_tagname":"menuitem","target_id":"","value":"SOCKS4"}
INST 8ebd01e22f2ef963 2016-03-31T02:15:57.600Z {"type":"mouseover","target_tagname":"menuitem","target_id":"","value":"SOCKS5"}
INST 8ebd01e22f2ef963 2016-03-31T02:15:57.600Z {"type":"mouseout","target_tagname":"menuitem","target_id":"","value":"SOCKS5"}
INST 8ebd01e22f2ef963 2016-03-31T02:15:57.600Z {"type":"mouseover","target_tagname":"menuitem","target_id":"","value":"HTTP"}
INST 8ebd01e22f2ef963 2016-03-31T02:15:58.100Z {"type":"click","target_tagname":"menuitem","target_id":"","value":"HTTP","detail":1}
INST 8ebd01e22f2ef963 2016-03-31T02:15:58.100Z {"type":"select","target_tagname":"menulist","target_id":"proxyType","value":"HTTP"}
INST 8ebd01e22f2ef963 2016-03-31T02:15:58.100Z {"type":"command","target_tagname":"menuitem","target_id":"","value":"HTTP"}
INST 8ebd01e22f2ef963 2016-03-31T02:15:58.100Z {"type":"popuphidden","target_tagname":"menupopup","target_id":"proxyType_menuPopup"}
INST 8ebd01e22f2ef963 2016-03-31T02:15:58.100Z {"type":"mouseout","target_tagname":"menuitem","target_id":"","value":"HTTP"}
INST 8ebd01e22f2ef963 2016-03-31T02:15:58.900Z {"type":"popupshown","target_tagname":"menupopup","target_id":"proxyType_menuPopup"}
INST 8ebd01e22f2ef963 2016-03-31T02:15:59.000Z {"type":"click","target_tagname":"menulist","target_id":"proxyType","value":"HTTP","detail":1}
INST 8ebd01e22f2ef963 2016-03-31T02:15:59.100Z {"type":"mouseover","target_tagname":"menuitem","target_id":"","value":""}
INST 8ebd01e22f2ef963 2016-03-31T02:15:59.100Z {"type":"mouseout","target_tagname":"menuitem","target_id":"","value":""}
INST 8ebd01e22f2ef963 2016-03-31T02:15:59.100Z {"type":"mouseover","target_tagname":"menuitem","target_id":"","value":"SOCKS4"}
INST 8ebd01e22f2ef963 2016-03-31T02:15:59.500Z {"type":"click","target_tagname":"menuitem","target_id":"","value":"SOCKS4","detail":1}
INST 8ebd01e22f2ef963 2016-03-31T02:15:59.500Z {"type":"select","target_tagname":"menulist","target_id":"proxyType","value":"SOCKS4"}
INST 8ebd01e22f2ef963 2016-03-31T02:15:59.500Z {"type":"command","target_tagname":"menuitem","target_id":"","value":"SOCKS4"}
INST 8ebd01e22f2ef963 2016-03-31T02:15:59.500Z {"type":"popuphidden","target_tagname":"menupopup","target_id":"proxyType_menuPopup"}
INST 8ebd01e22f2ef963 2016-03-31T02:15:59.500Z {"type":"mouseout","target_tagname":"menuitem","target_id":"","value":"SOCKS4"}
INST 8ebd01e22f2ef963 2016-03-31T02:16:01.400Z {"type":"select","target_tagname":"textbox","target_id":"proxyAddr"}
INST 8ebd01e22f2ef963 2016-03-31T02:16:01.800Z {"type":"click","target_tagname":"textbox","target_id":"proxyAddr","detail":1}
INST 8ebd01e22f2ef963 2016-03-31T02:16:02.300Z {"type":"select","target_tagname":"textbox","target_id":"proxyPort"}
INST 8ebd01e22f2ef963 2016-03-31T02:16:02.600Z {"type":"click","target_tagname":"textbox","target_id":"proxyPort","detail":1}
INST 8ebd01e22f2ef963 2016-03-31T02:21:00.800Z {"type":"click","target_tagname":"wizardpage","target_id":"proxyYES","detail":1}
INST 8ebd01e22f2ef963 2016-03-31T02:21:01.700Z {"type":"click","target_tagname":"label","target_id":"forAssistance","detail":1}
INST 8ebd01e22f2ef963 2016-03-31T02:21:02.500Z {"type":"click","target_tagname":"label","target_id":"forAssistance","detail":1}
INST 8b6480ff3b44fd4c 2016-03-31T02:21:55.400Z {"type":"start"}
INST 8b6480ff3b44fd4c 2016-03-31T02:21:55.500Z {"type":"select","target_tagname":"menulist","target_id":"proxyType","value":""}
INST 8b6480ff3b44fd4c 2016-03-31T02:21:55.500Z {"type":"wizardnext","target_tagname":"wizard","target_id":"TorNetworkSettings"}
INST 8b6480ff3b44fd4c 2016-03-31T02:21:55.500Z {"type":"pageshow","target_tagname":"wizardpage","target_id":"first"}
INST 8b6480ff3b44fd4c 2016-03-31T02:21:56.100Z {"type":"load","target_id":"configuration"}
INST 8b6480ff3b44fd4c 2016-03-31T02:21:56.100Z {"type":"select","target_tagname":"menulist","target_id":"defaultBridgeType","value":"obfs3"}
INST 8b6480ff3b44fd4c 2016-03-31T02:22:01.300Z {"type":"click","detail":1}
INST 8b6480ff3b44fd4c 2016-03-31T02:22:01.800Z {"type":"click","target_tagname":"vbox","target_id":"","detail":1}
INST 8b6480ff3b44fd4c 2016-03-31T02:22:02.200Z {"type":"click","target_tagname":"button","target_id":"connect_button","detail":1}
INST 8b6480ff3b44fd4c 2016-03-31T02:22:02.200Z {"type":"load","target_id":"progress_bar"}
INST 8b6480ff3b44fd4c 2016-03-31T02:22:02.400Z {"type":"click","target_tagname":"vbox","target_id":"","detail":1}
INST 8b6480ff3b44fd4c 2016-03-31T02:22:05.600Z {"type":"dialogcancel","target_tagname":"dialog","target_id":"TorProgress"}
INST 8b6480ff3b44fd4c 2016-03-31T02:22:05.600Z {"type":"command","target_tagname":"button","target_id":"connect_button"}
INST 8b6480ff3b44fd4c 2016-03-31T02:22:07.200Z {"type":"click","target_tagname":"button","target_id":"configure_button","detail":1}
INST 8b6480ff3b44fd4c 2016-03-31T02:22:07.200Z {"type":"pagehide","target_tagname":"wizardpage","target_id":"first"}
INST 8b6480ff3b44fd4c 2016-03-31T02:22:07.200Z {"type":"pageadvanced","target_tagname":"wizardpage","target_id":"first"}
INST 8b6480ff3b44fd4c 2016-03-31T02:22:07.200Z {"type":"wizardnext","target_tagname":"wizard","target_id":"TorNetworkSettings"}
INST 8b6480ff3b44fd4c 2016-03-31T02:22:07.200Z {"type":"pageshow","target_tagname":"wizardpage","target_id":"bridges"}
INST 8b6480ff3b44fd4c 2016-03-31T02:22:07.200Z {"type":"command","target_tagname":"button","target_id":"configure_button"}
INST 8b6480ff3b44fd4c 2016-03-31T02:22:10.000Z {"type":"click","target_tagname":"wizard","target_id":"TorNetworkSettings","detail":1}
INST 8b6480ff3b44fd4c 2016-03-31T02:22:10.000Z {"type":"pagehide","target_tagname":"wizardpage","target_id":"bridges"}
INST 8b6480ff3b44fd4c 2016-03-31T02:22:10.000Z {"type":"pageadvanced","target_tagname":"wizardpage","target_id":"bridges"}
INST 8b6480ff3b44fd4c 2016-03-31T02:22:10.000Z {"type":"wizardnext","target_tagname":"wizard","target_id":"TorNetworkSettings"}
INST 8b6480ff3b44fd4c 2016-03-31T02:22:10.100Z {"type":"pageshow","target_tagname":"wizardpage","target_id":"bridgeSettings"}
INST 8b6480ff3b44fd4c 2016-03-31T02:22:10.100Z {"type":"command","target_tagname":"wizard","target_id":"TorNetworkSettings"}
INST 8b6480ff3b44fd4c 2016-03-31T02:22:11.300Z {"type":"click","target_tagname":"wizard","target_id":"TorNetworkSettings","detail":1}
INST 8b6480ff3b44fd4c 2016-03-31T02:22:11.300Z {"type":"pagehide","target_tagname":"wizardpage","target_id":"bridgeSettings"}
INST 8b6480ff3b44fd4c 2016-03-31T02:22:11.300Z {"type":"pagerewound","target_tagname":"wizardpage","target_id":"bridgeSettings"}
INST 8b6480ff3b44fd4c 2016-03-31T02:22:11.300Z {"type":"wizardback","target_tagname":"wizard","target_id":"TorNetworkSettings"}
INST 8b6480ff3b44fd4c 2016-03-31T02:22:11.300Z {"type":"pageshow","target_tagname":"wizardpage","target_id":"bridges"}
INST 8b6480ff3b44fd4c 2016-03-31T02:22:11.300Z {"type":"command","target_tagname":"wizard","target_id":"TorNetworkSettings"}
INST 8b6480ff3b44fd4c 2016-03-31T02:22:12.400Z {"type":"click","target_tagname":"radiogroup","target_id":"useBridgesRadioGroup","detail":1}
INST 8b6480ff3b44fd4c 2016-03-31T02:22:12.700Z {"type":"click","target_tagname":"radio","target_id":"bridgesRadioNo","detail":1}
INST 8b6480ff3b44fd4c 2016-03-31T02:22:12.700Z {"type":"command","target_tagname":"radio","target_id":"bridgesRadioNo"}
INST 8b6480ff3b44fd4c 2016-03-31T02:22:13.800Z {"type":"click","target_tagname":"wizard","target_id":"TorNetworkSettings","detail":1}
INST 8b6480ff3b44fd4c 2016-03-31T02:22:13.800Z {"type":"pagehide","target_tagname":"wizardpage","target_id":"bridges"}
INST 8b6480ff3b44fd4c 2016-03-31T02:22:13.800Z {"type":"pageadvanced","target_tagname":"wizardpage","target_id":"bridges"}
INST 8b6480ff3b44fd4c 2016-03-31T02:22:13.800Z {"type":"wizardnext","target_tagname":"wizard","target_id":"TorNetworkSettings"}
INST 8b6480ff3b44fd4c 2016-03-31T02:22:13.800Z {"type":"pageshow","target_tagname":"wizardpage","target_id":"proxy"}
INST 8b6480ff3b44fd4c 2016-03-31T02:22:13.800Z {"type":"command","target_tagname":"wizard","target_id":"TorNetworkSettings"}
INST 8b6480ff3b44fd4c 2016-03-31T02:22:14.300Z {"type":"click","target_tagname":"wizard","target_id":"TorNetworkSettings","detail":1}
INST 8b6480ff3b44fd4c 2016-03-31T02:22:14.300Z {"type":"pagehide","target_tagname":"wizardpage","target_id":"proxy"}
INST 8b6480ff3b44fd4c 2016-03-31T02:22:14.300Z {"type":"pageadvanced","target_tagname":"wizardpage","target_id":"proxy"}
INST 8b6480ff3b44fd4c 2016-03-31T02:22:14.300Z {"type":"wizardfinish","target_tagname":"wizard","target_id":"TorNetworkSettings"}
INST 8b6480ff3b44fd4c 2016-03-31T02:22:14.400Z {"type":"load","target_id":"progress_bar"}
INST 8b6480ff3b44fd4c 2016-03-31T02:22:14.800Z {"type":"progresschanged","target_tagname":"progressmeter","target_id":"progressMeter","value":"5"}
INST 8b6480ff3b44fd4c 2016-03-31T02:22:14.800Z {"type":"progresschanged","target_tagname":"progressmeter","target_id":"progressMeter","value":"5"}
INST 8b6480ff3b44fd4c 2016-03-31T02:22:14.800Z {"type":"progresschanged","target_tagname":"progressmeter","target_id":"progressMeter","value":"5"}
INST 8b6480ff3b44fd4c 2016-03-31T02:22:18.300Z {"type":"click","detail":1}
INST 8b6480ff3b44fd4c 2016-03-31T02:22:18.700Z {"type":"click","target_tagname":"description","target_id":"progressDesc","detail":1}
INST 8b6480ff3b44fd4c 2016-03-31T02:22:22.300Z {"type":"dialogcancel","target_tagname":"dialog","target_id":"TorProgress"}
INST 8b6480ff3b44fd4c 2016-03-31T02:22:22.400Z {"type":"command","target_tagname":"wizard","target_id":"TorNetworkSettings"}
INST 8b6480ff3b44fd4c 2016-03-31T02:22:23.500Z {"type":"click","target_tagname":"radio","target_id":"proxyRadioYes","detail":1}
INST 8b6480ff3b44fd4c 2016-03-31T02:22:23.500Z {"type":"command","target_tagname":"radio","target_id":"proxyRadioYes"}
INST 8b6480ff3b44fd4c 2016-03-31T02:22:24.300Z {"type":"click","target_tagname":"wizard","target_id":"TorNetworkSettings","detail":1}
INST 8b6480ff3b44fd4c 2016-03-31T02:22:24.300Z {"type":"pagehide","target_tagname":"wizardpage","target_id":"proxy"}
INST 8b6480ff3b44fd4c 2016-03-31T02:22:24.300Z {"type":"pageadvanced","target_tagname":"wizardpage","target_id":"proxy"}
INST 8b6480ff3b44fd4c 2016-03-31T02:22:24.300Z {"type":"wizardnext","target_tagname":"wizard","target_id":"TorNetworkSettings"}
INST 8b6480ff3b44fd4c 2016-03-31T02:22:24.300Z {"type":"pageshow","target_tagname":"wizardpage","target_id":"proxyYES"}
INST 8b6480ff3b44fd4c 2016-03-31T02:22:24.300Z {"type":"command","target_tagname":"wizard","target_id":"TorNetworkSettings"}
INST 8b6480ff3b44fd4c 2016-03-31T02:22:25.400Z {"type":"click","target_tagname":"wizard","target_id":"TorNetworkSettings","detail":1}
INST 8b6480ff3b44fd4c 2016-03-31T02:22:25.400Z {"type":"pagehide","target_tagname":"wizardpage","target_id":"proxyYES"}
INST 8b6480ff3b44fd4c 2016-03-31T02:22:25.400Z {"type":"pagerewound","target_tagname":"wizardpage","target_id":"proxyYES"}
INST 8b6480ff3b44fd4c 2016-03-31T02:22:25.400Z {"type":"wizardback","target_tagname":"wizard","target_id":"TorNetworkSettings"}
INST 8b6480ff3b44fd4c 2016-03-31T02:22:25.400Z {"type":"pageshow","target_tagname":"wizardpage","target_id":"proxy"}
INST 8b6480ff3b44fd4c 2016-03-31T02:22:25.400Z {"type":"command","target_tagname":"wizard","target_id":"TorNetworkSettings"}
INST 8b6480ff3b44fd4c 2016-03-31T02:22:25.700Z {"type":"click","target_tagname":"wizard","target_id":"TorNetworkSettings","detail":2}
INST 8b6480ff3b44fd4c 2016-03-31T02:22:25.700Z {"type":"pagehide","target_tagname":"wizardpage","target_id":"proxy"}
INST 8b6480ff3b44fd4c 2016-03-31T02:22:25.700Z {"type":"pagerewound","target_tagname":"wizardpage","target_id":"proxy"}
INST 8b6480ff3b44fd4c 2016-03-31T02:22:25.700Z {"type":"wizardback","target_tagname":"wizard","target_id":"TorNetworkSettings"}
INST 8b6480ff3b44fd4c 2016-03-31T02:22:25.700Z {"type":"pageshow","target_tagname":"wizardpage","target_id":"bridges"}
INST 8b6480ff3b44fd4c 2016-03-31T02:22:25.700Z {"type":"command","target_tagname":"wizard","target_id":"TorNetworkSettings"}
INST 8b6480ff3b44fd4c 2016-03-31T02:22:26.900Z {"type":"click","target_tagname":"radio","target_id":"bridgesRadioYes","detail":1}
INST 8b6480ff3b44fd4c 2016-03-31T02:22:26.900Z {"type":"command","target_tagname":"radio","target_id":"bridgesRadioYes"}
INST 8b6480ff3b44fd4c 2016-03-31T02:22:27.800Z {"type":"click","target_tagname":"wizard","target_id":"TorNetworkSettings","detail":1}
INST 8b6480ff3b44fd4c 2016-03-31T02:22:27.800Z {"type":"pagehide","target_tagname":"wizardpage","target_id":"bridges"}
INST 8b6480ff3b44fd4c 2016-03-31T02:22:27.800Z {"type":"pageadvanced","target_tagname":"wizardpage","target_id":"bridges"}
INST 8b6480ff3b44fd4c 2016-03-31T02:22:27.800Z {"type":"wizardnext","target_tagname":"wizard","target_id":"TorNetworkSettings"}
INST 8b6480ff3b44fd4c 2016-03-31T02:22:27.800Z {"type":"pageshow","target_tagname":"wizardpage","target_id":"bridgeSettings"}
INST 8b6480ff3b44fd4c 2016-03-31T02:22:27.800Z {"type":"command","target_tagname":"wizard","target_id":"TorNetworkSettings"}
INST 8b6480ff3b44fd4c 2016-03-31T02:22:29.700Z {"type":"click","target_tagname":"wizard","target_id":"TorNetworkSettings","detail":1}
INST 8b6480ff3b44fd4c 2016-03-31T02:22:29.700Z {"type":"pagehide","target_tagname":"wizardpage","target_id":"bridgeSettings"}
INST 8b6480ff3b44fd4c 2016-03-31T02:22:29.700Z {"type":"pageadvanced","target_tagname":"wizardpage","target_id":"bridgeSettings"}
INST 8b6480ff3b44fd4c 2016-03-31T02:22:29.700Z {"type":"wizardnext","target_tagname":"wizard","target_id":"TorNetworkSettings"}
INST 8b6480ff3b44fd4c 2016-03-31T02:22:29.700Z {"type":"pageshow","target_tagname":"wizardpage","target_id":"proxy"}
INST 8b6480ff3b44fd4c 2016-03-31T02:22:29.700Z {"type":"command","target_tagname":"wizard","target_id":"TorNetworkSettings"}
INST 8b6480ff3b44fd4c 2016-03-31T02:22:31.700Z {"type":"click","target_tagname":"wizard","target_id":"TorNetworkSettings","detail":1}
INST 8b6480ff3b44fd4c 2016-03-31T02:22:31.700Z {"type":"pagehide","target_tagname":"wizardpage","target_id":"proxy"}
INST 8b6480ff3b44fd4c 2016-03-31T02:22:31.700Z {"type":"pageadvanced","target_tagname":"wizardpage","target_id":"proxy"}
INST 8b6480ff3b44fd4c 2016-03-31T02:22:31.700Z {"type":"wizardnext","target_tagname":"wizard","target_id":"TorNetworkSettings"}
INST 8b6480ff3b44fd4c 2016-03-31T02:22:31.700Z {"type":"pageshow","target_tagname":"wizardpage","target_id":"proxyYES"}
INST 8b6480ff3b44fd4c 2016-03-31T02:22:31.700Z {"type":"command","target_tagname":"wizard","target_id":"TorNetworkSettings"}
INST 8b6480ff3b44fd4c 2016-03-31T02:22:32.800Z {"type":"click","target_tagname":"wizard","target_id":"TorNetworkSettings","detail":1}
INST 8b6480ff3b44fd4c 2016-03-31T02:22:32.800Z {"type":"pagehide","target_tagname":"wizardpage","target_id":"proxyYES"}
INST 8b6480ff3b44fd4c 2016-03-31T02:22:32.800Z {"type":"pagerewound","target_tagname":"wizardpage","target_id":"proxyYES"}
INST 8b6480ff3b44fd4c 2016-03-31T02:22:32.800Z {"type":"wizardback","target_tagname":"wizard","target_id":"TorNetworkSettings"}
INST 8b6480ff3b44fd4c 2016-03-31T02:22:32.800Z {"type":"pageshow","target_tagname":"wizardpage","target_id":"proxy"}
INST 8b6480ff3b44fd4c 2016-03-31T02:22:32.800Z {"type":"command","target_tagname":"wizard","target_id":"TorNetworkSettings"}
INST 8b6480ff3b44fd4c 2016-03-31T02:22:34.000Z {"type":"click","target_tagname":"radio","target_id":"proxyRadioNo","detail":1}
INST 8b6480ff3b44fd4c 2016-03-31T02:22:34.000Z {"type":"command","target_tagname":"radio","target_id":"proxyRadioNo"}
INST 8b6480ff3b44fd4c 2016-03-31T02:22:35.300Z {"type":"click","target_tagname":"wizard","target_id":"TorNetworkSettings","detail":1}
INST 8b6480ff3b44fd4c 2016-03-31T02:22:35.300Z {"type":"pagehide","target_tagname":"wizardpage","target_id":"proxy"}
INST 8b6480ff3b44fd4c 2016-03-31T02:22:35.300Z {"type":"pageadvanced","target_tagname":"wizardpage","target_id":"proxy"}
INST 8b6480ff3b44fd4c 2016-03-31T02:22:35.300Z {"type":"wizardfinish","target_tagname":"wizard","target_id":"TorNetworkSettings"}
INST 8b6480ff3b44fd4c 2016-03-31T02:22:35.300Z {"type":"load","target_id":"progress_bar"}
INST 8b6480ff3b44fd4c 2016-03-31T02:22:41.900Z {"type":"progresschanged","target_tagname":"progressmeter","target_id":"progressMeter","value":"10"}
INST 8b6480ff3b44fd4c 2016-03-31T02:23:03.200Z {"type":"click","target_tagname":"dialog","target_id":"TorProgress","detail":1}
INST 8b6480ff3b44fd4c 2016-03-31T02:23:03.200Z {"type":"dialogcancel","target_tagname":"dialog","target_id":"TorProgress"}
INST 8b6480ff3b44fd4c 2016-03-31T02:23:03.300Z {"type":"command","target_tagname":"dialog","target_id":"TorProgress"}
INST 8b6480ff3b44fd4c 2016-03-31T02:23:03.300Z {"type":"command","target_tagname":"wizard","target_id":"TorNetworkSettings"}
INST 8b6480ff3b44fd4c 2016-03-31T02:28:16.300Z {"type":"wizardcancel","target_tagname":"wizard","target_id":"TorNetworkSettings"}
INST 8b6480ff3b44fd4c 2016-03-31T02:28:16.300Z {"type":"unload","target_id":"configuration"}
