INST eac22ca968aee428 2016-03-28T23:20:49.200Z {"type":"start"}
INST eac22ca968aee428 2016-03-28T23:20:50.200Z {"type":"select","target_tagname":"menulist","target_id":"proxyType","value":""}
INST eac22ca968aee428 2016-03-28T23:20:50.200Z {"type":"wizardnext","target_tagname":"wizard","target_id":"TorNetworkSettings"}
INST eac22ca968aee428 2016-03-28T23:20:50.200Z {"type":"pageshow","target_tagname":"wizardpage","target_id":"first"}
INST eac22ca968aee428 2016-03-28T23:20:50.200Z {"type":"load","target_id":"configuration"}
INST eac22ca968aee428 2016-03-28T23:20:50.200Z {"type":"select","target_tagname":"menulist","target_id":"defaultBridgeType","value":"obfs3"}
INST eac22ca968aee428 2016-03-28T23:21:28.800Z {"type":"click","target_tagname":"button","target_id":"connect_button","detail":1}
INST eac22ca968aee428 2016-03-28T23:21:28.900Z {"type":"load","target_id":"progress_bar"}
INST eac22ca968aee428 2016-03-28T23:22:25.300Z {"type":"click","target_tagname":"dialog","target_id":"TorProgress","detail":1}
INST eac22ca968aee428 2016-03-28T23:22:25.300Z {"type":"dialogcancel","target_tagname":"dialog","target_id":"TorProgress"}
INST eac22ca968aee428 2016-03-28T23:22:25.400Z {"type":"command","target_tagname":"dialog","target_id":"TorProgress"}
INST eac22ca968aee428 2016-03-28T23:22:25.400Z {"type":"command","target_tagname":"button","target_id":"connect_button"}
INST eac22ca968aee428 2016-03-28T23:22:26.700Z {"type":"click","target_tagname":"button","target_id":"configure_button","detail":1}
INST eac22ca968aee428 2016-03-28T23:22:26.700Z {"type":"pagehide","target_tagname":"wizardpage","target_id":"first"}
INST eac22ca968aee428 2016-03-28T23:22:26.700Z {"type":"pageadvanced","target_tagname":"wizardpage","target_id":"first"}
INST eac22ca968aee428 2016-03-28T23:22:26.700Z {"type":"wizardnext","target_tagname":"wizard","target_id":"TorNetworkSettings"}
INST eac22ca968aee428 2016-03-28T23:22:26.700Z {"type":"pageshow","target_tagname":"wizardpage","target_id":"bridges"}
INST eac22ca968aee428 2016-03-28T23:22:26.700Z {"type":"command","target_tagname":"button","target_id":"configure_button"}
INST eac22ca968aee428 2016-03-28T23:23:07.300Z {"type":"click","target_tagname":"wizard","target_id":"TorNetworkSettings","detail":1}
INST eac22ca968aee428 2016-03-28T23:23:07.300Z {"type":"pagehide","target_tagname":"wizardpage","target_id":"bridges"}
INST eac22ca968aee428 2016-03-28T23:23:07.300Z {"type":"pageadvanced","target_tagname":"wizardpage","target_id":"bridges"}
INST eac22ca968aee428 2016-03-28T23:23:07.300Z {"type":"wizardnext","target_tagname":"wizard","target_id":"TorNetworkSettings"}
INST eac22ca968aee428 2016-03-28T23:23:07.300Z {"type":"pageshow","target_tagname":"wizardpage","target_id":"proxy"}
INST eac22ca968aee428 2016-03-28T23:23:07.300Z {"type":"command","target_tagname":"wizard","target_id":"TorNetworkSettings"}
INST eac22ca968aee428 2016-03-28T23:25:18.800Z {"type":"click","target_tagname":"radio","target_id":"proxyRadioYes","detail":1}
INST eac22ca968aee428 2016-03-28T23:25:18.800Z {"type":"command","target_tagname":"radio","target_id":"proxyRadioYes"}
INST eac22ca968aee428 2016-03-28T23:25:21.900Z {"type":"click","target_tagname":"wizard","target_id":"TorNetworkSettings","detail":1}
INST eac22ca968aee428 2016-03-28T23:25:21.900Z {"type":"pagehide","target_tagname":"wizardpage","target_id":"proxy"}
INST eac22ca968aee428 2016-03-28T23:25:21.900Z {"type":"pageadvanced","target_tagname":"wizardpage","target_id":"proxy"}
INST eac22ca968aee428 2016-03-28T23:25:21.900Z {"type":"wizardnext","target_tagname":"wizard","target_id":"TorNetworkSettings"}
INST eac22ca968aee428 2016-03-28T23:25:21.900Z {"type":"pageshow","target_tagname":"wizardpage","target_id":"proxyYES"}
INST eac22ca968aee428 2016-03-28T23:25:21.900Z {"type":"command","target_tagname":"wizard","target_id":"TorNetworkSettings"}
INST eac22ca968aee428 2016-03-28T23:26:30.300Z {"type":"popupshown","target_tagname":"menupopup","target_id":"proxyType_menuPopup"}
INST eac22ca968aee428 2016-03-28T23:26:30.300Z {"type":"click","target_tagname":"menulist","target_id":"proxyType","value":"","detail":1}
INST eac22ca968aee428 2016-03-28T23:26:32.000Z {"type":"popuphidden","target_tagname":"menupopup","target_id":"proxyType_menuPopup"}
INST eac22ca968aee428 2016-03-28T23:26:54.600Z {"type":"click","target_tagname":"wizard","target_id":"TorNetworkSettings","detail":1}
INST eac22ca968aee428 2016-03-28T23:26:54.600Z {"type":"pagehide","target_tagname":"wizardpage","target_id":"proxyYES"}
INST eac22ca968aee428 2016-03-28T23:26:54.600Z {"type":"pagerewound","target_tagname":"wizardpage","target_id":"proxyYES"}
INST eac22ca968aee428 2016-03-28T23:26:54.600Z {"type":"wizardback","target_tagname":"wizard","target_id":"TorNetworkSettings"}
INST eac22ca968aee428 2016-03-28T23:26:54.600Z {"type":"pageshow","target_tagname":"wizardpage","target_id":"proxy"}
INST eac22ca968aee428 2016-03-28T23:26:54.600Z {"type":"command","target_tagname":"wizard","target_id":"TorNetworkSettings"}
INST eac22ca968aee428 2016-03-28T23:26:56.800Z {"type":"click","target_tagname":"radio","target_id":"proxyRadioNo","detail":1}
INST eac22ca968aee428 2016-03-28T23:26:56.800Z {"type":"command","target_tagname":"radio","target_id":"proxyRadioNo"}
INST eac22ca968aee428 2016-03-28T23:26:58.100Z {"type":"click","target_tagname":"wizard","target_id":"TorNetworkSettings","detail":1}
INST eac22ca968aee428 2016-03-28T23:26:58.100Z {"type":"pagehide","target_tagname":"wizardpage","target_id":"proxy"}
INST eac22ca968aee428 2016-03-28T23:26:58.100Z {"type":"pageadvanced","target_tagname":"wizardpage","target_id":"proxy"}
INST eac22ca968aee428 2016-03-28T23:26:58.100Z {"type":"wizardfinish","target_tagname":"wizard","target_id":"TorNetworkSettings"}
INST eac22ca968aee428 2016-03-28T23:26:58.200Z {"type":"load","target_id":"progress_bar"}
INST eac22ca968aee428 2016-03-28T23:26:58.800Z {"type":"progresschanged","target_tagname":"progressmeter","target_id":"progressMeter","value":"5"}
INST eac22ca968aee428 2016-03-28T23:31:42.800Z {"type":"click","detail":2}
INST eac22ca968aee428 2016-03-28T23:31:44.700Z {"type":"click","target_tagname":"dialog","target_id":"TorProgress","detail":1}
INST eac22ca968aee428 2016-03-28T23:31:44.700Z {"type":"dialogcancel","target_tagname":"dialog","target_id":"TorProgress"}
INST eac22ca968aee428 2016-03-28T23:31:44.700Z {"type":"command","target_tagname":"dialog","target_id":"TorProgress"}
INST eac22ca968aee428 2016-03-28T23:31:44.700Z {"type":"command","target_tagname":"wizard","target_id":"TorNetworkSettings"}
INST eac22ca968aee428 2016-03-28T23:31:46.100Z {"type":"click","target_tagname":"radio","target_id":"proxyRadioYes","detail":1}
INST eac22ca968aee428 2016-03-28T23:31:46.100Z {"type":"command","target_tagname":"radio","target_id":"proxyRadioYes"}
INST eac22ca968aee428 2016-03-28T23:31:46.900Z {"type":"click","target_tagname":"wizard","target_id":"TorNetworkSettings","detail":1}
INST eac22ca968aee428 2016-03-28T23:31:46.900Z {"type":"pagehide","target_tagname":"wizardpage","target_id":"proxy"}
INST eac22ca968aee428 2016-03-28T23:31:46.900Z {"type":"pageadvanced","target_tagname":"wizardpage","target_id":"proxy"}
INST eac22ca968aee428 2016-03-28T23:31:46.900Z {"type":"wizardnext","target_tagname":"wizard","target_id":"TorNetworkSettings"}
INST eac22ca968aee428 2016-03-28T23:31:46.900Z {"type":"pageshow","target_tagname":"wizardpage","target_id":"proxyYES"}
INST eac22ca968aee428 2016-03-28T23:31:46.900Z {"type":"command","target_tagname":"wizard","target_id":"TorNetworkSettings"}
INST eac22ca968aee428 2016-03-28T23:31:48.100Z {"type":"popupshown","target_tagname":"menupopup","target_id":"proxyType_menuPopup"}
INST eac22ca968aee428 2016-03-28T23:31:48.200Z {"type":"click","target_tagname":"menulist","target_id":"proxyType","value":"","detail":1}
INST eac22ca968aee428 2016-03-28T23:31:48.600Z {"type":"mouseover","target_tagname":"menuitem","target_id":"","value":""}
INST eac22ca968aee428 2016-03-28T23:31:48.700Z {"type":"mouseout","target_tagname":"menuitem","target_id":"","value":""}
INST eac22ca968aee428 2016-03-28T23:31:48.700Z {"type":"mouseover","target_tagname":"menuitem","target_id":"","value":"SOCKS4"}
INST eac22ca968aee428 2016-03-28T23:31:48.700Z {"type":"mouseout","target_tagname":"menuitem","target_id":"","value":"SOCKS4"}
INST eac22ca968aee428 2016-03-28T23:31:48.700Z {"type":"mouseover","target_tagname":"menuitem","target_id":"","value":"SOCKS5"}
INST eac22ca968aee428 2016-03-28T23:31:48.900Z {"type":"mouseout","target_tagname":"menuitem","target_id":"","value":"SOCKS5"}
INST eac22ca968aee428 2016-03-28T23:31:48.900Z {"type":"mouseover","target_tagname":"menuitem","target_id":"","value":"HTTP"}
INST eac22ca968aee428 2016-03-28T23:31:49.300Z {"type":"click","target_tagname":"menuitem","target_id":"","value":"HTTP","detail":1}
INST eac22ca968aee428 2016-03-28T23:31:49.300Z {"type":"select","target_tagname":"menulist","target_id":"proxyType","value":"HTTP"}
INST eac22ca968aee428 2016-03-28T23:31:49.300Z {"type":"command","target_tagname":"menuitem","target_id":"","value":"HTTP"}
INST eac22ca968aee428 2016-03-28T23:31:49.300Z {"type":"popuphidden","target_tagname":"menupopup","target_id":"proxyType_menuPopup"}
INST eac22ca968aee428 2016-03-28T23:31:49.300Z {"type":"mouseout","target_tagname":"menuitem","target_id":"","value":"HTTP"}
INST eac22ca968aee428 2016-03-28T23:31:57.700Z {"type":"select","target_tagname":"textbox","target_id":"proxyAddr"}
INST eac22ca968aee428 2016-03-28T23:31:57.800Z {"type":"click","target_tagname":"textbox","target_id":"proxyAddr","detail":1}
INST eac22ca968aee428 2016-03-28T23:38:28.900Z {"type":"click","target_tagname":"wizard","target_id":"TorNetworkSettings","detail":1}
INST eac22ca968aee428 2016-03-28T23:38:28.900Z {"type":"pagehide","target_tagname":"wizardpage","target_id":"proxyYES"}
INST eac22ca968aee428 2016-03-28T23:38:28.900Z {"type":"pagerewound","target_tagname":"wizardpage","target_id":"proxyYES"}
INST eac22ca968aee428 2016-03-28T23:38:28.900Z {"type":"wizardback","target_tagname":"wizard","target_id":"TorNetworkSettings"}
INST eac22ca968aee428 2016-03-28T23:38:28.900Z {"type":"pageshow","target_tagname":"wizardpage","target_id":"proxy"}
INST eac22ca968aee428 2016-03-28T23:38:28.900Z {"type":"command","target_tagname":"wizard","target_id":"TorNetworkSettings"}
INST eac22ca968aee428 2016-03-28T23:38:29.900Z {"type":"click","target_tagname":"wizard","target_id":"TorNetworkSettings","detail":1}
INST eac22ca968aee428 2016-03-28T23:38:29.900Z {"type":"pagehide","target_tagname":"wizardpage","target_id":"proxy"}
INST eac22ca968aee428 2016-03-28T23:38:29.900Z {"type":"pagerewound","target_tagname":"wizardpage","target_id":"proxy"}
INST eac22ca968aee428 2016-03-28T23:38:29.900Z {"type":"wizardback","target_tagname":"wizard","target_id":"TorNetworkSettings"}
INST eac22ca968aee428 2016-03-28T23:38:29.900Z {"type":"pageshow","target_tagname":"wizardpage","target_id":"bridges"}
INST eac22ca968aee428 2016-03-28T23:38:29.900Z {"type":"command","target_tagname":"wizard","target_id":"TorNetworkSettings"}
INST eac22ca968aee428 2016-03-28T23:38:33.300Z {"type":"click","target_tagname":"radio","target_id":"bridgesRadioYes","detail":1}
INST eac22ca968aee428 2016-03-28T23:38:33.300Z {"type":"command","target_tagname":"radio","target_id":"bridgesRadioYes"}
INST eac22ca968aee428 2016-03-28T23:38:34.800Z {"type":"click","target_tagname":"wizard","target_id":"TorNetworkSettings","detail":1}
INST eac22ca968aee428 2016-03-28T23:38:34.800Z {"type":"pagehide","target_tagname":"wizardpage","target_id":"bridges"}
INST eac22ca968aee428 2016-03-28T23:38:34.800Z {"type":"pageadvanced","target_tagname":"wizardpage","target_id":"bridges"}
INST eac22ca968aee428 2016-03-28T23:38:34.800Z {"type":"wizardnext","target_tagname":"wizard","target_id":"TorNetworkSettings"}
INST eac22ca968aee428 2016-03-28T23:38:34.800Z {"type":"pageshow","target_tagname":"wizardpage","target_id":"bridgeSettings"}
INST eac22ca968aee428 2016-03-28T23:38:34.800Z {"type":"command","target_tagname":"wizard","target_id":"TorNetworkSettings"}
INST eac22ca968aee428 2016-03-28T23:38:46.100Z {"type":"click","target_tagname":"wizard","target_id":"TorNetworkSettings","detail":1}
INST eac22ca968aee428 2016-03-28T23:38:46.100Z {"type":"pagehide","target_tagname":"wizardpage","target_id":"bridgeSettings"}
INST eac22ca968aee428 2016-03-28T23:38:46.100Z {"type":"pageadvanced","target_tagname":"wizardpage","target_id":"bridgeSettings"}
INST eac22ca968aee428 2016-03-28T23:38:46.100Z {"type":"wizardnext","target_tagname":"wizard","target_id":"TorNetworkSettings"}
INST eac22ca968aee428 2016-03-28T23:38:46.200Z {"type":"pageshow","target_tagname":"wizardpage","target_id":"proxy"}
INST eac22ca968aee428 2016-03-28T23:38:46.200Z {"type":"command","target_tagname":"wizard","target_id":"TorNetworkSettings"}
INST eac22ca968aee428 2016-03-28T23:38:49.100Z {"type":"click","target_tagname":"radio","target_id":"proxyRadioNo","detail":1}
INST eac22ca968aee428 2016-03-28T23:38:49.100Z {"type":"command","target_tagname":"radio","target_id":"proxyRadioNo"}
INST eac22ca968aee428 2016-03-28T23:38:50.000Z {"type":"click","target_tagname":"wizard","target_id":"TorNetworkSettings","detail":1}
INST eac22ca968aee428 2016-03-28T23:38:50.000Z {"type":"pagehide","target_tagname":"wizardpage","target_id":"proxy"}
INST eac22ca968aee428 2016-03-28T23:38:50.000Z {"type":"pageadvanced","target_tagname":"wizardpage","target_id":"proxy"}
INST eac22ca968aee428 2016-03-28T23:38:50.000Z {"type":"wizardfinish","target_tagname":"wizard","target_id":"TorNetworkSettings"}
INST eac22ca968aee428 2016-03-28T23:38:50.100Z {"type":"load","target_id":"progress_bar"}
INST eac22ca968aee428 2016-03-28T23:38:56.800Z {"type":"progresschanged","target_tagname":"progressmeter","target_id":"progressMeter","value":"10"}
INST eac22ca968aee428 2016-03-28T23:40:38.500Z {"type":"click","target_tagname":"dialog","target_id":"TorProgress","detail":1}
INST eac22ca968aee428 2016-03-28T23:40:38.500Z {"type":"dialogcancel","target_tagname":"dialog","target_id":"TorProgress"}
INST eac22ca968aee428 2016-03-28T23:40:38.500Z {"type":"command","target_tagname":"dialog","target_id":"TorProgress"}
INST eac22ca968aee428 2016-03-28T23:40:38.500Z {"type":"command","target_tagname":"wizard","target_id":"TorNetworkSettings"}
INST eac22ca968aee428 2016-03-28T23:40:40.200Z {"type":"click","target_tagname":"wizard","target_id":"TorNetworkSettings","detail":1}
INST eac22ca968aee428 2016-03-28T23:40:40.200Z {"type":"pagehide","target_tagname":"wizardpage","target_id":"proxy"}
INST eac22ca968aee428 2016-03-28T23:40:40.200Z {"type":"pageadvanced","target_tagname":"wizardpage","target_id":"proxy"}
INST eac22ca968aee428 2016-03-28T23:40:40.200Z {"type":"wizardfinish","target_tagname":"wizard","target_id":"TorNetworkSettings"}
INST eac22ca968aee428 2016-03-28T23:40:40.300Z {"type":"load","target_id":"progress_bar"}
INST eac22ca968aee428 2016-03-28T23:41:38.600Z {"type":"click","target_tagname":"dialog","target_id":"TorProgress","detail":1}
INST eac22ca968aee428 2016-03-28T23:41:38.900Z {"type":"click","target_tagname":"dialog","target_id":"TorProgress","detail":1}
INST eac22ca968aee428 2016-03-28T23:41:38.900Z {"type":"dialogcancel","target_tagname":"dialog","target_id":"TorProgress"}
INST eac22ca968aee428 2016-03-28T23:41:38.900Z {"type":"command","target_tagname":"dialog","target_id":"TorProgress"}
INST eac22ca968aee428 2016-03-28T23:41:38.900Z {"type":"command","target_tagname":"wizard","target_id":"TorNetworkSettings"}
INST eac22ca968aee428 2016-03-28T23:41:40.700Z {"type":"click","target_tagname":"wizard","target_id":"TorNetworkSettings","detail":1}
INST eac22ca968aee428 2016-03-28T23:41:40.700Z {"type":"pagehide","target_tagname":"wizardpage","target_id":"proxy"}
INST eac22ca968aee428 2016-03-28T23:41:40.700Z {"type":"pagerewound","target_tagname":"wizardpage","target_id":"proxy"}
INST eac22ca968aee428 2016-03-28T23:41:40.700Z {"type":"wizardback","target_tagname":"wizard","target_id":"TorNetworkSettings"}
INST eac22ca968aee428 2016-03-28T23:41:40.700Z {"type":"pageshow","target_tagname":"wizardpage","target_id":"bridgeSettings"}
INST eac22ca968aee428 2016-03-28T23:41:40.700Z {"type":"command","target_tagname":"wizard","target_id":"TorNetworkSettings"}
INST eac22ca968aee428 2016-03-28T23:41:43.000Z {"type":"popupshown","target_tagname":"menupopup","target_id":"defaultBridgeType_menuPopup"}
INST eac22ca968aee428 2016-03-28T23:41:43.100Z {"type":"click","target_tagname":"menulist","target_id":"defaultBridgeType","value":"obfs3","detail":1}
INST eac22ca968aee428 2016-03-28T23:41:46.700Z {"type":"mouseover","target_tagname":"menuitem","target_id":"","value":"flashproxy"}
INST eac22ca968aee428 2016-03-28T23:41:47.000Z {"type":"click","target_tagname":"menuitem","target_id":"","value":"flashproxy","detail":1}
INST eac22ca968aee428 2016-03-28T23:41:47.000Z {"type":"select","target_tagname":"menulist","target_id":"defaultBridgeType","value":"flashproxy"}
INST eac22ca968aee428 2016-03-28T23:41:47.000Z {"type":"command","target_tagname":"menuitem","target_id":"","value":"flashproxy"}
INST eac22ca968aee428 2016-03-28T23:41:47.000Z {"type":"popuphidden","target_tagname":"menupopup","target_id":"defaultBridgeType_menuPopup"}
INST eac22ca968aee428 2016-03-28T23:41:47.100Z {"type":"mouseout","target_tagname":"menuitem","target_id":"","value":"flashproxy"}
INST eac22ca968aee428 2016-03-28T23:41:47.900Z {"type":"click","target_tagname":"wizard","target_id":"TorNetworkSettings","detail":1}
INST eac22ca968aee428 2016-03-28T23:41:47.900Z {"type":"pagehide","target_tagname":"wizardpage","target_id":"bridgeSettings"}
INST eac22ca968aee428 2016-03-28T23:41:47.900Z {"type":"pageadvanced","target_tagname":"wizardpage","target_id":"bridgeSettings"}
INST eac22ca968aee428 2016-03-28T23:41:47.900Z {"type":"wizardnext","target_tagname":"wizard","target_id":"TorNetworkSettings"}
INST eac22ca968aee428 2016-03-28T23:41:47.900Z {"type":"pageshow","target_tagname":"wizardpage","target_id":"proxy"}
INST eac22ca968aee428 2016-03-28T23:41:47.900Z {"type":"command","target_tagname":"wizard","target_id":"TorNetworkSettings"}
INST eac22ca968aee428 2016-03-28T23:41:49.000Z {"type":"click","target_tagname":"wizard","target_id":"TorNetworkSettings","detail":1}
INST eac22ca968aee428 2016-03-28T23:41:49.000Z {"type":"pagehide","target_tagname":"wizardpage","target_id":"proxy"}
INST eac22ca968aee428 2016-03-28T23:41:49.000Z {"type":"pageadvanced","target_tagname":"wizardpage","target_id":"proxy"}
INST eac22ca968aee428 2016-03-28T23:41:49.000Z {"type":"wizardfinish","target_tagname":"wizard","target_id":"TorNetworkSettings"}
INST eac22ca968aee428 2016-03-28T23:41:49.200Z {"type":"load","target_id":"progress_bar"}
INST eac22ca968aee428 2016-03-28T23:42:19.800Z {"type":"click","target_tagname":"dialog","target_id":"TorProgress","detail":1}
INST eac22ca968aee428 2016-03-28T23:42:19.800Z {"type":"dialogcancel","target_tagname":"dialog","target_id":"TorProgress"}
INST eac22ca968aee428 2016-03-28T23:42:19.800Z {"type":"command","target_tagname":"dialog","target_id":"TorProgress"}
INST eac22ca968aee428 2016-03-28T23:42:19.800Z {"type":"alert_show","target_id":"tor_bootstrap_failed","value":"Tor failed to establish a Tor network connection.\n\nEstablishing an encrypted directory connection failed (done - 0.0.1.0:1)."}
INST eac22ca968aee428 2016-03-28T23:42:24.400Z {"type":"alert_exit","target_id":"tor_bootstrap_failed","value":"Tor failed to establish a Tor network connection.\n\nEstablishing an encrypted directory connection failed (done - 0.0.1.0:1)."}
INST eac22ca968aee428 2016-03-28T23:42:24.400Z {"type":"command","target_tagname":"wizard","target_id":"TorNetworkSettings"}
INST eac22ca968aee428 2016-03-28T23:42:25.200Z {"type":"click","target_tagname":"wizard","target_id":"TorNetworkSettings","detail":1}
INST eac22ca968aee428 2016-03-28T23:42:25.200Z {"type":"pagehide","target_tagname":"wizardpage","target_id":"proxy"}
INST eac22ca968aee428 2016-03-28T23:42:25.200Z {"type":"pagerewound","target_tagname":"wizardpage","target_id":"proxy"}
INST eac22ca968aee428 2016-03-28T23:42:25.200Z {"type":"wizardback","target_tagname":"wizard","target_id":"TorNetworkSettings"}
INST eac22ca968aee428 2016-03-28T23:42:25.200Z {"type":"pageshow","target_tagname":"wizardpage","target_id":"bridgeSettings"}
INST eac22ca968aee428 2016-03-28T23:42:25.200Z {"type":"command","target_tagname":"wizard","target_id":"TorNetworkSettings"}
INST eac22ca968aee428 2016-03-28T23:42:26.400Z {"type":"popupshown","target_tagname":"menupopup","target_id":"defaultBridgeType_menuPopup"}
INST eac22ca968aee428 2016-03-28T23:42:26.500Z {"type":"click","target_tagname":"menulist","target_id":"defaultBridgeType","value":"flashproxy","detail":1}
INST eac22ca968aee428 2016-03-28T23:42:34.500Z {"type":"mouseover","target_tagname":"menuitem","target_id":"","value":"flashproxy"}
INST eac22ca968aee428 2016-03-28T23:42:34.700Z {"type":"mouseout","target_tagname":"menuitem","target_id":"","value":"flashproxy"}
INST eac22ca968aee428 2016-03-28T23:42:34.700Z {"type":"mouseover","target_tagname":"menuitem","target_id":"","value":"fte"}
INST eac22ca968aee428 2016-03-28T23:42:35.600Z {"type":"click","target_tagname":"menuitem","target_id":"","value":"fte","detail":1}
INST eac22ca968aee428 2016-03-28T23:42:35.600Z {"type":"select","target_tagname":"menulist","target_id":"defaultBridgeType","value":"fte"}
INST eac22ca968aee428 2016-03-28T23:42:35.600Z {"type":"command","target_tagname":"menuitem","target_id":"","value":"fte"}
INST eac22ca968aee428 2016-03-28T23:42:35.600Z {"type":"popuphidden","target_tagname":"menupopup","target_id":"defaultBridgeType_menuPopup"}
INST eac22ca968aee428 2016-03-28T23:42:35.600Z {"type":"mouseout","target_tagname":"menuitem","target_id":"","value":"fte"}
INST eac22ca968aee428 2016-03-28T23:42:40.800Z {"type":"click","target_tagname":"wizard","target_id":"TorNetworkSettings","detail":1}
INST eac22ca968aee428 2016-03-28T23:42:40.800Z {"type":"pagehide","target_tagname":"wizardpage","target_id":"bridgeSettings"}
INST eac22ca968aee428 2016-03-28T23:42:40.800Z {"type":"pageadvanced","target_tagname":"wizardpage","target_id":"bridgeSettings"}
INST eac22ca968aee428 2016-03-28T23:42:40.800Z {"type":"wizardnext","target_tagname":"wizard","target_id":"TorNetworkSettings"}
INST eac22ca968aee428 2016-03-28T23:42:40.800Z {"type":"pageshow","target_tagname":"wizardpage","target_id":"proxy"}
INST eac22ca968aee428 2016-03-28T23:42:40.800Z {"type":"command","target_tagname":"wizard","target_id":"TorNetworkSettings"}
INST eac22ca968aee428 2016-03-28T23:42:41.900Z {"type":"click","target_tagname":"wizard","target_id":"TorNetworkSettings","detail":1}
INST eac22ca968aee428 2016-03-28T23:42:41.900Z {"type":"pagehide","target_tagname":"wizardpage","target_id":"proxy"}
INST eac22ca968aee428 2016-03-28T23:42:41.900Z {"type":"pageadvanced","target_tagname":"wizardpage","target_id":"proxy"}
INST eac22ca968aee428 2016-03-28T23:42:41.900Z {"type":"wizardfinish","target_tagname":"wizard","target_id":"TorNetworkSettings"}
INST eac22ca968aee428 2016-03-28T23:42:42.000Z {"type":"load","target_id":"progress_bar"}
INST eac22ca968aee428 2016-03-28T23:43:31.300Z {"type":"click","target_tagname":"dialog","target_id":"TorProgress","detail":1}
INST eac22ca968aee428 2016-03-28T23:43:31.300Z {"type":"dialogcancel","target_tagname":"dialog","target_id":"TorProgress"}
INST eac22ca968aee428 2016-03-28T23:43:31.300Z {"type":"command","target_tagname":"dialog","target_id":"TorProgress"}
INST eac22ca968aee428 2016-03-28T23:43:31.300Z {"type":"command","target_tagname":"wizard","target_id":"TorNetworkSettings"}
INST eac22ca968aee428 2016-03-28T23:43:32.500Z {"type":"click","target_tagname":"wizard","target_id":"TorNetworkSettings","detail":1}
INST eac22ca968aee428 2016-03-28T23:43:32.500Z {"type":"pagehide","target_tagname":"wizardpage","target_id":"proxy"}
INST eac22ca968aee428 2016-03-28T23:43:32.500Z {"type":"pagerewound","target_tagname":"wizardpage","target_id":"proxy"}
INST eac22ca968aee428 2016-03-28T23:43:32.500Z {"type":"wizardback","target_tagname":"wizard","target_id":"TorNetworkSettings"}
INST eac22ca968aee428 2016-03-28T23:43:32.500Z {"type":"pageshow","target_tagname":"wizardpage","target_id":"bridgeSettings"}
INST eac22ca968aee428 2016-03-28T23:43:32.500Z {"type":"command","target_tagname":"wizard","target_id":"TorNetworkSettings"}
INST eac22ca968aee428 2016-03-28T23:43:33.300Z {"type":"popupshown","target_tagname":"menupopup","target_id":"defaultBridgeType_menuPopup"}
INST eac22ca968aee428 2016-03-28T23:43:33.300Z {"type":"click","target_tagname":"menulist","target_id":"defaultBridgeType","value":"fte","detail":1}
INST eac22ca968aee428 2016-03-28T23:43:33.700Z {"type":"mouseover","target_tagname":"menuitem","target_id":"","value":"flashproxy"}
INST eac22ca968aee428 2016-03-28T23:43:33.800Z {"type":"mouseout","target_tagname":"menuitem","target_id":"","value":"flashproxy"}
INST eac22ca968aee428 2016-03-28T23:43:33.800Z {"type":"mouseover","target_tagname":"menuitem","target_id":"","value":"fte"}
INST eac22ca968aee428 2016-03-28T23:43:34.000Z {"type":"mouseout","target_tagname":"menuitem","target_id":"","value":"fte"}
INST eac22ca968aee428 2016-03-28T23:43:34.000Z {"type":"mouseover","target_tagname":"menuitem","target_id":"","value":"fte-ipv6"}
INST eac22ca968aee428 2016-03-28T23:43:34.400Z {"type":"click","target_tagname":"menuitem","target_id":"","value":"fte-ipv6","detail":1}
INST eac22ca968aee428 2016-03-28T23:43:34.400Z {"type":"select","target_tagname":"menulist","target_id":"defaultBridgeType","value":"fte-ipv6"}
INST eac22ca968aee428 2016-03-28T23:43:34.400Z {"type":"command","target_tagname":"menuitem","target_id":"","value":"fte-ipv6"}
INST eac22ca968aee428 2016-03-28T23:43:34.400Z {"type":"popuphidden","target_tagname":"menupopup","target_id":"defaultBridgeType_menuPopup"}
INST eac22ca968aee428 2016-03-28T23:43:34.400Z {"type":"mouseout","target_tagname":"menuitem","target_id":"","value":"fte-ipv6"}
INST eac22ca968aee428 2016-03-28T23:43:35.300Z {"type":"click","target_tagname":"wizard","target_id":"TorNetworkSettings","detail":1}
INST eac22ca968aee428 2016-03-28T23:43:35.300Z {"type":"pagehide","target_tagname":"wizardpage","target_id":"bridgeSettings"}
INST eac22ca968aee428 2016-03-28T23:43:35.300Z {"type":"pageadvanced","target_tagname":"wizardpage","target_id":"bridgeSettings"}
INST eac22ca968aee428 2016-03-28T23:43:35.300Z {"type":"wizardnext","target_tagname":"wizard","target_id":"TorNetworkSettings"}
INST eac22ca968aee428 2016-03-28T23:43:35.300Z {"type":"pageshow","target_tagname":"wizardpage","target_id":"proxy"}
INST eac22ca968aee428 2016-03-28T23:43:35.300Z {"type":"command","target_tagname":"wizard","target_id":"TorNetworkSettings"}
INST eac22ca968aee428 2016-03-28T23:43:36.000Z {"type":"click","target_tagname":"wizard","target_id":"TorNetworkSettings","detail":1}
INST eac22ca968aee428 2016-03-28T23:43:36.000Z {"type":"pagehide","target_tagname":"wizardpage","target_id":"proxy"}
INST eac22ca968aee428 2016-03-28T23:43:36.000Z {"type":"pageadvanced","target_tagname":"wizardpage","target_id":"proxy"}
INST eac22ca968aee428 2016-03-28T23:43:36.000Z {"type":"wizardfinish","target_tagname":"wizard","target_id":"TorNetworkSettings"}
INST eac22ca968aee428 2016-03-28T23:43:36.100Z {"type":"load","target_id":"progress_bar"}
INST eac22ca968aee428 2016-03-28T23:44:03.500Z {"type":"click","target_tagname":"dialog","target_id":"TorProgress","detail":1}
INST eac22ca968aee428 2016-03-28T23:44:03.500Z {"type":"dialogcancel","target_tagname":"dialog","target_id":"TorProgress"}
INST eac22ca968aee428 2016-03-28T23:44:03.500Z {"type":"command","target_tagname":"dialog","target_id":"TorProgress"}
INST eac22ca968aee428 2016-03-28T23:44:03.500Z {"type":"command","target_tagname":"wizard","target_id":"TorNetworkSettings"}
INST eac22ca968aee428 2016-03-28T23:44:04.500Z {"type":"click","target_tagname":"wizard","target_id":"TorNetworkSettings","detail":1}
INST eac22ca968aee428 2016-03-28T23:44:04.500Z {"type":"pagehide","target_tagname":"wizardpage","target_id":"proxy"}
INST eac22ca968aee428 2016-03-28T23:44:04.500Z {"type":"pagerewound","target_tagname":"wizardpage","target_id":"proxy"}
INST eac22ca968aee428 2016-03-28T23:44:04.500Z {"type":"wizardback","target_tagname":"wizard","target_id":"TorNetworkSettings"}
INST eac22ca968aee428 2016-03-28T23:44:04.500Z {"type":"pageshow","target_tagname":"wizardpage","target_id":"bridgeSettings"}
INST eac22ca968aee428 2016-03-28T23:44:04.500Z {"type":"command","target_tagname":"wizard","target_id":"TorNetworkSettings"}
INST eac22ca968aee428 2016-03-28T23:44:05.400Z {"type":"popupshown","target_tagname":"menupopup","target_id":"defaultBridgeType_menuPopup"}
INST eac22ca968aee428 2016-03-28T23:44:05.500Z {"type":"click","target_tagname":"menulist","target_id":"defaultBridgeType","value":"fte-ipv6","detail":1}
INST eac22ca968aee428 2016-03-28T23:44:05.900Z {"type":"mouseover","target_tagname":"menuitem","target_id":"","value":"flashproxy"}
INST eac22ca968aee428 2016-03-28T23:44:05.900Z {"type":"mouseout","target_tagname":"menuitem","target_id":"","value":"flashproxy"}
INST eac22ca968aee428 2016-03-28T23:44:05.900Z {"type":"mouseover","target_tagname":"menuitem","target_id":"","value":"fte"}
INST eac22ca968aee428 2016-03-28T23:44:06.000Z {"type":"mouseout","target_tagname":"menuitem","target_id":"","value":"fte"}
INST eac22ca968aee428 2016-03-28T23:44:06.000Z {"type":"mouseover","target_tagname":"menuitem","target_id":"","value":"fte-ipv6"}
INST eac22ca968aee428 2016-03-28T23:44:06.200Z {"type":"mouseout","target_tagname":"menuitem","target_id":"","value":"fte-ipv6"}
INST eac22ca968aee428 2016-03-28T23:44:06.200Z {"type":"mouseover","target_tagname":"menuitem","target_id":"","value":"meek-amazon"}
INST eac22ca968aee428 2016-03-28T23:44:06.500Z {"type":"click","target_tagname":"menuitem","target_id":"","value":"meek-amazon","detail":1}
INST eac22ca968aee428 2016-03-28T23:44:06.500Z {"type":"select","target_tagname":"menulist","target_id":"defaultBridgeType","value":"meek-amazon"}
INST eac22ca968aee428 2016-03-28T23:44:06.500Z {"type":"command","target_tagname":"menuitem","target_id":"","value":"meek-amazon"}
INST eac22ca968aee428 2016-03-28T23:44:06.500Z {"type":"popuphidden","target_tagname":"menupopup","target_id":"defaultBridgeType_menuPopup"}
INST eac22ca968aee428 2016-03-28T23:44:06.500Z {"type":"mouseout","target_tagname":"menuitem","target_id":"","value":"meek-amazon"}
INST eac22ca968aee428 2016-03-28T23:44:07.400Z {"type":"click","target_tagname":"wizard","target_id":"TorNetworkSettings","detail":1}
INST eac22ca968aee428 2016-03-28T23:44:07.400Z {"type":"pagehide","target_tagname":"wizardpage","target_id":"bridgeSettings"}
INST eac22ca968aee428 2016-03-28T23:44:07.400Z {"type":"pageadvanced","target_tagname":"wizardpage","target_id":"bridgeSettings"}
INST eac22ca968aee428 2016-03-28T23:44:07.400Z {"type":"wizardnext","target_tagname":"wizard","target_id":"TorNetworkSettings"}
INST eac22ca968aee428 2016-03-28T23:44:07.400Z {"type":"pageshow","target_tagname":"wizardpage","target_id":"proxy"}
INST eac22ca968aee428 2016-03-28T23:44:07.400Z {"type":"command","target_tagname":"wizard","target_id":"TorNetworkSettings"}
INST eac22ca968aee428 2016-03-28T23:44:08.200Z {"type":"click","target_tagname":"wizard","target_id":"TorNetworkSettings","detail":1}
INST eac22ca968aee428 2016-03-28T23:44:08.200Z {"type":"pagehide","target_tagname":"wizardpage","target_id":"proxy"}
INST eac22ca968aee428 2016-03-28T23:44:08.200Z {"type":"pageadvanced","target_tagname":"wizardpage","target_id":"proxy"}
INST eac22ca968aee428 2016-03-28T23:44:08.200Z {"type":"wizardfinish","target_tagname":"wizard","target_id":"TorNetworkSettings"}
INST eac22ca968aee428 2016-03-28T23:44:08.300Z {"type":"load","target_id":"progress_bar"}
INST eac22ca968aee428 2016-03-28T23:44:14.300Z {"type":"progresschanged","target_tagname":"progressmeter","target_id":"progressMeter","value":"15"}
INST eac22ca968aee428 2016-03-28T23:44:14.600Z {"type":"progresschanged","target_tagname":"progressmeter","target_id":"progressMeter","value":"20"}
INST eac22ca968aee428 2016-03-28T23:44:15.600Z {"type":"progresschanged","target_tagname":"progressmeter","target_id":"progressMeter","value":"25"}
INST eac22ca968aee428 2016-03-28T23:44:22.900Z {"type":"progresschanged","target_tagname":"progressmeter","target_id":"progressMeter","value":"40"}
INST eac22ca968aee428 2016-03-28T23:44:23.700Z {"type":"progresschanged","target_tagname":"progressmeter","target_id":"progressMeter","value":"45"}
INST eac22ca968aee428 2016-03-28T23:44:23.900Z {"type":"progresschanged","target_tagname":"progressmeter","target_id":"progressMeter","value":"50"}
INST eac22ca968aee428 2016-03-28T23:44:36.300Z {"type":"progresschanged","target_tagname":"progressmeter","target_id":"progressMeter","value":"50"}
INST eac22ca968aee428 2016-03-28T23:44:38.900Z {"type":"progresschanged","target_tagname":"progressmeter","target_id":"progressMeter","value":"50"}
INST eac22ca968aee428 2016-03-28T23:44:38.900Z {"type":"progresschanged","target_tagname":"progressmeter","target_id":"progressMeter","value":"54"}
INST eac22ca968aee428 2016-03-28T23:44:38.900Z {"type":"progresschanged","target_tagname":"progressmeter","target_id":"progressMeter","value":"54"}
INST eac22ca968aee428 2016-03-28T23:44:38.900Z {"type":"progresschanged","target_tagname":"progressmeter","target_id":"progressMeter","value":"59"}
INST eac22ca968aee428 2016-03-28T23:44:38.900Z {"type":"progresschanged","target_tagname":"progressmeter","target_id":"progressMeter","value":"63"}
INST eac22ca968aee428 2016-03-28T23:44:38.900Z {"type":"progresschanged","target_tagname":"progressmeter","target_id":"progressMeter","value":"68"}
INST eac22ca968aee428 2016-03-28T23:44:38.900Z {"type":"progresschanged","target_tagname":"progressmeter","target_id":"progressMeter","value":"72"}
INST eac22ca968aee428 2016-03-28T23:44:38.900Z {"type":"progresschanged","target_tagname":"progressmeter","target_id":"progressMeter","value":"80"}
INST eac22ca968aee428 2016-03-28T23:44:38.900Z {"type":"progresschanged","target_tagname":"progressmeter","target_id":"progressMeter","value":"90"}
INST eac22ca968aee428 2016-03-28T23:44:40.000Z {"type":"progresschanged","target_tagname":"progressmeter","target_id":"progressMeter","value":"100"}
INST eac22ca968aee428 2016-03-28T23:44:40.300Z {"type":"unload","target_id":"progress_bar"}
INST eac22ca968aee428 2016-03-28T23:44:40.300Z {"type":"command","target_tagname":"wizard","target_id":"TorNetworkSettings"}
INST eac22ca968aee428 2016-03-28T23:44:40.300Z {"type":"unload","target_id":"configuration"}
