INST 8e6b801a80e6abfd 2016-03-31T23:09:36.700Z {"type":"start"}
INST 8e6b801a80e6abfd 2016-03-31T23:09:38.900Z {"type":"select","target_tagname":"menulist","target_id":"proxyType","value":""}
INST 8e6b801a80e6abfd 2016-03-31T23:09:38.900Z {"type":"wizardnext","target_tagname":"wizard","target_id":"TorNetworkSettings"}
INST 8e6b801a80e6abfd 2016-03-31T23:09:38.900Z {"type":"pageshow","target_tagname":"wizardpage","target_id":"first"}
INST 8e6b801a80e6abfd 2016-03-31T23:09:39.000Z {"type":"load","target_id":"configuration"}
INST 8e6b801a80e6abfd 2016-03-31T23:09:39.000Z {"type":"select","target_tagname":"menulist","target_id":"defaultBridgeType","value":"obfs3"}
INST 8e6b801a80e6abfd 2016-03-31T23:09:57.500Z {"type":"click","target_tagname":"button","target_id":"connect_button","detail":1}
INST 8e6b801a80e6abfd 2016-03-31T23:09:57.600Z {"type":"load","target_id":"progress_bar"}
INST 8e6b801a80e6abfd 2016-03-31T23:09:58.000Z {"type":"progresschanged","target_tagname":"progressmeter","target_id":"progressMeter","value":"5"}
INST 8e6b801a80e6abfd 2016-03-31T23:09:58.000Z {"type":"progresschanged","target_tagname":"progressmeter","target_id":"progressMeter","value":"5"}
INST 8e6b801a80e6abfd 2016-03-31T23:09:58.000Z {"type":"progresschanged","target_tagname":"progressmeter","target_id":"progressMeter","value":"5"}
INST 8e6b801a80e6abfd 2016-03-31T23:10:59.000Z {"type":"progresschanged","target_tagname":"progressmeter","target_id":"progressMeter","value":"5"}
INST 8e6b801a80e6abfd 2016-03-31T23:12:29.500Z {"type":"click","target_tagname":"dialog","target_id":"TorProgress","detail":1}
INST 8e6b801a80e6abfd 2016-03-31T23:12:29.500Z {"type":"dialogcancel","target_tagname":"dialog","target_id":"TorProgress"}
INST 8e6b801a80e6abfd 2016-03-31T23:12:29.500Z {"type":"command","target_tagname":"dialog","target_id":"TorProgress"}
INST 8e6b801a80e6abfd 2016-03-31T23:12:29.500Z {"type":"command","target_tagname":"button","target_id":"connect_button"}
INST 8e6b801a80e6abfd 2016-03-31T23:12:30.500Z {"type":"click","target_tagname":"button","target_id":"configure_button","detail":1}
INST 8e6b801a80e6abfd 2016-03-31T23:12:30.500Z {"type":"pagehide","target_tagname":"wizardpage","target_id":"first"}
INST 8e6b801a80e6abfd 2016-03-31T23:12:30.500Z {"type":"pageadvanced","target_tagname":"wizardpage","target_id":"first"}
INST 8e6b801a80e6abfd 2016-03-31T23:12:30.500Z {"type":"wizardnext","target_tagname":"wizard","target_id":"TorNetworkSettings"}
INST 8e6b801a80e6abfd 2016-03-31T23:12:30.500Z {"type":"pageshow","target_tagname":"wizardpage","target_id":"bridges"}
INST 8e6b801a80e6abfd 2016-03-31T23:12:30.500Z {"type":"command","target_tagname":"button","target_id":"configure_button"}
INST 8e6b801a80e6abfd 2016-03-31T23:12:34.000Z {"type":"click","target_tagname":"radio","target_id":"bridgesRadioYes","detail":1}
INST 8e6b801a80e6abfd 2016-03-31T23:12:34.000Z {"type":"command","target_tagname":"radio","target_id":"bridgesRadioYes"}
INST 8e6b801a80e6abfd 2016-03-31T23:12:35.900Z {"type":"click","target_tagname":"wizard","target_id":"TorNetworkSettings","detail":1}
INST 8e6b801a80e6abfd 2016-03-31T23:12:35.900Z {"type":"pagehide","target_tagname":"wizardpage","target_id":"bridges"}
INST 8e6b801a80e6abfd 2016-03-31T23:12:35.900Z {"type":"pageadvanced","target_tagname":"wizardpage","target_id":"bridges"}
INST 8e6b801a80e6abfd 2016-03-31T23:12:35.900Z {"type":"wizardnext","target_tagname":"wizard","target_id":"TorNetworkSettings"}
INST 8e6b801a80e6abfd 2016-03-31T23:12:35.900Z {"type":"pageshow","target_tagname":"wizardpage","target_id":"bridgeSettings"}
INST 8e6b801a80e6abfd 2016-03-31T23:12:35.900Z {"type":"command","target_tagname":"wizard","target_id":"TorNetworkSettings"}
INST 8e6b801a80e6abfd 2016-03-31T23:12:38.500Z {"type":"click","target_tagname":"wizard","target_id":"TorNetworkSettings","detail":1}
INST 8e6b801a80e6abfd 2016-03-31T23:12:38.500Z {"type":"pagehide","target_tagname":"wizardpage","target_id":"bridgeSettings"}
INST 8e6b801a80e6abfd 2016-03-31T23:12:38.500Z {"type":"pageadvanced","target_tagname":"wizardpage","target_id":"bridgeSettings"}
INST 8e6b801a80e6abfd 2016-03-31T23:12:38.500Z {"type":"wizardnext","target_tagname":"wizard","target_id":"TorNetworkSettings"}
INST 8e6b801a80e6abfd 2016-03-31T23:12:38.500Z {"type":"pageshow","target_tagname":"wizardpage","target_id":"proxy"}
INST 8e6b801a80e6abfd 2016-03-31T23:12:38.500Z {"type":"command","target_tagname":"wizard","target_id":"TorNetworkSettings"}
INST 8e6b801a80e6abfd 2016-03-31T23:12:43.900Z {"type":"click","target_tagname":"radio","target_id":"proxyRadioYes","detail":1}
INST 8e6b801a80e6abfd 2016-03-31T23:12:43.900Z {"type":"command","target_tagname":"radio","target_id":"proxyRadioYes"}
INST 8e6b801a80e6abfd 2016-03-31T23:12:47.500Z {"type":"click","target_tagname":"radio","target_id":"proxyRadioNo","detail":1}
INST 8e6b801a80e6abfd 2016-03-31T23:12:47.500Z {"type":"command","target_tagname":"radio","target_id":"proxyRadioNo"}
INST 8e6b801a80e6abfd 2016-03-31T23:12:49.100Z {"type":"click","target_tagname":"wizard","target_id":"TorNetworkSettings","detail":1}
INST 8e6b801a80e6abfd 2016-03-31T23:12:49.100Z {"type":"pagehide","target_tagname":"wizardpage","target_id":"proxy"}
INST 8e6b801a80e6abfd 2016-03-31T23:12:49.100Z {"type":"pageadvanced","target_tagname":"wizardpage","target_id":"proxy"}
INST 8e6b801a80e6abfd 2016-03-31T23:12:49.100Z {"type":"wizardfinish","target_tagname":"wizard","target_id":"TorNetworkSettings"}
INST 8e6b801a80e6abfd 2016-03-31T23:12:49.200Z {"type":"load","target_id":"progress_bar"}
INST 8e6b801a80e6abfd 2016-03-31T23:12:56.000Z {"type":"progresschanged","target_tagname":"progressmeter","target_id":"progressMeter","value":"10"}
INST 8e6b801a80e6abfd 2016-03-31T23:15:56.700Z {"type":"click","target_tagname":"dialog","target_id":"TorProgress","detail":1}
INST 8e6b801a80e6abfd 2016-03-31T23:15:56.700Z {"type":"dialogcancel","target_tagname":"dialog","target_id":"TorProgress"}
INST 8e6b801a80e6abfd 2016-03-31T23:15:56.700Z {"type":"command","target_tagname":"dialog","target_id":"TorProgress"}
INST 8e6b801a80e6abfd 2016-03-31T23:15:56.800Z {"type":"command","target_tagname":"wizard","target_id":"TorNetworkSettings"}
INST 8e6b801a80e6abfd 2016-03-31T23:15:57.900Z {"type":"click","target_tagname":"radio","target_id":"proxyRadioYes","detail":1}
INST 8e6b801a80e6abfd 2016-03-31T23:15:57.900Z {"type":"command","target_tagname":"radio","target_id":"proxyRadioYes"}
INST 8e6b801a80e6abfd 2016-03-31T23:15:59.100Z {"type":"click","target_tagname":"wizard","target_id":"TorNetworkSettings","detail":1}
INST 8e6b801a80e6abfd 2016-03-31T23:15:59.100Z {"type":"pagehide","target_tagname":"wizardpage","target_id":"proxy"}
INST 8e6b801a80e6abfd 2016-03-31T23:15:59.100Z {"type":"pageadvanced","target_tagname":"wizardpage","target_id":"proxy"}
INST 8e6b801a80e6abfd 2016-03-31T23:15:59.100Z {"type":"wizardnext","target_tagname":"wizard","target_id":"TorNetworkSettings"}
INST 8e6b801a80e6abfd 2016-03-31T23:15:59.100Z {"type":"pageshow","target_tagname":"wizardpage","target_id":"proxyYES"}
INST 8e6b801a80e6abfd 2016-03-31T23:15:59.100Z {"type":"command","target_tagname":"wizard","target_id":"TorNetworkSettings"}
INST 8e6b801a80e6abfd 2016-03-31T23:16:00.400Z {"type":"click","target_tagname":"wizard","target_id":"TorNetworkSettings","detail":1}
INST 8e6b801a80e6abfd 2016-03-31T23:16:00.400Z {"type":"pagehide","target_tagname":"wizardpage","target_id":"proxyYES"}
INST 8e6b801a80e6abfd 2016-03-31T23:16:00.400Z {"type":"pageadvanced","target_tagname":"wizardpage","target_id":"proxyYES"}
INST 8e6b801a80e6abfd 2016-03-31T23:16:00.500Z {"type":"alert_show","target_id":"failed_to_save_settings","value":"Unable to save Tor settings.\n\nYou must specify both an IP address or hostname and a port number to configure Tor to use a proxy to access the Internet."}
INST 8e6b801a80e6abfd 2016-03-31T23:16:02.200Z {"type":"alert_exit","target_id":"failed_to_save_settings","value":"Unable to save Tor settings.\n\nYou must specify both an IP address or hostname and a port number to configure Tor to use a proxy to access the Internet."}
INST 8e6b801a80e6abfd 2016-03-31T23:16:02.200Z {"type":"command","target_tagname":"wizard","target_id":"TorNetworkSettings"}
INST 8e6b801a80e6abfd 2016-03-31T23:16:03.900Z {"type":"click","target_tagname":"wizard","target_id":"TorNetworkSettings","detail":1}
INST 8e6b801a80e6abfd 2016-03-31T23:16:03.900Z {"type":"pagehide","target_tagname":"wizardpage","target_id":"proxyYES"}
INST 8e6b801a80e6abfd 2016-03-31T23:16:03.900Z {"type":"pagerewound","target_tagname":"wizardpage","target_id":"proxyYES"}
INST 8e6b801a80e6abfd 2016-03-31T23:16:03.900Z {"type":"wizardback","target_tagname":"wizard","target_id":"TorNetworkSettings"}
INST 8e6b801a80e6abfd 2016-03-31T23:16:03.900Z {"type":"pageshow","target_tagname":"wizardpage","target_id":"proxy"}
INST 8e6b801a80e6abfd 2016-03-31T23:16:03.900Z {"type":"command","target_tagname":"wizard","target_id":"TorNetworkSettings"}
INST 8e6b801a80e6abfd 2016-03-31T23:16:05.000Z {"type":"click","target_tagname":"radio","target_id":"proxyRadioNo","detail":1}
INST 8e6b801a80e6abfd 2016-03-31T23:16:05.000Z {"type":"command","target_tagname":"radio","target_id":"proxyRadioNo"}
INST 8e6b801a80e6abfd 2016-03-31T23:16:05.700Z {"type":"click","target_tagname":"wizard","target_id":"TorNetworkSettings","detail":1}
INST 8e6b801a80e6abfd 2016-03-31T23:16:05.700Z {"type":"pagehide","target_tagname":"wizardpage","target_id":"proxy"}
INST 8e6b801a80e6abfd 2016-03-31T23:16:05.700Z {"type":"pageadvanced","target_tagname":"wizardpage","target_id":"proxy"}
INST 8e6b801a80e6abfd 2016-03-31T23:16:05.700Z {"type":"wizardfinish","target_tagname":"wizard","target_id":"TorNetworkSettings"}
INST 8e6b801a80e6abfd 2016-03-31T23:16:05.800Z {"type":"load","target_id":"progress_bar"}
INST 8e6b801a80e6abfd 2016-03-31T23:17:08.100Z {"type":"dialogcancel","target_tagname":"dialog","target_id":"TorProgress"}
INST 8e6b801a80e6abfd 2016-03-31T23:17:08.100Z {"type":"command","target_tagname":"wizard","target_id":"TorNetworkSettings"}
INST 8e6b801a80e6abfd 2016-03-31T23:17:09.100Z {"type":"wizardcancel","target_tagname":"wizard","target_id":"TorNetworkSettings"}
INST 8e6b801a80e6abfd 2016-03-31T23:17:09.100Z {"type":"unload","target_id":"configuration"}
INST bff5d1df20ca5121 2016-03-31T23:17:17.200Z {"type":"start"}
INST bff5d1df20ca5121 2016-03-31T23:17:18.100Z {"type":"select","target_tagname":"menulist","target_id":"proxyType","value":""}
INST bff5d1df20ca5121 2016-03-31T23:17:18.100Z {"type":"wizardnext","target_tagname":"wizard","target_id":"TorNetworkSettings"}
INST bff5d1df20ca5121 2016-03-31T23:17:18.100Z {"type":"pageshow","target_tagname":"wizardpage","target_id":"first"}
INST bff5d1df20ca5121 2016-03-31T23:17:18.200Z {"type":"load","target_id":"configuration"}
INST bff5d1df20ca5121 2016-03-31T23:17:18.200Z {"type":"select","target_tagname":"menulist","target_id":"defaultBridgeType","value":"obfs3"}
INST bff5d1df20ca5121 2016-03-31T23:17:22.300Z {"type":"click","target_tagname":"button","target_id":"connect_button","detail":1}
INST bff5d1df20ca5121 2016-03-31T23:17:22.400Z {"type":"load","target_id":"progress_bar"}
INST bff5d1df20ca5121 2016-03-31T23:17:25.900Z {"type":"dialogcancel","target_tagname":"dialog","target_id":"TorProgress"}
INST bff5d1df20ca5121 2016-03-31T23:17:25.900Z {"type":"command","target_tagname":"button","target_id":"connect_button"}
INST bff5d1df20ca5121 2016-03-31T23:17:27.000Z {"type":"click","target_tagname":"button","target_id":"configure_button","detail":1}
INST bff5d1df20ca5121 2016-03-31T23:17:27.000Z {"type":"pagehide","target_tagname":"wizardpage","target_id":"first"}
INST bff5d1df20ca5121 2016-03-31T23:17:27.000Z {"type":"pageadvanced","target_tagname":"wizardpage","target_id":"first"}
INST bff5d1df20ca5121 2016-03-31T23:17:27.000Z {"type":"wizardnext","target_tagname":"wizard","target_id":"TorNetworkSettings"}
INST bff5d1df20ca5121 2016-03-31T23:17:27.000Z {"type":"pageshow","target_tagname":"wizardpage","target_id":"bridges"}
INST bff5d1df20ca5121 2016-03-31T23:17:27.000Z {"type":"command","target_tagname":"button","target_id":"configure_button"}
INST bff5d1df20ca5121 2016-03-31T23:17:28.300Z {"type":"click","target_tagname":"radio","target_id":"bridgesRadioNo","detail":1}
INST bff5d1df20ca5121 2016-03-31T23:17:28.300Z {"type":"command","target_tagname":"radio","target_id":"bridgesRadioNo"}
INST bff5d1df20ca5121 2016-03-31T23:17:29.400Z {"type":"click","target_tagname":"wizard","target_id":"TorNetworkSettings","detail":1}
INST bff5d1df20ca5121 2016-03-31T23:17:29.400Z {"type":"pagehide","target_tagname":"wizardpage","target_id":"bridges"}
INST bff5d1df20ca5121 2016-03-31T23:17:29.400Z {"type":"pageadvanced","target_tagname":"wizardpage","target_id":"bridges"}
INST bff5d1df20ca5121 2016-03-31T23:17:29.400Z {"type":"wizardnext","target_tagname":"wizard","target_id":"TorNetworkSettings"}
INST bff5d1df20ca5121 2016-03-31T23:17:29.400Z {"type":"pageshow","target_tagname":"wizardpage","target_id":"proxy"}
INST bff5d1df20ca5121 2016-03-31T23:17:29.400Z {"type":"command","target_tagname":"wizard","target_id":"TorNetworkSettings"}
INST bff5d1df20ca5121 2016-03-31T23:17:32.900Z {"type":"click","target_tagname":"wizard","target_id":"TorNetworkSettings","detail":1}
INST bff5d1df20ca5121 2016-03-31T23:17:32.900Z {"type":"pagehide","target_tagname":"wizardpage","target_id":"proxy"}
INST bff5d1df20ca5121 2016-03-31T23:17:32.900Z {"type":"pageadvanced","target_tagname":"wizardpage","target_id":"proxy"}
INST bff5d1df20ca5121 2016-03-31T23:17:32.900Z {"type":"wizardfinish","target_tagname":"wizard","target_id":"TorNetworkSettings"}
INST bff5d1df20ca5121 2016-03-31T23:17:33.000Z {"type":"load","target_id":"progress_bar"}
INST bff5d1df20ca5121 2016-03-31T23:17:33.000Z {"type":"progresschanged","target_tagname":"progressmeter","target_id":"progressMeter","value":"5"}
INST bff5d1df20ca5121 2016-03-31T23:17:33.000Z {"type":"progresschanged","target_tagname":"progressmeter","target_id":"progressMeter","value":"5"}
INST bff5d1df20ca5121 2016-03-31T23:17:33.000Z {"type":"progresschanged","target_tagname":"progressmeter","target_id":"progressMeter","value":"5"}
INST bff5d1df20ca5121 2016-03-31T23:18:34.000Z {"type":"progresschanged","target_tagname":"progressmeter","target_id":"progressMeter","value":"5"}
INST bff5d1df20ca5121 2016-03-31T23:22:07.400Z {"type":"dialogcancel","target_tagname":"dialog","target_id":"TorProgress"}
INST bff5d1df20ca5121 2016-03-31T23:22:07.400Z {"type":"command","target_tagname":"wizard","target_id":"TorNetworkSettings"}
INST bff5d1df20ca5121 2016-03-31T23:22:09.000Z {"type":"click","target_tagname":"radio","target_id":"proxyRadioYes","detail":1}
INST bff5d1df20ca5121 2016-03-31T23:22:09.000Z {"type":"command","target_tagname":"radio","target_id":"proxyRadioYes"}
INST bff5d1df20ca5121 2016-03-31T23:22:10.300Z {"type":"click","target_tagname":"wizard","target_id":"TorNetworkSettings","detail":1}
INST bff5d1df20ca5121 2016-03-31T23:22:10.300Z {"type":"pagehide","target_tagname":"wizardpage","target_id":"proxy"}
INST bff5d1df20ca5121 2016-03-31T23:22:10.300Z {"type":"pageadvanced","target_tagname":"wizardpage","target_id":"proxy"}
INST bff5d1df20ca5121 2016-03-31T23:22:10.300Z {"type":"wizardnext","target_tagname":"wizard","target_id":"TorNetworkSettings"}
INST bff5d1df20ca5121 2016-03-31T23:22:10.300Z {"type":"pageshow","target_tagname":"wizardpage","target_id":"proxyYES"}
INST bff5d1df20ca5121 2016-03-31T23:22:10.300Z {"type":"command","target_tagname":"wizard","target_id":"TorNetworkSettings"}
INST bff5d1df20ca5121 2016-03-31T23:22:12.000Z {"type":"click","target_tagname":"wizard","target_id":"TorNetworkSettings","detail":1}
INST bff5d1df20ca5121 2016-03-31T23:22:12.000Z {"type":"pagehide","target_tagname":"wizardpage","target_id":"proxyYES"}
INST bff5d1df20ca5121 2016-03-31T23:22:12.000Z {"type":"pageadvanced","target_tagname":"wizardpage","target_id":"proxyYES"}
INST bff5d1df20ca5121 2016-03-31T23:22:12.000Z {"type":"alert_show","target_id":"failed_to_save_settings","value":"Unable to save Tor settings.\n\nYou must specify both an IP address or hostname and a port number to configure Tor to use a proxy to access the Internet."}
INST bff5d1df20ca5121 2016-03-31T23:22:13.200Z {"type":"alert_exit","target_id":"failed_to_save_settings","value":"Unable to save Tor settings.\n\nYou must specify both an IP address or hostname and a port number to configure Tor to use a proxy to access the Internet."}
INST bff5d1df20ca5121 2016-03-31T23:22:13.200Z {"type":"command","target_tagname":"wizard","target_id":"TorNetworkSettings"}
INST bff5d1df20ca5121 2016-03-31T23:22:13.900Z {"type":"click","target_tagname":"wizard","target_id":"TorNetworkSettings","detail":1}
INST bff5d1df20ca5121 2016-03-31T23:22:13.900Z {"type":"pagehide","target_tagname":"wizardpage","target_id":"proxyYES"}
INST bff5d1df20ca5121 2016-03-31T23:22:13.900Z {"type":"pagerewound","target_tagname":"wizardpage","target_id":"proxyYES"}
INST bff5d1df20ca5121 2016-03-31T23:22:13.900Z {"type":"wizardback","target_tagname":"wizard","target_id":"TorNetworkSettings"}
INST bff5d1df20ca5121 2016-03-31T23:22:13.900Z {"type":"pageshow","target_tagname":"wizardpage","target_id":"proxy"}
INST bff5d1df20ca5121 2016-03-31T23:22:13.900Z {"type":"command","target_tagname":"wizard","target_id":"TorNetworkSettings"}
INST bff5d1df20ca5121 2016-03-31T23:22:16.300Z {"type":"click","target_tagname":"wizard","target_id":"TorNetworkSettings","detail":1}
INST bff5d1df20ca5121 2016-03-31T23:22:16.300Z {"type":"pagehide","target_tagname":"wizardpage","target_id":"proxy"}
INST bff5d1df20ca5121 2016-03-31T23:22:16.300Z {"type":"pagerewound","target_tagname":"wizardpage","target_id":"proxy"}
INST bff5d1df20ca5121 2016-03-31T23:22:16.300Z {"type":"wizardback","target_tagname":"wizard","target_id":"TorNetworkSettings"}
INST bff5d1df20ca5121 2016-03-31T23:22:16.300Z {"type":"pageshow","target_tagname":"wizardpage","target_id":"bridges"}
INST bff5d1df20ca5121 2016-03-31T23:22:16.300Z {"type":"command","target_tagname":"wizard","target_id":"TorNetworkSettings"}
INST bff5d1df20ca5121 2016-03-31T23:22:18.300Z {"type":"click","target_tagname":"wizard","target_id":"TorNetworkSettings","detail":1}
INST bff5d1df20ca5121 2016-03-31T23:22:18.300Z {"type":"pagehide","target_tagname":"wizardpage","target_id":"bridges"}
INST bff5d1df20ca5121 2016-03-31T23:22:18.300Z {"type":"pagerewound","target_tagname":"wizardpage","target_id":"bridges"}
INST bff5d1df20ca5121 2016-03-31T23:22:18.300Z {"type":"wizardback","target_tagname":"wizard","target_id":"TorNetworkSettings"}
INST bff5d1df20ca5121 2016-03-31T23:22:18.300Z {"type":"pageshow","target_tagname":"wizardpage","target_id":"first"}
INST bff5d1df20ca5121 2016-03-31T23:22:18.300Z {"type":"command","target_tagname":"wizard","target_id":"TorNetworkSettings"}
INST bff5d1df20ca5121 2016-03-31T23:22:19.500Z {"type":"click","target_tagname":"button","target_id":"connect_button","detail":1}
INST bff5d1df20ca5121 2016-03-31T23:22:19.600Z {"type":"load","target_id":"progress_bar"}
INST bff5d1df20ca5121 2016-03-31T23:22:30.000Z {"type":"dialogcancel","target_tagname":"dialog","target_id":"TorProgress"}
INST bff5d1df20ca5121 2016-03-31T23:22:30.100Z {"type":"command","target_tagname":"button","target_id":"connect_button"}
INST bff5d1df20ca5121 2016-03-31T23:22:33.100Z {"type":"click","target_tagname":"wizard","target_id":"TorNetworkSettings","detail":1}
INST bff5d1df20ca5121 2016-03-31T23:22:33.100Z {"type":"extra2","target_tagname":"wizardpage","target_id":"first"}
INST bff5d1df20ca5121 2016-03-31T23:22:33.200Z {"type":"command","target_tagname":"wizard","target_id":"TorNetworkSettings"}
INST bff5d1df20ca5121 2016-03-31T23:22:33.500Z {"type":"popupshown","target_tagname":"panel","target_id":"copyLogFeedbackPanel"}
INST bff5d1df20ca5121 2016-03-31T23:22:34.400Z {"type":"click","target_tagname":"button","target_id":"configure_button","detail":1}
INST bff5d1df20ca5121 2016-03-31T23:22:34.400Z {"type":"pagehide","target_tagname":"wizardpage","target_id":"first"}
INST bff5d1df20ca5121 2016-03-31T23:22:34.400Z {"type":"pageadvanced","target_tagname":"wizardpage","target_id":"first"}
INST bff5d1df20ca5121 2016-03-31T23:22:34.400Z {"type":"wizardnext","target_tagname":"wizard","target_id":"TorNetworkSettings"}
INST bff5d1df20ca5121 2016-03-31T23:22:34.400Z {"type":"pageshow","target_tagname":"wizardpage","target_id":"bridges"}
INST bff5d1df20ca5121 2016-03-31T23:22:34.400Z {"type":"command","target_tagname":"button","target_id":"configure_button"}
INST bff5d1df20ca5121 2016-03-31T23:22:34.500Z {"type":"popuphidden","target_tagname":"panel","target_id":"copyLogFeedbackPanel"}
INST bff5d1df20ca5121 2016-03-31T23:22:37.000Z {"type":"click","target_tagname":"wizard","target_id":"TorNetworkSettings","detail":1}
INST bff5d1df20ca5121 2016-03-31T23:22:37.000Z {"type":"pagehide","target_tagname":"wizardpage","target_id":"bridges"}
INST bff5d1df20ca5121 2016-03-31T23:22:37.000Z {"type":"pageadvanced","target_tagname":"wizardpage","target_id":"bridges"}
INST bff5d1df20ca5121 2016-03-31T23:22:37.000Z {"type":"wizardnext","target_tagname":"wizard","target_id":"TorNetworkSettings"}
INST bff5d1df20ca5121 2016-03-31T23:22:37.000Z {"type":"pageshow","target_tagname":"wizardpage","target_id":"proxy"}
INST bff5d1df20ca5121 2016-03-31T23:22:37.000Z {"type":"command","target_tagname":"wizard","target_id":"TorNetworkSettings"}
INST bff5d1df20ca5121 2016-03-31T23:22:40.700Z {"type":"click","target_tagname":"radio","target_id":"proxyRadioNo","detail":1}
INST bff5d1df20ca5121 2016-03-31T23:22:40.700Z {"type":"command","target_tagname":"radio","target_id":"proxyRadioNo"}
INST bff5d1df20ca5121 2016-03-31T23:22:41.600Z {"type":"click","target_tagname":"wizard","target_id":"TorNetworkSettings","detail":1}
INST bff5d1df20ca5121 2016-03-31T23:22:41.600Z {"type":"pagehide","target_tagname":"wizardpage","target_id":"proxy"}
INST bff5d1df20ca5121 2016-03-31T23:22:41.600Z {"type":"pageadvanced","target_tagname":"wizardpage","target_id":"proxy"}
INST bff5d1df20ca5121 2016-03-31T23:22:41.600Z {"type":"wizardfinish","target_tagname":"wizard","target_id":"TorNetworkSettings"}
INST bff5d1df20ca5121 2016-03-31T23:22:41.700Z {"type":"load","target_id":"progress_bar"}
INST bff5d1df20ca5121 2016-03-31T23:23:43.000Z {"type":"progresschanged","target_tagname":"progressmeter","target_id":"progressMeter","value":"5"}
INST bff5d1df20ca5121 2016-03-31T23:33:53.000Z {"type":"progresschanged","target_tagname":"progressmeter","target_id":"progressMeter","value":"5"}
INST bff5d1df20ca5121 2016-03-31T23:49:07.300Z {"type":"click","target_tagname":"dialog","target_id":"TorProgress","detail":1}
INST bff5d1df20ca5121 2016-03-31T23:49:07.300Z {"type":"dialogcancel","target_tagname":"dialog","target_id":"TorProgress"}
INST bff5d1df20ca5121 2016-03-31T23:49:07.300Z {"type":"command","target_tagname":"dialog","target_id":"TorProgress"}
INST bff5d1df20ca5121 2016-03-31T23:49:07.300Z {"type":"command","target_tagname":"wizard","target_id":"TorNetworkSettings"}
INST bff5d1df20ca5121 2016-03-31T23:49:08.100Z {"type":"click","target_tagname":"wizard","target_id":"TorNetworkSettings","detail":1}
INST bff5d1df20ca5121 2016-03-31T23:49:08.100Z {"type":"wizardcancel","target_tagname":"wizard","target_id":"TorNetworkSettings"}
INST bff5d1df20ca5121 2016-03-31T23:49:08.100Z {"type":"command","target_tagname":"wizard","target_id":"TorNetworkSettings"}
INST bff5d1df20ca5121 2016-03-31T23:49:08.100Z {"type":"unload","target_id":"configuration"}
