INST 2016-02-05T02:51:02.600Z {"type":"start"}
INST 2016-02-05T02:51:02.900Z {"type":"select","target_tagname":"menulist","target_id":"proxyType","value":""}
INST 2016-02-05T02:51:02.900Z {"type":"wizardnext","target_tagname":"wizard","target_id":"TorNetworkSettings"}
INST 2016-02-05T02:51:02.900Z {"type":"pageshow","target_tagname":"wizardpage","target_id":"first"}
INST 2016-02-05T02:51:03.000Z {"type":"load","target_id":"configuration"}
INST 2016-02-05T02:51:03.000Z {"type":"select","target_tagname":"menulist","target_id":"defaultBridgeType","value":"obfs3"}
INST 2016-02-05T02:51:08.800Z {"type":"click","target_tagname":"button","target_id":"configure_button","detail":1}
INST 2016-02-05T02:51:08.800Z {"type":"pagehide","target_tagname":"wizardpage","target_id":"first"}
INST 2016-02-05T02:51:08.800Z {"type":"pageadvanced","target_tagname":"wizardpage","target_id":"first"}
INST 2016-02-05T02:51:08.800Z {"type":"wizardnext","target_tagname":"wizard","target_id":"TorNetworkSettings"}
INST 2016-02-05T02:51:08.800Z {"type":"pageshow","target_tagname":"wizardpage","target_id":"bridges"}
INST 2016-02-05T02:51:08.800Z {"type":"command","target_tagname":"button","target_id":"configure_button"}
INST 2016-02-05T02:51:11.500Z {"type":"click","target_tagname":"radio","target_id":"bridgesRadioNo","detail":1}
INST 2016-02-05T02:51:11.500Z {"type":"command","target_tagname":"radio","target_id":"bridgesRadioNo"}
INST 2016-02-05T02:51:12.100Z {"type":"click","target_tagname":"radio","target_id":"bridgesRadioYes","detail":1}
INST 2016-02-05T02:51:12.100Z {"type":"command","target_tagname":"radio","target_id":"bridgesRadioYes"}
INST 2016-02-05T02:51:13.800Z {"type":"click","target_tagname":"wizard","target_id":"TorNetworkSettings","detail":1}
INST 2016-02-05T02:51:13.800Z {"type":"pagehide","target_tagname":"wizardpage","target_id":"bridges"}
INST 2016-02-05T02:51:13.800Z {"type":"pageadvanced","target_tagname":"wizardpage","target_id":"bridges"}
INST 2016-02-05T02:51:13.800Z {"type":"wizardnext","target_tagname":"wizard","target_id":"TorNetworkSettings"}
INST 2016-02-05T02:51:13.800Z {"type":"pageshow","target_tagname":"wizardpage","target_id":"bridgeSettings"}
INST 2016-02-05T02:51:13.800Z {"type":"command","target_tagname":"wizard","target_id":"TorNetworkSettings"}
INST 2016-02-05T02:51:14.600Z {"type":"popupshown","target_tagname":"menupopup","target_id":"defaultBridgeType_menuPopup"}
INST 2016-02-05T02:51:14.700Z {"type":"click","target_tagname":"menulist","target_id":"defaultBridgeType","value":"obfs3","detail":1}
INST 2016-02-05T02:51:15.400Z {"type":"mouseover","target_tagname":"menuitem","target_id":"","value":"flashproxy"}
INST 2016-02-05T02:51:15.400Z {"type":"mouseout","target_tagname":"menuitem","target_id":"","value":"flashproxy"}
INST 2016-02-05T02:51:15.400Z {"type":"mouseover","target_tagname":"menuitem","target_id":"","value":"fte"}
INST 2016-02-05T02:51:15.500Z {"type":"mouseout","target_tagname":"menuitem","target_id":"","value":"fte"}
INST 2016-02-05T02:51:15.500Z {"type":"mouseover","target_tagname":"menuitem","target_id":"","value":"fte-ipv6"}
INST 2016-02-05T02:51:15.500Z {"type":"mouseout","target_tagname":"menuitem","target_id":"","value":"fte-ipv6"}
INST 2016-02-05T02:51:15.500Z {"type":"mouseover","target_tagname":"menuitem","target_id":"","value":"meek-amazon"}
INST 2016-02-05T02:51:15.500Z {"type":"mouseout","target_tagname":"menuitem","target_id":"","value":"meek-amazon"}
INST 2016-02-05T02:51:15.500Z {"type":"mouseover","target_tagname":"menuitem","target_id":"","value":"meek-azure"}
INST 2016-02-05T02:51:15.500Z {"type":"mouseout","target_tagname":"menuitem","target_id":"","value":"meek-azure"}
INST 2016-02-05T02:51:15.500Z {"type":"mouseover","target_tagname":"menuitem","target_id":"","value":"meek-google"}
INST 2016-02-05T02:51:15.500Z {"type":"mouseout","target_tagname":"menuitem","target_id":"","value":"meek-google"}
INST 2016-02-05T02:51:15.500Z {"type":"mouseover","target_tagname":"menuitem","target_id":"","value":"obfs3"}
INST 2016-02-05T02:51:15.800Z {"type":"mouseout","target_tagname":"menuitem","target_id":"","value":"obfs3"}
INST 2016-02-05T02:51:15.800Z {"type":"mouseover","target_tagname":"menuitem","target_id":"","value":"obfs4"}
INST 2016-02-05T02:51:16.800Z {"type":"click","target_tagname":"menuitem","target_id":"","value":"obfs4","detail":1}
INST 2016-02-05T02:51:16.800Z {"type":"select","target_tagname":"menulist","target_id":"defaultBridgeType","value":"obfs4"}
INST 2016-02-05T02:51:16.800Z {"type":"command","target_tagname":"menuitem","target_id":"","value":"obfs4"}
INST 2016-02-05T02:51:16.800Z {"type":"popuphidden","target_tagname":"menupopup","target_id":"defaultBridgeType_menuPopup"}
INST 2016-02-05T02:51:16.800Z {"type":"mouseout","target_tagname":"menuitem","target_id":"","value":"obfs4"}
INST 2016-02-05T02:51:17.900Z {"type":"click","target_tagname":"wizard","target_id":"TorNetworkSettings","detail":1}
INST 2016-02-05T02:51:17.900Z {"type":"pagehide","target_tagname":"wizardpage","target_id":"bridgeSettings"}
INST 2016-02-05T02:51:17.900Z {"type":"pageadvanced","target_tagname":"wizardpage","target_id":"bridgeSettings"}
INST 2016-02-05T02:51:17.900Z {"type":"wizardnext","target_tagname":"wizard","target_id":"TorNetworkSettings"}
INST 2016-02-05T02:51:17.900Z {"type":"pageshow","target_tagname":"wizardpage","target_id":"proxy"}
INST 2016-02-05T02:51:17.900Z {"type":"command","target_tagname":"wizard","target_id":"TorNetworkSettings"}
INST 2016-02-05T02:51:21.700Z {"type":"click","target_tagname":"wizard","target_id":"TorNetworkSettings","detail":1}
INST 2016-02-05T02:51:21.700Z {"type":"pagehide","target_tagname":"wizardpage","target_id":"proxy"}
INST 2016-02-05T02:51:21.700Z {"type":"pageadvanced","target_tagname":"wizardpage","target_id":"proxy"}
INST 2016-02-05T02:51:21.700Z {"type":"wizardfinish","target_tagname":"wizard","target_id":"TorNetworkSettings"}
INST 2016-02-05T02:51:21.800Z {"type":"load","target_id":"progress_bar"}
INST 2016-02-05T02:51:22.900Z {"type":"progresschanged","target_tagname":"progressmeter","target_id":"progressMeter","value":"5"}
INST 2016-02-05T02:51:22.900Z {"type":"progresschanged","target_tagname":"progressmeter","target_id":"progressMeter","value":"10"}
INST 2016-02-05T02:51:23.400Z {"type":"progresschanged","target_tagname":"progressmeter","target_id":"progressMeter","value":"10"}
INST 2016-02-05T02:51:23.600Z {"type":"progresschanged","target_tagname":"progressmeter","target_id":"progressMeter","value":"15"}
INST 2016-02-05T02:51:23.700Z {"type":"progresschanged","target_tagname":"progressmeter","target_id":"progressMeter","value":"20"}
INST 2016-02-05T02:51:23.900Z {"type":"progresschanged","target_tagname":"progressmeter","target_id":"progressMeter","value":"25"}
INST 2016-02-05T02:51:25.300Z {"type":"progresschanged","target_tagname":"progressmeter","target_id":"progressMeter","value":"80"}
INST 2016-02-05T02:51:25.900Z {"type":"progresschanged","target_tagname":"progressmeter","target_id":"progressMeter","value":"90"}
INST 2016-02-05T02:51:27.000Z {"type":"progresschanged","target_tagname":"progressmeter","target_id":"progressMeter","value":"100"}
INST 2016-02-05T02:51:27.200Z {"type":"unload","target_id":"progress_bar"}
INST 2016-02-05T02:51:27.200Z {"type":"command","target_tagname":"wizard","target_id":"TorNetworkSettings"}
INST 2016-02-05T02:51:27.200Z {"type":"unload","target_id":"configuration"}
